1658259303.963609 -- INFO: Changing concurrency to 32 ******
1658259303.965476 -- INFO: Process Status Bits from change concurrency are: 1 1 1 1 1 1 1 1 1 1 1 1 1 1 1 1 1 1 1 1 1 1 1 1 1 1 1 1 1 1 1 1
1658259303.966061 -- INFO: Active CC: 32
1658259303.974511 -- INFO: Start Process :: 2
1658259303.974574 -- INFO: Start Process :: 11
1658259303.977491 -- INFO: Process 2 get item 0 from queue and executing
1658259303.977714 -- INFO: starting 2, 0, /home/hjamil/Documents/files_bash/FILE19
1658259303.979202 -- INFO: Process 11 get item 1 from queue and executing
1658259303.979471 -- INFO: starting 11, 1, /home/hjamil/Documents/files_bash/FILE10
1658259303.979734 -- INFO: Start Process :: 7
1658259303.981137 -- INFO: Process 7 get item 2 from queue and executing
1658259303.981346 -- INFO: starting 7, 2, /home/hjamil/Documents/files_bash/FILE31
1658259303.979460 -- INFO: Start Process :: 12
1658259303.982083 -- INFO: Start Process :: 6
1658259303.982304 -- INFO: Start Process :: 9
1658259303.982864 -- INFO: Start Process :: 1
1658259303.983465 -- INFO: Process 9 get item 3 from queue and executing
1658259303.983669 -- INFO: starting 9, 3, /home/hjamil/Documents/files_bash/FILE18
1658259303.984168 -- INFO: Process 12 get item 4 from queue and executing
1658259303.984398 -- INFO: starting 12, 4, /home/hjamil/Documents/files_bash/FILE6
1658259303.985295 -- INFO: Process 1 get item 5 from queue and executing
1658259303.985521 -- INFO: starting 1, 5, /home/hjamil/Documents/files_bash/FILE14
1658259303.985816 -- INFO: Start Process :: 10
1658259303.986240 -- INFO: Start Process :: 8
1658259303.986771 -- INFO: Process 6 get item 6 from queue and executing
1658259303.987041 -- INFO: starting 6, 6, /home/hjamil/Documents/files_bash/FILE1
1658259303.987118 -- INFO: Start Process :: 5
1658259303.987844 -- INFO: Process 8 get item 7 from queue and executing
1658259303.988081 -- INFO: starting 8, 7, /home/hjamil/Documents/files_bash/FILE30
1658259303.988140 -- INFO: Process 5 get item 8 from queue and executing
1658259303.988351 -- INFO: starting 5, 8, /home/hjamil/Documents/files_bash/FILE3
1658259303.989239 -- INFO: Process 10 get item 9 from queue and executing
1658259303.989467 -- INFO: starting 10, 9, /home/hjamil/Documents/files_bash/FILE20
1658259303.993464 -- INFO: Start Process :: 4
1658259303.993668 -- INFO: Start Process :: 3
1658259303.994496 -- INFO: Start Process :: 15
1658259303.994913 -- INFO: Start Process :: 0
1658259303.995448 -- INFO: Process 4 get item 10 from queue and executing
1658259303.995786 -- INFO: starting 4, 10, /home/hjamil/Documents/files_bash/FILE15
1658259303.996194 -- INFO: Process 15 get item 12 from queue and executing
1658259303.995917 -- INFO: Process 0 get item 11 from queue and executing
1658259303.996428 -- INFO: starting 15, 12, /home/hjamil/Documents/files_bash/FILE26
1658259303.996463 -- INFO: starting 0, 11, /home/hjamil/Documents/files_bash/FILE0
1658259303.994216 -- INFO: Start Process :: 13
1658259303.997270 -- INFO: Process 3 get item 13 from queue and executing
1658259303.997503 -- INFO: starting 3, 13, /home/hjamil/Documents/files_bash/FILE23
1658259303.997637 -- INFO: Process 13 get item 14 from queue and executing
1658259303.997842 -- INFO: starting 13, 14, /home/hjamil/Documents/files_bash/FILE24
1658259304.002370 -- INFO: Start Process :: 14
1658259304.003463 -- INFO: Process 14 get item 15 from queue and executing
1658259304.003755 -- INFO: starting 14, 15, /home/hjamil/Documents/files_bash/FILE13
1658259304.005551 -- INFO: Start Process :: 16
1658259304.006199 -- INFO: Start Process :: 18
1658259304.006321 -- INFO: Start Process :: 17
1658259304.006801 -- INFO: Start Process :: 21
1658259304.007001 -- INFO: Process 18 get item 16 from queue and executing
1658259304.007226 -- INFO: starting 18, 16, /home/hjamil/Documents/files_bash/FILE4
1658259304.007459 -- INFO: Process 17 get item 17 from queue and executing
1658259304.007695 -- INFO: starting 17, 17, /home/hjamil/Documents/files_bash/FILE25
1658259304.007918 -- INFO: Process 21 get item 18 from queue and executing
1658259304.008104 -- INFO: starting 21, 18, /home/hjamil/Documents/files_bash/FILE17
1658259304.008862 -- INFO: Process 16 get item 19 from queue and executing
1658259304.008857 -- INFO: Start Process :: 19
1658259304.009176 -- INFO: starting 16, 19, /home/hjamil/Documents/files_bash/FILE8
1658259304.010344 -- INFO: Process 19 get item 20 from queue and executing
1658259304.010529 -- INFO: starting 19, 20, /home/hjamil/Documents/files_bash/FILE11
1658259304.018204 -- INFO: Start Process :: 20
1658259304.019089 -- INFO: Start Process :: 23
1658259304.019235 -- INFO: Start Process :: 22
1658259304.020275 -- INFO: Start Process :: 25
1658259304.020401 -- INFO: Start Process :: 24
1658259304.021416 -- INFO: Process 20 get item 21 from queue and executing
1658259304.021617 -- INFO: starting 20, 21, /home/hjamil/Documents/files_bash/FILE29
1658259304.022577 -- INFO: Process 22 get item 22 from queue and executing
1658259304.022644 -- INFO: Process 23 get item 23 from queue and executing
1658259304.022764 -- INFO: starting 22, 22, /home/hjamil/Documents/files_bash/FILE28
1658259304.022897 -- INFO: starting 23, 23, /home/hjamil/Documents/files_bash/FILE12
1658259304.023366 -- INFO: Process 25 get item 24 from queue and executing
1658259304.023612 -- INFO: starting 25, 24, /home/hjamil/Documents/files_bash/FILE2
1658259304.023615 -- INFO: Process 24 get item 25 from queue and executing
1658259304.023853 -- INFO: starting 24, 25, /home/hjamil/Documents/files_bash/FILE5
1658259304.035539 -- INFO: Start Process :: 27
1658259304.038993 -- INFO: Start Process :: 26
1658259304.039125 -- INFO: Start Process :: 29
1658259304.039912 -- INFO: Start Process :: 31
1658259304.039996 -- INFO: Start Process :: 30
1658259304.040406 -- INFO: Start Process :: 28
1658259304.042122 -- INFO: Process 27 get item 26 from queue and executing
1658259304.042333 -- INFO: starting 27, 26, /home/hjamil/Documents/files_bash/FILE22
1658259304.044822 -- INFO: Throughput @0.1s:0.0Mbps, rtt :1.27ms cwnd: 32.1 lossRate: 0.0 CC:32 goodput:2489Mbps score:-0.0 
1658259304.046203 -- INFO: Process 26 get item 27 from queue and executing
1658259304.046449 -- INFO: starting 26, 27, /home/hjamil/Documents/files_bash/FILE16
1658259304.046990 -- INFO: Process 29 get item 28 from queue and executing
1658259304.047190 -- INFO: starting 29, 28, /home/hjamil/Documents/files_bash/FILE21
1658259304.048195 -- INFO: Process 31 get item 29 from queue and executing
1658259304.048395 -- INFO: starting 31, 29, /home/hjamil/Documents/files_bash/FILE27
1658259304.048885 -- INFO: Process 30 get item 30 from queue and executing
1658259304.049087 -- INFO: starting 30, 30, /home/hjamil/Documents/files_bash/FILE7
1658259304.049594 -- INFO: Process 28 get item 31 from queue and executing
1658259304.049824 -- INFO: starting 28, 31, /home/hjamil/Documents/files_bash/FILE9
1658259305.026145 -- INFO: Throughput @1.1s:914.36Mbps, rtt :9.47ms cwnd: 146.2 lossRate: 0.0 CC:32 goodput:1793Mbps score:-485.0 
1658259306.027263 -- INFO: Throughput @2.1s:880.8Mbps, rtt :9.76ms cwnd: 137.0 lossRate: 0.0 CC:32 goodput:1352Mbps score:-467.0 
1658259307.028433 -- INFO: Throughput @3.1s:864.03Mbps, rtt :10.47ms cwnd: 133.6 lossRate: 0.0 CC:32 goodput:1319Mbps score:-458.0 
1658259308.029236 -- INFO: Throughput @4.1s:788.53Mbps, rtt :8.72ms cwnd: 144.3 lossRate: 0.0 CC:32 goodput:1818Mbps score:-418.0 
1658259309.030424 -- INFO: Throughput @5.1s:864.03Mbps, rtt :8.49ms cwnd: 149.2 lossRate: 0.0 CC:32 goodput:1641Mbps score:-458.0 
1658259310.030983 -- INFO: Throughput @6.1s:872.42Mbps, rtt :11.46ms cwnd: 162.9 lossRate: 0.0 CC:32 goodput:1380Mbps score:-463.0 
1658259311.032210 -- INFO: Throughput @7.1s:905.97Mbps, rtt :10.65ms cwnd: 162.7 lossRate: 0.0 CC:32 goodput:1455Mbps score:-481.0 
1658259312.032897 -- INFO: Throughput @8.1s:864.03Mbps, rtt :10.75ms cwnd: 173.3 lossRate: 0.0 CC:32 goodput:1364Mbps score:-458.0 
1658259313.034219 -- INFO: Throughput @9.1s:864.03Mbps, rtt :8.77ms cwnd: 158.1 lossRate: 0.0 CC:32 goodput:1706Mbps score:-458.0 
1658259314.034855 -- INFO: Throughput @10.1s:838.86Mbps, rtt :9.63ms cwnd: 158.8 lossRate: 0.0 CC:32 goodput:1484Mbps score:-445.0 
1658259315.036052 -- INFO: Throughput @11.1s:905.97Mbps, rtt :8.85ms cwnd: 150.1 lossRate: 0.0 CC:32 goodput:1360Mbps score:-481.0 
1658259316.037317 -- INFO: Throughput @12.1s:855.64Mbps, rtt :9.81ms cwnd: 157.8 lossRate: 0.0 CC:32 goodput:1461Mbps score:-454.0 
1658259317.038652 -- INFO: Throughput @13.1s:864.03Mbps, rtt :11.42ms cwnd: 149.6 lossRate: 0.0 CC:32 goodput:1003Mbps score:-458.0 
1658259318.038981 -- INFO: Throughput @14.1s:855.64Mbps, rtt :11.8ms cwnd: 172.0 lossRate: 0.0 CC:32 goodput:1281Mbps score:-454.0 
1658259319.040162 -- INFO: Throughput @15.1s:872.42Mbps, rtt :9.57ms cwnd: 150.0 lossRate: 0.0 CC:32 goodput:1442Mbps score:-463.0 
1658259320.686996 -- INFO: Throughput @16.1s:914.36Mbps, rtt :9.92ms cwnd: 144.1 lossRate: 0.0 CC:32 goodput:1293Mbps score:-485.0 
1658259321.042042 -- INFO: Throughput @17.1s:914.36Mbps, rtt :11.64ms cwnd: 145.2 lossRate: 0.0 CC:32 goodput:1103Mbps score:-485.0 
1658259322.043375 -- INFO: Throughput @18.1s:872.42Mbps, rtt :11.31ms cwnd: 146.7 lossRate: 0.0 CC:32 goodput:1207Mbps score:-463.0 
1658259323.043343 -- INFO: Throughput @19.1s:872.42Mbps, rtt :10.8ms cwnd: 146.7 lossRate: 0.0 CC:32 goodput:1237Mbps score:-463.0 
1658259324.043029 -- INFO: Throughput @20.1s:830.47Mbps, rtt :10.58ms cwnd: 149.2 lossRate: 0.0 CC:32 goodput:1186Mbps score:-441.0 
1658259325.044115 -- INFO: Throughput @21.1s:805.31Mbps, rtt :9.01ms cwnd: 146.1 lossRate: 0.0 CC:32 goodput:1483Mbps score:-427.0 
1658259326.045098 -- INFO: Throughput @22.1s:914.36Mbps, rtt :10.53ms cwnd: 142.2 lossRate: 0.0 CC:32 goodput:1324Mbps score:-485.0 
1658259327.046204 -- INFO: Throughput @23.1s:872.42Mbps, rtt :10.89ms cwnd: 146.2 lossRate: 0.0 CC:32 goodput:1163Mbps score:-463.0 
1658259327.835851 -- INFO: Changing concurrency to 32 ******
1658259327.836159 -- INFO: Process Status Bits from change concurrency are: 1 1 1 1 1 1 1 1 1 1 1 1 1 1 1 1 1 1 1 1 1 1 1 1 1 1 1 1 1 1 1 1
1658259327.836465 -- INFO: Active CC: 32
1658259328.047378 -- INFO: Throughput @24.1s:855.64Mbps, rtt :11.23ms cwnd: 146.1 lossRate: 0.0 CC:32 goodput:1251Mbps score:-454.0 
1658259329.048237 -- INFO: Throughput @25.1s:788.53Mbps, rtt :8.97ms cwnd: 146.9 lossRate: 0.0 CC:32 goodput:1556Mbps score:-418.0 
1658259330.049734 -- INFO: Throughput @26.1s:872.42Mbps, rtt :8.21ms cwnd: 145.4 lossRate: 0.0 CC:32 goodput:1577Mbps score:-463.0 
1658259331.050364 -- INFO: Throughput @27.1s:889.19Mbps, rtt :8.06ms cwnd: 144.3 lossRate: 0.0 CC:32 goodput:1472Mbps score:-472.0 
1658259332.051841 -- INFO: Throughput @28.1s:931.14Mbps, rtt :10.41ms cwnd: 152.1 lossRate: 0.0 CC:32 goodput:1248Mbps score:-494.0 
1658259333.053191 -- INFO: Throughput @29.1s:855.64Mbps, rtt :10.41ms cwnd: 154.8 lossRate: 0.0 CC:32 goodput:1331Mbps score:-454.0 
1658259334.071944 -- INFO: Throughput @30.1s:905.97Mbps, rtt :10.77ms cwnd: 155.4 lossRate: 0.0 CC:32 goodput:1180Mbps score:-481.0 
1658259335.055114 -- INFO: Throughput @31.1s:864.03Mbps, rtt :13.37ms cwnd: 156.7 lossRate: 0.0 CC:32 goodput:947Mbps score:-458.0 
1658259336.056376 -- INFO: Throughput @32.1s:855.64Mbps, rtt :16.31ms cwnd: 163.9 lossRate: 0.0 CC:32 goodput:905Mbps score:-454.0 
1658259341.357923 -- INFO: Throughput @33.1s:754.97Mbps, rtt :14.11ms cwnd: 170.1 lossRate: 0.0 CC:32 goodput:1235Mbps score:-401.0 
1658259341.365124 -- INFO: Throughput @37.4s:856.42Mbps, rtt :10.17ms cwnd: 156.7 lossRate: 3.123809047800526e-06 CC:32 goodput:1267Mbps score:-454.0 
1658259342.366242 -- INFO: Throughput @38.4s:847.25Mbps, rtt :13.82ms cwnd: 190.4 lossRate: 0.0 CC:32 goodput:1305Mbps score:-450.0 
1658259343.367649 -- INFO: Throughput @39.4s:880.8Mbps, rtt :16.92ms cwnd: 200.8 lossRate: 0.0 CC:32 goodput:1282Mbps score:-467.0 
1658259344.368513 -- INFO: Throughput @40.4s:914.36Mbps, rtt :18.63ms cwnd: 196.3 lossRate: 0.0 CC:32 goodput:1220Mbps score:-485.0 
1658259345.369615 -- INFO: Throughput @41.4s:838.86Mbps, rtt :10.74ms cwnd: 181.4 lossRate: 0.0 CC:32 goodput:1462Mbps score:-445.0 
1658259346.370668 -- INFO: Throughput @42.4s:813.69Mbps, rtt :8.9ms cwnd: 153.2 lossRate: 0.0 CC:32 goodput:1671Mbps score:-432.0 
1658259347.370606 -- INFO: Throughput @43.4s:847.25Mbps, rtt :7.9ms cwnd: 152.0 lossRate: 0.0 CC:32 goodput:1648Mbps score:-450.0 
1658259348.371580 -- INFO: Throughput @44.4s:889.19Mbps, rtt :13.55ms cwnd: 191.6 lossRate: 1.326840659705176e-05 CC:32 goodput:1304Mbps score:-472.0 
1658259349.372699 -- INFO: Throughput @45.4s:872.42Mbps, rtt :12.89ms cwnd: 210.2 lossRate: 0.0 CC:32 goodput:1372Mbps score:-463.0 
1658259350.374129 -- INFO: Throughput @46.4s:897.58Mbps, rtt :14.12ms cwnd: 251.9 lossRate: 6.769930675909878e-05 CC:32 goodput:1493Mbps score:-476.0 
1658259351.374776 -- INFO: Throughput @47.4s:830.47Mbps, rtt :16.28ms cwnd: 255.9 lossRate: 5.4810287891037146e-05 CC:32 goodput:1509Mbps score:-440.0 
1658259351.770005 -- INFO: Changing concurrency to 32 ******
1658259351.770288 -- INFO: Process Status Bits from change concurrency are: 1 1 1 1 1 1 1 1 1 1 1 1 1 1 1 1 1 1 1 1 1 1 1 1 1 1 1 1 1 1 1 1
1658259351.770519 -- INFO: Active CC: 32
1658259352.376428 -- INFO: Throughput @48.4s:981.47Mbps, rtt :15.02ms cwnd: 234.8 lossRate: 1.3321077941627036e-05 CC:32 goodput:1302Mbps score:-521.0 
1658259353.377130 -- INFO: Throughput @49.4s:939.52Mbps, rtt :15.47ms cwnd: 224.5 lossRate: 0.0 CC:32 goodput:1002Mbps score:-499.0 
1658259354.377634 -- INFO: Throughput @50.4s:838.86Mbps, rtt :13.52ms cwnd: 237.4 lossRate: 0.0 CC:32 goodput:1407Mbps score:-445.0 
1658259355.378724 -- INFO: Throughput @51.4s:830.47Mbps, rtt :13.14ms cwnd: 217.0 lossRate: 0.0 CC:32 goodput:1298Mbps score:-441.0 
1658259356.379087 -- INFO: Throughput @52.4s:704.64Mbps, rtt :8.68ms cwnd: 210.5 lossRate: 0.0 CC:32 goodput:1934Mbps score:-374.0 
1658259357.380209 -- INFO: Throughput @53.4s:897.58Mbps, rtt :8.73ms cwnd: 178.6 lossRate: 0.0 CC:32 goodput:1563Mbps score:-476.0 
1658259358.381020 -- INFO: Throughput @54.4s:872.42Mbps, rtt :8.48ms cwnd: 182.3 lossRate: 0.0 CC:32 goodput:1687Mbps score:-463.0 
1658259359.382113 -- INFO: Throughput @55.4s:847.25Mbps, rtt :8.67ms cwnd: 193.0 lossRate: 0.0 CC:32 goodput:1890Mbps score:-450.0 
1658259360.383238 -- INFO: Throughput @56.4s:864.03Mbps, rtt :8.81ms cwnd: 190.0 lossRate: 0.0 CC:32 goodput:1543Mbps score:-458.0 
1658259361.384133 -- INFO: Throughput @57.4s:880.8Mbps, rtt :8.38ms cwnd: 182.5 lossRate: 0.0 CC:32 goodput:1830Mbps score:-467.0 
1658259362.385502 -- INFO: Throughput @58.4s:973.08Mbps, rtt :9.29ms cwnd: 165.4 lossRate: 0.0 CC:32 goodput:1547Mbps score:-516.0 
1658259363.386243 -- INFO: Throughput @59.4s:771.75Mbps, rtt :8.78ms cwnd: 173.9 lossRate: 0.0 CC:32 goodput:1480Mbps score:-410.0 
1658259364.387062 -- INFO: Throughput @60.4s:897.58Mbps, rtt :9.02ms cwnd: 196.3 lossRate: 0.0 CC:32 goodput:1734Mbps score:-476.0 
1658259365.388053 -- INFO: Throughput @61.4s:864.03Mbps, rtt :8.65ms cwnd: 191.6 lossRate: 0.0 CC:32 goodput:1641Mbps score:-458.0 
1658259366.389029 -- INFO: Throughput @62.4s:864.03Mbps, rtt :8.7ms cwnd: 180.9 lossRate: 0.0 CC:32 goodput:1640Mbps score:-458.0 
1658259367.390047 -- INFO: Throughput @63.4s:847.25Mbps, rtt :13.47ms cwnd: 229.4 lossRate: 0.0 CC:32 goodput:1423Mbps score:-450.0 
1658259368.390815 -- INFO: Throughput @64.4s:880.8Mbps, rtt :11.71ms cwnd: 239.7 lossRate: 0.0 CC:32 goodput:1638Mbps score:-467.0 
1658259369.390940 -- INFO: Throughput @65.4s:880.8Mbps, rtt :9.19ms cwnd: 229.3 lossRate: 0.0 CC:32 goodput:1722Mbps score:-467.0 
1658259370.391942 -- INFO: Throughput @66.4s:864.03Mbps, rtt :13.15ms cwnd: 248.2 lossRate: 0.0 CC:32 goodput:1586Mbps score:-458.0 
1658259371.392936 -- INFO: Throughput @67.4s:796.92Mbps, rtt :11.56ms cwnd: 245.7 lossRate: 0.0 CC:32 goodput:2231Mbps score:-423.0 
1658259372.293473 -- INFO: Process 30 finished on working on file 30 
1658259372.393856 -- INFO: Throughput @68.4s:894.85Mbps, rtt :11.38ms cwnd: 254.9 lossRate: 0 CC:32 goodput:1810Mbps score:-475.0 
1658259373.394596 -- INFO: Throughput @69.4s:872.42Mbps, rtt :11.4ms cwnd: 309.0 lossRate: 3.945707070707071e-05 CC:32 goodput:1950Mbps score:-463.0 
1658259374.395730 -- INFO: Throughput @70.4s:855.64Mbps, rtt :10.07ms cwnd: 315.7 lossRate: 1.322296564673525e-05 CC:32 goodput:3011Mbps score:-454.0 
1658259375.291853 -- INFO: Changing concurrency to 32 ******
1658259375.292104 -- INFO: Process Status Bits from change concurrency are: 1 1 1 1 1 1 1 1 1 1 1 1 1 1 1 1 1 1 1 1 1 1 1 1 1 1 1 1 1 1 1 1
1658259375.292337 -- INFO: Active CC: 32
1658259375.396798 -- INFO: Throughput @71.4s:838.86Mbps, rtt :8.26ms cwnd: 335.9 lossRate: 0.00012634238787113077 CC:32 goodput:4016Mbps score:-444.0 
1658259376.397980 -- INFO: Throughput @72.4s:855.64Mbps, rtt :9.76ms cwnd: 341.9 lossRate: 1.3132321269107528e-05 CC:32 goodput:3572Mbps score:-454.0 
1658259377.398784 -- INFO: Throughput @73.4s:922.75Mbps, rtt :8.66ms cwnd: 235.0 lossRate: 0.0 CC:32 goodput:1908Mbps score:-490.0 
1658259378.399956 -- INFO: Throughput @74.4s:905.97Mbps, rtt :9.38ms cwnd: 224.9 lossRate: 0.0 CC:32 goodput:1699Mbps score:-481.0 
1658259379.401101 -- INFO: Throughput @75.4s:830.47Mbps, rtt :9.03ms cwnd: 247.8 lossRate: 0.0 CC:32 goodput:2123Mbps score:-441.0 
1658259381.168864 -- INFO: Throughput @76.4s:864.03Mbps, rtt :8.57ms cwnd: 208.8 lossRate: 0.0 CC:32 goodput:2052Mbps score:-458.0 
1658259381.402146 -- INFO: Throughput @77.4s:905.97Mbps, rtt :8.21ms cwnd: 223.7 lossRate: 0.0 CC:32 goodput:1911Mbps score:-481.0 
1658259382.389413 -- INFO: Process 28 finished on working on file 31 
1658259382.402658 -- INFO: Throughput @78.4s:869.68Mbps, rtt :9.87ms cwnd: 317.8 lossRate: 0 CC:32 goodput:1432Mbps score:-461.0 
1658259383.404014 -- INFO: Throughput @79.4s:897.58Mbps, rtt :11.17ms cwnd: 366.2 lossRate: 1.3308372740903727e-05 CC:32 goodput:1902Mbps score:-476.0 
1658259384.404783 -- INFO: Throughput @80.4s:847.25Mbps, rtt :10.04ms cwnd: 270.8 lossRate: 0.0 CC:32 goodput:1347Mbps score:-450.0 
1658259385.406055 -- INFO: Throughput @81.4s:729.81Mbps, rtt :4.99ms cwnd: 278.3 lossRate: 0.0 CC:32 goodput:5174Mbps score:-387.0 
1658259386.407426 -- INFO: Throughput @82.4s:880.8Mbps, rtt :4.78ms cwnd: 285.5 lossRate: 0.0 CC:32 goodput:4518Mbps score:-467.0 
1658259387.407958 -- INFO: Throughput @83.4s:880.8Mbps, rtt :5.44ms cwnd: 307.5 lossRate: 0.0 CC:32 goodput:4238Mbps score:-467.0 
1658259388.408585 -- INFO: Throughput @84.4s:855.64Mbps, rtt :5.64ms cwnd: 271.6 lossRate: 0.0 CC:32 goodput:3702Mbps score:-454.0 
1658259389.410117 -- INFO: Throughput @85.4s:897.58Mbps, rtt :7.27ms cwnd: 314.4 lossRate: 3.976828346832456e-05 CC:32 goodput:2726Mbps score:-476.0 
1658259390.410609 -- INFO: Throughput @86.4s:847.25Mbps, rtt :7.98ms cwnd: 338.5 lossRate: 0.0 CC:32 goodput:2754Mbps score:-450.0 
1658259391.411745 -- INFO: Throughput @87.4s:864.03Mbps, rtt :7.64ms cwnd: 330.2 lossRate: 2.649813850576997e-05 CC:32 goodput:2884Mbps score:-458.0 
1658259392.387971 -- INFO: Process 19 finished on working on file 20 
1658259392.412078 -- INFO: Throughput @88.4s:911.63Mbps, rtt :7.62ms cwnd: 343.7 lossRate: 2.6243619520004198e-05 CC:32 goodput:3295Mbps score:-484.0 
1658259393.412747 -- INFO: Throughput @89.4s:436.21Mbps, rtt :3.34ms cwnd: 281.8 lossRate: 0 CC:32 goodput:15438Mbps score:-231.0 
1658259394.412930 -- INFO: Throughput @90.4s:276.82Mbps, rtt :4.25ms cwnd: 328.4 lossRate: 0 CC:32 goodput:1642Mbps score:-147.0 
1658259395.414512 -- INFO: Throughput @91.4s:318.77Mbps, rtt :4.17ms cwnd: 360.0 lossRate: 1.6448386357541082e-05 CC:32 goodput:7102Mbps score:-169.0 
1658259396.415397 -- INFO: Throughput @92.4s:268.44Mbps, rtt :3.13ms cwnd: 357.9 lossRate: 0 CC:32 goodput:6132Mbps score:-142.0 
1658259397.416477 -- INFO: Throughput @93.4s:436.21Mbps, rtt :3.9ms cwnd: 483.8 lossRate: 0.00012108980827447023 CC:32 goodput:8724Mbps score:-231.0 
1658259398.417426 -- INFO: Throughput @94.4s:251.66Mbps, rtt :3.95ms cwnd: 436.7 lossRate: 0.0005545542769998614 CC:32 goodput:8258Mbps score:-132.0 
1658259398.799764 -- INFO: Changing concurrency to 32 ******
1658259398.800017 -- INFO: Process Status Bits from change concurrency are: 1 1 1 1 1 1 1 1 1 1 1 1 1 1 1 1 1 1 1 1 1 1 1 1 1 1 1 1 1 1 1 1
1658259398.800274 -- INFO: Active CC: 32
1658259399.417777 -- INFO: Throughput @95.4s:260.05Mbps, rtt :3.12ms cwnd: 444.7 lossRate: 0.0009085652928058148 CC:32 goodput:17088Mbps score:-136.0 
1658259400.419085 -- INFO: Throughput @96.5s:343.17Mbps, rtt :2.82ms cwnd: 416.5 lossRate: 0.0 CC:32 goodput:18712Mbps score:-182.0 
1658259401.419332 -- INFO: Throughput @97.5s:226.49Mbps, rtt :1.61ms cwnd: 306.0 lossRate: 0.0 CC:32 goodput:24041Mbps score:-120.0 
1658259405.797973 -- INFO: Throughput @98.5s:318.77Mbps, rtt :1.61ms cwnd: 309.7 lossRate: 0.0 CC:32 goodput:23607Mbps score:-169.0 
1658259405.805126 -- INFO: Throughput @101.8s:244.03Mbps, rtt :1.47ms cwnd: 292.8 lossRate: 0.0 CC:32 goodput:24071Mbps score:-129.0 
1658259406.806053 -- INFO: Throughput @102.8s:176.16Mbps, rtt :1.87ms cwnd: 291.8 lossRate: 0.0 CC:32 goodput:21986Mbps score:-93.0 
1658259407.806554 -- INFO: Throughput @103.8s:201.33Mbps, rtt :1.71ms cwnd: 301.7 lossRate: 0.0 CC:32 goodput:23678Mbps score:-107.0 
1658259408.807749 -- INFO: Throughput @104.8s:184.55Mbps, rtt :1.8ms cwnd: 307.9 lossRate: 0.0 CC:32 goodput:23462Mbps score:-98.0 
1658259409.809236 -- INFO: Throughput @105.8s:444.6Mbps, rtt :2.04ms cwnd: 338.2 lossRate: 0.0 CC:32 goodput:23367Mbps score:-236.0 
1658259410.810702 -- INFO: Throughput @106.8s:394.26Mbps, rtt :2.25ms cwnd: 329.3 lossRate: 0.0 CC:32 goodput:22604Mbps score:-209.0 
1658259411.811052 -- INFO: Throughput @107.8s:536.87Mbps, rtt :2.09ms cwnd: 326.3 lossRate: 0.0 CC:32 goodput:23061Mbps score:-285.0 
1658259412.811671 -- INFO: Throughput @108.8s:528.48Mbps, rtt :2.2ms cwnd: 353.6 lossRate: 0.0 CC:32 goodput:20668Mbps score:-280.0 
1658259413.812762 -- INFO: Throughput @109.8s:243.27Mbps, rtt :2.0ms cwnd: 330.9 lossRate: 0.0 CC:32 goodput:23087Mbps score:-129.0 
1658259414.814497 -- INFO: Throughput @110.8s:209.72Mbps, rtt :2.28ms cwnd: 288.7 lossRate: 0.0 CC:32 goodput:18488Mbps score:-111.0 
1658259415.814879 -- INFO: Throughput @111.8s:503.32Mbps, rtt :2.15ms cwnd: 303.0 lossRate: 0.0 CC:32 goodput:20473Mbps score:-267.0 
1658259416.815755 -- INFO: Throughput @112.8s:461.37Mbps, rtt :2.39ms cwnd: 357.4 lossRate: 0.0 CC:32 goodput:19325Mbps score:-245.0 
1658259417.817056 -- INFO: Throughput @113.8s:520.09Mbps, rtt :2.48ms cwnd: 375.9 lossRate: 0.0 CC:32 goodput:18741Mbps score:-276.0 
1658259418.817894 -- INFO: Throughput @114.8s:411.04Mbps, rtt :2.15ms cwnd: 317.6 lossRate: 0.0 CC:32 goodput:20574Mbps score:-218.0 
1658259424.471822 -- INFO: Throughput @115.9s:190.65Mbps, rtt :2.44ms cwnd: 310.4 lossRate: 0 CC:32 goodput:7842Mbps score:-101.0 
1658259424.478729 -- INFO: Throughput @120.5s:359.25Mbps, rtt :1.76ms cwnd: 306.2 lossRate: 2.0621406336036786e-05 CC:32 goodput:21777Mbps score:-191.0 
1658259425.479873 -- INFO: Throughput @121.5s:310.38Mbps, rtt :1.74ms cwnd: 289.1 lossRate: 0.0 CC:32 goodput:22131Mbps score:-165.0 
1658259425.815763 -- INFO: Changing concurrency to 32 ******
1658259425.816045 -- INFO: Process Status Bits from change concurrency are: 1 1 1 1 1 1 1 1 1 1 1 1 1 1 1 1 1 1 1 1 1 1 1 1 1 1 1 1 1 1 1 1
1658259425.816373 -- INFO: Active CC: 32
1658259426.484895 -- INFO: Throughput @122.5s:595.59Mbps, rtt :1.73ms cwnd: 290.1 lossRate: 0.0 CC:32 goodput:22563Mbps score:-316.0 
1658259427.482430 -- INFO: Throughput @123.5s:603.98Mbps, rtt :2.77ms cwnd: 341.5 lossRate: 0.0 CC:32 goodput:21258Mbps score:-320.0 
1658259428.483510 -- INFO: Throughput @124.5s:385.88Mbps, rtt :5.28ms cwnd: 533.3 lossRate: 0.0004679183482482307 CC:32 goodput:9106Mbps score:-203.0 
1658259429.483717 -- INFO: Throughput @125.5s:260.05Mbps, rtt :3.17ms cwnd: 320.4 lossRate: 0.00034980323567993004 CC:32 goodput:4589Mbps score:-137.0 
1658259430.484679 -- INFO: Throughput @126.5s:327.16Mbps, rtt :2.74ms cwnd: 392.6 lossRate: 0.00023313646254274168 CC:32 goodput:8952Mbps score:-173.0 
1658259431.485829 -- INFO: Throughput @127.5s:402.65Mbps, rtt :2.24ms cwnd: 388.9 lossRate: 0.0 CC:32 goodput:17797Mbps score:-214.0 
1658259432.486541 -- INFO: Throughput @128.5s:385.88Mbps, rtt :2.26ms cwnd: 411.8 lossRate: 0.0 CC:32 goodput:17725Mbps score:-205.0 
1658259433.486724 -- INFO: Throughput @129.5s:494.93Mbps, rtt :1.95ms cwnd: 345.4 lossRate: 0.0 CC:32 goodput:21987Mbps score:-263.0 
1658259434.487730 -- INFO: Throughput @130.5s:167.77Mbps, rtt :1.81ms cwnd: 299.1 lossRate: 0.0 CC:32 goodput:23180Mbps score:-89.0 
1658259435.488585 -- INFO: Throughput @131.5s:192.94Mbps, rtt :1.93ms cwnd: 318.8 lossRate: 0.0 CC:32 goodput:21581Mbps score:-102.0 
1658259436.489629 -- INFO: Throughput @132.5s:234.88Mbps, rtt :1.8ms cwnd: 312.2 lossRate: 0.0 CC:32 goodput:23361Mbps score:-125.0 
1658259437.490597 -- INFO: Throughput @133.5s:478.15Mbps, rtt :2.05ms cwnd: 354.7 lossRate: 0.0 CC:32 goodput:21783Mbps score:-254.0 
1658259438.491627 -- INFO: Throughput @134.5s:452.98Mbps, rtt :2.16ms cwnd: 349.3 lossRate: 0.0 CC:32 goodput:18846Mbps score:-240.0 
1658259439.492548 -- INFO: Throughput @135.5s:385.88Mbps, rtt :1.83ms cwnd: 354.8 lossRate: 0.0 CC:32 goodput:23333Mbps score:-205.0 
1658259440.493587 -- INFO: Throughput @136.5s:369.1Mbps, rtt :1.74ms cwnd: 323.7 lossRate: 0.0 CC:32 goodput:23282Mbps score:-196.0 
1658259441.494766 -- INFO: Throughput @137.5s:184.55Mbps, rtt :1.93ms cwnd: 291.4 lossRate: 0.0 CC:32 goodput:21724Mbps score:-98.0 
1658259442.496009 -- INFO: Throughput @138.5s:260.05Mbps, rtt :1.94ms cwnd: 324.7 lossRate: 0.0 CC:32 goodput:22136Mbps score:-138.0 
1658259446.435335 -- INFO: Throughput @139.5s:327.16Mbps, rtt :2.35ms cwnd: 345.7 lossRate: 0.0 CC:32 goodput:19624Mbps score:-174.0 
1658259446.442444 -- INFO: Throughput @142.5s:285.21Mbps, rtt :1.99ms cwnd: 325.4 lossRate: 0.0 CC:32 goodput:21536Mbps score:-151.0 
1658259447.442494 -- INFO: Throughput @143.5s:411.04Mbps, rtt :1.91ms cwnd: 300.2 lossRate: 0.0 CC:32 goodput:21306Mbps score:-218.0 
1658259448.443599 -- INFO: Throughput @144.5s:318.77Mbps, rtt :2.19ms cwnd: 369.5 lossRate: 0.0 CC:32 goodput:20610Mbps score:-169.0 
1658259449.335759 -- INFO: Changing concurrency to 32 ******
1658259449.336101 -- INFO: Process Status Bits from change concurrency are: 1 1 1 1 1 1 1 1 1 1 1 1 1 1 1 1 1 1 1 1 1 1 1 1 1 1 1 1 1 1 1 1
1658259449.336413 -- INFO: Active CC: 32
1658259449.451626 -- INFO: Throughput @145.5s:385.88Mbps, rtt :2.13ms cwnd: 365.2 lossRate: 0.0 CC:32 goodput:20193Mbps score:-205.0 
1658259450.446379 -- INFO: Throughput @146.5s:545.26Mbps, rtt :1.93ms cwnd: 312.6 lossRate: 0.0 CC:32 goodput:21665Mbps score:-289.0 
1658259451.447316 -- INFO: Throughput @147.5s:545.26Mbps, rtt :3.05ms cwnd: 444.3 lossRate: 4.400149605086573e-05 CC:32 goodput:11023Mbps score:-289.0 
1658259452.447606 -- INFO: Throughput @148.5s:385.88Mbps, rtt :3.47ms cwnd: 448.3 lossRate: 0.00031436655139893113 CC:32 goodput:7692Mbps score:-204.0 
1658259453.448614 -- INFO: Throughput @149.5s:369.1Mbps, rtt :2.31ms cwnd: 407.0 lossRate: 3.0771124376884735e-05 CC:32 goodput:17180Mbps score:-196.0 
1658259454.449682 -- INFO: Throughput @150.5s:427.82Mbps, rtt :2.09ms cwnd: 409.6 lossRate: 0.0 CC:32 goodput:20293Mbps score:-227.0 
1658259455.455082 -- INFO: Throughput @151.5s:352.32Mbps, rtt :2.07ms cwnd: 380.8 lossRate: 0.0 CC:32 goodput:18973Mbps score:-187.0 
1658259456.451215 -- INFO: Throughput @152.5s:402.65Mbps, rtt :1.79ms cwnd: 312.6 lossRate: 0.0 CC:32 goodput:21974Mbps score:-214.0 
1658259457.451889 -- INFO: Throughput @153.5s:394.26Mbps, rtt :1.62ms cwnd: 315.8 lossRate: 0.0 CC:32 goodput:23931Mbps score:-209.0 
1658259458.453281 -- INFO: Throughput @154.5s:654.31Mbps, rtt :1.58ms cwnd: 300.3 lossRate: 0.0 CC:32 goodput:24094Mbps score:-347.0 
1658259459.454311 -- INFO: Throughput @155.5s:545.26Mbps, rtt :1.26ms cwnd: 279.7 lossRate: 0.0 CC:32 goodput:21080Mbps score:-289.0 
1658259460.454602 -- INFO: Throughput @156.5s:285.21Mbps, rtt :1.84ms cwnd: 403.6 lossRate: 0.0 CC:32 goodput:21004Mbps score:-151.0 
1658259461.455569 -- INFO: Throughput @157.5s:327.16Mbps, rtt :1.8ms cwnd: 399.4 lossRate: 0.0 CC:32 goodput:20071Mbps score:-174.0 
1658259462.456996 -- INFO: Throughput @158.5s:285.21Mbps, rtt :2.13ms cwnd: 312.1 lossRate: 0.0 CC:32 goodput:20701Mbps score:-151.0 
1658259463.457075 -- INFO: Throughput @159.5s:494.93Mbps, rtt :2.02ms cwnd: 286.8 lossRate: 0 CC:32 goodput:5201Mbps score:-263.0 
1658259464.458198 -- INFO: Throughput @160.5s:469.76Mbps, rtt :2.99ms cwnd: 501.5 lossRate: 0 CC:32 goodput:887Mbps score:-249.0 
1658259465.458928 -- INFO: Throughput @161.5s:293.6Mbps, rtt :3.01ms cwnd: 356.5 lossRate: 0.0008445945945945946 CC:32 goodput:357Mbps score:-153.0 
1658259466.460609 -- INFO: Throughput @162.5s:192.94Mbps, rtt :2.52ms cwnd: 313.0 lossRate: 3.151250975017742e-05 CC:32 goodput:9096Mbps score:-102.0 
1658259467.461356 -- INFO: Throughput @163.5s:184.55Mbps, rtt :2.65ms cwnd: 322.8 lossRate: 0.0006710999938990909 CC:32 goodput:7255Mbps score:-97.0 
1658259468.461952 -- INFO: Throughput @164.5s:301.99Mbps, rtt :2.5ms cwnd: 402.3 lossRate: 0.0001095690284879474 CC:32 goodput:17356Mbps score:-160.0 
1658259469.462677 -- INFO: Throughput @165.5s:318.77Mbps, rtt :2.58ms cwnd: 381.5 lossRate: 0.0 CC:32 goodput:15868Mbps score:-169.0 
1658259470.463817 -- INFO: Throughput @166.5s:276.82Mbps, rtt :2.63ms cwnd: 395.4 lossRate: 0.0 CC:32 goodput:16970Mbps score:-147.0 
1658259471.464678 -- INFO: Throughput @167.5s:369.1Mbps, rtt :2.46ms cwnd: 393.5 lossRate: 0.0 CC:32 goodput:17604Mbps score:-196.0 
1658259472.465611 -- INFO: Throughput @168.5s:276.82Mbps, rtt :2.42ms cwnd: 388.0 lossRate: 0.0 CC:32 goodput:17999Mbps score:-147.0 
1658259472.855759 -- INFO: Changing concurrency to 32 ******
1658259472.856029 -- INFO: Process Status Bits from change concurrency are: 1 1 1 1 1 1 1 1 1 1 1 1 1 1 1 1 1 1 1 1 1 1 1 1 1 1 1 1 1 1 1 1
1658259472.856282 -- INFO: Active CC: 32
1658259473.472381 -- INFO: Throughput @169.5s:369.1Mbps, rtt :2.49ms cwnd: 319.7 lossRate: 0.0 CC:32 goodput:19796Mbps score:-196.0 
1658259474.470363 -- INFO: Throughput @170.5s:369.1Mbps, rtt :2.93ms cwnd: 396.4 lossRate: 0.0 CC:32 goodput:19195Mbps score:-196.0 
1658259475.908845 -- INFO: Throughput @171.5s:444.6Mbps, rtt :2.74ms cwnd: 392.0 lossRate: 0.0 CC:32 goodput:18642Mbps score:-236.0 
1658259476.469156 -- INFO: Throughput @172.5s:226.49Mbps, rtt :2.67ms cwnd: 373.0 lossRate: 0.0 CC:32 goodput:20182Mbps score:-120.0 
1658259477.470240 -- INFO: Throughput @173.5s:268.44Mbps, rtt :1.68ms cwnd: 292.8 lossRate: 0.0 CC:32 goodput:23627Mbps score:-142.0 
1658259478.470730 -- INFO: Throughput @174.5s:184.55Mbps, rtt :2.01ms cwnd: 332.4 lossRate: 0.0 CC:32 goodput:19661Mbps score:-98.0 
1658259479.471607 -- INFO: Throughput @175.5s:301.99Mbps, rtt :1.88ms cwnd: 307.8 lossRate: 0.0 CC:32 goodput:20164Mbps score:-160.0 
1658259480.472664 -- INFO: Throughput @176.5s:327.16Mbps, rtt :2.03ms cwnd: 337.6 lossRate: 0.0 CC:32 goodput:19266Mbps score:-174.0 
1658259481.473917 -- INFO: Throughput @177.5s:427.82Mbps, rtt :1.79ms cwnd: 327.3 lossRate: 0.0 CC:32 goodput:20786Mbps score:-227.0 
1658259482.475178 -- INFO: Throughput @178.5s:478.15Mbps, rtt :1.78ms cwnd: 284.9 lossRate: 0.0 CC:32 goodput:20137Mbps score:-254.0 
1658259483.476249 -- INFO: Throughput @179.5s:201.33Mbps, rtt :2.53ms cwnd: 345.7 lossRate: 0.0003278867697688398 CC:32 goodput:14307Mbps score:-106.0 
1658259484.476692 -- INFO: Throughput @180.5s:209.72Mbps, rtt :2.63ms cwnd: 323.1 lossRate: 0.0007738440704198104 CC:32 goodput:13771Mbps score:-110.0 
1658259485.477818 -- INFO: Throughput @181.5s:251.66Mbps, rtt :3.28ms cwnd: 367.4 lossRate: 0.0011864741941862765 CC:32 goodput:11178Mbps score:-131.0 
1658259486.478678 -- INFO: Throughput @182.5s:209.72Mbps, rtt :1.75ms cwnd: 329.2 lossRate: 0.00025479005299633103 CC:32 goodput:22408Mbps score:-111.0 
1658259487.479635 -- INFO: Throughput @183.5s:260.05Mbps, rtt :1.71ms cwnd: 302.4 lossRate: 0.0 CC:32 goodput:22823Mbps score:-138.0 
1658259488.480740 -- INFO: Throughput @184.5s:268.44Mbps, rtt :2.02ms cwnd: 328.8 lossRate: 0.0 CC:32 goodput:20973Mbps score:-142.0 
1658259489.481769 -- INFO: Throughput @185.5s:251.66Mbps, rtt :1.72ms cwnd: 334.6 lossRate: 0.0 CC:32 goodput:22992Mbps score:-134.0 
1658259490.482839 -- INFO: Throughput @186.5s:352.32Mbps, rtt :2.16ms cwnd: 349.2 lossRate: 0.0 CC:32 goodput:20145Mbps score:-187.0 
1658259491.483863 -- INFO: Throughput @187.5s:360.71Mbps, rtt :1.91ms cwnd: 339.8 lossRate: 0.0 CC:32 goodput:22696Mbps score:-191.0 
1658259492.135795 -- INFO: Process 22 finished on working on file 22 
1658259492.484725 -- INFO: Throughput @188.5s:332.81Mbps, rtt :1.6ms cwnd: 333.5 lossRate: 0 CC:32 goodput:22556Mbps score:-177.0 
1658259493.486075 -- INFO: Throughput @189.5s:394.26Mbps, rtt :2.27ms cwnd: 356.9 lossRate: 0.0 CC:32 goodput:20138Mbps score:-209.0 
1658259494.486660 -- INFO: Throughput @190.5s:494.93Mbps, rtt :2.2ms cwnd: 372.2 lossRate: 0.0 CC:32 goodput:20398Mbps score:-263.0 
1658259495.487656 -- INFO: Throughput @191.5s:444.6Mbps, rtt :2.5ms cwnd: 377.9 lossRate: 0.0 CC:32 goodput:18309Mbps score:-236.0 
1658259496.375759 -- INFO: Changing concurrency to 32 ******
1658259496.376049 -- INFO: Process Status Bits from change concurrency are: 1 1 1 1 1 1 1 1 1 1 1 1 1 1 1 1 1 1 1 1 1 1 1 1 1 1 1 1 1 1 1 1
1658259496.376290 -- INFO: Active CC: 32
1658259496.490312 -- INFO: Throughput @192.5s:444.6Mbps, rtt :3.68ms cwnd: 482.4 lossRate: 0.0001565067689177557 CC:32 goodput:14413Mbps score:-235.0 
1658259497.489444 -- INFO: Throughput @193.5s:276.82Mbps, rtt :3.49ms cwnd: 408.2 lossRate: 0 CC:32 goodput:1487Mbps score:-147.0 
1658259498.492992 -- INFO: Throughput @194.5s:528.48Mbps, rtt :5.08ms cwnd: 386.7 lossRate: 3.97978196026496e-05 CC:32 goodput:6736Mbps score:-280.0 
1658259499.491779 -- INFO: Throughput @195.5s:880.8Mbps, rtt :5.82ms cwnd: 401.8 lossRate: 0.0 CC:32 goodput:6809Mbps score:-467.0 
1658259500.493015 -- INFO: Throughput @196.5s:864.03Mbps, rtt :5.76ms cwnd: 428.5 lossRate: 0.0 CC:32 goodput:6901Mbps score:-458.0 
1658259501.492958 -- INFO: Throughput @197.5s:880.8Mbps, rtt :5.92ms cwnd: 409.1 lossRate: 0.0 CC:32 goodput:6966Mbps score:-467.0 
1658259502.493849 -- INFO: Throughput @198.5s:880.8Mbps, rtt :5.51ms cwnd: 377.0 lossRate: 0.0 CC:32 goodput:7450Mbps score:-467.0 
1658259503.495248 -- INFO: Throughput @199.5s:922.75Mbps, rtt :5.31ms cwnd: 304.6 lossRate: 0.0 CC:32 goodput:5547Mbps score:-490.0 
1658259504.495778 -- INFO: Throughput @200.5s:813.69Mbps, rtt :5.21ms cwnd: 331.3 lossRate: 0.0 CC:32 goodput:6247Mbps score:-432.0 
1658259505.497393 -- INFO: Throughput @201.5s:897.58Mbps, rtt :5.38ms cwnd: 331.6 lossRate: 0.0 CC:32 goodput:6180Mbps score:-476.0 
1658259506.497621 -- INFO: Throughput @202.5s:889.19Mbps, rtt :5.22ms cwnd: 336.4 lossRate: 0.0 CC:32 goodput:6063Mbps score:-472.0 
1658259507.498790 -- INFO: Throughput @203.5s:864.03Mbps, rtt :6.81ms cwnd: 337.6 lossRate: 9.183097852466973e-05 CC:32 goodput:4886Mbps score:-458.0 
1658259507.606596 -- INFO: Process 25 finished on working on file 24 
1658259508.499836 -- INFO: Throughput @204.5s:349.59Mbps, rtt :3.63ms cwnd: 466.0 lossRate: 0 CC:32 goodput:8439Mbps score:-186.0 
1658259509.500217 -- INFO: Throughput @205.5s:276.82Mbps, rtt :3.73ms cwnd: 418.7 lossRate: 0.0005272639395404016 CC:32 goodput:8862Mbps score:-145.0 
1658259510.500862 -- INFO: Throughput @206.5s:243.27Mbps, rtt :2.11ms cwnd: 361.0 lossRate: 0 CC:32 goodput:485Mbps score:-129.0 
1658259511.502205 -- INFO: Throughput @207.5s:260.05Mbps, rtt :3.84ms cwnd: 356.9 lossRate: 5.0056708982149515e-05 CC:32 goodput:4899Mbps score:-138.0 
1658259512.502474 -- INFO: Throughput @208.5s:260.05Mbps, rtt :1.88ms cwnd: 335.4 lossRate: 0.000593688633146093 CC:32 goodput:20046Mbps score:-136.0 
1658259513.503670 -- INFO: Throughput @209.5s:276.82Mbps, rtt :2.56ms cwnd: 381.9 lossRate: 0.0 CC:32 goodput:18892Mbps score:-147.0 
1658259514.504557 -- INFO: Throughput @210.5s:377.49Mbps, rtt :2.41ms cwnd: 378.3 lossRate: 0.0 CC:32 goodput:19530Mbps score:-200.0 
1658259515.505804 -- INFO: Throughput @211.5s:176.16Mbps, rtt :1.91ms cwnd: 328.6 lossRate: 0.0 CC:32 goodput:21141Mbps score:-93.0 
1658259519.895770 -- INFO: Changing concurrency to 32 ******
1658259519.896110 -- INFO: Process Status Bits from change concurrency are: 1 1 1 1 1 1 1 1 1 1 1 1 1 1 1 1 1 1 1 1 1 1 1 1 1 1 1 1 1 1 1 1
1658259519.896358 -- INFO: Active CC: 32
1658259521.466971 -- INFO: Throughput @212.5s:419.43Mbps, rtt :2.04ms cwnd: 364.1 lossRate: 0.0 CC:32 goodput:20031Mbps score:-223.0 
1658259521.475214 -- INFO: Throughput @217.5s:595.59Mbps, rtt :1.79ms cwnd: 324.4 lossRate: 0.0 CC:32 goodput:20079Mbps score:-316.0 
1658259522.474457 -- INFO: Throughput @218.5s:293.6Mbps, rtt :2.24ms cwnd: 364.4 lossRate: 0.0 CC:32 goodput:19492Mbps score:-156.0 
1658259525.742857 -- INFO: Throughput @219.5s:260.05Mbps, rtt :2.15ms cwnd: 352.4 lossRate: 0.0 CC:32 goodput:18492Mbps score:-138.0 
1658259525.749748 -- INFO: Throughput @221.8s:255.31Mbps, rtt :2.08ms cwnd: 330.0 lossRate: 0.0 CC:32 goodput:20317Mbps score:-135.0 
1658259526.981248 -- INFO: Throughput @222.8s:184.55Mbps, rtt :1.94ms cwnd: 345.0 lossRate: 0.0 CC:32 goodput:21470Mbps score:-98.0 
1658259527.751151 -- INFO: Throughput @223.8s:167.77Mbps, rtt :1.9ms cwnd: 332.6 lossRate: 0.0 CC:32 goodput:21677Mbps score:-89.0 
1658259528.752409 -- INFO: Throughput @224.8s:411.04Mbps, rtt :1.89ms cwnd: 367.9 lossRate: 0.0 CC:32 goodput:21110Mbps score:-218.0 
1658259529.753372 -- INFO: Throughput @225.8s:411.04Mbps, rtt :2.2ms cwnd: 368.8 lossRate: 0.0 CC:32 goodput:20102Mbps score:-218.0 
1658259530.754432 -- INFO: Throughput @226.8s:402.65Mbps, rtt :2.32ms cwnd: 392.8 lossRate: 0.0 CC:32 goodput:20199Mbps score:-214.0 
1658259533.489340 -- INFO: Throughput @227.8s:562.04Mbps, rtt :1.64ms cwnd: 330.1 lossRate: 0.0 CC:32 goodput:22597Mbps score:-298.0 
1658259533.496205 -- INFO: Throughput @229.5s:508.25Mbps, rtt :1.64ms cwnd: 330.1 lossRate: 0 CC:32 goodput:22597Mbps score:-270.0 
1658259534.497544 -- INFO: Throughput @230.5s:377.49Mbps, rtt :1.86ms cwnd: 315.2 lossRate: 0.0 CC:32 goodput:19713Mbps score:-200.0 
1658259535.498410 -- INFO: Throughput @231.5s:369.1Mbps, rtt :2.23ms cwnd: 395.0 lossRate: 0.0 CC:32 goodput:19113Mbps score:-196.0 
1658259536.498967 -- INFO: Throughput @232.5s:343.93Mbps, rtt :2.05ms cwnd: 384.8 lossRate: 0.0 CC:32 goodput:17928Mbps score:-183.0 
1658259537.499675 -- INFO: Throughput @233.5s:243.27Mbps, rtt :2.02ms cwnd: 369.3 lossRate: 0.0 CC:32 goodput:20373Mbps score:-129.0 
1658259538.500713 -- INFO: Throughput @234.5s:251.66Mbps, rtt :3.59ms cwnd: 397.6 lossRate: 0.0011955430156377026 CC:32 goodput:8580Mbps score:-131.0 
1658259539.501739 -- INFO: Throughput @235.5s:260.05Mbps, rtt :3.18ms cwnd: 419.5 lossRate: 0.0001346922282584295 CC:32 goodput:10459Mbps score:-138.0 
1658259540.502680 -- INFO: Throughput @236.5s:243.27Mbps, rtt :3.58ms cwnd: 385.7 lossRate: 0 CC:32 goodput:7622Mbps score:-129.0 
1658259543.526439 -- INFO: Throughput @237.5s:260.05Mbps, rtt :3.31ms cwnd: 379.9 lossRate: 0.00012937549501904343 CC:32 goodput:8278Mbps score:-138.0 
1658259543.533241 -- INFO: Throughput @239.6s:239.67Mbps, rtt :2.03ms cwnd: 340.0 lossRate: 0.00041535905482739525 CC:32 goodput:20159Mbps score:-126.0 
1658259544.534775 -- INFO: Throughput @240.6s:201.33Mbps, rtt :2.1ms cwnd: 346.7 lossRate: 0.0 CC:32 goodput:21543Mbps score:-107.0 
1658259545.534687 -- INFO: Throughput @241.6s:243.27Mbps, rtt :1.76ms cwnd: 328.4 lossRate: 0.0 CC:32 goodput:21838Mbps score:-129.0 
1658259545.759753 -- INFO: Changing concurrency to 32 ******
1658259545.760008 -- INFO: Process Status Bits from change concurrency are: 1 1 1 1 1 1 1 1 1 1 1 1 1 1 1 1 1 1 1 1 1 1 1 1 1 1 1 1 1 1 1 1
1658259545.760263 -- INFO: Active CC: 32
1658259546.535838 -- INFO: Throughput @242.6s:260.05Mbps, rtt :1.82ms cwnd: 327.7 lossRate: 0.0 CC:32 goodput:18969Mbps score:-138.0 
1658259547.540605 -- INFO: Throughput @243.6s:234.88Mbps, rtt :1.77ms cwnd: 326.0 lossRate: 0.0 CC:32 goodput:21952Mbps score:-125.0 
1658259548.537472 -- INFO: Throughput @244.6s:251.66Mbps, rtt :1.76ms cwnd: 319.1 lossRate: 0.0 CC:32 goodput:21862Mbps score:-134.0 
1658259550.029690 -- INFO: Throughput @245.6s:201.33Mbps, rtt :1.74ms cwnd: 331.1 lossRate: 0.0 CC:32 goodput:21875Mbps score:-107.0 
1658259550.538319 -- INFO: Throughput @246.6s:226.49Mbps, rtt :1.63ms cwnd: 320.1 lossRate: 0.0 CC:32 goodput:21676Mbps score:-120.0 
1658259551.538582 -- INFO: Throughput @247.6s:234.88Mbps, rtt :1.76ms cwnd: 333.2 lossRate: 0.0 CC:32 goodput:19951Mbps score:-125.0 
1658259552.539790 -- INFO: Throughput @248.6s:243.27Mbps, rtt :1.65ms cwnd: 317.7 lossRate: 0.0 CC:32 goodput:21777Mbps score:-129.0 
1658259553.541023 -- INFO: Throughput @249.6s:360.71Mbps, rtt :1.84ms cwnd: 362.1 lossRate: 0.0 CC:32 goodput:21715Mbps score:-191.0 
1658259554.541986 -- INFO: Throughput @250.6s:176.16Mbps, rtt :1.48ms cwnd: 293.3 lossRate: 0.0 CC:32 goodput:21426Mbps score:-93.0 
1658259555.542446 -- INFO: Throughput @251.6s:251.66Mbps, rtt :1.6ms cwnd: 320.7 lossRate: 0.0 CC:32 goodput:22022Mbps score:-134.0 
1658259556.543786 -- INFO: Throughput @252.6s:243.27Mbps, rtt :1.66ms cwnd: 320.1 lossRate: 0.0 CC:32 goodput:20244Mbps score:-129.0 
1658259557.544928 -- INFO: Throughput @253.6s:209.72Mbps, rtt :1.51ms cwnd: 290.1 lossRate: 0.0 CC:32 goodput:22312Mbps score:-111.0 
1658259558.545515 -- INFO: Throughput @254.6s:167.77Mbps, rtt :1.67ms cwnd: 312.3 lossRate: 0.0 CC:32 goodput:21692Mbps score:-89.0 
1658259559.546611 -- INFO: Throughput @255.6s:176.16Mbps, rtt :1.65ms cwnd: 306.8 lossRate: 0.0 CC:32 goodput:21984Mbps score:-93.0 
1658259560.547677 -- INFO: Throughput @256.6s:201.33Mbps, rtt :1.99ms cwnd: 328.8 lossRate: 0.0 CC:32 goodput:21176Mbps score:-107.0 
1658259561.548925 -- INFO: Throughput @257.6s:260.05Mbps, rtt :1.96ms cwnd: 332.7 lossRate: 0.0 CC:32 goodput:21215Mbps score:-138.0 
1658259562.549538 -- INFO: Throughput @258.6s:243.27Mbps, rtt :1.99ms cwnd: 331.4 lossRate: 0.0 CC:32 goodput:18116Mbps score:-129.0 
1658259563.550838 -- INFO: Throughput @259.6s:251.66Mbps, rtt :1.99ms cwnd: 331.2 lossRate: 0.0 CC:32 goodput:21143Mbps score:-134.0 
1658259564.551659 -- INFO: Throughput @260.6s:209.72Mbps, rtt :1.6ms cwnd: 308.6 lossRate: 0.0 CC:32 goodput:22235Mbps score:-111.0 
1658259565.552658 -- INFO: Throughput @261.6s:201.33Mbps, rtt :1.72ms cwnd: 325.9 lossRate: 0.0 CC:32 goodput:22416Mbps score:-107.0 
1658259566.553479 -- INFO: Throughput @262.6s:209.72Mbps, rtt :1.51ms cwnd: 287.7 lossRate: 0.0 CC:32 goodput:21018Mbps score:-111.0 
1658259567.554461 -- INFO: Throughput @263.6s:243.27Mbps, rtt :1.88ms cwnd: 326.0 lossRate: 0.0 CC:32 goodput:21413Mbps score:-129.0 
1658259568.556017 -- INFO: Throughput @264.6s:226.49Mbps, rtt :1.77ms cwnd: 321.6 lossRate: 0.0 CC:32 goodput:21270Mbps score:-120.0 
1658259569.556783 -- INFO: Throughput @265.6s:234.88Mbps, rtt :2.93ms cwnd: 342.2 lossRate: 0.0003051571559353067 CC:32 goodput:11563Mbps score:-124.0 
1658259570.047761 -- INFO: Changing concurrency to 32 ******
1658259570.048201 -- INFO: Process Status Bits from change concurrency are: 1 1 1 1 1 1 1 1 1 1 1 1 1 1 1 1 1 1 1 1 1 1 1 1 1 1 1 1 1 1 1 1
1658259570.048479 -- INFO: Active CC: 32
1658259570.561219 -- INFO: Throughput @266.6s:184.55Mbps, rtt :3.22ms cwnd: 359.7 lossRate: 0.00042823932460540805 CC:32 goodput:6722Mbps score:-97.0 
1658259571.568256 -- INFO: Throughput @267.6s:226.49Mbps, rtt :2.19ms cwnd: 330.7 lossRate: 9.943817431511957e-05 CC:32 goodput:18849Mbps score:-120.0 
1658259575.052598 -- INFO: Throughput @268.6s:243.27Mbps, rtt :2.13ms cwnd: 327.2 lossRate: 0.0 CC:32 goodput:18905Mbps score:-129.0 
1658259575.059852 -- INFO: Throughput @271.1s:238.24Mbps, rtt :2.21ms cwnd: 321.3 lossRate: 0.0 CC:32 goodput:17310Mbps score:-126.0 
1658259576.060549 -- INFO: Throughput @272.1s:192.94Mbps, rtt :1.41ms cwnd: 267.0 lossRate: 0.0 CC:32 goodput:21245Mbps score:-102.0 
1658259576.528605 -- INFO: Process 21 finished on working on file 18 
1658259577.061604 -- INFO: Throughput @273.1s:198.59Mbps, rtt :2.22ms cwnd: 323.7 lossRate: 0 CC:32 goodput:10904Mbps score:-105.0 
1658259578.062741 -- INFO: Throughput @274.1s:226.49Mbps, rtt :1.82ms cwnd: 340.1 lossRate: 0.00010565240359218173 CC:32 goodput:19767Mbps score:-120.0 
1658259579.063654 -- INFO: Throughput @275.1s:243.27Mbps, rtt :1.71ms cwnd: 323.4 lossRate: 0.0 CC:32 goodput:19832Mbps score:-129.0 
1658259580.064805 -- INFO: Throughput @276.1s:201.33Mbps, rtt :1.69ms cwnd: 335.0 lossRate: 0.0 CC:32 goodput:21242Mbps score:-107.0 
1658259581.065679 -- INFO: Throughput @277.1s:134.22Mbps, rtt :1.42ms cwnd: 279.3 lossRate: 0.0 CC:32 goodput:20545Mbps score:-71.0 
1658259582.067491 -- INFO: Throughput @278.1s:159.38Mbps, rtt :1.47ms cwnd: 299.8 lossRate: 0.0 CC:32 goodput:21233Mbps score:-85.0 
1658259583.067462 -- INFO: Throughput @279.1s:159.38Mbps, rtt :1.64ms cwnd: 297.3 lossRate: 0.0 CC:32 goodput:20783Mbps score:-85.0 
1658259584.068778 -- INFO: Throughput @280.1s:159.38Mbps, rtt :1.61ms cwnd: 281.4 lossRate: 0.0 CC:32 goodput:20541Mbps score:-85.0 
1658259585.069853 -- INFO: Throughput @281.1s:176.16Mbps, rtt :1.65ms cwnd: 300.0 lossRate: 0.0 CC:32 goodput:21400Mbps score:-93.0 
1658259586.070680 -- INFO: Throughput @282.1s:176.16Mbps, rtt :1.58ms cwnd: 301.0 lossRate: 0.0 CC:32 goodput:20859Mbps score:-93.0 
1658259587.071540 -- INFO: Throughput @283.1s:192.94Mbps, rtt :1.5ms cwnd: 281.7 lossRate: 0.0 CC:32 goodput:20163Mbps score:-102.0 
1658259588.072870 -- INFO: Throughput @284.1s:159.38Mbps, rtt :1.71ms cwnd: 318.1 lossRate: 0.0 CC:32 goodput:20491Mbps score:-85.0 
1658259589.072929 -- INFO: Throughput @285.1s:218.1Mbps, rtt :1.79ms cwnd: 324.7 lossRate: 0.0 CC:32 goodput:20538Mbps score:-116.0 
1658259590.073745 -- INFO: Throughput @286.1s:243.27Mbps, rtt :1.77ms cwnd: 320.4 lossRate: 0.0 CC:32 goodput:20465Mbps score:-129.0 
1658259591.074748 -- INFO: Throughput @287.1s:176.16Mbps, rtt :1.71ms cwnd: 319.6 lossRate: 0.0 CC:32 goodput:20416Mbps score:-93.0 
1658259592.075022 -- INFO: Throughput @288.1s:226.49Mbps, rtt :3.13ms cwnd: 329.7 lossRate: 0.0019483439076784733 CC:32 goodput:7413Mbps score:-116.0 
1658259593.075895 -- INFO: Throughput @289.1s:142.61Mbps, rtt :2.57ms cwnd: 285.4 lossRate: 0.00041577160279952877 CC:32 goodput:8433Mbps score:-75.0 
1658259593.567754 -- INFO: Changing concurrency to 32 ******
1658259593.568003 -- INFO: Process Status Bits from change concurrency are: 1 1 1 1 1 1 1 1 1 1 1 1 1 1 1 1 1 1 1 1 1 1 1 1 1 1 1 1 1 1 1 1
1658259593.568256 -- INFO: Active CC: 32
1658259594.076628 -- INFO: Throughput @290.1s:260.05Mbps, rtt :1.82ms cwnd: 295.8 lossRate: 4.625774817281895e-05 CC:32 goodput:18399Mbps score:-138.0 
1658259595.077621 -- INFO: Throughput @291.1s:234.88Mbps, rtt :1.63ms cwnd: 297.5 lossRate: 0.0003896926299381363 CC:32 goodput:19494Mbps score:-124.0 
1658259596.079729 -- INFO: Throughput @292.1s:234.88Mbps, rtt :1.57ms cwnd: 293.1 lossRate: 0.0 CC:32 goodput:19552Mbps score:-125.0 
1658259597.079634 -- INFO: Throughput @293.1s:251.66Mbps, rtt :1.54ms cwnd: 294.8 lossRate: 0.0 CC:32 goodput:20290Mbps score:-134.0 
1658259598.080667 -- INFO: Throughput @294.1s:184.55Mbps, rtt :1.61ms cwnd: 295.9 lossRate: 0.0 CC:32 goodput:19630Mbps score:-98.0 
1658259599.081562 -- INFO: Throughput @295.1s:176.16Mbps, rtt :1.71ms cwnd: 322.4 lossRate: 0.0 CC:32 goodput:20364Mbps score:-93.0 
1658259600.082684 -- INFO: Throughput @296.1s:192.94Mbps, rtt :1.65ms cwnd: 308.5 lossRate: 0.0 CC:32 goodput:20197Mbps score:-102.0 
1658259601.083644 -- INFO: Throughput @297.1s:243.27Mbps, rtt :1.64ms cwnd: 302.3 lossRate: 0.0 CC:32 goodput:20670Mbps score:-129.0 
1658259602.084716 -- INFO: Throughput @298.1s:209.72Mbps, rtt :1.69ms cwnd: 305.0 lossRate: 0.0 CC:32 goodput:19231Mbps score:-111.0 
1658259603.086064 -- INFO: Throughput @299.1s:184.55Mbps, rtt :1.56ms cwnd: 290.4 lossRate: 0.0 CC:32 goodput:20707Mbps score:-98.0 
1658259604.086385 -- INFO: Throughput @300.1s:209.72Mbps, rtt :1.54ms cwnd: 296.0 lossRate: 0.0 CC:32 goodput:21313Mbps score:-111.0 
1658259605.086586 -- INFO: Throughput @301.1s:192.94Mbps, rtt :1.62ms cwnd: 305.3 lossRate: 0.0 CC:32 goodput:20635Mbps score:-102.0 
1658259606.088008 -- INFO: Throughput @302.1s:251.66Mbps, rtt :1.6ms cwnd: 301.8 lossRate: 0.0 CC:32 goodput:20843Mbps score:-134.0 
1658259607.088856 -- INFO: Throughput @303.1s:209.72Mbps, rtt :1.53ms cwnd: 295.2 lossRate: 0.0 CC:32 goodput:21698Mbps score:-111.0 
1658259608.089498 -- INFO: Throughput @304.1s:176.16Mbps, rtt :1.78ms cwnd: 294.2 lossRate: 0.0 CC:32 goodput:18758Mbps score:-93.0 
1658259609.091341 -- INFO: Throughput @305.1s:201.33Mbps, rtt :1.84ms cwnd: 298.1 lossRate: 0.0 CC:32 goodput:17665Mbps score:-107.0 
1658259610.091726 -- INFO: Throughput @306.1s:218.1Mbps, rtt :2.07ms cwnd: 312.4 lossRate: 0.0 CC:32 goodput:18340Mbps score:-116.0 
1658259611.092809 -- INFO: Throughput @307.1s:159.38Mbps, rtt :1.76ms cwnd: 294.1 lossRate: 0.0 CC:32 goodput:19701Mbps score:-85.0 
1658259612.093662 -- INFO: Throughput @308.1s:209.72Mbps, rtt :2.1ms cwnd: 307.2 lossRate: 0.0 CC:32 goodput:18901Mbps score:-111.0 
1658259613.094554 -- INFO: Throughput @309.1s:159.38Mbps, rtt :1.43ms cwnd: 274.0 lossRate: 0.0 CC:32 goodput:21004Mbps score:-85.0 
1658259614.095568 -- INFO: Throughput @310.1s:251.66Mbps, rtt :1.71ms cwnd: 324.3 lossRate: 0.0 CC:32 goodput:21001Mbps score:-134.0 
1658259615.096659 -- INFO: Throughput @311.1s:260.05Mbps, rtt :1.7ms cwnd: 331.2 lossRate: 0.0 CC:32 goodput:19575Mbps score:-138.0 
1658259616.098866 -- INFO: Throughput @312.1s:167.77Mbps, rtt :1.68ms cwnd: 320.6 lossRate: 0.00035534077180015633 CC:32 goodput:20038Mbps score:-88.0 
1658259617.087756 -- INFO: Changing concurrency to 32 ******
1658259617.088070 -- INFO: Process Status Bits from change concurrency are: 1 1 1 1 1 1 1 1 1 1 1 1 1 1 1 1 1 1 1 1 1 1 1 1 1 1 1 1 1 1 1 1
1658259617.088311 -- INFO: Active CC: 32
1658259617.099269 -- INFO: Throughput @313.1s:167.77Mbps, rtt :1.78ms cwnd: 284.0 lossRate: 0.0 CC:32 goodput:18752Mbps score:-89.0 
1658259618.099652 -- INFO: Throughput @314.1s:67.11Mbps, rtt :1.22ms cwnd: 230.0 lossRate: 0.0 CC:32 goodput:20575Mbps score:-36.0 
1658259619.109468 -- INFO: Throughput @315.1s:419.43Mbps, rtt :1.82ms cwnd: 344.8 lossRate: 0.0 CC:32 goodput:18752Mbps score:-223.0 
1658259620.103099 -- INFO: Throughput @316.1s:411.04Mbps, rtt :1.91ms cwnd: 361.8 lossRate: 0.0 CC:32 goodput:20032Mbps score:-218.0 
1658259621.103081 -- INFO: Throughput @317.1s:327.16Mbps, rtt :1.7ms cwnd: 309.7 lossRate: 3.474997393751955e-05 CC:32 goodput:18802Mbps score:-173.0 
1658259622.103433 -- INFO: Throughput @318.1s:411.04Mbps, rtt :1.85ms cwnd: 391.2 lossRate: 0.0 CC:32 goodput:19730Mbps score:-218.0 
1658259623.105007 -- INFO: Throughput @319.1s:209.72Mbps, rtt :1.82ms cwnd: 330.3 lossRate: 0.0 CC:32 goodput:18029Mbps score:-111.0 
1658259624.107040 -- INFO: Throughput @320.1s:251.66Mbps, rtt :1.83ms cwnd: 328.9 lossRate: 0.0 CC:32 goodput:19764Mbps score:-134.0 
1658259625.106545 -- INFO: Throughput @321.1s:251.66Mbps, rtt :1.86ms cwnd: 328.5 lossRate: 0.0 CC:32 goodput:19346Mbps score:-134.0 
1658259626.107517 -- INFO: Throughput @322.1s:243.27Mbps, rtt :3.22ms cwnd: 349.4 lossRate: 0.0013310984026819169 CC:32 goodput:9279Mbps score:-126.0 
1658259627.109279 -- INFO: Throughput @323.1s:218.1Mbps, rtt :3.28ms cwnd: 341.6 lossRate: 0.0004030429744571515 CC:32 goodput:7928Mbps score:-115.0 
1658259640.607757 -- INFO: Changing concurrency to 32 ******
1658259640.608013 -- INFO: Process Status Bits from change concurrency are: 1 1 1 1 1 1 1 1 1 1 1 1 1 1 1 1 1 1 1 1 1 1 1 1 1 1 1 1 1 1 1 1
1658259640.608247 -- INFO: Active CC: 32
1658259700.838353 -- INFO: Process 14 finished on working on file 15 
1658259702.198252 -- INFO: Process 23 finished on working on file 23 
1658259711.445757 -- INFO: Process 20 finished on working on file 21 
1658259729.502703 -- INFO: Process 4 finished on working on file 10 
1658259745.003461 -- INFO: Throughput @324.1s:159.38Mbps, rtt :2.5ms cwnd: 305.9 lossRate: 0.0005308207816336009 CC:32 goodput:8736Mbps score:-84.0 
1658259747.602851 -- INFO: Process 26 finished on working on file 27 
1658259748.429813 -- INFO: Process 10 finished on working on file 9 
1658259750.232538 -- INFO: Throughput @441.0s:479.4Mbps, rtt :4.2ms cwnd: 1035.0 lossRate: 0 CC:32 goodput:2232Mbps score:-254.0 
1658259750.239638 -- INFO: Throughput @446.3s:497.54Mbps, rtt :2.96ms cwnd: 522.4 lossRate: 4.955611785115897e-05 CC:32 goodput:6170Mbps score:-264.0 
1658259751.240801 -- INFO: Throughput @447.3s:721.42Mbps, rtt :4.51ms cwnd: 740.2 lossRate: 6.582628443537505e-05 CC:32 goodput:6028Mbps score:-382.0 
1658259752.242862 -- INFO: Throughput @448.3s:864.03Mbps, rtt :5.06ms cwnd: 761.5 lossRate: 0.0 CC:32 goodput:5583Mbps score:-458.0 
1658259753.242425 -- INFO: Throughput @449.3s:603.98Mbps, rtt :5.42ms cwnd: 1053.0 lossRate: 0 CC:32 goodput:8944Mbps score:-320.0 
1658259754.243651 -- INFO: Throughput @450.3s:570.43Mbps, rtt :5.12ms cwnd: 940.1 lossRate: 5.508073918351984e-05 CC:32 goodput:10919Mbps score:-302.0 
1658259755.244297 -- INFO: Throughput @451.3s:469.76Mbps, rtt :1.67ms cwnd: 331.6 lossRate: 0.0 CC:32 goodput:15419Mbps score:-249.0 
1658259756.245881 -- INFO: Throughput @452.3s:629.15Mbps, rtt :3.5ms cwnd: 551.0 lossRate: 0.0 CC:32 goodput:12753Mbps score:-334.0 
1658259757.246551 -- INFO: Throughput @453.3s:763.36Mbps, rtt :3.65ms cwnd: 564.9 lossRate: 0.0 CC:32 goodput:12410Mbps score:-405.0 
1658259758.248070 -- INFO: Throughput @454.3s:771.75Mbps, rtt :3.07ms cwnd: 552.0 lossRate: 0.0 CC:32 goodput:12554Mbps score:-410.0 
1658259759.249276 -- INFO: Throughput @455.3s:830.47Mbps, rtt :3.36ms cwnd: 541.3 lossRate: 0.0 CC:32 goodput:12312Mbps score:-441.0 
1658259760.249901 -- INFO: Throughput @456.3s:721.42Mbps, rtt :3.32ms cwnd: 543.2 lossRate: 0.0 CC:32 goodput:13370Mbps score:-383.0 
1658259761.250596 -- INFO: Throughput @457.3s:402.65Mbps, rtt :2.8ms cwnd: 396.0 lossRate: 0.0 CC:32 goodput:13347Mbps score:-214.0 
1658259762.251513 -- INFO: Throughput @458.3s:654.31Mbps, rtt :2.86ms cwnd: 512.7 lossRate: 0.0 CC:32 goodput:14381Mbps score:-347.0 
1658259763.252428 -- INFO: Throughput @459.3s:587.2Mbps, rtt :2.97ms cwnd: 539.0 lossRate: 0.0 CC:32 goodput:13959Mbps score:-312.0 
1658259764.253723 -- INFO: Throughput @460.3s:520.09Mbps, rtt :3.51ms cwnd: 561.4 lossRate: 0.0 CC:32 goodput:13034Mbps score:-276.0 
1658259764.592595 -- INFO: Process 13 finished on working on file 14 
1658259765.023861 -- INFO: Changing concurrency to 32 ******
1658259765.024145 -- INFO: Process Status Bits from change concurrency are: 1 1 1 1 1 1 1 1 1 1 1 1 1 1 1 1 1 1 1 1 1 1 1 1 1 1 1 1 1 1 1 1
1658259765.024380 -- INFO: Active CC: 32
1658259765.198953 -- INFO: Process 31 finished on working on file 29 
1658259765.218558 -- INFO: Process 17 finished on working on file 17 
1658259765.254643 -- INFO: Throughput @461.3s:478.34Mbps, rtt :3.54ms cwnd: 622.8 lossRate: 0.0 CC:32 goodput:12832Mbps score:-254.0 
1658259766.257625 -- INFO: Throughput @462.3s:461.37Mbps, rtt :2.57ms cwnd: 476.5 lossRate: 0 CC:32 goodput:12884Mbps score:-245.0 
1658259767.258638 -- INFO: Throughput @463.3s:830.47Mbps, rtt :3.33ms cwnd: 612.8 lossRate: 0.0 CC:32 goodput:12498Mbps score:-441.0 
1658259768.259176 -- INFO: Throughput @464.3s:872.42Mbps, rtt :4.34ms cwnd: 750.4 lossRate: 0.0 CC:32 goodput:9656Mbps score:-463.0 
1658259768.992361 -- INFO: Process 3 finished on working on file 13 
1658259769.258642 -- INFO: Throughput @465.3s:861.29Mbps, rtt :5.23ms cwnd: 892.2 lossRate: 0.0 CC:32 goodput:8642Mbps score:-457.0 
1658259770.259978 -- INFO: Throughput @466.3s:872.42Mbps, rtt :6.65ms cwnd: 1127.4 lossRate: 0.0 CC:32 goodput:7723Mbps score:-463.0 
1658259771.260562 -- INFO: Throughput @467.3s:234.88Mbps, rtt :3.89ms cwnd: 516.1 lossRate: 0 CC:32 goodput:3832Mbps score:-125.0 
1658259772.261826 -- INFO: Throughput @468.3s:335.54Mbps, rtt :3.23ms cwnd: 528.2 lossRate: 0.00020282604286390372 CC:32 goodput:4728Mbps score:-177.0 
1658259773.263502 -- INFO: Throughput @469.3s:377.49Mbps, rtt :5.12ms cwnd: 591.9 lossRate: 0.000503825928141827 CC:32 goodput:3922Mbps score:-198.0 
1658259773.897828 -- INFO: Process 27 finished on working on file 26 
1658259774.264017 -- INFO: Throughput @470.3s:852.91Mbps, rtt :6.49ms cwnd: 764.3 lossRate: 0 CC:32 goodput:4107Mbps score:-453.0 
1658259775.264543 -- INFO: Throughput @471.3s:855.64Mbps, rtt :9.5ms cwnd: 1260.7 lossRate: 0.0 CC:32 goodput:4332Mbps score:-454.0 
1658259775.639649 -- INFO: Process 29 finished on working on file 28 
1658259776.265519 -- INFO: Throughput @472.3s:836.13Mbps, rtt :4.92ms cwnd: 937.9 lossRate: 0 CC:32 goodput:7218Mbps score:-444.0 
1658259776.865463 -- INFO: Process 7 finished on working on file 2 
1658259777.243305 -- INFO: Process 2 finished on working on file 0 
1658259777.265352 -- INFO: Throughput @473.3s:875.34Mbps, rtt :5.83ms cwnd: 981.2 lossRate: 0 CC:32 goodput:5727Mbps score:-464.0 
1658259778.266776 -- INFO: Throughput @474.3s:486.54Mbps, rtt :3.42ms cwnd: 448.0 lossRate: 0 CC:32 goodput:6602Mbps score:-258.0 
1658259778.694183 -- INFO: Process 1 finished on working on file 5 
1658259779.267675 -- INFO: Throughput @475.3s:886.46Mbps, rtt :4.52ms cwnd: 650.9 lossRate: 0 CC:32 goodput:4968Mbps score:-470.0 
1658259779.385489 -- INFO: Process 24 finished on working on file 25 
1658259780.268785 -- INFO: Throughput @476.3s:743.85Mbps, rtt :2.22ms cwnd: 466.2 lossRate: 0 CC:32 goodput:7361Mbps score:-395.0 
1658259781.269726 -- INFO: Throughput @477.3s:150.99Mbps, rtt :2.38ms cwnd: 364.6 lossRate: 0.0 CC:32 goodput:7452Mbps score:-80.0 
1658259782.270654 -- INFO: Throughput @478.3s:679.48Mbps, rtt :4.03ms cwnd: 477.0 lossRate: 0.0 CC:32 goodput:5931Mbps score:-361.0 
1658259783.271534 -- INFO: Throughput @479.3s:847.25Mbps, rtt :5.64ms cwnd: 673.5 lossRate: 0.0 CC:32 goodput:5269Mbps score:-450.0 
1658259784.272712 -- INFO: Throughput @480.3s:813.69Mbps, rtt :9.73ms cwnd: 1535.8 lossRate: 0.0 CC:32 goodput:4037Mbps score:-432.0 
1658259785.273670 -- INFO: Throughput @481.3s:864.03Mbps, rtt :8.8ms cwnd: 1491.4 lossRate: 0.0 CC:32 goodput:4193Mbps score:-458.0 
1658259786.274922 -- INFO: Throughput @482.3s:855.64Mbps, rtt :14.69ms cwnd: 1754.9 lossRate: 0.0 CC:32 goodput:3252Mbps score:-454.0 
1658259787.275379 -- INFO: Throughput @483.3s:620.76Mbps, rtt :4.51ms cwnd: 823.8 lossRate: 0.0 CC:32 goodput:4980Mbps score:-329.0 
1658259788.277148 -- INFO: Throughput @484.3s:872.42Mbps, rtt :4.91ms cwnd: 789.5 lossRate: 0.0 CC:32 goodput:4782Mbps score:-463.0 
1658259788.543758 -- INFO: Changing concurrency to 32 ******
1658259788.544108 -- INFO: Process Status Bits from change concurrency are: 1 1 1 1 1 1 1 1 1 1 1 1 1 1 1 1 1 1 1 1 1 1 1 1 1 1 1 1 1 1 1 1
1658259788.544546 -- INFO: Active CC: 32
1658259788.753716 -- INFO: Process 18 finished on working on file 16 
1658259789.279246 -- INFO: Throughput @485.3s:886.46Mbps, rtt :5.49ms cwnd: 759.4 lossRate: 0 CC:32 goodput:3889Mbps score:-470.0 
1658259790.283258 -- INFO: Throughput @486.3s:872.42Mbps, rtt :5.41ms cwnd: 783.2 lossRate: 0.0 CC:32 goodput:3996Mbps score:-463.0 
1658259791.282227 -- INFO: Throughput @487.3s:872.42Mbps, rtt :4.82ms cwnd: 923.2 lossRate: 0.0 CC:32 goodput:5180Mbps score:-463.0 
1658259792.280813 -- INFO: Throughput @488.3s:671.09Mbps, rtt :4.92ms cwnd: 573.0 lossRate: 0.0 CC:32 goodput:4149Mbps score:-356.0 
1658259793.282079 -- INFO: Throughput @489.3s:864.03Mbps, rtt :4.76ms cwnd: 536.3 lossRate: 0.0 CC:32 goodput:4534Mbps score:-458.0 
1658259793.692194 -- INFO: Process 11 finished on working on file 1 
1658259794.283032 -- INFO: Throughput @490.3s:886.46Mbps, rtt :5.4ms cwnd: 929.1 lossRate: 0 CC:32 goodput:3281Mbps score:-470.0 
1658259795.283433 -- INFO: Throughput @491.3s:880.8Mbps, rtt :5.36ms cwnd: 909.9 lossRate: 0.0 CC:32 goodput:3552Mbps score:-467.0 
1658259795.640034 -- INFO: Process 16 finished on working on file 19 
1658259796.293781 -- INFO: Process 8 finished on working on file 7 
1658259796.532410 -- INFO: Throughput @492.3s:802.57Mbps, rtt :4.43ms cwnd: 792.3 lossRate: 0 CC:32 goodput:5276Mbps score:-426.0 
1658259797.287184 -- INFO: Throughput @493.3s:827.74Mbps, rtt :4.96ms cwnd: 886.8 lossRate: 0 CC:32 goodput:3209Mbps score:-439.0 
1658259798.286956 -- INFO: Throughput @494.3s:629.15Mbps, rtt :4.74ms cwnd: 694.3 lossRate: 0.0 CC:32 goodput:2788Mbps score:-334.0 
1658259798.701280 -- INFO: Process 9 finished on working on file 3 
1658259799.286264 -- INFO: Throughput @495.3s:869.68Mbps, rtt :5.26ms cwnd: 729.6 lossRate: 0 CC:32 goodput:2093Mbps score:-461.0 
1658259800.287349 -- INFO: Throughput @496.3s:889.19Mbps, rtt :8.35ms cwnd: 1259.2 lossRate: 0.0 CC:32 goodput:2085Mbps score:-472.0 
1658259801.065006 -- INFO: Process 0 finished on working on file 11 
1658259801.288933 -- INFO: Throughput @497.3s:836.13Mbps, rtt :11.83ms cwnd: 1837.6 lossRate: 0.0 CC:32 goodput:2079Mbps score:-444.0 
1658259802.289713 -- INFO: Throughput @498.3s:872.42Mbps, rtt :5.04ms cwnd: 1103.2 lossRate: 0 CC:32 goodput:1817Mbps score:-463.0 
1658259803.290732 -- INFO: Throughput @499.3s:637.53Mbps, rtt :12.38ms cwnd: 1810.2 lossRate: 1.7687532058651855e-05 CC:32 goodput:1918Mbps score:-338.0 
1658259804.291230 -- INFO: Throughput @500.3s:838.86Mbps, rtt :14.89ms cwnd: 2080.5 lossRate: 0.0 CC:32 goodput:1729Mbps score:-445.0 
1658259804.377799 -- INFO: Process 15 finished on working on file 12 
1658259805.421896 -- INFO: Throughput @501.3s:794.19Mbps, rtt :13.42ms cwnd: 1622.0 lossRate: 0 CC:32 goodput:1047Mbps score:-421.0 
1658259806.293375 -- INFO: Throughput @502.3s:838.86Mbps, rtt :12.23ms cwnd: 1948.7 lossRate: 0.0 CC:32 goodput:1188Mbps score:-445.0 
1658259807.294348 -- INFO: Throughput @503.3s:805.31Mbps, rtt :13.07ms cwnd: 2316.3 lossRate: 0.0 CC:32 goodput:1373Mbps score:-427.0 
1658259808.294411 -- INFO: Throughput @504.3s:729.81Mbps, rtt :6.51ms cwnd: 2706.0 lossRate: 0 CC:32 goodput:763Mbps score:-387.0 
1658259809.295895 -- INFO: Throughput @505.3s:872.42Mbps, rtt :5.74ms cwnd: 1466.0 lossRate: 1.3361362502672273e-05 CC:32 goodput:1996Mbps score:-463.0 
1658259809.326709 -- INFO: Process 6 finished on working on file 6 
1658259810.296521 -- INFO: Throughput @506.3s:861.29Mbps, rtt :5.69ms cwnd: 1139.0 lossRate: 0 CC:32 goodput:1140Mbps score:-457.0 
1658259811.298237 -- INFO: Throughput @507.3s:880.8Mbps, rtt :5.59ms cwnd: 1139.0 lossRate: 0.0 CC:32 goodput:1327Mbps score:-467.0 
1658259811.346362 -- INFO: Process 5 finished on working on file 8 
1658259811.741438 -- INFO: Process 12 finished on working on file 4 
1658259811.741491 -- INFO: Process 6 shutdown itself from outest loop
1658259811.741770 -- INFO: Process 7 shutdown itself from outest loop
1658259811.741542 -- INFO: Process 9 shutdown itself from outest loop
1658259811.741689 -- INFO: Process 8 shutdown itself from outest loop
1658259811.741733 -- INFO: Process 28 shutdown itself from outest loop
1658259811.742020 -- INFO: Process 31 shutdown itself from outest loop
1658259811.742219 -- INFO: Process 17 shutdown itself from outest loop
1658259811.742331 -- INFO: Process Status Bits are: 1 1 1 1 1 1 0 0 0 0 1 1 1 1 1 1 1 0 1 1 1 1 1 1 1 1 1 0 0 1 1 0
1658259811.742389 -- INFO: Process Status Bits are: 1 1 1 1 1 1 0 0 0 0 1 1 1 1 1 1 1 0 1 1 1 1 1 1 1 1 1 0 0 1 1 0
1658259811.742402 -- INFO: Process Status Bits are: 1 1 1 1 1 1 0 0 0 0 1 1 1 1 1 1 1 0 1 1 1 1 1 1 1 1 1 0 0 1 1 0
1658259811.742110 -- INFO: Process Status Bits are: 1 1 1 1 1 1 0 0 0 0 1 1 1 1 1 1 1 1 1 1 1 1 1 1 1 1 1 1 0 1 1 0
1658259811.742488 -- INFO: Process Status Bits are: 1 1 1 1 1 1 0 0 0 0 1 1 1 1 1 1 1 0 1 1 1 1 1 1 1 1 1 0 0 1 1 0
1658259811.742145 -- INFO: Process 27 shutdown itself from outest loop
1658259811.742631 -- INFO: Process Status Bits are: 1 1 1 1 1 1 0 0 0 0 1 1 1 1 1 1 1 0 1 1 1 1 1 1 1 1 1 0 0 1 1 0
1658259811.742819 -- INFO: Process Status Bits are: 1 1 1 1 1 1 0 0 0 0 1 1 1 1 1 1 1 0 1 1 1 1 1 1 1 1 1 0 0 1 1 0
1658259811.743016 -- INFO: Process 25 shutdown itself from outest loop
1658259811.743088 -- INFO: Process 26 shutdown itself from outest loop
1658259811.743130 -- INFO: Process 2 shutdown itself from outest loop
1658259811.743108 -- INFO: Process 20 shutdown itself from outest loop
1658259811.742851 -- INFO: Process 14 shutdown itself from outest loop
1658259811.743299 -- INFO: Process Status Bits are: 1 1 0 1 1 1 0 0 0 0 1 1 1 1 0 1 1 0 1 1 0 1 1 1 1 0 0 0 0 1 1 0
1658259811.743313 -- INFO: Process Status Bits are: 1 1 0 1 1 1 0 0 0 0 1 1 1 1 0 1 1 0 1 1 0 1 1 1 1 0 0 0 0 1 1 0
1658259811.743323 -- INFO: Process Status Bits are: 1 1 0 1 1 1 0 0 0 0 1 1 1 1 0 1 1 0 1 1 0 1 1 1 1 0 0 0 0 1 1 0
1658259811.743570 -- INFO: Process Status Bits are: 1 1 0 1 1 1 0 0 0 0 1 1 1 1 0 1 1 0 1 1 0 1 1 1 1 0 0 0 0 1 1 0
1658259811.743649 -- INFO: Process 30 shutdown itself from outest loop
1658259811.743759 -- INFO: Process 23 shutdown itself from outest loop
1658259811.743892 -- INFO: Process Status Bits are: 1 1 0 1 1 1 0 0 0 0 1 1 1 1 0 1 1 0 1 1 0 0 1 0 1 0 0 0 0 1 0 0
1658259811.743873 -- INFO: Process 21 shutdown itself from outest loop
1658259811.743967 -- INFO: Process Status Bits are: 1 1 0 1 1 1 0 0 0 0 1 1 1 1 0 1 1 0 1 1 0 0 1 0 1 0 0 0 0 1 0 0
1658259811.744047 -- INFO: Process Status Bits are: 1 1 0 1 1 1 0 0 0 0 1 1 1 1 0 1 1 0 1 1 0 0 1 0 1 0 0 0 0 1 0 0
1658259811.744309 -- INFO: Process 10 shutdown itself from outest loop
1658259811.744365 -- INFO: Process Status Bits are: 1 1 0 1 1 0 0 0 0 0 0 1 1 1 0 1 1 0 1 1 0 0 1 0 1 0 0 0 0 1 0 0
1658259811.743733 -- INFO: Process Status Bits are: 1 1 0 1 1 1 0 0 0 0 1 1 1 1 0 1 1 0 1 1 0 1 1 1 1 0 0 0 0 1 0 0
1658259811.744427 -- INFO: Process 18 shutdown itself from outest loop
1658259811.744486 -- INFO: Process Status Bits are: 1 1 0 1 1 0 0 0 0 0 0 1 1 1 0 1 1 0 0 1 0 0 1 0 1 0 0 0 0 1 0 0
1658259811.744600 -- INFO: Process Status Bits are: 1 1 0 1 1 0 0 0 0 0 0 1 1 1 0 1 1 0 0 1 0 0 1 0 1 0 0 0 0 1 0 0
1658259811.744276 -- INFO: Process 5 shutdown itself from outest loop
1658259811.744942 -- INFO: Process Status Bits are: 1 1 0 1 1 0 0 0 0 0 0 1 1 1 0 1 1 0 0 1 0 0 1 0 1 0 0 0 0 1 0 0
1658259811.745283 -- INFO: Process 22 shutdown itself from outest loop
1658259811.745387 -- INFO: Process 16 shutdown itself from outest loop
1658259811.745477 -- INFO: Process Status Bits are: 1 1 0 1 1 0 0 0 0 0 0 1 1 1 0 1 0 0 0 1 0 0 0 0 1 0 0 0 0 1 0 0
1658259811.745569 -- INFO: Process Status Bits are: 1 1 0 1 1 0 0 0 0 0 0 1 1 1 0 1 0 0 0 1 0 0 0 0 1 0 0 0 0 1 0 0
1658259811.745739 -- INFO: Process 1 shutdown itself from outest loop
1658259811.745868 -- INFO: Process 4 shutdown itself from outest loop
1658259811.745908 -- INFO: Process Status Bits are: 1 0 0 1 0 0 0 0 0 0 0 1 1 1 0 1 0 0 0 1 0 0 0 0 1 0 0 0 0 1 0 0
1658259811.746038 -- INFO: Process Status Bits are: 1 0 0 1 0 0 0 0 0 0 0 1 1 1 0 1 0 0 0 1 0 0 0 0 1 0 0 0 0 1 0 0
1658259811.746266 -- INFO: Process 12 shutdown itself from outest loop
1658259811.746338 -- INFO: Process 13 shutdown itself from outest loop
1658259811.746357 -- INFO: Process 24 shutdown itself from outest loop
1658259811.746431 -- INFO: Process Status Bits are: 1 0 0 1 0 0 0 0 0 0 0 1 0 0 0 1 0 0 0 1 0 0 0 0 0 0 0 0 0 1 0 0
1658259811.746512 -- INFO: Process Status Bits are: 1 0 0 1 0 0 0 0 0 0 0 1 0 0 0 1 0 0 0 1 0 0 0 0 0 0 0 0 0 1 0 0
1658259811.746540 -- INFO: Process Status Bits are: 1 0 0 1 0 0 0 0 0 0 0 1 0 0 0 1 0 0 0 1 0 0 0 0 0 0 0 0 0 1 0 0
1658259811.746860 -- INFO: Process 0 shutdown itself from outest loop
1658259811.746949 -- INFO: Process 19 shutdown itself from outest loop
1658259811.747047 -- INFO: Process Status Bits are: 0 0 0 1 0 0 0 0 0 0 0 1 0 0 0 1 0 0 0 0 0 0 0 0 0 0 0 0 0 1 0 0
1658259811.747145 -- INFO: Process Status Bits are: 0 0 0 1 0 0 0 0 0 0 0 1 0 0 0 1 0 0 0 0 0 0 0 0 0 0 0 0 0 1 0 0
1658259811.747347 -- INFO: Process 29 shutdown itself from outest loop
1658259811.747419 -- INFO: Process 11 shutdown itself from outest loop
1658259811.747547 -- INFO: Process Status Bits are: 0 0 0 1 0 0 0 0 0 0 0 0 0 0 0 1 0 0 0 0 0 0 0 0 0 0 0 0 0 0 0 0
1658259811.747588 -- INFO: Process Status Bits are: 0 0 0 1 0 0 0 0 0 0 0 0 0 0 0 1 0 0 0 0 0 0 0 0 0 0 0 0 0 0 0 0
1658259811.747868 -- INFO: Process 15 shutdown itself from outest loop
1658259811.748071 -- INFO: Process Status Bits are: 0 0 0 0 0 0 0 0 0 0 0 0 0 0 0 0 0 0 0 0 0 0 0 0 0 0 0 0 0 0 0 0
1658259811.748063 -- INFO: Process 3 shutdown itself from outest loop
1658259811.748257 -- INFO: Process Status Bits are: 0 0 0 0 0 0 0 0 0 0 0 0 0 0 0 0 0 0 0 0 0 0 0 0 0 0 0 0 0 0 0 0
