1658189416.432816 -- INFO: Changing concurrency to 8 ******
1658189416.437177 -- INFO: Process Status Bits from change concurrency are: 1 1 1 1 1 1 1 1 0 0 0 0 0 0 0 0 0 0 0 0 0 0 0 0 0 0 0 0 0 0 0 0
1658189416.439114 -- INFO: Active CC: 8
1658189416.452294 -- INFO: Start Process :: 5
1658189416.453382 -- INFO: Start Process :: 2
1658189416.454607 -- INFO: Start Process :: 1
1658189416.458434 -- INFO: Process 5 get item 0 from queue and executing
1658189416.458753 -- INFO: starting 5, 0, /home/hjamil/Documents/files_processed_small/7g.img
1658189416.459549 -- INFO: Process 2 get item 1 from queue and executing
1658189416.459799 -- INFO: starting 2, 1, /home/hjamil/Documents/files_processed_small/5g.img
1658189416.461590 -- INFO: Start Process :: 6
1658189416.462388 -- INFO: Process 1 get item 2 from queue and executing
1658189416.462722 -- INFO: starting 1, 2, /home/hjamil/Documents/files_processed_small/input4.txt
1658189416.465411 -- INFO: Start Process :: 0
1658189416.466111 -- INFO: Start Process :: 3
1658189416.467714 -- INFO: Process 6 get item 3 from queue and executing
1658189416.468038 -- INFO: starting 6, 3, /home/hjamil/Documents/files_processed_small/1g.img
1658189416.469541 -- INFO: Process 0 get item 4 from queue and executing
1658189416.470054 -- INFO: starting 0, 4, /home/hjamil/Documents/files_processed_small/6g.img
1658189416.471497 -- INFO: Start Process :: 4
1658189416.472970 -- INFO: Process 3 get item 5 from queue and executing
1658189416.473268 -- INFO: starting 3, 5, /home/hjamil/Documents/files_processed_small/3g.img
1658189416.475103 -- INFO: Process 4 get item 6 from queue and executing
1658189416.475362 -- INFO: starting 4, 6, /home/hjamil/Documents/files_processed_small/4g.img
1658189416.483574 -- INFO: Start Process :: 7
1658189416.486385 -- INFO: Process 7 get item 7 from queue and executing
1658189416.486729 -- INFO: starting 7, 7, /home/hjamil/Documents/files_processed_small/input1.txt
1658189416.494107 -- INFO: Throughput @0.1s:83.89Mbps, rtt :3.13ms cwnd: 48.9 lossRate: 0.0 CC:8 goodput:889Mbps score:-72.0 
1658189417.495604 -- INFO: Throughput @1.1s:880.8Mbps, rtt :5.35ms cwnd: 117.6 lossRate: 0.0 CC:8 goodput:833Mbps score:-752.0 
1658189418.494734 -- INFO: Throughput @2.1s:872.42Mbps, rtt :5.29ms cwnd: 121.1 lossRate: 0.0 CC:8 goodput:1008Mbps score:-745.0 
1658189419.442647 -- INFO: Changing concurrency to 8 ******
1658189419.448982 -- INFO: Process Status Bits from change concurrency are: 1 1 1 1 1 1 1 1 0 0 0 0 0 0 0 0 0 0 0 0 0 0 0 0 0 0 0 0 0 0 0 0
1658189419.457630 -- INFO: Active CC: 8
1658189419.494791 -- INFO: Throughput @3.1s:872.42Mbps, rtt :5.59ms cwnd: 121.1 lossRate: 0.0 CC:8 goodput:1012Mbps score:-745.0 
1658189420.495035 -- INFO: Throughput @4.1s:880.8Mbps, rtt :5.6ms cwnd: 121.1 lossRate: 0.0 CC:8 goodput:963Mbps score:-752.0 
1658189421.497814 -- INFO: Throughput @5.1s:880.8Mbps, rtt :5.44ms cwnd: 121.1 lossRate: 0.0 CC:8 goodput:850Mbps score:-752.0 
1658189422.461347 -- INFO: Changing concurrency to 8 ******
1658189422.466274 -- INFO: Process Status Bits from change concurrency are: 1 1 1 1 1 1 1 1 0 0 0 0 0 0 0 0 0 0 0 0 0 0 0 0 0 0 0 0 0 0 0 0
1658189422.472903 -- INFO: Active CC: 8
1658189422.498708 -- INFO: Throughput @6.1s:897.58Mbps, rtt :5.35ms cwnd: 150.9 lossRate: 0.0 CC:8 goodput:846Mbps score:-766.0 
1658189423.501778 -- INFO: Throughput @7.1s:889.19Mbps, rtt :5.36ms cwnd: 150.9 lossRate: 0.0 CC:8 goodput:1035Mbps score:-759.0 
1658189424.501013 -- INFO: Throughput @8.1s:872.42Mbps, rtt :5.54ms cwnd: 150.9 lossRate: 0.0 CC:8 goodput:1022Mbps score:-745.0 
1658189425.477617 -- INFO: Changing concurrency to 8 ******
1658189425.485175 -- INFO: Process Status Bits from change concurrency are: 1 1 1 1 1 1 1 1 0 0 0 0 0 0 0 0 0 0 0 0 0 0 0 0 0 0 0 0 0 0 0 0
1658189425.488926 -- INFO: Active CC: 8
1658189425.502053 -- INFO: Throughput @9.1s:880.8Mbps, rtt :5.42ms cwnd: 150.9 lossRate: 0.0 CC:8 goodput:1084Mbps score:-752.0 
1658189426.503889 -- INFO: Throughput @10.1s:872.42Mbps, rtt :5.62ms cwnd: 150.9 lossRate: 0.0 CC:8 goodput:859Mbps score:-745.0 
1658189427.503013 -- INFO: Throughput @11.1s:897.58Mbps, rtt :9.29ms cwnd: 220.9 lossRate: 0.0 CC:8 goodput:866Mbps score:-766.0 
1658189428.493661 -- INFO: Changing concurrency to 8 ******
1658189428.500781 -- INFO: Process Status Bits from change concurrency are: 1 1 1 1 1 1 1 1 0 0 0 0 0 0 0 0 0 0 0 0 0 0 0 0 0 0 0 0 0 0 0 0
1658189428.501467 -- INFO: Active CC: 8
1658189428.506266 -- INFO: Throughput @12.1s:897.58Mbps, rtt :11.32ms cwnd: 237.0 lossRate: 0.0 CC:8 goodput:831Mbps score:-766.0 
1658189429.503624 -- INFO: Throughput @13.1s:897.58Mbps, rtt :7.32ms cwnd: 285.4 lossRate: 0.0005926745426528112 CC:8 goodput:863Mbps score:-761.0 
1658189430.508414 -- INFO: Throughput @14.1s:889.19Mbps, rtt :7.72ms cwnd: 285.4 lossRate: 0.0 CC:8 goodput:971Mbps score:-759.0 
1658189431.506132 -- INFO: Changing concurrency to 8 ******
1658189431.507353 -- INFO: Process Status Bits from change concurrency are: 1 1 1 1 1 1 1 1 0 0 0 0 0 0 0 0 0 0 0 0 0 0 0 0 0 0 0 0 0 0 0 0
1658189431.508172 -- INFO: Active CC: 8
1658189431.508256 -- INFO: Throughput @15.1s:872.42Mbps, rtt :7.44ms cwnd: 285.4 lossRate: 0.0 CC:8 goodput:883Mbps score:-745.0 
1658189432.508961 -- INFO: Throughput @16.1s:872.42Mbps, rtt :6.67ms cwnd: 271.9 lossRate: 0.0005924872615238773 CC:8 goodput:1058Mbps score:-739.0 
1658189433.509346 -- INFO: Throughput @17.1s:872.42Mbps, rtt :7.84ms cwnd: 271.9 lossRate: 0.0 CC:8 goodput:886Mbps score:-745.0 
1658189434.509826 -- INFO: Throughput @18.1s:897.58Mbps, rtt :7.32ms cwnd: 271.9 lossRate: 0.0 CC:8 goodput:811Mbps score:-766.0 
1658189434.512580 -- INFO: Changing concurrency to 8 ******
1658189434.518900 -- INFO: Process Status Bits from change concurrency are: 1 1 1 1 1 1 1 1 0 0 0 0 0 0 0 0 0 0 0 0 0 0 0 0 0 0 0 0 0 0 0 0
1658189434.526252 -- INFO: Active CC: 8
1658189435.512929 -- INFO: Throughput @19.1s:880.8Mbps, rtt :7.96ms cwnd: 271.9 lossRate: 0.0 CC:8 goodput:982Mbps score:-752.0 
1658189436.512495 -- INFO: Throughput @20.1s:880.8Mbps, rtt :7.18ms cwnd: 271.9 lossRate: 0.0 CC:8 goodput:892Mbps score:-752.0 
1658189437.510546 -- INFO: Throughput @21.1s:880.8Mbps, rtt :8.48ms cwnd: 271.9 lossRate: 0.0 CC:8 goodput:896Mbps score:-752.0 
1658189437.529415 -- INFO: Changing concurrency to 8 ******
1658189437.536921 -- INFO: Process Status Bits from change concurrency are: 1 1 1 1 1 1 1 1 0 0 0 0 0 0 0 0 0 0 0 0 0 0 0 0 0 0 0 0 0 0 0 0
1658189437.543858 -- INFO: Active CC: 8
1658189438.514916 -- INFO: Throughput @22.1s:889.19Mbps, rtt :8.54ms cwnd: 271.9 lossRate: 0.0 CC:8 goodput:784Mbps score:-759.0 
1658189439.516059 -- INFO: Throughput @23.1s:872.42Mbps, rtt :7.13ms cwnd: 271.9 lossRate: 0.0 CC:8 goodput:1026Mbps score:-745.0 
1658189440.517109 -- INFO: Throughput @24.1s:872.42Mbps, rtt :6.61ms cwnd: 271.9 lossRate: 0.0 CC:8 goodput:989Mbps score:-745.0 
1658189440.548825 -- INFO: Changing concurrency to 8 ******
1658189440.555509 -- INFO: Process Status Bits from change concurrency are: 1 1 1 1 1 1 1 1 0 0 0 0 0 0 0 0 0 0 0 0 0 0 0 0 0 0 0 0 0 0 0 0
1658189440.563031 -- INFO: Active CC: 8
1658189441.516838 -- INFO: Throughput @25.1s:872.42Mbps, rtt :7.53ms cwnd: 271.9 lossRate: 0.0 CC:8 goodput:1029Mbps score:-745.0 
1658189442.518356 -- INFO: Throughput @26.1s:872.42Mbps, rtt :7.2ms cwnd: 271.9 lossRate: 0.0 CC:8 goodput:710Mbps score:-745.0 
1658189443.515069 -- INFO: Throughput @27.1s:897.58Mbps, rtt :7.33ms cwnd: 271.9 lossRate: 0.0 CC:8 goodput:726Mbps score:-766.0 
1658189443.565641 -- INFO: Changing concurrency to 8 ******
1658189443.570910 -- INFO: Process Status Bits from change concurrency are: 1 1 1 1 1 1 1 1 0 0 0 0 0 0 0 0 0 0 0 0 0 0 0 0 0 0 0 0 0 0 0 0
1658189443.575158 -- INFO: Active CC: 8
1658189444.518088 -- INFO: Throughput @28.1s:889.19Mbps, rtt :7.5ms cwnd: 271.9 lossRate: 0.0 CC:8 goodput:776Mbps score:-759.0 
1658189445.522781 -- INFO: Throughput @29.1s:872.42Mbps, rtt :7.35ms cwnd: 271.9 lossRate: 0.0 CC:8 goodput:1063Mbps score:-745.0 
1658189446.522059 -- INFO: Throughput @30.1s:880.8Mbps, rtt :11.18ms cwnd: 285.1 lossRate: 0.0 CC:8 goodput:764Mbps score:-752.0 
1658189446.577470 -- INFO: Changing concurrency to 8 ******
1658189446.583939 -- INFO: Process Status Bits from change concurrency are: 1 1 1 1 1 1 1 1 0 0 0 0 0 0 0 0 0 0 0 0 0 0 0 0 0 0 0 0 0 0 0 0
1658189446.584770 -- INFO: Active CC: 8
1658189447.522851 -- INFO: Throughput @31.1s:897.58Mbps, rtt :10.41ms cwnd: 285.1 lossRate: 0.0 CC:8 goodput:815Mbps score:-766.0 
1658189448.522484 -- INFO: Throughput @32.1s:914.36Mbps, rtt :13.61ms cwnd: 409.9 lossRate: 0.002363321254135812 CC:8 goodput:876Mbps score:-759.0 
1658189449.524268 -- INFO: Throughput @33.1s:889.19Mbps, rtt :11.63ms cwnd: 395.5 lossRate: 0.0005900246499187077 CC:8 goodput:771Mbps score:-754.0 
1658189449.589573 -- INFO: Changing concurrency to 8 ******
1658189449.596556 -- INFO: Process Status Bits from change concurrency are: 1 1 1 1 1 1 1 1 0 0 0 0 0 0 0 0 0 0 0 0 0 0 0 0 0 0 0 0 0 0 0 0
1658189449.603621 -- INFO: Active CC: 8
1658189450.525729 -- INFO: Throughput @34.1s:872.42Mbps, rtt :14.0ms cwnd: 430.0 lossRate: 0.0 CC:8 goodput:865Mbps score:-745.0 
1658189451.526328 -- INFO: Throughput @35.1s:889.19Mbps, rtt :7.79ms cwnd: 313.6 lossRate: 0.004114581292370391 CC:8 goodput:1097Mbps score:-722.0 
1658189452.527361 -- INFO: Throughput @36.1s:880.8Mbps, rtt :7.5ms cwnd: 300.1 lossRate: 0.0005916459590580997 CC:8 goodput:1096Mbps score:-747.0 
1658189452.608744 -- INFO: Changing concurrency to 8 ******
1658189452.615394 -- INFO: Process Status Bits from change concurrency are: 1 1 1 1 1 1 1 1 0 0 0 0 0 0 0 0 0 0 0 0 0 0 0 0 0 0 0 0 0 0 0 0
1658189452.620402 -- INFO: Active CC: 8
1658189453.528982 -- INFO: Throughput @37.1s:880.8Mbps, rtt :7.48ms cwnd: 300.1 lossRate: 0.0 CC:8 goodput:895Mbps score:-752.0 
1658189454.527729 -- INFO: Throughput @38.1s:872.42Mbps, rtt :7.67ms cwnd: 300.1 lossRate: 0.0 CC:8 goodput:1059Mbps score:-745.0 
1658189455.532008 -- INFO: Throughput @39.1s:897.58Mbps, rtt :7.72ms cwnd: 300.1 lossRate: 0.0 CC:8 goodput:1045Mbps score:-766.0 
1658189455.625370 -- INFO: Changing concurrency to 8 ******
1658189455.632226 -- INFO: Process Status Bits from change concurrency are: 1 1 1 1 1 1 1 1 0 0 0 0 0 0 0 0 0 0 0 0 0 0 0 0 0 0 0 0 0 0 0 0
1658189455.639485 -- INFO: Active CC: 8
1658189456.531672 -- INFO: Throughput @40.1s:847.25Mbps, rtt :20.81ms cwnd: 318.2 lossRate: 0.0 CC:8 goodput:695Mbps score:-723.0 
1658189457.533461 -- INFO: Throughput @41.1s:905.97Mbps, rtt :11.41ms cwnd: 330.6 lossRate: 0.0 CC:8 goodput:778Mbps score:-773.0 
1658189458.534039 -- INFO: Throughput @42.1s:872.42Mbps, rtt :11.39ms cwnd: 354.9 lossRate: 0.0 CC:8 goodput:840Mbps score:-745.0 
1658189458.644382 -- INFO: Changing concurrency to 8 ******
1658189458.651541 -- INFO: Process Status Bits from change concurrency are: 1 1 1 1 1 1 1 1 0 0 0 0 0 0 0 0 0 0 0 0 0 0 0 0 0 0 0 0 0 0 0 0
1658189458.658686 -- INFO: Active CC: 8
1658189459.532780 -- INFO: Throughput @43.1s:872.42Mbps, rtt :16.14ms cwnd: 361.0 lossRate: 0.0 CC:8 goodput:819Mbps score:-745.0 
1658189460.535517 -- INFO: Throughput @44.1s:897.58Mbps, rtt :8.7ms cwnd: 316.9 lossRate: 0.001766830698356193 CC:8 goodput:946Mbps score:-750.0 
1658189461.537063 -- INFO: Throughput @45.1s:889.19Mbps, rtt :6.84ms cwnd: 303.0 lossRate: 0.0005898235772144599 CC:8 goodput:1137Mbps score:-754.0 
1658189461.661849 -- INFO: Changing concurrency to 8 ******
1658189461.668375 -- INFO: Process Status Bits from change concurrency are: 1 1 1 1 1 1 1 1 0 0 0 0 0 0 0 0 0 0 0 0 0 0 0 0 0 0 0 0 0 0 0 0
1658189461.675633 -- INFO: Active CC: 8
1658189462.537239 -- INFO: Throughput @46.1s:872.42Mbps, rtt :7.39ms cwnd: 303.0 lossRate: 0.0 CC:8 goodput:959Mbps score:-745.0 
1658189463.539373 -- INFO: Throughput @47.1s:872.42Mbps, rtt :8.23ms cwnd: 303.0 lossRate: 0.0 CC:8 goodput:777Mbps score:-745.0 
1658189464.539491 -- INFO: Throughput @48.1s:872.42Mbps, rtt :7.84ms cwnd: 303.0 lossRate: 0.0 CC:8 goodput:1004Mbps score:-745.0 
1658189464.680744 -- INFO: Changing concurrency to 8 ******
1658189464.685789 -- INFO: Process Status Bits from change concurrency are: 1 1 1 1 1 1 1 1 0 0 0 0 0 0 0 0 0 0 0 0 0 0 0 0 0 0 0 0 0 0 0 0
1658189464.693691 -- INFO: Active CC: 8
1658189465.540614 -- INFO: Throughput @49.1s:889.19Mbps, rtt :15.77ms cwnd: 329.8 lossRate: 0.0 CC:8 goodput:841Mbps score:-759.0 
1658189466.537990 -- INFO: Throughput @50.1s:880.8Mbps, rtt :15.58ms cwnd: 351.2 lossRate: 0.0 CC:8 goodput:783Mbps score:-752.0 
1658189467.543157 -- INFO: Throughput @51.1s:889.19Mbps, rtt :13.88ms cwnd: 344.1 lossRate: 0.000589290625040923 CC:8 goodput:821Mbps score:-754.0 
1658189467.697695 -- INFO: Changing concurrency to 8 ******
1658189467.705322 -- INFO: Process Status Bits from change concurrency are: 1 1 1 1 1 1 1 1 0 0 0 0 0 0 0 0 0 0 0 0 0 0 0 0 0 0 0 0 0 0 0 0
1658189467.712291 -- INFO: Active CC: 8
1658189468.544347 -- INFO: Throughput @52.1s:880.8Mbps, rtt :7.91ms cwnd: 300.2 lossRate: 0.002359016028203347 CC:8 goodput:916Mbps score:-731.0 
1658189469.545437 -- INFO: Throughput @53.1s:872.42Mbps, rtt :7.69ms cwnd: 300.2 lossRate: 0.0 CC:8 goodput:873Mbps score:-745.0 
1658189470.544971 -- INFO: Throughput @54.1s:872.42Mbps, rtt :7.76ms cwnd: 300.2 lossRate: 0.0 CC:8 goodput:925Mbps score:-745.0 
1658189470.717966 -- INFO: Changing concurrency to 8 ******
1658189470.726401 -- INFO: Process Status Bits from change concurrency are: 1 1 1 1 1 1 1 1 0 0 0 0 0 0 0 0 0 0 0 0 0 0 0 0 0 0 0 0 0 0 0 0
1658189470.731080 -- INFO: Active CC: 8
1658189470.958222 -- INFO: Process 7 finished on working on file 7 
1658189470.958960 -- INFO: Process 7 get item 8 from queue and executing
1658189470.959434 -- INFO: starting 7, 8, /home/hjamil/Documents/files_processed_small/2g.img
1658189471.546924 -- INFO: Throughput @55.1s:891.34Mbps, rtt :14.62ms cwnd: 316.6 lossRate: 0.0 CC:8 goodput:784Mbps score:-761.0 
1658189472.546046 -- INFO: Throughput @56.1s:872.42Mbps, rtt :8.43ms cwnd: 300.4 lossRate: 0.0005926901547579848 CC:8 goodput:796Mbps score:-739.0 
1658189473.544648 -- INFO: Throughput @57.1s:889.19Mbps, rtt :8.03ms cwnd: 300.4 lossRate: 0.0 CC:8 goodput:941Mbps score:-759.0 
1658189473.735111 -- INFO: Changing concurrency to 8 ******
1658189473.743502 -- INFO: Process Status Bits from change concurrency are: 1 1 1 1 1 1 1 1 0 0 0 0 0 0 0 0 0 0 0 0 0 0 0 0 0 0 0 0 0 0 0 0
1658189473.750765 -- INFO: Active CC: 8
1658189474.550163 -- INFO: Throughput @58.1s:889.19Mbps, rtt :8.17ms cwnd: 300.4 lossRate: 0.0 CC:8 goodput:880Mbps score:-759.0 
1658189475.549780 -- INFO: Throughput @59.1s:880.8Mbps, rtt :7.78ms cwnd: 300.4 lossRate: 0.0 CC:8 goodput:840Mbps score:-752.0 
1658189476.551717 -- INFO: Throughput @60.1s:872.42Mbps, rtt :7.87ms cwnd: 300.4 lossRate: 0.0 CC:8 goodput:927Mbps score:-745.0 
1658189476.753518 -- INFO: Changing concurrency to 8 ******
1658189476.760213 -- INFO: Process Status Bits from change concurrency are: 1 1 1 1 1 1 1 1 0 0 0 0 0 0 0 0 0 0 0 0 0 0 0 0 0 0 0 0 0 0 0 0
1658189476.767547 -- INFO: Active CC: 8
1658189477.550282 -- INFO: Throughput @61.1s:880.8Mbps, rtt :7.54ms cwnd: 300.4 lossRate: 0.0 CC:8 goodput:867Mbps score:-752.0 
1658189478.551193 -- INFO: Throughput @62.1s:872.42Mbps, rtt :7.04ms cwnd: 300.4 lossRate: 0.0 CC:8 goodput:894Mbps score:-745.0 
1658189479.553781 -- INFO: Throughput @63.1s:872.42Mbps, rtt :14.41ms cwnd: 348.9 lossRate: 0.0 CC:8 goodput:815Mbps score:-745.0 
1658189479.772570 -- INFO: Changing concurrency to 8 ******
1658189479.779169 -- INFO: Process Status Bits from change concurrency are: 1 1 1 1 1 1 1 1 0 0 0 0 0 0 0 0 0 0 0 0 0 0 0 0 0 0 0 0 0 0 0 0
1658189479.787502 -- INFO: Active CC: 8
1658189480.553588 -- INFO: Throughput @64.1s:889.19Mbps, rtt :8.56ms cwnd: 298.5 lossRate: 0.0035369943408090545 CC:8 goodput:934Mbps score:-727.0 
1658189481.556542 -- INFO: Throughput @65.1s:880.8Mbps, rtt :7.64ms cwnd: 310.4 lossRate: 0.0 CC:8 goodput:890Mbps score:-752.0 
1658189481.878249 -- INFO: Process 1 finished on working on file 2 
1658189481.878948 -- INFO: Process 1 get item 9 from queue and executing
1658189481.879433 -- INFO: starting 1, 9, /home/hjamil/Documents/files_processed_small/input2.txt
1658189482.557924 -- INFO: Throughput @66.1s:891.77Mbps, rtt :7.74ms cwnd: 334.6 lossRate: 0.0 CC:8 goodput:886Mbps score:-761.0 
1658189482.789795 -- INFO: Changing concurrency to 8 ******
1658189482.798182 -- INFO: Process Status Bits from change concurrency are: 1 1 1 1 1 1 1 1 0 0 0 0 0 0 0 0 0 0 0 0 0 0 0 0 0 0 0 0 0 0 0 0
1658189482.804385 -- INFO: Active CC: 8
1658189483.556154 -- INFO: Throughput @67.1s:872.42Mbps, rtt :14.65ms cwnd: 331.0 lossRate: 0.0005958055290753099 CC:8 goodput:865Mbps score:-739.0 
1658189484.556452 -- INFO: Throughput @68.1s:880.8Mbps, rtt :11.5ms cwnd: 340.1 lossRate: 0.0 CC:8 goodput:813Mbps score:-752.0 
1658189485.559342 -- INFO: Throughput @69.1s:889.19Mbps, rtt :12.51ms cwnd: 356.9 lossRate: 0.0 CC:8 goodput:901Mbps score:-759.0 
1658189485.809515 -- INFO: Changing concurrency to 8 ******
1658189485.817368 -- INFO: Process Status Bits from change concurrency are: 1 1 1 1 1 1 1 1 0 0 0 0 0 0 0 0 0 0 0 0 0 0 0 0 0 0 0 0 0 0 0 0
1658189485.824777 -- INFO: Active CC: 8
1658189486.561349 -- INFO: Throughput @70.1s:872.42Mbps, rtt :10.33ms cwnd: 357.1 lossRate: 0.0 CC:8 goodput:801Mbps score:-745.0 
1658189487.561225 -- INFO: Throughput @71.1s:872.42Mbps, rtt :13.64ms cwnd: 368.8 lossRate: 0.0 CC:8 goodput:865Mbps score:-745.0 
1658189488.563047 -- INFO: Throughput @72.1s:880.8Mbps, rtt :13.89ms cwnd: 369.8 lossRate: 0.0 CC:8 goodput:848Mbps score:-752.0 
1658189488.829406 -- INFO: Changing concurrency to 8 ******
1658189488.836467 -- INFO: Process Status Bits from change concurrency are: 1 1 1 1 1 1 1 1 0 0 0 0 0 0 0 0 0 0 0 0 0 0 0 0 0 0 0 0 0 0 0 0
1658189488.843285 -- INFO: Active CC: 8
1658189489.561636 -- INFO: Throughput @73.1s:880.8Mbps, rtt :8.09ms cwnd: 310.4 lossRate: 0.002363321254135812 CC:8 goodput:888Mbps score:-731.0 
1658189490.564237 -- INFO: Throughput @74.1s:889.19Mbps, rtt :7.8ms cwnd: 310.4 lossRate: 0.0 CC:8 goodput:971Mbps score:-759.0 
1658189491.566191 -- INFO: Throughput @75.1s:872.42Mbps, rtt :8.54ms cwnd: 310.4 lossRate: 0.0 CC:8 goodput:872Mbps score:-745.0 
1658189491.845670 -- INFO: Changing concurrency to 8 ******
1658189491.854039 -- INFO: Process Status Bits from change concurrency are: 1 1 1 1 1 1 1 1 0 0 0 0 0 0 0 0 0 0 0 0 0 0 0 0 0 0 0 0 0 0 0 0
1658189491.860260 -- INFO: Active CC: 8
1658189492.565271 -- INFO: Throughput @76.1s:889.19Mbps, rtt :7.93ms cwnd: 310.4 lossRate: 0.0 CC:8 goodput:969Mbps score:-759.0 
1658189493.564429 -- INFO: Throughput @77.1s:872.42Mbps, rtt :8.33ms cwnd: 310.4 lossRate: 0.0 CC:8 goodput:913Mbps score:-745.0 
1658189494.328643 -- INFO: Process 2 finished on working on file 1 
1658189494.329415 -- INFO: Process 2 get item 10 from queue and executing
1658189494.329927 -- INFO: starting 2, 10, /home/hjamil/Documents/files_processed_small/input3.txt
1658189494.347674 -- INFO: Process 3 finished on working on file 5 
1658189494.348436 -- INFO: Process 3 get item 11 from queue and executing
1658189494.348810 -- INFO: starting 3, 11, /home/hjamil/Documents/files_processed_small/8g.img
1658189494.387568 -- INFO: Process 4 finished on working on file 6 
1658189494.500771 -- INFO: Process 5 finished on working on file 0 
1658189494.515216 -- INFO: Process 6 finished on working on file 3 
1658189494.543061 -- INFO: Process 0 finished on working on file 4 
1658189494.570809 -- INFO: Throughput @78.1s:864.03Mbps, rtt :11.66ms cwnd: 349.8 lossRate: 0.00059049693597701 CC:8 goodput:900Mbps score:-732.0 
1658189494.865113 -- INFO: Changing concurrency to 8 ******
1658189494.866908 -- INFO: Process Status Bits from change concurrency are: 1 1 1 1 1 1 1 1 0 0 0 0 0 0 0 0 0 0 0 0 0 0 0 0 0 0 0 0 0 0 0 0
1658189494.868053 -- INFO: Active CC: 8
1658189495.570899 -- INFO: Throughput @79.1s:788.53Mbps, rtt :6.78ms cwnd: 570.5 lossRate: 0 CC:8 goodput:558Mbps score:-673.0 
1658189496.566508 -- INFO: Throughput @80.1s:889.19Mbps, rtt :6.33ms cwnd: 577.0 lossRate: 0.0 CC:8 goodput:830Mbps score:-759.0 
1658189497.570390 -- INFO: Throughput @81.1s:880.8Mbps, rtt :5.55ms cwnd: 423.0 lossRate: 0.0017741914286840757 CC:8 goodput:758Mbps score:-736.0 
1658189497.873102 -- INFO: Changing concurrency to 8 ******
1658189497.874134 -- INFO: Process Status Bits from change concurrency are: 1 1 1 1 1 1 1 1 0 0 0 0 0 0 0 0 0 0 0 0 0 0 0 0 0 0 0 0 0 0 0 0
1658189497.875836 -- INFO: Active CC: 8
1658189498.568982 -- INFO: Throughput @82.1s:872.42Mbps, rtt :5.79ms cwnd: 423.0 lossRate: 0.0 CC:8 goodput:811Mbps score:-745.0 
1658189499.571343 -- INFO: Throughput @83.1s:880.8Mbps, rtt :5.55ms cwnd: 423.0 lossRate: 0.0 CC:8 goodput:875Mbps score:-752.0 
1658189500.569719 -- INFO: Throughput @84.1s:872.42Mbps, rtt :5.73ms cwnd: 423.0 lossRate: 0.0 CC:8 goodput:794Mbps score:-745.0 
1658189500.880416 -- INFO: Changing concurrency to 8 ******
1658189500.881580 -- INFO: Process Status Bits from change concurrency are: 1 1 1 1 1 1 1 1 0 0 0 0 0 0 0 0 0 0 0 0 0 0 0 0 0 0 0 0 0 0 0 0
1658189500.882635 -- INFO: Active CC: 8
1658189501.577714 -- INFO: Throughput @85.1s:880.8Mbps, rtt :5.74ms cwnd: 423.0 lossRate: 0.0 CC:8 goodput:952Mbps score:-752.0 
1658189502.576111 -- INFO: Throughput @86.1s:880.8Mbps, rtt :5.4ms cwnd: 423.0 lossRate: 0.0 CC:8 goodput:819Mbps score:-752.0 
1658189503.576733 -- INFO: Throughput @87.1s:889.19Mbps, rtt :5.52ms cwnd: 423.0 lossRate: 0.0 CC:8 goodput:740Mbps score:-759.0 
1658189503.884914 -- INFO: Changing concurrency to 8 ******
1658189503.887351 -- INFO: Process Status Bits from change concurrency are: 1 1 1 1 1 1 1 1 0 0 0 0 0 0 0 0 0 0 0 0 0 0 0 0 0 0 0 0 0 0 0 0
1658189503.889399 -- INFO: Active CC: 8
1658189504.574322 -- INFO: Throughput @88.1s:838.86Mbps, rtt :5.38ms cwnd: 423.0 lossRate: 0.0 CC:8 goodput:1009Mbps score:-716.0 
1658189505.575478 -- INFO: Throughput @89.1s:905.97Mbps, rtt :6.16ms cwnd: 423.0 lossRate: 0.0 CC:8 goodput:834Mbps score:-773.0 
1658189506.579910 -- INFO: Throughput @90.1s:880.8Mbps, rtt :5.65ms cwnd: 423.0 lossRate: 0.0 CC:8 goodput:915Mbps score:-752.0 
1658189506.893054 -- INFO: Changing concurrency to 8 ******
1658189506.894235 -- INFO: Process Status Bits from change concurrency are: 1 1 1 1 1 1 1 1 0 0 0 0 0 0 0 0 0 0 0 0 0 0 0 0 0 0 0 0 0 0 0 0
1658189506.896236 -- INFO: Active CC: 8
1658189507.576484 -- INFO: Throughput @91.1s:872.42Mbps, rtt :5.59ms cwnd: 423.0 lossRate: 0.0 CC:8 goodput:912Mbps score:-745.0 
1658189508.584355 -- INFO: Throughput @92.1s:880.8Mbps, rtt :5.78ms cwnd: 423.0 lossRate: 0.0 CC:8 goodput:909Mbps score:-752.0 
1658189509.580695 -- INFO: Throughput @93.1s:880.8Mbps, rtt :5.69ms cwnd: 423.0 lossRate: 0.0 CC:8 goodput:739Mbps score:-752.0 
1658189509.901413 -- INFO: Changing concurrency to 8 ******
1658189509.901937 -- INFO: Process Status Bits from change concurrency are: 1 1 1 1 1 1 1 1 0 0 0 0 0 0 0 0 0 0 0 0 0 0 0 0 0 0 0 0 0 0 0 0
1658189509.903466 -- INFO: Active CC: 8
1658189510.585786 -- INFO: Throughput @94.1s:872.42Mbps, rtt :5.58ms cwnd: 423.0 lossRate: 0.0 CC:8 goodput:791Mbps score:-745.0 
1658189511.588720 -- INFO: Throughput @95.1s:872.42Mbps, rtt :6.0ms cwnd: 423.0 lossRate: 0.0 CC:8 goodput:951Mbps score:-745.0 
1658189512.589729 -- INFO: Throughput @96.1s:889.19Mbps, rtt :5.41ms cwnd: 423.0 lossRate: 0.0 CC:8 goodput:731Mbps score:-759.0 
1658189512.905114 -- INFO: Changing concurrency to 8 ******
1658189512.906318 -- INFO: Process Status Bits from change concurrency are: 1 1 1 1 1 1 1 1 0 0 0 0 0 0 0 0 0 0 0 0 0 0 0 0 0 0 0 0 0 0 0 0
1658189512.906864 -- INFO: Active CC: 8
1658189513.582715 -- INFO: Throughput @97.1s:872.42Mbps, rtt :5.56ms cwnd: 423.0 lossRate: 0.0 CC:8 goodput:915Mbps score:-745.0 
1658189514.585183 -- INFO: Throughput @98.1s:872.42Mbps, rtt :5.56ms cwnd: 423.0 lossRate: 0.0 CC:8 goodput:744Mbps score:-745.0 
1658189515.588125 -- INFO: Throughput @99.1s:872.42Mbps, rtt :5.82ms cwnd: 423.0 lossRate: 0.0 CC:8 goodput:714Mbps score:-745.0 
1658189515.908920 -- INFO: Changing concurrency to 8 ******
1658189515.909645 -- INFO: Process Status Bits from change concurrency are: 1 1 1 1 1 1 1 1 0 0 0 0 0 0 0 0 0 0 0 0 0 0 0 0 0 0 0 0 0 0 0 0
1658189515.911102 -- INFO: Active CC: 8
1658189516.586544 -- INFO: Throughput @100.1s:897.58Mbps, rtt :5.69ms cwnd: 423.0 lossRate: 0.0 CC:8 goodput:866Mbps score:-766.0 
1658189517.592997 -- INFO: Throughput @101.1s:864.03Mbps, rtt :5.36ms cwnd: 423.0 lossRate: 0.0 CC:8 goodput:736Mbps score:-737.0 
1658189518.587926 -- INFO: Throughput @102.1s:889.19Mbps, rtt :6.33ms cwnd: 423.0 lossRate: 0.0 CC:8 goodput:790Mbps score:-759.0 
1658189518.913152 -- INFO: Changing concurrency to 8 ******
1658189518.914088 -- INFO: Process Status Bits from change concurrency are: 1 1 1 1 1 1 1 1 0 0 0 0 0 0 0 0 0 0 0 0 0 0 0 0 0 0 0 0 0 0 0 0
1658189518.915003 -- INFO: Active CC: 8
1658189519.590554 -- INFO: Throughput @103.1s:872.42Mbps, rtt :5.56ms cwnd: 423.0 lossRate: 0.0 CC:8 goodput:781Mbps score:-745.0 
1658189520.588881 -- INFO: Throughput @104.1s:864.03Mbps, rtt :5.87ms cwnd: 423.0 lossRate: 0.0 CC:8 goodput:618Mbps score:-737.0 
1658189521.018844 -- INFO: Process 7 finished on working on file 8 
1658189521.596640 -- INFO: Throughput @105.2s:777.85Mbps, rtt :7.3ms cwnd: 753.7 lossRate: 0 CC:8 goodput:831Mbps score:-664.0 
1658189521.917133 -- INFO: Changing concurrency to 8 ******
1658189521.919721 -- INFO: Process Status Bits from change concurrency are: 1 1 1 1 1 1 1 1 0 0 0 0 0 0 0 0 0 0 0 0 0 0 0 0 0 0 0 0 0 0 0 0
1658189521.920967 -- INFO: Active CC: 8
1658189522.593943 -- INFO: Throughput @106.2s:872.42Mbps, rtt :6.21ms cwnd: 899.3 lossRate: 0.0006008732691511663 CC:8 goodput:1078Mbps score:-739.0 
1658189523.591272 -- INFO: Throughput @107.2s:880.8Mbps, rtt :6.97ms cwnd: 899.3 lossRate: 0.0 CC:8 goodput:866Mbps score:-752.0 
1658189524.603606 -- INFO: Throughput @108.2s:872.42Mbps, rtt :7.25ms cwnd: 899.3 lossRate: 0.0 CC:8 goodput:774Mbps score:-745.0 
1658189524.925474 -- INFO: Changing concurrency to 8 ******
1658189524.926640 -- INFO: Process Status Bits from change concurrency are: 1 1 1 1 1 1 1 1 0 0 0 0 0 0 0 0 0 0 0 0 0 0 0 0 0 0 0 0 0 0 0 0
1658189524.928325 -- INFO: Active CC: 8
1658189525.594403 -- INFO: Throughput @109.2s:880.8Mbps, rtt :6.81ms cwnd: 899.3 lossRate: 0.0 CC:8 goodput:698Mbps score:-752.0 
1658189525.761474 -- INFO: Process 2 finished on working on file 10 
1658189526.598168 -- INFO: Throughput @110.2s:883.38Mbps, rtt :4.82ms cwnd: 743.5 lossRate: 0 CC:8 goodput:806Mbps score:-754.0 
1658189527.608090 -- INFO: Throughput @111.2s:872.42Mbps, rtt :5.05ms cwnd: 743.5 lossRate: 0.0 CC:8 goodput:895Mbps score:-745.0 
1658189527.733088 -- INFO: Process 3 finished on working on file 11 
1658189527.933027 -- INFO: Changing concurrency to 8 ******
1658189527.933984 -- INFO: Process Status Bits from change concurrency are: 1 1 1 1 1 1 1 1 0 0 0 0 0 0 0 0 0 0 0 0 0 0 0 0 0 0 0 0 0 0 0 0
1658189527.934463 -- INFO: Active CC: 8
1658189528.601912 -- INFO: Throughput @112.2s:830.47Mbps, rtt :2.93ms cwnd: 492.0 lossRate: 0 CC:8 goodput:888Mbps score:-709.0 
1658189529.604708 -- INFO: Throughput @113.2s:872.42Mbps, rtt :2.86ms cwnd: 492.0 lossRate: 0.0 CC:8 goodput:838Mbps score:-745.0 
1658189530.307927 -- INFO: Process 1 finished on working on file 9 
1658189530.308099 -- INFO: Process 22 shutdown itself from outest loop
1658189530.308127 -- INFO: Process 27 shutdown itself from outest loop
1658189530.308488 -- INFO: Process Status Bits are: 1 1 1 1 1 1 1 1 0 0 0 0 0 0 0 0 0 0 0 0 0 0 0 0 0 0 0 0 0 0 0 0
1658189530.308492 -- INFO: Process Status Bits are: 1 1 1 1 1 1 1 1 0 0 0 0 0 0 0 0 0 0 0 0 0 0 0 0 0 0 0 0 0 0 0 0
1658189530.308713 -- INFO: Process 1 shutdown itself from outest loop
1658189530.308991 -- INFO: Process Status Bits are: 1 0 1 1 1 1 1 1 0 0 0 0 0 0 0 0 0 0 0 0 0 0 0 0 0 0 0 0 0 0 0 0
1658189530.309278 -- INFO: Process 19 shutdown itself from outest loop
1658189530.309669 -- INFO: Process Status Bits are: 1 0 1 1 1 1 0 1 0 0 0 0 0 0 0 0 0 0 0 0 0 0 0 0 0 0 0 0 0 0 0 0
1658189530.310050 -- INFO: Process 26 shutdown itself from outest loop
1658189530.310405 -- INFO: Process Status Bits are: 1 0 1 1 1 1 0 1 0 0 0 0 0 0 0 0 0 0 0 0 0 0 0 0 0 0 0 0 0 0 0 0
1658189530.308280 -- INFO: Process 15 shutdown itself from outest loop
1658189530.310594 -- INFO: Process Status Bits are: 1 0 1 1 1 1 0 1 0 0 0 0 0 0 0 0 0 0 0 0 0 0 0 0 0 0 0 0 0 0 0 0
1658189530.310605 -- INFO: Process 18 shutdown itself from outest loop
1658189530.310980 -- INFO: Process Status Bits are: 1 0 1 1 1 1 0 1 0 0 0 0 0 0 0 0 0 0 0 0 0 0 0 0 0 0 0 0 0 0 0 0
1658189530.310797 -- INFO: Process 10 shutdown itself from outest loop
1658189530.311160 -- INFO: Process Status Bits are: 1 0 1 1 1 1 0 1 0 0 0 0 0 0 0 0 0 0 0 0 0 0 0 0 0 0 0 0 0 0 0 0
1658189530.310989 -- INFO: Process 29 shutdown itself from outest loop
1658189530.311367 -- INFO: Process 24 shutdown itself from outest loop
1658189530.311472 -- INFO: Process 23 shutdown itself from outest loop
1658189530.309012 -- INFO: Process 6 shutdown itself from outest loop
1658189530.311553 -- INFO: Process 13 shutdown itself from outest loop
1658189530.313621 -- INFO: Process Status Bits are: 0 0 0 0 0 1 0 1 0 0 0 0 0 0 0 0 0 0 0 0 0 0 0 0 0 0 0 0 0 0 0 0
1658189530.313695 -- INFO: Process Status Bits are: 0 0 0 0 0 1 0 1 0 0 0 0 0 0 0 0 0 0 0 0 0 0 0 0 0 0 0 0 0 0 0 0
1658189530.311870 -- INFO: Process 17 shutdown itself from outest loop
1658189530.311849 -- INFO: Process 12 shutdown itself from outest loop
1658189530.311937 -- INFO: Process 25 shutdown itself from outest loop
1658189530.312004 -- INFO: Process 11 shutdown itself from outest loop
1658189530.312348 -- INFO: Process 2 shutdown itself from outest loop
1658189530.312257 -- INFO: Process 14 shutdown itself from outest loop
1658189530.316112 -- INFO: Process Status Bits are: 0 0 0 0 0 0 0 0 0 0 0 0 0 0 0 0 0 0 0 0 0 0 0 0 0 0 0 0 0 0 0 0
1658189530.312372 -- INFO: Process 9 shutdown itself from outest loop
1658189530.312615 -- INFO: Process 28 shutdown itself from outest loop
1658189530.312939 -- INFO: Process 0 shutdown itself from outest loop
1658189530.313009 -- INFO: Process 4 shutdown itself from outest loop
1658189530.316560 -- INFO: Process Status Bits are: 0 0 0 0 0 0 0 0 0 0 0 0 0 0 0 0 0 0 0 0 0 0 0 0 0 0 0 0 0 0 0 0
1658189530.313017 -- INFO: Process 20 shutdown itself from outest loop
1658189530.313020 -- INFO: Process 31 shutdown itself from outest loop
1658189530.316713 -- INFO: Process Status Bits are: 0 0 0 0 0 0 0 0 0 0 0 0 0 0 0 0 0 0 0 0 0 0 0 0 0 0 0 0 0 0 0 0
1658189530.316896 -- INFO: Process Status Bits are: 0 0 0 0 0 0 0 0 0 0 0 0 0 0 0 0 0 0 0 0 0 0 0 0 0 0 0 0 0 0 0 0
1658189530.316613 -- INFO: Process Status Bits are: 0 0 0 0 0 0 0 0 0 0 0 0 0 0 0 0 0 0 0 0 0 0 0 0 0 0 0 0 0 0 0 0
1658189530.314310 -- INFO: Process 30 shutdown itself from outest loop
1658189530.314731 -- INFO: Process 21 shutdown itself from outest loop
1658189530.315035 -- INFO: Process 7 shutdown itself from outest loop
1658189530.315311 -- INFO: Process Status Bits are: 0 0 0 0 0 1 0 0 0 0 0 0 0 0 0 0 0 0 0 0 0 0 0 0 0 0 0 0 0 0 0 0
1658189530.310986 -- INFO: Process 16 shutdown itself from outest loop
1658189530.315441 -- INFO: Process 5 shutdown itself from outest loop
1658189530.311589 -- INFO: Process 3 shutdown itself from outest loop
1658189530.310026 -- INFO: Process 8 shutdown itself from outest loop
1658189530.315557 -- INFO: Process Status Bits are: 0 0 0 0 0 0 0 0 0 0 0 0 0 0 0 0 0 0 0 0 0 0 0 0 0 0 0 0 0 0 0 0
1658189530.315757 -- INFO: Process Status Bits are: 0 0 0 0 0 0 0 0 0 0 0 0 0 0 0 0 0 0 0 0 0 0 0 0 0 0 0 0 0 0 0 0
1658189530.317581 -- INFO: Process Status Bits are: 0 0 0 0 0 0 0 0 0 0 0 0 0 0 0 0 0 0 0 0 0 0 0 0 0 0 0 0 0 0 0 0
1658189530.317770 -- INFO: Process Status Bits are: 0 0 0 0 0 0 0 0 0 0 0 0 0 0 0 0 0 0 0 0 0 0 0 0 0 0 0 0 0 0 0 0
1658189530.318038 -- INFO: Process Status Bits are: 0 0 0 0 0 0 0 0 0 0 0 0 0 0 0 0 0 0 0 0 0 0 0 0 0 0 0 0 0 0 0 0
1658189530.318113 -- INFO: Process Status Bits are: 0 0 0 0 0 0 0 0 0 0 0 0 0 0 0 0 0 0 0 0 0 0 0 0 0 0 0 0 0 0 0 0
1658189530.318130 -- INFO: Process Status Bits are: 0 0 0 0 0 0 0 0 0 0 0 0 0 0 0 0 0 0 0 0 0 0 0 0 0 0 0 0 0 0 0 0
1658189530.318096 -- INFO: Process Status Bits are: 0 0 0 0 0 0 0 0 0 0 0 0 0 0 0 0 0 0 0 0 0 0 0 0 0 0 0 0 0 0 0 0
1658189530.315815 -- INFO: Process Status Bits are: 0 0 0 0 0 0 0 0 0 0 0 0 0 0 0 0 0 0 0 0 0 0 0 0 0 0 0 0 0 0 0 0
1658189530.315879 -- INFO: Process Status Bits are: 0 0 0 0 0 0 0 0 0 0 0 0 0 0 0 0 0 0 0 0 0 0 0 0 0 0 0 0 0 0 0 0
1658189530.316139 -- INFO: Process Status Bits are: 0 0 0 0 0 0 0 0 0 0 0 0 0 0 0 0 0 0 0 0 0 0 0 0 0 0 0 0 0 0 0 0
1658189530.316257 -- INFO: Process Status Bits are: 0 0 0 0 0 0 0 0 0 0 0 0 0 0 0 0 0 0 0 0 0 0 0 0 0 0 0 0 0 0 0 0
1658189530.316325 -- INFO: Process Status Bits are: 0 0 0 0 0 0 0 0 0 0 0 0 0 0 0 0 0 0 0 0 0 0 0 0 0 0 0 0 0 0 0 0
1658189530.316925 -- INFO: Process Status Bits are: 0 0 0 0 0 0 0 0 0 0 0 0 0 0 0 0 0 0 0 0 0 0 0 0 0 0 0 0 0 0 0 0
1658189530.316561 -- INFO: Process Status Bits are: 0 0 0 0 0 0 0 0 0 0 0 0 0 0 0 0 0 0 0 0 0 0 0 0 0 0 0 0 0 0 0 0
1658189530.317441 -- INFO: Process Status Bits are: 0 0 0 0 0 0 0 0 0 0 0 0 0 0 0 0 0 0 0 0 0 0 0 0 0 0 0 0 0 0 0 0
