1658260812.351318 -- INFO: Changing concurrency to 32 ******
1658260812.360873 -- INFO: Process Status Bits from change concurrency are: 1 1 1 1 1 1 1 1 1 1 1 1 1 1 1 1 1 1 1 1 1 1 1 1 1 1 1 1 1 1 1 1
1658260812.361608 -- INFO: Active CC: 32
1658260812.364184 -- INFO: Start Process :: 0
1658260812.364934 -- INFO: Start Process :: 1
1658260812.365344 -- INFO: Process 0 get item 0 from queue and executing
1658260812.365587 -- INFO: starting 0, 0, /home/hjamil/Documents/files_bash/FILE19
1658260812.365857 -- INFO: Process 1 get item 1 from queue and executing
1658260812.366052 -- INFO: starting 1, 1, /home/hjamil/Documents/files_bash/FILE10
1658260812.383085 -- INFO: Start Process :: 2
1658260812.395330 -- INFO: Process 2 get item 2 from queue and executing
1658260812.395667 -- INFO: starting 2, 2, /home/hjamil/Documents/files_bash/FILE31
1658260812.396173 -- INFO: Start Process :: 3
1658260812.397220 -- INFO: Start Process :: 13
1658260812.399646 -- INFO: Start Process :: 12
1658260812.402146 -- INFO: Process 13 get item 3 from queue and executing
1658260812.402440 -- INFO: starting 13, 3, /home/hjamil/Documents/files_bash/FILE18
1658260812.402992 -- INFO: Process 12 get item 4 from queue and executing
1658260812.403261 -- INFO: starting 12, 4, /home/hjamil/Documents/files_bash/FILE6
1658260812.423798 -- INFO: Process 3 get item 5 from queue and executing
1658260812.424112 -- INFO: starting 3, 5, /home/hjamil/Documents/files_bash/FILE14
1658260812.432390 -- INFO: Start Process :: 4
1658260812.433354 -- INFO: Process 4 get item 6 from queue and executing
1658260812.433541 -- INFO: starting 4, 6, /home/hjamil/Documents/files_bash/FILE1
1658260812.435289 -- INFO: Start Process :: 11
1658260812.438033 -- INFO: Process 11 get item 7 from queue and executing
1658260812.438315 -- INFO: starting 11, 7, /home/hjamil/Documents/files_bash/FILE30
1658260812.444526 -- INFO: Start Process :: 10
1658260812.447081 -- INFO: Process 10 get item 8 from queue and executing
1658260812.447285 -- INFO: starting 10, 8, /home/hjamil/Documents/files_bash/FILE3
1658260812.455151 -- INFO: Start Process :: 9
1658260812.456026 -- INFO: Process 9 get item 9 from queue and executing
1658260812.456244 -- INFO: starting 9, 9, /home/hjamil/Documents/files_bash/FILE20
1658260812.464587 -- INFO: Start Process :: 6
1658260812.465506 -- INFO: Process 6 get item 10 from queue and executing
1658260812.465780 -- INFO: starting 6, 10, /home/hjamil/Documents/files_bash/FILE15
1658260812.472130 -- INFO: Start Process :: 16
1658260812.472956 -- INFO: Process 16 get item 11 from queue and executing
1658260812.473141 -- INFO: starting 16, 11, /home/hjamil/Documents/files_bash/FILE0
1658260812.482659 -- INFO: Start Process :: 8
1658260812.483568 -- INFO: Process 8 get item 12 from queue and executing
1658260812.483760 -- INFO: starting 8, 12, /home/hjamil/Documents/files_bash/FILE26
1658260812.484607 -- INFO: Start Process :: 5
1658260812.487985 -- INFO: Process 5 get item 13 from queue and executing
1658260812.488170 -- INFO: starting 5, 13, /home/hjamil/Documents/files_bash/FILE23
1658260812.508529 -- INFO: Start Process :: 7
1658260812.509609 -- INFO: Process 7 get item 14 from queue and executing
1658260812.509824 -- INFO: starting 7, 14, /home/hjamil/Documents/files_bash/FILE24
1658260812.542047 -- INFO: Start Process :: 14
1658260812.543051 -- INFO: Process 14 get item 15 from queue and executing
1658260812.543301 -- INFO: starting 14, 15, /home/hjamil/Documents/files_bash/FILE13
1658260812.564512 -- INFO: Start Process :: 17
1658260812.565507 -- INFO: Process 17 get item 16 from queue and executing
1658260812.565782 -- INFO: starting 17, 16, /home/hjamil/Documents/files_bash/FILE4
1658260812.576021 -- INFO: Start Process :: 19
1658260812.577393 -- INFO: Process 19 get item 17 from queue and executing
1658260812.577666 -- INFO: starting 19, 17, /home/hjamil/Documents/files_bash/FILE25
1658260812.612339 -- INFO: Start Process :: 15
1658260812.613258 -- INFO: Process 15 get item 18 from queue and executing
1658260812.613444 -- INFO: starting 15, 18, /home/hjamil/Documents/files_bash/FILE17
1658260812.728547 -- INFO: Start Process :: 18
1658260812.731935 -- INFO: Process 18 get item 19 from queue and executing
1658260812.732216 -- INFO: starting 18, 19, /home/hjamil/Documents/files_bash/FILE8
1658260812.744642 -- INFO: Start Process :: 21
1658260812.745641 -- INFO: Process 21 get item 20 from queue and executing
1658260812.745918 -- INFO: starting 21, 20, /home/hjamil/Documents/files_bash/FILE11
1658260812.752347 -- INFO: Start Process :: 23
1658260812.753618 -- INFO: Process 23 get item 21 from queue and executing
1658260812.753808 -- INFO: starting 23, 21, /home/hjamil/Documents/files_bash/FILE29
1658260812.772785 -- INFO: Throughput @0.4s:122.5Mbps, rtt :0.71ms cwnd: 61.8 lossRate: 0.0 CC:32 goodput:11276Mbps score:-65.0 
1658260812.776607 -- INFO: Start Process :: 22
1658260812.777877 -- INFO: Start Process :: 25
1658260812.783933 -- INFO: Process 22 get item 22 from queue and executing
1658260812.784155 -- INFO: starting 22, 22, /home/hjamil/Documents/files_bash/FILE28
1658260812.784652 -- INFO: Process 25 get item 23 from queue and executing
1658260812.784873 -- INFO: starting 25, 23, /home/hjamil/Documents/files_bash/FILE12
1658260812.800598 -- INFO: Start Process :: 26
1658260812.801428 -- INFO: Process 26 get item 24 from queue and executing
1658260812.801674 -- INFO: starting 26, 24, /home/hjamil/Documents/files_bash/FILE2
1658260812.824293 -- INFO: Start Process :: 20
1658260812.828023 -- INFO: Start Process :: 27
1658260812.830393 -- INFO: Process 27 get item 25 from queue and executing
1658260812.830585 -- INFO: starting 27, 25, /home/hjamil/Documents/files_bash/FILE5
1658260812.831923 -- INFO: Process 20 get item 26 from queue and executing
1658260812.832109 -- INFO: starting 20, 26, /home/hjamil/Documents/files_bash/FILE22
1658260812.848605 -- INFO: Start Process :: 28
1658260812.851915 -- INFO: Process 28 get item 27 from queue and executing
1658260812.852102 -- INFO: starting 28, 27, /home/hjamil/Documents/files_bash/FILE16
1658260812.864205 -- INFO: Start Process :: 24
1658260812.865091 -- INFO: Process 24 get item 28 from queue and executing
1658260812.865368 -- INFO: starting 24, 28, /home/hjamil/Documents/files_bash/FILE21
1658260812.876583 -- INFO: Start Process :: 31
1658260812.883815 -- INFO: Process 31 get item 29 from queue and executing
1658260812.884119 -- INFO: starting 31, 29, /home/hjamil/Documents/files_bash/FILE27
1658260812.888555 -- INFO: Start Process :: 29
1658260812.891936 -- INFO: Process 29 get item 30 from queue and executing
1658260812.892122 -- INFO: starting 29, 30, /home/hjamil/Documents/files_bash/FILE7
1658260812.912259 -- INFO: Start Process :: 30
1658260812.915916 -- INFO: Process 30 get item 31 from queue and executing
1658260812.916186 -- INFO: starting 30, 31, /home/hjamil/Documents/files_bash/FILE9
1658260813.753451 -- INFO: Throughput @1.4s:273.0Mbps, rtt :1.17ms cwnd: 84.5 lossRate: 0.0 CC:32 goodput:20111Mbps score:-145.0 
1658260814.753108 -- INFO: Throughput @2.4s:274.0Mbps, rtt :1.13ms cwnd: 90.5 lossRate: 0.0 CC:32 goodput:20829Mbps score:-145.0 
1658260815.761460 -- INFO: Throughput @3.4s:275.0Mbps, rtt :1.16ms cwnd: 90.9 lossRate: 0.0 CC:32 goodput:21297Mbps score:-146.0 
1658260816.761120 -- INFO: Throughput @4.4s:280.0Mbps, rtt :1.07ms cwnd: 91.5 lossRate: 0.0 CC:32 goodput:20569Mbps score:-149.0 
1658260817.765476 -- INFO: Throughput @5.4s:273.0Mbps, rtt :1.32ms cwnd: 91.9 lossRate: 0.0 CC:32 goodput:19427Mbps score:-145.0 
1658260818.761093 -- INFO: Throughput @6.4s:274.0Mbps, rtt :0.97ms cwnd: 92.0 lossRate: 0.0 CC:32 goodput:22950Mbps score:-145.0 
1658260819.773340 -- INFO: Throughput @7.4s:276.0Mbps, rtt :1.17ms cwnd: 92.0 lossRate: 0.0 CC:32 goodput:19113Mbps score:-146.0 
1658260820.765435 -- INFO: Throughput @8.4s:274.0Mbps, rtt :0.93ms cwnd: 92.0 lossRate: 0.0 CC:32 goodput:25155Mbps score:-145.0 
1658260821.761127 -- INFO: Throughput @9.4s:273.0Mbps, rtt :1.02ms cwnd: 92.0 lossRate: 0.0 CC:32 goodput:22763Mbps score:-145.0 
1658260822.769274 -- INFO: Throughput @10.4s:266.0Mbps, rtt :1.31ms cwnd: 92.0 lossRate: 0.0 CC:32 goodput:13023Mbps score:-141.0 
1658260823.741465 -- INFO: Throughput @11.4s:277.0Mbps, rtt :1.16ms cwnd: 92.0 lossRate: 0.0 CC:32 goodput:21779Mbps score:-147.0 
1658260824.757117 -- INFO: Throughput @12.4s:276.0Mbps, rtt :1.09ms cwnd: 92.0 lossRate: 0.0 CC:32 goodput:21512Mbps score:-146.0 
1658260825.760072 -- INFO: Throughput @13.4s:275.0Mbps, rtt :1.03ms cwnd: 92.0 lossRate: 0.0 CC:32 goodput:22404Mbps score:-146.0 
1658260826.765470 -- INFO: Throughput @14.4s:275.0Mbps, rtt :1.07ms cwnd: 92.0 lossRate: 0.0 CC:32 goodput:20795Mbps score:-146.0 
1658260827.786273 -- INFO: Throughput @15.4s:274.0Mbps, rtt :1.0ms cwnd: 92.0 lossRate: 0.0 CC:32 goodput:23212Mbps score:-145.0 
1658260828.769110 -- INFO: Throughput @16.4s:275.0Mbps, rtt :1.05ms cwnd: 92.0 lossRate: 0.0 CC:32 goodput:21907Mbps score:-146.0 
1658260829.761111 -- INFO: Throughput @17.4s:270.0Mbps, rtt :1.01ms cwnd: 92.0 lossRate: 0.0 CC:32 goodput:23781Mbps score:-143.0 
1658260830.765082 -- INFO: Throughput @18.4s:276.0Mbps, rtt :1.16ms cwnd: 92.0 lossRate: 0.0 CC:32 goodput:20093Mbps score:-146.0 
1658260831.765104 -- INFO: Throughput @19.4s:276.0Mbps, rtt :1.03ms cwnd: 92.0 lossRate: 0.0 CC:32 goodput:23325Mbps score:-146.0 
1658260832.765102 -- INFO: Throughput @20.4s:275.0Mbps, rtt :1.03ms cwnd: 92.0 lossRate: 0.0 CC:32 goodput:21656Mbps score:-146.0 
1658260833.771856 -- INFO: Throughput @21.4s:277.0Mbps, rtt :1.15ms cwnd: 92.0 lossRate: 0.0 CC:32 goodput:21405Mbps score:-147.0 
1658260834.769476 -- INFO: Throughput @22.4s:282.0Mbps, rtt :1.01ms cwnd: 92.0 lossRate: 0.0 CC:32 goodput:22339Mbps score:-150.0 
1658260835.761070 -- INFO: Throughput @23.4s:273.0Mbps, rtt :1.07ms cwnd: 92.0 lossRate: 0.0 CC:32 goodput:21887Mbps score:-145.0 
1658260835.895766 -- INFO: Changing concurrency to 32 ******
1658260835.896068 -- INFO: Process Status Bits from change concurrency are: 1 1 1 1 1 1 1 1 1 1 1 1 1 1 1 1 1 1 1 1 1 1 1 1 1 1 1 1 1 1 1 1
1658260835.896333 -- INFO: Active CC: 32
1658260836.769479 -- INFO: Throughput @24.4s:274.0Mbps, rtt :1.01ms cwnd: 92.0 lossRate: 0.0 CC:32 goodput:22247Mbps score:-145.0 
1658260837.794206 -- INFO: Throughput @25.4s:280.0Mbps, rtt :1.07ms cwnd: 92.0 lossRate: 0.0 CC:32 goodput:22150Mbps score:-149.0 
1658260838.769086 -- INFO: Throughput @26.4s:278.0Mbps, rtt :1.11ms cwnd: 92.0 lossRate: 0.0 CC:32 goodput:20792Mbps score:-148.0 
1658260839.790632 -- INFO: Throughput @27.4s:277.0Mbps, rtt :1.0ms cwnd: 92.0 lossRate: 0.0 CC:32 goodput:22354Mbps score:-147.0 
1658260840.773465 -- INFO: Throughput @28.4s:277.0Mbps, rtt :1.05ms cwnd: 92.0 lossRate: 0.0 CC:32 goodput:21447Mbps score:-147.0 
1658260841.781318 -- INFO: Throughput @29.4s:267.0Mbps, rtt :1.03ms cwnd: 92.0 lossRate: 0.0 CC:32 goodput:21196Mbps score:-142.0 
1658260842.777449 -- INFO: Throughput @30.4s:274.0Mbps, rtt :1.05ms cwnd: 92.0 lossRate: 0.0 CC:32 goodput:21886Mbps score:-145.0 
1658260843.765502 -- INFO: Throughput @31.4s:275.0Mbps, rtt :1.08ms cwnd: 92.0 lossRate: 0.0 CC:32 goodput:21519Mbps score:-146.0 
1658260844.790117 -- INFO: Throughput @32.4s:270.0Mbps, rtt :1.07ms cwnd: 92.0 lossRate: 0.0 CC:32 goodput:21071Mbps score:-143.0 
1658260845.789065 -- INFO: Throughput @33.4s:276.0Mbps, rtt :1.0ms cwnd: 92.0 lossRate: 0.0 CC:32 goodput:22457Mbps score:-146.0 
1658260846.777458 -- INFO: Throughput @34.4s:275.0Mbps, rtt :1.16ms cwnd: 92.0 lossRate: 0.0 CC:32 goodput:19381Mbps score:-146.0 
