1658260859.731929 -- INFO: Changing concurrency to 32 ******
1658260859.743436 -- INFO: Process Status Bits from change concurrency are: 1 1 1 1 1 1 1 1 1 1 1 1 1 1 1 1 1 1 1 1 1 1 1 1 1 1 1 1 1 1 1 1
1658260859.744092 -- INFO: Active CC: 32
1658260859.745952 -- INFO: Start Process :: 0
1658260859.746631 -- INFO: Start Process :: 1
1658260859.749471 -- INFO: Process 1 get item 0 from queue and executing
1658260859.749516 -- INFO: Process 0 get item 1 from queue and executing
1658260859.749822 -- INFO: starting 0, 1, /home/hjamil/Documents/files_bash/FILE10
1658260859.750058 -- INFO: Start Process :: 4
1658260859.750448 -- INFO: starting 1, 0, /home/hjamil/Documents/files_bash/FILE19
1658260859.750235 -- INFO: Start Process :: 3
1658260859.751691 -- INFO: Process 4 get item 2 from queue and executing
1658260859.751648 -- INFO: Start Process :: 2
1658260859.751940 -- INFO: starting 4, 2, /home/hjamil/Documents/files_bash/FILE31
1658260859.753051 -- INFO: Process 3 get item 3 from queue and executing
1658260859.753296 -- INFO: starting 3, 3, /home/hjamil/Documents/files_bash/FILE18
1658260859.753151 -- INFO: Start Process :: 6
1658260859.754430 -- INFO: Process 2 get item 4 from queue and executing
1658260859.754627 -- INFO: starting 2, 4, /home/hjamil/Documents/files_bash/FILE6
1658260859.757642 -- INFO: Start Process :: 8
1658260859.762160 -- INFO: Process 8 get item 5 from queue and executing
1658260859.762440 -- INFO: starting 8, 5, /home/hjamil/Documents/files_bash/FILE14
1658260859.763958 -- INFO: Process 6 get item 6 from queue and executing
1658260859.764313 -- INFO: starting 6, 6, /home/hjamil/Documents/files_bash/FILE1
1658260859.762888 -- INFO: Start Process :: 12
1658260859.765328 -- INFO: Start Process :: 15
1658260859.788331 -- INFO: Process 12 get item 7 from queue and executing
1658260859.788787 -- INFO: starting 12, 7, /home/hjamil/Documents/files_bash/FILE30
1658260859.788568 -- INFO: Process 15 get item 8 from queue and executing
1658260859.789672 -- INFO: starting 15, 8, /home/hjamil/Documents/files_bash/FILE3
1658260859.790948 -- INFO: Start Process :: 19
1658260859.792238 -- INFO: Process 19 get item 9 from queue and executing
1658260859.792210 -- INFO: Start Process :: 10
1658260859.792473 -- INFO: starting 19, 9, /home/hjamil/Documents/files_bash/FILE20
1658260859.792721 -- INFO: Start Process :: 7
1658260859.796722 -- INFO: Process 10 get item 10 from queue and executing
1658260859.796938 -- INFO: starting 10, 10, /home/hjamil/Documents/files_bash/FILE15
1658260859.798241 -- INFO: Start Process :: 18
1658260859.800041 -- INFO: Process 7 get item 11 from queue and executing
1658260859.800343 -- INFO: starting 7, 11, /home/hjamil/Documents/files_bash/FILE0
1658260859.801200 -- INFO: Process 18 get item 12 from queue and executing
1658260859.801422 -- INFO: starting 18, 12, /home/hjamil/Documents/files_bash/FILE26
1658260859.803046 -- INFO: Start Process :: 16
1658260859.805473 -- INFO: Process 16 get item 13 from queue and executing
1658260859.805693 -- INFO: starting 16, 13, /home/hjamil/Documents/files_bash/FILE23
1658260859.824370 -- INFO: Start Process :: 11
1658260859.828235 -- INFO: Process 11 get item 14 from queue and executing
1658260859.828491 -- INFO: starting 11, 14, /home/hjamil/Documents/files_bash/FILE24
1658260859.860551 -- INFO: Start Process :: 13
1658260859.865130 -- INFO: Process 13 get item 15 from queue and executing
1658260859.865369 -- INFO: starting 13, 15, /home/hjamil/Documents/files_bash/FILE13
1658260859.868697 -- INFO: Start Process :: 9
1658260859.872816 -- INFO: Process 9 get item 16 from queue and executing
1658260859.873011 -- INFO: starting 9, 16, /home/hjamil/Documents/files_bash/FILE4
1658260859.886466 -- INFO: Start Process :: 21
1658260859.891072 -- INFO: Process 21 get item 17 from queue and executing
1658260859.891326 -- INFO: starting 21, 17, /home/hjamil/Documents/files_bash/FILE25
1658260859.906711 -- INFO: Start Process :: 5
1658260859.912592 -- INFO: Process 5 get item 18 from queue and executing
1658260859.912839 -- INFO: starting 5, 18, /home/hjamil/Documents/files_bash/FILE17
1658260859.919694 -- INFO: Start Process :: 14
1658260859.925216 -- INFO: Process 14 get item 19 from queue and executing
1658260859.925448 -- INFO: starting 14, 19, /home/hjamil/Documents/files_bash/FILE8
1658260859.984603 -- INFO: Start Process :: 17
1658260859.989550 -- INFO: Process 17 get item 20 from queue and executing
1658260859.989805 -- INFO: starting 17, 20, /home/hjamil/Documents/files_bash/FILE11
1658260860.124695 -- INFO: Start Process :: 24
1658260860.133859 -- INFO: Process 24 get item 21 from queue and executing
1658260860.134135 -- INFO: starting 24, 21, /home/hjamil/Documents/files_bash/FILE29
1658260860.140695 -- INFO: Start Process :: 23
1658260860.148626 -- INFO: Start Process :: 25
1658260860.149976 -- INFO: Process 23 get item 22 from queue and executing
1658260860.150273 -- INFO: starting 23, 22, /home/hjamil/Documents/files_bash/FILE28
1658260860.152826 -- INFO: Throughput @0.4s:873.28Mbps, rtt :6.91ms cwnd: 161.6 lossRate: 0.0 CC:32 goodput:1551Mbps score:-463.0 
1658260860.155739 -- INFO: Start Process :: 22
1658260860.156944 -- INFO: Process 25 get item 23 from queue and executing
1658260860.157233 -- INFO: starting 25, 23, /home/hjamil/Documents/files_bash/FILE12
1658260860.192055 -- INFO: Process 22 get item 24 from queue and executing
1658260860.192452 -- INFO: starting 22, 24, /home/hjamil/Documents/files_bash/FILE2
1658260860.208786 -- INFO: Start Process :: 26
1658260860.218402 -- INFO: Process 26 get item 25 from queue and executing
1658260860.218750 -- INFO: starting 26, 25, /home/hjamil/Documents/files_bash/FILE5
1658260860.224722 -- INFO: Start Process :: 27
1658260860.236411 -- INFO: Process 27 get item 26 from queue and executing
1658260860.236756 -- INFO: starting 27, 26, /home/hjamil/Documents/files_bash/FILE22
1658260860.240264 -- INFO: Start Process :: 29
1658260860.248674 -- INFO: Start Process :: 30
1658260860.255929 -- INFO: Process 29 get item 27 from queue and executing
1658260860.256180 -- INFO: starting 29, 27, /home/hjamil/Documents/files_bash/FILE16
1658260860.257506 -- INFO: Start Process :: 31
1658260860.261577 -- INFO: Process 30 get item 28 from queue and executing
1658260860.261822 -- INFO: starting 30, 28, /home/hjamil/Documents/files_bash/FILE21
1658260860.262798 -- INFO: Start Process :: 28
1658260860.270180 -- INFO: Process 31 get item 29 from queue and executing
1658260860.270410 -- INFO: starting 31, 29, /home/hjamil/Documents/files_bash/FILE27
1658260860.271088 -- INFO: Start Process :: 20
1658260860.275271 -- INFO: Process 28 get item 30 from queue and executing
1658260860.275547 -- INFO: starting 28, 30, /home/hjamil/Documents/files_bash/FILE7
1658260860.282082 -- INFO: Process 20 get item 31 from queue and executing
1658260860.282381 -- INFO: starting 20, 31, /home/hjamil/Documents/files_bash/FILE9
1658260861.141372 -- INFO: Throughput @1.4s:1065.64Mbps, rtt :13.69ms cwnd: 171.9 lossRate: 0.0 CC:32 goodput:1048Mbps score:-565.0 
1658260862.137553 -- INFO: Throughput @2.4s:964.9Mbps, rtt :13.83ms cwnd: 171.9 lossRate: 0.0 CC:32 goodput:1095Mbps score:-512.0 
1658260863.123268 -- INFO: Throughput @3.4s:897.99Mbps, rtt :13.43ms cwnd: 171.9 lossRate: 0.0 CC:32 goodput:1228Mbps score:-477.0 
1658260864.128762 -- INFO: Throughput @4.4s:867.72Mbps, rtt :13.94ms cwnd: 171.9 lossRate: 0.0 CC:32 goodput:1047Mbps score:-460.0 
1658260865.129411 -- INFO: Throughput @5.4s:880.95Mbps, rtt :13.87ms cwnd: 172.4 lossRate: 0.0 CC:32 goodput:1058Mbps score:-467.0 
1658260866.130809 -- INFO: Throughput @6.4s:866.59Mbps, rtt :13.99ms cwnd: 172.4 lossRate: 0.0 CC:32 goodput:1072Mbps score:-460.0 
1658260867.131382 -- INFO: Throughput @7.4s:893.83Mbps, rtt :13.86ms cwnd: 173.8 lossRate: 0.0 CC:32 goodput:1126Mbps score:-474.0 
1658260868.131728 -- INFO: Throughput @8.4s:877.55Mbps, rtt :13.83ms cwnd: 173.8 lossRate: 0.0 CC:32 goodput:1160Mbps score:-466.0 
1658260869.133347 -- INFO: Throughput @9.4s:891.4Mbps, rtt :13.73ms cwnd: 175.7 lossRate: 0.0 CC:32 goodput:1155Mbps score:-473.0 
1658260870.134796 -- INFO: Throughput @10.4s:868.23Mbps, rtt :13.89ms cwnd: 176.6 lossRate: 0.0 CC:32 goodput:1119Mbps score:-461.0 
1658260871.136367 -- INFO: Throughput @11.4s:886.84Mbps, rtt :13.86ms cwnd: 177.6 lossRate: 0.0 CC:32 goodput:1180Mbps score:-471.0 
1658260872.136776 -- INFO: Throughput @12.4s:872.5Mbps, rtt :14.15ms cwnd: 177.6 lossRate: 0.0 CC:32 goodput:1131Mbps score:-463.0 
1658260873.137912 -- INFO: Throughput @13.4s:879.18Mbps, rtt :13.9ms cwnd: 177.6 lossRate: 0.0 CC:32 goodput:1180Mbps score:-467.0 
1658260874.134061 -- INFO: Throughput @14.4s:917.5Mbps, rtt :14.85ms cwnd: 198.0 lossRate: 0.0 CC:32 goodput:1121Mbps score:-487.0 
1658260875.134411 -- INFO: Throughput @15.4s:891.34Mbps, rtt :14.57ms cwnd: 201.4 lossRate: 0.0 CC:32 goodput:1086Mbps score:-473.0 
1658260876.140061 -- INFO: Throughput @16.4s:879.09Mbps, rtt :15.78ms cwnd: 201.4 lossRate: 0.0 CC:32 goodput:1036Mbps score:-466.0 
1658260877.141470 -- INFO: Throughput @17.4s:854.56Mbps, rtt :15.84ms cwnd: 201.4 lossRate: 0.0 CC:32 goodput:982Mbps score:-453.0 
1658260878.141826 -- INFO: Throughput @18.4s:809.78Mbps, rtt :15.8ms cwnd: 201.4 lossRate: 0.0 CC:32 goodput:979Mbps score:-430.0 
1658260879.143415 -- INFO: Throughput @19.4s:877.86Mbps, rtt :13.81ms cwnd: 201.4 lossRate: 0.0 CC:32 goodput:1243Mbps score:-466.0 
1658260880.144248 -- INFO: Throughput @20.4s:877.21Mbps, rtt :13.85ms cwnd: 201.4 lossRate: 0.0 CC:32 goodput:1114Mbps score:-465.0 
1658260881.146949 -- INFO: Throughput @21.4s:880.69Mbps, rtt :13.88ms cwnd: 201.4 lossRate: 0.0 CC:32 goodput:1150Mbps score:-467.0 
1658260882.146662 -- INFO: Throughput @22.4s:885.67Mbps, rtt :14.07ms cwnd: 201.4 lossRate: 0.0 CC:32 goodput:1155Mbps score:-470.0 
1658260883.147978 -- INFO: Throughput @23.4s:870.16Mbps, rtt :13.8ms cwnd: 201.4 lossRate: 0.0 CC:32 goodput:1240Mbps score:-462.0 
1658260883.267017 -- INFO: Changing concurrency to 32 ******
1658260883.267431 -- INFO: Process Status Bits from change concurrency are: 1 1 1 1 1 1 1 1 1 1 1 1 1 1 1 1 1 1 1 1 1 1 1 1 1 1 1 1 1 1 1 1
1658260883.267843 -- INFO: Active CC: 32
1658260884.143599 -- INFO: Throughput @24.4s:899.6Mbps, rtt :13.77ms cwnd: 201.4 lossRate: 0.0 CC:32 goodput:1161Mbps score:-477.0 
1658260885.144858 -- INFO: Throughput @25.4s:892.46Mbps, rtt :13.71ms cwnd: 201.4 lossRate: 0.0 CC:32 goodput:1182Mbps score:-474.0 
1658260886.145313 -- INFO: Throughput @26.4s:893.2Mbps, rtt :13.78ms cwnd: 201.4 lossRate: 0.0 CC:32 goodput:1280Mbps score:-474.0 
1658260887.151788 -- INFO: Throughput @27.4s:881.53Mbps, rtt :14.13ms cwnd: 201.4 lossRate: 0.0 CC:32 goodput:1205Mbps score:-468.0 
1658260888.151967 -- INFO: Throughput @28.4s:874.51Mbps, rtt :13.96ms cwnd: 201.4 lossRate: 0.0 CC:32 goodput:1168Mbps score:-464.0 
1658260889.153847 -- INFO: Throughput @29.4s:890.59Mbps, rtt :13.98ms cwnd: 201.4 lossRate: 0.0 CC:32 goodput:1074Mbps score:-473.0 
1658260890.154575 -- INFO: Throughput @30.4s:882.35Mbps, rtt :14.85ms cwnd: 201.4 lossRate: 0.0 CC:32 goodput:1011Mbps score:-468.0 
