1658191249.741392 -- INFO: Changing concurrency to 12 ******
1658191249.742275 -- INFO: Process Status Bits from change concurrency are: 1 1 1 1 1 1 1 1 1 1 1 1 0 0 0 0 0 0 0 0 0 0 0 0 0 0 0 0 0 0 0 0
1658191249.742929 -- INFO: Active CC: 12
1658191249.756639 -- INFO: Start Process :: 0
1658191249.756707 -- INFO: Start Process :: 6
1658191249.759860 -- INFO: Process 0 get item 0 from queue and executing
1658191249.760188 -- INFO: starting 0, 0, /home/hjamil/Documents/files_processed_small/7g.img
1658191249.758554 -- INFO: Start Process :: 11
1658191249.761454 -- INFO: Start Process :: 7
1658191249.762126 -- INFO: Process 11 get item 1 from queue and executing
1658191249.762416 -- INFO: starting 11, 1, /home/hjamil/Documents/files_processed_small/5g.img
1658191249.763136 -- INFO: Process 7 get item 2 from queue and executing
1658191249.763406 -- INFO: starting 7, 2, /home/hjamil/Documents/files_processed_small/input4.txt
1658191249.780140 -- INFO: Start Process :: 9
1658191249.780339 -- INFO: Start Process :: 4
1658191249.781203 -- INFO: Process 9 get item 3 from queue and executing
1658191249.781261 -- INFO: Process 4 get item 4 from queue and executing
1658191249.781430 -- INFO: starting 9, 3, /home/hjamil/Documents/files_processed_small/1g.img
1658191249.781538 -- INFO: starting 4, 4, /home/hjamil/Documents/files_processed_small/6g.img
1658191249.782840 -- INFO: Start Process :: 3
1658191249.788558 -- INFO: Start Process :: 5
1658191249.789425 -- INFO: Process 5 get item 5 from queue and executing
1658191249.789653 -- INFO: starting 5, 5, /home/hjamil/Documents/files_processed_small/3g.img
1658191249.800598 -- INFO: Start Process :: 1
1658191249.801149 -- INFO: Process 6 get item 6 from queue and executing
1658191249.801409 -- INFO: starting 6, 6, /home/hjamil/Documents/files_processed_small/4g.img
1658191249.801583 -- INFO: Process 1 get item 7 from queue and executing
1658191249.801809 -- INFO: Process 3 get item 8 from queue and executing
1658191249.802075 -- INFO: starting 3, 8, /home/hjamil/Documents/files_processed_small/2g.img
1658191249.801832 -- INFO: starting 1, 7, /home/hjamil/Documents/files_processed_small/input1.txt
1658191249.812591 -- INFO: Start Process :: 8
1658191249.813819 -- INFO: Process 8 get item 9 from queue and executing
1658191249.814101 -- INFO: starting 8, 9, /home/hjamil/Documents/files_processed_small/input2.txt
1658191249.814866 -- INFO: Start Process :: 2
1658191249.819962 -- INFO: Process 2 get item 10 from queue and executing
1658191249.820220 -- INFO: starting 2, 10, /home/hjamil/Documents/files_processed_small/input3.txt
1658191250.068479 -- INFO: Start Process :: 10
1658191250.071227 -- INFO: Process 10 get item 11 from queue and executing
1658191250.071537 -- INFO: starting 10, 11, /home/hjamil/Documents/files_processed_small/8g.img
1658191250.088766 -- INFO: Throughput @0.3s:357.99Mbps, rtt :4.17ms cwnd: 89.7 lossRate: 0.00041241365089184453 CC:12 goodput:4144Mbps score:-281.0 
1658191251.080976 -- INFO: Throughput @1.3s:347.41Mbps, rtt :4.63ms cwnd: 135.8 lossRate: 3.323252799840484e-05 CC:12 goodput:6137Mbps score:-274.0 
1658191252.147768 -- INFO: Throughput @2.3s:340.0Mbps, rtt :6.64ms cwnd: 145.5 lossRate: 0.0 CC:12 goodput:2780Mbps score:-268.0 
1658191252.745844 -- INFO: Changing concurrency to 12 ******
1658191252.752450 -- INFO: Process Status Bits from change concurrency are: 1 1 1 1 1 1 1 1 1 1 1 1 0 0 0 0 0 0 0 0 0 0 0 0 0 0 0 0 0 0 0 0
1658191252.753561 -- INFO: Active CC: 12
1658191252.863463 -- ERROR: Process: 1, Error: timed out
1658191252.863677 -- INFO: Process 1 finished on working on file 7 
1658191252.907788 -- ERROR: Process: 8, Error: timed out
1658191252.907977 -- INFO: Process 8 finished on working on file 9 
1658191252.927783 -- ERROR: Process: 2, Error: timed out
1658191252.928078 -- INFO: Process 2 finished on working on file 10 
1658191253.075675 -- ERROR: Process: 10, Error: timed out
1658191253.076029 -- INFO: Process 10 finished on working on file 11 
1658191253.124569 -- INFO: Throughput @3.3s:342.5Mbps, rtt :4.7ms cwnd: 149.2 lossRate: 0.0 CC:12 goodput:6087Mbps score:-270.0 
1658191254.217649 -- INFO: Throughput @4.3s:337.5Mbps, rtt :4.88ms cwnd: 154.6 lossRate: 0.0 CC:12 goodput:5468Mbps score:-266.0 
1658191255.096203 -- INFO: Throughput @5.3s:330.0Mbps, rtt :4.63ms cwnd: 158.2 lossRate: 0.0 CC:12 goodput:6209Mbps score:-260.0 
1658191255.757316 -- INFO: Changing concurrency to 12 ******
1658191255.757843 -- INFO: Process Status Bits from change concurrency are: 1 1 1 1 1 1 1 1 1 1 1 1 0 0 0 0 0 0 0 0 0 0 0 0 0 0 0 0 0 0 0 0
1658191255.758669 -- INFO: Active CC: 12
1658191256.107893 -- INFO: Throughput @6.3s:340.0Mbps, rtt :4.61ms cwnd: 160.3 lossRate: 0.0 CC:12 goodput:6675Mbps score:-268.0 
1658191257.120152 -- INFO: Throughput @7.3s:347.5Mbps, rtt :4.74ms cwnd: 161.8 lossRate: 0.0 CC:12 goodput:5946Mbps score:-274.0 
1658191258.160862 -- INFO: Throughput @8.3s:322.5Mbps, rtt :4.99ms cwnd: 161.8 lossRate: 0.0 CC:12 goodput:5315Mbps score:-254.0 
1658191258.761303 -- INFO: Changing concurrency to 12 ******
1658191258.761821 -- INFO: Process Status Bits from change concurrency are: 1 1 1 1 1 1 1 1 1 1 1 1 0 0 0 0 0 0 0 0 0 0 0 0 0 0 0 0 0 0 0 0
1658191258.762334 -- INFO: Active CC: 12
1658191259.096951 -- INFO: Throughput @9.3s:332.5Mbps, rtt :4.72ms cwnd: 163.2 lossRate: 0.0 CC:12 goodput:5411Mbps score:-262.0 
1658191260.120513 -- INFO: Throughput @10.3s:322.5Mbps, rtt :5.4ms cwnd: 163.2 lossRate: 0.0 CC:12 goodput:4744Mbps score:-254.0 
1658191261.110436 -- INFO: Throughput @11.3s:335.0Mbps, rtt :4.69ms cwnd: 164.2 lossRate: 0.0 CC:12 goodput:5990Mbps score:-264.0 
1658191261.764970 -- INFO: Changing concurrency to 12 ******
1658191261.766369 -- INFO: Process Status Bits from change concurrency are: 1 1 1 1 1 1 1 1 1 1 1 1 0 0 0 0 0 0 0 0 0 0 0 0 0 0 0 0 0 0 0 0
1658191261.767976 -- INFO: Active CC: 12
1658191262.157178 -- INFO: Throughput @12.3s:335.0Mbps, rtt :4.62ms cwnd: 168.2 lossRate: 0.0 CC:12 goodput:6931Mbps score:-264.0 
1658191263.125360 -- INFO: Throughput @13.3s:347.5Mbps, rtt :5.1ms cwnd: 168.2 lossRate: 0.0 CC:12 goodput:4841Mbps score:-274.0 
1658191264.100867 -- INFO: Throughput @14.3s:322.5Mbps, rtt :4.63ms cwnd: 168.2 lossRate: 0.0 CC:12 goodput:6975Mbps score:-254.0 
1658191264.772564 -- INFO: Changing concurrency to 12 ******
1658191264.773949 -- INFO: Process Status Bits from change concurrency are: 1 1 1 1 1 1 1 1 1 1 1 1 0 0 0 0 0 0 0 0 0 0 0 0 0 0 0 0 0 0 0 0
1658191264.775887 -- INFO: Active CC: 12
1658191265.132959 -- INFO: Throughput @15.3s:327.5Mbps, rtt :4.61ms cwnd: 169.1 lossRate: 0.0 CC:12 goodput:6581Mbps score:-258.0 
1658191266.107039 -- INFO: Throughput @16.3s:335.0Mbps, rtt :4.58ms cwnd: 169.1 lossRate: 0.0 CC:12 goodput:6700Mbps score:-264.0 
1658191267.132930 -- INFO: Throughput @17.3s:330.0Mbps, rtt :4.85ms cwnd: 169.1 lossRate: 3.4808033694176616e-05 CC:12 goodput:5772Mbps score:-260.0 
1658191267.780720 -- INFO: Changing concurrency to 12 ******
1658191267.781212 -- INFO: Process Status Bits from change concurrency are: 1 1 1 1 1 1 1 1 1 1 1 1 0 0 0 0 0 0 0 0 0 0 0 0 0 0 0 0 0 0 0 0
1658191267.781668 -- INFO: Active CC: 12
1658191268.177383 -- INFO: Throughput @18.3s:322.5Mbps, rtt :4.65ms cwnd: 169.1 lossRate: 0.0 CC:12 goodput:5900Mbps score:-254.0 
1658191269.139773 -- INFO: Throughput @19.3s:330.0Mbps, rtt :4.82ms cwnd: 169.1 lossRate: 0.0 CC:12 goodput:6534Mbps score:-260.0 
1658191270.122096 -- INFO: Throughput @20.3s:327.5Mbps, rtt :4.94ms cwnd: 170.2 lossRate: 0.0 CC:12 goodput:6164Mbps score:-258.0 
1658191270.784950 -- INFO: Changing concurrency to 12 ******
1658191270.790934 -- INFO: Process Status Bits from change concurrency are: 1 1 1 1 1 1 1 1 1 1 1 1 0 0 0 0 0 0 0 0 0 0 0 0 0 0 0 0 0 0 0 0
1658191270.791304 -- INFO: Active CC: 12
1658191271.092910 -- INFO: Throughput @21.3s:327.5Mbps, rtt :4.77ms cwnd: 170.2 lossRate: 0.0 CC:12 goodput:6075Mbps score:-258.0 
1658191272.128927 -- INFO: Throughput @22.3s:325.0Mbps, rtt :4.68ms cwnd: 171.8 lossRate: 0.0 CC:12 goodput:6215Mbps score:-256.0 
1658191273.208901 -- INFO: Throughput @23.3s:320.0Mbps, rtt :4.69ms cwnd: 171.8 lossRate: 0.0 CC:12 goodput:6661Mbps score:-252.0 
1658191273.793434 -- INFO: Changing concurrency to 12 ******
1658191273.800127 -- INFO: Process Status Bits from change concurrency are: 1 1 1 1 1 1 1 1 1 1 1 1 0 0 0 0 0 0 0 0 0 0 0 0 0 0 0 0 0 0 0 0
1658191273.801500 -- INFO: Active CC: 12
1658191274.131366 -- INFO: Throughput @24.3s:315.0Mbps, rtt :4.69ms cwnd: 173.5 lossRate: 0.0 CC:12 goodput:6628Mbps score:-248.0 
1658191275.136944 -- INFO: Throughput @25.3s:345.0Mbps, rtt :5.24ms cwnd: 175.0 lossRate: 0.0 CC:12 goodput:5182Mbps score:-272.0 
1658191276.116191 -- INFO: Throughput @26.3s:325.0Mbps, rtt :5.0ms cwnd: 175.0 lossRate: 0.0 CC:12 goodput:5480Mbps score:-256.0 
1658191276.805002 -- INFO: Changing concurrency to 12 ******
1658191276.805714 -- INFO: Process Status Bits from change concurrency are: 1 1 1 1 1 1 1 1 1 1 1 1 0 0 0 0 0 0 0 0 0 0 0 0 0 0 0 0 0 0 0 0
1658191276.806269 -- INFO: Active CC: 12
1658191277.131900 -- INFO: Throughput @27.3s:327.5Mbps, rtt :4.63ms cwnd: 175.0 lossRate: 0.0 CC:12 goodput:7046Mbps score:-258.0 
1658191278.131028 -- INFO: Throughput @28.3s:327.5Mbps, rtt :5.08ms cwnd: 178.2 lossRate: 0.0 CC:12 goodput:5282Mbps score:-258.0 
1658191279.121036 -- INFO: Throughput @29.3s:342.5Mbps, rtt :4.58ms cwnd: 178.2 lossRate: 0.0 CC:12 goodput:7133Mbps score:-270.0 
1658191279.815806 -- INFO: Changing concurrency to 12 ******
1658191279.823897 -- INFO: Process Status Bits from change concurrency are: 1 1 1 1 1 1 1 1 1 1 1 1 0 0 0 0 0 0 0 0 0 0 0 0 0 0 0 0 0 0 0 0
1658191279.828565 -- INFO: Active CC: 12
1658191280.165034 -- INFO: Throughput @30.3s:335.0Mbps, rtt :4.64ms cwnd: 179.2 lossRate: 0.0 CC:12 goodput:6786Mbps score:-264.0 
1658191281.136560 -- INFO: Throughput @31.3s:345.0Mbps, rtt :4.61ms cwnd: 181.5 lossRate: 0.0 CC:12 goodput:6685Mbps score:-272.0 
1658191282.116248 -- INFO: Throughput @32.3s:345.0Mbps, rtt :4.74ms cwnd: 183.0 lossRate: 0.0 CC:12 goodput:6346Mbps score:-272.0 
1658191282.832979 -- INFO: Changing concurrency to 12 ******
1658191282.833576 -- INFO: Process Status Bits from change concurrency are: 1 1 1 1 1 1 1 1 1 1 1 1 0 0 0 0 0 0 0 0 0 0 0 0 0 0 0 0 0 0 0 0
1658191282.834152 -- INFO: Active CC: 12
1658191283.155479 -- INFO: Throughput @33.3s:340.0Mbps, rtt :4.85ms cwnd: 183.0 lossRate: 0.0 CC:12 goodput:6208Mbps score:-268.0 
1658191284.115937 -- INFO: Throughput @34.3s:330.0Mbps, rtt :4.91ms cwnd: 184.5 lossRate: 0.0 CC:12 goodput:5648Mbps score:-260.0 
1658191285.143158 -- INFO: Throughput @35.3s:335.0Mbps, rtt :4.72ms cwnd: 185.9 lossRate: 0.0 CC:12 goodput:7008Mbps score:-264.0 
1658191285.837300 -- INFO: Changing concurrency to 12 ******
1658191285.838214 -- INFO: Process Status Bits from change concurrency are: 1 1 1 1 1 1 1 1 1 1 1 1 0 0 0 0 0 0 0 0 0 0 0 0 0 0 0 0 0 0 0 0
1658191285.838900 -- INFO: Active CC: 12
1658191286.127218 -- INFO: Throughput @36.3s:337.5Mbps, rtt :4.58ms cwnd: 185.9 lossRate: 0.0 CC:12 goodput:7388Mbps score:-266.0 
1658191287.100079 -- INFO: Throughput @37.3s:332.5Mbps, rtt :4.7ms cwnd: 185.9 lossRate: 0.0 CC:12 goodput:6520Mbps score:-262.0 
1658191288.168939 -- INFO: Throughput @38.3s:322.5Mbps, rtt :4.83ms cwnd: 185.9 lossRate: 0.0 CC:12 goodput:5959Mbps score:-254.0 
1658191288.840961 -- INFO: Changing concurrency to 12 ******
1658191288.841446 -- INFO: Process Status Bits from change concurrency are: 1 1 1 1 1 1 1 1 1 1 1 1 0 0 0 0 0 0 0 0 0 0 0 0 0 0 0 0 0 0 0 0
1658191288.841966 -- INFO: Active CC: 12
1658191289.093041 -- INFO: Throughput @39.3s:337.5Mbps, rtt :5.31ms cwnd: 187.4 lossRate: 0.0 CC:12 goodput:5757Mbps score:-266.0 
1658191290.164914 -- INFO: Throughput @40.3s:325.0Mbps, rtt :5.2ms cwnd: 187.4 lossRate: 0.0 CC:12 goodput:5350Mbps score:-256.0 
1658191291.096527 -- INFO: Throughput @41.3s:325.0Mbps, rtt :4.74ms cwnd: 187.4 lossRate: 0.0 CC:12 goodput:6193Mbps score:-256.0 
1658191291.845021 -- INFO: Changing concurrency to 12 ******
1658191291.845581 -- INFO: Process Status Bits from change concurrency are: 1 1 1 1 1 1 1 1 1 1 1 1 0 0 0 0 0 0 0 0 0 0 0 0 0 0 0 0 0 0 0 0
1658191291.845984 -- INFO: Active CC: 12
1658191292.163213 -- INFO: Throughput @42.3s:330.0Mbps, rtt :4.77ms cwnd: 188.9 lossRate: 0.0 CC:12 goodput:5937Mbps score:-260.0 
1658191293.152839 -- INFO: Throughput @43.3s:325.0Mbps, rtt :5.29ms cwnd: 188.9 lossRate: 0.0 CC:12 goodput:5420Mbps score:-256.0 
1658191294.159657 -- INFO: Throughput @44.3s:335.0Mbps, rtt :4.79ms cwnd: 190.4 lossRate: 0.0 CC:12 goodput:6618Mbps score:-264.0 
1658191294.849005 -- INFO: Changing concurrency to 12 ******
1658191294.850012 -- INFO: Process Status Bits from change concurrency are: 1 1 1 1 1 1 1 1 1 1 1 1 0 0 0 0 0 0 0 0 0 0 0 0 0 0 0 0 0 0 0 0
1658191294.850434 -- INFO: Active CC: 12
1658191295.137376 -- INFO: Throughput @45.3s:332.5Mbps, rtt :5.35ms cwnd: 190.4 lossRate: 0.0 CC:12 goodput:5273Mbps score:-262.0 
1658191296.120890 -- INFO: Throughput @46.3s:335.0Mbps, rtt :4.83ms cwnd: 191.8 lossRate: 0.0 CC:12 goodput:6470Mbps score:-264.0 
1658191297.154945 -- INFO: Throughput @47.3s:325.0Mbps, rtt :4.98ms cwnd: 191.8 lossRate: 0.0 CC:12 goodput:6394Mbps score:-256.0 
1658191297.853055 -- INFO: Changing concurrency to 12 ******
1658191297.853561 -- INFO: Process Status Bits from change concurrency are: 1 1 1 1 1 1 1 1 1 1 1 1 0 0 0 0 0 0 0 0 0 0 0 0 0 0 0 0 0 0 0 0
1658191297.853968 -- INFO: Active CC: 12
1658191298.119027 -- INFO: Throughput @48.3s:325.0Mbps, rtt :4.88ms cwnd: 191.8 lossRate: 0.0 CC:12 goodput:5856Mbps score:-256.0 
1658191299.156957 -- INFO: Throughput @49.3s:325.0Mbps, rtt :4.76ms cwnd: 191.8 lossRate: 0.0 CC:12 goodput:6846Mbps score:-256.0 
1658191300.171380 -- INFO: Throughput @50.3s:347.5Mbps, rtt :5.67ms cwnd: 192.2 lossRate: 0.0 CC:12 goodput:3766Mbps score:-274.0 
1658191300.857300 -- INFO: Changing concurrency to 12 ******
1658191300.858878 -- INFO: Process Status Bits from change concurrency are: 1 1 1 1 1 1 1 1 1 1 1 1 0 0 0 0 0 0 0 0 0 0 0 0 0 0 0 0 0 0 0 0
1658191300.860369 -- INFO: Active CC: 12
1658191301.226460 -- INFO: Throughput @51.3s:340.0Mbps, rtt :4.81ms cwnd: 192.2 lossRate: 0.0 CC:12 goodput:6612Mbps score:-268.0 
1658191302.142174 -- INFO: Throughput @52.3s:342.5Mbps, rtt :4.83ms cwnd: 192.2 lossRate: 0.0 CC:12 goodput:5735Mbps score:-270.0 
1658191303.128746 -- INFO: Throughput @53.3s:327.5Mbps, rtt :4.84ms cwnd: 192.2 lossRate: 0.0 CC:12 goodput:6221Mbps score:-258.0 
1658191303.865274 -- INFO: Changing concurrency to 12 ******
1658191303.866375 -- INFO: Process Status Bits from change concurrency are: 1 1 1 1 1 1 1 1 1 1 1 1 0 0 0 0 0 0 0 0 0 0 0 0 0 0 0 0 0 0 0 0
1658191303.867966 -- INFO: Active CC: 12
1658191304.113290 -- INFO: Throughput @54.3s:345.0Mbps, rtt :4.59ms cwnd: 193.2 lossRate: 0.0 CC:12 goodput:6937Mbps score:-272.0 
