1657715095.126501 -- INFO: Process Status Bits from change concurrency are: 1 1 1 1 1 1 1 1 0 0 0 0 0 0 0 0 0 0 0 0 0 0 0 0 0 0 0 0 0 0 0 0
1657715095.127131 -- INFO: Active CC: 8
1657715095.155075 -- INFO: Start Process :: 0
1657715095.155784 -- INFO: Start Process :: 1
1657715095.156278 -- INFO: Process 0 get item 0 from queue and executing
1657715095.156507 -- INFO: starting 0, 0, /home/hjamil/Documents/files_processed_small/7g.img
1657715095.157733 -- INFO: Process 1 get item 1 from queue and executing
1657715095.158124 -- INFO: starting 1, 1, /home/hjamil/Documents/files_processed_small/5g.img
1657715095.159081 -- INFO: Start Process :: 4
1657715095.165858 -- INFO: Start Process :: 3
1657715095.167188 -- INFO: Process 4 get item 2 from queue and executing
1657715095.167448 -- INFO: starting 4, 2, /home/hjamil/Documents/files_processed_small/input4.txt
1657715095.167560 -- INFO: Start Process :: 5
1657715095.168354 -- INFO: Process 3 get item 3 from queue and executing
1657715095.168648 -- INFO: starting 3, 3, /home/hjamil/Documents/files_processed_small/1g.img
1657715095.170215 -- INFO: Process 5 get item 4 from queue and executing
1657715095.170425 -- INFO: starting 5, 4, /home/hjamil/Documents/files_processed_small/6g.img
1657715095.174817 -- INFO: Start Process :: 2
1657715095.178312 -- INFO: Process 2 get item 5 from queue and executing
1657715095.180439 -- INFO: starting 2, 5, /home/hjamil/Documents/files_processed_small/3g.img
1657715095.181899 -- INFO: Start Process :: 6
1657715095.186155 -- INFO: Start Process :: 7
1657715095.187222 -- INFO: Process 6 get item 6 from queue and executing
1657715095.187576 -- INFO: starting 6, 6, /home/hjamil/Documents/files_processed_small/4g.img
1657715095.192135 -- INFO: Process 7 get item 7 from queue and executing
1657715095.192717 -- INFO: starting 7, 7, /home/hjamil/Documents/files_processed_small/input1.txt
1657715095.199880 -- INFO: Throughput @0.1s:251.66Mbps, rtt :4.21ms cwnd: 107.0 lossRate: 0.0 CC:8 goodput:653Mbps score:-215.0 
1657715096.192805 -- INFO: Throughput @1.1s:922.75Mbps, rtt :6.84ms cwnd: 202.0 lossRate: 0.0 CC:8 goodput:860Mbps score:-788.0 
1657715097.194742 -- INFO: Throughput @2.1s:889.19Mbps, rtt :6.59ms cwnd: 202.0 lossRate: 0.0 CC:8 goodput:963Mbps score:-759.0 
1657715098.195766 -- INFO: Throughput @3.1s:872.42Mbps, rtt :6.71ms cwnd: 202.0 lossRate: 0.0 CC:8 goodput:993Mbps score:-745.0 
1657715099.197665 -- INFO: Throughput @4.1s:864.03Mbps, rtt :6.91ms cwnd: 202.0 lossRate: 0.0 CC:8 goodput:953Mbps score:-737.0 
1657715100.139570 -- INFO: Process Status Bits from change concurrency are: 1 1 1 1 1 1 0 0 0 0 0 0 0 0 0 0 0 0 0 0 0 0 0 0 0 0 0 0 0 0 0 0
1657715100.143967 -- INFO: Active CC: 6
1657715100.198225 -- INFO: Throughput @5.1s:889.19Mbps, rtt :6.96ms cwnd: 217.6 lossRate: 0.0 CC:6 goodput:875Mbps score:-790.0 
1657715101.201567 -- INFO: Throughput @6.1s:864.03Mbps, rtt :5.26ms cwnd: 220.3 lossRate: 0 CC:6 goodput:1117Mbps score:-767.0 
1657715102.204446 -- INFO: Throughput @7.1s:880.8Mbps, rtt :5.08ms cwnd: 220.3 lossRate: 0.0 CC:6 goodput:1071Mbps score:-782.0 
1657715103.201382 -- INFO: Throughput @8.1s:897.58Mbps, rtt :5.43ms cwnd: 220.3 lossRate: 0.0 CC:6 goodput:983Mbps score:-797.0 
1657715104.205802 -- INFO: Throughput @9.1s:864.03Mbps, rtt :5.1ms cwnd: 220.3 lossRate: 0.0 CC:6 goodput:895Mbps score:-767.0 
1657715105.153308 -- INFO: Process Status Bits from change concurrency are: 1 1 1 1 0 0 0 0 0 0 0 0 0 0 0 0 0 0 0 0 0 0 0 0 0 0 0 0 0 0 0 0
1657715105.160195 -- INFO: Active CC: 4
1657715105.207488 -- INFO: Throughput @10.1s:889.19Mbps, rtt :5.37ms cwnd: 220.3 lossRate: 0.0 CC:4 goodput:1007Mbps score:-821.0 
1657715106.207593 -- INFO: Throughput @11.1s:905.97Mbps, rtt :6.28ms cwnd: 374.2 lossRate: 0 CC:4 goodput:834Mbps score:-837.0 
1657715107.207536 -- INFO: Throughput @12.1s:880.8Mbps, rtt :6.56ms cwnd: 412.0 lossRate: 0.0 CC:4 goodput:840Mbps score:-814.0 
1657715108.209897 -- INFO: Throughput @13.1s:889.19Mbps, rtt :5.4ms cwnd: 412.0 lossRate: 0.0 CC:4 goodput:880Mbps score:-821.0 
1657715109.212355 -- INFO: Throughput @14.1s:880.8Mbps, rtt :5.39ms cwnd: 412.0 lossRate: 0.0 CC:4 goodput:1000Mbps score:-814.0 
1657715110.167372 -- INFO: Start Process :: 4
1657715110.167757 -- INFO: Process Status Bits from change concurrency are: 1 1 1 1 1 1 1 1 0 0 0 0 0 0 0 0 0 0 0 0 0 0 0 0 0 0 0 0 0 0 0 0
1657715110.167640 -- INFO: Start Process :: 6
1657715110.168089 -- INFO: Start Process :: 5
1657715110.169856 -- INFO: Start Process :: 7
1657715110.169878 -- INFO: Active CC: 8
1657715110.174225 -- INFO: Process 4 get item 8 from queue and executing
1657715110.174292 -- INFO: Process 6 get item 9 from queue and executing
1657715110.174611 -- INFO: starting 4, 8, /home/hjamil/Documents/files_processed_small/2g.img
1657715110.174762 -- INFO: Process 5 get item 10 from queue and executing
1657715110.174952 -- INFO: starting 6, 9, /home/hjamil/Documents/files_processed_small/input2.txt
1657715110.175219 -- INFO: starting 5, 10, /home/hjamil/Documents/files_processed_small/input3.txt
1657715110.175959 -- INFO: Process 7 get item 11 from queue and executing
1657715110.176298 -- INFO: starting 7, 11, /home/hjamil/Documents/files_processed_small/8g.img
1657715110.206687 -- INFO: Throughput @15.1s:880.8Mbps, rtt :6.01ms cwnd: 246.1 lossRate: 0.0 CC:8 goodput:924Mbps score:-752.0 
1657715111.210640 -- INFO: Throughput @16.1s:922.75Mbps, rtt :9.16ms cwnd: 344.4 lossRate: 0.0 CC:8 goodput:908Mbps score:-788.0 
1657715112.211864 -- INFO: Throughput @17.1s:880.8Mbps, rtt :9.26ms cwnd: 344.4 lossRate: 0.0 CC:8 goodput:914Mbps score:-752.0 
1657715113.210103 -- INFO: Throughput @18.1s:889.19Mbps, rtt :9.13ms cwnd: 344.4 lossRate: 0.0 CC:8 goodput:931Mbps score:-759.0 
1657715114.214295 -- INFO: Throughput @19.1s:872.42Mbps, rtt :8.9ms cwnd: 344.4 lossRate: 0.0 CC:8 goodput:897Mbps score:-745.0 
1657715115.216429 -- INFO: Throughput @20.1s:897.58Mbps, rtt :9.11ms cwnd: 344.4 lossRate: 0.0 CC:8 goodput:936Mbps score:-766.0 
1657715116.215605 -- INFO: Throughput @21.1s:872.42Mbps, rtt :9.07ms cwnd: 344.4 lossRate: 0.0 CC:8 goodput:944Mbps score:-745.0 
1657715117.217886 -- INFO: Throughput @22.1s:889.19Mbps, rtt :9.01ms cwnd: 344.4 lossRate: 0.0 CC:8 goodput:940Mbps score:-759.0 
1657715118.214197 -- INFO: Throughput @23.1s:889.19Mbps, rtt :8.91ms cwnd: 344.4 lossRate: 0.0 CC:8 goodput:965Mbps score:-759.0 
1657715119.220933 -- INFO: Throughput @24.1s:889.19Mbps, rtt :9.94ms cwnd: 408.2 lossRate: 0.0 CC:8 goodput:939Mbps score:-759.0 
1657715120.218508 -- INFO: Throughput @25.1s:897.58Mbps, rtt :9.47ms cwnd: 408.2 lossRate: 0.0 CC:8 goodput:905Mbps score:-766.0 
1657715121.216422 -- INFO: Throughput @26.1s:889.19Mbps, rtt :9.4ms cwnd: 408.2 lossRate: 0.0 CC:8 goodput:879Mbps score:-759.0 
1657715122.219960 -- INFO: Throughput @27.1s:880.8Mbps, rtt :9.53ms cwnd: 462.9 lossRate: 0.0 CC:8 goodput:895Mbps score:-752.0 
1657715123.221730 -- INFO: Throughput @28.1s:889.19Mbps, rtt :9.45ms cwnd: 462.9 lossRate: 0.0 CC:8 goodput:947Mbps score:-759.0 
1657715124.224731 -- INFO: Throughput @29.1s:872.42Mbps, rtt :10.11ms cwnd: 462.9 lossRate: 0.0 CC:8 goodput:864Mbps score:-745.0 
1657715125.226754 -- INFO: Throughput @30.1s:897.58Mbps, rtt :10.26ms cwnd: 462.9 lossRate: 0.0 CC:8 goodput:944Mbps score:-766.0 
1657715126.223818 -- INFO: Throughput @31.1s:880.8Mbps, rtt :10.14ms cwnd: 482.8 lossRate: 0.0 CC:8 goodput:1017Mbps score:-752.0 
1657715127.227012 -- INFO: Throughput @32.1s:889.19Mbps, rtt :10.4ms cwnd: 482.8 lossRate: 0.0 CC:8 goodput:943Mbps score:-759.0 
1657715128.228340 -- INFO: Throughput @33.1s:889.19Mbps, rtt :9.55ms cwnd: 482.8 lossRate: 0.0 CC:8 goodput:961Mbps score:-759.0 
1657715129.228504 -- INFO: Throughput @34.1s:880.8Mbps, rtt :9.47ms cwnd: 482.8 lossRate: 0.0 CC:8 goodput:895Mbps score:-752.0 
1657715130.230269 -- INFO: Throughput @35.1s:880.8Mbps, rtt :9.48ms cwnd: 482.8 lossRate: 0.0 CC:8 goodput:882Mbps score:-752.0 
1657715131.228148 -- INFO: Throughput @36.1s:889.19Mbps, rtt :9.43ms cwnd: 482.8 lossRate: 0.0 CC:8 goodput:965Mbps score:-759.0 
1657715132.229372 -- INFO: Throughput @37.1s:847.25Mbps, rtt :9.36ms cwnd: 482.8 lossRate: 0.0 CC:8 goodput:955Mbps score:-723.0 
1657715133.229568 -- INFO: Throughput @38.1s:914.36Mbps, rtt :9.36ms cwnd: 482.8 lossRate: 0.0 CC:8 goodput:939Mbps score:-780.0 
1657715134.235784 -- INFO: Throughput @39.1s:880.8Mbps, rtt :9.46ms cwnd: 482.8 lossRate: 0.0 CC:8 goodput:960Mbps score:-752.0 
1657715135.231445 -- INFO: Throughput @40.1s:897.58Mbps, rtt :9.42ms cwnd: 482.8 lossRate: 0.0 CC:8 goodput:964Mbps score:-766.0 
1657715136.236756 -- INFO: Throughput @41.1s:889.19Mbps, rtt :9.47ms cwnd: 482.8 lossRate: 0.0 CC:8 goodput:955Mbps score:-759.0 
1657715137.234250 -- INFO: Throughput @42.1s:855.64Mbps, rtt :8.66ms cwnd: 482.8 lossRate: 0.0 CC:8 goodput:902Mbps score:-730.0 
1657715138.236667 -- INFO: Throughput @43.1s:889.19Mbps, rtt :9.41ms cwnd: 482.8 lossRate: 0.0 CC:8 goodput:908Mbps score:-759.0 
1657715139.236743 -- INFO: Throughput @44.1s:889.19Mbps, rtt :9.46ms cwnd: 482.8 lossRate: 0.0 CC:8 goodput:920Mbps score:-759.0 
1657715140.239705 -- INFO: Throughput @45.1s:897.58Mbps, rtt :10.09ms cwnd: 482.8 lossRate: 0.0 CC:8 goodput:915Mbps score:-766.0 
1657715141.240202 -- INFO: Throughput @46.1s:872.42Mbps, rtt :9.47ms cwnd: 482.8 lossRate: 0.0 CC:8 goodput:911Mbps score:-745.0 
1657715142.244084 -- INFO: Throughput @47.1s:897.58Mbps, rtt :9.48ms cwnd: 482.8 lossRate: 0.0 CC:8 goodput:900Mbps score:-766.0 
1657715143.244398 -- INFO: Throughput @48.1s:872.42Mbps, rtt :10.37ms cwnd: 482.8 lossRate: 0.0 CC:8 goodput:890Mbps score:-745.0 
1657715144.244362 -- INFO: Throughput @49.1s:889.19Mbps, rtt :10.01ms cwnd: 482.8 lossRate: 0.0 CC:8 goodput:942Mbps score:-759.0 
1657715145.246522 -- INFO: Throughput @50.1s:889.19Mbps, rtt :10.27ms cwnd: 482.8 lossRate: 0.0 CC:8 goodput:883Mbps score:-759.0 
1657715146.243092 -- INFO: Throughput @51.1s:889.19Mbps, rtt :10.96ms cwnd: 482.8 lossRate: 0.0 CC:8 goodput:847Mbps score:-759.0 
1657715147.247264 -- INFO: Throughput @52.1s:880.8Mbps, rtt :10.72ms cwnd: 482.8 lossRate: 0.0 CC:8 goodput:901Mbps score:-752.0 
1657715148.250039 -- INFO: Throughput @53.1s:889.19Mbps, rtt :10.21ms cwnd: 482.8 lossRate: 0.0 CC:8 goodput:880Mbps score:-759.0 
1657715149.248467 -- INFO: Throughput @54.1s:864.03Mbps, rtt :10.43ms cwnd: 482.8 lossRate: 0.0 CC:8 goodput:930Mbps score:-737.0 
1657715150.246300 -- INFO: Throughput @55.1s:897.58Mbps, rtt :10.32ms cwnd: 482.8 lossRate: 0.0 CC:8 goodput:966Mbps score:-766.0 
1657715151.252448 -- INFO: Throughput @56.1s:897.58Mbps, rtt :9.44ms cwnd: 482.8 lossRate: 0.0 CC:8 goodput:921Mbps score:-766.0 
1657715152.251410 -- INFO: Throughput @57.1s:872.42Mbps, rtt :9.19ms cwnd: 482.8 lossRate: 0.0 CC:8 goodput:988Mbps score:-745.0 
1657715153.252454 -- INFO: Throughput @58.1s:889.19Mbps, rtt :9.19ms cwnd: 482.8 lossRate: 0.0 CC:8 goodput:890Mbps score:-759.0 
1657715154.253922 -- INFO: Throughput @59.1s:889.19Mbps, rtt :9.43ms cwnd: 482.8 lossRate: 0.0 CC:8 goodput:923Mbps score:-759.0 
1657715155.255575 -- INFO: Throughput @60.1s:880.8Mbps, rtt :9.65ms cwnd: 482.8 lossRate: 0.0 CC:8 goodput:945Mbps score:-752.0 
1657715156.257657 -- INFO: Throughput @61.1s:889.19Mbps, rtt :9.4ms cwnd: 482.8 lossRate: 0.0 CC:8 goodput:999Mbps score:-759.0 
1657715156.864311 -- INFO: Process 3 finished on working on file 3 
1657715156.865030 -- INFO: Process 3 get item 7 from queue and executing
1657715156.865456 -- INFO: starting 3, 7, /home/hjamil/Documents/files_processed_small/input1.txt
1657715157.256940 -- INFO: Throughput @62.1s:880.8Mbps, rtt :9.53ms cwnd: 482.8 lossRate: 0.0 CC:8 goodput:953Mbps score:-752.0 
1657715158.256012 -- INFO: Throughput @63.1s:897.58Mbps, rtt :9.43ms cwnd: 482.8 lossRate: 0.0 CC:8 goodput:947Mbps score:-766.0 
1657715159.258569 -- INFO: Throughput @64.1s:880.8Mbps, rtt :9.16ms cwnd: 482.8 lossRate: 0.0 CC:8 goodput:937Mbps score:-752.0 
1657715160.258031 -- INFO: Throughput @65.1s:880.8Mbps, rtt :9.4ms cwnd: 482.8 lossRate: 0.0 CC:8 goodput:970Mbps score:-752.0 
1657715161.261534 -- INFO: Throughput @66.1s:889.19Mbps, rtt :9.35ms cwnd: 482.8 lossRate: 0.0 CC:8 goodput:947Mbps score:-759.0 
1657715162.260215 -- INFO: Throughput @67.1s:880.8Mbps, rtt :9.36ms cwnd: 482.8 lossRate: 0.0 CC:8 goodput:910Mbps score:-752.0 
1657715163.262966 -- INFO: Throughput @68.1s:880.8Mbps, rtt :9.17ms cwnd: 482.8 lossRate: 0.0 CC:8 goodput:933Mbps score:-752.0 
1657715164.261892 -- INFO: Throughput @69.1s:880.8Mbps, rtt :9.5ms cwnd: 482.8 lossRate: 0.0 CC:8 goodput:971Mbps score:-752.0 
1657715165.266282 -- INFO: Throughput @70.1s:889.19Mbps, rtt :10.89ms cwnd: 482.8 lossRate: 0.0 CC:8 goodput:832Mbps score:-759.0 
1657715166.265157 -- INFO: Throughput @71.1s:897.58Mbps, rtt :10.71ms cwnd: 482.8 lossRate: 0.0 CC:8 goodput:860Mbps score:-766.0 
1657715167.267646 -- INFO: Throughput @72.1s:872.42Mbps, rtt :11.2ms cwnd: 482.8 lossRate: 0.0 CC:8 goodput:941Mbps score:-745.0 
1657715168.265284 -- INFO: Throughput @73.1s:897.58Mbps, rtt :10.47ms cwnd: 482.8 lossRate: 0.0 CC:8 goodput:920Mbps score:-766.0 
1657715168.548710 -- INFO: Process 0 finished on working on file 0 
1657715168.549259 -- INFO: Process 0 get item 6 from queue and executing
1657715168.549697 -- INFO: starting 0, 6, /home/hjamil/Documents/files_processed_small/4g.img
1657715169.269984 -- INFO: Throughput @74.1s:880.8Mbps, rtt :10.79ms cwnd: 482.8 lossRate: 0.0 CC:8 goodput:920Mbps score:-752.0 
1657715169.574044 -- INFO: Process 1 finished on working on file 1 
1657715169.574719 -- INFO: Process 1 get item 4 from queue and executing
1657715169.575309 -- INFO: starting 1, 4, /home/hjamil/Documents/files_processed_small/6g.img
1657715170.268670 -- INFO: Throughput @75.1s:897.58Mbps, rtt :12.24ms cwnd: 512.5 lossRate: 0.0 CC:8 goodput:880Mbps score:-766.0 
1657715171.271962 -- INFO: Throughput @76.1s:880.8Mbps, rtt :12.41ms cwnd: 512.5 lossRate: 0.0 CC:8 goodput:810Mbps score:-752.0 
1657715172.272875 -- INFO: Throughput @77.1s:872.42Mbps, rtt :12.26ms cwnd: 512.5 lossRate: 0.0 CC:8 goodput:813Mbps score:-745.0 
1657715173.273542 -- INFO: Throughput @78.1s:905.97Mbps, rtt :10.93ms cwnd: 512.5 lossRate: 0.0 CC:8 goodput:857Mbps score:-773.0 
1657715174.273312 -- INFO: Throughput @79.1s:897.58Mbps, rtt :9.43ms cwnd: 512.5 lossRate: 0.0 CC:8 goodput:947Mbps score:-766.0 
1657715175.272040 -- INFO: Throughput @80.1s:864.03Mbps, rtt :9.53ms cwnd: 512.5 lossRate: 0.0 CC:8 goodput:909Mbps score:-737.0 
1657715176.276536 -- INFO: Throughput @81.1s:872.42Mbps, rtt :9.59ms cwnd: 512.5 lossRate: 0.0 CC:8 goodput:862Mbps score:-745.0 
1657715177.221510 -- INFO: Process 5 finished on working on file 10 
1657715177.222073 -- INFO: Process 5 get item 2 from queue and executing
1657715177.222461 -- INFO: starting 5, 2, /home/hjamil/Documents/files_processed_small/input4.txt
1657715177.278368 -- INFO: Throughput @82.1s:891.77Mbps, rtt :9.5ms cwnd: 512.5 lossRate: 0.0 CC:8 goodput:932Mbps score:-761.0 
1657715178.279230 -- INFO: Throughput @83.1s:880.8Mbps, rtt :9.62ms cwnd: 512.5 lossRate: 0.0 CC:8 goodput:894Mbps score:-752.0 
1657715179.278435 -- INFO: Throughput @84.1s:889.19Mbps, rtt :9.18ms cwnd: 512.5 lossRate: 0.0 CC:8 goodput:906Mbps score:-759.0 
1657715180.279698 -- INFO: Throughput @85.1s:880.8Mbps, rtt :9.42ms cwnd: 512.5 lossRate: 0.0 CC:8 goodput:972Mbps score:-752.0 
1657715181.278600 -- INFO: Throughput @86.1s:897.58Mbps, rtt :9.71ms cwnd: 512.5 lossRate: 0.0 CC:8 goodput:912Mbps score:-766.0 
1657715182.280199 -- INFO: Throughput @87.1s:872.42Mbps, rtt :9.47ms cwnd: 512.5 lossRate: 0.0 CC:8 goodput:942Mbps score:-745.0 
1657715182.721408 -- INFO: Process 2 finished on working on file 5 
1657715183.280077 -- INFO: Throughput @88.1s:880.8Mbps, rtt :8.98ms cwnd: 535.0 lossRate: 0 CC:8 goodput:930Mbps score:-752.0 
1657715183.907261 -- INFO: Process 6 finished on working on file 9 
1657715184.282739 -- INFO: Throughput @89.1s:851.11Mbps, rtt :9.99ms cwnd: 476.7 lossRate: 0 CC:8 goodput:929Mbps score:-726.0 
1657715185.278915 -- INFO: Throughput @90.1s:889.19Mbps, rtt :7.65ms cwnd: 479.5 lossRate: 0.0 CC:8 goodput:928Mbps score:-759.0 
1657715185.596854 -- INFO: Process 7 finished on working on file 11 
1657715186.280575 -- INFO: Throughput @91.1s:872.42Mbps, rtt :7.04ms cwnd: 500.0 lossRate: 0 CC:8 goodput:946Mbps score:-745.0 
1657715187.284096 -- INFO: Throughput @92.1s:889.19Mbps, rtt :7.01ms cwnd: 500.0 lossRate: 0.0 CC:8 goodput:943Mbps score:-759.0 
1657715188.290935 -- INFO: Throughput @93.1s:889.19Mbps, rtt :8.09ms cwnd: 500.0 lossRate: 0.0 CC:8 goodput:907Mbps score:-759.0 
1657715188.936542 -- INFO: Process 4 finished on working on file 8 
1657715189.297367 -- INFO: Throughput @94.2s:800.73Mbps, rtt :7.87ms cwnd: 615.0 lossRate: 0 CC:8 goodput:816Mbps score:-683.0 
1657715190.289660 -- INFO: Throughput @95.2s:880.8Mbps, rtt :9.97ms cwnd: 634.8 lossRate: 0.0 CC:8 goodput:887Mbps score:-752.0 
1657715191.288319 -- INFO: Throughput @96.2s:889.19Mbps, rtt :8.72ms cwnd: 649.2 lossRate: 0.0 CC:8 goodput:830Mbps score:-759.0 
1657715192.290635 -- INFO: Throughput @97.2s:880.8Mbps, rtt :10.04ms cwnd: 649.2 lossRate: 0.0 CC:8 goodput:797Mbps score:-752.0 
1657715193.288876 -- INFO: Throughput @98.2s:880.8Mbps, rtt :9.95ms cwnd: 649.2 lossRate: 0.0 CC:8 goodput:819Mbps score:-752.0 
1657715194.297939 -- INFO: Throughput @99.2s:897.58Mbps, rtt :10.16ms cwnd: 649.2 lossRate: 0.0 CC:8 goodput:844Mbps score:-766.0 
1657715195.295939 -- INFO: Throughput @100.2s:880.8Mbps, rtt :8.69ms cwnd: 649.2 lossRate: 0.0 CC:8 goodput:852Mbps score:-752.0 
1657715196.299237 -- INFO: Throughput @101.2s:880.8Mbps, rtt :7.04ms cwnd: 658.2 lossRate: 0.0 CC:8 goodput:874Mbps score:-752.0 
1657715197.295202 -- INFO: Throughput @102.2s:889.19Mbps, rtt :7.01ms cwnd: 658.2 lossRate: 0.0 CC:8 goodput:916Mbps score:-759.0 
1657715198.293900 -- INFO: Throughput @103.2s:889.19Mbps, rtt :7.04ms cwnd: 658.2 lossRate: 0.0 CC:8 goodput:913Mbps score:-759.0 
1657715198.747651 -- INFO: Process 3 finished on working on file 7 
1657715199.294822 -- INFO: Throughput @104.2s:857.78Mbps, rtt :8.81ms cwnd: 788.0 lossRate: 0 CC:8 goodput:854Mbps score:-732.0 
1657715200.295324 -- INFO: Throughput @105.2s:897.58Mbps, rtt :6.78ms cwnd: 788.0 lossRate: 0.0 CC:8 goodput:892Mbps score:-766.0 
1657715201.301642 -- INFO: Throughput @106.2s:872.42Mbps, rtt :6.31ms cwnd: 788.0 lossRate: 0.0 CC:8 goodput:932Mbps score:-745.0 
1657715202.304732 -- INFO: Throughput @107.2s:889.19Mbps, rtt :6.14ms cwnd: 788.0 lossRate: 0.0 CC:8 goodput:876Mbps score:-759.0 
1657715203.295878 -- INFO: Throughput @108.2s:880.8Mbps, rtt :6.39ms cwnd: 788.0 lossRate: 0.0 CC:8 goodput:948Mbps score:-752.0 
1657715204.303041 -- INFO: Throughput @109.2s:897.58Mbps, rtt :6.23ms cwnd: 788.0 lossRate: 0.0 CC:8 goodput:902Mbps score:-766.0 
1657715205.223247 -- INFO: Process 0 finished on working on file 6 
1657715205.306887 -- INFO: Throughput @110.2s:872.42Mbps, rtt :6.43ms cwnd: 788.0 lossRate: 0.0 CC:8 goodput:887Mbps score:-745.0 
1657715206.307084 -- INFO: Throughput @111.2s:880.8Mbps, rtt :5.16ms cwnd: 824.0 lossRate: 0 CC:8 goodput:717Mbps score:-752.0 
1657715206.686964 -- INFO: Process 5 finished on working on file 2 
1657715207.317778 -- INFO: Throughput @112.2s:874.99Mbps, rtt :3.22ms cwnd: 639.0 lossRate: 0 CC:8 goodput:896Mbps score:-747.0 
1657715208.195964 -- INFO: Process 1 finished on working on file 4 
1657715208.196315 -- INFO: Process 1 shutdown itself from outest loop
1657715208.196570 -- INFO: Process Status Bits are: 1 0 1 1 1 1 1 1 0 0 0 0 0 0 0 0 0 0 0 0 0 0 0 0 0 0 0 0 0 0 0 0
1657715208.196867 -- INFO: Process 8 shutdown itself from outest loop
1657715208.199866 -- INFO: Process Status Bits are: 1 0 0 0 0 1 0 0 0 0 0 0 0 0 0 0 0 0 0 0 0 0 0 0 0 0 0 0 0 0 0 0
1657715208.199664 -- INFO: Process 12 shutdown itself from outest loop
1657715208.196371 -- INFO: Process 31 shutdown itself from outest loop
1657715208.196370 -- INFO: Process 28 shutdown itself from outest loop
1657715208.200307 -- INFO: Process Status Bits are: 1 0 0 0 0 1 0 0 0 0 0 0 0 0 0 0 0 0 0 0 0 0 0 0 0 0 0 0 0 0 0 0
1657715208.200200 -- INFO: Process 14 shutdown itself from outest loop
1657715208.200558 -- INFO: Process Status Bits are: 1 0 0 0 0 1 0 0 0 0 0 0 0 0 0 0 0 0 0 0 0 0 0 0 0 0 0 0 0 0 0 0
1657715208.200960 -- INFO: Process Status Bits are: 1 0 0 0 0 1 0 0 0 0 0 0 0 0 0 0 0 0 0 0 0 0 0 0 0 0 0 0 0 0 0 0
1657715208.201129 -- INFO: Process 5 shutdown itself from outest loop
1657715208.201189 -- INFO: Process Status Bits are: 1 0 0 0 0 0 0 0 0 0 0 0 0 0 0 0 0 0 0 0 0 0 0 0 0 0 0 0 0 0 0 0
1657715208.201310 -- INFO: Process Status Bits are: 1 0 0 0 0 0 0 0 0 0 0 0 0 0 0 0 0 0 0 0 0 0 0 0 0 0 0 0 0 0 0 0
1657715208.196395 -- INFO: Process 21 shutdown itself from outest loop
1657715208.196858 -- INFO: Process 23 shutdown itself from outest loop
1657715208.196988 -- INFO: Process 13 shutdown itself from outest loop
1657715208.202407 -- INFO: Process Status Bits are: 1 0 0 0 0 0 0 0 0 0 0 0 0 0 0 0 0 0 0 0 0 0 0 0 0 0 0 0 0 0 0 0
1657715208.197168 -- INFO: Process 7 shutdown itself from outest loop
1657715208.197346 -- INFO: Process 4 shutdown itself from outest loop
1657715208.203769 -- INFO: Process Status Bits are: 1 0 0 0 0 0 0 0 0 0 0 0 0 0 0 0 0 0 0 0 0 0 0 0 0 0 0 0 0 0 0 0
1657715208.197474 -- INFO: Process 3 shutdown itself from outest loop
1657715208.197369 -- INFO: Process 15 shutdown itself from outest loop
1657715208.197465 -- INFO: Process 18 shutdown itself from outest loop
1657715208.197629 -- INFO: Process 29 shutdown itself from outest loop
1657715208.204066 -- INFO: Process Status Bits are: 1 0 0 0 0 0 0 0 0 0 0 0 0 0 0 0 0 0 0 0 0 0 0 0 0 0 0 0 0 0 0 0
1657715208.204129 -- INFO: Process Status Bits are: 1 0 0 0 0 0 0 0 0 0 0 0 0 0 0 0 0 0 0 0 0 0 0 0 0 0 0 0 0 0 0 0
1657715208.197738 -- INFO: Process 27 shutdown itself from outest loop
1657715208.197811 -- INFO: Process 20 shutdown itself from outest loop
1657715208.197970 -- INFO: Process 17 shutdown itself from outest loop
1657715208.204493 -- INFO: Process Status Bits are: 1 0 0 0 0 0 0 0 0 0 0 0 0 0 0 0 0 0 0 0 0 0 0 0 0 0 0 0 0 0 0 0
1657715208.204552 -- INFO: Process Status Bits are: 1 0 0 0 0 0 0 0 0 0 0 0 0 0 0 0 0 0 0 0 0 0 0 0 0 0 0 0 0 0 0 0
1657715208.204574 -- INFO: Process Status Bits are: 1 0 0 0 0 0 0 0 0 0 0 0 0 0 0 0 0 0 0 0 0 0 0 0 0 0 0 0 0 0 0 0
1657715208.198192 -- INFO: Process 30 shutdown itself from outest loop
1657715208.198265 -- INFO: Process 19 shutdown itself from outest loop
1657715208.198473 -- INFO: Process 10 shutdown itself from outest loop
1657715208.205232 -- INFO: Process Status Bits are: 1 0 0 0 0 0 0 0 0 0 0 0 0 0 0 0 0 0 0 0 0 0 0 0 0 0 0 0 0 0 0 0
1657715208.205314 -- INFO: Process Status Bits are: 1 0 0 0 0 0 0 0 0 0 0 0 0 0 0 0 0 0 0 0 0 0 0 0 0 0 0 0 0 0 0 0
1657715208.198536 -- INFO: Process 26 shutdown itself from outest loop
1657715208.198640 -- INFO: Process 9 shutdown itself from outest loop
1657715208.198726 -- INFO: Process 11 shutdown itself from outest loop
1657715208.205687 -- INFO: Process Status Bits are: 1 0 0 0 0 0 0 0 0 0 0 0 0 0 0 0 0 0 0 0 0 0 0 0 0 0 0 0 0 0 0 0
1657715208.205753 -- INFO: Process Status Bits are: 1 0 0 0 0 0 0 0 0 0 0 0 0 0 0 0 0 0 0 0 0 0 0 0 0 0 0 0 0 0 0 0
1657715208.199084 -- INFO: Process 16 shutdown itself from outest loop
1657715208.198992 -- INFO: Process 24 shutdown itself from outest loop
1657715208.199082 -- INFO: Process 22 shutdown itself from outest loop
1657715208.199297 -- INFO: Process 25 shutdown itself from outest loop
1657715208.199620 -- INFO: Process 6 shutdown itself from outest loop
1657715208.202474 -- INFO: Process Status Bits are: 1 0 0 0 0 0 0 0 0 0 0 0 0 0 0 0 0 0 0 0 0 0 0 0 0 0 0 0 0 0 0 0
1657715208.202551 -- INFO: Process Status Bits are: 1 0 0 0 0 0 0 0 0 0 0 0 0 0 0 0 0 0 0 0 0 0 0 0 0 0 0 0 0 0 0 0
1657715208.204968 -- INFO: Process Status Bits are: 1 0 0 0 0 0 0 0 0 0 0 0 0 0 0 0 0 0 0 0 0 0 0 0 0 0 0 0 0 0 0 0
1657715208.209059 -- INFO: Process Status Bits are: 1 0 0 0 0 0 0 0 0 0 0 0 0 0 0 0 0 0 0 0 0 0 0 0 0 0 0 0 0 0 0 0
1657715208.209277 -- INFO: Process Status Bits are: 1 0 0 0 0 0 0 0 0 0 0 0 0 0 0 0 0 0 0 0 0 0 0 0 0 0 0 0 0 0 0 0
1657715208.209521 -- INFO: Process Status Bits are: 1 0 0 0 0 0 0 0 0 0 0 0 0 0 0 0 0 0 0 0 0 0 0 0 0 0 0 0 0 0 0 0
1657715208.209531 -- INFO: Process Status Bits are: 1 0 0 0 0 0 0 0 0 0 0 0 0 0 0 0 0 0 0 0 0 0 0 0 0 0 0 0 0 0 0 0
1657715208.209783 -- INFO: Process Status Bits are: 1 0 0 0 0 0 0 0 0 0 0 0 0 0 0 0 0 0 0 0 0 0 0 0 0 0 0 0 0 0 0 0
1657715208.210160 -- INFO: Process Status Bits are: 1 0 0 0 0 0 0 0 0 0 0 0 0 0 0 0 0 0 0 0 0 0 0 0 0 0 0 0 0 0 0 0
1657715208.210505 -- INFO: Process Status Bits are: 1 0 0 0 0 0 0 0 0 0 0 0 0 0 0 0 0 0 0 0 0 0 0 0 0 0 0 0 0 0 0 0
1657715208.210860 -- INFO: Process Status Bits are: 1 0 0 0 0 0 0 0 0 0 0 0 0 0 0 0 0 0 0 0 0 0 0 0 0 0 0 0 0 0 0 0
