1658258723.707262 -- INFO: Changing concurrency to 16 ******
1658258723.709523 -- INFO: Process Status Bits from change concurrency are: 1 1 1 1 1 1 1 1 1 1 1 1 1 1 1 1 0 0 0 0 0 0 0 0 0 0 0 0 0 0 0 0
1658258723.710036 -- INFO: Active CC: 16
1658258723.712881 -- INFO: Start Process :: 2
1658258723.713772 -- INFO: Start Process :: 0
1658258723.714040 -- INFO: Process 2 get item 0 from queue and executing
1658258723.714271 -- INFO: starting 2, 0, /home/hjamil/Documents/files_bash/FILE19
1658258723.716873 -- INFO: Start Process :: 1
1658258723.717376 -- INFO: Process 0 get item 1 from queue and executing
1658258723.717609 -- INFO: starting 0, 1, /home/hjamil/Documents/files_bash/FILE10
1658258723.718069 -- INFO: Start Process :: 4
1658258723.718089 -- INFO: Start Process :: 5
1658258723.718387 -- INFO: Start Process :: 8
1658258723.719043 -- INFO: Process 1 get item 2 from queue and executing
1658258723.719270 -- INFO: starting 1, 2, /home/hjamil/Documents/files_bash/FILE31
1658258723.718984 -- INFO: Start Process :: 7
1658258723.719958 -- INFO: Process 4 get item 4 from queue and executing
1658258723.719965 -- INFO: Process 5 get item 3 from queue and executing
1658258723.720173 -- INFO: starting 4, 4, /home/hjamil/Documents/files_bash/FILE6
1658258723.720380 -- INFO: starting 5, 3, /home/hjamil/Documents/files_bash/FILE18
1658258723.720904 -- INFO: Process 8 get item 5 from queue and executing
1658258723.721093 -- INFO: Process 7 get item 6 from queue and executing
1658258723.721177 -- INFO: starting 8, 5, /home/hjamil/Documents/files_bash/FILE14
1658258723.721302 -- INFO: starting 7, 6, /home/hjamil/Documents/files_bash/FILE1
1658258723.732966 -- INFO: Start Process :: 3
1658258723.733552 -- INFO: Start Process :: 6
1658258723.733626 -- INFO: Start Process :: 10
1658258723.738368 -- INFO: Process 3 get item 7 from queue and executing
1658258723.738671 -- INFO: starting 3, 7, /home/hjamil/Documents/files_bash/FILE30
1658258723.740095 -- INFO: Process 6 get item 8 from queue and executing
1658258723.740347 -- INFO: starting 6, 8, /home/hjamil/Documents/files_bash/FILE3
1658258723.740902 -- INFO: Start Process :: 9
1658258723.741558 -- INFO: Process 10 get item 9 from queue and executing
1658258723.741766 -- INFO: starting 10, 9, /home/hjamil/Documents/files_bash/FILE20
1658258723.746368 -- INFO: Process 9 get item 10 from queue and executing
1658258723.746615 -- INFO: starting 9, 10, /home/hjamil/Documents/files_bash/FILE15
1658258723.747185 -- INFO: Start Process :: 11
1658258723.754537 -- INFO: Process 11 get item 11 from queue and executing
1658258723.754797 -- INFO: starting 11, 11, /home/hjamil/Documents/files_bash/FILE0
1658258723.821477 -- INFO: Start Process :: 14
1658258723.824618 -- INFO: Start Process :: 12
1658258723.831272 -- INFO: Process 14 get item 12 from queue and executing
1658258723.831515 -- INFO: starting 14, 12, /home/hjamil/Documents/files_bash/FILE26
1658258723.832351 -- INFO: Start Process :: 15
1658258723.835747 -- INFO: Process 12 get item 13 from queue and executing
1658258723.836046 -- INFO: starting 12, 13, /home/hjamil/Documents/files_bash/FILE23
1658258723.840405 -- INFO: Process 15 get item 14 from queue and executing
1658258723.840710 -- INFO: starting 15, 14, /home/hjamil/Documents/files_bash/FILE24
1658258723.848442 -- INFO: Start Process :: 13
1658258723.859015 -- INFO: Process 13 get item 15 from queue and executing
1658258723.859370 -- INFO: starting 13, 15, /home/hjamil/Documents/files_bash/FILE13
1658258723.871343 -- INFO: Throughput @0.1s:1593.84Mbps, rtt :nanms cwnd: nan lossRate: 0 CC:16 goodput:0Mbps score:-1161.0 
1658258724.867687 -- INFO: Throughput @1.1s:897.58Mbps, rtt :10.36ms cwnd: 191.4 lossRate: 0.0 CC:16 goodput:1032Mbps score:-654.0 
1658258725.865103 -- INFO: Throughput @2.1s:905.97Mbps, rtt :10.54ms cwnd: 191.4 lossRate: 0.0 CC:16 goodput:1078Mbps score:-660.0 
1658258726.864613 -- INFO: Throughput @3.1s:864.03Mbps, rtt :10.09ms cwnd: 191.4 lossRate: 0.0 CC:16 goodput:955Mbps score:-629.0 
1658258727.853839 -- INFO: Throughput @4.1s:855.64Mbps, rtt :9.17ms cwnd: 192.6 lossRate: 0.0 CC:16 goodput:952Mbps score:-623.0 
1658258728.855152 -- INFO: Throughput @5.1s:805.31Mbps, rtt :8.88ms cwnd: 202.5 lossRate: 0.0 CC:16 goodput:1115Mbps score:-587.0 
1658258729.859303 -- INFO: Throughput @6.1s:897.58Mbps, rtt :7.24ms cwnd: 216.2 lossRate: 0.0 CC:16 goodput:1506Mbps score:-654.0 
1658258730.858663 -- INFO: Throughput @7.1s:931.14Mbps, rtt :8.88ms cwnd: 210.1 lossRate: 0.0 CC:16 goodput:1063Mbps score:-678.0 
1658258731.860940 -- INFO: Throughput @8.1s:872.42Mbps, rtt :8.7ms cwnd: 211.0 lossRate: 0.0 CC:16 goodput:1233Mbps score:-636.0 
1658258732.861265 -- INFO: Throughput @9.1s:838.86Mbps, rtt :8.55ms cwnd: 204.2 lossRate: 0.0 CC:16 goodput:984Mbps score:-611.0 
1658258733.862050 -- INFO: Throughput @10.1s:880.8Mbps, rtt :8.3ms cwnd: 203.9 lossRate: 0.0 CC:16 goodput:1259Mbps score:-642.0 
1658258735.260343 -- INFO: Throughput @11.1s:897.58Mbps, rtt :8.72ms cwnd: 205.1 lossRate: 0.0 CC:16 goodput:1133Mbps score:-654.0 
1658258735.863281 -- INFO: Throughput @12.1s:880.8Mbps, rtt :8.55ms cwnd: 200.4 lossRate: 0.0 CC:16 goodput:1119Mbps score:-642.0 
1658258736.864453 -- INFO: Throughput @13.1s:880.8Mbps, rtt :8.88ms cwnd: 201.6 lossRate: 0.0 CC:16 goodput:981Mbps score:-642.0 
1658258737.865534 -- INFO: Throughput @14.2s:808.36Mbps, rtt :9.14ms cwnd: 200.9 lossRate: 0.0 CC:16 goodput:988Mbps score:-589.0 
1658258738.864932 -- INFO: Throughput @15.2s:864.03Mbps, rtt :8.89ms cwnd: 200.9 lossRate: 0.0 CC:16 goodput:912Mbps score:-629.0 
1658258739.865917 -- INFO: Throughput @16.2s:830.47Mbps, rtt :8.1ms cwnd: 202.3 lossRate: 0.0 CC:16 goodput:1146Mbps score:-605.0 
1658258740.867667 -- INFO: Throughput @17.2s:830.47Mbps, rtt :7.36ms cwnd: 199.2 lossRate: 0.0 CC:16 goodput:1274Mbps score:-605.0 
1658258741.867872 -- INFO: Throughput @18.2s:931.14Mbps, rtt :8.52ms cwnd: 195.2 lossRate: 0.0 CC:16 goodput:1105Mbps score:-678.0 
1658258742.870063 -- INFO: Throughput @19.2s:880.8Mbps, rtt :8.64ms cwnd: 201.2 lossRate: 0.0 CC:16 goodput:1181Mbps score:-642.0 
1658258743.871079 -- INFO: Throughput @20.2s:864.03Mbps, rtt :8.17ms cwnd: 197.6 lossRate: 0.0 CC:16 goodput:1227Mbps score:-629.0 
1658258744.872852 -- INFO: Throughput @21.2s:880.8Mbps, rtt :7.68ms cwnd: 185.3 lossRate: 0.0 CC:16 goodput:1236Mbps score:-642.0 
1658258745.872320 -- INFO: Throughput @22.2s:855.64Mbps, rtt :7.95ms cwnd: 184.8 lossRate: 0.0 CC:16 goodput:1265Mbps score:-623.0 
1658258746.873924 -- INFO: Throughput @23.2s:880.8Mbps, rtt :8.05ms cwnd: 186.3 lossRate: 0.0 CC:16 goodput:1176Mbps score:-642.0 
1658258747.231766 -- INFO: Changing concurrency to 16 ******
1658258747.235676 -- INFO: Process Status Bits from change concurrency are: 1 1 1 1 1 1 1 1 1 1 1 1 1 1 1 1 0 0 0 0 0 0 0 0 0 0 0 0 0 0 0 0
1658258747.239089 -- INFO: Active CC: 16
1658258747.889061 -- INFO: Throughput @24.2s:880.8Mbps, rtt :8.3ms cwnd: 186.4 lossRate: 0.0 CC:16 goodput:1095Mbps score:-642.0 
1658258748.889093 -- INFO: Throughput @25.2s:872.42Mbps, rtt :8.22ms cwnd: 184.8 lossRate: 0.0 CC:16 goodput:1133Mbps score:-636.0 
1658258749.891717 -- INFO: Throughput @26.2s:864.03Mbps, rtt :7.87ms cwnd: 190.5 lossRate: 0.0 CC:16 goodput:1380Mbps score:-629.0 
1658258751.411278 -- INFO: Throughput @27.2s:872.42Mbps, rtt :8.18ms cwnd: 188.1 lossRate: 0.0 CC:16 goodput:1206Mbps score:-636.0 
1658258751.877902 -- INFO: Throughput @28.2s:864.03Mbps, rtt :8.76ms cwnd: 198.2 lossRate: 0.0 CC:16 goodput:1013Mbps score:-629.0 
1658258752.880679 -- INFO: Throughput @29.2s:880.8Mbps, rtt :8.38ms cwnd: 196.3 lossRate: 0.0 CC:16 goodput:1164Mbps score:-642.0 
1658258753.880154 -- INFO: Throughput @30.2s:813.69Mbps, rtt :7.27ms cwnd: 199.8 lossRate: 0.0 CC:16 goodput:1277Mbps score:-593.0 
1658258754.913586 -- INFO: Throughput @31.2s:914.36Mbps, rtt :7.95ms cwnd: 189.8 lossRate: 0.0 CC:16 goodput:1438Mbps score:-666.0 
1658258756.052072 -- INFO: Throughput @32.2s:889.19Mbps, rtt :8.25ms cwnd: 190.4 lossRate: 0.0 CC:16 goodput:1099Mbps score:-648.0 
1658258757.793893 -- INFO: Throughput @33.2s:847.25Mbps, rtt :6.76ms cwnd: 207.1 lossRate: 0.0 CC:16 goodput:1548Mbps score:-617.0 
1658258757.883070 -- INFO: Throughput @34.2s:922.75Mbps, rtt :8.13ms cwnd: 192.1 lossRate: 0.0 CC:16 goodput:1169Mbps score:-672.0 
1658258758.884222 -- INFO: Throughput @35.2s:855.64Mbps, rtt :8.18ms cwnd: 190.3 lossRate: 0.0 CC:16 goodput:1259Mbps score:-623.0 
1658258759.884407 -- INFO: Throughput @36.2s:880.8Mbps, rtt :8.38ms cwnd: 186.0 lossRate: 0.0 CC:16 goodput:1199Mbps score:-642.0 
1658258760.886134 -- INFO: Throughput @37.2s:864.03Mbps, rtt :8.3ms cwnd: 180.1 lossRate: 0.0 CC:16 goodput:1335Mbps score:-629.0 
1658258761.888533 -- INFO: Throughput @38.2s:897.58Mbps, rtt :8.16ms cwnd: 170.8 lossRate: 0.0 CC:16 goodput:1216Mbps score:-654.0 
1658258762.954380 -- INFO: Throughput @39.2s:855.64Mbps, rtt :7.68ms cwnd: 188.4 lossRate: 0.0 CC:16 goodput:1414Mbps score:-623.0 
1658258763.888809 -- INFO: Throughput @40.2s:880.8Mbps, rtt :8.36ms cwnd: 187.3 lossRate: 0.0 CC:16 goodput:1163Mbps score:-642.0 
1658258764.889421 -- INFO: Throughput @41.2s:872.42Mbps, rtt :7.97ms cwnd: 182.2 lossRate: 0.0 CC:16 goodput:1193Mbps score:-636.0 
1658258765.891356 -- INFO: Throughput @42.2s:872.42Mbps, rtt :8.07ms cwnd: 187.5 lossRate: 0.0 CC:16 goodput:1483Mbps score:-636.0 
1658258766.890409 -- INFO: Throughput @43.2s:872.42Mbps, rtt :8.04ms cwnd: 182.0 lossRate: 0.0 CC:16 goodput:1303Mbps score:-636.0 
1658258767.892359 -- INFO: Throughput @44.2s:880.8Mbps, rtt :8.38ms cwnd: 174.8 lossRate: 0.0 CC:16 goodput:1214Mbps score:-642.0 
1658258768.893707 -- INFO: Throughput @45.2s:855.64Mbps, rtt :6.71ms cwnd: 183.9 lossRate: 0.0 CC:16 goodput:1495Mbps score:-623.0 
1658258769.893905 -- INFO: Throughput @46.2s:905.97Mbps, rtt :8.59ms cwnd: 185.4 lossRate: 0.0 CC:16 goodput:1181Mbps score:-660.0 
1658258770.895347 -- INFO: Throughput @47.2s:855.64Mbps, rtt :8.47ms cwnd: 180.4 lossRate: 0.0 CC:16 goodput:1222Mbps score:-623.0 
1658258771.431767 -- INFO: Changing concurrency to 16 ******
1658258771.435187 -- INFO: Process Status Bits from change concurrency are: 1 1 1 1 1 1 1 1 1 1 1 1 1 1 1 1 0 0 0 0 0 0 0 0 0 0 0 0 0 0 0 0
1658258771.437947 -- INFO: Active CC: 16
1658258771.909344 -- INFO: Throughput @48.2s:889.19Mbps, rtt :8.81ms cwnd: 179.6 lossRate: 0.0 CC:16 goodput:1282Mbps score:-648.0 
1658258772.909226 -- INFO: Throughput @49.2s:889.19Mbps, rtt :8.71ms cwnd: 182.9 lossRate: 0.0 CC:16 goodput:1222Mbps score:-648.0 
1658258773.917409 -- INFO: Throughput @50.2s:847.25Mbps, rtt :8.54ms cwnd: 184.8 lossRate: 0.0 CC:16 goodput:1170Mbps score:-617.0 
1658258774.995276 -- INFO: Throughput @51.2s:897.58Mbps, rtt :8.82ms cwnd: 215.7 lossRate: 0.0 CC:16 goodput:1144Mbps score:-654.0 
1658258775.899832 -- INFO: Throughput @52.2s:880.8Mbps, rtt :8.53ms cwnd: 204.4 lossRate: 0.0 CC:16 goodput:1272Mbps score:-642.0 
1658258777.038142 -- INFO: Throughput @53.2s:872.42Mbps, rtt :8.6ms cwnd: 202.2 lossRate: 0.0 CC:16 goodput:1260Mbps score:-636.0 
1658258777.901601 -- INFO: Throughput @54.2s:864.03Mbps, rtt :8.99ms cwnd: 204.8 lossRate: 0.0 CC:16 goodput:1175Mbps score:-629.0 
1658258778.903501 -- INFO: Throughput @55.2s:889.19Mbps, rtt :9.08ms cwnd: 203.6 lossRate: 0.0 CC:16 goodput:1098Mbps score:-648.0 
1658258779.903667 -- INFO: Throughput @56.2s:864.03Mbps, rtt :7.92ms cwnd: 209.8 lossRate: 0.0 CC:16 goodput:1268Mbps score:-629.0 
1658258781.063929 -- INFO: Throughput @57.2s:864.03Mbps, rtt :8.17ms cwnd: 213.8 lossRate: 0.0 CC:16 goodput:1179Mbps score:-629.0 
1658258781.902777 -- INFO: Throughput @58.2s:889.19Mbps, rtt :8.81ms cwnd: 214.0 lossRate: 0.0 CC:16 goodput:1180Mbps score:-648.0 
1658258782.905377 -- INFO: Throughput @59.2s:880.8Mbps, rtt :8.34ms cwnd: 219.2 lossRate: 0.0 CC:16 goodput:1350Mbps score:-642.0 
1658258783.906484 -- INFO: Throughput @60.2s:872.42Mbps, rtt :8.48ms cwnd: 220.4 lossRate: 0.0 CC:16 goodput:1182Mbps score:-636.0 
1658258784.908156 -- INFO: Throughput @61.2s:780.14Mbps, rtt :4.77ms cwnd: 210.9 lossRate: 0.0 CC:16 goodput:2408Mbps score:-568.0 
1658258785.908233 -- INFO: Throughput @62.2s:931.14Mbps, rtt :6.87ms cwnd: 216.6 lossRate: 0.0 CC:16 goodput:1657Mbps score:-678.0 
1658258786.909717 -- INFO: Throughput @63.2s:796.92Mbps, rtt :4.78ms cwnd: 206.4 lossRate: 0.0 CC:16 goodput:2292Mbps score:-581.0 
1658258787.910712 -- INFO: Throughput @64.2s:838.86Mbps, rtt :3.38ms cwnd: 197.3 lossRate: 0.0 CC:16 goodput:3843Mbps score:-611.0 
1658258788.913158 -- INFO: Throughput @65.2s:469.76Mbps, rtt :2.11ms cwnd: 201.9 lossRate: 0.0 CC:16 goodput:9069Mbps score:-342.0 
1658258789.969099 -- INFO: Throughput @66.2s:746.59Mbps, rtt :2.33ms cwnd: 239.6 lossRate: 0.0 CC:16 goodput:7875Mbps score:-544.0 
1658258790.912991 -- INFO: Throughput @67.2s:469.76Mbps, rtt :2.57ms cwnd: 218.7 lossRate: 0.0 CC:16 goodput:6806Mbps score:-342.0 
1658258791.914910 -- INFO: Throughput @68.2s:754.97Mbps, rtt :2.28ms cwnd: 223.9 lossRate: 0.0 CC:16 goodput:9071Mbps score:-550.0 
1658258793.162842 -- INFO: Throughput @69.2s:746.59Mbps, rtt :2.41ms cwnd: 247.2 lossRate: 0.0 CC:16 goodput:7936Mbps score:-544.0 
1658258794.612160 -- INFO: Throughput @70.2s:687.87Mbps, rtt :1.31ms cwnd: 112.7 lossRate: 0.0 CC:16 goodput:10137Mbps score:-501.0 
1658258794.915884 -- INFO: Throughput @71.2s:394.26Mbps, rtt :1.6ms cwnd: 160.9 lossRate: 0.0 CC:16 goodput:8366Mbps score:-287.0 
1658258795.099757 -- INFO: Changing concurrency to 16 ******
1658258795.104125 -- INFO: Process Status Bits from change concurrency are: 1 1 1 1 1 1 1 1 1 1 1 1 1 1 1 1 0 0 0 0 0 0 0 0 0 0 0 0 0 0 0 0
1658258795.106508 -- INFO: Active CC: 16
1658258795.931906 -- INFO: Throughput @72.2s:452.98Mbps, rtt :1.7ms cwnd: 245.1 lossRate: 0.0 CC:16 goodput:10764Mbps score:-330.0 
1658258796.935255 -- INFO: Throughput @73.2s:796.92Mbps, rtt :2.69ms cwnd: 260.0 lossRate: 0.0 CC:16 goodput:6688Mbps score:-581.0 
1658258797.933184 -- INFO: Throughput @74.2s:696.25Mbps, rtt :1.99ms cwnd: 217.6 lossRate: 0.0 CC:16 goodput:10813Mbps score:-507.0 
1658258798.919910 -- INFO: Throughput @75.2s:620.76Mbps, rtt :3.07ms cwnd: 294.1 lossRate: 3.7755795514611494e-05 CC:16 goodput:7046Mbps score:-452.0 
1658258799.920639 -- INFO: Throughput @76.2s:822.08Mbps, rtt :2.51ms cwnd: 275.1 lossRate: 0.0 CC:16 goodput:7452Mbps score:-599.0 
1658258801.412624 -- INFO: Process 14 finished on working on file 12 
1658258801.413257 -- INFO: Process 14 get item 16 from queue and executing
1658258802.874882 -- INFO: starting 14, 16, /home/hjamil/Documents/files_bash/FILE4
1658258802.879136 -- INFO: Throughput @77.2s:419.43Mbps, rtt :3.07ms cwnd: 274.0 lossRate: 0.0 CC:16 goodput:7116Mbps score:-306.0 
1658258804.528573 -- INFO: Throughput @79.2s:812.33Mbps, rtt :2.95ms cwnd: 246.4 lossRate: 0.0 CC:16 goodput:7035Mbps score:-592.0 
1658258804.567043 -- INFO: Throughput @80.8s:775.95Mbps, rtt :3.22ms cwnd: 286.5 lossRate: 0.0 CC:16 goodput:6513Mbps score:-565.0 
1658258805.539776 -- INFO: Throughput @81.8s:620.76Mbps, rtt :2.23ms cwnd: 235.2 lossRate: 0.0 CC:16 goodput:9747Mbps score:-452.0 
1658258806.540342 -- INFO: Throughput @82.8s:125.83Mbps, rtt :2.56ms cwnd: 255.5 lossRate: 0.0 CC:16 goodput:7972Mbps score:-92.0 
1658258807.541713 -- INFO: Throughput @83.8s:662.7Mbps, rtt :3.39ms cwnd: 270.2 lossRate: 0.0 CC:16 goodput:5914Mbps score:-483.0 
1658258808.541430 -- INFO: Throughput @84.8s:813.69Mbps, rtt :2.96ms cwnd: 226.7 lossRate: 0.0 CC:16 goodput:6927Mbps score:-593.0 
1658258809.543680 -- INFO: Throughput @85.8s:796.92Mbps, rtt :2.74ms cwnd: 272.6 lossRate: 0.0 CC:16 goodput:7409Mbps score:-581.0 
1658258810.544570 -- INFO: Throughput @86.8s:671.09Mbps, rtt :2.05ms cwnd: 239.8 lossRate: 0.0 CC:16 goodput:10070Mbps score:-489.0 
1658258811.546446 -- INFO: Throughput @87.8s:687.87Mbps, rtt :2.41ms cwnd: 271.2 lossRate: 0.0 CC:16 goodput:9761Mbps score:-501.0 
1658258812.545766 -- INFO: Throughput @88.8s:461.37Mbps, rtt :2.73ms cwnd: 297.7 lossRate: 0.0 CC:16 goodput:8840Mbps score:-336.0 
1658258813.548107 -- INFO: Throughput @89.8s:822.08Mbps, rtt :3.02ms cwnd: 305.2 lossRate: 0.0 CC:16 goodput:7445Mbps score:-599.0 
1658258813.919060 -- INFO: Process 13 finished on working on file 15 
1658258813.919682 -- INFO: Process 13 get item 17 from queue and executing
1658258813.920060 -- INFO: starting 13, 17, /home/hjamil/Documents/files_bash/FILE25
1658258814.549137 -- INFO: Throughput @90.8s:643.19Mbps, rtt :2.09ms cwnd: 289.1 lossRate: 0.0 CC:16 goodput:9317Mbps score:-469.0 
1658258815.549997 -- INFO: Throughput @91.8s:771.75Mbps, rtt :2.21ms cwnd: 300.5 lossRate: 0.0 CC:16 goodput:8974Mbps score:-562.0 
1658258816.770865 -- INFO: Throughput @92.8s:620.76Mbps, rtt :2.74ms cwnd: 349.1 lossRate: 0.0 CC:16 goodput:7928Mbps score:-452.0 
1658258817.552257 -- INFO: Throughput @93.8s:452.98Mbps, rtt :2.99ms cwnd: 291.1 lossRate: 0.0 CC:16 goodput:7698Mbps score:-330.0 
1658258818.592102 -- INFO: Throughput @94.8s:629.15Mbps, rtt :2.4ms cwnd: 282.1 lossRate: 0.0 CC:16 goodput:9834Mbps score:-458.0 
1658258818.627757 -- INFO: Changing concurrency to 16 ******
1658258818.630606 -- INFO: Process Status Bits from change concurrency are: 1 1 1 1 1 1 1 1 1 1 1 1 1 1 1 1 0 0 0 0 0 0 0 0 0 0 0 0 0 0 0 0
1658258818.632592 -- INFO: Active CC: 16
1658258819.928659 -- INFO: Process 10 finished on working on file 9 
1658258819.929199 -- INFO: Process 10 get item 18 from queue and executing
1658258819.929481 -- INFO: starting 10, 18, /home/hjamil/Documents/files_bash/FILE17
1658258820.225941 -- INFO: Process 9 finished on working on file 10 
1658258820.226520 -- INFO: Process 9 get item 19 from queue and executing
1658258820.226880 -- INFO: starting 9, 19, /home/hjamil/Documents/files_bash/FILE8
1658258820.810879 -- INFO: Throughput @95.8s:671.09Mbps, rtt :2.44ms cwnd: 290.4 lossRate: 0.0 CC:16 goodput:8252Mbps score:-489.0 
1658258820.830066 -- INFO: Throughput @97.1s:583.0Mbps, rtt :2.1ms cwnd: 309.2 lossRate: 0.0 CC:16 goodput:8614Mbps score:-425.0 
1658258821.837049 -- INFO: Throughput @98.1s:327.16Mbps, rtt :1.61ms cwnd: 310.8 lossRate: 0.0 CC:16 goodput:9674Mbps score:-238.0 
1658258823.198229 -- INFO: Throughput @99.1s:201.33Mbps, rtt :1.97ms cwnd: 270.4 lossRate: 0.0 CC:16 goodput:7920Mbps score:-147.0 
1658258823.823189 -- INFO: Throughput @100.1s:226.49Mbps, rtt :1.49ms cwnd: 253.3 lossRate: 0.0 CC:16 goodput:10296Mbps score:-165.0 
1658258824.822984 -- INFO: Throughput @101.1s:243.27Mbps, rtt :1.41ms cwnd: 252.5 lossRate: 0.0 CC:16 goodput:11303Mbps score:-177.0 
1658258825.825961 -- INFO: Throughput @102.1s:201.33Mbps, rtt :1.28ms cwnd: 304.9 lossRate: 0.0002665529374133703 CC:16 goodput:10653Mbps score:-146.0 
1658258826.824878 -- INFO: Throughput @103.1s:243.27Mbps, rtt :1.71ms cwnd: 352.7 lossRate: 0.0 CC:16 goodput:10415Mbps score:-177.0 
1658258827.826372 -- INFO: Throughput @104.1s:293.6Mbps, rtt :1.17ms cwnd: 234.5 lossRate: 0.0 CC:16 goodput:10379Mbps score:-214.0 
1658258828.827308 -- INFO: Throughput @105.1s:285.21Mbps, rtt :1.79ms cwnd: 254.1 lossRate: 0.0 CC:16 goodput:10001Mbps score:-208.0 
1658258829.828744 -- INFO: Throughput @106.1s:402.65Mbps, rtt :2.11ms cwnd: 276.8 lossRate: 0.0 CC:16 goodput:8497Mbps score:-293.0 
1658258830.830338 -- INFO: Throughput @107.1s:352.32Mbps, rtt :1.75ms cwnd: 267.2 lossRate: 0.0 CC:16 goodput:8695Mbps score:-257.0 
1658258831.831358 -- INFO: Throughput @108.1s:469.76Mbps, rtt :2.01ms cwnd: 296.4 lossRate: 0.0 CC:16 goodput:10050Mbps score:-342.0 
1658258832.832214 -- INFO: Throughput @109.1s:603.98Mbps, rtt :1.27ms cwnd: 266.3 lossRate: 0.0 CC:16 goodput:11577Mbps score:-440.0 
1658258833.832746 -- INFO: Throughput @110.1s:360.71Mbps, rtt :1.74ms cwnd: 289.7 lossRate: 0.0 CC:16 goodput:11720Mbps score:-263.0 
1658258834.383330 -- INFO: Process 15 finished on working on file 14 
1658258834.383960 -- INFO: Process 15 get item 20 from queue and executing
1658258834.384359 -- INFO: starting 15, 20, /home/hjamil/Documents/files_bash/FILE11
1658258834.833486 -- INFO: Throughput @111.1s:643.19Mbps, rtt :2.33ms cwnd: 284.2 lossRate: 0.0 CC:16 goodput:9805Mbps score:-469.0 
1658258835.834360 -- INFO: Throughput @112.1s:771.75Mbps, rtt :2.43ms cwnd: 284.9 lossRate: 0.0 CC:16 goodput:9955Mbps score:-562.0 
1658258837.317464 -- INFO: Throughput @113.1s:578.81Mbps, rtt :1.86ms cwnd: 279.2 lossRate: 0.0 CC:16 goodput:11216Mbps score:-422.0 
1658258837.835884 -- INFO: Throughput @114.1s:436.21Mbps, rtt :1.52ms cwnd: 214.6 lossRate: 0.0 CC:16 goodput:10962Mbps score:-318.0 
1658258838.836399 -- INFO: Throughput @115.1s:478.15Mbps, rtt :2.02ms cwnd: 285.1 lossRate: 0.0 CC:16 goodput:10986Mbps score:-348.0 
1658258839.836429 -- INFO: Throughput @116.1s:738.2Mbps, rtt :2.24ms cwnd: 286.4 lossRate: 0.0 CC:16 goodput:9175Mbps score:-538.0 
1658258841.251073 -- INFO: Throughput @117.1s:671.09Mbps, rtt :1.85ms cwnd: 238.6 lossRate: 0.0 CC:16 goodput:10532Mbps score:-489.0 
1658258841.838774 -- INFO: Throughput @118.1s:343.93Mbps, rtt :1.76ms cwnd: 221.8 lossRate: 0.0 CC:16 goodput:10053Mbps score:-251.0 
1658258842.855808 -- INFO: Throughput @119.1s:679.48Mbps, rtt :1.96ms cwnd: 231.2 lossRate: 0.0 CC:16 goodput:10119Mbps score:-495.0 
1658258843.215757 -- INFO: Changing concurrency to 16 ******
1658258843.219639 -- INFO: Process Status Bits from change concurrency are: 1 1 1 1 1 1 1 1 1 1 1 1 1 1 1 1 0 0 0 0 0 0 0 0 0 0 0 0 0 0 0 0
1658258843.222393 -- INFO: Active CC: 16
1658258843.857244 -- INFO: Throughput @120.1s:427.82Mbps, rtt :2.27ms cwnd: 307.2 lossRate: 0.0 CC:16 goodput:10455Mbps score:-312.0 
1658258844.854969 -- INFO: Throughput @121.1s:771.75Mbps, rtt :1.95ms cwnd: 289.8 lossRate: 0.0 CC:16 goodput:11500Mbps score:-562.0 
1658258845.857248 -- INFO: Throughput @122.1s:704.64Mbps, rtt :1.79ms cwnd: 202.9 lossRate: 0.0 CC:16 goodput:9278Mbps score:-513.0 
1658258846.845704 -- INFO: Throughput @123.1s:754.97Mbps, rtt :2.63ms cwnd: 328.5 lossRate: 0.0 CC:16 goodput:7615Mbps score:-550.0 
1658258847.844313 -- INFO: Throughput @124.1s:679.48Mbps, rtt :2.6ms cwnd: 236.8 lossRate: 0.0 CC:16 goodput:8408Mbps score:-495.0 
1658258848.845669 -- INFO: Throughput @125.1s:352.32Mbps, rtt :2.44ms cwnd: 274.6 lossRate: 0.0 CC:16 goodput:8436Mbps score:-257.0 
1658258849.846651 -- INFO: Throughput @126.1s:855.64Mbps, rtt :2.63ms cwnd: 306.6 lossRate: 0.0 CC:16 goodput:7858Mbps score:-623.0 
1658258850.846884 -- INFO: Throughput @127.1s:838.86Mbps, rtt :3.39ms cwnd: 413.7 lossRate: 0.0 CC:16 goodput:7152Mbps score:-611.0 
1658258851.847825 -- INFO: Throughput @128.1s:687.87Mbps, rtt :2.68ms cwnd: 395.0 lossRate: 1.6820292000269123e-05 CC:16 goodput:8700Mbps score:-501.0 
1658258852.848074 -- INFO: Throughput @129.1s:662.7Mbps, rtt :1.8ms cwnd: 235.6 lossRate: 0.0 CC:16 goodput:11307Mbps score:-483.0 
1658258853.849150 -- INFO: Throughput @130.1s:511.71Mbps, rtt :2.63ms cwnd: 268.7 lossRate: 0.0 CC:16 goodput:9926Mbps score:-373.0 
1658258854.850869 -- INFO: Throughput @131.1s:805.31Mbps, rtt :2.67ms cwnd: 297.8 lossRate: 0.0 CC:16 goodput:8600Mbps score:-587.0 
1658258855.850664 -- INFO: Throughput @132.1s:738.2Mbps, rtt :2.13ms cwnd: 280.6 lossRate: 0.0 CC:16 goodput:9193Mbps score:-538.0 
1658258856.852368 -- INFO: Throughput @133.1s:838.86Mbps, rtt :2.82ms cwnd: 328.9 lossRate: 0.0 CC:16 goodput:7527Mbps score:-611.0 
1658258857.852977 -- INFO: Throughput @134.1s:645.92Mbps, rtt :2.86ms cwnd: 330.9 lossRate: 0.0 CC:16 goodput:8065Mbps score:-471.0 
1658258858.852269 -- INFO: Throughput @135.1s:545.26Mbps, rtt :2.94ms cwnd: 292.4 lossRate: 0.0 CC:16 goodput:8162Mbps score:-397.0 
1658258858.925273 -- INFO: Process 0 finished on working on file 1 
1658258858.925955 -- INFO: Process 0 get item 21 from queue and executing
1658258858.926358 -- INFO: starting 0, 21, /home/hjamil/Documents/files_bash/FILE29
1658258859.854711 -- INFO: Throughput @136.1s:794.19Mbps, rtt :2.76ms cwnd: 331.3 lossRate: 0.0 CC:16 goodput:8464Mbps score:-579.0 
1658258860.855651 -- INFO: Throughput @137.1s:805.31Mbps, rtt :2.83ms cwnd: 306.7 lossRate: 0.0 CC:16 goodput:8090Mbps score:-587.0 
1658258861.856908 -- INFO: Throughput @138.1s:704.64Mbps, rtt :3.3ms cwnd: 367.1 lossRate: 0.0 CC:16 goodput:7993Mbps score:-513.0 
1658258862.857665 -- INFO: Throughput @139.1s:595.59Mbps, rtt :2.01ms cwnd: 265.9 lossRate: 0.0 CC:16 goodput:9888Mbps score:-434.0 
1658258863.858622 -- INFO: Throughput @140.1s:528.48Mbps, rtt :3.06ms cwnd: 267.1 lossRate: 0.0 CC:16 goodput:6272Mbps score:-385.0 
1658258864.858213 -- INFO: Throughput @141.1s:838.86Mbps, rtt :2.73ms cwnd: 298.9 lossRate: 0.0 CC:16 goodput:6791Mbps score:-611.0 
1658258865.544899 -- INFO: Process 1 finished on working on file 2 
1658258865.545551 -- INFO: Process 1 get item 22 from queue and executing
1658258865.545922 -- INFO: starting 1, 22, /home/hjamil/Documents/files_bash/FILE28
1658258865.860593 -- INFO: Throughput @142.1s:643.19Mbps, rtt :1.5ms cwnd: 177.2 lossRate: 0.0 CC:16 goodput:11901Mbps score:-469.0 
1658258866.743779 -- INFO: Changing concurrency to 16 ******
1658258866.746519 -- INFO: Process Status Bits from change concurrency are: 1 1 1 1 1 1 1 1 1 1 1 1 1 1 1 1 0 0 0 0 0 0 0 0 0 0 0 0 0 0 0 0
1658258866.750262 -- INFO: Active CC: 16
1658258866.876817 -- INFO: Throughput @143.1s:117.44Mbps, rtt :3.19ms cwnd: 277.6 lossRate: 0.0 CC:16 goodput:6757Mbps score:-86.0 
1658258867.871462 -- INFO: Throughput @144.1s:645.92Mbps, rtt :2.34ms cwnd: 266.1 lossRate: 0.0 CC:16 goodput:10409Mbps score:-471.0 
1658258869.597652 -- INFO: Throughput @145.1s:830.47Mbps, rtt :2.93ms cwnd: 337.7 lossRate: 0.0 CC:16 goodput:7943Mbps score:-605.0 
1658258869.876995 -- INFO: Throughput @146.1s:713.03Mbps, rtt :3.22ms cwnd: 357.6 lossRate: 0.0 CC:16 goodput:7668Mbps score:-519.0 
1658258870.865327 -- INFO: Throughput @147.2s:800.73Mbps, rtt :3.08ms cwnd: 415.5 lossRate: 0.0 CC:16 goodput:8442Mbps score:-583.0 
1658258871.865677 -- INFO: Throughput @148.2s:637.53Mbps, rtt :1.79ms cwnd: 227.8 lossRate: 0.0 CC:16 goodput:11765Mbps score:-464.0 
1658258872.896187 -- INFO: Throughput @149.2s:486.54Mbps, rtt :1.79ms cwnd: 249.2 lossRate: 0.0 CC:16 goodput:11763Mbps score:-354.0 
1658258873.867867 -- INFO: Throughput @150.2s:562.04Mbps, rtt :2.04ms cwnd: 293.1 lossRate: 0.0 CC:16 goodput:11301Mbps score:-409.0 
1658258874.868440 -- INFO: Throughput @151.2s:704.64Mbps, rtt :2.62ms cwnd: 310.9 lossRate: 0.0 CC:16 goodput:8060Mbps score:-513.0 
1658258875.868876 -- INFO: Throughput @152.2s:788.53Mbps, rtt :3.38ms cwnd: 375.2 lossRate: 0.0 CC:16 goodput:5676Mbps score:-574.0 
1658258876.870024 -- INFO: Throughput @153.2s:864.03Mbps, rtt :3.61ms cwnd: 366.9 lossRate: 0.0 CC:16 goodput:6326Mbps score:-629.0 
1658258879.444570 -- INFO: Throughput @154.2s:478.15Mbps, rtt :3.32ms cwnd: 374.9 lossRate: 4.763606049779683e-05 CC:16 goodput:6372Mbps score:-348.0 
1658258879.452901 -- INFO: Throughput @155.7s:850.05Mbps, rtt :3.41ms cwnd: 407.8 lossRate: 0.0 CC:16 goodput:7483Mbps score:-619.0 
1658258880.456366 -- INFO: Throughput @156.7s:780.14Mbps, rtt :3.66ms cwnd: 520.1 lossRate: 0.0 CC:16 goodput:6839Mbps score:-568.0 
1658258881.458234 -- INFO: Throughput @157.7s:687.87Mbps, rtt :3.32ms cwnd: 386.9 lossRate: 0.0 CC:16 goodput:8085Mbps score:-501.0 
1658258882.458058 -- INFO: Throughput @158.7s:796.92Mbps, rtt :3.44ms cwnd: 420.1 lossRate: 0.0 CC:16 goodput:7816Mbps score:-581.0 
1658258883.458460 -- INFO: Throughput @159.7s:402.65Mbps, rtt :2.43ms cwnd: 297.9 lossRate: 0.0 CC:16 goodput:9010Mbps score:-293.0 
1658258884.459819 -- INFO: Throughput @160.7s:855.64Mbps, rtt :3.94ms cwnd: 396.2 lossRate: 0.0 CC:16 goodput:6234Mbps score:-623.0 
1658258885.459685 -- INFO: Throughput @161.7s:830.47Mbps, rtt :3.66ms cwnd: 402.8 lossRate: 0.0 CC:16 goodput:7323Mbps score:-605.0 
1658258886.459679 -- INFO: Throughput @162.7s:813.69Mbps, rtt :3.35ms cwnd: 390.6 lossRate: 0.0 CC:16 goodput:7474Mbps score:-593.0 
1658258887.465124 -- INFO: Throughput @163.7s:771.75Mbps, rtt :3.26ms cwnd: 313.0 lossRate: 0.0 CC:16 goodput:7194Mbps score:-562.0 
1658258888.462636 -- INFO: Throughput @164.7s:385.88Mbps, rtt :1.4ms cwnd: 231.4 lossRate: 0.0 CC:16 goodput:12489Mbps score:-281.0 
1658258889.462403 -- INFO: Throughput @165.7s:822.08Mbps, rtt :4.02ms cwnd: 348.1 lossRate: 0.0 CC:16 goodput:6590Mbps score:-599.0 
1658258890.271756 -- INFO: Changing concurrency to 16 ******
1658258890.274057 -- INFO: Process Status Bits from change concurrency are: 1 1 1 1 1 1 1 1 1 1 1 1 1 1 1 1 0 0 0 0 0 0 0 0 0 0 0 0 0 0 0 0
1658258890.277261 -- INFO: Active CC: 16
1658258890.469475 -- INFO: Throughput @166.7s:822.08Mbps, rtt :3.53ms cwnd: 363.3 lossRate: 0.0 CC:16 goodput:7341Mbps score:-599.0 
1658258891.477110 -- INFO: Throughput @167.8s:701.59Mbps, rtt :4.41ms cwnd: 498.2 lossRate: 0.0 CC:16 goodput:7256Mbps score:-511.0 
1658258892.477070 -- INFO: Throughput @168.8s:822.08Mbps, rtt :3.91ms cwnd: 366.9 lossRate: 0.0 CC:16 goodput:6959Mbps score:-599.0 
1658258893.481023 -- INFO: Throughput @169.8s:385.88Mbps, rtt :2.38ms cwnd: 286.8 lossRate: 0.0 CC:16 goodput:8880Mbps score:-281.0 
1658258894.466687 -- INFO: Throughput @170.8s:687.87Mbps, rtt :3.46ms cwnd: 382.2 lossRate: 1.7391606810553228e-05 CC:16 goodput:5654Mbps score:-501.0 
1658258895.468058 -- INFO: Throughput @171.8s:855.64Mbps, rtt :3.43ms cwnd: 349.5 lossRate: 0.0 CC:16 goodput:6027Mbps score:-623.0 
1658258896.467176 -- INFO: Throughput @172.8s:796.92Mbps, rtt :2.98ms cwnd: 349.4 lossRate: 0.0 CC:16 goodput:6742Mbps score:-581.0 
1658258897.470287 -- INFO: Throughput @173.8s:830.47Mbps, rtt :3.31ms cwnd: 394.0 lossRate: 0.0 CC:16 goodput:6260Mbps score:-605.0 
1658258898.470927 -- INFO: Throughput @174.8s:553.65Mbps, rtt :4.19ms cwnd: 369.2 lossRate: 0.0 CC:16 goodput:5332Mbps score:-403.0 
1658258898.711961 -- INFO: Process 10 finished on working on file 18 
1658258898.712578 -- INFO: Process 10 get item 23 from queue and executing
1658258898.712857 -- INFO: starting 10, 23, /home/hjamil/Documents/files_bash/FILE12
1658258899.477505 -- INFO: Throughput @175.8s:852.91Mbps, rtt :4.03ms cwnd: 409.9 lossRate: 0.0 CC:16 goodput:4651Mbps score:-621.0 
1658258900.473527 -- INFO: Throughput @176.8s:729.81Mbps, rtt :3.02ms cwnd: 411.6 lossRate: 0.0 CC:16 goodput:9184Mbps score:-532.0 
1658258901.472190 -- INFO: Throughput @177.8s:872.42Mbps, rtt :2.97ms cwnd: 397.2 lossRate: 0.0 CC:16 goodput:8703Mbps score:-636.0 
1658258902.485214 -- INFO: Throughput @178.8s:763.36Mbps, rtt :3.3ms cwnd: 393.0 lossRate: 0.0 CC:16 goodput:8233Mbps score:-556.0 
1658258903.478800 -- INFO: Throughput @179.8s:385.88Mbps, rtt :2.28ms cwnd: 274.6 lossRate: 0.0 CC:16 goodput:10195Mbps score:-281.0 
1658258904.477902 -- INFO: Throughput @180.8s:864.03Mbps, rtt :3.12ms cwnd: 392.9 lossRate: 0.0 CC:16 goodput:7449Mbps score:-629.0 
1658258905.476972 -- INFO: Throughput @181.8s:805.31Mbps, rtt :3.3ms cwnd: 375.4 lossRate: 0.0 CC:16 goodput:7348Mbps score:-587.0 
1658258906.478363 -- INFO: Throughput @182.8s:671.09Mbps, rtt :2.6ms cwnd: 434.3 lossRate: 0.0 CC:16 goodput:10444Mbps score:-489.0 
1658258907.479435 -- INFO: Throughput @183.8s:847.25Mbps, rtt :3.3ms cwnd: 472.6 lossRate: 0.0 CC:16 goodput:8016Mbps score:-617.0 
1658258913.795760 -- INFO: Changing concurrency to 16 ******
1658258913.799329 -- INFO: Process Status Bits from change concurrency are: 1 1 1 1 1 1 1 1 1 1 1 1 1 1 1 1 0 0 0 0 0 0 0 0 0 0 0 0 0 0 0 0
1658258913.802519 -- INFO: Active CC: 16
1658258915.561148 -- INFO: Process 15 finished on working on file 20 
1658258915.561664 -- INFO: Process 15 get item 24 from queue and executing
1658258915.561883 -- INFO: starting 15, 24, /home/hjamil/Documents/files_bash/FILE2
1658258916.311764 -- INFO: Throughput @184.8s:494.93Mbps, rtt :1.54ms cwnd: 285.4 lossRate: 0.0 CC:16 goodput:13045Mbps score:-361.0 
1658258916.336623 -- INFO: Throughput @192.6s:655.68Mbps, rtt :2.82ms cwnd: 325.4 lossRate: 0.0 CC:16 goodput:8172Mbps score:-478.0 
1658258918.029697 -- INFO: Throughput @193.6s:889.19Mbps, rtt :4.66ms cwnd: 418.8 lossRate: 0.0 CC:16 goodput:4886Mbps score:-648.0 
1658258918.322826 -- INFO: Throughput @194.6s:469.76Mbps, rtt :1.93ms cwnd: 261.6 lossRate: 0.0 CC:16 goodput:10475Mbps score:-342.0 
1658258918.803972 -- INFO: Process 11 finished on working on file 11 
1658258918.804601 -- INFO: Process 11 get item 25 from queue and executing
1658258918.804966 -- INFO: starting 11, 25, /home/hjamil/Documents/files_bash/FILE5
1658258921.602939 -- INFO: Throughput @195.6s:760.63Mbps, rtt :3.28ms cwnd: 349.2 lossRate: 0.0 CC:16 goodput:7357Mbps score:-554.0 
1658258921.610126 -- INFO: Throughput @197.9s:696.62Mbps, rtt :2.28ms cwnd: 343.4 lossRate: 0.0 CC:16 goodput:10305Mbps score:-507.0 
1658258922.612819 -- INFO: Throughput @198.9s:754.97Mbps, rtt :2.56ms cwnd: 356.6 lossRate: 0.0 CC:16 goodput:9294Mbps score:-550.0 
1658258923.613557 -- INFO: Throughput @199.9s:436.21Mbps, rtt :2.46ms cwnd: 315.1 lossRate: 0.0 CC:16 goodput:9316Mbps score:-318.0 
1658258924.614396 -- INFO: Throughput @200.9s:847.25Mbps, rtt :2.84ms cwnd: 288.6 lossRate: 0.0 CC:16 goodput:7771Mbps score:-617.0 
1658258925.616221 -- INFO: Throughput @201.9s:822.08Mbps, rtt :3.18ms cwnd: 366.1 lossRate: 0.0 CC:16 goodput:7661Mbps score:-599.0 
1658258926.616143 -- INFO: Throughput @202.9s:134.22Mbps, rtt :1.77ms cwnd: 308.4 lossRate: 0.0 CC:16 goodput:11597Mbps score:-98.0 
1658258927.617004 -- INFO: Throughput @203.9s:234.88Mbps, rtt :2.4ms cwnd: 336.6 lossRate: 0.0 CC:16 goodput:10581Mbps score:-171.0 
1658258928.619426 -- INFO: Throughput @204.9s:864.03Mbps, rtt :3.88ms cwnd: 469.2 lossRate: 0.0 CC:16 goodput:6578Mbps score:-629.0 
1658258929.484394 -- INFO: Process 8 finished on working on file 5 
1658258929.485099 -- INFO: Process 8 get item 26 from queue and executing
1658258929.485492 -- INFO: starting 8, 26, /home/hjamil/Documents/files_bash/FILE22
1658258929.619841 -- INFO: Throughput @205.9s:836.13Mbps, rtt :4.1ms cwnd: 467.2 lossRate: 0.0 CC:16 goodput:6218Mbps score:-609.0 
1658258930.620563 -- INFO: Throughput @206.9s:763.36Mbps, rtt :4.19ms cwnd: 554.9 lossRate: 4.739635995955511e-05 CC:16 goodput:6467Mbps score:-556.0 
1658258931.621557 -- INFO: Throughput @207.9s:713.03Mbps, rtt :2.17ms cwnd: 332.2 lossRate: 0.0 CC:16 goodput:10114Mbps score:-519.0 
1658258932.620876 -- INFO: Throughput @208.9s:134.22Mbps, rtt :2.22ms cwnd: 296.6 lossRate: 0.0 CC:16 goodput:10816Mbps score:-98.0 
1658258933.572534 -- INFO: Process 13 finished on working on file 17 
1658258933.573189 -- INFO: Process 13 get item 27 from queue and executing
1658258933.573483 -- INFO: starting 13, 27, /home/hjamil/Documents/files_bash/FILE16
1658258933.622400 -- INFO: Throughput @209.9s:441.86Mbps, rtt :2.89ms cwnd: 399.9 lossRate: 0.0 CC:16 goodput:8353Mbps score:-322.0 
1658258934.623964 -- INFO: Throughput @210.9s:855.64Mbps, rtt :3.83ms cwnd: 571.6 lossRate: 0.0 CC:16 goodput:8251Mbps score:-623.0 
1658258935.624226 -- INFO: Throughput @211.9s:830.47Mbps, rtt :4.04ms cwnd: 433.3 lossRate: 0.0 CC:16 goodput:7301Mbps score:-605.0 
1658258936.626035 -- INFO: Throughput @212.9s:696.25Mbps, rtt :3.71ms cwnd: 498.1 lossRate: 0.0 CC:16 goodput:8762Mbps score:-507.0 
1658258937.628616 -- INFO: Throughput @213.9s:746.59Mbps, rtt :3.98ms cwnd: 509.2 lossRate: 0.0 CC:16 goodput:7903Mbps score:-544.0 
1658258938.047763 -- INFO: Changing concurrency to 16 ******
1658258938.051207 -- INFO: Process Status Bits from change concurrency are: 1 1 1 1 1 1 1 1 1 1 1 1 1 1 1 1 0 0 0 0 0 0 0 0 0 0 0 0 0 0 0 0
1658258938.054154 -- INFO: Active CC: 16
1658258940.115177 -- INFO: Throughput @214.9s:436.21Mbps, rtt :2.6ms cwnd: 327.9 lossRate: 0.0 CC:16 goodput:10198Mbps score:-318.0 
1658258940.127791 -- INFO: Throughput @216.4s:838.86Mbps, rtt :4.35ms cwnd: 450.1 lossRate: 0.0 CC:16 goodput:6759Mbps score:-611.0 
1658258941.137721 -- INFO: Throughput @217.4s:788.53Mbps, rtt :3.98ms cwnd: 504.2 lossRate: 0.0 CC:16 goodput:7288Mbps score:-574.0 
1658258943.517718 -- INFO: Throughput @218.4s:880.8Mbps, rtt :4.71ms cwnd: 550.6 lossRate: 0.0 CC:16 goodput:6230Mbps score:-642.0 
1658258943.529570 -- INFO: Throughput @219.8s:449.39Mbps, rtt :2.0ms cwnd: 318.8 lossRate: 0.0 CC:16 goodput:11997Mbps score:-327.0 
1658258944.528101 -- INFO: Throughput @220.8s:763.36Mbps, rtt :3.24ms cwnd: 418.8 lossRate: 0.0 CC:16 goodput:7760Mbps score:-556.0 
1658258945.528719 -- INFO: Throughput @221.8s:738.2Mbps, rtt :2.28ms cwnd: 336.9 lossRate: 0.0 CC:16 goodput:10619Mbps score:-538.0 
1658258946.530840 -- INFO: Throughput @222.8s:696.25Mbps, rtt :2.8ms cwnd: 413.2 lossRate: 0.0 CC:16 goodput:8977Mbps score:-507.0 
1658258947.530915 -- INFO: Throughput @223.8s:847.25Mbps, rtt :3.31ms cwnd: 510.9 lossRate: 0.0 CC:16 goodput:7668Mbps score:-617.0 
1658258948.532952 -- INFO: Throughput @224.8s:746.59Mbps, rtt :2.9ms cwnd: 469.8 lossRate: 0.0 CC:16 goodput:10683Mbps score:-544.0 
1658258949.532625 -- INFO: Throughput @225.8s:520.09Mbps, rtt :4.22ms cwnd: 417.5 lossRate: 0.0 CC:16 goodput:6020Mbps score:-379.0 
1658258950.533395 -- INFO: Throughput @226.8s:830.47Mbps, rtt :4.05ms cwnd: 452.2 lossRate: 0.0 CC:16 goodput:7007Mbps score:-605.0 
1658258951.534626 -- INFO: Throughput @227.8s:822.08Mbps, rtt :4.21ms cwnd: 526.9 lossRate: 0.0 CC:16 goodput:6982Mbps score:-599.0 
1658258952.142889 -- INFO: Process 6 finished on working on file 8 
1658258952.143528 -- INFO: Process 6 get item 28 from queue and executing
1658258952.143942 -- INFO: starting 6, 28, /home/hjamil/Documents/files_bash/FILE21
1658258952.536829 -- INFO: Throughput @228.8s:785.8Mbps, rtt :3.69ms cwnd: 537.1 lossRate: 0.0 CC:16 goodput:8618Mbps score:-572.0 
1658258953.229613 -- INFO: Process 1 finished on working on file 22 
1658258953.230293 -- INFO: Process 1 get item 29 from queue and executing
1658258953.230560 -- INFO: starting 1, 29, /home/hjamil/Documents/files_bash/FILE27
1658258953.536943 -- INFO: Throughput @229.8s:785.8Mbps, rtt :3.64ms cwnd: 533.8 lossRate: 0.0 CC:16 goodput:7406Mbps score:-572.0 
1658258954.538848 -- INFO: Throughput @230.8s:469.76Mbps, rtt :1.99ms cwnd: 401.6 lossRate: 0.0 CC:16 goodput:10912Mbps score:-342.0 
1658258955.061124 -- INFO: Process 2 finished on working on file 0 
1658258955.061709 -- INFO: Process 2 get item 30 from queue and executing
1658258955.062115 -- INFO: starting 2, 30, /home/hjamil/Documents/files_bash/FILE7
1658258955.390855 -- INFO: Process 0 finished on working on file 21 
1658258955.391478 -- INFO: Process 0 get item 31 from queue and executing
1658258955.391824 -- INFO: starting 0, 31, /home/hjamil/Documents/files_bash/FILE9
1658258955.538849 -- INFO: Throughput @231.8s:749.51Mbps, rtt :2.24ms cwnd: 458.2 lossRate: 0.0 CC:16 goodput:10475Mbps score:-546.0 
1658258956.542328 -- INFO: Throughput @232.8s:847.25Mbps, rtt :3.46ms cwnd: 500.4 lossRate: 0.0 CC:16 goodput:8186Mbps score:-617.0 
1658258958.003128 -- INFO: Throughput @233.8s:704.64Mbps, rtt :3.34ms cwnd: 539.8 lossRate: 5.156854318865492e-05 CC:16 goodput:10557Mbps score:-513.0 
1658258958.543756 -- INFO: Throughput @234.8s:578.81Mbps, rtt :2.17ms cwnd: 393.8 lossRate: 0.0 CC:16 goodput:11772Mbps score:-422.0 
1658258959.542959 -- INFO: Throughput @235.8s:612.37Mbps, rtt :2.81ms cwnd: 367.9 lossRate: 0.0 CC:16 goodput:10042Mbps score:-446.0 
1658258960.543996 -- INFO: Throughput @236.8s:679.48Mbps, rtt :3.42ms cwnd: 514.4 lossRate: 1.681718043152885e-05 CC:16 goodput:8955Mbps score:-495.0 
1658258961.545008 -- INFO: Throughput @237.8s:838.86Mbps, rtt :3.59ms cwnd: 634.8 lossRate: 0.0 CC:16 goodput:9607Mbps score:-611.0 
1658258962.543983 -- INFO: Throughput @238.8s:754.97Mbps, rtt :3.34ms cwnd: 619.5 lossRate: 0.0 CC:16 goodput:9337Mbps score:-550.0 
1658258963.537136 -- INFO: Changing concurrency to 16 ******
1658258963.541048 -- INFO: Process Status Bits from change concurrency are: 1 1 1 1 1 1 1 1 1 1 1 1 1 1 1 1 0 0 0 0 0 0 0 0 0 0 0 0 0 0 0 0
1658258963.541667 -- INFO: Active CC: 16
1658258963.547190 -- INFO: Throughput @239.8s:805.31Mbps, rtt :3.49ms cwnd: 635.9 lossRate: 0.0 CC:16 goodput:9238Mbps score:-587.0 
1658258964.559629 -- INFO: Throughput @240.8s:452.98Mbps, rtt :3.65ms cwnd: 358.9 lossRate: 0.0 CC:16 goodput:6166Mbps score:-330.0 
1658258965.562105 -- INFO: Throughput @241.8s:788.53Mbps, rtt :3.66ms cwnd: 477.8 lossRate: 0.0 CC:16 goodput:8012Mbps score:-574.0 
1658258966.560915 -- INFO: Throughput @242.8s:872.42Mbps, rtt :4.18ms cwnd: 498.6 lossRate: 0.0 CC:16 goodput:7008Mbps score:-636.0 
1658258967.550540 -- INFO: Throughput @243.8s:813.69Mbps, rtt :3.69ms cwnd: 507.3 lossRate: 0.0 CC:16 goodput:8736Mbps score:-593.0 
1658258968.551313 -- INFO: Throughput @244.8s:713.03Mbps, rtt :2.38ms cwnd: 343.6 lossRate: 0.0 CC:16 goodput:10598Mbps score:-519.0 
1658258969.552635 -- INFO: Throughput @245.8s:125.83Mbps, rtt :1.69ms cwnd: 303.1 lossRate: 0.0 CC:16 goodput:12546Mbps score:-92.0 
1658258970.552628 -- INFO: Throughput @246.8s:117.44Mbps, rtt :1.73ms cwnd: 299.1 lossRate: 0.0 CC:16 goodput:12431Mbps score:-86.0 
1658258971.554676 -- INFO: Throughput @247.8s:226.49Mbps, rtt :3.05ms cwnd: 338.2 lossRate: 0.0 CC:16 goodput:9387Mbps score:-165.0 
1658258972.555421 -- INFO: Throughput @248.8s:822.08Mbps, rtt :3.68ms cwnd: 384.2 lossRate: 0.0 CC:16 goodput:8438Mbps score:-599.0 
1658258973.556462 -- INFO: Throughput @249.8s:880.8Mbps, rtt :3.38ms cwnd: 402.4 lossRate: 0.0 CC:16 goodput:8703Mbps score:-642.0 
1658258974.557864 -- INFO: Throughput @250.8s:805.31Mbps, rtt :4.6ms cwnd: 551.6 lossRate: 0.0 CC:16 goodput:5269Mbps score:-587.0 
1658258975.557670 -- INFO: Throughput @251.8s:880.8Mbps, rtt :5.0ms cwnd: 588.2 lossRate: 0.0 CC:16 goodput:5218Mbps score:-642.0 
1658258976.560781 -- INFO: Throughput @252.8s:864.03Mbps, rtt :5.01ms cwnd: 581.5 lossRate: 0.0 CC:16 goodput:5260Mbps score:-629.0 
1658258977.559919 -- INFO: Throughput @253.8s:503.32Mbps, rtt :3.53ms cwnd: 418.2 lossRate: 0.0 CC:16 goodput:8146Mbps score:-367.0 
1658258978.561716 -- INFO: Throughput @254.8s:880.8Mbps, rtt :3.85ms cwnd: 380.4 lossRate: 0.0 CC:16 goodput:7425Mbps score:-642.0 
1658258979.562275 -- INFO: Throughput @255.8s:864.03Mbps, rtt :4.66ms cwnd: 599.0 lossRate: 1.3310439377603855e-05 CC:16 goodput:7269Mbps score:-629.0 
1658258979.890184 -- INFO: Process 14 finished on working on file 16 
1658258980.563581 -- INFO: Throughput @256.8s:844.52Mbps, rtt :4.25ms cwnd: 633.5 lossRate: 0 CC:16 goodput:7311Mbps score:-615.0 
1658258981.564496 -- INFO: Throughput @257.9s:716.84Mbps, rtt :3.85ms cwnd: 757.7 lossRate: 1.4790492671310882e-05 CC:16 goodput:7080Mbps score:-522.0 
1658258982.562776 -- INFO: Throughput @258.9s:553.65Mbps, rtt :3.33ms cwnd: 401.6 lossRate: 0.0 CC:16 goodput:8275Mbps score:-403.0 
1658258983.566275 -- INFO: Throughput @259.9s:889.19Mbps, rtt :3.41ms cwnd: 427.1 lossRate: 0.0 CC:16 goodput:8007Mbps score:-648.0 
1658258984.566137 -- INFO: Throughput @260.9s:880.8Mbps, rtt :4.04ms cwnd: 364.8 lossRate: 0.0 CC:16 goodput:6381Mbps score:-642.0 
1658258985.569669 -- INFO: Throughput @261.9s:847.25Mbps, rtt :3.77ms cwnd: 441.1 lossRate: 0.0 CC:16 goodput:7541Mbps score:-617.0 
1658258986.569092 -- INFO: Throughput @262.9s:822.08Mbps, rtt :4.25ms cwnd: 527.3 lossRate: 0.0 CC:16 goodput:5806Mbps score:-599.0 
1658258987.059756 -- INFO: Changing concurrency to 16 ******
1658258987.061116 -- INFO: Process Status Bits from change concurrency are: 1 1 1 1 1 1 1 1 1 1 1 1 1 1 1 1 0 0 0 0 0 0 0 0 0 0 0 0 0 0 0 0
1658258987.062747 -- INFO: Active CC: 16
1658258987.585287 -- INFO: Throughput @263.9s:385.88Mbps, rtt :2.14ms cwnd: 298.7 lossRate: 0.0 CC:16 goodput:10330Mbps score:-281.0 
1658258988.587762 -- INFO: Throughput @264.9s:687.87Mbps, rtt :2.17ms cwnd: 291.7 lossRate: 0.0 CC:16 goodput:9858Mbps score:-501.0 
1658258989.577291 -- INFO: Throughput @265.9s:662.7Mbps, rtt :2.28ms cwnd: 360.3 lossRate: 0.0 CC:16 goodput:10222Mbps score:-483.0 
1658258992.030000 -- INFO: Throughput @266.9s:645.92Mbps, rtt :2.62ms cwnd: 475.6 lossRate: 3.559352197899982e-05 CC:16 goodput:9677Mbps score:-470.0 
1658258992.040248 -- INFO: Throughput @268.3s:808.9Mbps, rtt :2.33ms cwnd: 360.0 lossRate: 0.0 CC:16 goodput:10313Mbps score:-589.0 
1658258993.039804 -- INFO: Throughput @269.3s:612.37Mbps, rtt :3.04ms cwnd: 391.9 lossRate: 0.0 CC:16 goodput:9589Mbps score:-446.0 
1658258994.043339 -- INFO: Throughput @270.3s:864.03Mbps, rtt :4.1ms cwnd: 554.1 lossRate: 0.0 CC:16 goodput:8280Mbps score:-629.0 
1658258995.044180 -- INFO: Throughput @271.3s:872.42Mbps, rtt :3.84ms cwnd: 511.9 lossRate: 0.0 CC:16 goodput:8262Mbps score:-636.0 
1658258996.042627 -- INFO: Throughput @272.3s:780.14Mbps, rtt :3.65ms cwnd: 507.3 lossRate: 0.0 CC:16 goodput:8603Mbps score:-568.0 
1658258997.043965 -- INFO: Throughput @273.3s:788.53Mbps, rtt :3.9ms cwnd: 319.9 lossRate: 0.0 CC:16 goodput:8037Mbps score:-574.0 
1658258998.046874 -- INFO: Throughput @274.3s:545.26Mbps, rtt :3.42ms cwnd: 440.9 lossRate: 0.0 CC:16 goodput:8561Mbps score:-397.0 
1658258999.048476 -- INFO: Throughput @275.3s:847.25Mbps, rtt :3.02ms cwnd: 417.5 lossRate: 0.0 CC:16 goodput:9117Mbps score:-617.0 
1658258999.989334 -- INFO: Process 10 finished on working on file 23 
1658259000.049091 -- INFO: Throughput @276.3s:886.46Mbps, rtt :3.23ms cwnd: 390.5 lossRate: 0 CC:16 goodput:7335Mbps score:-646.0 
1658259001.053514 -- INFO: Throughput @277.3s:880.8Mbps, rtt :3.94ms cwnd: 463.5 lossRate: 0.0 CC:16 goodput:6111Mbps score:-642.0 
1658259002.048783 -- INFO: Throughput @278.3s:872.42Mbps, rtt :3.98ms cwnd: 431.3 lossRate: 0.0 CC:16 goodput:6065Mbps score:-636.0 
1658259003.048381 -- INFO: Throughput @279.3s:184.55Mbps, rtt :1.88ms cwnd: 327.6 lossRate: 0.0 CC:16 goodput:11211Mbps score:-134.0 
1658259004.051703 -- INFO: Throughput @280.3s:671.09Mbps, rtt :3.22ms cwnd: 423.6 lossRate: 0.0 CC:16 goodput:8280Mbps score:-489.0 
1658259005.054236 -- INFO: Throughput @281.3s:880.8Mbps, rtt :4.28ms cwnd: 483.1 lossRate: 0.0 CC:16 goodput:5921Mbps score:-642.0 
1658259006.053939 -- INFO: Throughput @282.3s:847.25Mbps, rtt :5.62ms cwnd: 660.2 lossRate: 0.0 CC:16 goodput:5821Mbps score:-617.0 
1658259007.057401 -- INFO: Throughput @283.3s:729.81Mbps, rtt :2.66ms cwnd: 496.6 lossRate: 3.1406541982694995e-05 CC:16 goodput:7436Mbps score:-531.0 
1658259008.055221 -- INFO: Throughput @284.3s:117.44Mbps, rtt :2.28ms cwnd: 329.2 lossRate: 0.0 CC:16 goodput:10236Mbps score:-86.0 
1658259009.056494 -- INFO: Throughput @285.3s:503.32Mbps, rtt :2.91ms cwnd: 331.8 lossRate: 0.0 CC:16 goodput:7681Mbps score:-367.0 
1658259009.502107 -- INFO: Process 12 finished on working on file 13 
1658259010.058632 -- INFO: Throughput @286.3s:886.46Mbps, rtt :3.51ms cwnd: 419.4 lossRate: 0 CC:16 goodput:6179Mbps score:-646.0 
1658259011.063457 -- INFO: Throughput @287.3s:838.86Mbps, rtt :3.4ms cwnd: 526.3 lossRate: 0.0 CC:16 goodput:7837Mbps score:-611.0 
1658259012.051187 -- INFO: Changing concurrency to 16 ******
1658259012.052587 -- INFO: Process Status Bits from change concurrency are: 1 1 1 1 1 1 1 1 1 1 1 1 1 1 1 1 0 0 0 0 0 0 0 0 0 0 0 0 0 0 0 0
1658259012.052866 -- INFO: Active CC: 16
1658259012.076534 -- INFO: Throughput @288.3s:897.58Mbps, rtt :4.09ms cwnd: 516.0 lossRate: 0.0 CC:16 goodput:5697Mbps score:-654.0 
1658259013.077706 -- INFO: Throughput @289.3s:855.64Mbps, rtt :4.46ms cwnd: 609.4 lossRate: 0.0 CC:16 goodput:5530Mbps score:-623.0 
1658259014.101515 -- INFO: Throughput @290.3s:746.59Mbps, rtt :2.49ms cwnd: 420.1 lossRate: 0.0 CC:16 goodput:8352Mbps score:-544.0 
1658259015.070676 -- INFO: Throughput @291.3s:587.2Mbps, rtt :2.93ms cwnd: 422.2 lossRate: 0.0 CC:16 goodput:8050Mbps score:-428.0 
1658259016.072821 -- INFO: Throughput @292.4s:800.73Mbps, rtt :4.36ms cwnd: 503.5 lossRate: 0.0 CC:16 goodput:5441Mbps score:-583.0 
1658259017.069220 -- INFO: Throughput @293.4s:889.19Mbps, rtt :4.24ms cwnd: 456.5 lossRate: 0.0 CC:16 goodput:4988Mbps score:-648.0 
1658259018.066274 -- INFO: Throughput @294.4s:847.25Mbps, rtt :4.35ms cwnd: 552.2 lossRate: 0.0 CC:16 goodput:5418Mbps score:-617.0 
1658259019.081361 -- INFO: Throughput @295.4s:813.69Mbps, rtt :4.09ms cwnd: 472.1 lossRate: 0.0 CC:16 goodput:6096Mbps score:-593.0 
1658259020.068958 -- INFO: Throughput @296.4s:562.04Mbps, rtt :1.52ms cwnd: 288.5 lossRate: 0.0 CC:16 goodput:10200Mbps score:-409.0 
1658259021.070060 -- INFO: Throughput @297.4s:838.86Mbps, rtt :2.72ms cwnd: 376.3 lossRate: 0.0 CC:16 goodput:7832Mbps score:-611.0 
1658259022.075942 -- INFO: Throughput @298.4s:822.08Mbps, rtt :3.41ms cwnd: 494.8 lossRate: 0.0 CC:16 goodput:6699Mbps score:-599.0 
1658259023.070997 -- INFO: Throughput @299.4s:847.25Mbps, rtt :3.73ms cwnd: 635.8 lossRate: 0.0 CC:16 goodput:7607Mbps score:-617.0 
1658259024.075455 -- INFO: Throughput @300.4s:813.69Mbps, rtt :4.1ms cwnd: 596.8 lossRate: 0.0 CC:16 goodput:6725Mbps score:-593.0 
1658259025.076614 -- INFO: Throughput @301.4s:796.92Mbps, rtt :2.34ms cwnd: 336.5 lossRate: 0.0 CC:16 goodput:8352Mbps score:-581.0 
1658259027.677842 -- INFO: Process 13 finished on working on file 27 
1658259031.960242 -- INFO: Process 11 finished on working on file 25 
1658259034.870291 -- INFO: Process 3 finished on working on file 7 
1658259035.571766 -- INFO: Changing concurrency to 16 ******
1658259035.573121 -- INFO: Process Status Bits from change concurrency are: 1 1 1 1 1 1 1 1 1 1 1 1 1 1 1 1 0 0 0 0 0 0 0 0 0 0 0 0 0 0 0 0
1658259035.573829 -- INFO: Active CC: 16
1658259038.415296 -- INFO: Process 6 finished on working on file 28 
1658259044.465679 -- INFO: Process 1 finished on working on file 29 
1658259048.064722 -- INFO: Process 8 finished on working on file 26 
1658259053.081847 -- INFO: Process 2 finished on working on file 30 
1658259062.290296 -- INFO: Process 9 finished on working on file 19 
1658259062.829255 -- INFO: Throughput @302.4s:629.15Mbps, rtt :3.14ms cwnd: 419.5 lossRate: 0.0 CC:16 goodput:7252Mbps score:-458.0 
1658259062.852401 -- INFO: Throughput @339.1s:699.06Mbps, rtt :3.94ms cwnd: 633.8 lossRate: 0 CC:16 goodput:2956Mbps score:-509.0 
1658259063.863587 -- INFO: Throughput @340.1s:570.43Mbps, rtt :3.77ms cwnd: 499.6 lossRate: 0.0 CC:16 goodput:2037Mbps score:-416.0 
1658259064.394415 -- INFO: Process 0 finished on working on file 31 
1658259064.880723 -- INFO: Throughput @341.1s:852.91Mbps, rtt :4.02ms cwnd: 405.5 lossRate: 0 CC:16 goodput:1720Mbps score:-621.0 
1658259065.856438 -- INFO: Throughput @342.1s:713.03Mbps, rtt :2.61ms cwnd: 356.8 lossRate: 0.0 CC:16 goodput:2571Mbps score:-519.0 
1658259066.875080 -- INFO: Throughput @343.1s:754.97Mbps, rtt :3.35ms cwnd: 393.5 lossRate: 0.0 CC:16 goodput:2066Mbps score:-550.0 
1658259067.864357 -- INFO: Throughput @344.1s:788.53Mbps, rtt :3.05ms cwnd: 320.2 lossRate: 0.0 CC:16 goodput:1702Mbps score:-574.0 
1658259068.568339 -- INFO: Process 5 finished on working on file 3 
1658259069.825342 -- INFO: Throughput @345.1s:676.75Mbps, rtt :4.52ms cwnd: 557.3 lossRate: 0 CC:16 goodput:1287Mbps score:-493.0 
1658259069.872494 -- INFO: Throughput @346.1s:838.86Mbps, rtt :2.9ms cwnd: 712.0 lossRate: 0.0 CC:16 goodput:1754Mbps score:-611.0 
1658259070.868862 -- INFO: Throughput @347.1s:880.8Mbps, rtt :5.55ms cwnd: 718.3 lossRate: 0.0 CC:16 goodput:903Mbps score:-642.0 
1658259071.869683 -- INFO: Throughput @348.1s:872.42Mbps, rtt :4.06ms cwnd: 588.0 lossRate: 0.000739527758702657 CC:16 goodput:1713Mbps score:-629.0 
1658259072.104062 -- INFO: Process 4 finished on working on file 4 
1658259072.868765 -- INFO: Throughput @349.2s:676.23Mbps, rtt :2.32ms cwnd: 1159.5 lossRate: 0 CC:16 goodput:1449Mbps score:-493.0 
1658259073.877221 -- INFO: Throughput @350.2s:645.92Mbps, rtt :1.39ms cwnd: 1100.0 lossRate: 0.0 CC:16 goodput:1676Mbps score:-471.0 
1658259074.896182 -- INFO: Throughput @351.2s:679.48Mbps, rtt :2.02ms cwnd: 1101.5 lossRate: 0.0 CC:16 goodput:1130Mbps score:-495.0 
1658259075.875204 -- INFO: Throughput @352.2s:687.87Mbps, rtt :2.02ms cwnd: 1099.0 lossRate: 0.0 CC:16 goodput:1125Mbps score:-501.0 
1658259076.873643 -- INFO: Throughput @353.2s:679.48Mbps, rtt :2.06ms cwnd: 1099.0 lossRate: 0.0 CC:16 goodput:957Mbps score:-495.0 
1658259077.881390 -- INFO: Throughput @354.2s:696.25Mbps, rtt :1.52ms cwnd: 640.5 lossRate: 0.0 CC:16 goodput:1165Mbps score:-507.0 
1658259078.875037 -- INFO: Throughput @355.2s:704.64Mbps, rtt :4.32ms cwnd: 644.0 lossRate: 0.0 CC:16 goodput:890Mbps score:-513.0 
1658259079.881809 -- INFO: Throughput @356.2s:847.25Mbps, rtt :4.82ms cwnd: 644.0 lossRate: 0.0 CC:16 goodput:1003Mbps score:-617.0 
1658259080.886326 -- INFO: Throughput @357.2s:880.8Mbps, rtt :3.65ms cwnd: 644.0 lossRate: 0.0 CC:16 goodput:1231Mbps score:-642.0 
1658259081.878171 -- INFO: Throughput @358.2s:729.81Mbps, rtt :4.58ms cwnd: 644.0 lossRate: 0.0 CC:16 goodput:1173Mbps score:-532.0 
1658259082.268689 -- INFO: Process 7 finished on working on file 6 
1658259082.847770 -- INFO: Changing concurrency to 16 ******
1658259082.849392 -- INFO: Process Status Bits from change concurrency are: 1 1 1 1 1 1 1 1 1 1 1 1 1 1 1 1 0 0 0 0 0 0 0 0 0 0 0 0 0 0 0 0
1658259082.850305 -- INFO: Active CC: 16
1658259082.883121 -- INFO: Throughput @359.2s:869.68Mbps, rtt :3.58ms cwnd: 915.0 lossRate: 0 CC:16 goodput:873Mbps score:-634.0 
1658259083.024995 -- INFO: Process 15 finished on working on file 24 
1658259083.025345 -- INFO: Process 6 shutdown itself from outest loop
1658259083.025397 -- INFO: Process 13 shutdown itself from outest loop
1658259083.025442 -- INFO: Process 1 shutdown itself from outest loop
1658259083.025571 -- INFO: Process 8 shutdown itself from outest loop
1658259083.025610 -- INFO: Process Status Bits are: 1 0 1 1 1 1 0 1 0 1 1 1 1 0 1 1 0 0 0 0 0 0 0 0 0 0 0 0 0 0 0 0
1658259083.025730 -- INFO: Process Status Bits are: 1 0 1 1 1 1 0 1 0 1 1 1 1 0 1 1 0 0 0 0 0 0 0 0 0 0 0 0 0 0 0 0
1658259083.025774 -- INFO: Process Status Bits are: 1 0 1 1 1 1 0 1 0 1 1 1 1 0 1 1 0 0 0 0 0 0 0 0 0 0 0 0 0 0 0 0
1658259083.025787 -- INFO: Process 2 shutdown itself from outest loop
1658259083.026105 -- INFO: Process 9 shutdown itself from outest loop
1658259083.026158 -- INFO: Process Status Bits are: 1 0 0 1 0 0 0 1 0 0 1 1 1 0 1 1 0 0 0 0 0 0 0 0 0 0 0 0 0 0 0 0
1658259083.026261 -- INFO: Process Status Bits are: 1 0 0 1 0 0 0 1 0 0 1 1 1 0 1 1 0 0 0 0 0 0 0 0 0 0 0 0 0 0 0 0
1658259083.026295 -- INFO: Process 14 shutdown itself from outest loop
1658259083.025930 -- INFO: Process 5 shutdown itself from outest loop
1658259083.025947 -- INFO: Process 4 shutdown itself from outest loop
1658259083.026656 -- INFO: Process Status Bits are: 1 0 0 1 0 0 0 1 0 0 1 1 1 0 0 1 0 0 0 0 0 0 0 0 0 0 0 0 0 0 0 0
1658259083.026690 -- INFO: Process Status Bits are: 1 0 0 1 0 0 0 1 0 0 1 1 1 0 0 1 0 0 0 0 0 0 0 0 0 0 0 0 0 0 0 0
1658259083.026717 -- INFO: Process 15 shutdown itself from outest loop
1658259083.026848 -- INFO: Process Status Bits are: 1 0 0 1 0 0 0 1 0 0 1 1 1 0 0 0 0 0 0 0 0 0 0 0 0 0 0 0 0 0 0 0
1658259083.026654 -- INFO: Process Status Bits are: 1 0 0 1 0 0 0 1 0 0 1 1 1 0 0 1 0 0 0 0 0 0 0 0 0 0 0 0 0 0 0 0
1658259083.027221 -- INFO: Process 11 shutdown itself from outest loop
1658259083.027315 -- INFO: Process 3 shutdown itself from outest loop
1658259083.027385 -- INFO: Process Status Bits are: 1 0 0 0 0 0 0 1 0 0 1 0 1 0 0 0 0 0 0 0 0 0 0 0 0 0 0 0 0 0 0 0
1658259083.027509 -- INFO: Process Status Bits are: 1 0 0 0 0 0 0 1 0 0 1 0 1 0 0 0 0 0 0 0 0 0 0 0 0 0 0 0 0 0 0 0
1658259083.027693 -- INFO: Process Status Bits are: 1 0 0 1 0 0 0 1 0 0 1 1 1 0 0 1 0 0 0 0 0 0 0 0 0 0 0 0 0 0 0 0
1658259083.027947 -- INFO: Process 7 shutdown itself from outest loop
1658259083.028099 -- INFO: Process Status Bits are: 1 0 0 0 0 0 0 0 0 0 1 0 1 0 0 0 0 0 0 0 0 0 0 0 0 0 0 0 0 0 0 0
1658259083.028151 -- INFO: Process 12 shutdown itself from outest loop
1658259083.028385 -- INFO: Process Status Bits are: 1 0 0 0 0 0 0 0 0 0 1 0 0 0 0 0 0 0 0 0 0 0 0 0 0 0 0 0 0 0 0 0
1658259083.029048 -- INFO: Process 0 shutdown itself from outest loop
1658259083.029118 -- INFO: Process 10 shutdown itself from outest loop
1658259083.029355 -- INFO: Process Status Bits are: 0 0 0 0 0 0 0 0 0 0 0 0 0 0 0 0 0 0 0 0 0 0 0 0 0 0 0 0 0 0 0 0
1658259083.029669 -- INFO: Process Status Bits are: 0 0 0 0 0 0 0 0 0 0 0 0 0 0 0 0 0 0 0 0 0 0 0 0 0 0 0 0 0 0 0 0
1658259083.341744 -- INFO: Process 22 shutdown itself from outest loop
1658259083.341715 -- INFO: Process 17 shutdown itself from outest loop
1658259083.352221 -- INFO: Process 21 shutdown itself from outest loop
1658259083.341762 -- INFO: Process 31 shutdown itself from outest loop
1658259083.341675 -- INFO: Process 26 shutdown itself from outest loop
1658259083.341657 -- INFO: Process 27 shutdown itself from outest loop
1658259083.341716 -- INFO: Process 30 shutdown itself from outest loop
1658259083.341727 -- INFO: Process 20 shutdown itself from outest loop
1658259083.341682 -- INFO: Process 25 shutdown itself from outest loop
1658259083.341903 -- INFO: Process 16 shutdown itself from outest loop
1658259083.341774 -- INFO: Process 19 shutdown itself from outest loop
1658259083.341711 -- INFO: Process 28 shutdown itself from outest loop
1658259083.341856 -- INFO: Process 29 shutdown itself from outest loop
1658259083.341938 -- INFO: Process 23 shutdown itself from outest loop
1658259083.341803 -- INFO: Process 18 shutdown itself from outest loop
1658259083.341751 -- INFO: Process 24 shutdown itself from outest loop
1658259083.596448 -- INFO: Process Status Bits are: 0 0 0 0 0 0 0 0 0 0 0 0 0 0 0 0 0 0 0 0 0 0 0 0 0 0 0 0 0 0 0 0
1658259083.596652 -- INFO: Process Status Bits are: 0 0 0 0 0 0 0 0 0 0 0 0 0 0 0 0 0 0 0 0 0 0 0 0 0 0 0 0 0 0 0 0
1658259083.596787 -- INFO: Process Status Bits are: 0 0 0 0 0 0 0 0 0 0 0 0 0 0 0 0 0 0 0 0 0 0 0 0 0 0 0 0 0 0 0 0
1658259083.597006 -- INFO: Process Status Bits are: 0 0 0 0 0 0 0 0 0 0 0 0 0 0 0 0 0 0 0 0 0 0 0 0 0 0 0 0 0 0 0 0
1658259083.597252 -- INFO: Process Status Bits are: 0 0 0 0 0 0 0 0 0 0 0 0 0 0 0 0 0 0 0 0 0 0 0 0 0 0 0 0 0 0 0 0
1658259083.596453 -- INFO: Process Status Bits are: 0 0 0 0 0 0 0 0 0 0 0 0 0 0 0 0 0 0 0 0 0 0 0 0 0 0 0 0 0 0 0 0
1658259083.597542 -- INFO: Process Status Bits are: 0 0 0 0 0 0 0 0 0 0 0 0 0 0 0 0 0 0 0 0 0 0 0 0 0 0 0 0 0 0 0 0
1658259083.597715 -- INFO: Process Status Bits are: 0 0 0 0 0 0 0 0 0 0 0 0 0 0 0 0 0 0 0 0 0 0 0 0 0 0 0 0 0 0 0 0
1658259083.598014 -- INFO: Process Status Bits are: 0 0 0 0 0 0 0 0 0 0 0 0 0 0 0 0 0 0 0 0 0 0 0 0 0 0 0 0 0 0 0 0
1658259083.597099 -- INFO: Process Status Bits are: 0 0 0 0 0 0 0 0 0 0 0 0 0 0 0 0 0 0 0 0 0 0 0 0 0 0 0 0 0 0 0 0
1658259083.596670 -- INFO: Process Status Bits are: 0 0 0 0 0 0 0 0 0 0 0 0 0 0 0 0 0 0 0 0 0 0 0 0 0 0 0 0 0 0 0 0
1658259083.596988 -- INFO: Process Status Bits are: 0 0 0 0 0 0 0 0 0 0 0 0 0 0 0 0 0 0 0 0 0 0 0 0 0 0 0 0 0 0 0 0
1658259083.597140 -- INFO: Process Status Bits are: 0 0 0 0 0 0 0 0 0 0 0 0 0 0 0 0 0 0 0 0 0 0 0 0 0 0 0 0 0 0 0 0
1658259083.597387 -- INFO: Process Status Bits are: 0 0 0 0 0 0 0 0 0 0 0 0 0 0 0 0 0 0 0 0 0 0 0 0 0 0 0 0 0 0 0 0
1658259083.597280 -- INFO: Process Status Bits are: 0 0 0 0 0 0 0 0 0 0 0 0 0 0 0 0 0 0 0 0 0 0 0 0 0 0 0 0 0 0 0 0
1658259083.596480 -- INFO: Process Status Bits are: 0 0 0 0 0 0 0 0 0 0 0 0 0 0 0 0 0 0 0 0 0 0 0 0 0 0 0 0 0 0 0 0
