1658260906.469608 -- INFO: Changing concurrency to 32 ******
1658260906.470506 -- INFO: Process Status Bits from change concurrency are: 1 1 1 1 1 1 1 1 1 1 1 1 1 1 1 1 1 1 1 1 1 1 1 1 1 1 1 1 1 1 1 1
1658260906.471123 -- INFO: Active CC: 32
1658260906.476292 -- INFO: Start Process :: 8
1658260906.476818 -- INFO: Start Process :: 3
1658260906.476991 -- INFO: Start Process :: 6
1658260906.479608 -- INFO: Process 8 get item 0 from queue and executing
1658260906.479923 -- INFO: Process 6 get item 1 from queue and executing
1658260906.480028 -- INFO: starting 8, 0, /home/hjamil/Documents/files_bash/FILE19
1658260906.480200 -- INFO: starting 6, 1, /home/hjamil/Documents/files_bash/FILE10
1658260906.480435 -- INFO: Start Process :: 11
1658260906.483841 -- INFO: Process 3 get item 2 from queue and executing
1658260906.484801 -- INFO: starting 3, 2, /home/hjamil/Documents/files_bash/FILE31
1658260906.485204 -- INFO: Start Process :: 0
1658260906.486013 -- INFO: Start Process :: 1
1658260906.486480 -- INFO: Process 11 get item 3 from queue and executing
1658260906.486927 -- INFO: starting 11, 3, /home/hjamil/Documents/files_bash/FILE18
1658260906.488620 -- INFO: Start Process :: 5
1658260906.489681 -- INFO: Start Process :: 7
1658260906.489921 -- INFO: Process 1 get item 4 from queue and executing
1658260906.490166 -- INFO: starting 1, 4, /home/hjamil/Documents/files_bash/FILE6
1658260906.491547 -- INFO: Start Process :: 2
1658260906.492786 -- INFO: Process 5 get item 5 from queue and executing
1658260906.493040 -- INFO: starting 5, 5, /home/hjamil/Documents/files_bash/FILE14
1658260906.493055 -- INFO: Process 0 get item 6 from queue and executing
1658260906.493411 -- INFO: starting 0, 6, /home/hjamil/Documents/files_bash/FILE1
1658260906.495049 -- INFO: Process 2 get item 7 from queue and executing
1658260906.495274 -- INFO: starting 2, 7, /home/hjamil/Documents/files_bash/FILE30
1658260906.502408 -- INFO: Start Process :: 12
1658260906.505466 -- INFO: Process 7 get item 8 from queue and executing
1658260906.505758 -- INFO: starting 7, 8, /home/hjamil/Documents/files_bash/FILE3
1658260906.524103 -- INFO: Start Process :: 4
1658260906.524868 -- INFO: Process 12 get item 9 from queue and executing
1658260906.525120 -- INFO: starting 12, 9, /home/hjamil/Documents/files_bash/FILE20
1658260906.526767 -- INFO: Start Process :: 10
1658260906.531596 -- INFO: Start Process :: 14
1658260906.532722 -- INFO: Process 4 get item 10 from queue and executing
1658260906.532978 -- INFO: starting 4, 10, /home/hjamil/Documents/files_bash/FILE15
1658260906.536731 -- INFO: Start Process :: 15
1658260906.534950 -- INFO: Start Process :: 13
1658260906.537420 -- INFO: Process 10 get item 11 from queue and executing
1658260906.537646 -- INFO: starting 10, 11, /home/hjamil/Documents/files_bash/FILE0
1658260906.539863 -- INFO: Process 14 get item 12 from queue and executing
1658260906.540075 -- INFO: starting 14, 12, /home/hjamil/Documents/files_bash/FILE26
1658260906.541215 -- INFO: Start Process :: 9
1658260906.548094 -- INFO: Process 9 get item 13 from queue and executing
1658260906.548164 -- INFO: Process 15 get item 14 from queue and executing
1658260906.548424 -- INFO: starting 15, 14, /home/hjamil/Documents/files_bash/FILE24
1658260906.548440 -- INFO: starting 9, 13, /home/hjamil/Documents/files_bash/FILE23
1658260906.551671 -- INFO: Start Process :: 18
1658260906.556084 -- INFO: Process 13 get item 15 from queue and executing
1658260906.556341 -- INFO: starting 13, 15, /home/hjamil/Documents/files_bash/FILE13
1658260906.558114 -- INFO: Process 18 get item 16 from queue and executing
1658260906.558388 -- INFO: starting 18, 16, /home/hjamil/Documents/files_bash/FILE4
1658260906.688303 -- INFO: Start Process :: 19
1658260906.699981 -- INFO: Process 19 get item 17 from queue and executing
1658260906.700231 -- INFO: starting 19, 17, /home/hjamil/Documents/files_bash/FILE25
1658260906.776678 -- INFO: Start Process :: 17
1658260906.788495 -- INFO: Process 17 get item 18 from queue and executing
1658260906.788757 -- INFO: starting 17, 18, /home/hjamil/Documents/files_bash/FILE17
1658260906.789458 -- INFO: Start Process :: 21
1658260906.801163 -- INFO: Process 21 get item 19 from queue and executing
1658260906.801387 -- INFO: starting 21, 19, /home/hjamil/Documents/files_bash/FILE8
1658260906.848709 -- INFO: Start Process :: 23
1658260906.852546 -- INFO: Start Process :: 26
1658260906.860659 -- INFO: Process 23 get item 20 from queue and executing
1658260906.860971 -- INFO: starting 23, 20, /home/hjamil/Documents/files_bash/FILE11
1658260906.862785 -- INFO: Start Process :: 22
1658260906.864706 -- INFO: Process 26 get item 21 from queue and executing
1658260906.864966 -- INFO: starting 26, 21, /home/hjamil/Documents/files_bash/FILE29
1658260906.870965 -- INFO: Start Process :: 25
1658260906.874527 -- INFO: Process 22 get item 22 from queue and executing
1658260906.874748 -- INFO: starting 22, 22, /home/hjamil/Documents/files_bash/FILE28
1658260906.876934 -- INFO: Throughput @0.4s:1177.96Mbps, rtt :10.9ms cwnd: 171.8 lossRate: 0.0 CC:32 goodput:642Mbps score:-625.0 
1658260906.883432 -- INFO: Process 25 get item 23 from queue and executing
1658260906.883491 -- INFO: Start Process :: 16
1658260906.883750 -- INFO: starting 25, 23, /home/hjamil/Documents/files_bash/FILE12
1658260906.895854 -- INFO: Process 16 get item 24 from queue and executing
1658260906.896048 -- INFO: starting 16, 24, /home/hjamil/Documents/files_bash/FILE2
1658260906.900665 -- INFO: Start Process :: 24
1658260906.912913 -- INFO: Process 24 get item 25 from queue and executing
1658260906.913180 -- INFO: starting 24, 25, /home/hjamil/Documents/files_bash/FILE5
1658260906.918385 -- INFO: Start Process :: 30
1658260906.918430 -- INFO: Start Process :: 29
1658260906.931037 -- INFO: Process 29 get item 26 from queue and executing
1658260906.931434 -- INFO: starting 29, 26, /home/hjamil/Documents/files_bash/FILE22
1658260906.932069 -- INFO: Process 30 get item 27 from queue and executing
1658260906.932297 -- INFO: starting 30, 27, /home/hjamil/Documents/files_bash/FILE16
1658260906.936666 -- INFO: Start Process :: 20
1658260906.936716 -- INFO: Start Process :: 28
1658260906.942659 -- INFO: Start Process :: 27
1658260906.949304 -- INFO: Process 20 get item 28 from queue and executing
1658260906.949577 -- INFO: starting 20, 28, /home/hjamil/Documents/files_bash/FILE21
1658260906.949347 -- INFO: Process 28 get item 29 from queue and executing
1658260906.950881 -- INFO: starting 28, 29, /home/hjamil/Documents/files_bash/FILE27
1658260906.950086 -- INFO: Start Process :: 31
1658260906.955047 -- INFO: Process 27 get item 30 from queue and executing
1658260906.955269 -- INFO: starting 27, 30, /home/hjamil/Documents/files_bash/FILE7
1658260906.964094 -- INFO: Process 31 get item 31 from queue and executing
1658260906.964356 -- INFO: starting 31, 31, /home/hjamil/Documents/files_bash/FILE9
1658260907.821585 -- INFO: Throughput @1.4s:1024.31Mbps, rtt :14.25ms cwnd: 168.1 lossRate: 0.0 CC:32 goodput:1178Mbps score:-544.0 
1658260908.822351 -- INFO: Throughput @2.4s:885.55Mbps, rtt :14.54ms cwnd: 171.5 lossRate: 0.0 CC:32 goodput:1072Mbps score:-470.0 
1658260909.822812 -- INFO: Throughput @3.4s:905.42Mbps, rtt :14.58ms cwnd: 172.2 lossRate: 0.0 CC:32 goodput:1148Mbps score:-480.0 
1658260910.823350 -- INFO: Throughput @4.4s:888.6Mbps, rtt :14.58ms cwnd: 172.2 lossRate: 0.0 CC:32 goodput:1131Mbps score:-472.0 
1658260911.823446 -- INFO: Throughput @5.4s:847.06Mbps, rtt :14.7ms cwnd: 172.9 lossRate: 0.0 CC:32 goodput:1095Mbps score:-449.0 
1658260912.825143 -- INFO: Throughput @6.4s:900.46Mbps, rtt :14.59ms cwnd: 172.9 lossRate: 0.0 CC:32 goodput:1149Mbps score:-478.0 
1658260913.826895 -- INFO: Throughput @7.4s:894.18Mbps, rtt :14.66ms cwnd: 173.9 lossRate: 0.0 CC:32 goodput:1033Mbps score:-474.0 
1658260914.832063 -- INFO: Throughput @8.4s:874.69Mbps, rtt :14.8ms cwnd: 174.3 lossRate: 0.0 CC:32 goodput:1110Mbps score:-464.0 
1658260915.832739 -- INFO: Throughput @9.4s:879.04Mbps, rtt :14.58ms cwnd: 174.3 lossRate: 0.0 CC:32 goodput:1046Mbps score:-466.0 
1658260916.834570 -- INFO: Throughput @10.4s:871.87Mbps, rtt :14.64ms cwnd: 174.3 lossRate: 0.0 CC:32 goodput:1150Mbps score:-463.0 
