1660799981.293280 -- INFO: action array from actor 0.370391309261322 and action is 22 ******
1660799981.295445 -- INFO: Changing concurrency to 22 ******
1660799981.306347 -- INFO: Start Process :: 2
1660799981.308713 -- INFO: Process 2 get item 0 from queue and executing
1660799981.309126 -- INFO: starting 2, 0, /home/hjamil/Documents/files_bash/FILE25
1660799981.311765 -- INFO: Process Status Bits from change concurrency are: 1 1 1 1 1 1 1 1 1 1 1 1 1 1 1 1 1 1 1 1 1 1 0 0 0 0 0 0 0 0 0 0
1660799981.313743 -- INFO: Active CC: 22
1660799981.313189 -- INFO: Start Process :: 4
1660799981.320089 -- INFO: Process 4 get item 1 from queue and executing
1660799981.320355 -- INFO: starting 4, 1, /home/hjamil/Documents/files_bash/FILE1
1660799981.321610 -- INFO: Start Process :: 3
1660799981.323663 -- INFO: Start Process :: 5
1660799981.324623 -- INFO: Start Process :: 1
1660799981.325122 -- INFO: Process 5 get item 2 from queue and executing
1660799981.325172 -- INFO: Process 3 get item 3 from queue and executing
1660799981.325377 -- INFO: starting 5, 2, /home/hjamil/Documents/files_bash/FILE4
1660799981.325654 -- INFO: starting 3, 3, /home/hjamil/Documents/files_bash/FILE13
1660799981.327668 -- INFO: Start Process :: 7
1660799981.329300 -- INFO: Process 7 get item 4 from queue and executing
1660799981.329591 -- INFO: starting 7, 4, /home/hjamil/Documents/files_bash/FILE3
1660799981.343279 -- INFO: Start Process :: 10
1660799981.344229 -- INFO: Process 10 get item 5 from queue and executing
1660799981.344466 -- INFO: starting 10, 5, /home/hjamil/Documents/files_bash/FILE24
1660799981.346482 -- INFO: Start Process :: 8
1660799981.347701 -- INFO: Process 8 get item 6 from queue and executing
1660799981.347959 -- INFO: starting 8, 6, /home/hjamil/Documents/files_bash/FILE2
1660799981.352028 -- INFO: Process 1 get item 7 from queue and executing
1660799981.352311 -- INFO: starting 1, 7, /home/hjamil/Documents/files_bash/FILE20
1660799981.355377 -- INFO: Start Process :: 9
1660799981.356379 -- INFO: Process 9 get item 8 from queue and executing
1660799981.356600 -- INFO: starting 9, 8, /home/hjamil/Documents/files_bash/FILE29
1660799981.362743 -- INFO: Start Process :: 0
1660799981.375808 -- INFO: Start Process :: 17
1660799981.376009 -- INFO: Start Process :: 16
1660799981.377095 -- INFO: Process 17 get item 9 from queue and executing
1660799981.377359 -- INFO: Process 16 get item 10 from queue and executing
1660799981.377430 -- INFO: starting 17, 9, /home/hjamil/Documents/files_bash/FILE7
1660799981.377790 -- INFO: starting 16, 10, /home/hjamil/Documents/files_bash/FILE31
1660799981.377828 -- INFO: Start Process :: 15
1660799981.376827 -- INFO: Start Process :: 6
1660799981.379678 -- INFO: Process 6 get item 12 from queue and executing
1660799981.380005 -- INFO: starting 6, 12, /home/hjamil/Documents/files_bash/FILE22
1660799981.380486 -- INFO: Process 0 get item 11 from queue and executing
1660799981.390474 -- INFO: Process 15 get item 13 from queue and executing
1660799981.390843 -- INFO: starting 15, 13, /home/hjamil/Documents/files_bash/FILE11
1660799981.409199 -- INFO: Start Process :: 18
1660799981.410756 -- INFO: Process 18 get item 14 from queue and executing
1660799981.411099 -- INFO: starting 18, 14, /home/hjamil/Documents/files_bash/FILE30
1660799981.413290 -- INFO: Start Process :: 12
1660799981.414410 -- INFO: starting 0, 11, /home/hjamil/Documents/files_bash/FILE6
1660799981.426424 -- INFO: Process 12 get item 15 from queue and executing
1660799981.426767 -- INFO: starting 12, 15, /home/hjamil/Documents/files_bash/FILE5
1660799981.431328 -- INFO: Start Process :: 11
1660799981.434067 -- INFO: Process 11 get item 16 from queue and executing
1660799981.434371 -- INFO: starting 11, 16, /home/hjamil/Documents/files_bash/FILE17
1660799981.454829 -- INFO: Start Process :: 21
1660799981.455765 -- INFO: Start Process :: 13
1660799981.457761 -- INFO: Process 21 get item 17 from queue and executing
1660799981.458030 -- INFO: Process 13 get item 18 from queue and executing
1660799981.458157 -- INFO: starting 21, 17, /home/hjamil/Documents/files_bash/FILE23
1660799981.458209 -- INFO: starting 13, 18, /home/hjamil/Documents/files_bash/FILE14
1660799981.506742 -- INFO: Start Process :: 14
1660799981.508541 -- INFO: Process 14 get item 19 from queue and executing
1660799981.508821 -- INFO: starting 14, 19, /home/hjamil/Documents/files_bash/FILE8
1660799981.516313 -- INFO: Start Process :: 19
1660799981.526625 -- INFO: Process 19 get item 20 from queue and executing
1660799981.527014 -- INFO: starting 19, 20, /home/hjamil/Documents/files_bash/FILE15
1660799981.552187 -- INFO: Start Process :: 20
1660799981.553130 -- INFO: Throughput @0.1s:0.0Mbps, rtt :3.69ms cwnd: 410.9 lossRate: 7.233474203903922e-06 CC:0 score:0.0 
1660799981.553974 -- INFO: Process 20 get item 21 from queue and executing
1660799981.554258 -- INFO: starting 20, 21, /home/hjamil/Documents/files_bash/FILE21
1660799982.366745 -- INFO: Throughput @1.1s:927.03Mbps, rtt :5.13ms cwnd: 265.5 lossRate: 0.0 CC:22 score:0.6 
1660799983.407806 -- INFO: Throughput @2.1s:928.81Mbps, rtt :6.56ms cwnd: 280.0 lossRate: 0.0 CC:22 score:0.6 
1660799984.351074 -- INFO: Throughput @3.1s:954.96Mbps, rtt :5.94ms cwnd: 287.4 lossRate: 0.0 CC:22 score:0.62 
1660799984.815556 -- INFO: score [0.6, 0.6, 0.62] ******
1660799984.842721 -- INFO: action array from actor -0.1762925535440445 and action is 14 ******
1660799984.854288 -- INFO: Changing concurrency to 14 ******
1660799984.854861 -- INFO: Process Status Bits from change concurrency are: 1 1 1 1 1 1 1 1 1 1 1 1 1 1 0 0 0 0 0 0 0 0 0 0 0 0 0 0 0 0 0 0
1660799984.860326 -- INFO: Active CC: 14
1660799985.374932 -- INFO: Throughput @4.1s:816.9Mbps, rtt :3.52ms cwnd: 334.1 lossRate: 0 CC:14 score:0.62 
1660799986.354681 -- INFO: Throughput @5.1s:620.0Mbps, rtt :3.25ms cwnd: 369.0 lossRate: 0.0 CC:14 score:0.47 
1660799987.373743 -- INFO: Throughput @6.1s:635.0Mbps, rtt :3.77ms cwnd: 393.6 lossRate: 0.0 CC:14 score:0.48 
1660799988.379376 -- INFO: score [0.62, 0.47, 0.48] ******
1660799988.387856 -- INFO: action array from actor 0.27723777294158936 and action is 21 ******
1660799988.388162 -- INFO: Changing concurrency to 21 ******
1660799988.408525 -- INFO: Throughput @7.1s:630.0Mbps, rtt :3.68ms cwnd: 410.3 lossRate: 0.0 CC:14 score:0.48 
1660799988.421357 -- INFO: Start Process :: 15
1660799988.421385 -- INFO: Process Status Bits from change concurrency are: 1 1 1 1 1 1 1 1 1 1 1 1 1 1 1 1 1 1 1 1 1 0 0 0 0 0 0 0 0 0 0 0
1660799988.421663 -- INFO: Start Process :: 18
1660799988.422415 -- INFO: Start Process :: 17
1660799988.422726 -- INFO: Start Process :: 19
1660799988.422994 -- INFO: Start Process :: 14
1660799988.423054 -- INFO: Active CC: 21
1660799988.423705 -- INFO: Process 17 get item 22 from queue and executing
1660799988.424086 -- INFO: starting 17, 22, /home/hjamil/Documents/files_bash/FILE9
1660799988.424396 -- INFO: Process 15 get item 23 from queue and executing
1660799988.424780 -- INFO: starting 15, 23, /home/hjamil/Documents/files_bash/FILE10
1660799988.425519 -- INFO: Start Process :: 20
1660799988.426808 -- INFO: Process 14 get item 25 from queue and executing
1660799988.427108 -- INFO: Process 19 get item 24 from queue and executing
1660799988.427998 -- INFO: starting 19, 24, /home/hjamil/Documents/files_bash/FILE12
1660799988.429051 -- INFO: starting 14, 25, /home/hjamil/Documents/files_bash/FILE28
1660799988.429251 -- INFO: Start Process :: 16
1660799988.429790 -- INFO: Process 18 get item 26 from queue and executing
1660799988.430199 -- INFO: starting 18, 26, /home/hjamil/Documents/files_bash/FILE27
1660799988.430297 -- INFO: Process 20 get item 27 from queue and executing
1660799988.434629 -- INFO: Process 16 get item 28 from queue and executing
1660799988.434692 -- INFO: starting 20, 27, /home/hjamil/Documents/files_bash/FILE26
1660799988.436868 -- INFO: starting 16, 28, /home/hjamil/Documents/files_bash/FILE18
1660799989.370889 -- INFO: Throughput @8.1s:905.0Mbps, rtt :4.03ms cwnd: 360.8 lossRate: 0.0 CC:21 score:0.6 
1660799990.411724 -- INFO: Throughput @9.1s:910.0Mbps, rtt :5.17ms cwnd: 369.9 lossRate: 0.0 CC:21 score:0.6 
1660799991.411118 -- INFO: Throughput @10.1s:910.0Mbps, rtt :4.36ms cwnd: 376.5 lossRate: 0.0 CC:21 score:0.6 
1660799991.959783 -- INFO: score [0.6, 0.6, 0.6] ******
1660799991.968711 -- INFO: action array from actor 0.5994335412979126 and action is 26 ******
1660799991.990492 -- INFO: Changing concurrency to 26 ******
1660799992.005775 -- INFO: Process Status Bits from change concurrency are: 1 1 1 1 1 1 1 1 1 1 1 1 1 1 1 1 1 1 1 1 1 1 1 1 1 1 0 0 0 0 0 0
1660799992.008971 -- INFO: Start Process :: 21
1660799992.013448 -- INFO: Process 21 get item 29 from queue and executing
1660799992.014140 -- INFO: starting 21, 29, /home/hjamil/Documents/files_bash/FILE0
1660799992.015397 -- INFO: Active CC: 26
1660799992.019379 -- INFO: Start Process :: 25
1660799992.022423 -- INFO: Start Process :: 23
1660799992.023755 -- INFO: Process 25 get item 30 from queue and executing
1660799992.023972 -- INFO: starting 25, 30, /home/hjamil/Documents/files_bash/FILE16
1660799992.036690 -- INFO: Process 23 get item 31 from queue and executing
1660799992.037098 -- INFO: starting 23, 31, /home/hjamil/Documents/files_bash/FILE19
1660799992.037013 -- INFO: Start Process :: 24
1660799992.050627 -- INFO: Process 24 get item 19 from queue and executing
1660799992.050854 -- INFO: starting 24, 19, /home/hjamil/Documents/files_bash/FILE8
1660799992.062839 -- INFO: Start Process :: 22
1660799992.066579 -- INFO: Process 22 get item 13 from queue and executing
1660799992.066891 -- INFO: starting 22, 13, /home/hjamil/Documents/files_bash/FILE11
1660799992.406558 -- INFO: Throughput @11.1s:978.23Mbps, rtt :9.64ms cwnd: 334.7 lossRate: 0.0010690401014345026 CC:26 score:0.57 
1660799993.409820 -- INFO: Throughput @12.1s:1032.98Mbps, rtt :8.01ms cwnd: 285.6 lossRate: 0.004484470672301001 CC:26 score:0.57 
1660799994.389814 -- INFO: Throughput @13.1s:964.93Mbps, rtt :6.79ms cwnd: 277.2 lossRate: 0.0015319512287002273 CC:26 score:0.56 
1660799995.366604 -- INFO: Throughput @14.1s:952.35Mbps, rtt :7.5ms cwnd: 272.1 lossRate: 0.0009630981346309814 CC:26 score:0.56 
1660799995.542759 -- INFO: score [0.57, 0.56, 0.56] ******
1660799995.544269 -- INFO: action array from actor -0.0018848832696676254 and action is 16 ******
1660799995.544447 -- INFO: Changing concurrency to 16 ******
1660799995.544960 -- INFO: Process Status Bits from change concurrency are: 1 1 1 1 1 1 1 1 1 1 1 1 1 1 1 1 0 0 0 0 0 0 0 0 0 0 0 0 0 0 0 0
1660799995.545473 -- INFO: Active CC: 16
1660799996.396019 -- INFO: Throughput @15.1s:796.52Mbps, rtt :4.21ms cwnd: 317.1 lossRate: 0 CC:16 score:0.58 
1660799997.349595 -- INFO: Throughput @16.1s:695.0Mbps, rtt :3.86ms cwnd: 324.2 lossRate: 0.0 CC:16 score:0.51 
1660799998.408298 -- INFO: Throughput @17.1s:715.0Mbps, rtt :3.4ms cwnd: 327.2 lossRate: 0.0 CC:16 score:0.52 
1660799999.046537 -- INFO: score [0.58, 0.51, 0.52] ******
1660799999.076789 -- INFO: action array from actor 0.41641756892204285 and action is 23 ******
1660799999.098387 -- INFO: Changing concurrency to 23 ******
1660799999.107664 -- INFO: Start Process :: 19
1660799999.107741 -- INFO: Process Status Bits from change concurrency are: 1 1 1 1 1 1 1 1 1 1 1 1 1 1 1 1 1 1 1 1 1 1 1 0 0 0 0 0 0 0 0 0
1660799999.108090 -- INFO: Start Process :: 20
1660799999.108328 -- INFO: Active CC: 23
1660799999.108799 -- INFO: Process 19 get item 9 from queue and executing
1660799999.109033 -- INFO: starting 19, 9, /home/hjamil/Documents/files_bash/FILE7
1660799999.109781 -- INFO: Start Process :: 21
1660799999.110029 -- INFO: Start Process :: 16
1660799999.110346 -- INFO: Start Process :: 17
1660799999.110595 -- INFO: Start Process :: 22
1660799999.111450 -- INFO: Process 21 get item 21 from queue and executing
1660799999.110524 -- INFO: Process 20 get item 17 from queue and executing
1660799999.112445 -- INFO: Process 17 get item 20 from queue and executing
1660799999.111802 -- INFO: Process 16 get item 14 from queue and executing
1660799999.115295 -- INFO: Start Process :: 18
1660799999.122737 -- INFO: starting 21, 21, /home/hjamil/Documents/files_bash/FILE21
1660799999.124000 -- INFO: starting 17, 20, /home/hjamil/Documents/files_bash/FILE15
1660799999.124440 -- INFO: starting 16, 14, /home/hjamil/Documents/files_bash/FILE30
1660799999.125001 -- INFO: starting 20, 17, /home/hjamil/Documents/files_bash/FILE23
1660799999.126988 -- INFO: Process 18 get item 10 from queue and executing
1660799999.127281 -- INFO: starting 18, 10, /home/hjamil/Documents/files_bash/FILE31
1660799999.143614 -- INFO: Process 22 get item 27 from queue and executing
1660799999.144176 -- INFO: starting 22, 27, /home/hjamil/Documents/files_bash/FILE26
1660799999.442049 -- INFO: Throughput @18.1s:777.88Mbps, rtt :5.23ms cwnd: 286.6 lossRate: 0.0 CC:23 score:0.49 
1660800000.347775 -- INFO: Throughput @19.1s:1012.86Mbps, rtt :4.82ms cwnd: 291.8 lossRate: 0.0 CC:23 score:0.64 
1660800001.311314 -- INFO: episode expires
1660800001.311561 -- INFO: Process 30 shutdown itself from outest loop
1660800001.311582 -- INFO: Process 27 shutdown itself from outest loop
1660800001.312391 -- INFO: Process 29 shutdown itself from outest loop
1660800001.312978 -- INFO: Process 25 shutdown itself from outest loop
1660800001.313348 -- INFO: Process 28 shutdown itself from outest loop
1660800001.313542 -- INFO: Process 26 shutdown itself from outest loop
1660800001.314307 -- INFO: Process 31 shutdown itself from outest loop
1660800001.314891 -- INFO: Process 23 shutdown itself from outest loop
1660800001.328325 -- INFO: Process 24 shutdown itself from outest loop
1660800002.617410 -- INFO: score [0.52, 0.49, 0.64] ******
