1660802686.559544 -- INFO: action array from actor 0.21985897421836853 and action is 20 ******
1660802686.560079 -- INFO: Changing concurrency to 20 ******
1660802686.562557 -- INFO: Process Status Bits from change concurrency are: 1 1 1 1 1 1 1 1 1 1 1 1 1 1 1 1 1 1 1 1 0 0 0 0 0 0 0 0 0 0 0 0
1660802686.564308 -- INFO: Active CC: 20
1660802686.565588 -- INFO: Start Process :: 0
1660802686.568772 -- INFO: Start Process :: 5
1660802686.570481 -- INFO: Process 5 get item 0 from queue and executing
1660802686.570569 -- INFO: Process 0 get item 1 from queue and executing
1660802686.570892 -- INFO: starting 5, 0, /home/hjamil/Documents/files_bash/FILE25
1660802686.570903 -- INFO: starting 0, 1, /home/hjamil/Documents/files_bash/FILE1
1660802686.570998 -- INFO: Start Process :: 4
1660802686.574094 -- INFO: Process 4 get item 2 from queue and executing
1660802686.574452 -- INFO: starting 4, 2, /home/hjamil/Documents/files_bash/FILE4
1660802686.574296 -- INFO: Start Process :: 3
1660802686.574207 -- INFO: Start Process :: 1
1660802686.592860 -- INFO: Process 1 get item 3 from queue and executing
1660802686.594400 -- INFO: Process 3 get item 4 from queue and executing
1660802686.594802 -- INFO: starting 3, 4, /home/hjamil/Documents/files_bash/FILE3
1660802686.594689 -- INFO: Start Process :: 6
1660802686.595114 -- INFO: Start Process :: 14
1660802686.595770 -- INFO: Process 6 get item 5 from queue and executing
1660802686.596021 -- INFO: starting 6, 5, /home/hjamil/Documents/files_bash/FILE24
1660802686.596052 -- INFO: starting 1, 3, /home/hjamil/Documents/files_bash/FILE13
1660802686.596224 -- INFO: Process 14 get item 6 from queue and executing
1660802686.596444 -- INFO: starting 14, 6, /home/hjamil/Documents/files_bash/FILE2
1660802686.596307 -- INFO: Start Process :: 15
1660802686.598835 -- INFO: Process 15 get item 7 from queue and executing
1660802686.599220 -- INFO: starting 15, 7, /home/hjamil/Documents/files_bash/FILE20
1660802686.624290 -- INFO: Start Process :: 12
1660802686.625501 -- INFO: Process 12 get item 8 from queue and executing
1660802686.625705 -- INFO: starting 12, 8, /home/hjamil/Documents/files_bash/FILE29
1660802686.625526 -- INFO: Start Process :: 8
1660802686.627982 -- INFO: Process 8 get item 9 from queue and executing
1660802686.628394 -- INFO: starting 8, 9, /home/hjamil/Documents/files_bash/FILE7
1660802686.642976 -- INFO: Start Process :: 11
1660802686.644840 -- INFO: Process 11 get item 10 from queue and executing
1660802686.645079 -- INFO: starting 11, 10, /home/hjamil/Documents/files_bash/FILE31
1660802686.663438 -- INFO: Start Process :: 7
1660802686.664478 -- INFO: Process 7 get item 11 from queue and executing
1660802686.664689 -- INFO: starting 7, 11, /home/hjamil/Documents/files_bash/FILE6
1660802686.668689 -- INFO: Start Process :: 19
1660802686.669947 -- INFO: Process 19 get item 12 from queue and executing
1660802686.670166 -- INFO: starting 19, 12, /home/hjamil/Documents/files_bash/FILE22
1660802686.689874 -- INFO: Start Process :: 18
1660802686.691068 -- INFO: Process 18 get item 13 from queue and executing
1660802686.691312 -- INFO: starting 18, 13, /home/hjamil/Documents/files_bash/FILE11
1660802686.719025 -- INFO: Start Process :: 17
1660802686.727538 -- INFO: Start Process :: 16
1660802686.729162 -- INFO: Process 17 get item 14 from queue and executing
1660802686.729393 -- INFO: starting 17, 14, /home/hjamil/Documents/files_bash/FILE30
1660802686.730929 -- INFO: Start Process :: 10
1660802686.731563 -- INFO: Process 16 get item 15 from queue and executing
1660802686.731975 -- INFO: starting 16, 15, /home/hjamil/Documents/files_bash/FILE5
1660802686.732422 -- INFO: Process 10 get item 16 from queue and executing
1660802686.732646 -- INFO: starting 10, 16, /home/hjamil/Documents/files_bash/FILE17
1660802686.751543 -- INFO: Start Process :: 9
1660802686.757447 -- INFO: Process 9 get item 17 from queue and executing
1660802686.757676 -- INFO: starting 9, 17, /home/hjamil/Documents/files_bash/FILE23
1660802686.768260 -- INFO: Start Process :: 13
1660802686.777946 -- INFO: Process 13 get item 18 from queue and executing
1660802686.778238 -- INFO: starting 13, 18, /home/hjamil/Documents/files_bash/FILE14
1660802686.788110 -- INFO: Start Process :: 2
1660802686.790372 -- INFO: Process 2 get item 19 from queue and executing
1660802686.790602 -- INFO: starting 2, 19, /home/hjamil/Documents/files_bash/FILE8
1660802686.895549 -- INFO: Throughput @0.3s:500.0Mbps, rtt :3.16ms cwnd: 255.5 lossRate: 7.22396159164101e-06 CC:20 score:0.34 
1660802687.889280 -- INFO: Throughput @1.3s:910.0Mbps, rtt :4.07ms cwnd: 289.4 lossRate: 0.0 CC:20 score:0.61 
1660802688.868809 -- INFO: Throughput @2.3s:885.0Mbps, rtt :5.29ms cwnd: 298.8 lossRate: 0.0 CC:20 score:0.6 
1660802689.903687 -- INFO: Throughput @3.3s:920.0Mbps, rtt :4.39ms cwnd: 311.3 lossRate: 0.0 CC:20 score:0.62 
1660802690.073105 -- INFO: score [0.61, 0.6, 0.62] ******
1660802690.079054 -- INFO: action array from actor 0.5094468593597412 and action is 24 ******
1660802690.086814 -- INFO: Changing concurrency to 24 ******
1660802690.089803 -- INFO: Process Status Bits from change concurrency are: 1 1 1 1 1 1 1 1 1 1 1 1 1 1 1 1 1 1 1 1 1 1 1 1 0 0 0 0 0 0 0 0
1660802690.099184 -- INFO: Active CC: 24
1660802690.118746 -- INFO: Start Process :: 23
1660802690.130447 -- INFO: Process 23 get item 20 from queue and executing
1660802690.130778 -- INFO: starting 23, 20, /home/hjamil/Documents/files_bash/FILE15
1660802690.133396 -- INFO: Start Process :: 21
1660802690.137689 -- INFO: Process 21 get item 21 from queue and executing
1660802690.138198 -- INFO: starting 21, 21, /home/hjamil/Documents/files_bash/FILE21
1660802690.158612 -- INFO: Start Process :: 20
1660802690.172589 -- INFO: Process 20 get item 22 from queue and executing
1660802690.172847 -- INFO: starting 20, 22, /home/hjamil/Documents/files_bash/FILE9
1660802690.186638 -- INFO: Start Process :: 22
1660802690.194457 -- INFO: Process 22 get item 23 from queue and executing
1660802690.194751 -- INFO: starting 22, 23, /home/hjamil/Documents/files_bash/FILE10
1660802690.899787 -- INFO: Throughput @4.3s:983.44Mbps, rtt :6.99ms cwnd: 292.7 lossRate: 0.0 CC:24 score:0.61 
1660802691.837734 -- INFO: Throughput @5.3s:1008.87Mbps, rtt :7.75ms cwnd: 287.6 lossRate: 0.000707119222969367 CC:24 score:0.62 
1660802692.852256 -- INFO: Throughput @6.3s:932.45Mbps, rtt :7.3ms cwnd: 275.2 lossRate: 0.0010506511593813374 CC:24 score:0.57 
1660802693.604945 -- INFO: score [0.61, 0.62, 0.57] ******
1660802693.607507 -- INFO: action array from actor 0.3073209524154663 and action is 21 ******
1660802693.607907 -- INFO: Changing concurrency to 21 ******
1660802693.618530 -- INFO: Process Status Bits from change concurrency are: 1 1 1 1 1 1 1 1 1 1 1 1 1 1 1 1 1 1 1 1 1 0 0 0 0 0 0 0 0 0 0 0
1660802693.619280 -- INFO: Active CC: 21
1660802693.831050 -- INFO: Throughput @7.3s:927.0Mbps, rtt :5.87ms cwnd: 290.7 lossRate: 0.0 CC:21 score:0.61 
1660802694.867317 -- INFO: Throughput @8.3s:938.43Mbps, rtt :6.8ms cwnd: 290.9 lossRate: 0.0 CC:21 score:0.62 
1660802695.855046 -- INFO: Throughput @9.3s:921.57Mbps, rtt :7.17ms cwnd: 291.1 lossRate: 0.0 CC:21 score:0.61 
1660802696.812636 -- INFO: Throughput @10.3s:911.99Mbps, rtt :6.73ms cwnd: 291.2 lossRate: 0.0 CC:21 score:0.6 
1660802697.131672 -- INFO: score [0.62, 0.61, 0.6] ******
1660802697.138979 -- INFO: action array from actor 0.3073209524154663 and action is 21 ******
1660802697.140829 -- INFO: Changing concurrency to 21 ******
1660802697.143168 -- INFO: Process Status Bits from change concurrency are: 1 1 1 1 1 1 1 1 1 1 1 1 1 1 1 1 1 1 1 1 1 0 0 0 0 0 0 0 0 0 0 0
1660802697.145250 -- INFO: Active CC: 21
1660802697.878669 -- INFO: Throughput @11.3s:928.82Mbps, rtt :5.8ms cwnd: 295.2 lossRate: 0.0 CC:21 score:0.61 
1660802698.906999 -- INFO: Throughput @12.3s:941.4Mbps, rtt :5.45ms cwnd: 296.5 lossRate: 0.0 CC:21 score:0.62 
1660802699.844510 -- INFO: Throughput @13.3s:934.33Mbps, rtt :6.82ms cwnd: 296.5 lossRate: 0.0 CC:21 score:0.62 
1660802700.657301 -- INFO: score [0.61, 0.62, 0.62] ******
1660802700.664562 -- INFO: action array from actor 0.3073209524154663 and action is 21 ******
1660802700.665657 -- INFO: Changing concurrency to 21 ******
1660802700.686700 -- INFO: Process Status Bits from change concurrency are: 1 1 1 1 1 1 1 1 1 1 1 1 1 1 1 1 1 1 1 1 1 0 0 0 0 0 0 0 0 0 0 0
1660802700.688492 -- INFO: Active CC: 21
1660802700.849948 -- INFO: Throughput @14.3s:910.85Mbps, rtt :6.66ms cwnd: 299.2 lossRate: 0.0 CC:21 score:0.6 
1660802701.848008 -- INFO: Throughput @15.3s:943.58Mbps, rtt :6.09ms cwnd: 299.7 lossRate: 0.0 CC:21 score:0.62 
1660802702.873877 -- INFO: Throughput @16.3s:945.44Mbps, rtt :6.75ms cwnd: 300.6 lossRate: 0.0 CC:21 score:0.62 
1660802703.902492 -- INFO: Throughput @17.3s:921.33Mbps, rtt :6.61ms cwnd: 300.6 lossRate: 0.0 CC:21 score:0.61 
1660802704.195331 -- INFO: score [0.62, 0.62, 0.61] ******
1660802704.212075 -- INFO: action array from actor 0.3073209524154663 and action is 21 ******
1660802704.212440 -- INFO: Changing concurrency to 21 ******
1660802704.212836 -- INFO: Process Status Bits from change concurrency are: 1 1 1 1 1 1 1 1 1 1 1 1 1 1 1 1 1 1 1 1 1 0 0 0 0 0 0 0 0 0 0 0
1660802704.222439 -- INFO: Active CC: 21
1660802704.886341 -- INFO: Throughput @18.3s:937.55Mbps, rtt :6.59ms cwnd: 300.6 lossRate: 0.0 CC:21 score:0.62 
1660802705.863594 -- INFO: Throughput @19.3s:936.52Mbps, rtt :5.55ms cwnd: 300.6 lossRate: 0.0 CC:21 score:0.62 
1660802706.858450 -- INFO: Throughput @20.3s:930.39Mbps, rtt :5.21ms cwnd: 300.9 lossRate: 0.0 CC:21 score:0.61 
1660802707.739206 -- INFO: score [0.62, 0.62, 0.61] ******
1660802707.741051 -- INFO: action array from actor 0.30732110142707825 and action is 21 ******
1660802707.741198 -- INFO: Changing concurrency to 21 ******
1660802707.744378 -- INFO: Process Status Bits from change concurrency are: 1 1 1 1 1 1 1 1 1 1 1 1 1 1 1 1 1 1 1 1 1 0 0 0 0 0 0 0 0 0 0 0
1660802707.744773 -- INFO: Active CC: 21
1660802707.883443 -- INFO: Throughput @21.3s:942.77Mbps, rtt :6.81ms cwnd: 300.9 lossRate: 0.0 CC:21 score:0.62 
1660802708.868346 -- INFO: Throughput @22.3s:926.9Mbps, rtt :6.88ms cwnd: 300.9 lossRate: 0.0 CC:21 score:0.61 
1660802709.874713 -- INFO: Throughput @23.3s:925.61Mbps, rtt :6.91ms cwnd: 306.4 lossRate: 0.0 CC:21 score:0.61 
1660802710.873892 -- INFO: Throughput @24.3s:952.8Mbps, rtt :7.44ms cwnd: 306.4 lossRate: 0.0 CC:21 score:0.63 
1660802711.250584 -- INFO: score [0.61, 0.61, 0.63] ******
1660802711.252280 -- INFO: action array from actor 0.3447312116622925 and action is 22 ******
1660802711.252411 -- INFO: Changing concurrency to 22 ******
1660802711.276320 -- INFO: Start Process :: 21
1660802711.278452 -- INFO: Process 21 get item 24 from queue and executing
1660802711.278827 -- INFO: starting 21, 24, /home/hjamil/Documents/files_bash/FILE12
1660802711.282323 -- INFO: Process Status Bits from change concurrency are: 1 1 1 1 1 1 1 1 1 1 1 1 1 1 1 1 1 1 1 1 1 1 0 0 0 0 0 0 0 0 0 0
1660802711.282774 -- INFO: Active CC: 22
1660802711.908819 -- INFO: Throughput @25.3s:932.12Mbps, rtt :6.46ms cwnd: 293.4 lossRate: 0.0006323956851155947 CC:22 score:0.6 
1660802712.864658 -- INFO: Throughput @26.3s:976.24Mbps, rtt :7.48ms cwnd: 290.0 lossRate: 0.00016566418595167703 CC:22 score:0.63 
1660802713.895874 -- INFO: Throughput @27.3s:951.42Mbps, rtt :7.39ms cwnd: 288.8 lossRate: 1.201157916231247e-05 CC:22 score:0.62 
1660802714.788265 -- INFO: score [0.6, 0.63, 0.62] ******
1660802714.789938 -- INFO: action array from actor 0.3073860704898834 and action is 21 ******
1660802714.790129 -- INFO: Changing concurrency to 21 ******
1660802714.799460 -- INFO: Process Status Bits from change concurrency are: 1 1 1 1 1 1 1 1 1 1 1 1 1 1 1 1 1 1 1 1 1 0 0 0 0 0 0 0 0 0 0 0
1660802714.800358 -- INFO: Active CC: 21
1660802714.879537 -- INFO: Throughput @28.3s:915.27Mbps, rtt :7.52ms cwnd: 287.2 lossRate: 0.0001774757872318848 CC:21 score:0.6 
1660802715.873924 -- INFO: Throughput @29.3s:937.07Mbps, rtt :5.76ms cwnd: 292.9 lossRate: 0.0 CC:21 score:0.62 
1660802716.856427 -- INFO: Throughput @30.3s:954.14Mbps, rtt :6.79ms cwnd: 292.9 lossRate: 0.0 CC:21 score:0.63 
1660802717.867734 -- INFO: Throughput @31.3s:933.76Mbps, rtt :6.58ms cwnd: 292.9 lossRate: 0.0 CC:21 score:0.62 
1660802718.301725 -- INFO: score [0.62, 0.63, 0.62] ******
1660802718.303792 -- INFO: action array from actor 0.3073209524154663 and action is 21 ******
1660802718.304203 -- INFO: Changing concurrency to 21 ******
1660802718.304803 -- INFO: Process Status Bits from change concurrency are: 1 1 1 1 1 1 1 1 1 1 1 1 1 1 1 1 1 1 1 1 1 0 0 0 0 0 0 0 0 0 0 0
1660802718.306882 -- INFO: Active CC: 21
1660802718.843332 -- INFO: Throughput @32.3s:918.84Mbps, rtt :6.45ms cwnd: 295.1 lossRate: 0.0 CC:21 score:0.61 
1660802719.854791 -- INFO: Throughput @33.3s:918.36Mbps, rtt :6.9ms cwnd: 293.6 lossRate: 0.0002573245597911995 CC:21 score:0.6 
1660802720.867020 -- INFO: Throughput @34.3s:948.19Mbps, rtt :6.91ms cwnd: 293.6 lossRate: 0.0 CC:21 score:0.63 
1660802721.823452 -- INFO: score [0.61, 0.6, 0.63] ******
1660802721.825861 -- INFO: action array from actor 0.30738043785095215 and action is 21 ******
1660802721.829502 -- INFO: Changing concurrency to 21 ******
1660802721.838384 -- INFO: Process Status Bits from change concurrency are: 1 1 1 1 1 1 1 1 1 1 1 1 1 1 1 1 1 1 1 1 1 0 0 0 0 0 0 0 0 0 0 0
1660802721.840150 -- INFO: Active CC: 21
1660802721.874264 -- INFO: Throughput @35.3s:940.21Mbps, rtt :6.24ms cwnd: 293.6 lossRate: 0.0 CC:21 score:0.62 
1660802722.858582 -- INFO: Throughput @36.3s:923.92Mbps, rtt :7.72ms cwnd: 293.6 lossRate: 0.0 CC:21 score:0.61 
1660802723.871697 -- INFO: Throughput @37.3s:922.62Mbps, rtt :5.83ms cwnd: 296.1 lossRate: 0.0 CC:21 score:0.61 
1660802724.847752 -- INFO: Throughput @38.3s:939.17Mbps, rtt :6.69ms cwnd: 296.1 lossRate: 0.0 CC:21 score:0.62 
1660802725.349937 -- INFO: score [0.61, 0.61, 0.62] ******
1660802725.354641 -- INFO: action array from actor 0.3073219060897827 and action is 21 ******
1660802725.371819 -- INFO: Changing concurrency to 21 ******
1660802725.381779 -- INFO: Process Status Bits from change concurrency are: 1 1 1 1 1 1 1 1 1 1 1 1 1 1 1 1 1 1 1 1 1 0 0 0 0 0 0 0 0 0 0 0
1660802725.387232 -- INFO: Active CC: 21
1660802725.886707 -- INFO: Throughput @39.3s:923.91Mbps, rtt :6.83ms cwnd: 296.1 lossRate: 0.0 CC:21 score:0.61 
1660802726.901322 -- INFO: Throughput @40.3s:907.3Mbps, rtt :6.42ms cwnd: 294.9 lossRate: 0.00021772788852332108 CC:21 score:0.6 
1660802727.893912 -- INFO: Throughput @41.3s:933.85Mbps, rtt :6.13ms cwnd: 294.9 lossRate: 0.0 CC:21 score:0.62 
1660802728.859164 -- INFO: Throughput @42.3s:934.27Mbps, rtt :5.91ms cwnd: 299.3 lossRate: 0.0 CC:21 score:0.62 
1660802728.904354 -- INFO: score [0.6, 0.62, 0.62] ******
1660802728.915876 -- INFO: action array from actor 0.30771592259407043 and action is 21 ******
1660802728.916339 -- INFO: Changing concurrency to 21 ******
1660802728.936440 -- INFO: Process Status Bits from change concurrency are: 1 1 1 1 1 1 1 1 1 1 1 1 1 1 1 1 1 1 1 1 1 0 0 0 0 0 0 0 0 0 0 0
1660802728.942789 -- INFO: Active CC: 21
1660802729.898181 -- INFO: Throughput @43.3s:927.12Mbps, rtt :6.51ms cwnd: 301.5 lossRate: 0.0 CC:21 score:0.61 
1660802730.897103 -- INFO: Throughput @44.3s:927.18Mbps, rtt :5.99ms cwnd: 301.7 lossRate: 0.0 CC:21 score:0.61 
1660802731.875864 -- INFO: Throughput @45.3s:941.25Mbps, rtt :6.47ms cwnd: 302.1 lossRate: 0.0 CC:21 score:0.62 
1660802732.471110 -- INFO: score [0.61, 0.61, 0.62] ******
1660802732.472839 -- INFO: action array from actor 0.30772024393081665 and action is 21 ******
1660802732.478501 -- INFO: Changing concurrency to 21 ******
1660802732.487436 -- INFO: Process Status Bits from change concurrency are: 1 1 1 1 1 1 1 1 1 1 1 1 1 1 1 1 1 1 1 1 1 0 0 0 0 0 0 0 0 0 0 0
1660802732.494452 -- INFO: Active CC: 21
1660802732.878507 -- INFO: Throughput @46.3s:925.58Mbps, rtt :5.27ms cwnd: 302.2 lossRate: 0.0 CC:21 score:0.61 
1660802733.888270 -- INFO: Throughput @47.3s:933.68Mbps, rtt :7.52ms cwnd: 302.3 lossRate: 0.0 CC:21 score:0.62 
1660802734.880327 -- INFO: Throughput @48.3s:940.47Mbps, rtt :5.73ms cwnd: 302.3 lossRate: 0.0 CC:21 score:0.62 
1660802735.906675 -- INFO: Throughput @49.3s:934.77Mbps, rtt :7.16ms cwnd: 305.2 lossRate: 0.0 CC:21 score:0.62 
1660802736.010718 -- INFO: score [0.62, 0.62, 0.62] ******
1660802736.012192 -- INFO: action array from actor 0.3073260486125946 and action is 21 ******
1660802736.012313 -- INFO: Changing concurrency to 21 ******
1660802736.040935 -- INFO: Process Status Bits from change concurrency are: 1 1 1 1 1 1 1 1 1 1 1 1 1 1 1 1 1 1 1 1 1 0 0 0 0 0 0 0 0 0 0 0
1660802736.058453 -- INFO: Active CC: 21
1660802736.885750 -- INFO: Throughput @50.3s:920.22Mbps, rtt :6.08ms cwnd: 305.3 lossRate: 0.0 CC:21 score:0.61 
1660802737.907415 -- INFO: Throughput @51.3s:931.47Mbps, rtt :5.57ms cwnd: 305.4 lossRate: 0.0 CC:21 score:0.61 
1660802738.938730 -- INFO: Throughput @52.3s:947.3Mbps, rtt :5.74ms cwnd: 306.2 lossRate: 0.0 CC:21 score:0.63 
1660802739.579222 -- INFO: score [0.61, 0.61, 0.63] ******
1660802739.581238 -- INFO: action array from actor 0.44077587127685547 and action is 23 ******
1660802739.581617 -- INFO: Changing concurrency to 23 ******
1660802739.587095 -- INFO: Process Status Bits from change concurrency are: 1 1 1 1 1 1 1 1 1 1 1 1 1 1 1 1 1 1 1 1 1 1 1 0 0 0 0 0 0 0 0 0
1660802739.587706 -- INFO: Start Process :: 22
1660802739.588435 -- INFO: Start Process :: 21
1660802739.588528 -- INFO: Active CC: 23
1660802739.590485 -- INFO: Process 21 get item 25 from queue and executing
1660802739.590705 -- INFO: starting 21, 25, /home/hjamil/Documents/files_bash/FILE28
1660802739.599571 -- INFO: Process 22 get item 26 from queue and executing
1660802739.599943 -- INFO: starting 22, 26, /home/hjamil/Documents/files_bash/FILE27
1660802739.883313 -- INFO: Throughput @53.3s:938.05Mbps, rtt :6.68ms cwnd: 293.7 lossRate: 0.0 CC:23 score:0.59 
1660802740.906311 -- INFO: Throughput @54.3s:954.57Mbps, rtt :7.27ms cwnd: 288.6 lossRate: 0.0005324615822776973 CC:23 score:0.6 
1660802741.893634 -- INFO: Throughput @55.3s:958.0Mbps, rtt :6.5ms cwnd: 285.9 lossRate: 0.000470110847189232 CC:23 score:0.6 
1660802742.897119 -- INFO: Throughput @56.3s:932.3Mbps, rtt :6.4ms cwnd: 286.0 lossRate: 0.0 CC:23 score:0.59 
1660802743.096673 -- INFO: score [0.6, 0.6, 0.59] ******
1660802743.105864 -- INFO: action array from actor 0.3073209524154663 and action is 21 ******
1660802743.112595 -- INFO: Changing concurrency to 21 ******
1660802743.115678 -- INFO: Process Status Bits from change concurrency are: 1 1 1 1 1 1 1 1 1 1 1 1 1 1 1 1 1 1 1 1 1 0 0 0 0 0 0 0 0 0 0 0
1660802743.118376 -- INFO: Active CC: 21
1660802743.893102 -- INFO: Throughput @57.3s:923.64Mbps, rtt :6.48ms cwnd: 297.8 lossRate: 0.0 CC:21 score:0.61 
1660802744.911794 -- INFO: Throughput @58.3s:939.97Mbps, rtt :6.19ms cwnd: 296.9 lossRate: 0.0002055722163103415 CC:21 score:0.62 
1660802745.905910 -- INFO: Throughput @59.3s:953.65Mbps, rtt :7.58ms cwnd: 296.9 lossRate: 0.0 CC:21 score:0.63 
1660802746.624904 -- INFO: score [0.61, 0.62, 0.63] ******
1660802746.626785 -- INFO: action array from actor 0.3072846531867981 and action is 21 ******
1660802746.627205 -- INFO: Changing concurrency to 21 ******
1660802746.627995 -- INFO: Process Status Bits from change concurrency are: 1 1 1 1 1 1 1 1 1 1 1 1 1 1 1 1 1 1 1 1 1 0 0 0 0 0 0 0 0 0 0 0
1660802746.628455 -- INFO: Active CC: 21
1660802746.868149 -- INFO: Throughput @60.3s:924.28Mbps, rtt :5.69ms cwnd: 296.9 lossRate: 0.0 CC:21 score:0.61 
1660802747.887336 -- INFO: Throughput @61.3s:922.43Mbps, rtt :6.28ms cwnd: 296.9 lossRate: 0.0 CC:21 score:0.61 
1660802748.917147 -- INFO: Throughput @62.3s:953.65Mbps, rtt :7.99ms cwnd: 296.9 lossRate: 0.0 CC:21 score:0.63 
1660802749.921688 -- INFO: Throughput @63.3s:938.44Mbps, rtt :6.69ms cwnd: 296.9 lossRate: 0.0 CC:21 score:0.62 
1660802750.139109 -- INFO: score [0.61, 0.63, 0.62] ******
1660802750.140734 -- INFO: action array from actor 0.30754661560058594 and action is 21 ******
1660802750.141063 -- INFO: Changing concurrency to 21 ******
1660802750.150537 -- INFO: Process Status Bits from change concurrency are: 1 1 1 1 1 1 1 1 1 1 1 1 1 1 1 1 1 1 1 1 1 0 0 0 0 0 0 0 0 0 0 0
1660802750.151240 -- INFO: Active CC: 21
1660802750.926075 -- INFO: Throughput @64.3s:902.86Mbps, rtt :6.86ms cwnd: 296.9 lossRate: 0.0 CC:21 score:0.6 
1660802751.905700 -- INFO: Throughput @65.3s:934.46Mbps, rtt :6.46ms cwnd: 296.9 lossRate: 0.0 CC:21 score:0.62 
1660802752.915452 -- INFO: Throughput @66.3s:943.83Mbps, rtt :6.29ms cwnd: 296.9 lossRate: 0.0 CC:21 score:0.62 
1660802753.663605 -- INFO: score [0.6, 0.62, 0.62] ******
1660802753.665817 -- INFO: action array from actor 0.3001965284347534 and action is 21 ******
1660802753.690580 -- INFO: Changing concurrency to 21 ******
1660802753.703127 -- INFO: Process Status Bits from change concurrency are: 1 1 1 1 1 1 1 1 1 1 1 1 1 1 1 1 1 1 1 1 1 0 0 0 0 0 0 0 0 0 0 0
1660802753.706179 -- INFO: Active CC: 21
1660802753.909637 -- INFO: Throughput @67.3s:895.78Mbps, rtt :6.75ms cwnd: 296.9 lossRate: 0.0 CC:21 score:0.59 
1660802754.919939 -- INFO: Throughput @68.3s:921.83Mbps, rtt :6.39ms cwnd: 303.6 lossRate: 0.0 CC:21 score:0.61 
1660802755.953269 -- INFO: Throughput @69.3s:939.72Mbps, rtt :5.84ms cwnd: 306.2 lossRate: 0.0 CC:21 score:0.62 
1660802756.922220 -- INFO: Throughput @70.3s:937.75Mbps, rtt :6.42ms cwnd: 308.2 lossRate: 0.0 CC:21 score:0.62 
1660802757.239284 -- INFO: score [0.61, 0.62, 0.62] ******
1660802757.248198 -- INFO: action array from actor 0.31611692905426025 and action is 21 ******
1660802757.262422 -- INFO: Changing concurrency to 21 ******
1660802757.274398 -- INFO: Process Status Bits from change concurrency are: 1 1 1 1 1 1 1 1 1 1 1 1 1 1 1 1 1 1 1 1 1 0 0 0 0 0 0 0 0 0 0 0
1660802757.278633 -- INFO: Active CC: 21
1660802757.909389 -- INFO: Throughput @71.3s:924.86Mbps, rtt :6.7ms cwnd: 308.2 lossRate: 0.0 CC:21 score:0.61 
1660802758.918299 -- INFO: Throughput @72.3s:844.02Mbps, rtt :7.54ms cwnd: 284.3 lossRate: 0.002510086544088207 CC:21 score:0.54 
1660802759.903118 -- INFO: Throughput @73.3s:687.83Mbps, rtt :8.17ms cwnd: 274.6 lossRate: 0.0020904466587694237 CC:21 score:0.44 
1660802760.780111 -- INFO: score [0.61, 0.54, 0.44] ******
1660802760.781973 -- INFO: action array from actor 0.30517563223838806 and action is 21 ******
1660802760.782125 -- INFO: Changing concurrency to 21 ******
1660802760.799156 -- INFO: Process Status Bits from change concurrency are: 1 1 1 1 1 1 1 1 1 1 1 1 1 1 1 1 1 1 1 1 1 0 0 0 0 0 0 0 0 0 0 0
1660802760.800584 -- INFO: Active CC: 21
1660802760.886774 -- INFO: Throughput @74.3s:678.99Mbps, rtt :7.99ms cwnd: 274.6 lossRate: 0.0 CC:21 score:0.45 
1660802761.874465 -- INFO: Throughput @75.3s:698.3Mbps, rtt :7.27ms cwnd: 272.1 lossRate: 3.4462556432436155e-05 CC:21 score:0.46 
1660802762.896509 -- INFO: Throughput @76.3s:666.97Mbps, rtt :7.16ms cwnd: 272.1 lossRate: 0.0 CC:21 score:0.44 
1660802763.892531 -- INFO: Throughput @77.3s:685.34Mbps, rtt :7.44ms cwnd: 271.4 lossRate: 0.00015375941776433807 CC:21 score:0.45 
1660802764.302164 -- INFO: score [0.46, 0.44, 0.45] ******
1660802764.304364 -- INFO: action array from actor 0.9130882620811462 and action is 31 ******
1660802764.304573 -- INFO: Changing concurrency to 31 ******
1660802764.305268 -- INFO: Process Status Bits from change concurrency are: 1 1 1 1 1 1 1 1 1 1 1 1 1 1 1 1 1 1 1 1 1 1 1 1 1 1 1 1 1 1 1 0
1660802764.305671 -- INFO: Start Process :: 21
1660802764.305899 -- INFO: Start Process :: 23
1660802764.306225 -- INFO: Active CC: 31
1660802764.306788 -- INFO: Start Process :: 22
1660802764.307423 -- INFO: Process 23 get item 27 from queue and executing
1660802764.307612 -- INFO: Process 21 get item 28 from queue and executing
1660802764.308097 -- INFO: starting 21, 28, /home/hjamil/Documents/files_bash/FILE18
1660802764.307785 -- INFO: starting 23, 27, /home/hjamil/Documents/files_bash/FILE26
1660802764.309018 -- INFO: Process 22 get item 29 from queue and executing
1660802764.309608 -- INFO: starting 22, 29, /home/hjamil/Documents/files_bash/FILE0
1660802764.316723 -- INFO: Start Process :: 25
1660802764.317146 -- INFO: Start Process :: 30
1660802764.318914 -- INFO: Start Process :: 28
1660802764.319815 -- INFO: Process 25 get item 30 from queue and executing
1660802764.320241 -- INFO: starting 25, 30, /home/hjamil/Documents/files_bash/FILE16
1660802764.324983 -- INFO: Process 30 get item 31 from queue and executing
1660802764.325748 -- INFO: starting 30, 31, /home/hjamil/Documents/files_bash/FILE19
1660802764.326073 -- INFO: Start Process :: 29
1660802764.328233 -- INFO: Process 29 get item 20 from queue and executing
1660802764.328447 -- INFO: starting 29, 20, /home/hjamil/Documents/files_bash/FILE15
1660802764.330316 -- INFO: Process 28 get item 23 from queue and executing
1660802764.330557 -- INFO: starting 28, 23, /home/hjamil/Documents/files_bash/FILE10
1660802764.331754 -- INFO: Start Process :: 26
1660802764.333907 -- INFO: Process 26 get item 21 from queue and executing
1660802764.335366 -- INFO: starting 26, 21, /home/hjamil/Documents/files_bash/FILE21
1660802764.339463 -- INFO: Start Process :: 27
1660802764.339706 -- INFO: Start Process :: 24
1660802764.341888 -- INFO: Process 24 get item 24 from queue and executing
1660802764.342134 -- INFO: starting 24, 24, /home/hjamil/Documents/files_bash/FILE12
1660802764.343584 -- INFO: Process 27 get item 26 from queue and executing
1660802764.343832 -- INFO: starting 27, 26, /home/hjamil/Documents/files_bash/FILE27
1660802764.874365 -- INFO: Throughput @78.3s:735.44Mbps, rtt :7.2ms cwnd: 213.3 lossRate: 0.0015510457313588793 CC:31 score:0.39 
1660802765.874859 -- INFO: Throughput @79.3s:733.47Mbps, rtt :7.32ms cwnd: 210.6 lossRate: 0.0007956442378196228 CC:31 score:0.39 
1660802766.877961 -- INFO: Throughput @80.3s:752.15Mbps, rtt :7.07ms cwnd: 209.2 lossRate: 0.00037157454714352065 CC:31 score:0.4 
1660802767.807932 -- INFO: score [0.39, 0.39, 0.4] ******
1660802767.810520 -- INFO: action array from actor 0.3073174059391022 and action is 21 ******
1660802767.810727 -- INFO: Changing concurrency to 21 ******
1660802767.811170 -- INFO: Process Status Bits from change concurrency are: 1 1 1 1 1 1 1 1 1 1 1 1 1 1 1 1 1 1 1 1 1 0 0 0 0 0 0 0 0 0 0 0
1660802767.811607 -- INFO: Active CC: 21
1660802767.904086 -- INFO: Throughput @81.3s:761.8Mbps, rtt :6.72ms cwnd: 208.2 lossRate: 0.00041622346575405817 CC:21 score:0.5 
1660802768.922030 -- INFO: Throughput @82.3s:636.65Mbps, rtt :6.18ms cwnd: 251.8 lossRate: 0 CC:21 score:0.42 
1660802769.914096 -- INFO: Throughput @83.3s:686.13Mbps, rtt :5.96ms cwnd: 251.8 lossRate: 0.0 CC:21 score:0.45 
1660802770.914597 -- INFO: Throughput @84.3s:707.64Mbps, rtt :6.61ms cwnd: 251.9 lossRate: 0.0 CC:21 score:0.47 
1660802771.313122 -- INFO: score [0.42, 0.45, 0.47] ******
1660802771.315869 -- INFO: action array from actor 0.8250927925109863 and action is 29 ******
1660802771.317214 -- INFO: Changing concurrency to 29 ******
1660802771.319338 -- INFO: Start Process :: 28
1660802771.319226 -- INFO: Start Process :: 23
1660802771.319413 -- INFO: Start Process :: 22
1660802771.319704 -- INFO: Start Process :: 25
1660802771.319662 -- INFO: Start Process :: 27
1660802771.319784 -- INFO: Start Process :: 26
1660802771.319419 -- INFO: Process Status Bits from change concurrency are: 1 1 1 1 1 1 1 1 1 1 1 1 1 1 1 1 1 1 1 1 1 1 1 1 1 1 1 1 1 0 0 0
1660802771.320480 -- INFO: Active CC: 29
1660802771.321150 -- INFO: Process 28 get item 25 from queue and executing
1660802771.321478 -- INFO: Process 27 get item 21 from queue and executing
1660802771.320482 -- INFO: Start Process :: 24
1660802771.321720 -- INFO: starting 28, 25, /home/hjamil/Documents/files_bash/FILE28
1660802771.321891 -- INFO: starting 27, 21, /home/hjamil/Documents/files_bash/FILE21
1660802771.322467 -- INFO: Process 23 get item 23 from queue and executing
1660802771.322747 -- INFO: starting 23, 23, /home/hjamil/Documents/files_bash/FILE10
1660802771.325817 -- INFO: Process 25 get item 24 from queue and executing
1660802771.326131 -- INFO: starting 25, 24, /home/hjamil/Documents/files_bash/FILE12
1660802771.327019 -- INFO: Start Process :: 21
1660802771.330389 -- INFO: Process 22 get item 31 from queue and executing
1660802771.330544 -- INFO: Process 26 get item 28 from queue and executing
1660802771.328139 -- INFO: Process 24 get item 29 from queue and executing
1660802771.331455 -- INFO: starting 26, 28, /home/hjamil/Documents/files_bash/FILE18
1660802771.331865 -- INFO: starting 22, 31, /home/hjamil/Documents/files_bash/FILE19
1660802771.332822 -- INFO: starting 24, 29, /home/hjamil/Documents/files_bash/FILE0
1660802771.342898 -- INFO: Process 21 get item 27 from queue and executing
1660802771.343210 -- INFO: starting 21, 27, /home/hjamil/Documents/files_bash/FILE26
1660802771.880307 -- INFO: Throughput @85.3s:697.35Mbps, rtt :6.78ms cwnd: 211.3 lossRate: 0.00035900504316608255 CC:29 score:0.39 
1660802772.886629 -- INFO: Throughput @86.3s:726.46Mbps, rtt :6.39ms cwnd: 210.1 lossRate: 0.000594053047331578 CC:29 score:0.4 
1660802773.899965 -- INFO: Throughput @87.3s:713.58Mbps, rtt :6.55ms cwnd: 210.1 lossRate: 0.0 CC:29 score:0.4 
1660802774.821614 -- INFO: score [0.39, 0.4, 0.4] ******
1660802774.823324 -- INFO: action array from actor 0.30636194348335266 and action is 21 ******
1660802774.823467 -- INFO: Changing concurrency to 21 ******
1660802774.825150 -- INFO: Process Status Bits from change concurrency are: 1 1 1 1 1 1 1 1 1 1 1 1 1 1 1 1 1 1 1 1 1 0 0 0 0 0 0 0 0 0 0 0
1660802774.825681 -- INFO: Active CC: 21
1660802774.902058 -- INFO: Throughput @88.3s:708.55Mbps, rtt :6.63ms cwnd: 208.2 lossRate: 0.00046645542133792284 CC:21 score:0.46 
1660802775.894033 -- INFO: Throughput @89.3s:683.83Mbps, rtt :5.57ms cwnd: 244.0 lossRate: 0 CC:21 score:0.45 
1660802776.890329 -- INFO: Throughput @90.3s:661.46Mbps, rtt :5.87ms cwnd: 244.6 lossRate: 0.0 CC:21 score:0.44 
1660802777.907980 -- INFO: Throughput @91.3s:679.91Mbps, rtt :5.79ms cwnd: 243.8 lossRate: 0.0001867572156196944 CC:21 score:0.45 
1660802778.326878 -- INFO: score [0.45, 0.44, 0.45] ******
1660802778.329072 -- INFO: action array from actor 0.5185751914978027 and action is 25 ******
1660802778.329616 -- INFO: Changing concurrency to 25 ******
1660802778.330454 -- INFO: Process Status Bits from change concurrency are: 1 1 1 1 1 1 1 1 1 1 1 1 1 1 1 1 1 1 1 1 1 1 1 1 1 0 0 0 0 0 0 0
1660802778.330754 -- INFO: Start Process :: 22
1660802778.331036 -- INFO: Start Process :: 23
1660802778.331108 -- INFO: Start Process :: 21
1660802778.331603 -- INFO: Active CC: 25
1660802778.332284 -- INFO: Process 22 get item 30 from queue and executing
1660802778.332646 -- INFO: starting 22, 30, /home/hjamil/Documents/files_bash/FILE16
1660802778.334391 -- INFO: Process 21 get item 20 from queue and executing
1660802778.334635 -- INFO: Start Process :: 24
1660802778.334640 -- INFO: Process 23 get item 26 from queue and executing
1660802778.334908 -- INFO: starting 23, 26, /home/hjamil/Documents/files_bash/FILE27
1660802778.334996 -- INFO: starting 21, 20, /home/hjamil/Documents/files_bash/FILE15
1660802778.336230 -- INFO: Process 24 get item 21 from queue and executing
1660802778.336799 -- INFO: starting 24, 21, /home/hjamil/Documents/files_bash/FILE21
1660802778.899143 -- INFO: Throughput @92.4s:645.67Mbps, rtt :6.15ms cwnd: 224.7 lossRate: 0.0 CC:25 score:0.39 
1660802779.911674 -- INFO: Throughput @93.4s:713.46Mbps, rtt :6.15ms cwnd: 224.1 lossRate: 0.00027341739577972207 CC:25 score:0.43 
1660802780.917324 -- INFO: Throughput @94.4s:700.56Mbps, rtt :6.32ms cwnd: 224.1 lossRate: 0.0 CC:25 score:0.43 
1660802781.832718 -- INFO: score [0.39, 0.43, 0.43] ******
1660802781.834631 -- INFO: action array from actor 0.6056418418884277 and action is 26 ******
1660802781.834832 -- INFO: Changing concurrency to 26 ******
1660802781.836217 -- INFO: Process Status Bits from change concurrency are: 1 1 1 1 1 1 1 1 1 1 1 1 1 1 1 1 1 1 1 1 1 1 1 1 1 1 0 0 0 0 0 0
1660802781.836596 -- INFO: Start Process :: 25
1660802781.837172 -- INFO: Active CC: 26
1660802781.838241 -- INFO: Process 25 get item 25 from queue and executing
1660802781.838576 -- INFO: starting 25, 25, /home/hjamil/Documents/files_bash/FILE28
1660802781.888942 -- INFO: Throughput @95.4s:731.13Mbps, rtt :6.22ms cwnd: 219.5 lossRate: 0.0 CC:26 score:0.44 
1660802782.903244 -- INFO: Throughput @96.4s:709.93Mbps, rtt :5.94ms cwnd: 219.0 lossRate: 0.00012776491256088796 CC:26 score:0.42 
1660802783.898059 -- INFO: Throughput @97.4s:706.46Mbps, rtt :6.19ms cwnd: 219.6 lossRate: 0.0 CC:26 score:0.42 
1660802784.900737 -- INFO: Throughput @98.4s:733.49Mbps, rtt :6.17ms cwnd: 219.6 lossRate: 0.0 CC:26 score:0.44 
1660802785.338252 -- INFO: score [0.42, 0.42, 0.44] ******
1660802785.339637 -- INFO: action array from actor 0.307263046503067 and action is 21 ******
1660802785.339871 -- INFO: Changing concurrency to 21 ******
1660802785.340488 -- INFO: Process Status Bits from change concurrency are: 1 1 1 1 1 1 1 1 1 1 1 1 1 1 1 1 1 1 1 1 1 0 0 0 0 0 0 0 0 0 0 0
1660802785.341316 -- INFO: Active CC: 21
1660802785.901954 -- INFO: Throughput @99.4s:682.56Mbps, rtt :5.76ms cwnd: 242.7 lossRate: 0 CC:21 score:0.45 
1660802786.910974 -- INFO: Throughput @100.4s:676.02Mbps, rtt :5.86ms cwnd: 242.7 lossRate: 0.0 CC:21 score:0.45 
1660802787.925721 -- INFO: Throughput @101.4s:668.94Mbps, rtt :5.75ms cwnd: 242.7 lossRate: 0.0 CC:21 score:0.44 
1660802788.842353 -- INFO: score [0.45, 0.45, 0.44] ******
1660802788.844283 -- INFO: action array from actor 0.616491436958313 and action is 26 ******
1660802788.844560 -- INFO: Changing concurrency to 26 ******
1660802788.845336 -- INFO: Process Status Bits from change concurrency are: 1 1 1 1 1 1 1 1 1 1 1 1 1 1 1 1 1 1 1 1 1 1 1 1 1 1 0 0 0 0 0 0
1660802788.845352 -- INFO: Start Process :: 21
1660802788.845551 -- INFO: Start Process :: 23
1660802788.845809 -- INFO: Start Process :: 24
1660802788.845834 -- INFO: Start Process :: 22
1660802788.845974 -- INFO: Start Process :: 25
1660802788.846828 -- INFO: Active CC: 26
1660802788.847555 -- INFO: Process 25 get item 23 from queue and executing
1660802788.847884 -- INFO: starting 25, 23, /home/hjamil/Documents/files_bash/FILE10
1660802788.847934 -- INFO: Process 21 get item 27 from queue and executing
1660802788.848248 -- INFO: starting 21, 27, /home/hjamil/Documents/files_bash/FILE26
1660802788.850045 -- INFO: Process 22 get item 29 from queue and executing
1660802788.850653 -- INFO: starting 22, 29, /home/hjamil/Documents/files_bash/FILE0
1660802788.851128 -- INFO: Process 23 get item 31 from queue and executing
1660802788.851433 -- INFO: starting 23, 31, /home/hjamil/Documents/files_bash/FILE19
1660802788.850665 -- INFO: Process 24 get item 24 from queue and executing
1660802788.852810 -- INFO: starting 24, 24, /home/hjamil/Documents/files_bash/FILE12
1660802788.913995 -- INFO: Throughput @102.4s:681.62Mbps, rtt :6.12ms cwnd: 217.8 lossRate: 0.0 CC:26 score:0.41 
1660802789.922784 -- INFO: Throughput @103.4s:723.71Mbps, rtt :6.25ms cwnd: 217.7 lossRate: 0.000307189859501059 CC:26 score:0.43 
1660802790.937992 -- INFO: Throughput @104.4s:727.69Mbps, rtt :6.22ms cwnd: 217.4 lossRate: 0.0001785482404882483 CC:26 score:0.43 
1660802791.927040 -- INFO: Throughput @105.4s:688.53Mbps, rtt :6.11ms cwnd: 216.9 lossRate: 0.00014786823297461595 CC:26 score:0.41 
1660802792.348217 -- INFO: score [0.43, 0.43, 0.41] ******
1660802792.350627 -- INFO: action array from actor 0.3073209524154663 and action is 21 ******
1660802792.350948 -- INFO: Changing concurrency to 21 ******
1660802792.351991 -- INFO: Process Status Bits from change concurrency are: 1 1 1 1 1 1 1 1 1 1 1 1 1 1 1 1 1 1 1 1 1 0 0 0 0 0 0 0 0 0 0 0
1660802792.352868 -- INFO: Active CC: 21
1660802792.898776 -- INFO: Throughput @106.4s:703.77Mbps, rtt :5.91ms cwnd: 239.8 lossRate: 0.0005606428704914969 CC:21 score:0.46 
1660802793.923946 -- INFO: Throughput @107.4s:662.18Mbps, rtt :5.67ms cwnd: 239.2 lossRate: 0.0001837068706369618 CC:21 score:0.44 
1660802794.916674 -- INFO: Throughput @108.4s:675.07Mbps, rtt :5.79ms cwnd: 239.3 lossRate: 0.0 CC:21 score:0.45 
1660802795.854184 -- INFO: score [0.46, 0.44, 0.45] ******
1660802795.856027 -- INFO: action array from actor 0.5178021192550659 and action is 25 ******
1660802795.856173 -- INFO: Changing concurrency to 25 ******
1660802795.857301 -- INFO: Start Process :: 21
1660802795.857503 -- INFO: Start Process :: 24
1660802795.857498 -- INFO: Start Process :: 22
1660802795.857372 -- INFO: Start Process :: 23
1660802795.858059 -- INFO: Process Status Bits from change concurrency are: 1 1 1 1 1 1 1 1 1 1 1 1 1 1 1 1 1 1 1 1 1 1 1 1 1 0 0 0 0 0 0 0
1660802795.859317 -- INFO: Active CC: 25
1660802795.859697 -- INFO: Process 24 get item 26 from queue and executing
1660802795.860292 -- INFO: starting 24, 26, /home/hjamil/Documents/files_bash/FILE27
1660802795.859301 -- INFO: Process 22 get item 28 from queue and executing
1660802795.860906 -- INFO: starting 22, 28, /home/hjamil/Documents/files_bash/FILE18
1660802795.859925 -- INFO: Process 21 get item 21 from queue and executing
1660802795.861651 -- INFO: starting 21, 21, /home/hjamil/Documents/files_bash/FILE21
1660802795.860154 -- INFO: Process 23 get item 25 from queue and executing
1660802795.867826 -- INFO: starting 23, 25, /home/hjamil/Documents/files_bash/FILE28
1660802795.913469 -- INFO: Throughput @109.4s:708.06Mbps, rtt :5.99ms cwnd: 220.2 lossRate: 0.0 CC:25 score:0.43 
1660802796.923446 -- INFO: Throughput @110.4s:693.48Mbps, rtt :5.91ms cwnd: 220.7 lossRate: 0.0 CC:25 score:0.42 
1660802797.917589 -- INFO: Throughput @111.4s:697.4Mbps, rtt :6.1ms cwnd: 220.8 lossRate: 0.0 CC:25 score:0.43 
1660802798.919688 -- INFO: Throughput @112.4s:703.74Mbps, rtt :5.87ms cwnd: 220.9 lossRate: 0.0 CC:25 score:0.43 
1660802799.363396 -- INFO: score [0.42, 0.43, 0.43] ******
1660802799.365398 -- INFO: action array from actor 0.30732476711273193 and action is 21 ******
1660802799.365743 -- INFO: Changing concurrency to 21 ******
1660802799.366290 -- INFO: Process Status Bits from change concurrency are: 1 1 1 1 1 1 1 1 1 1 1 1 1 1 1 1 1 1 1 1 1 0 0 0 0 0 0 0 0 0 0 0
1660802799.368457 -- INFO: Active CC: 21
1660802799.911731 -- INFO: Throughput @113.4s:681.61Mbps, rtt :5.4ms cwnd: 239.9 lossRate: 0.0 CC:21 score:0.45 
1660802800.942126 -- INFO: Throughput @114.4s:691.04Mbps, rtt :5.66ms cwnd: 239.9 lossRate: 0.0 CC:21 score:0.46 
1660802801.931422 -- INFO: Throughput @115.4s:673.31Mbps, rtt :5.79ms cwnd: 239.9 lossRate: 0.0 CC:21 score:0.44 
1660802802.869611 -- INFO: score [0.45, 0.46, 0.44] ******
1660802802.871798 -- INFO: action array from actor 0.720936119556427 and action is 28 ******
1660802802.872194 -- INFO: Changing concurrency to 28 ******
1660802802.873456 -- INFO: Process Status Bits from change concurrency are: 1 1 1 1 1 1 1 1 1 1 1 1 1 1 1 1 1 1 1 1 1 1 1 1 1 1 1 1 0 0 0 0
1660802802.873462 -- INFO: Start Process :: 26
1660802802.873627 -- INFO: Start Process :: 23
1660802802.874395 -- INFO: Active CC: 28
1660802802.874488 -- INFO: Start Process :: 21
1660802802.875316 -- INFO: Process 23 get item 30 from queue and executing
1660802802.875622 -- INFO: starting 23, 30, /home/hjamil/Documents/files_bash/FILE16
1660802802.875963 -- INFO: Process 26 get item 20 from queue and executing
1660802802.876015 -- INFO: Start Process :: 27
1660802802.876246 -- INFO: starting 26, 20, /home/hjamil/Documents/files_bash/FILE15
1660802802.876823 -- INFO: Start Process :: 22
1660802802.877286 -- INFO: Start Process :: 24
1660802802.878109 -- INFO: Process 21 get item 31 from queue and executing
1660802802.878376 -- INFO: starting 21, 31, /home/hjamil/Documents/files_bash/FILE19
1660802802.878212 -- INFO: Start Process :: 25
1660802802.878903 -- INFO: Process 27 get item 27 from queue and executing
1660802802.879174 -- INFO: starting 27, 27, /home/hjamil/Documents/files_bash/FILE26
1660802802.879113 -- INFO: Process 22 get item 24 from queue and executing
1660802802.879802 -- INFO: Process 24 get item 23 from queue and executing
1660802802.880353 -- INFO: starting 24, 23, /home/hjamil/Documents/files_bash/FILE10
1660802802.880756 -- INFO: starting 22, 24, /home/hjamil/Documents/files_bash/FILE12
1660802802.881072 -- INFO: Process 25 get item 29 from queue and executing
1660802802.881981 -- INFO: starting 25, 29, /home/hjamil/Documents/files_bash/FILE0
1660802802.920356 -- INFO: Throughput @116.4s:682.65Mbps, rtt :5.97ms cwnd: 207.3 lossRate: 0.0 CC:28 score:0.39 
1660802803.928209 -- INFO: Throughput @117.4s:714.52Mbps, rtt :5.96ms cwnd: 206.0 lossRate: 0.0006839618890073009 CC:28 score:0.41 
1660802804.937520 -- INFO: Throughput @118.4s:726.98Mbps, rtt :5.9ms cwnd: 205.4 lossRate: 0.00022343872193051055 CC:28 score:0.42 
1660802805.921699 -- INFO: Throughput @119.4s:730.78Mbps, rtt :6.0ms cwnd: 205.3 lossRate: 1.6481252575195713e-05 CC:28 score:0.42 
1660802806.375837 -- INFO: score [0.41, 0.42, 0.42] ******
1660802806.378294 -- INFO: action array from actor 0.3070262670516968 and action is 21 ******
1660802806.378644 -- INFO: Changing concurrency to 21 ******
1660802806.379669 -- INFO: Process Status Bits from change concurrency are: 1 1 1 1 1 1 1 1 1 1 1 1 1 1 1 1 1 1 1 1 1 0 0 0 0 0 0 0 0 0 0 0
1660802806.380195 -- INFO: Active CC: 21
1660802806.937003 -- INFO: Throughput @120.4s:678.73Mbps, rtt :5.47ms cwnd: 236.1 lossRate: 0.0011043622308117063 CC:21 score:0.44 
1660802807.947238 -- INFO: Throughput @121.4s:682.62Mbps, rtt :5.42ms cwnd: 236.5 lossRate: 0.0 CC:21 score:0.45 
1660802808.951118 -- INFO: Throughput @122.4s:862.23Mbps, rtt :5.31ms cwnd: 240.2 lossRate: 0.0 CC:21 score:0.57 
1660802809.881643 -- INFO: score [0.44, 0.45, 0.57] ******
1660802809.887904 -- INFO: action array from actor 0.6431295275688171 and action is 26 ******
1660802809.888279 -- INFO: Changing concurrency to 26 ******
1660802809.892395 -- INFO: Process Status Bits from change concurrency are: 1 1 1 1 1 1 1 1 1 1 1 1 1 1 1 1 1 1 1 1 1 1 1 1 1 1 0 0 0 0 0 0
1660802809.892563 -- INFO: Start Process :: 23
1660802809.892902 -- INFO: Start Process :: 24
1660802809.893259 -- INFO: Active CC: 26
1660802809.894034 -- INFO: Start Process :: 22
1660802809.894739 -- INFO: Process 23 get item 26 from queue and executing
1660802809.894970 -- INFO: starting 23, 26, /home/hjamil/Documents/files_bash/FILE27
1660802809.895103 -- INFO: Process 24 get item 28 from queue and executing
1660802809.895321 -- INFO: starting 24, 28, /home/hjamil/Documents/files_bash/FILE18
1660802809.896339 -- INFO: Process 22 get item 21 from queue and executing
1660802809.896644 -- INFO: starting 22, 21, /home/hjamil/Documents/files_bash/FILE21
1660802809.903615 -- INFO: Start Process :: 25
1660802809.908142 -- INFO: Process 25 get item 25 from queue and executing
1660802809.908944 -- INFO: starting 25, 25, /home/hjamil/Documents/files_bash/FILE28
1660802809.909671 -- INFO: Start Process :: 21
1660802809.913345 -- INFO: Process 21 get item 27 from queue and executing
1660802809.913797 -- INFO: starting 21, 27, /home/hjamil/Documents/files_bash/FILE26
1660802809.945483 -- INFO: Throughput @123.4s:869.51Mbps, rtt :5.4ms cwnd: 217.5 lossRate: 0.0 CC:26 score:0.52 
1660802810.966833 -- INFO: Throughput @124.4s:950.53Mbps, rtt :5.61ms cwnd: 226.6 lossRate: 0.0 CC:26 score:0.57 
1660802811.947862 -- INFO: Throughput @125.4s:946.69Mbps, rtt :5.02ms cwnd: 227.6 lossRate: 0.0 CC:26 score:0.57 
1660802812.944654 -- INFO: Throughput @126.4s:934.9Mbps, rtt :5.48ms cwnd: 228.4 lossRate: 0.0 CC:26 score:0.56 
1660802813.407306 -- INFO: score [0.57, 0.57, 0.56] ******
1660802813.441531 -- INFO: action array from actor 0.2013169378042221 and action is 20 ******
1660802813.441972 -- INFO: Changing concurrency to 20 ******
1660802813.443488 -- INFO: Process Status Bits from change concurrency are: 1 1 1 1 1 1 1 1 1 1 1 1 1 1 1 1 1 1 1 1 0 0 0 0 0 0 0 0 0 0 0 0
1660802813.446677 -- INFO: Active CC: 20
1660802813.957768 -- INFO: Throughput @127.4s:903.21Mbps, rtt :5.06ms cwnd: 259.8 lossRate: 0 CC:20 score:0.61 
1660802814.950756 -- INFO: Throughput @128.4s:888.46Mbps, rtt :5.09ms cwnd: 272.1 lossRate: 0.0 CC:20 score:0.6 
1660802815.946136 -- INFO: Throughput @129.4s:917.35Mbps, rtt :4.53ms cwnd: 281.8 lossRate: 0.0 CC:20 score:0.62 
1660802816.962457 -- INFO: score [0.61, 0.6, 0.62] ******
1660802816.968002 -- INFO: action array from actor 0.3073193430900574 and action is 21 ******
1660802816.971326 -- INFO: Changing concurrency to 21 ******
1660802816.971838 -- INFO: Process Status Bits from change concurrency are: 1 1 1 1 1 1 1 1 1 1 1 1 1 1 1 1 1 1 1 1 1 0 0 0 0 0 0 0 0 0 0 0
1660802816.981310 -- INFO: Throughput @130.4s:919.37Mbps, rtt :5.75ms cwnd: 289.6 lossRate: 0.0 CC:20 score:0.62 
1660802816.981718 -- INFO: Active CC: 21
1660802816.976554 -- INFO: Start Process :: 20
1660802816.987963 -- INFO: Process 20 get item 20 from queue and executing
1660802816.988395 -- INFO: starting 20, 20, /home/hjamil/Documents/files_bash/FILE15
1660802817.971668 -- INFO: Throughput @131.4s:936.54Mbps, rtt :6.57ms cwnd: 285.2 lossRate: 0.0 CC:21 score:0.62 
1660802818.994905 -- INFO: Throughput @132.4s:912.94Mbps, rtt :5.45ms cwnd: 288.0 lossRate: 0.0 CC:21 score:0.6 
1660802819.991838 -- INFO: Throughput @133.4s:936.66Mbps, rtt :6.11ms cwnd: 291.3 lossRate: 0.0 CC:21 score:0.62 
1660802820.490995 -- INFO: score [0.62, 0.6, 0.62] ******
1660802820.499970 -- INFO: action array from actor 0.3073209524154663 and action is 21 ******
1660802820.518798 -- INFO: Changing concurrency to 21 ******
1660802820.530420 -- INFO: Process Status Bits from change concurrency are: 1 1 1 1 1 1 1 1 1 1 1 1 1 1 1 1 1 1 1 1 1 0 0 0 0 0 0 0 0 0 0 0
1660802820.534569 -- INFO: Active CC: 21
1660802820.985787 -- INFO: Throughput @134.4s:925.55Mbps, rtt :6.65ms cwnd: 292.7 lossRate: 0.0 CC:21 score:0.61 
1660802821.987722 -- INFO: Throughput @135.4s:943.46Mbps, rtt :6.38ms cwnd: 294.4 lossRate: 0.0 CC:21 score:0.62 
1660802822.978590 -- INFO: Throughput @136.4s:930.17Mbps, rtt :5.46ms cwnd: 299.8 lossRate: 0.0 CC:21 score:0.61 
1660802824.001806 -- INFO: Throughput @137.4s:923.01Mbps, rtt :6.24ms cwnd: 307.6 lossRate: 0.0 CC:21 score:0.61 
1660802824.046984 -- INFO: score [0.62, 0.61, 0.61] ******
1660802824.048465 -- INFO: action array from actor 0.3073209524154663 and action is 21 ******
1660802824.048735 -- INFO: Changing concurrency to 21 ******
1660802824.055020 -- INFO: Process Status Bits from change concurrency are: 1 1 1 1 1 1 1 1 1 1 1 1 1 1 1 1 1 1 1 1 1 0 0 0 0 0 0 0 0 0 0 0
1660802824.063215 -- INFO: Active CC: 21
1660802825.010673 -- INFO: Throughput @138.4s:932.54Mbps, rtt :5.69ms cwnd: 314.3 lossRate: 0.0 CC:21 score:0.62 
1660802825.963640 -- INFO: Throughput @139.4s:933.64Mbps, rtt :5.59ms cwnd: 317.9 lossRate: 0.0 CC:21 score:0.62 
1660802827.045401 -- INFO: Throughput @140.4s:939.47Mbps, rtt :5.37ms cwnd: 324.7 lossRate: 0.0 CC:21 score:0.62 
1660802827.577575 -- INFO: score [0.62, 0.62, 0.62] ******
1660802827.583670 -- INFO: action array from actor 0.5183036923408508 and action is 25 ******
1660802827.595925 -- INFO: Changing concurrency to 25 ******
1660802827.598373 -- INFO: Process Status Bits from change concurrency are: 1 1 1 1 1 1 1 1 1 1 1 1 1 1 1 1 1 1 1 1 1 1 1 1 1 0 0 0 0 0 0 0
1660802827.598808 -- INFO: Start Process :: 21
1660802827.599588 -- INFO: Start Process :: 23
1660802827.599808 -- INFO: Start Process :: 22
1660802827.600310 -- INFO: Start Process :: 24
1660802827.601808 -- INFO: Active CC: 25
1660802827.602841 -- INFO: Process 21 get item 30 from queue and executing
1660802827.604121 -- INFO: starting 21, 30, /home/hjamil/Documents/files_bash/FILE16
1660802827.603100 -- INFO: Process 22 get item 29 from queue and executing
1660802827.604981 -- INFO: starting 22, 29, /home/hjamil/Documents/files_bash/FILE0
1660802827.603265 -- INFO: Process 23 get item 31 from queue and executing
1660802827.605573 -- INFO: starting 23, 31, /home/hjamil/Documents/files_bash/FILE19
1660802827.603783 -- INFO: Process 24 get item 24 from queue and executing
1660802827.606755 -- INFO: starting 24, 24, /home/hjamil/Documents/files_bash/FILE12
1660802827.972135 -- INFO: Throughput @141.4s:971.2Mbps, rtt :7.77ms cwnd: 284.3 lossRate: 0.001693284587261882 CC:25 score:0.58 
1660802828.983519 -- INFO: Throughput @142.4s:1016.0Mbps, rtt :7.24ms cwnd: 270.6 lossRate: 0.0016531447900506116 CC:25 score:0.6 
1660802829.967562 -- INFO: Throughput @143.4s:934.34Mbps, rtt :7.36ms cwnd: 265.3 lossRate: 0.0006267358124216581 CC:25 score:0.56 
1660802830.962523 -- INFO: Throughput @144.4s:928.87Mbps, rtt :7.06ms cwnd: 262.6 lossRate: 0.0005117068543757176 CC:25 score:0.56 
1660802831.103263 -- INFO: score [0.6, 0.56, 0.56] ******
1660802831.105559 -- INFO: action array from actor 0.3073209524154663 and action is 21 ******
1660802831.105981 -- INFO: Changing concurrency to 21 ******
1660802831.111363 -- INFO: Process Status Bits from change concurrency are: 1 1 1 1 1 1 1 1 1 1 1 1 1 1 1 1 1 1 1 1 1 0 0 0 0 0 0 0 0 0 0 0
1660802831.112189 -- INFO: Active CC: 21
1660802831.959482 -- INFO: Throughput @145.4s:891.66Mbps, rtt :6.32ms cwnd: 282.6 lossRate: 0.0005001945200911466 CC:21 score:0.58 
1660802833.018917 -- INFO: Throughput @146.4s:916.16Mbps, rtt :6.86ms cwnd: 284.4 lossRate: 0.0 CC:21 score:0.6 
1660802833.987568 -- INFO: Throughput @147.4s:938.19Mbps, rtt :4.87ms cwnd: 285.1 lossRate: 0.0 CC:21 score:0.62 
1660802834.633844 -- INFO: score [0.58, 0.6, 0.62] ******
1660802834.640761 -- INFO: action array from actor 0.26946309208869934 and action is 21 ******
1660802834.644918 -- INFO: Changing concurrency to 21 ******
1660802834.659278 -- INFO: Process Status Bits from change concurrency are: 1 1 1 1 1 1 1 1 1 1 1 1 1 1 1 1 1 1 1 1 1 0 0 0 0 0 0 0 0 0 0 0
1660802834.660142 -- INFO: Active CC: 21
1660802835.022829 -- INFO: Throughput @148.4s:919.97Mbps, rtt :5.99ms cwnd: 286.1 lossRate: 0.0 CC:21 score:0.61 
1660802835.988085 -- INFO: Throughput @149.4s:935.43Mbps, rtt :6.3ms cwnd: 289.9 lossRate: 0.0 CC:21 score:0.62 
1660802836.994303 -- INFO: Throughput @150.4s:928.93Mbps, rtt :5.45ms cwnd: 290.4 lossRate: 0.0 CC:21 score:0.61 
1660802838.028365 -- INFO: Throughput @151.4s:946.72Mbps, rtt :6.24ms cwnd: 290.6 lossRate: 0.0 CC:21 score:0.62 
1660802838.168239 -- INFO: score [0.62, 0.61, 0.62] ******
1660802838.176832 -- INFO: action array from actor 0.3073209226131439 and action is 21 ******
1660802838.188588 -- INFO: Changing concurrency to 21 ******
1660802838.191033 -- INFO: Process Status Bits from change concurrency are: 1 1 1 1 1 1 1 1 1 1 1 1 1 1 1 1 1 1 1 1 1 0 0 0 0 0 0 0 0 0 0 0
1660802838.193484 -- INFO: Active CC: 21
1660802839.003180 -- INFO: Throughput @152.4s:925.32Mbps, rtt :5.97ms cwnd: 291.1 lossRate: 0.0 CC:21 score:0.61 
1660802840.014407 -- INFO: Throughput @153.4s:921.05Mbps, rtt :6.83ms cwnd: 291.4 lossRate: 0.0 CC:21 score:0.61 
1660802841.023928 -- INFO: Throughput @154.4s:948.82Mbps, rtt :5.76ms cwnd: 291.5 lossRate: 0.0 CC:21 score:0.63 
1660802841.713452 -- INFO: score [0.61, 0.61, 0.63] ******
1660802841.721642 -- INFO: action array from actor 0.3073209226131439 and action is 21 ******
1660802841.722371 -- INFO: Changing concurrency to 21 ******
1660802841.730748 -- INFO: Process Status Bits from change concurrency are: 1 1 1 1 1 1 1 1 1 1 1 1 1 1 1 1 1 1 1 1 1 0 0 0 0 0 0 0 0 0 0 0
1660802841.731839 -- INFO: Active CC: 21
1660802841.997078 -- INFO: Throughput @155.4s:914.95Mbps, rtt :6.38ms cwnd: 292.6 lossRate: 0.0 CC:21 score:0.6 
1660802842.994295 -- INFO: Throughput @156.4s:945.52Mbps, rtt :6.24ms cwnd: 292.9 lossRate: 0.0 CC:21 score:0.62 
1660802844.017158 -- INFO: Throughput @157.4s:914.41Mbps, rtt :5.94ms cwnd: 293.9 lossRate: 0.0 CC:21 score:0.6 
1660802845.050673 -- INFO: Throughput @158.4s:929.33Mbps, rtt :6.02ms cwnd: 294.6 lossRate: 0.0 CC:21 score:0.61 
1660802845.239382 -- INFO: score [0.62, 0.6, 0.61] ******
1660802845.256611 -- INFO: action array from actor 0.3073209524154663 and action is 21 ******
1660802845.270603 -- INFO: Changing concurrency to 21 ******
1660802845.271139 -- INFO: Process Status Bits from change concurrency are: 1 1 1 1 1 1 1 1 1 1 1 1 1 1 1 1 1 1 1 1 1 0 0 0 0 0 0 0 0 0 0 0
1660802845.271646 -- INFO: Active CC: 21
1660802846.030597 -- INFO: Throughput @159.4s:903.76Mbps, rtt :6.52ms cwnd: 308.8 lossRate: 0.0 CC:21 score:0.6 
1660802847.046809 -- INFO: Throughput @160.4s:944.67Mbps, rtt :5.85ms cwnd: 312.4 lossRate: 0.0 CC:21 score:0.62 
1660802848.010751 -- INFO: Throughput @161.4s:936.28Mbps, rtt :7.19ms cwnd: 315.9 lossRate: 0.0 CC:21 score:0.62 
1660802848.793942 -- INFO: score [0.6, 0.62, 0.62] ******
1660802848.798117 -- INFO: action array from actor 0.7160279750823975 and action is 28 ******
1660802848.819257 -- INFO: Changing concurrency to 28 ******
1660802848.821016 -- INFO: Process Status Bits from change concurrency are: 1 1 1 1 1 1 1 1 1 1 1 1 1 1 1 1 1 1 1 1 1 1 1 1 1 1 1 1 0 0 0 0
1660802848.821526 -- INFO: Start Process :: 22
1660802848.821911 -- INFO: Start Process :: 24
1660802848.822556 -- INFO: Start Process :: 21
1660802848.822873 -- INFO: Start Process :: 26
1660802848.822966 -- INFO: Start Process :: 25
1660802848.824367 -- INFO: Start Process :: 23
1660802848.824582 -- INFO: Process 22 get item 23 from queue and executing
1660802848.826441 -- INFO: starting 22, 23, /home/hjamil/Documents/files_bash/FILE10
1660802848.827821 -- INFO: Process 25 get item 26 from queue and executing
1660802848.829202 -- INFO: Process 21 get item 21 from queue and executing
1660802848.829640 -- INFO: Process 26 get item 22 from queue and executing
1660802848.825903 -- INFO: Process 24 get item 28 from queue and executing
1660802848.830209 -- INFO: Active CC: 28
1660802848.830522 -- INFO: Start Process :: 27
1660802848.835631 -- INFO: starting 26, 22, /home/hjamil/Documents/files_bash/FILE9
1660802848.836009 -- INFO: starting 21, 21, /home/hjamil/Documents/files_bash/FILE21
1660802848.845612 -- INFO: Process 23 get item 25 from queue and executing
1660802848.839833 -- INFO: starting 25, 26, /home/hjamil/Documents/files_bash/FILE27
1660802848.830933 -- INFO: starting 24, 28, /home/hjamil/Documents/files_bash/FILE18
1660802848.850390 -- INFO: Process 27 get item 27 from queue and executing
1660802848.851097 -- INFO: starting 27, 27, /home/hjamil/Documents/files_bash/FILE26
1660802848.851964 -- INFO: starting 23, 25, /home/hjamil/Documents/files_bash/FILE28
1660802849.014124 -- INFO: Throughput @162.4s:950.96Mbps, rtt :7.43ms cwnd: 278.3 lossRate: 0.0 CC:28 score:0.55 
1660802849.983984 -- INFO: Throughput @163.4s:1048.94Mbps, rtt :8.27ms cwnd: 261.8 lossRate: 0.0014340283506135865 CC:28 score:0.59 
1660802850.990324 -- INFO: Throughput @164.4s:942.78Mbps, rtt :7.92ms cwnd: 250.4 lossRate: 0.0012270390321116114 CC:28 score:0.53 
1660802851.998810 -- INFO: Throughput @165.4s:949.39Mbps, rtt :7.2ms cwnd: 245.8 lossRate: 0.0011062354806593163 CC:28 score:0.53 
1660802852.345648 -- INFO: score [0.59, 0.53, 0.53] ******
1660802852.348246 -- INFO: action array from actor 0.3073209524154663 and action is 21 ******
1660802852.356931 -- INFO: Changing concurrency to 21 ******
1660802852.359551 -- INFO: Process Status Bits from change concurrency are: 1 1 1 1 1 1 1 1 1 1 1 1 1 1 1 1 1 1 1 1 1 0 0 0 0 0 0 0 0 0 0 0
1660802852.360109 -- INFO: Active CC: 21
1660802853.036377 -- INFO: Throughput @166.4s:898.37Mbps, rtt :6.17ms cwnd: 276.5 lossRate: 0.0 CC:21 score:0.59 
1660802854.031659 -- INFO: Throughput @167.4s:871.11Mbps, rtt :5.67ms cwnd: 279.7 lossRate: 0.0 CC:21 score:0.57 
1660802854.987449 -- INFO: Throughput @168.4s:929.26Mbps, rtt :5.62ms cwnd: 281.3 lossRate: 0.0 CC:21 score:0.61 
1660802855.861204 -- INFO: score [0.59, 0.57, 0.61] ******
1660802855.863256 -- INFO: action array from actor 0.30732160806655884 and action is 21 ******
1660802855.863662 -- INFO: Changing concurrency to 21 ******
1660802855.873560 -- INFO: Process Status Bits from change concurrency are: 1 1 1 1 1 1 1 1 1 1 1 1 1 1 1 1 1 1 1 1 1 0 0 0 0 0 0 0 0 0 0 0
1660802855.876998 -- INFO: Active CC: 21
1660802856.021618 -- INFO: Throughput @169.4s:935.63Mbps, rtt :6.06ms cwnd: 283.0 lossRate: 0.0 CC:21 score:0.62 
1660802857.010456 -- INFO: Throughput @170.4s:919.86Mbps, rtt :6.25ms cwnd: 283.5 lossRate: 0.0 CC:21 score:0.61 
1660802858.031539 -- INFO: Throughput @171.4s:934.21Mbps, rtt :5.55ms cwnd: 284.0 lossRate: 0.0 CC:21 score:0.62 
1660802858.999738 -- INFO: Throughput @172.4s:943.57Mbps, rtt :5.71ms cwnd: 285.7 lossRate: 0.0 CC:21 score:0.62 
1660802859.409104 -- INFO: score [0.61, 0.62, 0.62] ******
1660802859.411495 -- INFO: action array from actor 0.307306170463562 and action is 21 ******
1660802859.419092 -- INFO: Changing concurrency to 21 ******
1660802859.426383 -- INFO: Process Status Bits from change concurrency are: 1 1 1 1 1 1 1 1 1 1 1 1 1 1 1 1 1 1 1 1 1 0 0 0 0 0 0 0 0 0 0 0
1660802859.427516 -- INFO: Active CC: 21
1660802860.004126 -- INFO: Throughput @173.4s:931.04Mbps, rtt :6.46ms cwnd: 285.8 lossRate: 0.0 CC:21 score:0.61 
1660802861.010862 -- INFO: Throughput @174.4s:938.4Mbps, rtt :5.77ms cwnd: 286.8 lossRate: 0.0 CC:21 score:0.62 
1660802862.011628 -- INFO: Throughput @175.4s:925.41Mbps, rtt :6.17ms cwnd: 287.0 lossRate: 0.0 CC:21 score:0.61 
1660802862.935319 -- INFO: score [0.61, 0.62, 0.61] ******
1660802862.942521 -- INFO: action array from actor 0.3073209524154663 and action is 21 ******
1660802862.942892 -- INFO: Changing concurrency to 21 ******
1660802862.950659 -- INFO: Process Status Bits from change concurrency are: 1 1 1 1 1 1 1 1 1 1 1 1 1 1 1 1 1 1 1 1 1 0 0 0 0 0 0 0 0 0 0 0
1660802862.951624 -- INFO: Active CC: 21
1660802863.040993 -- INFO: Throughput @176.4s:939.19Mbps, rtt :5.94ms cwnd: 287.2 lossRate: 0.0002356969185729172 CC:21 score:0.62 
1660802864.009831 -- INFO: Throughput @177.4s:915.4Mbps, rtt :6.01ms cwnd: 289.9 lossRate: 0.0 CC:21 score:0.6 
1660802865.025091 -- INFO: Throughput @178.4s:913.71Mbps, rtt :6.9ms cwnd: 291.5 lossRate: 0.0 CC:21 score:0.6 
1660802866.037858 -- INFO: Throughput @179.4s:929.07Mbps, rtt :5.81ms cwnd: 294.5 lossRate: 0.0 CC:21 score:0.61 
1660802866.466958 -- INFO: score [0.6, 0.6, 0.61] ******
1660802866.474486 -- INFO: action array from actor 0.3073238134384155 and action is 21 ******
1660802866.474856 -- INFO: Changing concurrency to 21 ******
1660802866.486506 -- INFO: Process Status Bits from change concurrency are: 1 1 1 1 1 1 1 1 1 1 1 1 1 1 1 1 1 1 1 1 1 0 0 0 0 0 0 0 0 0 0 0
1660802866.487175 -- INFO: Active CC: 21
1660802866.992594 -- INFO: Throughput @180.4s:922.37Mbps, rtt :4.77ms cwnd: 305.3 lossRate: 0.0 CC:21 score:0.61 
1660802868.030530 -- INFO: Throughput @181.4s:925.54Mbps, rtt :6.72ms cwnd: 313.7 lossRate: 0.0 CC:21 score:0.61 
1660802869.027485 -- INFO: Throughput @182.4s:945.02Mbps, rtt :4.86ms cwnd: 320.5 lossRate: 0.0 CC:21 score:0.62 
1660802870.015213 -- INFO: score [0.61, 0.61, 0.62] ******
1660802870.016893 -- INFO: action array from actor 0.5180196166038513 and action is 25 ******
1660802870.022539 -- INFO: Changing concurrency to 25 ******
1660802870.032489 -- INFO: Throughput @183.4s:935.64Mbps, rtt :5.26ms cwnd: 328.2 lossRate: 0.0 CC:21 score:0.62 
1660802870.032995 -- INFO: Process Status Bits from change concurrency are: 1 1 1 1 1 1 1 1 1 1 1 1 1 1 1 1 1 1 1 1 1 1 1 1 1 0 0 0 0 0 0 0
1660802870.033503 -- INFO: Start Process :: 21
1660802870.033880 -- INFO: Active CC: 25
1660802870.036196 -- INFO: Process 21 get item 30 from queue and executing
1660802870.036602 -- INFO: starting 21, 30, /home/hjamil/Documents/files_bash/FILE16
1660802870.037169 -- INFO: Start Process :: 23
1660802870.039742 -- INFO: Process 23 get item 24 from queue and executing
1660802870.040047 -- INFO: starting 23, 24, /home/hjamil/Documents/files_bash/FILE12
1660802870.045955 -- INFO: Start Process :: 22
1660802870.045082 -- INFO: Start Process :: 24
1660802870.049596 -- INFO: Process 24 get item 29 from queue and executing
1660802870.049820 -- INFO: starting 24, 29, /home/hjamil/Documents/files_bash/FILE0
1660802870.052667 -- INFO: Process 22 get item 31 from queue and executing
1660802870.052930 -- INFO: starting 22, 31, /home/hjamil/Documents/files_bash/FILE19
1660802871.041517 -- INFO: Throughput @184.4s:1007.46Mbps, rtt :7.92ms cwnd: 280.3 lossRate: 0.0024994868203388194 CC:25 score:0.59 
1660802871.430832 -- INFO: Process 11 finished on working on file 10 
1660802871.448271 -- INFO: Process 11 get item 26 from queue and executing
1660802871.448861 -- INFO: starting 11, 26, /home/hjamil/Documents/files_bash/FILE27
1660802872.024277 -- INFO: Throughput @185.4s:957.25Mbps, rtt :7.35ms cwnd: 272.9 lossRate: 0.0009334712516083458 CC:25 score:0.57 
1660802872.236776 -- INFO: Process 12 finished on working on file 8 
1660802872.253083 -- INFO: Process 12 get item 27 from queue and executing
1660802872.253722 -- INFO: starting 12, 27, /home/hjamil/Documents/files_bash/FILE26
1660802872.254961 -- INFO: Process 4 finished on working on file 2 
1660802872.275785 -- INFO: Process 4 get item 25 from queue and executing
1660802872.276280 -- INFO: starting 4, 25, /home/hjamil/Documents/files_bash/FILE28
1660802873.032716 -- INFO: Throughput @186.4s:938.1Mbps, rtt :7.63ms cwnd: 268.5 lossRate: 0.0003514188536214968 CC:25 score:0.57 
1660802873.536503 -- INFO: score [0.59, 0.57, 0.57] ******
1660802873.543916 -- INFO: action array from actor 0.3073209524154663 and action is 21 ******
1660802873.544686 -- INFO: Changing concurrency to 21 ******
1660802873.545659 -- INFO: Process Status Bits from change concurrency are: 1 1 1 1 1 1 1 1 1 1 1 1 1 1 1 1 1 1 1 1 1 0 0 0 0 0 0 0 0 0 0 0
1660802873.554387 -- INFO: Active CC: 21
1660802873.694360 -- INFO: Process 10 finished on working on file 16 
1660802873.703066 -- INFO: Process 10 get item 21 from queue and executing
1660802873.710523 -- INFO: starting 10, 21, /home/hjamil/Documents/files_bash/FILE21
1660802874.019372 -- INFO: Throughput @187.4s:893.94Mbps, rtt :6.43ms cwnd: 285.4 lossRate: 0.00024342745861733204 CC:21 score:0.59 
1660802875.048432 -- INFO: Throughput @188.4s:924.73Mbps, rtt :5.8ms cwnd: 286.9 lossRate: 0.0 CC:21 score:0.61 
1660802876.038457 -- INFO: Throughput @189.4s:930.87Mbps, rtt :6.33ms cwnd: 287.5 lossRate: 0.00013652554889476362 CC:21 score:0.61 
1660802877.026588 -- INFO: Throughput @190.4s:949.87Mbps, rtt :6.42ms cwnd: 288.8 lossRate: 0.0 CC:21 score:0.63 
1660802877.056108 -- INFO: score [0.61, 0.61, 0.63] ******
1660802877.057927 -- INFO: action array from actor 0.3073168992996216 and action is 21 ******
1660802877.058075 -- INFO: Changing concurrency to 21 ******
1660802877.083141 -- INFO: Process Status Bits from change concurrency are: 1 1 1 1 1 1 1 1 1 1 1 1 1 1 1 1 1 1 1 1 1 0 0 0 0 0 0 0 0 0 0 0
1660802877.083949 -- INFO: Active CC: 21
1660802878.032981 -- INFO: Throughput @191.4s:923.21Mbps, rtt :6.45ms cwnd: 291.5 lossRate: 0.0 CC:21 score:0.61 
1660802879.037806 -- INFO: Throughput @192.4s:930.54Mbps, rtt :6.15ms cwnd: 292.2 lossRate: 0.0 CC:21 score:0.61 
1660802880.019604 -- INFO: Throughput @193.4s:935.74Mbps, rtt :6.78ms cwnd: 292.8 lossRate: 0.0 CC:21 score:0.62 
1660802880.587098 -- INFO: score [0.61, 0.61, 0.62] ******
1660802880.594979 -- INFO: action array from actor 0.3073207437992096 and action is 21 ******
1660802880.604848 -- INFO: Changing concurrency to 21 ******
1660802880.606719 -- INFO: Process Status Bits from change concurrency are: 1 1 1 1 1 1 1 1 1 1 1 1 1 1 1 1 1 1 1 1 1 0 0 0 0 0 0 0 0 0 0 0
1660802880.607214 -- INFO: Active CC: 21
1660802881.067050 -- INFO: Throughput @194.4s:919.45Mbps, rtt :6.91ms cwnd: 296.1 lossRate: 0.0 CC:21 score:0.61 
1660802882.065651 -- INFO: Throughput @195.4s:935.16Mbps, rtt :6.79ms cwnd: 296.3 lossRate: 0.0 CC:21 score:0.62 
1660802882.918334 -- INFO: Process 5 finished on working on file 0 
1660802882.928573 -- INFO: Process 5 get item 22 from queue and executing
1660802882.930268 -- INFO: starting 5, 22, /home/hjamil/Documents/files_bash/FILE9
1660802883.025274 -- INFO: Throughput @196.4s:934.69Mbps, rtt :5.86ms cwnd: 296.7 lossRate: 0.0 CC:21 score:0.62 
1660802883.422300 -- INFO: Process 17 finished on working on file 14 
1660802883.423049 -- INFO: Process 17 get item 28 from queue and executing
1660802883.423577 -- INFO: starting 17, 28, /home/hjamil/Documents/files_bash/FILE18
1660802883.678293 -- INFO: Process 13 finished on working on file 18 
1660802883.678962 -- INFO: Process 13 get item 23 from queue and executing
1660802883.686508 -- INFO: starting 13, 23, /home/hjamil/Documents/files_bash/FILE10
1660802883.966984 -- INFO: Process 2 finished on working on file 19 
1660802883.975313 -- INFO: Process 2 get item 30 from queue and executing
1660802883.976644 -- INFO: starting 2, 30, /home/hjamil/Documents/files_bash/FILE16
1660802884.038258 -- INFO: Throughput @197.4s:930.81Mbps, rtt :6.39ms cwnd: 298.4 lossRate: 0.0 CC:21 score:0.61 
1660802884.108417 -- INFO: score [0.62, 0.62, 0.61] ******
1660802884.110216 -- INFO: action array from actor 0.3073209524154663 and action is 21 ******
1660802884.122524 -- INFO: Changing concurrency to 21 ******
1660802884.134512 -- INFO: Process Status Bits from change concurrency are: 1 1 1 1 1 1 1 1 1 1 1 1 1 1 1 1 1 1 1 1 1 0 0 0 0 0 0 0 0 0 0 0
1660802884.135298 -- INFO: Active CC: 21
1660802885.070777 -- INFO: Throughput @198.4s:932.42Mbps, rtt :6.61ms cwnd: 301.4 lossRate: 0.0 CC:21 score:0.62 
1660802886.026949 -- INFO: Throughput @199.5s:841.29Mbps, rtt :7.07ms cwnd: 303.1 lossRate: 0.0 CC:21 score:0.56 
1660802886.973181 -- INFO: episode expires
1660802886.973211 -- INFO: Process 22 shutdown itself from outest loop
1660802886.973566 -- INFO: Process 25 shutdown itself from outest loop
1660802886.973916 -- INFO: Process 21 shutdown itself from outest loop
1660802886.974154 -- INFO: Process 27 shutdown itself from outest loop
1660802886.973387 -- INFO: Process 31 shutdown itself from outest loop
1660802886.973742 -- INFO: Process 30 shutdown itself from outest loop
1660802886.973806 -- INFO: Process 28 shutdown itself from outest loop
1660802886.973863 -- INFO: Process 24 shutdown itself from outest loop
1660802886.974066 -- INFO: Process 26 shutdown itself from outest loop
1660802886.974295 -- INFO: Process 29 shutdown itself from outest loop
1660802886.974352 -- INFO: Process 23 shutdown itself from outest loop
1660802887.651062 -- INFO: score [0.61, 0.62, 0.56] ******
1660802889.122390 -- INFO: Process 16 finished on working on file 15 
1660802889.131787 -- INFO: Process 16 get item 29 from queue and executing
1660802889.132349 -- INFO: starting 16, 29, /home/hjamil/Documents/files_bash/FILE0
