1660936267.504216 -- INFO: action array from actor 0.5237446427345276 and action is 25 ******
1660936267.504758 -- INFO: Changing concurrency to 25 ******
1660936267.507743 -- INFO: Process Status Bits from change concurrency are: 1 1 1 1 1 1 1 1 1 1 1 1 1 1 1 1 1 1 1 1 1 1 1 1 1 0 0 0 0 0 0 0
1660936267.508419 -- INFO: Start Process :: 1
1660936267.508574 -- INFO: Start Process :: 0
1660936267.508117 -- INFO: Start Process :: 2
1660936267.510104 -- INFO: Active CC: 25
1660936267.510409 -- INFO: Start Process :: 4
1660936267.515029 -- INFO: Start Process :: 3
1660936267.516439 -- INFO: Process 1 get item 0 from queue and executing
1660936267.516287 -- INFO: Start Process :: 5
1660936267.516721 -- INFO: starting 1, 0, /home/hjamil/Documents/files_bash/FILE25
1660936267.517068 -- INFO: Process 0 get item 1 from queue and executing
1660936267.517530 -- INFO: Process 2 get item 2 from queue and executing
1660936267.517357 -- INFO: starting 0, 1, /home/hjamil/Documents/files_bash/FILE1
1660936267.517932 -- INFO: starting 2, 2, /home/hjamil/Documents/files_bash/FILE4
1660936267.519288 -- INFO: Process 5 get item 3 from queue and executing
1660936267.519556 -- INFO: starting 5, 3, /home/hjamil/Documents/files_bash/FILE13
1660936267.520581 -- INFO: Process 4 get item 4 from queue and executing
1660936267.520819 -- INFO: starting 4, 4, /home/hjamil/Documents/files_bash/FILE3
1660936267.521271 -- INFO: Start Process :: 11
1660936267.521996 -- INFO: Process 3 get item 5 from queue and executing
1660936267.522237 -- INFO: starting 3, 5, /home/hjamil/Documents/files_bash/FILE24
1660936267.522490 -- INFO: Process 11 get item 6 from queue and executing
1660936267.522315 -- INFO: Start Process :: 8
1660936267.522696 -- INFO: starting 11, 6, /home/hjamil/Documents/files_bash/FILE2
1660936267.523534 -- INFO: Process 8 get item 7 from queue and executing
1660936267.523769 -- INFO: starting 8, 7, /home/hjamil/Documents/files_bash/FILE20
1660936267.523971 -- INFO: Start Process :: 7
1660936267.526984 -- INFO: Process 7 get item 8 from queue and executing
1660936267.527202 -- INFO: starting 7, 8, /home/hjamil/Documents/files_bash/FILE29
1660936267.542569 -- INFO: Start Process :: 9
1660936267.544088 -- INFO: Start Process :: 10
1660936267.544336 -- INFO: Start Process :: 6
1660936267.545553 -- INFO: Process 6 get item 9 from queue and executing
1660936267.545316 -- INFO: Start Process :: 12
1660936267.545816 -- INFO: starting 6, 9, /home/hjamil/Documents/files_bash/FILE7
1660936267.546001 -- INFO: Process 9 get item 10 from queue and executing
1660936267.546216 -- INFO: starting 9, 10, /home/hjamil/Documents/files_bash/FILE31
1660936267.546624 -- INFO: Process 10 get item 11 from queue and executing
1660936267.546854 -- INFO: starting 10, 11, /home/hjamil/Documents/files_bash/FILE6
1660936267.556048 -- INFO: Start Process :: 13
1660936267.556178 -- INFO: Start Process :: 17
1660936267.557386 -- INFO: Start Process :: 15
1660936267.558121 -- INFO: Process 17 get item 12 from queue and executing
1660936267.558381 -- INFO: starting 17, 12, /home/hjamil/Documents/files_bash/FILE22
1660936267.558430 -- INFO: Process 13 get item 13 from queue and executing
1660936267.558672 -- INFO: starting 13, 13, /home/hjamil/Documents/files_bash/FILE11
1660936267.567322 -- INFO: Start Process :: 14
1660936267.569173 -- INFO: Process 14 get item 14 from queue and executing
1660936267.569376 -- INFO: starting 14, 14, /home/hjamil/Documents/files_bash/FILE30
1660936267.571393 -- INFO: Process 12 get item 15 from queue and executing
1660936267.571731 -- INFO: starting 12, 15, /home/hjamil/Documents/files_bash/FILE5
1660936267.572185 -- INFO: Start Process :: 20
1660936267.572617 -- INFO: Start Process :: 16
1660936267.573415 -- INFO: Process 15 get item 16 from queue and executing
1660936267.573740 -- INFO: Process 20 get item 17 from queue and executing
1660936267.573959 -- INFO: starting 20, 17, /home/hjamil/Documents/files_bash/FILE23
1660936267.574007 -- INFO: starting 15, 16, /home/hjamil/Documents/files_bash/FILE17
1660936267.575177 -- INFO: Process 16 get item 18 from queue and executing
1660936267.586632 -- INFO: starting 16, 18, /home/hjamil/Documents/files_bash/FILE14
1660936267.594813 -- INFO: Start Process :: 21
1660936267.602820 -- INFO: Process 21 get item 19 from queue and executing
1660936267.603083 -- INFO: starting 21, 19, /home/hjamil/Documents/files_bash/FILE8
1660936267.687921 -- INFO: Start Process :: 18
1660936267.691352 -- INFO: Process 18 get item 20 from queue and executing
1660936267.691532 -- INFO: starting 18, 20, /home/hjamil/Documents/files_bash/FILE15
1660936267.715170 -- INFO: Start Process :: 24
1660936267.716383 -- INFO: Process 24 get item 21 from queue and executing
1660936267.716601 -- INFO: starting 24, 21, /home/hjamil/Documents/files_bash/FILE21
1660936267.722916 -- INFO: Start Process :: 23
1660936267.725202 -- INFO: Process 23 get item 22 from queue and executing
1660936267.725386 -- INFO: starting 23, 22, /home/hjamil/Documents/files_bash/FILE9
1660936267.747373 -- INFO: Start Process :: 19
1660936267.748470 -- INFO: Start Process :: 22
1660936267.749496 -- INFO: Process 19 get item 23 from queue and executing
1660936267.749668 -- INFO: starting 19, 23, /home/hjamil/Documents/files_bash/FILE10
1660936267.751112 -- INFO: Process 22 get item 24 from queue and executing
1660936267.751332 -- INFO: starting 22, 24, /home/hjamil/Documents/files_bash/FILE12
1660936267.771523 -- INFO: Throughput @0.1s:293.22Mbps, rtt :3.02ms cwnd: 41.4 lossRate: 0.0 CC:25 score:0.18 
1660936268.566542 -- INFO: Throughput @1.1s:993.17Mbps, rtt :7.37ms cwnd: 71.0 lossRate: 0.0 CC:25 score:0.61 
1660936269.562481 -- INFO: Throughput @2.1s:940.33Mbps, rtt :7.83ms cwnd: 71.2 lossRate: 0.00011214673777600558 CC:25 score:0.57 
1660936270.556975 -- INFO: Throughput @3.1s:951.94Mbps, rtt :7.7ms cwnd: 70.6 lossRate: 0.00011242692250037475 CC:25 score:0.58 
1660936271.012782 -- INFO: score [0.61, 0.57, 0.58] ******
1660936271.015632 -- INFO: action array from actor -0.03441448509693146 and action is 16 ******
1660936271.015825 -- INFO: Changing concurrency to 16 ******
1660936271.016765 -- INFO: Process Status Bits from change concurrency are: 1 1 1 1 1 1 1 1 1 1 1 1 1 1 1 1 0 0 0 0 0 0 0 0 0 0 0 0 0 0 0 0
1660936271.017545 -- INFO: Active CC: 16
1660936271.591555 -- INFO: Throughput @4.1s:851.38Mbps, rtt :2.8ms cwnd: 95.6 lossRate: 0 CC:16 score:0.62 
1660936272.604746 -- INFO: Throughput @5.1s:755.0Mbps, rtt :2.01ms cwnd: 175.0 lossRate: 0.0 CC:16 score:0.55 
1660936273.584628 -- INFO: Throughput @6.1s:740.0Mbps, rtt :3.41ms cwnd: 230.2 lossRate: 0.0 CC:16 score:0.54 
1660936274.523844 -- INFO: score [0.62, 0.55, 0.54] ******
1660936274.532418 -- INFO: action array from actor -0.03441448509693146 and action is 16 ******
1660936274.532567 -- INFO: Changing concurrency to 16 ******
1660936274.542721 -- INFO: Process Status Bits from change concurrency are: 1 1 1 1 1 1 1 1 1 1 1 1 1 1 1 1 0 0 0 0 0 0 0 0 0 0 0 0 0 0 0 0
1660936274.550886 -- INFO: Active CC: 16
1660936274.580683 -- INFO: Throughput @7.1s:745.0Mbps, rtt :2.49ms cwnd: 262.9 lossRate: 0.0 CC:16 score:0.54 
1660936275.588651 -- INFO: Throughput @8.1s:745.0Mbps, rtt :2.99ms cwnd: 303.4 lossRate: 0.0 CC:16 score:0.54 
1660936276.585220 -- INFO: Throughput @9.1s:730.0Mbps, rtt :4.08ms cwnd: 330.7 lossRate: 0.0 CC:16 score:0.53 
1660936277.612194 -- INFO: Throughput @10.1s:770.0Mbps, rtt :4.41ms cwnd: 349.7 lossRate: 0.0 CC:16 score:0.56 
1660936278.055509 -- INFO: score [0.54, 0.53, 0.56] ******
1660936278.057139 -- INFO: action array from actor 0.9352043867111206 and action is 31 ******
1660936278.057446 -- INFO: Changing concurrency to 31 ******
1660936278.066662 -- INFO: Process Status Bits from change concurrency are: 1 1 1 1 1 1 1 1 1 1 1 1 1 1 1 1 1 1 1 1 1 1 1 1 1 1 1 1 1 1 1 0
1660936278.066833 -- INFO: Start Process :: 17
1660936278.067060 -- INFO: Start Process :: 23
1660936278.067282 -- INFO: Start Process :: 20
1660936278.067292 -- INFO: Start Process :: 21
1660936278.067491 -- INFO: Start Process :: 16
1660936278.067592 -- INFO: Start Process :: 24
1660936278.067742 -- INFO: Process 17 get item 25 from queue and executing
1660936278.067832 -- INFO: Start Process :: 18
1660936278.067999 -- INFO: Active CC: 31
1660936278.068103 -- INFO: starting 17, 25, /home/hjamil/Documents/files_bash/FILE28
1660936278.068100 -- INFO: Process 23 get item 26 from queue and executing
1660936278.068464 -- INFO: starting 23, 26, /home/hjamil/Documents/files_bash/FILE27
1660936278.068861 -- INFO: Process 21 get item 27 from queue and executing
1660936278.069295 -- INFO: starting 21, 27, /home/hjamil/Documents/files_bash/FILE26
1660936278.069411 -- INFO: Process 20 get item 28 from queue and executing
1660936278.069699 -- INFO: starting 20, 28, /home/hjamil/Documents/files_bash/FILE18
1660936278.069947 -- INFO: Start Process :: 19
1660936278.070246 -- INFO: Process 24 get item 29 from queue and executing
1660936278.070654 -- INFO: starting 24, 29, /home/hjamil/Documents/files_bash/FILE0
1660936278.070931 -- INFO: Start Process :: 22
1660936278.071889 -- INFO: Process 22 get item 30 from queue and executing
1660936278.072305 -- INFO: starting 22, 30, /home/hjamil/Documents/files_bash/FILE16
1660936278.072736 -- INFO: Process 19 get item 31 from queue and executing
1660936278.073150 -- INFO: starting 19, 31, /home/hjamil/Documents/files_bash/FILE19
1660936278.076607 -- INFO: Process 16 get item 12 from queue and executing
1660936278.076915 -- INFO: starting 16, 12, /home/hjamil/Documents/files_bash/FILE22
1660936278.077328 -- INFO: Process 18 get item 19 from queue and executing
1660936278.077585 -- INFO: starting 18, 19, /home/hjamil/Documents/files_bash/FILE8
1660936278.091625 -- INFO: Start Process :: 26
1660936278.103366 -- INFO: Start Process :: 29
1660936278.108988 -- INFO: Process 29 get item 24 from queue and executing
1660936278.109185 -- INFO: starting 29, 24, /home/hjamil/Documents/files_bash/FILE12
1660936278.118630 -- INFO: Process 26 get item 22 from queue and executing
1660936278.119062 -- INFO: starting 26, 22, /home/hjamil/Documents/files_bash/FILE9
1660936278.119197 -- INFO: Start Process :: 30
1660936278.121685 -- INFO: Process 30 get item 23 from queue and executing
1660936278.121861 -- INFO: starting 30, 23, /home/hjamil/Documents/files_bash/FILE10
1660936278.135403 -- INFO: Start Process :: 28
1660936278.138728 -- INFO: Process 28 get item 20 from queue and executing
1660936278.139006 -- INFO: starting 28, 20, /home/hjamil/Documents/files_bash/FILE15
1660936278.155645 -- INFO: Start Process :: 27
1660936278.159022 -- INFO: Process 27 get item 17 from queue and executing
1660936278.159408 -- INFO: starting 27, 17, /home/hjamil/Documents/files_bash/FILE23
1660936278.167239 -- INFO: Start Process :: 25
1660936278.169811 -- INFO: Process 25 get item 21 from queue and executing
1660936278.170199 -- INFO: starting 25, 21, /home/hjamil/Documents/files_bash/FILE21
1660936278.656534 -- INFO: Throughput @11.1s:985.34Mbps, rtt :10.8ms cwnd: 147.0 lossRate: 0.004475513652251299 CC:31 score:0.49 
1660936279.582949 -- INFO: Throughput @12.1s:1013.74Mbps, rtt :9.1ms cwnd: 131.5 lossRate: 0.002370867630997096 CC:31 score:0.52 
1660936280.591541 -- INFO: Throughput @13.1s:929.86Mbps, rtt :8.49ms cwnd: 126.6 lossRate: 0.0008564087924636027 CC:31 score:0.5 
1660936281.570076 -- INFO: score [0.49, 0.52, 0.5] ******
1660936281.571553 -- INFO: action array from actor -0.03441448509693146 and action is 16 ******
1660936281.571796 -- INFO: Changing concurrency to 16 ******
1660936281.572116 -- INFO: Process Status Bits from change concurrency are: 1 1 1 1 1 1 1 1 1 1 1 1 1 1 1 1 0 0 0 0 0 0 0 0 0 0 0 0 0 0 0 0
1660936281.572454 -- INFO: Active CC: 16
1660936281.601351 -- INFO: Throughput @14.1s:937.33Mbps, rtt :9.17ms cwnd: 121.7 lossRate: 0.0005322309139518764 CC:31 score:0.5 
1660936282.593638 -- INFO: Throughput @15.1s:803.39Mbps, rtt :3.82ms cwnd: 180.2 lossRate: 0 CC:16 score:0.59 
1660936283.584866 -- INFO: Throughput @16.1s:755.0Mbps, rtt :2.3ms cwnd: 195.9 lossRate: 0.0 CC:16 score:0.55 
1660936284.618892 -- INFO: Throughput @17.1s:765.0Mbps, rtt :3.63ms cwnd: 204.9 lossRate: 0.0 CC:16 score:0.56 
1660936285.079422 -- INFO: score [0.59, 0.55, 0.56] ******
1660936285.080992 -- INFO: action array from actor 0.08403224498033524 and action is 18 ******
1660936285.081299 -- INFO: Changing concurrency to 18 ******
1660936285.081696 -- INFO: Process Status Bits from change concurrency are: 1 1 1 1 1 1 1 1 1 1 1 1 1 1 1 1 1 1 0 0 0 0 0 0 0 0 0 0 0 0 0 0
1660936285.081915 -- INFO: Start Process :: 17
1660936285.082272 -- INFO: Active CC: 18
1660936285.086915 -- INFO: Start Process :: 16
1660936285.088569 -- INFO: Process 17 get item 18 from queue and executing
1660936285.088774 -- INFO: starting 17, 18, /home/hjamil/Documents/files_bash/FILE14
1660936285.091251 -- INFO: Process 16 get item 22 from queue and executing
1660936285.091602 -- INFO: starting 16, 22, /home/hjamil/Documents/files_bash/FILE9
1660936285.612727 -- INFO: Throughput @18.1s:770.0Mbps, rtt :3.62ms cwnd: 195.9 lossRate: 0.0 CC:18 score:0.54 
1660936286.601599 -- INFO: Throughput @19.1s:855.0Mbps, rtt :3.3ms cwnd: 206.4 lossRate: 0.0 CC:18 score:0.6 
1660936287.622969 -- INFO: Throughput @20.1s:830.0Mbps, rtt :5.16ms cwnd: 216.7 lossRate: 0.0 CC:18 score:0.58 
1660936288.611584 -- INFO: score [0.54, 0.6, 0.58] ******
1660936288.616632 -- INFO: Throughput @21.1s:870.0Mbps, rtt :2.98ms cwnd: 221.9 lossRate: 0.0 CC:18 score:0.61 
1660936288.620287 -- INFO: action array from actor 0.1148688942193985 and action is 18 ******
1660936288.620432 -- INFO: Changing concurrency to 18 ******
1660936288.630806 -- INFO: Process Status Bits from change concurrency are: 1 1 1 1 1 1 1 1 1 1 1 1 1 1 1 1 1 1 0 0 0 0 0 0 0 0 0 0 0 0 0 0
1660936288.634895 -- INFO: Active CC: 18
1660936289.632815 -- INFO: Throughput @22.1s:810.0Mbps, rtt :5.21ms cwnd: 225.8 lossRate: 0.0 CC:18 score:0.57 
1660936290.609086 -- INFO: Throughput @23.1s:845.0Mbps, rtt :3.4ms cwnd: 234.9 lossRate: 0.0 CC:18 score:0.59 
1660936291.673500 -- INFO: Throughput @24.1s:840.0Mbps, rtt :3.95ms cwnd: 243.3 lossRate: 0.0 CC:18 score:0.59 
1660936292.150984 -- INFO: score [0.57, 0.59, 0.59] ******
1660936292.152321 -- INFO: action array from actor 0.1148688867688179 and action is 18 ******
1660936292.152434 -- INFO: Changing concurrency to 18 ******
1660936292.153129 -- INFO: Process Status Bits from change concurrency are: 1 1 1 1 1 1 1 1 1 1 1 1 1 1 1 1 1 1 0 0 0 0 0 0 0 0 0 0 0 0 0 0
1660936292.158572 -- INFO: Active CC: 18
1660936292.641453 -- INFO: Throughput @25.1s:830.0Mbps, rtt :4.11ms cwnd: 254.8 lossRate: 0.0 CC:18 score:0.58 
1660936293.625231 -- INFO: Throughput @26.1s:835.0Mbps, rtt :4.43ms cwnd: 259.4 lossRate: 0.0 CC:18 score:0.58 
1660936294.620653 -- INFO: Throughput @27.1s:830.0Mbps, rtt :6.6ms cwnd: 264.3 lossRate: 0.0 CC:18 score:0.58 
1660936295.617007 -- INFO: Throughput @28.1s:835.0Mbps, rtt :4.97ms cwnd: 267.3 lossRate: 0.0 CC:18 score:0.58 
1660936295.663611 -- INFO: score [0.58, 0.58, 0.58] ******
1660936295.664955 -- INFO: action array from actor 0.11487065255641937 and action is 18 ******
1660936295.665063 -- INFO: Changing concurrency to 18 ******
1660936295.672532 -- INFO: Process Status Bits from change concurrency are: 1 1 1 1 1 1 1 1 1 1 1 1 1 1 1 1 1 1 0 0 0 0 0 0 0 0 0 0 0 0 0 0
1660936295.675566 -- INFO: Active CC: 18
1660936296.620381 -- INFO: Throughput @29.1s:835.0Mbps, rtt :3.84ms cwnd: 268.9 lossRate: 0.0 CC:18 score:0.58 
1660936297.609478 -- INFO: Throughput @30.1s:840.0Mbps, rtt :5.28ms cwnd: 270.7 lossRate: 0.0 CC:18 score:0.59 
1660936298.656666 -- INFO: Throughput @31.1s:840.0Mbps, rtt :3.12ms cwnd: 272.1 lossRate: 0.0 CC:18 score:0.59 
1660936299.198945 -- INFO: score [0.58, 0.59, 0.59] ******
1660936299.200296 -- INFO: action array from actor 0.11487424373626709 and action is 18 ******
1660936299.200438 -- INFO: Changing concurrency to 18 ******
1660936299.210784 -- INFO: Process Status Bits from change concurrency are: 1 1 1 1 1 1 1 1 1 1 1 1 1 1 1 1 1 1 0 0 0 0 0 0 0 0 0 0 0 0 0 0
1660936299.211483 -- INFO: Active CC: 18
1660936299.636859 -- INFO: Throughput @32.1s:805.0Mbps, rtt :4.45ms cwnd: 273.9 lossRate: 0.0 CC:18 score:0.56 
1660936300.601624 -- INFO: Throughput @33.1s:860.0Mbps, rtt :4.03ms cwnd: 268.8 lossRate: 0.0004174203422846807 CC:18 score:0.6 
1660936301.640660 -- INFO: Throughput @34.1s:830.0Mbps, rtt :6.47ms cwnd: 270.8 lossRate: 0.0 CC:18 score:0.58 
1660936302.657061 -- INFO: Throughput @35.1s:825.0Mbps, rtt :3.8ms cwnd: 271.8 lossRate: 0.0 CC:18 score:0.58 
1660936302.723242 -- INFO: score [0.6, 0.58, 0.58] ******
1660936302.724682 -- INFO: action array from actor 0.44307655096054077 and action is 23 ******
1660936302.734561 -- INFO: Changing concurrency to 23 ******
1660936302.735052 -- INFO: Process Status Bits from change concurrency are: 1 1 1 1 1 1 1 1 1 1 1 1 1 1 1 1 1 1 1 1 1 1 1 0 0 0 0 0 0 0 0 0
1660936302.735214 -- INFO: Start Process :: 21
1660936302.735279 -- INFO: Start Process :: 18
1660936302.735450 -- INFO: Start Process :: 20
1660936302.735554 -- INFO: Start Process :: 22
1660936302.735816 -- INFO: Active CC: 23
1660936302.735977 -- INFO: Process 21 get item 19 from queue and executing
1660936302.736043 -- INFO: Process 18 get item 29 from queue and executing
1660936302.736184 -- INFO: starting 21, 19, /home/hjamil/Documents/files_bash/FILE8
1660936302.736231 -- INFO: starting 18, 29, /home/hjamil/Documents/files_bash/FILE0
1660936302.736620 -- INFO: Start Process :: 19
1660936302.736974 -- INFO: Process 22 get item 20 from queue and executing
1660936302.737154 -- INFO: starting 22, 20, /home/hjamil/Documents/files_bash/FILE15
1660936302.742897 -- INFO: Process 19 get item 25 from queue and executing
1660936302.743311 -- INFO: starting 19, 25, /home/hjamil/Documents/files_bash/FILE28
1660936302.743474 -- INFO: Process 20 get item 23 from queue and executing
1660936302.744606 -- INFO: starting 20, 23, /home/hjamil/Documents/files_bash/FILE10
1660936303.624872 -- INFO: Throughput @36.1s:990.68Mbps, rtt :9.8ms cwnd: 218.9 lossRate: 0.00010476963775897745 CC:23 score:0.63 
1660936304.622287 -- INFO: Throughput @37.1s:996.55Mbps, rtt :7.26ms cwnd: 220.0 lossRate: 0.0008821081141522445 CC:23 score:0.62 
1660936305.661290 -- INFO: Throughput @38.1s:938.19Mbps, rtt :9.32ms cwnd: 221.9 lossRate: 0.0 CC:23 score:0.59 
1660936306.239809 -- INFO: score [0.63, 0.62, 0.59] ******
1660936306.247810 -- INFO: action array from actor -0.03441448509693146 and action is 16 ******
1660936306.247947 -- INFO: Changing concurrency to 16 ******
1660936306.251670 -- INFO: Process Status Bits from change concurrency are: 1 1 1 1 1 1 1 1 1 1 1 1 1 1 1 1 0 0 0 0 0 0 0 0 0 0 0 0 0 0 0 0
1660936306.252939 -- INFO: Active CC: 16
1660936306.701123 -- INFO: Throughput @39.1s:893.61Mbps, rtt :5.16ms cwnd: 229.9 lossRate: 0 CC:16 score:0.65 
1660936307.638576 -- INFO: Throughput @40.1s:760.0Mbps, rtt :3.94ms cwnd: 261.4 lossRate: 0 CC:16 score:0.55 
1660936308.629081 -- INFO: Throughput @41.1s:745.0Mbps, rtt :2.52ms cwnd: 263.8 lossRate: 0.0 CC:16 score:0.54 
1660936309.640547 -- INFO: Throughput @42.1s:730.0Mbps, rtt :3.73ms cwnd: 265.2 lossRate: 0.0 CC:16 score:0.53 
1660936309.765965 -- INFO: score [0.55, 0.54, 0.53] ******
1660936309.767784 -- INFO: action array from actor 0.44614189863204956 and action is 23 ******
1660936309.767937 -- INFO: Changing concurrency to 23 ******
1660936309.779287 -- INFO: Start Process :: 22
1660936309.779481 -- INFO: Start Process :: 19
1660936309.779960 -- INFO: Start Process :: 18
1660936309.779995 -- INFO: Process Status Bits from change concurrency are: 1 1 1 1 1 1 1 1 1 1 1 1 1 1 1 1 1 1 1 1 1 1 1 0 0 0 0 0 0 0 0 0
1660936309.779646 -- INFO: Start Process :: 17
1660936309.780525 -- INFO: Active CC: 23
1660936309.781577 -- INFO: Process 19 get item 24 from queue and executing
1660936309.780933 -- INFO: Start Process :: 20
1660936309.781043 -- INFO: Process 22 get item 28 from queue and executing
1660936309.782312 -- INFO: starting 22, 28, /home/hjamil/Documents/files_bash/FILE18
1660936309.781160 -- INFO: Process 17 get item 17 from queue and executing
1660936309.781967 -- INFO: starting 19, 24, /home/hjamil/Documents/files_bash/FILE12
1660936309.782796 -- INFO: starting 17, 17, /home/hjamil/Documents/files_bash/FILE23
1660936309.782343 -- INFO: Process 18 get item 26 from queue and executing
1660936309.783105 -- INFO: starting 18, 26, /home/hjamil/Documents/files_bash/FILE27
1660936309.782500 -- INFO: Start Process :: 16
1660936309.785450 -- INFO: Process 20 get item 31 from queue and executing
1660936309.785675 -- INFO: starting 20, 31, /home/hjamil/Documents/files_bash/FILE19
1660936309.786562 -- INFO: Process 16 get item 30 from queue and executing
1660936309.786841 -- INFO: starting 16, 30, /home/hjamil/Documents/files_bash/FILE16
1660936309.787557 -- INFO: Start Process :: 21
1660936309.802830 -- INFO: Process 21 get item 27 from queue and executing
1660936309.803167 -- INFO: starting 21, 27, /home/hjamil/Documents/files_bash/FILE26
1660936310.617392 -- INFO: Throughput @43.1s:1013.54Mbps, rtt :8.42ms cwnd: 212.9 lossRate: 0.0 CC:23 score:0.64 
1660936311.633057 -- INFO: Throughput @44.1s:1022.13Mbps, rtt :9.85ms cwnd: 212.8 lossRate: 0.00048458040307149423 CC:23 score:0.64 
1660936312.622002 -- INFO: Throughput @45.1s:947.62Mbps, rtt :10.03ms cwnd: 196.2 lossRate: 0.0016782726316316818 CC:23 score:0.59 
1660936313.282075 -- INFO: score [0.64, 0.64, 0.59] ******
1660936313.283604 -- INFO: action array from actor -0.03441448509693146 and action is 16 ******
1660936313.283926 -- INFO: Changing concurrency to 16 ******
1660936313.286857 -- INFO: Process Status Bits from change concurrency are: 1 1 1 1 1 1 1 1 1 1 1 1 1 1 1 1 0 0 0 0 0 0 0 0 0 0 0 0 0 0 0 0
1660936313.296228 -- INFO: Active CC: 16
1660936313.608965 -- INFO: Throughput @46.1s:901.34Mbps, rtt :9.39ms cwnd: 227.9 lossRate: 0 CC:16 score:0.66 
1660936314.636739 -- INFO: Throughput @47.1s:790.0Mbps, rtt :7.41ms cwnd: 239.0 lossRate: 0.0 CC:16 score:0.58 
1660936315.633346 -- INFO: Throughput @48.1s:760.0Mbps, rtt :3.24ms cwnd: 244.2 lossRate: 0.0 CC:16 score:0.55 
1660936316.618253 -- INFO: Throughput @49.1s:735.0Mbps, rtt :3.71ms cwnd: 246.9 lossRate: 0.0 CC:16 score:0.54 
1660936316.819289 -- INFO: score [0.58, 0.55, 0.54] ******
1660936316.835950 -- INFO: action array from actor 0.4435131549835205 and action is 23 ******
1660936316.836221 -- INFO: Changing concurrency to 23 ******
1660936316.836606 -- INFO: Process Status Bits from change concurrency are: 1 1 1 1 1 1 1 1 1 1 1 1 1 1 1 1 1 1 1 1 1 1 1 0 0 0 0 0 0 0 0 0
1660936316.836753 -- INFO: Start Process :: 18
1660936316.836981 -- INFO: Start Process :: 16
1660936316.837238 -- INFO: Active CC: 23
1660936316.837347 -- INFO: Start Process :: 21
1660936316.837526 -- INFO: Start Process :: 20
1660936316.838560 -- INFO: Start Process :: 17
1660936316.838713 -- INFO: Start Process :: 19
1660936316.840513 -- INFO: Process 21 get item 21 from queue and executing
1660936316.840711 -- INFO: starting 21, 21, /home/hjamil/Documents/files_bash/FILE21
1660936316.841119 -- INFO: Process 16 get item 12 from queue and executing
1660936316.841335 -- INFO: starting 16, 12, /home/hjamil/Documents/files_bash/FILE22
1660936316.841423 -- INFO: Process 18 get item 19 from queue and executing
1660936316.841498 -- INFO: Process 20 get item 20 from queue and executing
1660936316.841631 -- INFO: starting 18, 19, /home/hjamil/Documents/files_bash/FILE8
1660936316.841737 -- INFO: starting 20, 20, /home/hjamil/Documents/files_bash/FILE15
1660936316.843595 -- INFO: Start Process :: 22
1660936316.844890 -- INFO: Process 19 get item 22 from queue and executing
1660936316.845119 -- INFO: starting 19, 22, /home/hjamil/Documents/files_bash/FILE9
1660936316.845291 -- INFO: Process 17 get item 23 from queue and executing
1660936316.845483 -- INFO: starting 17, 23, /home/hjamil/Documents/files_bash/FILE10
1660936316.850862 -- INFO: Process 22 get item 25 from queue and executing
1660936316.851111 -- INFO: starting 22, 25, /home/hjamil/Documents/files_bash/FILE28
1660936317.629473 -- INFO: Throughput @50.1s:991.71Mbps, rtt :8.99ms cwnd: 199.5 lossRate: 0.00036073641762970405 CC:23 score:0.63 
1660936318.654115 -- INFO: Throughput @51.1s:975.77Mbps, rtt :8.5ms cwnd: 203.7 lossRate: 8.375209380234506e-05 CC:23 score:0.62 
1660936319.617899 -- INFO: Throughput @52.1s:939.87Mbps, rtt :10.69ms cwnd: 207.7 lossRate: 0.0002582844745202366 CC:23 score:0.59 
1660936320.346454 -- INFO: score [0.63, 0.62, 0.59] ******
1660936320.348663 -- INFO: action array from actor -0.03441448509693146 and action is 16 ******
1660936320.348809 -- INFO: Changing concurrency to 16 ******
1660936320.358708 -- INFO: Process Status Bits from change concurrency are: 1 1 1 1 1 1 1 1 1 1 1 1 1 1 1 1 0 0 0 0 0 0 0 0 0 0 0 0 0 0 0 0
1660936320.367008 -- INFO: Active CC: 16
1660936320.629570 -- INFO: Throughput @53.1s:910.24Mbps, rtt :6.06ms cwnd: 237.7 lossRate: 0 CC:16 score:0.66 
1660936321.636985 -- INFO: Throughput @54.1s:765.0Mbps, rtt :2.79ms cwnd: 251.6 lossRate: 0.0 CC:16 score:0.56 
1660936322.637135 -- INFO: Throughput @55.1s:745.0Mbps, rtt :2.46ms cwnd: 252.8 lossRate: 0.0 CC:16 score:0.54 
1660936323.631790 -- INFO: Throughput @56.1s:750.0Mbps, rtt :4.1ms cwnd: 254.1 lossRate: 0.0 CC:16 score:0.55 
1660936323.887333 -- INFO: score [0.56, 0.54, 0.55] ******
1660936323.888762 -- INFO: action array from actor 0.4453850984573364 and action is 23 ******
1660936323.888962 -- INFO: Changing concurrency to 23 ******
1660936323.894793 -- INFO: Process Status Bits from change concurrency are: 1 1 1 1 1 1 1 1 1 1 1 1 1 1 1 1 1 1 1 1 1 1 1 0 0 0 0 0 0 0 0 0
1660936323.894845 -- INFO: Start Process :: 16
1660936323.895088 -- INFO: Start Process :: 21
1660936323.895259 -- INFO: Start Process :: 19
1660936323.895555 -- INFO: Active CC: 23
1660936323.896058 -- INFO: Process 19 get item 18 from queue and executing
1660936323.896260 -- INFO: starting 19, 18, /home/hjamil/Documents/files_bash/FILE14
1660936323.896790 -- INFO: Start Process :: 20
1660936323.896870 -- INFO: Process 21 get item 29 from queue and executing
1660936323.897051 -- INFO: starting 21, 29, /home/hjamil/Documents/files_bash/FILE0
1660936323.898377 -- INFO: Process 20 get item 17 from queue and executing
1660936323.898689 -- INFO: starting 20, 17, /home/hjamil/Documents/files_bash/FILE23
1660936323.898989 -- INFO: Start Process :: 22
1660936323.899163 -- INFO: Start Process :: 18
1660936323.904190 -- INFO: Process 16 get item 28 from queue and executing
1660936323.904407 -- INFO: starting 16, 28, /home/hjamil/Documents/files_bash/FILE18
1660936323.904414 -- INFO: Process 18 get item 27 from queue and executing
1660936323.904885 -- INFO: starting 18, 27, /home/hjamil/Documents/files_bash/FILE26
1660936323.905229 -- INFO: Process 22 get item 26 from queue and executing
1660936323.905487 -- INFO: starting 22, 26, /home/hjamil/Documents/files_bash/FILE27
1660936323.906583 -- INFO: Start Process :: 17
1660936323.914959 -- INFO: Process 17 get item 30 from queue and executing
1660936323.915331 -- INFO: starting 17, 30, /home/hjamil/Documents/files_bash/FILE16
1660936324.659131 -- INFO: Throughput @57.1s:979.86Mbps, rtt :7.19ms cwnd: 203.4 lossRate: 0.0 CC:23 score:0.62 
1660936325.636895 -- INFO: Throughput @58.1s:1007.96Mbps, rtt :9.84ms cwnd: 206.5 lossRate: 1.2446170313394568e-05 CC:23 score:0.64 
1660936326.644923 -- INFO: Throughput @59.1s:946.94Mbps, rtt :7.32ms cwnd: 204.3 lossRate: 0.0003030570883790234 CC:23 score:0.6 
1660936327.411225 -- INFO: score [0.62, 0.64, 0.6] ******
1660936327.412714 -- INFO: action array from actor -0.03441448509693146 and action is 16 ******
1660936327.412997 -- INFO: Changing concurrency to 16 ******
1660936327.413393 -- INFO: Process Status Bits from change concurrency are: 1 1 1 1 1 1 1 1 1 1 1 1 1 1 1 1 0 0 0 0 0 0 0 0 0 0 0 0 0 0 0 0
1660936327.413909 -- INFO: Active CC: 16
1660936327.627244 -- INFO: Throughput @60.1s:910.81Mbps, rtt :6.25ms cwnd: 228.4 lossRate: 0 CC:16 score:0.66 
1660936328.640533 -- INFO: Throughput @61.1s:795.0Mbps, rtt :6.06ms cwnd: 238.5 lossRate: 0.0 CC:16 score:0.58 
1660936329.681176 -- INFO: Throughput @62.1s:755.0Mbps, rtt :2.77ms cwnd: 244.8 lossRate: 0.0 CC:16 score:0.55 
1660936330.623225 -- INFO: Throughput @63.1s:735.0Mbps, rtt :2.1ms cwnd: 247.4 lossRate: 0.0 CC:16 score:0.54 
1660936330.914903 -- INFO: score [0.58, 0.55, 0.54] ******
1660936330.916380 -- INFO: action array from actor 0.44534623622894287 and action is 23 ******
1660936330.916676 -- INFO: Changing concurrency to 23 ******
1660936330.934939 -- INFO: Process Status Bits from change concurrency are: 1 1 1 1 1 1 1 1 1 1 1 1 1 1 1 1 1 1 1 1 1 1 1 0 0 0 0 0 0 0 0 0
1660936330.935319 -- INFO: Start Process :: 16
1660936330.935407 -- INFO: Start Process :: 18
1660936330.935504 -- INFO: Start Process :: 21
1660936330.935589 -- INFO: Start Process :: 20
1660936330.935741 -- INFO: Start Process :: 22
1660936330.935762 -- INFO: Start Process :: 19
1660936330.935783 -- INFO: Start Process :: 17
1660936330.936169 -- INFO: Active CC: 23
1660936330.937516 -- INFO: Process 16 get item 24 from queue and executing
1660936330.937653 -- INFO: Process 21 get item 19 from queue and executing
1660936330.937714 -- INFO: starting 16, 24, /home/hjamil/Documents/files_bash/FILE12
1660936330.937872 -- INFO: starting 21, 19, /home/hjamil/Documents/files_bash/FILE8
1660936330.937978 -- INFO: Process 22 get item 31 from queue and executing
1660936330.938182 -- INFO: starting 22, 31, /home/hjamil/Documents/files_bash/FILE19
1660936330.938552 -- INFO: Process 17 get item 25 from queue and executing
1660936330.938626 -- INFO: Process 18 get item 22 from queue and executing
1660936330.938757 -- INFO: starting 17, 25, /home/hjamil/Documents/files_bash/FILE28
1660936330.938816 -- INFO: starting 18, 22, /home/hjamil/Documents/files_bash/FILE9
1660936330.939055 -- INFO: Process 20 get item 20 from queue and executing
1660936330.939273 -- INFO: starting 20, 20, /home/hjamil/Documents/files_bash/FILE15
1660936330.940509 -- INFO: Process 19 get item 23 from queue and executing
1660936330.940831 -- INFO: starting 19, 23, /home/hjamil/Documents/files_bash/FILE10
1660936331.660937 -- INFO: Throughput @64.1s:953.06Mbps, rtt :7.0ms cwnd: 200.6 lossRate: 0.0002463756840167017 CC:23 score:0.6 
1660936332.641453 -- INFO: Throughput @65.1s:988.8Mbps, rtt :7.35ms cwnd: 208.9 lossRate: 0.0 CC:23 score:0.63 
1660936333.661398 -- INFO: Throughput @66.1s:950.37Mbps, rtt :10.72ms cwnd: 207.4 lossRate: 0.0002680344546108018 CC:23 score:0.6 
1660936334.438403 -- INFO: score [0.6, 0.63, 0.6] ******
1660936334.440186 -- INFO: action array from actor -0.03441448509693146 and action is 16 ******
1660936334.440329 -- INFO: Changing concurrency to 16 ******
1660936334.457598 -- INFO: Process Status Bits from change concurrency are: 1 1 1 1 1 1 1 1 1 1 1 1 1 1 1 1 0 0 0 0 0 0 0 0 0 0 0 0 0 0 0 0
1660936334.458852 -- INFO: Active CC: 16
1660936334.624575 -- INFO: Throughput @67.1s:900.35Mbps, rtt :9.0ms cwnd: 235.9 lossRate: 0 CC:16 score:0.66 
1660936335.648366 -- INFO: Throughput @68.1s:790.0Mbps, rtt :3.28ms cwnd: 242.9 lossRate: 0.0 CC:16 score:0.58 
1660936336.651480 -- INFO: Throughput @69.1s:740.0Mbps, rtt :3.62ms cwnd: 245.4 lossRate: 0.0 CC:16 score:0.54 
1660936337.652524 -- INFO: Throughput @70.1s:750.0Mbps, rtt :2.65ms cwnd: 247.9 lossRate: 0.0 CC:16 score:0.55 
1660936337.967686 -- INFO: score [0.58, 0.54, 0.55] ******
1660936337.969786 -- INFO: action array from actor 0.4453980028629303 and action is 23 ******
1660936337.969915 -- INFO: Changing concurrency to 23 ******
1660936337.986834 -- INFO: Process Status Bits from change concurrency are: 1 1 1 1 1 1 1 1 1 1 1 1 1 1 1 1 1 1 1 1 1 1 1 0 0 0 0 0 0 0 0 0
1660936337.987120 -- INFO: Start Process :: 21
1660936337.987183 -- INFO: Start Process :: 18
1660936337.987294 -- INFO: Active CC: 23
1660936337.987345 -- INFO: Start Process :: 17
1660936337.987407 -- INFO: Start Process :: 19
1660936337.987722 -- INFO: Start Process :: 16
1660936337.987201 -- INFO: Start Process :: 20
1660936337.988113 -- INFO: Process 18 get item 21 from queue and executing
1660936337.988348 -- INFO: starting 18, 21, /home/hjamil/Documents/files_bash/FILE21
1660936337.988398 -- INFO: Process 19 get item 28 from queue and executing
1660936337.988575 -- INFO: starting 19, 28, /home/hjamil/Documents/files_bash/FILE18
1660936337.988680 -- INFO: Process 17 get item 12 from queue and executing
1660936337.988869 -- INFO: starting 17, 12, /home/hjamil/Documents/files_bash/FILE22
1660936337.989291 -- INFO: Start Process :: 22
1660936337.989930 -- INFO: Process 21 get item 17 from queue and executing
1660936337.990150 -- INFO: starting 21, 17, /home/hjamil/Documents/files_bash/FILE23
1660936337.991084 -- INFO: Process 16 get item 30 from queue and executing
1660936337.991132 -- INFO: Process 20 get item 26 from queue and executing
1660936337.991364 -- INFO: starting 16, 30, /home/hjamil/Documents/files_bash/FILE16
1660936337.991424 -- INFO: starting 20, 26, /home/hjamil/Documents/files_bash/FILE27
1660936337.992119 -- INFO: Process 22 get item 27 from queue and executing
1660936337.992481 -- INFO: starting 22, 27, /home/hjamil/Documents/files_bash/FILE26
1660936338.659648 -- INFO: Throughput @71.1s:922.63Mbps, rtt :11.63ms cwnd: 135.3 lossRate: 0.0017627957321787538 CC:23 score:0.57 
1660936339.636696 -- INFO: Throughput @72.1s:773.67Mbps, rtt :10.84ms cwnd: 126.9 lossRate: 0.001991602971256325 CC:23 score:0.48 
1660936340.616507 -- INFO: Throughput @73.1s:650.7Mbps, rtt :9.4ms cwnd: 94.7 lossRate: 0.003026395902725547 CC:23 score:0.39 
1660936341.488449 -- INFO: score [0.57, 0.48, 0.39] ******
1660936341.490071 -- INFO: action array from actor 0.2749391794204712 and action is 21 ******
1660936341.490186 -- INFO: Changing concurrency to 21 ******
1660936341.491240 -- INFO: Process Status Bits from change concurrency are: 1 1 1 1 1 1 1 1 1 1 1 1 1 1 1 1 1 1 1 1 1 0 0 0 0 0 0 0 0 0 0 0
1660936341.492067 -- INFO: Active CC: 21
1660936341.614365 -- INFO: Throughput @74.1s:651.78Mbps, rtt :9.38ms cwnd: 85.5 lossRate: 0.0009368261038639658 CC:21 score:0.42 
1660936342.616102 -- INFO: Throughput @75.1s:646.19Mbps, rtt :8.08ms cwnd: 84.0 lossRate: 0.0008104787053256294 CC:21 score:0.42 
1660936343.616012 -- INFO: Throughput @76.1s:641.78Mbps, rtt :8.73ms cwnd: 82.7 lossRate: 0.00018003744778914013 CC:21 score:0.42 
1660936344.616311 -- INFO: Throughput @77.1s:638.64Mbps, rtt :8.37ms cwnd: 79.8 lossRate: 0.000378330660997712 CC:21 score:0.42 
1660936344.993460 -- INFO: score [0.42, 0.42, 0.42] ******
1660936344.995884 -- INFO: action array from actor -0.03441448509693146 and action is 16 ******
1660936344.996056 -- INFO: Changing concurrency to 16 ******
1660936344.997666 -- INFO: Process Status Bits from change concurrency are: 1 1 1 1 1 1 1 1 1 1 1 1 1 1 1 1 0 0 0 0 0 0 0 0 0 0 0 0 0 0 0 0
1660936344.999021 -- INFO: Active CC: 16
1660936345.630684 -- INFO: Throughput @78.1s:591.49Mbps, rtt :7.4ms cwnd: 81.0 lossRate: 0 CC:16 score:0.43 
1660936346.634247 -- INFO: Throughput @79.1s:530.35Mbps, rtt :8.32ms cwnd: 82.9 lossRate: 0.0 CC:16 score:0.39 
1660936347.649545 -- INFO: Throughput @80.1s:550.01Mbps, rtt :8.29ms cwnd: 83.0 lossRate: 0.0 CC:16 score:0.4 
1660936348.500098 -- INFO: score [0.43, 0.39, 0.4] ******
1660936348.501892 -- INFO: action array from actor -0.03441448509693146 and action is 16 ******
1660936348.502080 -- INFO: Changing concurrency to 16 ******
1660936348.504194 -- INFO: Process Status Bits from change concurrency are: 1 1 1 1 1 1 1 1 1 1 1 1 1 1 1 1 0 0 0 0 0 0 0 0 0 0 0 0 0 0 0 0
1660936348.505852 -- INFO: Active CC: 16
1660936348.650300 -- INFO: Throughput @81.1s:524.86Mbps, rtt :7.61ms cwnd: 83.1 lossRate: 0.0 CC:16 score:0.38 
1660936349.645472 -- INFO: Throughput @82.1s:525.22Mbps, rtt :8.09ms cwnd: 83.4 lossRate: 0.0 CC:16 score:0.38 
1660936350.636595 -- INFO: Throughput @83.1s:554.65Mbps, rtt :7.91ms cwnd: 83.6 lossRate: 0.0 CC:16 score:0.4 
1660936351.653017 -- INFO: Throughput @84.1s:530.35Mbps, rtt :7.65ms cwnd: 82.1 lossRate: 0.0002798166124970404 CC:16 score:0.38 
1660936352.007413 -- INFO: score [0.38, 0.4, 0.38] ******
1660936352.009301 -- INFO: action array from actor -0.03441428393125534 and action is 16 ******
1660936352.009599 -- INFO: Changing concurrency to 16 ******
1660936352.012347 -- INFO: Process Status Bits from change concurrency are: 1 1 1 1 1 1 1 1 1 1 1 1 1 1 1 1 0 0 0 0 0 0 0 0 0 0 0 0 0 0 0 0
1660936352.014650 -- INFO: Active CC: 16
1660936352.630354 -- INFO: Throughput @85.1s:524.83Mbps, rtt :7.7ms cwnd: 82.6 lossRate: 0.0 CC:16 score:0.38 
1660936353.665041 -- INFO: Throughput @86.1s:545.04Mbps, rtt :7.44ms cwnd: 83.3 lossRate: 0.0 CC:16 score:0.4 
1660936354.646704 -- INFO: Throughput @87.1s:534.83Mbps, rtt :7.37ms cwnd: 84.1 lossRate: 0.0 CC:16 score:0.39 
1660936355.515853 -- INFO: score [0.38, 0.4, 0.39] ******
1660936355.517849 -- INFO: action array from actor -0.034414440393447876 and action is 16 ******
1660936355.518159 -- INFO: Changing concurrency to 16 ******
1660936355.519768 -- INFO: Process Status Bits from change concurrency are: 1 1 1 1 1 1 1 1 1 1 1 1 1 1 1 1 0 0 0 0 0 0 0 0 0 0 0 0 0 0 0 0
1660936355.521295 -- INFO: Active CC: 16
1660936355.645310 -- INFO: Throughput @88.1s:525.29Mbps, rtt :7.62ms cwnd: 85.2 lossRate: 0.0 CC:16 score:0.38 
1660936356.664607 -- INFO: Throughput @89.1s:549.58Mbps, rtt :7.83ms cwnd: 84.4 lossRate: 0.00019312890281324434 CC:16 score:0.4 
1660936357.656037 -- INFO: Throughput @90.1s:525.35Mbps, rtt :7.88ms cwnd: 85.6 lossRate: 0.0 CC:16 score:0.38 
1660936358.634295 -- INFO: Throughput @91.1s:540.04Mbps, rtt :7.92ms cwnd: 85.8 lossRate: 0.00015345156410987131 CC:16 score:0.39 
1660936359.022333 -- INFO: score [0.4, 0.38, 0.39] ******
1660936359.024051 -- INFO: action array from actor -0.03441448509693146 and action is 16 ******
1660936359.024260 -- INFO: Changing concurrency to 16 ******
1660936359.026112 -- INFO: Process Status Bits from change concurrency are: 1 1 1 1 1 1 1 1 1 1 1 1 1 1 1 1 0 0 0 0 0 0 0 0 0 0 0 0 0 0 0 0
1660936359.027717 -- INFO: Active CC: 16
1660936359.641930 -- INFO: Throughput @92.1s:539.83Mbps, rtt :7.61ms cwnd: 85.8 lossRate: 0.0 CC:16 score:0.39 
1660936360.631970 -- INFO: Throughput @93.1s:529.83Mbps, rtt :7.79ms cwnd: 85.8 lossRate: 0.00015289517943341415 CC:16 score:0.39 
1660936361.645296 -- INFO: Throughput @94.1s:535.04Mbps, rtt :8.16ms cwnd: 83.7 lossRate: 0.00029963188083212053 CC:16 score:0.39 
1660936362.528756 -- INFO: score [0.39, 0.39, 0.39] ******
1660936362.530148 -- INFO: action array from actor -0.03441448509693146 and action is 16 ******
1660936362.530310 -- INFO: Changing concurrency to 16 ******
1660936362.532660 -- INFO: Process Status Bits from change concurrency are: 1 1 1 1 1 1 1 1 1 1 1 1 1 1 1 1 0 0 0 0 0 0 0 0 0 0 0 0 0 0 0 0
1660936362.534412 -- INFO: Active CC: 16
1660936362.668775 -- INFO: Throughput @95.1s:545.32Mbps, rtt :7.43ms cwnd: 82.9 lossRate: 0.00010763567476804512 CC:16 score:0.4 
1660936363.646049 -- INFO: Throughput @96.1s:524.86Mbps, rtt :7.22ms cwnd: 86.2 lossRate: 0.0 CC:16 score:0.38 
1660936364.649953 -- INFO: Throughput @97.1s:540.04Mbps, rtt :7.22ms cwnd: 86.2 lossRate: 0.0 CC:16 score:0.39 
1660936365.657185 -- INFO: Throughput @98.1s:534.83Mbps, rtt :7.75ms cwnd: 86.2 lossRate: 0.0 CC:16 score:0.39 
1660936366.035334 -- INFO: score [0.38, 0.39, 0.39] ******
1660936366.036845 -- INFO: action array from actor -0.03441448509693146 and action is 16 ******
1660936366.037171 -- INFO: Changing concurrency to 16 ******
1660936366.039962 -- INFO: Process Status Bits from change concurrency are: 1 1 1 1 1 1 1 1 1 1 1 1 1 1 1 1 0 0 0 0 0 0 0 0 0 0 0 0 0 0 0 0
1660936366.042108 -- INFO: Active CC: 16
1660936366.663378 -- INFO: Throughput @99.1s:529.83Mbps, rtt :7.31ms cwnd: 86.2 lossRate: 0.0 CC:16 score:0.39 
1660936367.636294 -- INFO: Throughput @100.1s:540.04Mbps, rtt :7.8ms cwnd: 86.2 lossRate: 0.0 CC:16 score:0.39 
1660936368.638540 -- INFO: Throughput @101.1s:540.35Mbps, rtt :7.49ms cwnd: 86.2 lossRate: 0.0 CC:16 score:0.39 
1660936369.543306 -- INFO: score [0.39, 0.39, 0.39] ******
1660936369.545309 -- INFO: action array from actor -0.03441448509693146 and action is 16 ******
1660936369.545691 -- INFO: Changing concurrency to 16 ******
1660936369.547673 -- INFO: Process Status Bits from change concurrency are: 1 1 1 1 1 1 1 1 1 1 1 1 1 1 1 1 0 0 0 0 0 0 0 0 0 0 0 0 0 0 0 0
1660936369.549344 -- INFO: Active CC: 16
1660936369.645868 -- INFO: Throughput @102.1s:519.83Mbps, rtt :7.71ms cwnd: 86.2 lossRate: 0.0 CC:16 score:0.38 
1660936370.657338 -- INFO: Throughput @103.1s:545.04Mbps, rtt :7.75ms cwnd: 86.2 lossRate: 0.0 CC:16 score:0.4 
1660936371.678947 -- INFO: Throughput @104.2s:486.21Mbps, rtt :7.99ms cwnd: 86.2 lossRate: 0.0 CC:16 score:0.35 
1660936372.661074 -- INFO: Throughput @105.2s:535.34Mbps, rtt :7.62ms cwnd: 86.2 lossRate: 0.0 CC:16 score:0.39 
1660936373.050370 -- INFO: score [0.4, 0.35, 0.39] ******
1660936373.052074 -- INFO: action array from actor -0.03441448509693146 and action is 16 ******
1660936373.052222 -- INFO: Changing concurrency to 16 ******
1660936373.054454 -- INFO: Process Status Bits from change concurrency are: 1 1 1 1 1 1 1 1 1 1 1 1 1 1 1 1 0 0 0 0 0 0 0 0 0 0 0 0 0 0 0 0
1660936373.056382 -- INFO: Active CC: 16
1660936373.676607 -- INFO: Throughput @106.2s:535.0Mbps, rtt :7.66ms cwnd: 87.3 lossRate: 0.0 CC:16 score:0.39 
1660936374.657630 -- INFO: Throughput @107.2s:534.88Mbps, rtt :7.11ms cwnd: 87.3 lossRate: 0.0 CC:16 score:0.39 
1660936375.643936 -- INFO: Throughput @108.2s:529.83Mbps, rtt :7.68ms cwnd: 87.3 lossRate: 0.0 CC:16 score:0.39 
1660936376.557665 -- INFO: score [0.39, 0.39, 0.39] ******
1660936376.559815 -- INFO: action array from actor -0.03441448509693146 and action is 16 ******
1660936376.560021 -- INFO: Changing concurrency to 16 ******
1660936376.561589 -- INFO: Process Status Bits from change concurrency are: 1 1 1 1 1 1 1 1 1 1 1 1 1 1 1 1 0 0 0 0 0 0 0 0 0 0 0 0 0 0 0 0
1660936376.562489 -- INFO: Active CC: 16
1660936376.646697 -- INFO: Throughput @109.2s:545.04Mbps, rtt :7.78ms cwnd: 87.3 lossRate: 0.0 CC:16 score:0.4 
1660936377.680879 -- INFO: Throughput @110.2s:530.24Mbps, rtt :6.75ms cwnd: 86.4 lossRate: 0.00014829251758325567 CC:16 score:0.39 
1660936378.660923 -- INFO: Throughput @111.2s:529.94Mbps, rtt :7.11ms cwnd: 86.4 lossRate: 0.0 CC:16 score:0.39 
1660936379.670346 -- INFO: Throughput @112.2s:545.04Mbps, rtt :7.36ms cwnd: 86.4 lossRate: 0.0 CC:16 score:0.4 
1660936380.063828 -- INFO: score [0.39, 0.39, 0.4] ******
1660936380.066886 -- INFO: action array from actor -0.03441448509693146 and action is 16 ******
1660936380.067594 -- INFO: Changing concurrency to 16 ******
1660936380.069711 -- INFO: Process Status Bits from change concurrency are: 1 1 1 1 1 1 1 1 1 1 1 1 1 1 1 1 0 0 0 0 0 0 0 0 0 0 0 0 0 0 0 0
1660936380.070954 -- INFO: Active CC: 16
1660936380.686450 -- INFO: Throughput @113.2s:534.83Mbps, rtt :8.02ms cwnd: 86.4 lossRate: 0.0 CC:16 score:0.39 
1660936381.659744 -- INFO: Throughput @114.2s:524.83Mbps, rtt :7.49ms cwnd: 86.4 lossRate: 0.0 CC:16 score:0.38 
1660936382.667135 -- INFO: Throughput @115.2s:545.04Mbps, rtt :7.29ms cwnd: 86.4 lossRate: 0.0 CC:16 score:0.4 
1660936383.572634 -- INFO: score [0.39, 0.38, 0.4] ******
1660936383.573988 -- INFO: action array from actor -0.03441448509693146 and action is 16 ******
1660936383.574096 -- INFO: Changing concurrency to 16 ******
1660936383.576350 -- INFO: Process Status Bits from change concurrency are: 1 1 1 1 1 1 1 1 1 1 1 1 1 1 1 1 0 0 0 0 0 0 0 0 0 0 0 0 0 0 0 0
1660936383.578631 -- INFO: Active CC: 16
1660936383.669707 -- INFO: Throughput @116.2s:540.27Mbps, rtt :6.93ms cwnd: 86.4 lossRate: 0.0 CC:16 score:0.39 
1660936384.676614 -- INFO: Throughput @117.2s:524.91Mbps, rtt :7.44ms cwnd: 86.4 lossRate: 0.0 CC:16 score:0.38 
1660936385.667230 -- INFO: Throughput @118.2s:540.04Mbps, rtt :7.34ms cwnd: 86.4 lossRate: 0.0 CC:16 score:0.39 
1660936386.665275 -- INFO: Throughput @119.2s:534.83Mbps, rtt :7.44ms cwnd: 86.4 lossRate: 0.0 CC:16 score:0.39 
1660936387.079542 -- INFO: score [0.38, 0.39, 0.39] ******
1660936387.080939 -- INFO: action array from actor -0.03441448509693146 and action is 16 ******
1660936387.081089 -- INFO: Changing concurrency to 16 ******
1660936387.083299 -- INFO: Process Status Bits from change concurrency are: 1 1 1 1 1 1 1 1 1 1 1 1 1 1 1 1 0 0 0 0 0 0 0 0 0 0 0 0 0 0 0 0
1660936387.084651 -- INFO: Active CC: 16
1660936387.662906 -- INFO: Throughput @120.2s:529.83Mbps, rtt :7.97ms cwnd: 86.4 lossRate: 0.0 CC:16 score:0.39 
1660936388.674807 -- INFO: Throughput @121.2s:660.43Mbps, rtt :5.53ms cwnd: 101.4 lossRate: 0.0 CC:16 score:0.48 
1660936389.689875 -- INFO: Throughput @122.2s:790.0Mbps, rtt :5.0ms cwnd: 169.1 lossRate: 0.0 CC:16 score:0.58 
1660936390.599690 -- INFO: score [0.39, 0.48, 0.58] ******
1660936390.601617 -- INFO: action array from actor -0.09302022308111191 and action is 15 ******
1660936390.601754 -- INFO: Changing concurrency to 15 ******
1660936390.612407 -- INFO: Process Status Bits from change concurrency are: 1 1 1 1 1 1 1 1 1 1 1 1 1 1 1 0 0 0 0 0 0 0 0 0 0 0 0 0 0 0 0 0
1660936390.613474 -- INFO: Active CC: 15
1660936390.704992 -- INFO: Throughput @123.2s:750.0Mbps, rtt :3.81ms cwnd: 294.1 lossRate: 0.0 CC:15 score:0.56 
1660936391.708261 -- INFO: Throughput @124.2s:695.0Mbps, rtt :6.19ms cwnd: 309.9 lossRate: 0 CC:15 score:0.52 
1660936392.707055 -- INFO: Throughput @125.2s:690.0Mbps, rtt :3.65ms cwnd: 314.3 lossRate: 0.0 CC:15 score:0.51 
1660936393.718273 -- INFO: Throughput @126.2s:720.0Mbps, rtt :5.45ms cwnd: 319.0 lossRate: 0.0 CC:15 score:0.53 
1660936394.123430 -- INFO: score [0.52, 0.51, 0.53] ******
1660936394.136324 -- INFO: action array from actor 0.9352043867111206 and action is 31 ******
1660936394.136819 -- INFO: Changing concurrency to 31 ******
1660936394.143066 -- INFO: Process Status Bits from change concurrency are: 1 1 1 1 1 1 1 1 1 1 1 1 1 1 1 1 1 1 1 1 1 1 1 1 1 1 1 1 1 1 1 0
1660936394.143317 -- INFO: Start Process :: 15
1660936394.143425 -- INFO: Start Process :: 21
1660936394.143206 -- INFO: Start Process :: 16
1660936394.143498 -- INFO: Start Process :: 26
1660936394.143766 -- INFO: Start Process :: 19
1660936394.143646 -- INFO: Start Process :: 27
1660936394.144053 -- INFO: Start Process :: 17
1660936394.144082 -- INFO: Start Process :: 18
1660936394.143671 -- INFO: Start Process :: 20
1660936394.143749 -- INFO: Start Process :: 28
1660936394.143838 -- INFO: Start Process :: 22
1660936394.143903 -- INFO: Start Process :: 25
1660936394.143941 -- INFO: Start Process :: 24
1660936394.144008 -- INFO: Start Process :: 29
1660936394.144022 -- INFO: Start Process :: 30
1660936394.144619 -- INFO: Active CC: 31
1660936394.144874 -- INFO: Process 28 get item 18 from queue and executing
1660936394.145189 -- INFO: starting 28, 18, /home/hjamil/Documents/files_bash/FILE14
1660936394.145436 -- INFO: Process 19 get item 29 from queue and executing
1660936394.145766 -- INFO: starting 19, 29, /home/hjamil/Documents/files_bash/FILE0
1660936394.146040 -- INFO: Start Process :: 23
1660936394.146591 -- INFO: Process 27 get item 23 from queue and executing
1660936394.146817 -- INFO: Process 29 get item 20 from queue and executing
1660936394.146930 -- INFO: starting 27, 23, /home/hjamil/Documents/files_bash/FILE10
1660936394.146965 -- INFO: Process 17 get item 24 from queue and executing
1660936394.147049 -- INFO: Process 22 get item 22 from queue and executing
1660936394.146862 -- INFO: Process 21 get item 31 from queue and executing
1660936394.147381 -- INFO: starting 22, 22, /home/hjamil/Documents/files_bash/FILE9
1660936394.147520 -- INFO: starting 21, 31, /home/hjamil/Documents/files_bash/FILE19
1660936394.147558 -- INFO: Process 15 get item 27 from queue and executing
1660936394.147857 -- INFO: starting 15, 27, /home/hjamil/Documents/files_bash/FILE26
1660936394.148070 -- INFO: Process 30 get item 17 from queue and executing
1660936394.148235 -- INFO: Process 16 get item 21 from queue and executing
1660936394.148354 -- INFO: starting 30, 17, /home/hjamil/Documents/files_bash/FILE23
1660936394.148455 -- INFO: starting 16, 21, /home/hjamil/Documents/files_bash/FILE21
1660936394.148585 -- INFO: Process 26 get item 25 from queue and executing
1660936394.148537 -- INFO: Process 25 get item 28 from queue and executing
1660936394.148778 -- INFO: Process 24 get item 12 from queue and executing
1660936394.148850 -- INFO: starting 26, 25, /home/hjamil/Documents/files_bash/FILE28
1660936394.147188 -- INFO: starting 17, 24, /home/hjamil/Documents/files_bash/FILE12
1660936394.147185 -- INFO: Process 18 get item 19 from queue and executing
1660936394.148303 -- INFO: Process 20 get item 30 from queue and executing
1660936394.149134 -- INFO: starting 18, 19, /home/hjamil/Documents/files_bash/FILE8
1660936394.149159 -- INFO: starting 24, 12, /home/hjamil/Documents/files_bash/FILE22
1660936394.149335 -- INFO: starting 25, 28, /home/hjamil/Documents/files_bash/FILE18
1660936394.150055 -- INFO: starting 29, 20, /home/hjamil/Documents/files_bash/FILE15
1660936394.150236 -- INFO: starting 20, 30, /home/hjamil/Documents/files_bash/FILE16
1660936394.150259 -- INFO: Process 23 get item 26 from queue and executing
1660936394.152416 -- INFO: starting 23, 26, /home/hjamil/Documents/files_bash/FILE27
1660936394.705616 -- INFO: Throughput @127.2s:988.79Mbps, rtt :9.54ms cwnd: 153.6 lossRate: 0.002784098135926172 CC:31 score:0.51 
1660936395.697423 -- INFO: Throughput @128.2s:1008.66Mbps, rtt :10.49ms cwnd: 125.5 lossRate: 0.0024789042742319155 CC:31 score:0.52 
1660936396.702523 -- INFO: Throughput @129.2s:946.24Mbps, rtt :9.13ms cwnd: 90.3 lossRate: 0.0019227450883723223 CC:31 score:0.49 
1660936397.645797 -- INFO: score [0.51, 0.52, 0.49] ******
1660936397.647484 -- INFO: action array from actor -0.03441448509693146 and action is 16 ******
1660936397.647617 -- INFO: Changing concurrency to 16 ******
1660936397.647928 -- INFO: Process Status Bits from change concurrency are: 1 1 1 1 1 1 1 1 1 1 1 1 1 1 1 1 0 0 0 0 0 0 0 0 0 0 0 0 0 0 0 0
1660936397.648264 -- INFO: Active CC: 16
1660936397.742167 -- INFO: Throughput @130.2s:947.23Mbps, rtt :8.35ms cwnd: 87.0 lossRate: 0.0008087217530599232 CC:16 score:0.68 
1660936398.736809 -- INFO: Throughput @131.2s:746.91Mbps, rtt :3.33ms cwnd: 114.8 lossRate: 0 CC:16 score:0.54 
1660936399.712946 -- INFO: Throughput @132.2s:750.0Mbps, rtt :2.22ms cwnd: 128.2 lossRate: 0.0 CC:16 score:0.55 
1660936400.717074 -- INFO: Throughput @133.2s:750.0Mbps, rtt :1.84ms cwnd: 137.9 lossRate: 0.0 CC:16 score:0.55 
1660936401.151942 -- INFO: score [0.54, 0.55, 0.55] ******
1660936401.153568 -- INFO: action array from actor -0.03441448509693146 and action is 16 ******
1660936401.153693 -- INFO: Changing concurrency to 16 ******
1660936401.178637 -- INFO: Process Status Bits from change concurrency are: 1 1 1 1 1 1 1 1 1 1 1 1 1 1 1 1 0 0 0 0 0 0 0 0 0 0 0 0 0 0 0 0
1660936401.207235 -- INFO: Active CC: 16
1660936401.721236 -- INFO: Throughput @134.2s:745.0Mbps, rtt :1.99ms cwnd: 146.6 lossRate: 0.0 CC:16 score:0.54 
1660936402.716498 -- INFO: Throughput @135.2s:750.0Mbps, rtt :3.04ms cwnd: 152.2 lossRate: 0.0 CC:16 score:0.55 
1660936403.723391 -- INFO: Throughput @136.2s:750.0Mbps, rtt :2.71ms cwnd: 157.7 lossRate: 0.0 CC:16 score:0.55 
1660936404.688987 -- INFO: Throughput @137.2s:745.0Mbps, rtt :1.87ms cwnd: 163.1 lossRate: 0.0 CC:16 score:0.54 
1660936404.713489 -- INFO: score [0.55, 0.55, 0.54] ******
1660936404.714824 -- INFO: action array from actor -0.034414470195770264 and action is 16 ******
1660936404.714927 -- INFO: Changing concurrency to 16 ******
1660936404.733441 -- INFO: Process Status Bits from change concurrency are: 1 1 1 1 1 1 1 1 1 1 1 1 1 1 1 1 0 0 0 0 0 0 0 0 0 0 0 0 0 0 0 0
1660936404.736082 -- INFO: Active CC: 16
1660936405.739560 -- INFO: Throughput @138.2s:740.0Mbps, rtt :3.3ms cwnd: 168.6 lossRate: 0.0 CC:16 score:0.54 
1660936406.728531 -- INFO: Throughput @139.2s:730.0Mbps, rtt :2.27ms cwnd: 173.6 lossRate: 0.0 CC:16 score:0.53 
1660936407.704849 -- INFO: Throughput @140.2s:765.0Mbps, rtt :3.19ms cwnd: 176.7 lossRate: 0.0 CC:16 score:0.56 
1660936408.258885 -- INFO: score [0.54, 0.53, 0.56] ******
1660936408.260378 -- INFO: action array from actor 0.11261877417564392 and action is 18 ******
1660936408.260671 -- INFO: Changing concurrency to 18 ******
1660936408.261123 -- INFO: Process Status Bits from change concurrency are: 1 1 1 1 1 1 1 1 1 1 1 1 1 1 1 1 1 1 0 0 0 0 0 0 0 0 0 0 0 0 0 0
1660936408.261440 -- INFO: Start Process :: 17
1660936408.261657 -- INFO: Active CC: 18
1660936408.262542 -- INFO: Process 17 get item 16 from queue and executing
1660936408.262722 -- INFO: starting 17, 16, /home/hjamil/Documents/files_bash/FILE17
1660936408.262703 -- INFO: Start Process :: 16
1660936408.266806 -- INFO: Process 16 get item 29 from queue and executing
1660936408.267069 -- INFO: starting 16, 29, /home/hjamil/Documents/files_bash/FILE0
1660936408.704661 -- INFO: Throughput @141.2s:775.0Mbps, rtt :3.14ms cwnd: 170.9 lossRate: 0.0 CC:18 score:0.54 
1660936409.721733 -- INFO: Throughput @142.2s:835.0Mbps, rtt :2.74ms cwnd: 180.2 lossRate: 0.0 CC:18 score:0.58 
1660936410.714883 -- INFO: Throughput @143.2s:850.0Mbps, rtt :3.42ms cwnd: 185.2 lossRate: 0.0 CC:18 score:0.6 
1660936411.717551 -- INFO: Throughput @144.2s:825.0Mbps, rtt :4.67ms cwnd: 194.8 lossRate: 0.0 CC:18 score:0.58 
1660936411.770748 -- INFO: score [0.58, 0.6, 0.58] ******
1660936411.772804 -- INFO: action array from actor -0.03439076244831085 and action is 16 ******
1660936411.776069 -- INFO: Changing concurrency to 16 ******
1660936411.786973 -- INFO: Process Status Bits from change concurrency are: 1 1 1 1 1 1 1 1 1 1 1 1 1 1 1 1 0 0 0 0 0 0 0 0 0 0 0 0 0 0 0 0
1660936411.791660 -- INFO: Active CC: 16
1660936412.712481 -- INFO: Throughput @145.2s:775.0Mbps, rtt :2.99ms cwnd: 186.3 lossRate: 5.4448437329848636e-05 CC:16 score:0.56 
1660936413.728748 -- INFO: Throughput @146.2s:740.0Mbps, rtt :1.88ms cwnd: 124.6 lossRate: 0.0010174665083940986 CC:16 score:0.53 
1660936414.709888 -- INFO: Throughput @147.2s:740.0Mbps, rtt :2.13ms cwnd: 134.4 lossRate: 0.0 CC:16 score:0.54 
1660936415.307161 -- INFO: score [0.56, 0.53, 0.54] ******
1660936415.308684 -- INFO: action array from actor -0.03441448509693146 and action is 16 ******
1660936415.308969 -- INFO: Changing concurrency to 16 ******
1660936415.309351 -- INFO: Process Status Bits from change concurrency are: 1 1 1 1 1 1 1 1 1 1 1 1 1 1 1 1 0 0 0 0 0 0 0 0 0 0 0 0 0 0 0 0
1660936415.309745 -- INFO: Active CC: 16
1660936415.753021 -- INFO: Throughput @148.2s:760.0Mbps, rtt :2.06ms cwnd: 142.4 lossRate: 0.0 CC:16 score:0.55 
1660936416.724518 -- INFO: Throughput @149.2s:750.0Mbps, rtt :2.7ms cwnd: 149.1 lossRate: 0.0 CC:16 score:0.55 
1660936417.748637 -- INFO: Throughput @150.2s:730.0Mbps, rtt :2.93ms cwnd: 155.7 lossRate: 0.0 CC:16 score:0.53 
1660936418.740491 -- INFO: Throughput @151.2s:760.0Mbps, rtt :1.95ms cwnd: 161.2 lossRate: 0.0 CC:16 score:0.55 
1660936418.834881 -- INFO: score [0.55, 0.53, 0.55] ******
1660936418.836417 -- INFO: action array from actor -0.0344139039516449 and action is 16 ******
1660936418.836714 -- INFO: Changing concurrency to 16 ******
1660936418.843072 -- INFO: Process Status Bits from change concurrency are: 1 1 1 1 1 1 1 1 1 1 1 1 1 1 1 1 0 0 0 0 0 0 0 0 0 0 0 0 0 0 0 0
1660936418.843742 -- INFO: Active CC: 16
1660936419.748829 -- INFO: Throughput @152.2s:750.0Mbps, rtt :3.62ms cwnd: 166.9 lossRate: 0.0 CC:16 score:0.55 
1660936420.736588 -- INFO: Throughput @153.2s:750.0Mbps, rtt :2.34ms cwnd: 139.4 lossRate: 0.0002975770959607825 CC:16 score:0.54 
1660936421.720238 -- INFO: Throughput @154.2s:745.0Mbps, rtt :2.84ms cwnd: 145.8 lossRate: 0.0 CC:16 score:0.54 
1660936422.351166 -- INFO: score [0.55, 0.54, 0.54] ******
1660936422.352704 -- INFO: action array from actor -0.03441448509693146 and action is 16 ******
1660936422.353025 -- INFO: Changing concurrency to 16 ******
1660936422.353642 -- INFO: Process Status Bits from change concurrency are: 1 1 1 1 1 1 1 1 1 1 1 1 1 1 1 1 0 0 0 0 0 0 0 0 0 0 0 0 0 0 0 0
1660936422.354216 -- INFO: Active CC: 16
1660936422.740251 -- INFO: Throughput @155.2s:750.0Mbps, rtt :1.68ms cwnd: 153.1 lossRate: 0.0 CC:16 score:0.55 
1660936423.744367 -- INFO: Throughput @156.2s:745.0Mbps, rtt :3.16ms cwnd: 158.4 lossRate: 0.0 CC:16 score:0.54 
1660936424.749246 -- INFO: Throughput @157.2s:745.0Mbps, rtt :2.94ms cwnd: 163.1 lossRate: 0.0 CC:16 score:0.54 
1660936425.708551 -- INFO: Throughput @158.2s:760.0Mbps, rtt :2.98ms cwnd: 168.1 lossRate: 0.0 CC:16 score:0.55 
1660936425.875300 -- INFO: score [0.54, 0.54, 0.55] ******
1660936425.876802 -- INFO: action array from actor -0.033163875341415405 and action is 16 ******
1660936425.886583 -- INFO: Changing concurrency to 16 ******
1660936425.898901 -- INFO: Process Status Bits from change concurrency are: 1 1 1 1 1 1 1 1 1 1 1 1 1 1 1 1 0 0 0 0 0 0 0 0 0 0 0 0 0 0 0 0
1660936425.899578 -- INFO: Active CC: 16
1660936426.731664 -- INFO: Throughput @159.2s:740.0Mbps, rtt :3.31ms cwnd: 172.9 lossRate: 0.0 CC:16 score:0.54 
1660936427.785092 -- INFO: Throughput @160.2s:740.0Mbps, rtt :2.63ms cwnd: 177.2 lossRate: 0.0 CC:16 score:0.54 
1660936428.732458 -- INFO: Throughput @161.2s:750.0Mbps, rtt :5.14ms cwnd: 180.2 lossRate: 0.0 CC:16 score:0.55 
1660936429.405686 -- INFO: score [0.54, 0.54, 0.55] ******
1660936429.415296 -- INFO: action array from actor 0.10094945132732391 and action is 18 ******
1660936429.423485 -- INFO: Changing concurrency to 18 ******
1660936429.425334 -- INFO: Process Status Bits from change concurrency are: 1 1 1 1 1 1 1 1 1 1 1 1 1 1 1 1 1 1 0 0 0 0 0 0 0 0 0 0 0 0 0 0
1660936429.427023 -- INFO: Start Process :: 16
1660936429.428334 -- INFO: Start Process :: 17
1660936429.428638 -- INFO: Active CC: 18
1660936429.430339 -- INFO: Process 17 get item 26 from queue and executing
1660936429.430599 -- INFO: starting 17, 26, /home/hjamil/Documents/files_bash/FILE27
1660936429.434084 -- INFO: Process 16 get item 31 from queue and executing
1660936429.434332 -- INFO: starting 16, 31, /home/hjamil/Documents/files_bash/FILE19
1660936429.731941 -- INFO: Throughput @162.2s:775.0Mbps, rtt :2.74ms cwnd: 173.0 lossRate: 0.0 CC:18 score:0.54 
1660936430.714730 -- INFO: Throughput @163.2s:830.0Mbps, rtt :3.45ms cwnd: 182.8 lossRate: 0.0 CC:18 score:0.58 
1660936431.748896 -- INFO: Throughput @164.2s:835.0Mbps, rtt :2.91ms cwnd: 188.3 lossRate: 0.0 CC:18 score:0.58 
1660936432.764931 -- INFO: Throughput @165.2s:855.0Mbps, rtt :2.35ms cwnd: 195.2 lossRate: 0.0 CC:18 score:0.6 
1660936432.946994 -- INFO: score [0.58, 0.58, 0.6] ******
1660936432.951793 -- INFO: action array from actor 0.0835745558142662 and action is 18 ******
1660936432.952647 -- INFO: Changing concurrency to 18 ******
1660936432.955681 -- INFO: Process Status Bits from change concurrency are: 1 1 1 1 1 1 1 1 1 1 1 1 1 1 1 1 1 1 0 0 0 0 0 0 0 0 0 0 0 0 0 0
1660936432.959186 -- INFO: Active CC: 18
1660936433.741522 -- INFO: Throughput @166.2s:830.0Mbps, rtt :3.38ms cwnd: 197.9 lossRate: 0.0 CC:18 score:0.58 
1660936434.740373 -- INFO: Throughput @167.2s:840.0Mbps, rtt :2.91ms cwnd: 202.2 lossRate: 0.0 CC:18 score:0.59 
1660936435.736629 -- INFO: Throughput @168.2s:810.0Mbps, rtt :3.3ms cwnd: 206.6 lossRate: 0.0 CC:18 score:0.57 
1660936436.157790 -- INFO: Process 6 finished on working on file 9 
1660936436.165953 -- INFO: Process 6 get item 24 from queue and executing
1660936436.166442 -- INFO: starting 6, 24, /home/hjamil/Documents/files_bash/FILE12
1660936436.246522 -- INFO: Process 5 finished on working on file 3 
1660936436.261469 -- INFO: Process 5 get item 20 from queue and executing
1660936436.267297 -- INFO: starting 5, 20, /home/hjamil/Documents/files_bash/FILE15
1660936436.479607 -- INFO: score [0.58, 0.59, 0.57] ******
1660936436.481629 -- INFO: action array from actor 0.08401397615671158 and action is 18 ******
1660936436.486738 -- INFO: Changing concurrency to 18 ******
1660936436.502937 -- INFO: Process Status Bits from change concurrency are: 1 1 1 1 1 1 1 1 1 1 1 1 1 1 1 1 1 1 0 0 0 0 0 0 0 0 0 0 0 0 0 0
1660936436.503656 -- INFO: Active CC: 18
1660936436.752742 -- INFO: Throughput @169.2s:855.0Mbps, rtt :4.44ms cwnd: 211.7 lossRate: 0.0 CC:18 score:0.6 
1660936437.765606 -- INFO: Throughput @170.2s:830.0Mbps, rtt :4.53ms cwnd: 218.3 lossRate: 0.0 CC:18 score:0.58 
1660936438.730442 -- INFO: Throughput @171.2s:835.0Mbps, rtt :2.76ms cwnd: 222.9 lossRate: 0.0 CC:18 score:0.58 
1660936439.744830 -- INFO: Throughput @172.2s:830.0Mbps, rtt :3.44ms cwnd: 227.4 lossRate: 0.0 CC:18 score:0.58 
1660936440.023466 -- INFO: score [0.58, 0.58, 0.58] ******
1660936440.025387 -- INFO: action array from actor 0.11486856639385223 and action is 18 ******
1660936440.025740 -- INFO: Changing concurrency to 18 ******
1660936440.043277 -- INFO: Process Status Bits from change concurrency are: 1 1 1 1 1 1 1 1 1 1 1 1 1 1 1 1 1 1 0 0 0 0 0 0 0 0 0 0 0 0 0 0
1660936440.044246 -- INFO: Active CC: 18
1660936440.752883 -- INFO: Throughput @173.2s:840.0Mbps, rtt :2.93ms cwnd: 230.2 lossRate: 0.0 CC:18 score:0.59 
1660936441.741287 -- INFO: Throughput @174.2s:830.0Mbps, rtt :3.63ms cwnd: 234.6 lossRate: 0.0 CC:18 score:0.58 
1660936442.776753 -- INFO: Throughput @175.2s:840.0Mbps, rtt :3.57ms cwnd: 235.9 lossRate: 0.0 CC:18 score:0.59 
1660936443.166585 -- INFO: Process 4 finished on working on file 4 
1660936443.167384 -- INFO: Process 4 get item 23 from queue and executing
1660936443.167891 -- INFO: starting 4, 23, /home/hjamil/Documents/files_bash/FILE10
1660936443.178560 -- INFO: Process 1 finished on working on file 0 
1660936443.179104 -- INFO: Process 1 get item 19 from queue and executing
1660936443.179437 -- INFO: starting 1, 19, /home/hjamil/Documents/files_bash/FILE8
1660936443.567516 -- INFO: score [0.59, 0.58, 0.59] ******
1660936443.569532 -- INFO: action array from actor 0.1148688942193985 and action is 18 ******
1660936443.569888 -- INFO: Changing concurrency to 18 ******
1660936443.575647 -- INFO: Process Status Bits from change concurrency are: 1 1 1 1 1 1 1 1 1 1 1 1 1 1 1 1 1 1 0 0 0 0 0 0 0 0 0 0 0 0 0 0
1660936443.582834 -- INFO: Active CC: 18
1660936443.748984 -- INFO: Throughput @176.2s:820.0Mbps, rtt :3.48ms cwnd: 237.4 lossRate: 0.0 CC:18 score:0.57 
1660936444.214715 -- INFO: Process 9 finished on working on file 10 
1660936444.216860 -- INFO: Process 9 get item 30 from queue and executing
1660936444.227013 -- INFO: starting 9, 30, /home/hjamil/Documents/files_bash/FILE16
1660936444.764961 -- INFO: Throughput @177.2s:855.0Mbps, rtt :3.3ms cwnd: 239.1 lossRate: 0.0 CC:18 score:0.6 
1660936445.745499 -- INFO: Throughput @178.2s:815.0Mbps, rtt :3.93ms cwnd: 240.8 lossRate: 0.0 CC:18 score:0.57 
1660936446.778085 -- INFO: Throughput @179.2s:850.0Mbps, rtt :4.03ms cwnd: 241.8 lossRate: 0.0 CC:18 score:0.6 
1660936447.095292 -- INFO: score [0.6, 0.57, 0.6] ******
1660936447.103961 -- INFO: action array from actor 0.11487002670764923 and action is 18 ******
1660936447.110723 -- INFO: Changing concurrency to 18 ******
1660936447.115365 -- INFO: Process Status Bits from change concurrency are: 1 1 1 1 1 1 1 1 1 1 1 1 1 1 1 1 1 1 0 0 0 0 0 0 0 0 0 0 0 0 0 0
1660936447.116044 -- INFO: Active CC: 18
1660936447.760912 -- INFO: Throughput @180.2s:840.0Mbps, rtt :5.08ms cwnd: 243.2 lossRate: 0.0 CC:18 score:0.59 
1660936448.741382 -- INFO: Throughput @181.2s:855.0Mbps, rtt :4.75ms cwnd: 245.9 lossRate: 0.0 CC:18 score:0.6 
1660936449.784949 -- INFO: Throughput @182.2s:820.0Mbps, rtt :3.09ms cwnd: 247.7 lossRate: 0.0 CC:18 score:0.57 
1660936450.619270 -- INFO: score [0.59, 0.6, 0.57] ******
1660936450.620535 -- INFO: action array from actor 0.1148688942193985 and action is 18 ******
1660936450.620636 -- INFO: Changing concurrency to 18 ******
1660936450.639216 -- INFO: Process Status Bits from change concurrency are: 1 1 1 1 1 1 1 1 1 1 1 1 1 1 1 1 1 1 0 0 0 0 0 0 0 0 0 0 0 0 0 0
1660936450.643702 -- INFO: Active CC: 18
1660936450.759772 -- INFO: Throughput @183.2s:825.0Mbps, rtt :4.6ms cwnd: 249.3 lossRate: 0.0 CC:18 score:0.58 
1660936451.626577 -- INFO: Process 11 finished on working on file 6 
1660936451.630682 -- INFO: Process 11 get item 28 from queue and executing
1660936451.631092 -- INFO: starting 11, 28, /home/hjamil/Documents/files_bash/FILE18
1660936451.746535 -- INFO: Throughput @184.2s:830.0Mbps, rtt :2.99ms cwnd: 250.6 lossRate: 0.0 CC:18 score:0.58 
1660936451.838601 -- INFO: Process 8 finished on working on file 7 
1660936451.843723 -- INFO: Process 8 get item 18 from queue and executing
1660936451.844074 -- INFO: starting 8, 18, /home/hjamil/Documents/files_bash/FILE14
1660936451.938578 -- INFO: Process 14 finished on working on file 14 
1660936451.966819 -- INFO: Process 14 get item 21 from queue and executing
1660936451.967330 -- INFO: starting 14, 21, /home/hjamil/Documents/files_bash/FILE21
1660936452.786160 -- INFO: Throughput @185.2s:820.0Mbps, rtt :3.12ms cwnd: 252.4 lossRate: 0.0 CC:18 score:0.57 
1660936453.756809 -- INFO: Throughput @186.2s:830.0Mbps, rtt :3.35ms cwnd: 254.4 lossRate: 0.0 CC:18 score:0.58 
1660936454.159513 -- INFO: score [0.58, 0.57, 0.58] ******
1660936454.161401 -- INFO: action array from actor 0.11486946046352386 and action is 18 ******
1660936454.170700 -- INFO: Changing concurrency to 18 ******
1660936454.182779 -- INFO: Process Status Bits from change concurrency are: 1 1 1 1 1 1 1 1 1 1 1 1 1 1 1 1 1 1 0 0 0 0 0 0 0 0 0 0 0 0 0 0
1660936454.183593 -- INFO: Active CC: 18
1660936454.789146 -- INFO: Throughput @187.2s:825.0Mbps, rtt :4.36ms cwnd: 257.6 lossRate: 0.0 CC:18 score:0.58 
1660936455.740636 -- INFO: Throughput @188.2s:835.0Mbps, rtt :3.74ms cwnd: 258.7 lossRate: 0.0 CC:18 score:0.58 
1660936456.773120 -- INFO: Throughput @189.2s:840.0Mbps, rtt :6.13ms cwnd: 260.2 lossRate: 0.0 CC:18 score:0.59 
1660936457.684542 -- INFO: score [0.58, 0.58, 0.59] ******
1660936457.695963 -- INFO: action array from actor 0.1148688867688179 and action is 18 ******
1660936457.696294 -- INFO: Changing concurrency to 18 ******
1660936457.696892 -- INFO: Process Status Bits from change concurrency are: 1 1 1 1 1 1 1 1 1 1 1 1 1 1 1 1 1 1 0 0 0 0 0 0 0 0 0 0 0 0 0 0
1660936457.697556 -- INFO: Active CC: 18
1660936457.756714 -- INFO: Throughput @190.2s:835.0Mbps, rtt :6.09ms cwnd: 261.6 lossRate: 0.0 CC:18 score:0.58 
1660936458.757004 -- INFO: Throughput @191.2s:845.0Mbps, rtt :4.98ms cwnd: 262.9 lossRate: 0.0 CC:18 score:0.59 
1660936459.753562 -- INFO: Throughput @192.2s:835.0Mbps, rtt :3.97ms cwnd: 266.4 lossRate: 0.0 CC:18 score:0.58 
1660936460.756661 -- INFO: Throughput @193.2s:830.0Mbps, rtt :4.77ms cwnd: 268.4 lossRate: 0.0 CC:18 score:0.58 
1660936461.219033 -- INFO: score [0.59, 0.58, 0.58] ******
1660936461.223178 -- INFO: action array from actor 0.11566761136054993 and action is 18 ******
1660936461.229918 -- INFO: Changing concurrency to 18 ******
1660936461.232079 -- INFO: Process Status Bits from change concurrency are: 1 1 1 1 1 1 1 1 1 1 1 1 1 1 1 1 1 1 0 0 0 0 0 0 0 0 0 0 0 0 0 0
1660936461.233689 -- INFO: Active CC: 18
1660936461.774665 -- INFO: Throughput @194.2s:820.0Mbps, rtt :2.4ms cwnd: 271.8 lossRate: 0.0 CC:18 score:0.57 
1660936462.780982 -- INFO: Throughput @195.2s:825.0Mbps, rtt :3.9ms cwnd: 273.2 lossRate: 0.0 CC:18 score:0.58 
1660936463.773157 -- INFO: Throughput @196.2s:835.0Mbps, rtt :6.51ms cwnd: 277.1 lossRate: 0.0 CC:18 score:0.58 
1660936464.740187 -- INFO: score [0.57, 0.58, 0.58] ******
1660936464.741654 -- INFO: action array from actor 0.11597079038619995 and action is 18 ******
1660936464.741938 -- INFO: Changing concurrency to 18 ******
1660936464.744587 -- INFO: Throughput @197.2s:820.0Mbps, rtt :3.86ms cwnd: 279.7 lossRate: 0.0 CC:18 score:0.57 
1660936464.745099 -- INFO: Process Status Bits from change concurrency are: 1 1 1 1 1 1 1 1 1 1 1 1 1 1 1 1 1 1 0 0 0 0 0 0 0 0 0 0 0 0 0 0
1660936464.754629 -- INFO: Active CC: 18
1660936465.785431 -- INFO: Throughput @198.2s:835.0Mbps, rtt :3.02ms cwnd: 281.8 lossRate: 0.0 CC:18 score:0.58 
1660936466.786399 -- INFO: Throughput @199.2s:845.0Mbps, rtt :4.3ms cwnd: 282.6 lossRate: 0.0 CC:18 score:0.59 
1660936467.712466 -- INFO: Process 19 shutdown itself from outest loop
1660936467.712455 -- INFO: episode expires
1660936467.712676 -- INFO: Process 29 shutdown itself from outest loop
1660936467.712919 -- INFO: Process 20 shutdown itself from outest loop
1660936467.712991 -- INFO: Process 18 shutdown itself from outest loop
1660936467.712475 -- INFO: Process 22 shutdown itself from outest loop
1660936467.712734 -- INFO: Process 25 shutdown itself from outest loop
1660936467.713180 -- INFO: Process 27 shutdown itself from outest loop
1660936467.712790 -- INFO: Process 28 shutdown itself from outest loop
1660936467.712814 -- INFO: Process 21 shutdown itself from outest loop
1660936467.713422 -- INFO: Process 24 shutdown itself from outest loop
1660936467.714561 -- INFO: Process 23 shutdown itself from outest loop
1660936467.714871 -- INFO: Process 31 shutdown itself from outest loop
1660936467.714567 -- INFO: Process 30 shutdown itself from outest loop
1660936467.715698 -- INFO: Process 26 shutdown itself from outest loop
1660936468.264030 -- INFO: score [0.57, 0.58, 0.59] ******
