1660701686.931744 -- INFO: Throughput @0.1s:0.0Mbps, rtt :4.01ms cwnd: 451.2 lossRate: 7.233726526557421e-06 CC:0 score:0.0 
1660701687.912954 -- INFO: Throughput @1.1s:0.0Mbps, rtt :4.01ms cwnd: 451.2 lossRate: 0 CC:0 score:0.0 
1660701688.933582 -- INFO: Throughput @2.1s:0.0Mbps, rtt :4.01ms cwnd: 451.2 lossRate: 0 CC:0 score:0.0 
1660701689.922125 -- INFO: Throughput @3.1s:0.0Mbps, rtt :4.01ms cwnd: 451.2 lossRate: 0 CC:0 score:0.0 
1660701696.805931 -- INFO: action array from actor 0.0218071136623621 and action is 17 ******
1660701696.837156 -- INFO: Changing concurrency to 17 ******
1660701696.851534 -- INFO: Process Status Bits from change concurrency are: 1 1 1 1 1 1 1 1 1 1 1 1 1 1 1 1 1 0 0 0 0 0 0 0 0 0 0 0 0 0 0 0
1660701696.860690 -- INFO: Active CC: 17
1660701696.880441 -- INFO: Start Process :: 1
1660701696.891205 -- INFO: Start Process :: 0
1660701696.924112 -- INFO: Process 1 get item 0 from queue and executing
1660701696.930044 -- INFO: Throughput @0.3s:0.0Mbps, rtt :4.01ms cwnd: 451.2 lossRate: 7.233726526557421e-06 CC:0 score:0.0 
1660701696.936368 -- INFO: Process 0 get item 1 from queue and executing
1660701696.937057 -- INFO: Start Process :: 2
1660701696.964926 -- INFO: Start Process :: 5
1660701696.970552 -- INFO: starting 1, 0, /home/hjamil/Documents/files_bash/FILE25
1660701696.972590 -- INFO: Start Process :: 9
1660701696.976594 -- INFO: Process 2 get item 2 from queue and executing
1660701696.978508 -- INFO: starting 0, 1, /home/hjamil/Documents/files_bash/FILE1
1660701696.994956 -- INFO: Process 5 get item 3 from queue and executing
1660701697.002739 -- INFO: Start Process :: 13
1660701697.004074 -- INFO: Process 9 get item 4 from queue and executing
1660701697.030616 -- INFO: Start Process :: 7
1660701697.042685 -- INFO: starting 5, 3, /home/hjamil/Documents/files_bash/FILE13
1660701697.045653 -- INFO: Process 13 get item 5 from queue and executing
1660701697.059992 -- INFO: starting 2, 2, /home/hjamil/Documents/files_bash/FILE4
1660701697.074824 -- INFO: starting 9, 4, /home/hjamil/Documents/files_bash/FILE3
1660701697.080695 -- INFO: Start Process :: 14
1660701697.083588 -- INFO: Process 7 get item 6 from queue and executing
1660701697.088770 -- INFO: Start Process :: 16
1660701697.089118 -- INFO: Start Process :: 3
1660701697.089875 -- INFO: Start Process :: 11
1660701697.090217 -- INFO: Start Process :: 15
1660701697.113741 -- INFO: Start Process :: 4
1660701697.113959 -- INFO: Start Process :: 6
1660701697.115445 -- INFO: Start Process :: 8
1660701697.121078 -- INFO: Process 14 get item 7 from queue and executing
1660701697.135750 -- INFO: Process 3 get item 8 from queue and executing
1660701697.136581 -- INFO: Process 11 get item 9 from queue and executing
1660701697.136871 -- INFO: Process 4 get item 10 from queue and executing
1660701697.137967 -- INFO: starting 13, 5, /home/hjamil/Documents/files_bash/FILE24
1660701697.138019 -- INFO: Process 15 get item 11 from queue and executing
1660701697.138137 -- INFO: Process 16 get item 12 from queue and executing
1660701697.138320 -- INFO: starting 7, 6, /home/hjamil/Documents/files_bash/FILE2
1660701697.140471 -- INFO: starting 16, 12, /home/hjamil/Documents/files_bash/FILE22
1660701697.140780 -- INFO: starting 11, 9, /home/hjamil/Documents/files_bash/FILE7
1660701697.202692 -- INFO: Process 8 get item 13 from queue and executing
1660701697.202817 -- INFO: Process 6 get item 14 from queue and executing
1660701697.203065 -- INFO: Start Process :: 10
1660701697.204077 -- INFO: starting 4, 10, /home/hjamil/Documents/files_bash/FILE31
1660701697.205908 -- INFO: Start Process :: 12
1660701697.222679 -- INFO: starting 14, 7, /home/hjamil/Documents/files_bash/FILE20
1660701697.231318 -- INFO: starting 3, 8, /home/hjamil/Documents/files_bash/FILE29
1660701697.239784 -- INFO: starting 15, 11, /home/hjamil/Documents/files_bash/FILE6
1660701697.253716 -- INFO: starting 6, 14, /home/hjamil/Documents/files_bash/FILE30
1660701697.254966 -- INFO: starting 8, 13, /home/hjamil/Documents/files_bash/FILE11
1660701697.258115 -- INFO: Process 10 get item 15 from queue and executing
1660701697.289073 -- INFO: Process 12 get item 16 from queue and executing
1660701697.363990 -- INFO: starting 10, 15, /home/hjamil/Documents/files_bash/FILE5
1660701697.364348 -- INFO: starting 12, 16, /home/hjamil/Documents/files_bash/FILE17
1660701697.834856 -- INFO: Throughput @1.3s:340.0Mbps, rtt :3.0ms cwnd: 283.7 lossRate: 0.0 CC:17 score:0.24 
1660701698.830539 -- INFO: Throughput @2.3s:650.0Mbps, rtt :3.76ms cwnd: 311.6 lossRate: 0.0 CC:17 score:0.46 
1660701699.852428 -- INFO: Throughput @3.3s:635.0Mbps, rtt :5.16ms cwnd: 329.7 lossRate: 0.0 CC:17 score:0.45 
1660701700.468369 -- INFO: score [0.24, 0.46, 0.45] ******
1660701700.522682 -- INFO: action array from actor 1.0 and action is 32 ******
1660701700.526809 -- INFO: Changing concurrency to 32 ******
1660701700.530597 -- INFO: Process Status Bits from change concurrency are: 1 1 1 1 1 1 1 1 1 1 1 1 1 1 1 1 1 1 1 1 1 1 1 1 1 1 1 1 1 1 1 1
1660701700.535729 -- INFO: Active CC: 32
1660701700.575032 -- INFO: Start Process :: 23
1660701700.601796 -- INFO: Start Process :: 25
1660701700.626633 -- INFO: Start Process :: 20
1660701700.627448 -- INFO: Start Process :: 22
1660701700.628907 -- INFO: Process 23 get item 17 from queue and executing
1660701700.647754 -- INFO: Process 25 get item 18 from queue and executing
1660701700.650100 -- INFO: starting 23, 17, /home/hjamil/Documents/files_bash/FILE23
1660701700.655251 -- INFO: Start Process :: 24
1660701700.656174 -- INFO: Process 22 get item 19 from queue and executing
1660701700.662948 -- INFO: Process 20 get item 20 from queue and executing
1660701700.683418 -- INFO: Start Process :: 19
1660701700.694853 -- INFO: starting 22, 19, /home/hjamil/Documents/files_bash/FILE8
1660701700.695795 -- INFO: Start Process :: 26
1660701700.701363 -- INFO: starting 25, 18, /home/hjamil/Documents/files_bash/FILE14
1660701700.707544 -- INFO: Process 19 get item 21 from queue and executing
1660701700.716080 -- INFO: starting 20, 20, /home/hjamil/Documents/files_bash/FILE15
1660701700.730557 -- INFO: Process 26 get item 22 from queue and executing
1660701700.731762 -- INFO: Start Process :: 30
1660701700.740254 -- INFO: Process 24 get item 23 from queue and executing
1660701700.753741 -- INFO: Start Process :: 17
1660701700.757604 -- INFO: starting 26, 22, /home/hjamil/Documents/files_bash/FILE9
1660701700.783615 -- INFO: Process 30 get item 24 from queue and executing
1660701700.790780 -- INFO: starting 19, 21, /home/hjamil/Documents/files_bash/FILE21
1660701700.802837 -- INFO: Process 17 get item 25 from queue and executing
1660701700.816483 -- INFO: Throughput @4.3s:685.0Mbps, rtt :3.29ms cwnd: 295.6 lossRate: 0.0 CC:32 score:0.36 
1660701700.824397 -- INFO: starting 30, 24, /home/hjamil/Documents/files_bash/FILE12
1660701700.830587 -- INFO: Start Process :: 28
1660701700.854665 -- INFO: Start Process :: 18
1660701700.855936 -- INFO: Start Process :: 31
1660701700.862666 -- INFO: starting 17, 25, /home/hjamil/Documents/files_bash/FILE28
1660701700.863245 -- INFO: starting 24, 23, /home/hjamil/Documents/files_bash/FILE10
1660701700.871315 -- INFO: Start Process :: 21
1660701700.885911 -- INFO: Process 31 get item 26 from queue and executing
1660701700.889979 -- INFO: Process 28 get item 27 from queue and executing
1660701700.901858 -- INFO: Process 18 get item 28 from queue and executing
1660701700.915129 -- INFO: starting 31, 26, /home/hjamil/Documents/files_bash/FILE27
1660701700.914940 -- INFO: Start Process :: 27
1660701700.925318 -- INFO: Process 21 get item 29 from queue and executing
1660701700.930927 -- INFO: starting 28, 27, /home/hjamil/Documents/files_bash/FILE26
1660701700.933887 -- INFO: Start Process :: 29
1660701700.967243 -- INFO: starting 21, 29, /home/hjamil/Documents/files_bash/FILE0
1660701700.973446 -- INFO: Process 29 get item 30 from queue and executing
1660701700.992013 -- INFO: starting 18, 28, /home/hjamil/Documents/files_bash/FILE18
1660701700.993717 -- INFO: Process 27 get item 31 from queue and executing
1660701701.004722 -- INFO: starting 29, 30, /home/hjamil/Documents/files_bash/FILE16
1660701701.070927 -- INFO: starting 27, 31, /home/hjamil/Documents/files_bash/FILE19
1660701701.836236 -- INFO: Throughput @5.4s:999.14Mbps, rtt :8.94ms cwnd: 239.9 lossRate: 0.003203232801103883 CC:32 score:0.5 
1660701702.843723 -- INFO: Throughput @6.4s:964.09Mbps, rtt :6.5ms cwnd: 231.4 lossRate: 0.0013685908402170195 CC:32 score:0.5 
1660701703.801204 -- INFO: Throughput @7.4s:935.34Mbps, rtt :7.67ms cwnd: 227.8 lossRate: 0.0009536524890329964 CC:32 score:0.49 
1660701704.063316 -- INFO: score [0.5, 0.5, 0.49] ******
1660701704.090903 -- INFO: action array from actor 1.0 and action is 32 ******
1660701704.094796 -- INFO: Changing concurrency to 32 ******
1660701704.130805 -- INFO: Process Status Bits from change concurrency are: 1 1 1 1 1 1 1 1 1 1 1 1 1 1 1 1 1 1 1 1 1 1 1 1 1 1 1 1 1 1 1 1
1660701704.138488 -- INFO: Active CC: 32
1660701704.801047 -- INFO: Throughput @8.4s:940.14Mbps, rtt :7.55ms cwnd: 228.2 lossRate: 0.00038769384692346174 CC:32 score:0.5 
1660701705.858642 -- INFO: Throughput @9.4s:928.86Mbps, rtt :6.88ms cwnd: 228.7 lossRate: 7.179953569633584e-05 CC:32 score:0.49 
1660701706.797983 -- INFO: Throughput @10.4s:957.01Mbps, rtt :8.06ms cwnd: 225.0 lossRate: 0.0006316467934257171 CC:32 score:0.5 
1660701707.655473 -- INFO: score [0.5, 0.49, 0.5] ******
1660701707.702858 -- INFO: action array from actor 1.0 and action is 32 ******
1660701707.704153 -- INFO: Changing concurrency to 32 ******
1660701707.705332 -- INFO: Process Status Bits from change concurrency are: 1 1 1 1 1 1 1 1 1 1 1 1 1 1 1 1 1 1 1 1 1 1 1 1 1 1 1 1 1 1 1 1
1660701707.706555 -- INFO: Active CC: 32
1660701707.823118 -- INFO: Throughput @11.4s:956.54Mbps, rtt :7.01ms cwnd: 225.4 lossRate: 9.725261366399222e-05 CC:32 score:0.51 
1660701708.778701 -- INFO: Throughput @12.4s:938.54Mbps, rtt :6.61ms cwnd: 222.9 lossRate: 0.0005689432826763091 CC:32 score:0.49 
1660701709.772643 -- INFO: Throughput @13.4s:933.73Mbps, rtt :6.26ms cwnd: 222.0 lossRate: 0.00017591254633410818 CC:32 score:0.49 
1660701710.784390 -- INFO: Throughput @14.4s:932.99Mbps, rtt :6.79ms cwnd: 221.4 lossRate: 0.00017477497721683332 CC:32 score:0.49 
1660701711.215726 -- INFO: score [0.49, 0.49, 0.49] ******
1660701711.234654 -- INFO: action array from actor 1.0 and action is 32 ******
1660701711.237280 -- INFO: Changing concurrency to 32 ******
1660701711.246699 -- INFO: Process Status Bits from change concurrency are: 1 1 1 1 1 1 1 1 1 1 1 1 1 1 1 1 1 1 1 1 1 1 1 1 1 1 1 1 1 1 1 1
1660701711.250238 -- INFO: Active CC: 32
1660701711.812011 -- INFO: Throughput @15.4s:936.88Mbps, rtt :6.51ms cwnd: 220.6 lossRate: 0.00018980509389420738 CC:32 score:0.5 
1660701712.788226 -- INFO: Throughput @16.4s:920.58Mbps, rtt :6.63ms cwnd: 219.3 lossRate: 3.78525014194688e-05 CC:32 score:0.49 
1660701713.771010 -- INFO: Throughput @17.4s:943.57Mbps, rtt :6.95ms cwnd: 219.4 lossRate: 0.0 CC:32 score:0.5 
1660701714.759757 -- INFO: score [0.5, 0.49, 0.5] ******
1660701714.790822 -- INFO: action array from actor 1.0 and action is 32 ******
1660701714.814845 -- INFO: Changing concurrency to 32 ******
1660701714.816246 -- INFO: Process Status Bits from change concurrency are: 1 1 1 1 1 1 1 1 1 1 1 1 1 1 1 1 1 1 1 1 1 1 1 1 1 1 1 1 1 1 1 1
1660701714.818447 -- INFO: Active CC: 32
1660701714.902679 -- INFO: Throughput @18.4s:931.67Mbps, rtt :6.68ms cwnd: 218.3 lossRate: 0.0002488969340423125 CC:32 score:0.49 
1660701715.817775 -- INFO: Throughput @19.4s:941.22Mbps, rtt :6.87ms cwnd: 218.3 lossRate: 0.0 CC:32 score:0.5 
1660701716.730293 -- INFO: episode expires
1660701718.324896 -- INFO: score [0.5, 0.49, 0.5] ******
1660701721.342280 -- INFO: Process 7 shutdown itself from outest loop
1660701721.342285 -- INFO: Process 25 shutdown itself from outest loop
1660701721.342342 -- INFO: Process 4 shutdown itself from outest loop
1660701721.342322 -- INFO: Process 12 shutdown itself from outest loop
1660701721.342518 -- INFO: Process 15 shutdown itself from outest loop
1660701721.344468 -- INFO: Process 21 shutdown itself from outest loop
1660701721.344723 -- INFO: Process 16 shutdown itself from outest loop
1660701721.344984 -- INFO: Process 19 shutdown itself from outest loop
1660701721.345049 -- INFO: Process 24 shutdown itself from outest loop
1660701721.345424 -- INFO: Process 17 shutdown itself from outest loop
1660701721.345669 -- INFO: Process 23 shutdown itself from outest loop
1660701721.344779 -- INFO: Process 26 shutdown itself from outest loop
1660701721.347567 -- INFO: Process 10 shutdown itself from outest loop
1660701721.347882 -- INFO: Process 31 shutdown itself from outest loop
1660701721.347990 -- INFO: Process 9 shutdown itself from outest loop
1660701721.348167 -- INFO: Process 18 shutdown itself from outest loop
1660701721.348155 -- INFO: Process 22 shutdown itself from outest loop
1660701721.350295 -- INFO: Process 30 shutdown itself from outest loop
1660701721.350612 -- INFO: Process 8 shutdown itself from outest loop
1660701721.350643 -- INFO: Process 1 shutdown itself from outest loop
1660701721.351203 -- INFO: Process 28 shutdown itself from outest loop
1660701721.351498 -- INFO: Process 0 shutdown itself from outest loop
1660701721.352766 -- INFO: Process 5 shutdown itself from outest loop
1660701721.353264 -- INFO: Process 6 shutdown itself from outest loop
1660701721.353991 -- INFO: Process 3 shutdown itself from outest loop
1660701721.354455 -- INFO: Process 20 shutdown itself from outest loop
1660701721.356020 -- INFO: Process 11 shutdown itself from outest loop
1660701721.357684 -- INFO: Process 13 shutdown itself from outest loop
1660701721.358541 -- INFO: Process 27 shutdown itself from outest loop
1660701721.359360 -- INFO: Process 29 shutdown itself from outest loop
1660701721.361533 -- INFO: Process 2 shutdown itself from outest loop
1660701721.362442 -- INFO: Process 14 shutdown itself from outest loop
1660701722.311502 -- INFO: Throughput @0.1s:0.0Mbps, rtt :4.01ms cwnd: 451.2 lossRate: 7.233726526557421e-06 CC:0 score:0.0 
1660701771.323516 -- INFO: Process 13 shutdown itself from outest loop
1660701771.323641 -- INFO: Process 4 shutdown itself from outest loop
1660701771.324110 -- INFO: Process 16 shutdown itself from outest loop
1660701771.324782 -- INFO: Process 26 shutdown itself from outest loop
1660701771.323513 -- INFO: Process 31 shutdown itself from outest loop
1660701771.323513 -- INFO: Process 9 shutdown itself from outest loop
1660701771.326696 -- INFO: Process 10 shutdown itself from outest loop
1660701771.326847 -- INFO: Process 12 shutdown itself from outest loop
1660701771.327009 -- INFO: Process 15 shutdown itself from outest loop
1660701771.325391 -- INFO: Process 29 shutdown itself from outest loop
1660701771.329230 -- INFO: Process 1 shutdown itself from outest loop
1660701771.329873 -- INFO: Process 6 shutdown itself from outest loop
1660701771.329462 -- INFO: Process 22 shutdown itself from outest loop
1660701771.331984 -- INFO: Process 5 shutdown itself from outest loop
1660701771.332587 -- INFO: Process 23 shutdown itself from outest loop
1660701771.334799 -- INFO: Process 2 shutdown itself from outest loop
1660701771.326290 -- INFO: Process 18 shutdown itself from outest loop
1660701771.326463 -- INFO: Process 8 shutdown itself from outest loop
1660701771.326456 -- INFO: Process 20 shutdown itself from outest loop
1660701771.329307 -- INFO: Process 19 shutdown itself from outest loop
1660701771.325910 -- INFO: Process 17 shutdown itself from outest loop
1660701771.334965 -- INFO: Process 11 shutdown itself from outest loop
1660701771.335225 -- INFO: Process 14 shutdown itself from outest loop
1660701771.335543 -- INFO: Process 27 shutdown itself from outest loop
1660701771.335751 -- INFO: Process 3 shutdown itself from outest loop
1660701771.342930 -- INFO: Process 0 shutdown itself from outest loop
1660701771.336099 -- INFO: Process 7 shutdown itself from outest loop
1660701771.336247 -- INFO: Process 24 shutdown itself from outest loop
1660701771.345650 -- INFO: Process 28 shutdown itself from outest loop
1660701771.348390 -- INFO: Process 30 shutdown itself from outest loop
1660701771.350590 -- INFO: Process 21 shutdown itself from outest loop
1660701771.351408 -- INFO: Process 25 shutdown itself from outest loop
1660701772.500040 -- INFO: action array from actor 0.0218071136623621 and action is 17 ******
1660701772.503064 -- INFO: Changing concurrency to 17 ******
1660701772.519288 -- INFO: Process Status Bits from change concurrency are: 1 1 1 1 1 1 1 1 1 1 1 1 1 1 1 1 1 0 0 0 0 0 0 0 0 0 0 0 0 0 0 0
1660701772.524795 -- INFO: Active CC: 17
1660701772.534831 -- INFO: Start Process :: 8
1660701772.537604 -- INFO: Start Process :: 0
1660701772.539789 -- INFO: Start Process :: 1
1660701772.539946 -- INFO: Start Process :: 6
1660701772.542747 -- INFO: Start Process :: 4
1660701772.545991 -- INFO: Process 1 get item 0 from queue and executing
1660701772.546042 -- INFO: Process 6 get item 1 from queue and executing
1660701772.547630 -- INFO: Process 8 get item 2 from queue and executing
1660701772.549833 -- INFO: starting 8, 2, /home/hjamil/Documents/files_bash/FILE4
1660701772.552008 -- INFO: starting 1, 0, /home/hjamil/Documents/files_bash/FILE25
1660701772.551825 -- INFO: Start Process :: 5
1660701772.553577 -- INFO: Start Process :: 9
1660701772.555100 -- INFO: Process 4 get item 3 from queue and executing
1660701772.557161 -- INFO: Start Process :: 7
1660701772.557245 -- INFO: Start Process :: 3
1660701772.560981 -- INFO: Start Process :: 10
1660701772.561058 -- INFO: Start Process :: 2
1660701772.561655 -- INFO: Start Process :: 13
1660701772.564611 -- INFO: Start Process :: 11
1660701772.566500 -- INFO: Process 5 get item 4 from queue and executing
1660701772.569995 -- INFO: starting 4, 3, /home/hjamil/Documents/files_bash/FILE13
1660701772.573776 -- INFO: starting 5, 4, /home/hjamil/Documents/files_bash/FILE3
1660701772.574513 -- INFO: starting 6, 1, /home/hjamil/Documents/files_bash/FILE1
1660701772.578382 -- INFO: Process 13 get item 5 from queue and executing
1660701772.589942 -- INFO: Process 9 get item 6 from queue and executing
1660701772.606853 -- INFO: starting 13, 5, /home/hjamil/Documents/files_bash/FILE24
1660701772.607229 -- INFO: starting 9, 6, /home/hjamil/Documents/files_bash/FILE2
1660701772.608913 -- INFO: Process 3 get item 7 from queue and executing
1660701772.630413 -- INFO: Process 11 get item 8 from queue and executing
1660701772.630604 -- INFO: Process 0 get item 9 from queue and executing
1660701772.633060 -- INFO: Process 2 get item 10 from queue and executing
1660701772.639870 -- INFO: Process 10 get item 11 from queue and executing
1660701772.651626 -- INFO: starting 0, 9, /home/hjamil/Documents/files_bash/FILE7
1660701772.651837 -- INFO: starting 2, 10, /home/hjamil/Documents/files_bash/FILE31
1660701772.652620 -- INFO: Process 7 get item 12 from queue and executing
1660701772.654975 -- INFO: starting 11, 8, /home/hjamil/Documents/files_bash/FILE29
1660701772.655517 -- INFO: starting 10, 11, /home/hjamil/Documents/files_bash/FILE6
1660701772.662345 -- INFO: Start Process :: 12
1660701772.667866 -- INFO: starting 3, 7, /home/hjamil/Documents/files_bash/FILE20
1660701772.675590 -- INFO: starting 7, 12, /home/hjamil/Documents/files_bash/FILE22
1660701772.688013 -- INFO: Start Process :: 15
1660701772.710773 -- INFO: Process 12 get item 13 from queue and executing
1660701772.714284 -- INFO: Throughput @0.1s:0.0Mbps, rtt :3.64ms cwnd: 407.1 lossRate: 7.233726526557421e-06 CC:10 score:0.0 
1660701772.714512 -- INFO: Start Process :: 14
1660701772.725539 -- INFO: starting 12, 13, /home/hjamil/Documents/files_bash/FILE11
1660701772.727640 -- INFO: Start Process :: 16
1660701772.729212 -- INFO: Process 15 get item 14 from queue and executing
1660701772.752212 -- INFO: Process 16 get item 15 from queue and executing
1660701772.757547 -- INFO: Process 14 get item 16 from queue and executing
1660701772.766890 -- INFO: starting 15, 14, /home/hjamil/Documents/files_bash/FILE30
1660701772.767520 -- INFO: starting 16, 15, /home/hjamil/Documents/files_bash/FILE5
1660701772.816977 -- INFO: starting 14, 16, /home/hjamil/Documents/files_bash/FILE17
1660701773.609264 -- INFO: Throughput @1.1s:645.0Mbps, rtt :3.66ms cwnd: 302.9 lossRate: 0.0 CC:17 score:0.46 
1660701774.580912 -- INFO: Throughput @2.1s:755.0Mbps, rtt :3.28ms cwnd: 328.7 lossRate: 0.0 CC:17 score:0.54 
1660701775.598799 -- INFO: Throughput @3.1s:755.0Mbps, rtt :3.45ms cwnd: 355.8 lossRate: 0.0 CC:17 score:0.54 
1660701776.059542 -- INFO: score [0.46, 0.54, 0.54] ******
1660701776.067558 -- INFO: action array from actor 1.0 and action is 32 ******
1660701776.069985 -- INFO: Changing concurrency to 32 ******
1660701776.072473 -- INFO: Process Status Bits from change concurrency are: 1 1 1 1 1 1 1 1 1 1 1 1 1 1 1 1 1 1 1 1 1 1 1 1 1 1 1 1 1 1 1 1
1660701776.086650 -- INFO: Active CC: 32
1660701776.132462 -- INFO: Start Process :: 23
1660701776.137594 -- INFO: Start Process :: 18
1660701776.137665 -- INFO: Start Process :: 26
1660701776.147140 -- INFO: Process 18 get item 17 from queue and executing
1660701776.148253 -- INFO: Process 23 get item 18 from queue and executing
1660701776.150965 -- INFO: Start Process :: 22
1660701776.152487 -- INFO: Process 26 get item 19 from queue and executing
1660701776.155010 -- INFO: Start Process :: 25
1660701776.158623 -- INFO: starting 26, 19, /home/hjamil/Documents/files_bash/FILE8
1660701776.159197 -- INFO: starting 18, 17, /home/hjamil/Documents/files_bash/FILE23
1660701776.162838 -- INFO: starting 23, 18, /home/hjamil/Documents/files_bash/FILE14
1660701776.171266 -- INFO: Start Process :: 21
1660701776.173140 -- INFO: Process 22 get item 20 from queue and executing
1660701776.177616 -- INFO: Start Process :: 24
1660701776.182919 -- INFO: starting 22, 20, /home/hjamil/Documents/files_bash/FILE15
1660701776.195621 -- INFO: Process 25 get item 21 from queue and executing
1660701776.195432 -- INFO: Start Process :: 20
1660701776.196567 -- INFO: Process 21 get item 22 from queue and executing
1660701776.198260 -- INFO: Start Process :: 31
1660701776.206738 -- INFO: Process 24 get item 23 from queue and executing
1660701776.215240 -- INFO: Start Process :: 27
1660701776.219015 -- INFO: Start Process :: 17
1660701776.219271 -- INFO: Process 20 get item 24 from queue and executing
1660701776.226562 -- INFO: starting 25, 21, /home/hjamil/Documents/files_bash/FILE21
1660701776.240526 -- INFO: starting 24, 23, /home/hjamil/Documents/files_bash/FILE10
1660701776.243602 -- INFO: Process 27 get item 25 from queue and executing
1660701776.244227 -- INFO: Start Process :: 28
1660701776.246509 -- INFO: Start Process :: 30
1660701776.256209 -- INFO: Start Process :: 29
1660701776.263571 -- INFO: Process 29 get item 26 from queue and executing
1660701776.270510 -- INFO: starting 21, 22, /home/hjamil/Documents/files_bash/FILE9
1660701776.279170 -- INFO: starting 27, 25, /home/hjamil/Documents/files_bash/FILE28
1660701776.281155 -- INFO: Process 31 get item 27 from queue and executing
1660701776.281228 -- INFO: Start Process :: 19
1660701776.291173 -- INFO: Process 28 get item 28 from queue and executing
1660701776.293381 -- INFO: Process 17 get item 29 from queue and executing
1660701776.294652 -- INFO: Process 30 get item 30 from queue and executing
1660701776.309922 -- INFO: starting 29, 26, /home/hjamil/Documents/files_bash/FILE27
1660701776.311918 -- INFO: starting 28, 28, /home/hjamil/Documents/files_bash/FILE18
1660701776.314983 -- INFO: starting 31, 27, /home/hjamil/Documents/files_bash/FILE26
1660701776.323065 -- INFO: starting 17, 29, /home/hjamil/Documents/files_bash/FILE0
1660701776.323165 -- INFO: starting 30, 30, /home/hjamil/Documents/files_bash/FILE16
1660701776.334882 -- INFO: starting 20, 24, /home/hjamil/Documents/files_bash/FILE12
1660701776.350302 -- INFO: Process 19 get item 31 from queue and executing
1660701776.366761 -- INFO: starting 19, 31, /home/hjamil/Documents/files_bash/FILE19
1660701776.606786 -- INFO: Throughput @4.1s:915.49Mbps, rtt :7.96ms cwnd: 257.0 lossRate: 0.001123969694446757 CC:32 score:0.48 
1660701777.589283 -- INFO: Throughput @5.1s:1057.5Mbps, rtt :8.2ms cwnd: 237.3 lossRate: 0.0031239663346686757 CC:32 score:0.53 
1660701778.551122 -- INFO: Throughput @6.1s:963.62Mbps, rtt :7.78ms cwnd: 226.3 lossRate: 0.001677617782748497 CC:32 score:0.5 
1660701779.586732 -- INFO: Throughput @7.1s:950.95Mbps, rtt :7.58ms cwnd: 222.2 lossRate: 0.0006944943362789472 CC:32 score:0.5 
1660701779.590399 -- INFO: score [0.53, 0.5, 0.5] ******
1660701779.610982 -- INFO: action array from actor 1.0 and action is 32 ******
1660701779.611901 -- INFO: Changing concurrency to 32 ******
1660701779.612911 -- INFO: Process Status Bits from change concurrency are: 1 1 1 1 1 1 1 1 1 1 1 1 1 1 1 1 1 1 1 1 1 1 1 1 1 1 1 1 1 1 1 1
1660701779.613996 -- INFO: Active CC: 32
1660701780.557716 -- INFO: Throughput @8.1s:934.09Mbps, rtt :7.13ms cwnd: 218.0 lossRate: 0.0008713480266529985 CC:32 score:0.49 
1660701781.542030 -- INFO: Throughput @9.1s:943.03Mbps, rtt :6.92ms cwnd: 215.6 lossRate: 0.00042853541719183264 CC:32 score:0.5 
1660701782.538346 -- INFO: Throughput @10.1s:919.66Mbps, rtt :7.22ms cwnd: 212.5 lossRate: 0.0004865026695274687 CC:32 score:0.48 
1660701783.115939 -- INFO: score [0.49, 0.5, 0.48] ******
1660701783.118807 -- INFO: action array from actor 1.0 and action is 32 ******
1660701783.119433 -- INFO: Changing concurrency to 32 ******
1660701783.120622 -- INFO: Process Status Bits from change concurrency are: 1 1 1 1 1 1 1 1 1 1 1 1 1 1 1 1 1 1 1 1 1 1 1 1 1 1 1 1 1 1 1 1
1660701783.121549 -- INFO: Active CC: 32
1660701783.536121 -- INFO: Throughput @11.1s:954.67Mbps, rtt :6.9ms cwnd: 211.8 lossRate: 0.00037277731525777553 CC:32 score:0.5 
1660701784.532685 -- INFO: Throughput @12.1s:937.0Mbps, rtt :6.99ms cwnd: 211.5 lossRate: 0.00022450328647866596 CC:32 score:0.5 
1660701785.533969 -- INFO: Throughput @13.1s:920.47Mbps, rtt :6.55ms cwnd: 209.3 lossRate: 0.0004083248781212106 CC:32 score:0.48 
1660701786.533867 -- INFO: Throughput @14.1s:936.04Mbps, rtt :6.43ms cwnd: 208.4 lossRate: 0.00023566183766620362 CC:32 score:0.49 
1660701786.623640 -- INFO: score [0.5, 0.48, 0.49] ******
1660701786.646310 -- INFO: action array from actor 1.0 and action is 32 ******
1660701786.654339 -- INFO: Changing concurrency to 32 ******
1660701786.655704 -- INFO: Process Status Bits from change concurrency are: 1 1 1 1 1 1 1 1 1 1 1 1 1 1 1 1 1 1 1 1 1 1 1 1 1 1 1 1 1 1 1 1
1660701786.657528 -- INFO: Active CC: 32
1660701787.536053 -- INFO: Throughput @15.1s:950.66Mbps, rtt :6.19ms cwnd: 208.1 lossRate: 1.240956529292779e-05 CC:32 score:0.5 
1660701788.536052 -- INFO: Throughput @16.1s:918.65Mbps, rtt :6.72ms cwnd: 207.8 lossRate: 1.2425601709762796e-05 CC:32 score:0.49 
1660701789.541444 -- INFO: Throughput @17.1s:934.88Mbps, rtt :6.5ms cwnd: 207.8 lossRate: 7.426385949277784e-05 CC:32 score:0.5 
1660701790.159801 -- INFO: score [0.5, 0.49, 0.5] ******
1660701790.161658 -- INFO: action array from actor 1.0 and action is 32 ******
1660701790.165812 -- INFO: Changing concurrency to 32 ******
1660701790.174385 -- INFO: Process Status Bits from change concurrency are: 1 1 1 1 1 1 1 1 1 1 1 1 1 1 1 1 1 1 1 1 1 1 1 1 1 1 1 1 1 1 1 1
1660701790.175643 -- INFO: Active CC: 32
1660701790.540853 -- INFO: Throughput @18.1s:938.92Mbps, rtt :6.69ms cwnd: 207.1 lossRate: 0.0001117637562556658 CC:32 score:0.5 
1660701791.539832 -- INFO: Throughput @19.1s:926.65Mbps, rtt :6.46ms cwnd: 207.1 lossRate: 0.0 CC:32 score:0.49 
1660701792.527298 -- INFO: episode expires
1660701793.677582 -- INFO: score [0.5, 0.5, 0.49] ******
1660701795.976564 -- INFO: Throughput @0.1s:0.0Mbps, rtt :4.01ms cwnd: 451.2 lossRate: 7.233726526557421e-06 CC:0 score:0.0 
1660701900.573613 -- INFO: Throughput @0.1s:0.0Mbps, rtt :4.01ms cwnd: 451.2 lossRate: 7.233726526557421e-06 CC:0 score:0.0 
1660701906.663761 -- INFO: action array from actor 0.0218071136623621 and action is 17 ******
1660701906.749615 -- INFO: Changing concurrency to 17 ******
1660701906.769703 -- INFO: Process Status Bits from change concurrency are: 1 1 1 1 1 1 1 1 1 1 1 1 1 1 1 1 1 0 0 0 0 0 0 0 0 0 0 0 0 0 0 0
1660701906.779575 -- INFO: Active CC: 17
1660701906.786391 -- INFO: Start Process :: 0
1660701906.799409 -- INFO: Start Process :: 3
1660701906.813458 -- INFO: Process 0 get item 0 from queue and executing
1660701906.820230 -- INFO: Start Process :: 1
1660701906.825829 -- INFO: starting 0, 0, /home/hjamil/Documents/files_bash/FILE25
1660701906.838324 -- INFO: Start Process :: 5
1660701906.844437 -- INFO: Process 3 get item 1 from queue and executing
1660701906.854694 -- INFO: Process 1 get item 2 from queue and executing
1660701906.859439 -- INFO: Start Process :: 7
1660701906.887802 -- INFO: starting 3, 1, /home/hjamil/Documents/files_bash/FILE1
1660701906.891995 -- INFO: Process 7 get item 3 from queue and executing
1660701906.893911 -- INFO: Process 5 get item 4 from queue and executing
1660701906.904078 -- INFO: Start Process :: 10
1660701906.926599 -- INFO: Start Process :: 15
1660701906.932739 -- INFO: starting 1, 2, /home/hjamil/Documents/files_bash/FILE4
1660701906.950720 -- INFO: starting 7, 3, /home/hjamil/Documents/files_bash/FILE13
1660701906.955354 -- INFO: Start Process :: 16
1660701906.958632 -- INFO: starting 5, 4, /home/hjamil/Documents/files_bash/FILE3
1660701906.971615 -- INFO: Process 10 get item 5 from queue and executing
1660701906.979333 -- INFO: Start Process :: 6
1660701906.996091 -- INFO: starting 10, 5, /home/hjamil/Documents/files_bash/FILE24
1660701906.997445 -- INFO: Process 15 get item 6 from queue and executing
1660701906.998649 -- INFO: Process 16 get item 7 from queue and executing
1660701907.027008 -- INFO: Process 6 get item 8 from queue and executing
1660701907.028394 -- INFO: Start Process :: 13
1660701907.063287 -- INFO: Start Process :: 14
1660701907.073031 -- INFO: starting 16, 7, /home/hjamil/Documents/files_bash/FILE20
1660701907.074166 -- INFO: starting 6, 8, /home/hjamil/Documents/files_bash/FILE29
1660701907.075507 -- INFO: starting 15, 6, /home/hjamil/Documents/files_bash/FILE2
1660701907.085977 -- INFO: Process 13 get item 9 from queue and executing
1660701907.089938 -- INFO: Start Process :: 4
1660701907.107937 -- INFO: Process 14 get item 10 from queue and executing
1660701907.122880 -- INFO: Start Process :: 11
1660701907.130915 -- INFO: starting 14, 10, /home/hjamil/Documents/files_bash/FILE31
1660701907.140915 -- INFO: starting 13, 9, /home/hjamil/Documents/files_bash/FILE7
1660701907.157746 -- INFO: Start Process :: 8
1660701907.179950 -- INFO: Process 4 get item 11 from queue and executing
1660701907.198991 -- INFO: Start Process :: 2
1660701907.213631 -- INFO: Process 8 get item 12 from queue and executing
1660701907.225140 -- INFO: Process 11 get item 13 from queue and executing
1660701907.239522 -- INFO: Start Process :: 9
1660701907.256765 -- INFO: starting 11, 13, /home/hjamil/Documents/files_bash/FILE11
1660701907.256799 -- INFO: starting 4, 11, /home/hjamil/Documents/files_bash/FILE6
1660701907.257228 -- INFO: starting 8, 12, /home/hjamil/Documents/files_bash/FILE22
1660701907.257889 -- INFO: Process 2 get item 14 from queue and executing
1660701907.270441 -- INFO: Process 9 get item 15 from queue and executing
1660701907.296844 -- INFO: Start Process :: 12
1660701907.329138 -- INFO: starting 9, 15, /home/hjamil/Documents/files_bash/FILE5
1660701907.348012 -- INFO: Throughput @0.3s:0.0Mbps, rtt :4.01ms cwnd: 451.2 lossRate: 7.233726526557421e-06 CC:0 score:0.0 
1660701907.372505 -- INFO: Process 12 get item 16 from queue and executing
1660701907.383080 -- INFO: starting 2, 14, /home/hjamil/Documents/files_bash/FILE30
1660701907.447163 -- INFO: starting 12, 16, /home/hjamil/Documents/files_bash/FILE17
1660701907.790737 -- INFO: Throughput @1.3s:360.0Mbps, rtt :2.97ms cwnd: 289.7 lossRate: 0.0 CC:17 score:0.26 
1660701908.763245 -- INFO: Throughput @2.3s:695.0Mbps, rtt :3.24ms cwnd: 316.0 lossRate: 0.0 CC:17 score:0.5 
1660701909.747661 -- INFO: Throughput @3.3s:650.0Mbps, rtt :3.87ms cwnd: 330.8 lossRate: 0.0 CC:17 score:0.46 
1660701910.307914 -- INFO: score [0.26, 0.5, 0.46] ******
1660701910.326877 -- INFO: action array from actor 1.0 and action is 32 ******
1660701910.330612 -- INFO: Changing concurrency to 32 ******
1660701910.418352 -- INFO: Process Status Bits from change concurrency are: 1 1 1 1 1 1 1 1 1 1 1 1 1 1 1 1 1 1 1 1 1 1 1 1 1 1 1 1 1 1 1 1
1660701910.424354 -- INFO: Active CC: 32
1660701910.431654 -- INFO: Start Process :: 24
1660701910.442257 -- INFO: Start Process :: 26
1660701910.449584 -- INFO: Start Process :: 18
1660701910.450377 -- INFO: Process 24 get item 17 from queue and executing
1660701910.460095 -- INFO: Start Process :: 22
1660701910.463326 -- INFO: Process 26 get item 18 from queue and executing
1660701910.470794 -- INFO: starting 24, 17, /home/hjamil/Documents/files_bash/FILE23
1660701910.473802 -- INFO: Process 22 get item 19 from queue and executing
1660701910.478826 -- INFO: starting 26, 18, /home/hjamil/Documents/files_bash/FILE14
1660701910.480549 -- INFO: Start Process :: 19
1660701910.481588 -- INFO: Start Process :: 17
1660701910.488830 -- INFO: starting 22, 19, /home/hjamil/Documents/files_bash/FILE8
1660701910.491737 -- INFO: Process 18 get item 20 from queue and executing
1660701910.511106 -- INFO: Start Process :: 21
1660701910.534704 -- INFO: starting 18, 20, /home/hjamil/Documents/files_bash/FILE15
1660701910.534816 -- INFO: Process 17 get item 21 from queue and executing
1660701910.538260 -- INFO: Process 19 get item 22 from queue and executing
1660701910.542644 -- INFO: Start Process :: 27
1660701910.545350 -- INFO: Process 21 get item 23 from queue and executing
1660701910.555913 -- INFO: Start Process :: 25
1660701910.562910 -- INFO: starting 17, 21, /home/hjamil/Documents/files_bash/FILE21
1660701910.565538 -- INFO: starting 21, 23, /home/hjamil/Documents/files_bash/FILE10
1660701910.575332 -- INFO: Start Process :: 20
1660701910.583240 -- INFO: Process 27 get item 24 from queue and executing
1660701910.586841 -- INFO: starting 19, 22, /home/hjamil/Documents/files_bash/FILE9
1660701910.590281 -- INFO: Process 25 get item 25 from queue and executing
1660701910.592577 -- INFO: Start Process :: 23
1660701910.605676 -- INFO: Process 20 get item 26 from queue and executing
1660701910.618724 -- INFO: starting 25, 25, /home/hjamil/Documents/files_bash/FILE28
1660701910.622463 -- INFO: starting 20, 26, /home/hjamil/Documents/files_bash/FILE27
1660701910.624513 -- INFO: Process 23 get item 27 from queue and executing
1660701910.626745 -- INFO: starting 27, 24, /home/hjamil/Documents/files_bash/FILE12
1660701910.626915 -- INFO: Start Process :: 30
1660701910.630394 -- INFO: Start Process :: 28
1660701910.656646 -- INFO: Start Process :: 31
1660701910.659938 -- INFO: starting 23, 27, /home/hjamil/Documents/files_bash/FILE26
1660701910.665637 -- INFO: Process 30 get item 28 from queue and executing
1660701910.672984 -- INFO: Start Process :: 29
1660701910.682786 -- INFO: Process 31 get item 29 from queue and executing
1660701910.685595 -- INFO: starting 30, 28, /home/hjamil/Documents/files_bash/FILE18
1660701910.686051 -- INFO: Process 28 get item 30 from queue and executing
1660701910.701866 -- INFO: Process 29 get item 31 from queue and executing
1660701910.711231 -- INFO: starting 31, 29, /home/hjamil/Documents/files_bash/FILE0
1660701910.734869 -- INFO: starting 29, 31, /home/hjamil/Documents/files_bash/FILE19
1660701910.787790 -- INFO: Throughput @4.3s:709.57Mbps, rtt :7.15ms cwnd: 256.8 lossRate: 0.0 CC:32 score:0.38 
1660701910.800336 -- INFO: starting 28, 30, /home/hjamil/Documents/files_bash/FILE16
1660701911.731894 -- INFO: Throughput @5.3s:1109.99Mbps, rtt :7.14ms cwnd: 240.0 lossRate: 0.0019169409657851261 CC:32 score:0.57 
1660701912.740302 -- INFO: Throughput @6.3s:944.49Mbps, rtt :7.32ms cwnd: 228.2 lossRate: 0.0016665637923584963 CC:32 score:0.49 
1660701913.720321 -- INFO: Throughput @7.3s:929.57Mbps, rtt :7.25ms cwnd: 221.4 lossRate: 0.0010052681139134196 CC:32 score:0.48 
1660701913.939505 -- INFO: score [0.57, 0.49, 0.48] ******
1660701913.982541 -- INFO: action array from actor 1.0 and action is 32 ******
1660701913.986585 -- INFO: Changing concurrency to 32 ******
1660701913.998781 -- INFO: Process Status Bits from change concurrency are: 1 1 1 1 1 1 1 1 1 1 1 1 1 1 1 1 1 1 1 1 1 1 1 1 1 1 1 1 1 1 1 1
1660701914.002974 -- INFO: Active CC: 32
1660701914.694824 -- INFO: Throughput @8.3s:933.17Mbps, rtt :6.78ms cwnd: 217.6 lossRate: 0.000848907190370605 CC:32 score:0.49 
1660701915.753521 -- INFO: Throughput @9.3s:946.8Mbps, rtt :6.89ms cwnd: 213.6 lossRate: 0.0007838107453327633 CC:32 score:0.49 
1660701916.748733 -- INFO: Throughput @10.3s:926.32Mbps, rtt :6.84ms cwnd: 213.0 lossRate: 0.00013863856924996534 CC:32 score:0.49 
1660701917.520750 -- INFO: score [0.49, 0.49, 0.49] ******
1660701917.534675 -- INFO: action array from actor 1.0 and action is 32 ******
1660701917.535681 -- INFO: Changing concurrency to 32 ******
1660701917.536585 -- INFO: Process Status Bits from change concurrency are: 1 1 1 1 1 1 1 1 1 1 1 1 1 1 1 1 1 1 1 1 1 1 1 1 1 1 1 1 1 1 1 1
1660701917.552673 -- INFO: Active CC: 32
1660701917.725129 -- INFO: Throughput @11.3s:947.19Mbps, rtt :6.81ms cwnd: 212.4 lossRate: 0.00011174571641420412 CC:32 score:0.5 
1660701918.703360 -- INFO: Throughput @12.3s:941.04Mbps, rtt :6.99ms cwnd: 212.4 lossRate: 0.0 CC:32 score:0.5 
1660701919.719568 -- INFO: Throughput @13.3s:930.36Mbps, rtt :6.82ms cwnd: 212.1 lossRate: 1.22164262066775e-05 CC:32 score:0.49 
1660701920.727643 -- INFO: Throughput @14.3s:947.95Mbps, rtt :6.57ms cwnd: 211.5 lossRate: 0.00018396781789638934 CC:32 score:0.5 
1660701921.083177 -- INFO: score [0.5, 0.49, 0.5] ******
1660701921.108065 -- INFO: action array from actor 1.0 and action is 32 ******
1660701921.116071 -- INFO: Changing concurrency to 32 ******
1660701921.118823 -- INFO: Process Status Bits from change concurrency are: 1 1 1 1 1 1 1 1 1 1 1 1 1 1 1 1 1 1 1 1 1 1 1 1 1 1 1 1 1 1 1 1
1660701921.121574 -- INFO: Active CC: 32
1660701921.722921 -- INFO: Throughput @15.3s:932.62Mbps, rtt :6.85ms cwnd: 211.1 lossRate: 0.0001010407194099222 CC:32 score:0.49 
1660701922.727232 -- INFO: Throughput @16.3s:932.93Mbps, rtt :6.42ms cwnd: 210.4 lossRate: 0.00018453362202593314 CC:32 score:0.49 
1660701923.711583 -- INFO: Throughput @17.3s:944.2Mbps, rtt :6.79ms cwnd: 209.2 lossRate: 0.00028799318833502374 CC:32 score:0.5 
1660701924.630866 -- INFO: score [0.49, 0.49, 0.5] ******
1660701924.683431 -- INFO: action array from actor 1.0 and action is 32 ******
1660701924.686939 -- INFO: Changing concurrency to 32 ******
1660701924.690568 -- INFO: Process Status Bits from change concurrency are: 1 1 1 1 1 1 1 1 1 1 1 1 1 1 1 1 1 1 1 1 1 1 1 1 1 1 1 1 1 1 1 1
1660701924.694572 -- INFO: Active CC: 32
1660701924.701600 -- INFO: Throughput @18.3s:927.86Mbps, rtt :6.52ms cwnd: 209.2 lossRate: 0.0 CC:32 score:0.49 
1660701925.710100 -- INFO: Throughput @19.3s:926.93Mbps, rtt :6.86ms cwnd: 209.2 lossRate: 0.0 CC:32 score:0.49 
1660701926.671407 -- INFO: episode expires
1660701928.199649 -- INFO: score [0.5, 0.49, 0.49] ******
1660701930.607655 -- INFO: Process 30 shutdown itself from outest loop
1660701930.607650 -- INFO: Process 27 shutdown itself from outest loop
1660701930.607722 -- INFO: Process 26 shutdown itself from outest loop
1660701930.607855 -- INFO: Process 28 shutdown itself from outest loop
1660701930.608450 -- INFO: Process 8 shutdown itself from outest loop
1660701930.610420 -- INFO: Process 2 shutdown itself from outest loop
1660701930.610461 -- INFO: Process 21 shutdown itself from outest loop
1660701930.610459 -- INFO: Process 7 shutdown itself from outest loop
1660701930.610522 -- INFO: Process 11 shutdown itself from outest loop
1660701930.610824 -- INFO: Process 6 shutdown itself from outest loop
1660701930.612243 -- INFO: Process 5 shutdown itself from outest loop
1660701930.612865 -- INFO: Process 17 shutdown itself from outest loop
1660701930.613074 -- INFO: Process 14 shutdown itself from outest loop
1660701930.608602 -- INFO: Process 1 shutdown itself from outest loop
1660701930.613955 -- INFO: Process 0 shutdown itself from outest loop
1660701930.615653 -- INFO: Process 12 shutdown itself from outest loop
1660701930.609097 -- INFO: Process 24 shutdown itself from outest loop
1660701930.609157 -- INFO: Process 18 shutdown itself from outest loop
1660701930.616304 -- INFO: Process 10 shutdown itself from outest loop
1660701930.609688 -- INFO: Process 25 shutdown itself from outest loop
1660701930.609715 -- INFO: Process 22 shutdown itself from outest loop
1660701930.618432 -- INFO: Process 31 shutdown itself from outest loop
1660701930.618877 -- INFO: Process 3 shutdown itself from outest loop
1660701930.610209 -- INFO: Process 19 shutdown itself from outest loop
1660701930.621539 -- INFO: Process 16 shutdown itself from outest loop
1660701930.622462 -- INFO: Process 4 shutdown itself from outest loop
1660701930.610221 -- INFO: Process 9 shutdown itself from outest loop
1660701930.625030 -- INFO: Process 23 shutdown itself from outest loop
1660701930.613073 -- INFO: Process 29 shutdown itself from outest loop
1660701930.613367 -- INFO: Process 20 shutdown itself from outest loop
1660701930.613973 -- INFO: Process 15 shutdown itself from outest loop
1660701930.615651 -- INFO: Process 13 shutdown itself from outest loop
1660701931.758517 -- INFO: Throughput @0.1s:0.0Mbps, rtt :4.01ms cwnd: 451.2 lossRate: 7.233726526557421e-06 CC:0 score:0.0 
