1660936769.136308 -- INFO: action array from actor 0.47980746626853943 and action is 24 ******
1660936769.137179 -- INFO: Changing concurrency to 24 ******
1660936769.140529 -- INFO: Process Status Bits from change concurrency are: 1 1 1 1 1 1 1 1 1 1 1 1 1 1 1 1 1 1 1 1 1 1 1 1 0 0 0 0 0 0 0 0
1660936769.140664 -- INFO: Start Process :: 0
1660936769.141704 -- INFO: Active CC: 24
1660936769.141855 -- INFO: Process 0 get item 0 from queue and executing
1660936769.142127 -- INFO: starting 0, 0, /home/hjamil/Documents/files_bash/FILE25
1660936769.148121 -- INFO: Start Process :: 4
1660936769.149841 -- INFO: Process 4 get item 1 from queue and executing
1660936769.150038 -- INFO: starting 4, 1, /home/hjamil/Documents/files_bash/FILE1
1660936769.156463 -- INFO: Start Process :: 1
1660936769.158098 -- INFO: Process 1 get item 2 from queue and executing
1660936769.158327 -- INFO: starting 1, 2, /home/hjamil/Documents/files_bash/FILE4
1660936769.163527 -- INFO: Start Process :: 2
1660936769.165156 -- INFO: Process 2 get item 3 from queue and executing
1660936769.165409 -- INFO: starting 2, 3, /home/hjamil/Documents/files_bash/FILE13
1660936769.180022 -- INFO: Start Process :: 5
1660936769.186234 -- INFO: Process 5 get item 4 from queue and executing
1660936769.187150 -- INFO: starting 5, 4, /home/hjamil/Documents/files_bash/FILE3
1660936769.187074 -- INFO: Start Process :: 6
1660936769.187133 -- INFO: Start Process :: 8
1660936769.188257 -- INFO: Process 8 get item 5 from queue and executing
1660936769.188289 -- INFO: Process 6 get item 6 from queue and executing
1660936769.188452 -- INFO: starting 8, 5, /home/hjamil/Documents/files_bash/FILE24
1660936769.188452 -- INFO: starting 6, 6, /home/hjamil/Documents/files_bash/FILE2
1660936769.190204 -- INFO: Start Process :: 7
1660936769.190179 -- INFO: Start Process :: 3
1660936769.190575 -- INFO: Start Process :: 9
1660936769.191683 -- INFO: Start Process :: 11
1660936769.195078 -- INFO: Start Process :: 10
1660936769.226936 -- INFO: Process 7 get item 7 from queue and executing
1660936769.226988 -- INFO: Process 11 get item 8 from queue and executing
1660936769.227340 -- INFO: Process 3 get item 9 from queue and executing
1660936769.227112 -- INFO: Process 9 get item 10 from queue and executing
1660936769.227563 -- INFO: starting 3, 9, /home/hjamil/Documents/files_bash/FILE7
1660936769.227746 -- INFO: starting 11, 8, /home/hjamil/Documents/files_bash/FILE29
1660936769.227788 -- INFO: starting 9, 10, /home/hjamil/Documents/files_bash/FILE31
1660936769.227177 -- INFO: starting 7, 7, /home/hjamil/Documents/files_bash/FILE20
1660936769.227152 -- INFO: Process 10 get item 11 from queue and executing
1660936769.228629 -- INFO: starting 10, 11, /home/hjamil/Documents/files_bash/FILE6
1660936769.236666 -- INFO: Start Process :: 13
1660936769.255402 -- INFO: Start Process :: 16
1660936769.262831 -- INFO: Start Process :: 14
1660936769.266768 -- INFO: Start Process :: 12
1660936769.267411 -- INFO: Process 16 get item 12 from queue and executing
1660936769.267642 -- INFO: starting 16, 12, /home/hjamil/Documents/files_bash/FILE22
1660936769.268250 -- INFO: Process 14 get item 13 from queue and executing
1660936769.268456 -- INFO: starting 14, 13, /home/hjamil/Documents/files_bash/FILE11
1660936769.268512 -- INFO: Process 12 get item 14 from queue and executing
1660936769.268693 -- INFO: starting 12, 14, /home/hjamil/Documents/files_bash/FILE30
1660936769.268937 -- INFO: Start Process :: 19
1660936769.270258 -- INFO: Process 19 get item 15 from queue and executing
1660936769.270511 -- INFO: starting 19, 15, /home/hjamil/Documents/files_bash/FILE5
1660936769.270875 -- INFO: Process 13 get item 16 from queue and executing
1660936769.271167 -- INFO: starting 13, 16, /home/hjamil/Documents/files_bash/FILE17
1660936769.279375 -- INFO: Start Process :: 17
1660936769.281029 -- INFO: Process 17 get item 17 from queue and executing
1660936769.281220 -- INFO: starting 17, 17, /home/hjamil/Documents/files_bash/FILE23
1660936769.294893 -- INFO: Start Process :: 15
1660936769.302631 -- INFO: Process 15 get item 18 from queue and executing
1660936769.302900 -- INFO: starting 15, 18, /home/hjamil/Documents/files_bash/FILE14
1660936769.315405 -- INFO: Start Process :: 20
1660936769.315560 -- INFO: Start Process :: 21
1660936769.316444 -- INFO: Process 20 get item 19 from queue and executing
1660936769.316610 -- INFO: starting 20, 19, /home/hjamil/Documents/files_bash/FILE8
1660936769.316634 -- INFO: Process 21 get item 20 from queue and executing
1660936769.316815 -- INFO: starting 21, 20, /home/hjamil/Documents/files_bash/FILE15
1660936769.329445 -- INFO: Start Process :: 18
1660936769.332662 -- INFO: Process 18 get item 21 from queue and executing
1660936769.333038 -- INFO: starting 18, 21, /home/hjamil/Documents/files_bash/FILE21
1660936769.355465 -- INFO: Start Process :: 23
1660936769.356662 -- INFO: Process 23 get item 22 from queue and executing
1660936769.356855 -- INFO: starting 23, 22, /home/hjamil/Documents/files_bash/FILE9
1660936769.379534 -- INFO: Start Process :: 22
1660936769.381564 -- INFO: Process 22 get item 23 from queue and executing
1660936769.381741 -- INFO: starting 22, 23, /home/hjamil/Documents/files_bash/FILE10
1660936769.423595 -- INFO: Throughput @0.1s:150.0Mbps, rtt :0.62ms cwnd: 43.0 lossRate: 0.0 CC:24 score:0.09 
1660936770.218200 -- INFO: Throughput @1.1s:960.12Mbps, rtt :7.68ms cwnd: 86.0 lossRate: 0.0 CC:24 score:0.6 
1660936771.213560 -- INFO: Throughput @2.1s:930.8Mbps, rtt :7.99ms cwnd: 90.7 lossRate: 0.0 CC:24 score:0.58 
1660936772.202963 -- INFO: Throughput @3.1s:947.17Mbps, rtt :8.01ms cwnd: 91.0 lossRate: 9.992256001598761e-05 CC:24 score:0.59 
1660936772.667655 -- INFO: score [0.6, 0.58, 0.59] ******
1660936772.669093 -- INFO: action array from actor 0.15641193091869354 and action is 19 ******
1660936772.669208 -- INFO: Changing concurrency to 19 ******
1660936772.682808 -- INFO: Process Status Bits from change concurrency are: 1 1 1 1 1 1 1 1 1 1 1 1 1 1 1 1 1 1 1 0 0 0 0 0 0 0 0 0 0 0 0 0
1660936772.683307 -- INFO: Active CC: 19
1660936773.226238 -- INFO: Throughput @4.1s:891.27Mbps, rtt :4.62ms cwnd: 111.9 lossRate: 0.00010545742156604271 CC:19 score:0.61 
1660936774.213423 -- INFO: Throughput @5.1s:883.69Mbps, rtt :2.76ms cwnd: 165.5 lossRate: 0.0 CC:19 score:0.61 
1660936775.250886 -- INFO: Throughput @6.1s:900.0Mbps, rtt :3.43ms cwnd: 203.9 lossRate: 0.0 CC:19 score:0.62 
1660936776.199413 -- INFO: score [0.61, 0.61, 0.62] ******
1660936776.200765 -- INFO: action array from actor 0.15638215839862823 and action is 19 ******
1660936776.206176 -- INFO: Throughput @7.1s:880.0Mbps, rtt :3.14ms cwnd: 240.8 lossRate: 0.0 CC:19 score:0.6 
1660936776.210600 -- INFO: Changing concurrency to 19 ******
1660936776.214919 -- INFO: Process Status Bits from change concurrency are: 1 1 1 1 1 1 1 1 1 1 1 1 1 1 1 1 1 1 1 0 0 0 0 0 0 0 0 0 0 0 0 0
1660936776.218739 -- INFO: Active CC: 19
1660936777.213177 -- INFO: Throughput @8.1s:865.0Mbps, rtt :5.51ms cwnd: 262.9 lossRate: 0.0 CC:19 score:0.59 
1660936778.225147 -- INFO: Throughput @9.1s:885.0Mbps, rtt :7.04ms cwnd: 296.4 lossRate: 0.0 CC:19 score:0.61 
1660936779.225228 -- INFO: Throughput @10.1s:865.0Mbps, rtt :3.83ms cwnd: 317.9 lossRate: 0.0 CC:19 score:0.59 
1660936779.726322 -- INFO: score [0.59, 0.61, 0.59] ******
1660936779.736253 -- INFO: action array from actor 0.7013884782791138 and action is 27 ******
1660936779.736854 -- INFO: Changing concurrency to 27 ******
1660936779.737838 -- INFO: Process Status Bits from change concurrency are: 1 1 1 1 1 1 1 1 1 1 1 1 1 1 1 1 1 1 1 1 1 1 1 1 1 1 1 0 0 0 0 0
1660936779.738070 -- INFO: Start Process :: 22
1660936779.738347 -- INFO: Start Process :: 20
1660936779.738417 -- INFO: Start Process :: 23
1660936779.738595 -- INFO: Active CC: 27
1660936779.738574 -- INFO: Start Process :: 21
1660936779.739131 -- INFO: Start Process :: 19
1660936779.741606 -- INFO: Process 20 get item 24 from queue and executing
1660936779.741730 -- INFO: Process 23 get item 25 from queue and executing
1660936779.741999 -- INFO: starting 20, 24, /home/hjamil/Documents/files_bash/FILE12
1660936779.742023 -- INFO: starting 23, 25, /home/hjamil/Documents/files_bash/FILE28
1660936779.742485 -- INFO: Process 22 get item 26 from queue and executing
1660936779.742861 -- INFO: starting 22, 26, /home/hjamil/Documents/files_bash/FILE27
1660936779.743304 -- INFO: Process 21 get item 27 from queue and executing
1660936779.743634 -- INFO: starting 21, 27, /home/hjamil/Documents/files_bash/FILE26
1660936779.748704 -- INFO: Process 19 get item 28 from queue and executing
1660936779.749017 -- INFO: starting 19, 28, /home/hjamil/Documents/files_bash/FILE18
1660936779.774786 -- INFO: Start Process :: 26
1660936779.778656 -- INFO: Process 26 get item 29 from queue and executing
1660936779.778857 -- INFO: starting 26, 29, /home/hjamil/Documents/files_bash/FILE0
1660936779.779309 -- INFO: Start Process :: 24
1660936779.783346 -- INFO: Process 24 get item 30 from queue and executing
1660936779.783585 -- INFO: starting 24, 30, /home/hjamil/Documents/files_bash/FILE16
1660936779.806823 -- INFO: Start Process :: 25
1660936779.810995 -- INFO: Process 25 get item 31 from queue and executing
1660936779.811219 -- INFO: starting 25, 31, /home/hjamil/Documents/files_bash/FILE19
1660936780.232203 -- INFO: Throughput @11.1s:1020.24Mbps, rtt :11.39ms cwnd: 203.0 lossRate: 0.0021188904249408906 CC:27 score:0.58 
1660936781.203555 -- INFO: Throughput @12.1s:1031.23Mbps, rtt :10.84ms cwnd: 172.1 lossRate: 0.0018533029839421869 CC:27 score:0.59 
1660936782.216825 -- INFO: Throughput @13.1s:933.85Mbps, rtt :10.07ms cwnd: 164.7 lossRate: 0.0008155901288879553 CC:27 score:0.54 
1660936783.219111 -- INFO: Throughput @14.1s:921.65Mbps, rtt :9.46ms cwnd: 162.1 lossRate: 0.00017168013538204963 CC:27 score:0.54 
1660936783.239586 -- INFO: score [0.59, 0.54, 0.54] ******
1660936783.240849 -- INFO: action array from actor 0.15638215839862823 and action is 19 ******
1660936783.240948 -- INFO: Changing concurrency to 19 ******
1660936783.241299 -- INFO: Process Status Bits from change concurrency are: 1 1 1 1 1 1 1 1 1 1 1 1 1 1 1 1 1 1 1 0 0 0 0 0 0 0 0 0 0 0 0 0
1660936783.241589 -- INFO: Active CC: 19
1660936784.205938 -- INFO: Throughput @15.1s:874.87Mbps, rtt :8.23ms cwnd: 190.3 lossRate: 0 CC:19 score:0.6 
1660936785.215195 -- INFO: Throughput @16.1s:895.35Mbps, rtt :7.17ms cwnd: 196.6 lossRate: 0.0 CC:19 score:0.61 
1660936786.243904 -- INFO: Throughput @17.1s:891.65Mbps, rtt :4.95ms cwnd: 199.6 lossRate: 0.0 CC:19 score:0.61 
1660936786.766237 -- INFO: score [0.6, 0.61, 0.61] ******
1660936786.767860 -- INFO: action array from actor 0.15638215839862823 and action is 19 ******
1660936786.768184 -- INFO: Changing concurrency to 19 ******
1660936786.774775 -- INFO: Process Status Bits from change concurrency are: 1 1 1 1 1 1 1 1 1 1 1 1 1 1 1 1 1 1 1 0 0 0 0 0 0 0 0 0 0 0 0 0
1660936786.775375 -- INFO: Active CC: 19
1660936787.237290 -- INFO: Throughput @18.1s:875.0Mbps, rtt :5.15ms cwnd: 205.3 lossRate: 0.0 CC:19 score:0.6 
1660936788.225555 -- INFO: Throughput @19.1s:865.0Mbps, rtt :3.8ms cwnd: 210.8 lossRate: 0.0 CC:19 score:0.59 
1660936789.221071 -- INFO: Throughput @20.1s:880.0Mbps, rtt :3.75ms cwnd: 212.5 lossRate: 0.0 CC:19 score:0.6 
1660936790.229586 -- INFO: Throughput @21.1s:875.0Mbps, rtt :3.74ms cwnd: 214.6 lossRate: 0.0 CC:19 score:0.6 
1660936790.280982 -- INFO: score [0.59, 0.6, 0.6] ******
1660936790.282768 -- INFO: action array from actor 0.15638215839862823 and action is 19 ******
1660936790.298752 -- INFO: Changing concurrency to 19 ******
1660936790.299201 -- INFO: Process Status Bits from change concurrency are: 1 1 1 1 1 1 1 1 1 1 1 1 1 1 1 1 1 1 1 0 0 0 0 0 0 0 0 0 0 0 0 0
1660936790.299645 -- INFO: Active CC: 19
1660936791.222154 -- INFO: Throughput @22.1s:860.0Mbps, rtt :2.65ms cwnd: 221.1 lossRate: 0.0 CC:19 score:0.59 
1660936792.241447 -- INFO: Throughput @23.1s:875.0Mbps, rtt :1.86ms cwnd: 117.4 lossRate: 0.0008458336086697945 CC:19 score:0.59 
1660936793.229328 -- INFO: Throughput @24.1s:880.0Mbps, rtt :3.03ms cwnd: 127.1 lossRate: 0.0 CC:19 score:0.6 
1660936793.804943 -- INFO: score [0.59, 0.59, 0.6] ******
1660936793.806537 -- INFO: action array from actor 0.15638215839862823 and action is 19 ******
1660936793.818783 -- INFO: Changing concurrency to 19 ******
1660936793.838884 -- INFO: Process Status Bits from change concurrency are: 1 1 1 1 1 1 1 1 1 1 1 1 1 1 1 1 1 1 1 0 0 0 0 0 0 0 0 0 0 0 0 0
1660936793.839673 -- INFO: Active CC: 19
1660936794.253127 -- INFO: Throughput @25.1s:885.0Mbps, rtt :2.72ms cwnd: 134.1 lossRate: 0.0 CC:19 score:0.61 
1660936795.237496 -- INFO: Throughput @26.1s:880.0Mbps, rtt :2.89ms cwnd: 140.2 lossRate: 0.0 CC:19 score:0.6 
1660936796.249053 -- INFO: Throughput @27.1s:875.0Mbps, rtt :3.49ms cwnd: 145.3 lossRate: 0.0 CC:19 score:0.6 
1660936797.253831 -- INFO: Throughput @28.1s:890.0Mbps, rtt :4.37ms cwnd: 149.6 lossRate: 0.0 CC:19 score:0.61 
1660936797.351182 -- INFO: score [0.6, 0.6, 0.61] ******
1660936797.352589 -- INFO: action array from actor 0.15638215839862823 and action is 19 ******
1660936797.352802 -- INFO: Changing concurrency to 19 ******
1660936797.358793 -- INFO: Process Status Bits from change concurrency are: 1 1 1 1 1 1 1 1 1 1 1 1 1 1 1 1 1 1 1 0 0 0 0 0 0 0 0 0 0 0 0 0
1660936797.359407 -- INFO: Active CC: 19
1660936798.258184 -- INFO: Throughput @29.1s:870.0Mbps, rtt :2.72ms cwnd: 154.2 lossRate: 0.0 CC:19 score:0.6 
1660936799.237064 -- INFO: Throughput @30.1s:885.0Mbps, rtt :4.51ms cwnd: 156.6 lossRate: 0.0 CC:19 score:0.61 
1660936800.269306 -- INFO: Throughput @31.1s:875.0Mbps, rtt :3.15ms cwnd: 161.0 lossRate: 0.0 CC:19 score:0.6 
1660936800.884803 -- INFO: score [0.6, 0.61, 0.6] ******
1660936800.886936 -- INFO: action array from actor 0.15638215839862823 and action is 19 ******
1660936800.887496 -- INFO: Changing concurrency to 19 ******
1660936800.889777 -- INFO: Process Status Bits from change concurrency are: 1 1 1 1 1 1 1 1 1 1 1 1 1 1 1 1 1 1 1 0 0 0 0 0 0 0 0 0 0 0 0 0
1660936800.899078 -- INFO: Active CC: 19
1660936801.249832 -- INFO: Throughput @32.1s:880.0Mbps, rtt :2.19ms cwnd: 164.9 lossRate: 0.0 CC:19 score:0.6 
1660936802.250666 -- INFO: Throughput @33.1s:865.0Mbps, rtt :2.33ms cwnd: 168.6 lossRate: 0.0 CC:19 score:0.59 
1660936803.237413 -- INFO: Throughput @34.1s:875.0Mbps, rtt :3.06ms cwnd: 171.7 lossRate: 0.0 CC:19 score:0.6 
1660936804.244951 -- INFO: Throughput @35.1s:885.0Mbps, rtt :3.8ms cwnd: 174.5 lossRate: 0.0 CC:19 score:0.61 
1660936804.411589 -- INFO: score [0.59, 0.6, 0.61] ******
1660936804.413350 -- INFO: action array from actor 0.15638215839862823 and action is 19 ******
1660936804.413461 -- INFO: Changing concurrency to 19 ******
1660936804.442893 -- INFO: Process Status Bits from change concurrency are: 1 1 1 1 1 1 1 1 1 1 1 1 1 1 1 1 1 1 1 0 0 0 0 0 0 0 0 0 0 0 0 0
1660936804.443459 -- INFO: Active CC: 19
1660936805.249053 -- INFO: Throughput @36.1s:875.0Mbps, rtt :3.75ms cwnd: 177.5 lossRate: 0.0 CC:19 score:0.6 
1660936806.240973 -- INFO: Throughput @37.1s:885.0Mbps, rtt :3.26ms cwnd: 180.2 lossRate: 0.0 CC:19 score:0.61 
1660936807.265033 -- INFO: Throughput @38.1s:860.0Mbps, rtt :2.6ms cwnd: 182.7 lossRate: 0.0 CC:19 score:0.59 
1660936807.955565 -- INFO: score [0.6, 0.61, 0.59] ******
1660936807.958198 -- INFO: action array from actor 0.15638215839862823 and action is 19 ******
1660936807.958698 -- INFO: Changing concurrency to 19 ******
1660936807.979525 -- INFO: Process Status Bits from change concurrency are: 1 1 1 1 1 1 1 1 1 1 1 1 1 1 1 1 1 1 1 0 0 0 0 0 0 0 0 0 0 0 0 0
1660936807.981133 -- INFO: Active CC: 19
1660936808.243040 -- INFO: Throughput @39.1s:895.0Mbps, rtt :4.22ms cwnd: 184.3 lossRate: 0.0 CC:19 score:0.61 
1660936809.296785 -- INFO: Throughput @40.1s:860.0Mbps, rtt :3.72ms cwnd: 187.1 lossRate: 0.0 CC:19 score:0.59 
1660936810.268852 -- INFO: Throughput @41.1s:870.0Mbps, rtt :5.02ms cwnd: 188.7 lossRate: 0.0 CC:19 score:0.6 
1660936811.244977 -- INFO: Throughput @42.1s:890.0Mbps, rtt :2.88ms cwnd: 190.1 lossRate: 0.0 CC:19 score:0.61 
1660936811.499115 -- INFO: score [0.59, 0.6, 0.61] ******
1660936811.500721 -- INFO: action array from actor 0.15638215839862823 and action is 19 ******
1660936811.500851 -- INFO: Changing concurrency to 19 ******
1660936811.530764 -- INFO: Process Status Bits from change concurrency are: 1 1 1 1 1 1 1 1 1 1 1 1 1 1 1 1 1 1 1 0 0 0 0 0 0 0 0 0 0 0 0 0
1660936811.534894 -- INFO: Active CC: 19
1660936812.236520 -- INFO: Throughput @43.1s:865.0Mbps, rtt :3.05ms cwnd: 191.6 lossRate: 0.0 CC:19 score:0.59 
1660936813.287135 -- INFO: Throughput @44.1s:850.0Mbps, rtt :5.76ms cwnd: 192.8 lossRate: 0.0 CC:19 score:0.58 
1660936814.248965 -- INFO: Throughput @45.1s:880.0Mbps, rtt :4.12ms cwnd: 194.9 lossRate: 0.0 CC:19 score:0.6 
1660936815.055279 -- INFO: score [0.59, 0.58, 0.6] ******
1660936815.056809 -- INFO: action array from actor 0.15638215839862823 and action is 19 ******
1660936815.057100 -- INFO: Changing concurrency to 19 ******
1660936815.074719 -- INFO: Process Status Bits from change concurrency are: 1 1 1 1 1 1 1 1 1 1 1 1 1 1 1 1 1 1 1 0 0 0 0 0 0 0 0 0 0 0 0 0
1660936815.075395 -- INFO: Active CC: 19
1660936815.280844 -- INFO: Throughput @46.1s:875.0Mbps, rtt :4.09ms cwnd: 197.4 lossRate: 0.0 CC:19 score:0.6 
1660936816.245748 -- INFO: Throughput @47.1s:875.0Mbps, rtt :5.23ms cwnd: 199.0 lossRate: 0.0 CC:19 score:0.6 
1660936817.258290 -- INFO: Throughput @48.1s:900.0Mbps, rtt :4.54ms cwnd: 200.2 lossRate: 0.0 CC:19 score:0.62 
1660936818.241642 -- INFO: Throughput @49.1s:855.0Mbps, rtt :4.71ms cwnd: 202.7 lossRate: 0.0 CC:19 score:0.59 
1660936818.583461 -- INFO: score [0.6, 0.62, 0.59] ******
1660936818.589755 -- INFO: action array from actor 0.15638215839862823 and action is 19 ******
1660936818.592891 -- INFO: Changing concurrency to 19 ******
1660936818.596346 -- INFO: Process Status Bits from change concurrency are: 1 1 1 1 1 1 1 1 1 1 1 1 1 1 1 1 1 1 1 0 0 0 0 0 0 0 0 0 0 0 0 0
1660936818.598858 -- INFO: Active CC: 19
1660936819.248018 -- INFO: Throughput @50.1s:875.0Mbps, rtt :4.56ms cwnd: 204.3 lossRate: 0.0 CC:19 score:0.6 
1660936820.269144 -- INFO: Throughput @51.1s:895.0Mbps, rtt :4.24ms cwnd: 205.4 lossRate: 0.0 CC:19 score:0.61 
1660936821.249943 -- INFO: Throughput @52.1s:860.0Mbps, rtt :4.04ms cwnd: 207.7 lossRate: 0.0 CC:19 score:0.59 
1660936822.111316 -- INFO: score [0.6, 0.61, 0.59] ******
1660936822.134715 -- INFO: action array from actor 0.15638215839862823 and action is 19 ******
1660936822.134996 -- INFO: Changing concurrency to 19 ******
1660936822.135628 -- INFO: Process Status Bits from change concurrency are: 1 1 1 1 1 1 1 1 1 1 1 1 1 1 1 1 1 1 1 0 0 0 0 0 0 0 0 0 0 0 0 0
1660936822.136144 -- INFO: Active CC: 19
1660936822.265831 -- INFO: Throughput @53.1s:885.0Mbps, rtt :3.16ms cwnd: 209.6 lossRate: 0.0 CC:19 score:0.61 
1660936823.261176 -- INFO: Throughput @54.1s:885.0Mbps, rtt :3.8ms cwnd: 212.1 lossRate: 0.0 CC:19 score:0.61 
1660936824.254813 -- INFO: Throughput @55.1s:880.0Mbps, rtt :3.0ms cwnd: 213.9 lossRate: 0.0 CC:19 score:0.6 
1660936825.249058 -- INFO: Throughput @56.1s:865.0Mbps, rtt :5.17ms cwnd: 216.3 lossRate: 0.0 CC:19 score:0.59 
1660936825.659433 -- INFO: score [0.61, 0.6, 0.59] ******
1660936825.660923 -- INFO: action array from actor 0.15638215839862823 and action is 19 ******
1660936825.670590 -- INFO: Changing concurrency to 19 ******
1660936825.682821 -- INFO: Process Status Bits from change concurrency are: 1 1 1 1 1 1 1 1 1 1 1 1 1 1 1 1 1 1 1 0 0 0 0 0 0 0 0 0 0 0 0 0
1660936825.683492 -- INFO: Active CC: 19
1660936826.249223 -- INFO: Throughput @57.1s:865.0Mbps, rtt :3.53ms cwnd: 218.5 lossRate: 0.0 CC:19 score:0.59 
1660936827.252959 -- INFO: Throughput @58.1s:895.0Mbps, rtt :3.5ms cwnd: 221.0 lossRate: 0.0 CC:19 score:0.61 
1660936828.281455 -- INFO: Throughput @59.1s:870.0Mbps, rtt :4.44ms cwnd: 223.3 lossRate: 0.0 CC:19 score:0.6 
1660936829.214470 -- INFO: score [0.59, 0.61, 0.6] ******
1660936829.217564 -- INFO: action array from actor 0.15638458728790283 and action is 19 ******
1660936829.225096 -- INFO: Changing concurrency to 19 ******
1660936829.226459 -- INFO: Process Status Bits from change concurrency are: 1 1 1 1 1 1 1 1 1 1 1 1 1 1 1 1 1 1 1 0 0 0 0 0 0 0 0 0 0 0 0 0
1660936829.228723 -- INFO: Active CC: 19
1660936829.285216 -- INFO: Throughput @60.1s:865.0Mbps, rtt :4.13ms cwnd: 224.3 lossRate: 0.0 CC:19 score:0.59 
1660936830.273181 -- INFO: Throughput @61.1s:890.0Mbps, rtt :5.36ms cwnd: 226.3 lossRate: 0.0 CC:19 score:0.61 
1660936831.261581 -- INFO: Throughput @62.1s:875.0Mbps, rtt :3.42ms cwnd: 230.5 lossRate: 0.0 CC:19 score:0.6 
1660936832.314746 -- INFO: Throughput @63.1s:875.0Mbps, rtt :5.17ms cwnd: 234.0 lossRate: 0.0 CC:19 score:0.6 
1660936832.739315 -- INFO: score [0.61, 0.6, 0.6] ******
1660936832.750700 -- INFO: action array from actor 0.15733012557029724 and action is 19 ******
1660936832.750901 -- INFO: Changing concurrency to 19 ******
1660936832.751427 -- INFO: Process Status Bits from change concurrency are: 1 1 1 1 1 1 1 1 1 1 1 1 1 1 1 1 1 1 1 0 0 0 0 0 0 0 0 0 0 0 0 0
1660936832.758993 -- INFO: Active CC: 19
1660936833.273231 -- INFO: Throughput @64.1s:865.0Mbps, rtt :5.33ms cwnd: 236.5 lossRate: 0.0 CC:19 score:0.59 
1660936834.265003 -- INFO: Throughput @65.1s:905.0Mbps, rtt :3.15ms cwnd: 242.9 lossRate: 0.0 CC:19 score:0.62 
1660936835.298192 -- INFO: Throughput @66.1s:880.0Mbps, rtt :3.42ms cwnd: 248.5 lossRate: 0.0 CC:19 score:0.6 
1660936836.247352 -- INFO: Throughput @67.1s:890.0Mbps, rtt :3.95ms cwnd: 251.3 lossRate: 0.0 CC:19 score:0.61 
1660936836.275298 -- INFO: score [0.62, 0.6, 0.61] ******
1660936836.276626 -- INFO: action array from actor 0.5210210084915161 and action is 25 ******
1660936836.276730 -- INFO: Changing concurrency to 25 ******
1660936836.298945 -- INFO: Process Status Bits from change concurrency are: 1 1 1 1 1 1 1 1 1 1 1 1 1 1 1 1 1 1 1 1 1 1 1 1 1 0 0 0 0 0 0 0
1660936836.299357 -- INFO: Start Process :: 23
1660936836.299444 -- INFO: Active CC: 25
1660936836.299437 -- INFO: Start Process :: 20
1660936836.299881 -- INFO: Start Process :: 22
1660936836.299638 -- INFO: Start Process :: 19
1660936836.299589 -- INFO: Start Process :: 21
1660936836.299743 -- INFO: Start Process :: 24
1660936836.300915 -- INFO: Process 21 get item 19 from queue and executing
1660936836.300920 -- INFO: Process 19 get item 22 from queue and executing
1660936836.301203 -- INFO: starting 21, 19, /home/hjamil/Documents/files_bash/FILE8
1660936836.301251 -- INFO: starting 19, 22, /home/hjamil/Documents/files_bash/FILE9
1660936836.301569 -- INFO: Process 22 get item 20 from queue and executing
1660936836.303281 -- INFO: Process 20 get item 15 from queue and executing
1660936836.303402 -- INFO: Process 23 get item 23 from queue and executing
1660936836.303597 -- INFO: starting 23, 23, /home/hjamil/Documents/files_bash/FILE10
1660936836.303621 -- INFO: starting 20, 15, /home/hjamil/Documents/files_bash/FILE5
1660936836.303907 -- INFO: starting 22, 20, /home/hjamil/Documents/files_bash/FILE15
1660936836.304478 -- INFO: Process 24 get item 29 from queue and executing
1660936836.304852 -- INFO: starting 24, 29, /home/hjamil/Documents/files_bash/FILE0
1660936837.257706 -- INFO: Throughput @68.1s:1056.93Mbps, rtt :11.13ms cwnd: 175.8 lossRate: 0.0019699428840459408 CC:25 score:0.62 
1660936838.269311 -- INFO: Throughput @69.1s:930.09Mbps, rtt :6.95ms cwnd: 168.4 lossRate: 0.0006578620723896529 CC:25 score:0.56 
1660936839.265897 -- INFO: Throughput @70.1s:940.09Mbps, rtt :8.14ms cwnd: 167.6 lossRate: 0.0002821531969183964 CC:25 score:0.57 
1660936839.800649 -- INFO: score [0.62, 0.56, 0.57] ******
1660936839.802890 -- INFO: action array from actor 0.15638217329978943 and action is 19 ******
1660936839.803298 -- INFO: Changing concurrency to 19 ******
1660936839.818679 -- INFO: Process Status Bits from change concurrency are: 1 1 1 1 1 1 1 1 1 1 1 1 1 1 1 1 1 1 1 0 0 0 0 0 0 0 0 0 0 0 0 0
1660936839.819489 -- INFO: Active CC: 19
1660936840.258443 -- INFO: Throughput @71.1s:867.89Mbps, rtt :14.06ms cwnd: 182.1 lossRate: 0.00022862368541380886 CC:19 score:0.59 
1660936841.267234 -- INFO: Throughput @72.1s:699.53Mbps, rtt :12.15ms cwnd: 154.1 lossRate: 0.0025456894258900414 CC:19 score:0.46 
1660936842.233538 -- INFO: Throughput @73.1s:624.58Mbps, rtt :11.42ms cwnd: 147.8 lossRate: 0.0003620783296119727 CC:19 score:0.43 
1660936843.233907 -- INFO: Throughput @74.1s:585.39Mbps, rtt :9.61ms cwnd: 118.0 lossRate: 0.0027432192257167143 CC:19 score:0.39 
1660936843.320750 -- INFO: score [0.46, 0.43, 0.39] ******
1660936843.322622 -- INFO: action array from actor 0.46197736263275146 and action is 24 ******
1660936843.322818 -- INFO: Changing concurrency to 24 ******
1660936843.324524 -- INFO: Start Process :: 20
1660936843.324564 -- INFO: Start Process :: 19
1660936843.324607 -- INFO: Process Status Bits from change concurrency are: 1 1 1 1 1 1 1 1 1 1 1 1 1 1 1 1 1 1 1 1 1 1 1 1 0 0 0 0 0 0 0 0
1660936843.324875 -- INFO: Start Process :: 23
1660936843.325006 -- INFO: Start Process :: 21
1660936843.325222 -- INFO: Start Process :: 22
1660936843.325878 -- INFO: Process 20 get item 30 from queue and executing
1660936843.325953 -- INFO: Process 19 get item 26 from queue and executing
1660936843.325957 -- INFO: Active CC: 24
1660936843.326442 -- INFO: Process 21 get item 28 from queue and executing
1660936843.326694 -- INFO: Process 23 get item 25 from queue and executing
1660936843.326814 -- INFO: starting 20, 30, /home/hjamil/Documents/files_bash/FILE16
1660936843.327022 -- INFO: starting 19, 26, /home/hjamil/Documents/files_bash/FILE27
1660936843.326974 -- INFO: starting 21, 28, /home/hjamil/Documents/files_bash/FILE18
1660936843.327087 -- INFO: Process 22 get item 27 from queue and executing
1660936843.327358 -- INFO: starting 23, 25, /home/hjamil/Documents/files_bash/FILE28
1660936843.327413 -- INFO: starting 22, 27, /home/hjamil/Documents/files_bash/FILE26
1660936844.234269 -- INFO: Throughput @75.1s:644.05Mbps, rtt :9.11ms cwnd: 81.4 lossRate: 0.0016929191815103783 CC:24 score:0.39 
1660936845.236734 -- INFO: Throughput @76.1s:638.13Mbps, rtt :8.88ms cwnd: 80.5 lossRate: 0.0006592802856881238 CC:24 score:0.39 
1660936846.236910 -- INFO: Throughput @77.1s:629.94Mbps, rtt :9.54ms cwnd: 79.6 lossRate: 0.0001467620620069712 CC:24 score:0.39 
1660936846.827132 -- INFO: score [0.39, 0.39, 0.39] ******
1660936846.829089 -- INFO: action array from actor 0.15640121698379517 and action is 19 ******
1660936846.829253 -- INFO: Changing concurrency to 19 ******
1660936846.830340 -- INFO: Process Status Bits from change concurrency are: 1 1 1 1 1 1 1 1 1 1 1 1 1 1 1 1 1 1 1 0 0 0 0 0 0 0 0 0 0 0 0 0
1660936846.831722 -- INFO: Active CC: 19
1660936847.237821 -- INFO: Throughput @78.1s:607.41Mbps, rtt :8.57ms cwnd: 89.5 lossRate: 0.0008072209583914288 CC:19 score:0.41 
1660936848.239390 -- INFO: Throughput @79.1s:605.09Mbps, rtt :8.9ms cwnd: 86.7 lossRate: 0.00032949567779199133 CC:19 score:0.41 
1660936849.240220 -- INFO: Throughput @80.1s:600.45Mbps, rtt :8.76ms cwnd: 85.5 lossRate: 0.00017418231081865686 CC:19 score:0.41 
1660936850.241224 -- INFO: Throughput @81.1s:594.61Mbps, rtt :8.22ms cwnd: 85.5 lossRate: 0.0 CC:19 score:0.41 
1660936850.332798 -- INFO: score [0.41, 0.41, 0.41] ******
1660936850.334613 -- INFO: action array from actor 0.15638254582881927 and action is 19 ******
1660936850.334765 -- INFO: Changing concurrency to 19 ******
1660936850.337096 -- INFO: Process Status Bits from change concurrency are: 1 1 1 1 1 1 1 1 1 1 1 1 1 1 1 1 1 1 1 0 0 0 0 0 0 0 0 0 0 0 0 0
1660936850.338434 -- INFO: Active CC: 19
1660936851.241591 -- INFO: Throughput @82.1s:604.95Mbps, rtt :8.55ms cwnd: 85.5 lossRate: 0.0 CC:19 score:0.42 
1660936852.242327 -- INFO: Throughput @83.1s:590.43Mbps, rtt :8.76ms cwnd: 84.4 lossRate: 0.00015515602878144334 CC:19 score:0.4 
1660936853.244837 -- INFO: Throughput @84.1s:599.41Mbps, rtt :8.34ms cwnd: 82.7 lossRate: 0.00027051049194265177 CC:19 score:0.41 
1660936853.839624 -- INFO: score [0.42, 0.4, 0.41] ******
1660936853.841220 -- INFO: action array from actor 0.15638220310211182 and action is 19 ******
1660936853.841348 -- INFO: Changing concurrency to 19 ******
1660936853.843437 -- INFO: Process Status Bits from change concurrency are: 1 1 1 1 1 1 1 1 1 1 1 1 1 1 1 1 1 1 1 0 0 0 0 0 0 0 0 0 0 0 0 0
1660936853.844633 -- INFO: Active CC: 19
1660936854.247051 -- INFO: Throughput @85.1s:600.37Mbps, rtt :8.24ms cwnd: 81.6 lossRate: 0.00013549348663453536 CC:19 score:0.41 
1660936855.246896 -- INFO: Throughput @86.1s:600.47Mbps, rtt :7.26ms cwnd: 79.1 lossRate: 0.0004064647246685377 CC:19 score:0.41 
1660936856.248361 -- INFO: Throughput @87.1s:584.24Mbps, rtt :7.72ms cwnd: 79.1 lossRate: 0.0 CC:19 score:0.4 
1660936857.248501 -- INFO: Throughput @88.1s:604.95Mbps, rtt :8.62ms cwnd: 79.1 lossRate: 0.0 CC:19 score:0.42 
1660936857.345724 -- INFO: score [0.41, 0.4, 0.42] ******
1660936857.347740 -- INFO: action array from actor 0.15638220310211182 and action is 19 ******
1660936857.347914 -- INFO: Changing concurrency to 19 ******
1660936857.349770 -- INFO: Process Status Bits from change concurrency are: 1 1 1 1 1 1 1 1 1 1 1 1 1 1 1 1 1 1 1 0 0 0 0 0 0 0 0 0 0 0 0 0
1660936857.351348 -- INFO: Active CC: 19
1660936858.248534 -- INFO: Throughput @89.1s:600.78Mbps, rtt :7.84ms cwnd: 79.1 lossRate: 0.0 CC:19 score:0.41 
1660936859.249227 -- INFO: Throughput @90.1s:594.21Mbps, rtt :8.56ms cwnd: 79.1 lossRate: 0.0 CC:19 score:0.41 
1660936860.252205 -- INFO: Throughput @91.1s:609.86Mbps, rtt :8.18ms cwnd: 79.4 lossRate: 0.0 CC:19 score:0.42 
1660936860.852407 -- INFO: score [0.41, 0.41, 0.42] ******
1660936860.854167 -- INFO: action array from actor 0.1563824713230133 and action is 19 ******
1660936860.854310 -- INFO: Changing concurrency to 19 ******
1660936860.856454 -- INFO: Process Status Bits from change concurrency are: 1 1 1 1 1 1 1 1 1 1 1 1 1 1 1 1 1 1 1 0 0 0 0 0 0 0 0 0 0 0 0 0
1660936860.858077 -- INFO: Active CC: 19
1660936861.251041 -- INFO: Throughput @92.1s:585.78Mbps, rtt :8.11ms cwnd: 79.4 lossRate: 0.0 CC:19 score:0.4 
1660936862.253461 -- INFO: Throughput @93.1s:599.7Mbps, rtt :8.66ms cwnd: 79.4 lossRate: 0.0 CC:19 score:0.41 
1660936863.253095 -- INFO: Throughput @94.1s:599.54Mbps, rtt :8.25ms cwnd: 79.4 lossRate: 0.0 CC:19 score:0.41 
1660936864.254781 -- INFO: Throughput @95.1s:600.61Mbps, rtt :8.2ms cwnd: 81.2 lossRate: 0.0 CC:19 score:0.41 
1660936864.359154 -- INFO: score [0.41, 0.41, 0.41] ******
1660936864.361082 -- INFO: action array from actor 0.15639188885688782 and action is 19 ******
1660936864.361221 -- INFO: Changing concurrency to 19 ******
1660936864.363487 -- INFO: Process Status Bits from change concurrency are: 1 1 1 1 1 1 1 1 1 1 1 1 1 1 1 1 1 1 1 0 0 0 0 0 0 0 0 0 0 0 0 0
1660936864.364695 -- INFO: Active CC: 19
1660936865.266594 -- INFO: Throughput @96.1s:594.77Mbps, rtt :8.52ms cwnd: 80.4 lossRate: 0.00013437505998886606 CC:19 score:0.41 
1660936866.257921 -- INFO: Throughput @97.1s:600.08Mbps, rtt :8.54ms cwnd: 80.4 lossRate: 0.0 CC:19 score:0.41 
1660936867.268580 -- INFO: Throughput @98.1s:600.52Mbps, rtt :8.65ms cwnd: 80.4 lossRate: 0.0 CC:19 score:0.41 
1660936867.865808 -- INFO: score [0.41, 0.41, 0.41] ******
1660936867.867448 -- INFO: action array from actor 0.1564064770936966 and action is 19 ******
1660936867.867574 -- INFO: Changing concurrency to 19 ******
1660936867.869863 -- INFO: Process Status Bits from change concurrency are: 1 1 1 1 1 1 1 1 1 1 1 1 1 1 1 1 1 1 1 0 0 0 0 0 0 0 0 0 0 0 0 0
1660936867.871376 -- INFO: Active CC: 19
1660936868.258104 -- INFO: Throughput @99.1s:589.47Mbps, rtt :7.76ms cwnd: 79.9 lossRate: 1.9492037502680156e-05 CC:19 score:0.4 
1660936869.259400 -- INFO: Throughput @100.1s:609.95Mbps, rtt :8.11ms cwnd: 80.0 lossRate: 0.0 CC:19 score:0.42 
1660936870.260517 -- INFO: Throughput @101.1s:585.27Mbps, rtt :8.26ms cwnd: 80.4 lossRate: 0.0 CC:19 score:0.4 
1660936871.260508 -- INFO: Throughput @102.1s:599.17Mbps, rtt :8.27ms cwnd: 80.4 lossRate: 0.0 CC:19 score:0.41 
1660936871.372513 -- INFO: score [0.42, 0.4, 0.41] ******
1660936871.374264 -- INFO: action array from actor 0.15638215839862823 and action is 19 ******
1660936871.374401 -- INFO: Changing concurrency to 19 ******
1660936871.376074 -- INFO: Process Status Bits from change concurrency are: 1 1 1 1 1 1 1 1 1 1 1 1 1 1 1 1 1 1 1 0 0 0 0 0 0 0 0 0 0 0 0 0
1660936871.378337 -- INFO: Active CC: 19
1660936872.262565 -- INFO: Throughput @103.1s:610.39Mbps, rtt :7.74ms cwnd: 80.4 lossRate: 0.0 CC:19 score:0.42 
1660936873.264180 -- INFO: Throughput @104.1s:590.46Mbps, rtt :8.0ms cwnd: 80.4 lossRate: 0.0 CC:19 score:0.41 
1660936874.265798 -- INFO: Throughput @105.1s:594.6Mbps, rtt :8.32ms cwnd: 80.4 lossRate: 0.0 CC:19 score:0.41 
1660936874.879401 -- INFO: score [0.42, 0.41, 0.41] ******
1660936874.881028 -- INFO: action array from actor 0.15638217329978943 and action is 19 ******
1660936874.881160 -- INFO: Changing concurrency to 19 ******
1660936874.882756 -- INFO: Process Status Bits from change concurrency are: 1 1 1 1 1 1 1 1 1 1 1 1 1 1 1 1 1 1 1 0 0 0 0 0 0 0 0 0 0 0 0 0
1660936874.884108 -- INFO: Active CC: 19
1660936875.265061 -- INFO: Throughput @106.1s:604.71Mbps, rtt :8.24ms cwnd: 79.4 lossRate: 7.757650983282262e-05 CC:19 score:0.41 
1660936876.275959 -- INFO: Throughput @107.1s:595.91Mbps, rtt :8.38ms cwnd: 79.4 lossRate: 0.0 CC:19 score:0.41 
1660936877.266960 -- INFO: Throughput @108.1s:594.21Mbps, rtt :8.03ms cwnd: 79.4 lossRate: 0.0 CC:19 score:0.41 
1660936878.268323 -- INFO: Throughput @109.1s:610.09Mbps, rtt :8.29ms cwnd: 79.4 lossRate: 0.0 CC:19 score:0.42 
1660936878.385143 -- INFO: score [0.41, 0.41, 0.42] ******
1660936878.386801 -- INFO: action array from actor 0.15638363361358643 and action is 19 ******
1660936878.386937 -- INFO: Changing concurrency to 19 ******
1660936878.388564 -- INFO: Process Status Bits from change concurrency are: 1 1 1 1 1 1 1 1 1 1 1 1 1 1 1 1 1 1 1 0 0 0 0 0 0 0 0 0 0 0 0 0
1660936878.389985 -- INFO: Active CC: 19
1660936879.271958 -- INFO: Throughput @110.1s:580.71Mbps, rtt :7.73ms cwnd: 79.4 lossRate: 0.0 CC:19 score:0.4 
1660936880.271508 -- INFO: Throughput @111.1s:599.29Mbps, rtt :8.16ms cwnd: 79.5 lossRate: 0.0 CC:19 score:0.41 
1660936881.273793 -- INFO: Throughput @112.1s:614.83Mbps, rtt :7.68ms cwnd: 79.5 lossRate: 0.0 CC:19 score:0.42 
1660936881.891035 -- INFO: score [0.4, 0.41, 0.42] ******
1660936881.892656 -- INFO: action array from actor 0.15653172135353088 and action is 19 ******
1660936881.892792 -- INFO: Changing concurrency to 19 ******
1660936881.894950 -- INFO: Process Status Bits from change concurrency are: 1 1 1 1 1 1 1 1 1 1 1 1 1 1 1 1 1 1 1 0 0 0 0 0 0 0 0 0 0 0 0 0
1660936881.896588 -- INFO: Active CC: 19
1660936882.272547 -- INFO: Throughput @113.1s:590.54Mbps, rtt :8.22ms cwnd: 78.9 lossRate: 0.0002706516906064531 CC:19 score:0.4 
1660936883.273880 -- INFO: Throughput @114.1s:599.51Mbps, rtt :8.04ms cwnd: 79.3 lossRate: 0.0 CC:19 score:0.41 
1660936884.275020 -- INFO: Throughput @115.2s:540.91Mbps, rtt :7.87ms cwnd: 79.3 lossRate: 0.0 CC:19 score:0.37 
1660936885.284471 -- INFO: Throughput @116.2s:600.53Mbps, rtt :7.79ms cwnd: 79.3 lossRate: 0.0 CC:19 score:0.41 
1660936885.397586 -- INFO: score [0.41, 0.37, 0.41] ******
1660936885.399280 -- INFO: action array from actor 0.15638215839862823 and action is 19 ******
1660936885.399424 -- INFO: Changing concurrency to 19 ******
1660936885.401647 -- INFO: Process Status Bits from change concurrency are: 1 1 1 1 1 1 1 1 1 1 1 1 1 1 1 1 1 1 1 0 0 0 0 0 0 0 0 0 0 0 0 0
1660936885.402918 -- INFO: Active CC: 19
1660936886.275874 -- INFO: Throughput @117.2s:594.98Mbps, rtt :8.62ms cwnd: 80.6 lossRate: 0.0 CC:19 score:0.41 
1660936887.277431 -- INFO: Throughput @118.2s:604.95Mbps, rtt :8.49ms cwnd: 79.7 lossRate: 0.00013535201191097705 CC:19 score:0.41 
1660936888.279670 -- INFO: Throughput @119.2s:595.35Mbps, rtt :8.32ms cwnd: 79.7 lossRate: 0.0 CC:19 score:0.41 
1660936888.903929 -- INFO: score [0.41, 0.41, 0.41] ******
1660936888.905597 -- INFO: action array from actor 0.15666954219341278 and action is 19 ******
1660936888.905741 -- INFO: Changing concurrency to 19 ******
1660936888.907246 -- INFO: Process Status Bits from change concurrency are: 1 1 1 1 1 1 1 1 1 1 1 1 1 1 1 1 1 1 1 0 0 0 0 0 0 0 0 0 0 0 0 0
1660936888.908838 -- INFO: Active CC: 19
1660936889.278755 -- INFO: Throughput @120.2s:589.12Mbps, rtt :8.39ms cwnd: 79.7 lossRate: 0.0 CC:19 score:0.4 
1660936890.332463 -- INFO: Throughput @121.2s:670.81Mbps, rtt :6.76ms cwnd: 80.1 lossRate: 0.0 CC:19 score:0.46 
1660936891.325738 -- INFO: Throughput @122.2s:845.14Mbps, rtt :6.62ms cwnd: 94.3 lossRate: 0.0 CC:19 score:0.58 
1660936892.325165 -- INFO: Throughput @123.2s:870.02Mbps, rtt :4.57ms cwnd: 133.7 lossRate: 0.0 CC:19 score:0.6 
1660936892.431245 -- INFO: score [0.46, 0.58, 0.6] ******
1660936892.432850 -- INFO: action array from actor 0.1922355741262436 and action is 19 ******
1660936892.433117 -- INFO: Changing concurrency to 19 ******
1660936892.442844 -- INFO: Process Status Bits from change concurrency are: 1 1 1 1 1 1 1 1 1 1 1 1 1 1 1 1 1 1 1 0 0 0 0 0 0 0 0 0 0 0 0 0
1660936892.443367 -- INFO: Active CC: 19
1660936893.360873 -- INFO: Throughput @124.2s:940.0Mbps, rtt :5.84ms cwnd: 156.3 lossRate: 0.0 CC:19 score:0.65 
1660936894.314791 -- INFO: Throughput @125.2s:865.0Mbps, rtt :7.22ms cwnd: 173.9 lossRate: 0.0 CC:19 score:0.59 
1660936895.340987 -- INFO: Throughput @126.2s:885.0Mbps, rtt :4.93ms cwnd: 190.1 lossRate: 0.0 CC:19 score:0.61 
1660936895.955662 -- INFO: score [0.65, 0.59, 0.61] ******
1660936895.972571 -- INFO: action array from actor 0.15638215839862823 and action is 19 ******
1660936895.973065 -- INFO: Changing concurrency to 19 ******
1660936895.982689 -- INFO: Process Status Bits from change concurrency are: 1 1 1 1 1 1 1 1 1 1 1 1 1 1 1 1 1 1 1 0 0 0 0 0 0 0 0 0 0 0 0 0
1660936895.983233 -- INFO: Active CC: 19
1660936896.334096 -- INFO: Throughput @127.2s:895.0Mbps, rtt :3.8ms cwnd: 238.5 lossRate: 0.0 CC:19 score:0.61 
1660936897.325676 -- INFO: Throughput @128.2s:855.0Mbps, rtt :4.08ms cwnd: 247.4 lossRate: 0.0 CC:19 score:0.59 
1660936898.328878 -- INFO: Throughput @129.2s:915.0Mbps, rtt :3.49ms cwnd: 271.6 lossRate: 0.0 CC:19 score:0.63 
1660936899.332874 -- INFO: Throughput @130.2s:865.0Mbps, rtt :5.5ms cwnd: 283.7 lossRate: 0.0 CC:19 score:0.59 
1660936899.507280 -- INFO: score [0.59, 0.63, 0.59] ******
1660936899.508779 -- INFO: action array from actor 0.4732065796852112 and action is 24 ******
1660936899.509050 -- INFO: Changing concurrency to 24 ******
1660936899.518680 -- INFO: Process Status Bits from change concurrency are: 1 1 1 1 1 1 1 1 1 1 1 1 1 1 1 1 1 1 1 1 1 1 1 1 0 0 0 0 0 0 0 0
1660936899.519175 -- INFO: Active CC: 24
1660936899.522779 -- INFO: Start Process :: 22
1660936899.523159 -- INFO: Start Process :: 19
1660936899.526102 -- INFO: Process 19 get item 31 from queue and executing
1660936899.526327 -- INFO: starting 19, 31, /home/hjamil/Documents/files_bash/FILE19
1660936899.526579 -- INFO: Process 22 get item 24 from queue and executing
1660936899.526731 -- INFO: Start Process :: 23
1660936899.526793 -- INFO: starting 22, 24, /home/hjamil/Documents/files_bash/FILE12
1660936899.529390 -- INFO: Start Process :: 20
1660936899.529526 -- INFO: Process 23 get item 22 from queue and executing
1660936899.529765 -- INFO: starting 23, 22, /home/hjamil/Documents/files_bash/FILE9
1660936899.534847 -- INFO: Process 20 get item 23 from queue and executing
1660936899.535104 -- INFO: starting 20, 23, /home/hjamil/Documents/files_bash/FILE10
1660936899.542595 -- INFO: Start Process :: 21
1660936899.546259 -- INFO: Process 21 get item 19 from queue and executing
1660936899.546449 -- INFO: starting 21, 19, /home/hjamil/Documents/files_bash/FILE8
1660936900.369783 -- INFO: Throughput @131.2s:1040.09Mbps, rtt :10.3ms cwnd: 182.1 lossRate: 0.001766911009765765 CC:24 score:0.63 
1660936901.336339 -- INFO: Throughput @132.2s:1005.3Mbps, rtt :10.17ms cwnd: 145.0 lossRate: 0.001232867729031412 CC:24 score:0.61 
1660936902.350222 -- INFO: Throughput @133.2s:952.26Mbps, rtt :10.16ms cwnd: 133.4 lossRate: 0.0009071309920714396 CC:24 score:0.58 
1660936903.020205 -- INFO: score [0.63, 0.61, 0.58] ******
1660936903.021802 -- INFO: action array from actor 0.15638215839862823 and action is 19 ******
1660936903.022132 -- INFO: Changing concurrency to 19 ******
1660936903.026185 -- INFO: Process Status Bits from change concurrency are: 1 1 1 1 1 1 1 1 1 1 1 1 1 1 1 1 1 1 1 0 0 0 0 0 0 0 0 0 0 0 0 0
1660936903.029940 -- INFO: Active CC: 19
1660936903.317703 -- INFO: Throughput @134.2s:924.9Mbps, rtt :7.18ms cwnd: 138.4 lossRate: 0.0019525148391127773 CC:19 score:0.62 
1660936904.316965 -- INFO: Throughput @135.2s:839.69Mbps, rtt :5.63ms cwnd: 141.7 lossRate: 0.0 CC:19 score:0.58 
1660936905.336961 -- INFO: Throughput @136.2s:930.31Mbps, rtt :4.83ms cwnd: 153.3 lossRate: 0.0 CC:19 score:0.64 
1660936906.341013 -- INFO: Throughput @137.2s:880.0Mbps, rtt :6.33ms cwnd: 156.7 lossRate: 0.0 CC:19 score:0.6 
1660936906.538602 -- INFO: score [0.58, 0.64, 0.6] ******
1660936906.540169 -- INFO: action array from actor 0.20819304883480072 and action is 20 ******
1660936906.554780 -- INFO: Changing concurrency to 20 ******
1660936906.555315 -- INFO: Process Status Bits from change concurrency are: 1 1 1 1 1 1 1 1 1 1 1 1 1 1 1 1 1 1 1 1 0 0 0 0 0 0 0 0 0 0 0 0
1660936906.555690 -- INFO: Start Process :: 19
1660936906.555926 -- INFO: Active CC: 20
1660936906.558807 -- INFO: Process 19 get item 20 from queue and executing
1660936906.559024 -- INFO: starting 19, 20, /home/hjamil/Documents/files_bash/FILE15
1660936907.354456 -- INFO: Throughput @138.2s:920.0Mbps, rtt :7.09ms cwnd: 160.2 lossRate: 0.0 CC:20 score:0.62 
1660936908.340976 -- INFO: Throughput @139.2s:920.0Mbps, rtt :7.15ms cwnd: 159.7 lossRate: 0.0002937345150826288 CC:20 score:0.62 
1660936909.333133 -- INFO: Throughput @140.2s:930.0Mbps, rtt :7.36ms cwnd: 162.6 lossRate: 0.0 CC:20 score:0.63 
1660936910.071119 -- INFO: score [0.62, 0.62, 0.63] ******
1660936910.073042 -- INFO: action array from actor 0.15638215839862823 and action is 19 ******
1660936910.073179 -- INFO: Changing concurrency to 19 ******
1660936910.098938 -- INFO: Process Status Bits from change concurrency are: 1 1 1 1 1 1 1 1 1 1 1 1 1 1 1 1 1 1 1 0 0 0 0 0 0 0 0 0 0 0 0 0
1660936910.099489 -- INFO: Active CC: 19
1660936910.353565 -- INFO: Throughput @141.2s:920.0Mbps, rtt :5.78ms cwnd: 169.0 lossRate: 0.0 CC:19 score:0.63 
1660936911.349228 -- INFO: Throughput @142.2s:865.0Mbps, rtt :5.12ms cwnd: 171.2 lossRate: 0.0 CC:19 score:0.59 
1660936912.341557 -- INFO: Throughput @143.2s:885.0Mbps, rtt :3.02ms cwnd: 173.4 lossRate: 0.0 CC:19 score:0.61 
1660936913.369455 -- INFO: Throughput @144.2s:870.0Mbps, rtt :3.87ms cwnd: 175.7 lossRate: 0.0 CC:19 score:0.6 
1660936913.608074 -- INFO: score [0.59, 0.61, 0.6] ******
1660936913.609574 -- INFO: action array from actor 0.15638215839862823 and action is 19 ******
1660936913.609697 -- INFO: Changing concurrency to 19 ******
1660936913.622797 -- INFO: Process Status Bits from change concurrency are: 1 1 1 1 1 1 1 1 1 1 1 1 1 1 1 1 1 1 1 0 0 0 0 0 0 0 0 0 0 0 0 0
1660936913.627158 -- INFO: Active CC: 19
1660936914.337156 -- INFO: Throughput @145.2s:885.0Mbps, rtt :4.5ms cwnd: 178.2 lossRate: 0.0 CC:19 score:0.61 
1660936915.345764 -- INFO: Throughput @146.2s:865.0Mbps, rtt :4.07ms cwnd: 180.6 lossRate: 0.0 CC:19 score:0.59 
1660936916.353965 -- INFO: Throughput @147.2s:865.0Mbps, rtt :3.95ms cwnd: 183.3 lossRate: 0.0 CC:19 score:0.59 
1660936917.132890 -- INFO: score [0.61, 0.59, 0.59] ******
1660936917.137151 -- INFO: action array from actor 0.15638215839862823 and action is 19 ******
1660936917.137822 -- INFO: Changing concurrency to 19 ******
1660936917.154844 -- INFO: Process Status Bits from change concurrency are: 1 1 1 1 1 1 1 1 1 1 1 1 1 1 1 1 1 1 1 0 0 0 0 0 0 0 0 0 0 0 0 0
1660936917.155750 -- INFO: Active CC: 19
1660936917.345272 -- INFO: Throughput @148.2s:885.0Mbps, rtt :3.45ms cwnd: 186.3 lossRate: 0.0 CC:19 score:0.61 
1660936918.340877 -- INFO: Throughput @149.2s:865.0Mbps, rtt :3.33ms cwnd: 189.4 lossRate: 0.0 CC:19 score:0.59 
1660936919.344867 -- INFO: Throughput @150.2s:885.0Mbps, rtt :3.58ms cwnd: 192.7 lossRate: 0.0 CC:19 score:0.61 
1660936920.344901 -- INFO: Throughput @151.2s:890.0Mbps, rtt :3.19ms cwnd: 195.4 lossRate: 0.0 CC:19 score:0.61 
1660936920.660806 -- INFO: score [0.59, 0.61, 0.61] ******
1660936920.662227 -- INFO: action array from actor 0.15638215839862823 and action is 19 ******
1660936920.662337 -- INFO: Changing concurrency to 19 ******
1660936920.683675 -- INFO: Process Status Bits from change concurrency are: 1 1 1 1 1 1 1 1 1 1 1 1 1 1 1 1 1 1 1 0 0 0 0 0 0 0 0 0 0 0 0 0
1660936920.685351 -- INFO: Active CC: 19
1660936921.356121 -- INFO: Throughput @152.2s:880.0Mbps, rtt :3.75ms cwnd: 197.7 lossRate: 0.0 CC:19 score:0.6 
1660936922.369992 -- INFO: Throughput @153.2s:865.0Mbps, rtt :3.87ms cwnd: 200.2 lossRate: 0.0 CC:19 score:0.59 
1660936923.361217 -- INFO: Throughput @154.2s:875.0Mbps, rtt :3.11ms cwnd: 204.1 lossRate: 0.0 CC:19 score:0.6 
1660936924.203302 -- INFO: score [0.6, 0.59, 0.6] ******
1660936924.205083 -- INFO: action array from actor 0.15638215839862823 and action is 19 ******
1660936924.205335 -- INFO: Changing concurrency to 19 ******
1660936924.215053 -- INFO: Process Status Bits from change concurrency are: 1 1 1 1 1 1 1 1 1 1 1 1 1 1 1 1 1 1 1 0 0 0 0 0 0 0 0 0 0 0 0 0
1660936924.216072 -- INFO: Active CC: 19
1660936924.344893 -- INFO: Throughput @155.2s:870.0Mbps, rtt :4.11ms cwnd: 206.0 lossRate: 0.0 CC:19 score:0.6 
1660936925.342206 -- INFO: Throughput @156.2s:885.0Mbps, rtt :3.72ms cwnd: 210.0 lossRate: 0.0 CC:19 score:0.61 
1660936926.363612 -- INFO: Throughput @157.2s:885.0Mbps, rtt :6.44ms cwnd: 213.9 lossRate: 0.0 CC:19 score:0.61 
1660936927.353185 -- INFO: Throughput @158.2s:875.0Mbps, rtt :3.05ms cwnd: 217.6 lossRate: 0.0 CC:19 score:0.6 
1660936927.719567 -- INFO: score [0.61, 0.61, 0.6] ******
1660936927.732596 -- INFO: action array from actor 0.15638215839862823 and action is 19 ******
1660936927.734759 -- INFO: Changing concurrency to 19 ******
1660936927.741209 -- INFO: Process Status Bits from change concurrency are: 1 1 1 1 1 1 1 1 1 1 1 1 1 1 1 1 1 1 1 0 0 0 0 0 0 0 0 0 0 0 0 0
1660936927.747030 -- INFO: Active CC: 19
1660936928.357160 -- INFO: Throughput @159.2s:880.0Mbps, rtt :4.61ms cwnd: 221.8 lossRate: 0.0 CC:19 score:0.6 
1660936929.361182 -- INFO: Throughput @160.2s:890.0Mbps, rtt :4.06ms cwnd: 225.5 lossRate: 0.0 CC:19 score:0.61 
1660936930.349729 -- INFO: Throughput @161.2s:885.0Mbps, rtt :4.41ms cwnd: 229.1 lossRate: 0.0 CC:19 score:0.61 
1660936931.263363 -- INFO: score [0.6, 0.61, 0.61] ******
1660936931.268354 -- INFO: action array from actor 0.1565220206975937 and action is 19 ******
1660936931.278704 -- INFO: Changing concurrency to 19 ******
1660936931.294803 -- INFO: Process Status Bits from change concurrency are: 1 1 1 1 1 1 1 1 1 1 1 1 1 1 1 1 1 1 1 0 0 0 0 0 0 0 0 0 0 0 0 0
1660936931.295313 -- INFO: Active CC: 19
1660936931.357604 -- INFO: Throughput @162.2s:875.0Mbps, rtt :5.3ms cwnd: 234.9 lossRate: 0.0 CC:19 score:0.6 
1660936932.362798 -- INFO: Throughput @163.2s:855.0Mbps, rtt :7.42ms cwnd: 237.9 lossRate: 0.0 CC:19 score:0.59 
1660936933.369196 -- INFO: Throughput @164.2s:890.0Mbps, rtt :6.86ms cwnd: 238.5 lossRate: 0.00026795643028443576 CC:19 score:0.61 
1660936934.361199 -- INFO: Throughput @165.2s:870.0Mbps, rtt :4.73ms cwnd: 237.4 lossRate: 0.0005080621440222478 CC:19 score:0.59 
1660936934.803526 -- INFO: score [0.59, 0.61, 0.59] ******
1660936934.805300 -- INFO: action array from actor 0.3461184501647949 and action is 22 ******
1660936934.805616 -- INFO: Changing concurrency to 22 ******
1660936934.806077 -- INFO: Process Status Bits from change concurrency are: 1 1 1 1 1 1 1 1 1 1 1 1 1 1 1 1 1 1 1 1 1 1 0 0 0 0 0 0 0 0 0 0
1660936934.806218 -- INFO: Start Process :: 21
1660936934.807177 -- INFO: Start Process :: 20
1660936934.807554 -- INFO: Process 21 get item 29 from queue and executing
1660936934.807838 -- INFO: starting 21, 29, /home/hjamil/Documents/files_bash/FILE0
1660936934.807889 -- INFO: Active CC: 22
1660936934.810795 -- INFO: Process 20 get item 15 from queue and executing
1660936934.811047 -- INFO: starting 20, 15, /home/hjamil/Documents/files_bash/FILE5
1660936934.817152 -- INFO: Start Process :: 19
1660936934.827792 -- INFO: Process 19 get item 27 from queue and executing
1660936934.828323 -- INFO: starting 19, 27, /home/hjamil/Documents/files_bash/FILE26
1660936935.409025 -- INFO: Throughput @166.2s:948.9Mbps, rtt :9.94ms cwnd: 204.8 lossRate: 0.0009569030257515929 CC:22 score:0.6 
1660936936.357023 -- INFO: Throughput @167.2s:997.69Mbps, rtt :7.01ms cwnd: 204.6 lossRate: 2.5943029108078658e-05 CC:22 score:0.65 
1660936937.369251 -- INFO: Throughput @168.2s:955.37Mbps, rtt :8.27ms cwnd: 199.9 lossRate: 0.0005069050356688056 CC:22 score:0.61 
1660936938.311472 -- INFO: score [0.6, 0.65, 0.61] ******
1660936938.313515 -- INFO: action array from actor 0.15638215839862823 and action is 19 ******
1660936938.313922 -- INFO: Changing concurrency to 19 ******
1660936938.314886 -- INFO: Process Status Bits from change concurrency are: 1 1 1 1 1 1 1 1 1 1 1 1 1 1 1 1 1 1 1 0 0 0 0 0 0 0 0 0 0 0 0 0
1660936938.316053 -- INFO: Active CC: 19
1660936938.365510 -- INFO: Throughput @169.2s:930.36Mbps, rtt :5.48ms cwnd: 199.6 lossRate: 0.0001724265339803434 CC:22 score:0.6 
1660936939.349720 -- INFO: Throughput @170.2s:927.09Mbps, rtt :8.17ms cwnd: 214.7 lossRate: 0.0 CC:19 score:0.64 
1660936940.386617 -- INFO: Throughput @171.2s:875.0Mbps, rtt :8.5ms cwnd: 229.7 lossRate: 0.0 CC:19 score:0.6 
1660936941.368923 -- INFO: Throughput @172.2s:885.0Mbps, rtt :7.02ms cwnd: 238.6 lossRate: 0.0 CC:19 score:0.61 
1660936941.831298 -- INFO: score [0.64, 0.6, 0.61] ******
1660936941.848154 -- INFO: action array from actor 0.1564062088727951 and action is 19 ******
1660936941.854673 -- INFO: Changing concurrency to 19 ******
1660936941.863037 -- INFO: Process Status Bits from change concurrency are: 1 1 1 1 1 1 1 1 1 1 1 1 1 1 1 1 1 1 1 0 0 0 0 0 0 0 0 0 0 0 0 0
1660936941.875797 -- INFO: Active CC: 19
1660936942.373540 -- INFO: Throughput @173.2s:865.0Mbps, rtt :3.54ms cwnd: 251.9 lossRate: 0.0 CC:19 score:0.59 
1660936943.384879 -- INFO: Throughput @174.2s:905.0Mbps, rtt :5.95ms cwnd: 253.4 lossRate: 0.0 CC:19 score:0.62 
1660936944.413332 -- INFO: Throughput @175.2s:870.0Mbps, rtt :4.16ms cwnd: 257.9 lossRate: 0.0 CC:19 score:0.6 
1660936945.387559 -- INFO: score [0.59, 0.62, 0.6] ******
1660936945.396455 -- INFO: action array from actor 0.3669881224632263 and action is 22 ******
1660936945.396681 -- INFO: Changing concurrency to 22 ******
1660936945.405106 -- INFO: Throughput @176.2s:905.0Mbps, rtt :5.23ms cwnd: 260.3 lossRate: 0.0 CC:19 score:0.62 
1660936945.405479 -- INFO: Process Status Bits from change concurrency are: 1 1 1 1 1 1 1 1 1 1 1 1 1 1 1 1 1 1 1 1 1 1 0 0 0 0 0 0 0 0 0 0
1660936945.405623 -- INFO: Start Process :: 19
1660936945.405890 -- INFO: Start Process :: 21
1660936945.406401 -- INFO: Active CC: 22
1660936945.407403 -- INFO: Start Process :: 20
1660936945.408860 -- INFO: Process 19 get item 28 from queue and executing
1660936945.409083 -- INFO: starting 19, 28, /home/hjamil/Documents/files_bash/FILE18
1660936945.410135 -- INFO: Process 21 get item 26 from queue and executing
1660936945.410359 -- INFO: starting 21, 26, /home/hjamil/Documents/files_bash/FILE27
1660936945.414858 -- INFO: Process 20 get item 25 from queue and executing
1660936945.415102 -- INFO: starting 20, 25, /home/hjamil/Documents/files_bash/FILE28
1660936946.377163 -- INFO: Throughput @177.2s:992.94Mbps, rtt :8.61ms cwnd: 223.4 lossRate: 0.0008806028355411304 CC:22 score:0.63 
1660936947.417331 -- INFO: Throughput @178.2s:996.11Mbps, rtt :7.26ms cwnd: 224.0 lossRate: 0.0004634140545165047 CC:22 score:0.64 
1660936948.376314 -- INFO: Throughput @179.2s:909.93Mbps, rtt :7.81ms cwnd: 224.4 lossRate: 0.0001658184415617546 CC:22 score:0.59 
1660936948.912155 -- INFO: score [0.63, 0.64, 0.59] ******
1660936948.914786 -- INFO: action array from actor 0.15638215839862823 and action is 19 ******
1660936948.927473 -- INFO: Changing concurrency to 19 ******
1660936948.930590 -- INFO: Process 6 finished on working on file 6 
1660936948.931255 -- INFO: Process 6 get item 30 from queue and executing
1660936948.938176 -- INFO: starting 6, 30, /home/hjamil/Documents/files_bash/FILE16
1660936948.942628 -- INFO: Process Status Bits from change concurrency are: 1 1 1 1 1 1 1 1 1 1 1 1 1 1 1 1 1 1 1 0 0 0 0 0 0 0 0 0 0 0 0 0
1660936948.960518 -- INFO: Active CC: 19
1660936949.429391 -- INFO: Throughput @180.2s:927.94Mbps, rtt :6.17ms cwnd: 240.6 lossRate: 0.0 CC:19 score:0.64 
1660936949.598800 -- INFO: Process 8 finished on working on file 5 
1660936949.638769 -- INFO: Process 8 get item 24 from queue and executing
1660936949.639310 -- INFO: starting 8, 24, /home/hjamil/Documents/files_bash/FILE12
1660936949.746546 -- INFO: Process 15 finished on working on file 18 
1660936949.750825 -- INFO: Process 15 get item 22 from queue and executing
1660936949.751323 -- INFO: starting 15, 22, /home/hjamil/Documents/files_bash/FILE9
1660936950.425403 -- INFO: Throughput @181.2s:895.0Mbps, rtt :8.69ms cwnd: 251.7 lossRate: 0.0 CC:19 score:0.61 
1660936950.930572 -- INFO: Process 3 finished on working on file 9 
1660936950.934687 -- INFO: Process 3 get item 23 from queue and executing
1660936950.935190 -- INFO: starting 3, 23, /home/hjamil/Documents/files_bash/FILE10
1660936951.010571 -- INFO: Process 16 finished on working on file 12 
1660936951.034573 -- INFO: Process 16 get item 31 from queue and executing
1660936951.034931 -- INFO: starting 16, 31, /home/hjamil/Documents/files_bash/FILE19
1660936951.405163 -- INFO: Throughput @182.2s:880.0Mbps, rtt :5.58ms cwnd: 262.3 lossRate: 0.0 CC:19 score:0.6 
1660936951.494560 -- INFO: Process 0 finished on working on file 0 
1660936951.506703 -- INFO: Process 0 get item 19 from queue and executing
1660936951.507215 -- INFO: starting 0, 19, /home/hjamil/Documents/files_bash/FILE8
1660936951.570720 -- INFO: Process 1 finished on working on file 2 
1660936951.574733 -- INFO: Process 1 get item 20 from queue and executing
1660936951.575211 -- INFO: starting 1, 20, /home/hjamil/Documents/files_bash/FILE15
1660936951.636720 -- INFO: Process 10 finished on working on file 11 
1660936951.638592 -- INFO: Process 10 get item 15 from queue and executing
1660936951.639036 -- INFO: starting 10, 15, /home/hjamil/Documents/files_bash/FILE5
1660936952.405404 -- INFO: Throughput @183.2s:880.0Mbps, rtt :5.85ms cwnd: 274.4 lossRate: 0.0 CC:19 score:0.6 
1660936952.466078 -- INFO: score [0.61, 0.6, 0.6] ******
1660936952.467674 -- INFO: action array from actor 0.6027445197105408 and action is 26 ******
1660936952.467847 -- INFO: Changing concurrency to 26 ******
1660936952.479112 -- INFO: Process Status Bits from change concurrency are: 1 1 1 1 1 1 1 1 1 1 1 1 1 1 1 1 1 1 1 1 1 1 1 1 1 1 0 0 0 0 0 0
1660936952.479257 -- INFO: Start Process :: 23
1660936952.479456 -- INFO: Start Process :: 22
1660936952.479662 -- INFO: Start Process :: 20
1660936952.479682 -- INFO: Start Process :: 25
1660936952.479727 -- INFO: Start Process :: 21
1660936952.479735 -- INFO: Active CC: 26
1660936952.479855 -- INFO: Start Process :: 24
1660936952.479973 -- INFO: Start Process :: 19
1660936952.480902 -- INFO: Process 25 get item 29 from queue and executing
1660936952.481210 -- INFO: starting 25, 29, /home/hjamil/Documents/files_bash/FILE0
1660936952.482130 -- INFO: Process 23 get item 27 from queue and executing
1660936952.482323 -- INFO: starting 23, 27, /home/hjamil/Documents/files_bash/FILE26
1660936952.482411 -- INFO: Process 19 get item 25 from queue and executing
1660936952.482682 -- INFO: starting 19, 25, /home/hjamil/Documents/files_bash/FILE28
1660936952.482788 -- INFO: Process 24 get item 26 from queue and executing
1660936952.483009 -- INFO: starting 24, 26, /home/hjamil/Documents/files_bash/FILE27
1660936952.483128 -- INFO: Process 20 get item 28 from queue and executing
1660936952.483291 -- INFO: starting 20, 28, /home/hjamil/Documents/files_bash/FILE18
1660936953.417259 -- INFO: Throughput @184.2s:1086.15Mbps, rtt :10.06ms cwnd: 181.5 lossRate: 0.003221476510067114 CC:26 score:0.61 
1660936954.396304 -- INFO: Throughput @185.2s:978.66Mbps, rtt :9.25ms cwnd: 176.0 lossRate: 0.0005671720800090748 CC:26 score:0.58 
1660936955.063193 -- INFO: Process 4 finished on working on file 1 
1660936955.202689 -- INFO: Process 13 finished on working on file 16 
1660936955.414751 -- INFO: Throughput @186.2s:949.31Mbps, rtt :10.15ms cwnd: 169.2 lossRate: 0 CC:26 score:0.57 
1660936955.945548 -- INFO: Process 5 finished on working on file 4 
1660936955.981090 -- INFO: score [0.61, 0.58, 0.57] ******
1660936955.982428 -- INFO: action array from actor 0.15638215839862823 and action is 19 ******
1660936955.982642 -- INFO: Changing concurrency to 19 ******
1660936955.983549 -- INFO: Process Status Bits from change concurrency are: 1 1 1 1 1 1 1 1 1 1 1 1 1 1 1 1 1 1 1 0 0 0 0 0 0 0 0 0 0 0 0 0
1660936955.984295 -- INFO: Active CC: 19
1660936955.989201 -- INFO: Start Process :: 13
1660936955.989570 -- INFO: Start Process :: 5
1660936955.989759 -- INFO: Start Process :: 4
1660936955.990882 -- INFO: Process 13 get item 27 from queue and executing
1660936955.991182 -- INFO: starting 13, 27, /home/hjamil/Documents/files_bash/FILE26
1660936955.994109 -- INFO: Start Process :: 4
1660936955.994617 -- INFO: Start Process :: 5
1660936955.994805 -- INFO: Process 4 get item 26 from queue and executing
1660936955.995413 -- INFO: starting 4, 26, /home/hjamil/Documents/files_bash/FILE27
1660936955.996344 -- INFO: Process 5 get item 28 from queue and executing
1660936955.996677 -- INFO: starting 5, 28, /home/hjamil/Documents/files_bash/FILE18
1660936956.379081 -- INFO: Throughput @187.2s:909.66Mbps, rtt :6.86ms cwnd: 161.7 lossRate: 0 CC:19 score:0.62 
1660936957.409311 -- INFO: Throughput @188.2s:869.22Mbps, rtt :7.31ms cwnd: 173.0 lossRate: 0.0 CC:19 score:0.6 
1660936958.397477 -- INFO: Throughput @189.2s:910.78Mbps, rtt :8.56ms cwnd: 181.3 lossRate: 0.0 CC:19 score:0.63 
1660936959.419194 -- INFO: Throughput @190.2s:875.0Mbps, rtt :5.89ms cwnd: 192.5 lossRate: 0.0 CC:19 score:0.6 
1660936959.502362 -- INFO: score [0.6, 0.63, 0.6] ******
1660936959.512033 -- INFO: action array from actor 0.15638215839862823 and action is 19 ******
1660936959.512385 -- INFO: Changing concurrency to 19 ******
1660936959.514881 -- INFO: Process Status Bits from change concurrency are: 1 1 1 1 1 1 1 1 1 1 1 1 1 1 1 1 1 1 1 0 0 0 0 0 0 0 0 0 0 0 0 0
1660936959.515474 -- INFO: Active CC: 19
1660936960.405028 -- INFO: Throughput @191.2s:875.0Mbps, rtt :2.85ms cwnd: 208.5 lossRate: 0.0 CC:19 score:0.6 
1660936961.420910 -- INFO: Throughput @192.2s:885.0Mbps, rtt :3.63ms cwnd: 217.3 lossRate: 0.0 CC:19 score:0.61 
1660936962.397037 -- INFO: Throughput @193.2s:880.0Mbps, rtt :3.45ms cwnd: 220.3 lossRate: 0.0 CC:19 score:0.6 
1660936963.018915 -- INFO: score [0.6, 0.61, 0.6] ******
1660936963.020699 -- INFO: action array from actor 0.15638217329978943 and action is 19 ******
1660936963.026795 -- INFO: Changing concurrency to 19 ******
1660936963.031022 -- INFO: Process Status Bits from change concurrency are: 1 1 1 1 1 1 1 1 1 1 1 1 1 1 1 1 1 1 1 0 0 0 0 0 0 0 0 0 0 0 0 0
1660936963.031779 -- INFO: Active CC: 19
1660936963.420988 -- INFO: Throughput @194.2s:875.0Mbps, rtt :4.72ms cwnd: 222.7 lossRate: 0.0 CC:19 score:0.6 
1660936964.391197 -- INFO: Throughput @195.2s:885.0Mbps, rtt :3.0ms cwnd: 228.8 lossRate: 0.0 CC:19 score:0.61 
1660936965.408895 -- INFO: Throughput @196.2s:880.0Mbps, rtt :3.54ms cwnd: 239.2 lossRate: 0.0 CC:19 score:0.6 
1660936966.413263 -- INFO: Throughput @197.2s:880.0Mbps, rtt :2.63ms cwnd: 243.9 lossRate: 0.0 CC:19 score:0.6 
1660936966.543824 -- INFO: score [0.61, 0.6, 0.6] ******
1660936966.545472 -- INFO: action array from actor 0.2800368368625641 and action is 21 ******
1660936966.545848 -- INFO: Changing concurrency to 21 ******
1660936966.547398 -- INFO: Start Process :: 19
1660936966.548279 -- INFO: Process 19 get item 25 from queue and executing
1660936966.548554 -- INFO: starting 19, 25, /home/hjamil/Documents/files_bash/FILE28
1660936966.550218 -- INFO: Start Process :: 20
1660936966.552788 -- INFO: Process 20 get item 29 from queue and executing
1660936966.553194 -- INFO: Process Status Bits from change concurrency are: 1 1 1 1 1 1 1 1 1 1 1 1 1 1 1 1 1 1 1 1 1 0 0 0 0 0 0 0 0 0 0 0
1660936966.553328 -- INFO: starting 20, 29, /home/hjamil/Documents/files_bash/FILE0
1660936966.562413 -- INFO: Active CC: 21
1660936967.425483 -- INFO: Throughput @198.2s:950.0Mbps, rtt :8.73ms cwnd: 235.1 lossRate: 0.0 CC:21 score:0.63 
1660936968.453362 -- INFO: Throughput @199.2s:960.0Mbps, rtt :9.46ms cwnd: 230.6 lossRate: 0.0007498214710783147 CC:21 score:0.63 
1660936969.356467 -- INFO: Process 24 shutdown itself from outest loop
1660936969.356441 -- INFO: episode expires
1660936969.356649 -- INFO: Process 29 shutdown itself from outest loop
1660936969.356968 -- INFO: Process 30 shutdown itself from outest loop
1660936969.357557 -- INFO: Process 22 shutdown itself from outest loop
1660936969.357457 -- INFO: Process 28 shutdown itself from outest loop
1660936969.358083 -- INFO: Process 25 shutdown itself from outest loop
1660936969.358011 -- INFO: Process 31 shutdown itself from outest loop
1660936969.358561 -- INFO: Process 23 shutdown itself from outest loop
1660936969.362570 -- INFO: Process 26 shutdown itself from outest loop
1660936969.363302 -- INFO: Process 27 shutdown itself from outest loop
1660936969.363960 -- INFO: Process 21 shutdown itself from outest loop
1660936970.087281 -- INFO: score [0.6, 0.63, 0.63] ******
