1660855531.389834 -- INFO: action array from actor 0.5071951150894165 and action is 24 ******
1660855531.401094 -- INFO: Changing concurrency to 24 ******
1660855531.414037 -- INFO: Process Status Bits from change concurrency are: 1 1 1 1 1 1 1 1 1 1 1 1 1 1 1 1 1 1 1 1 1 1 1 1 0 0 0 0 0 0 0 0
1660855531.414772 -- INFO: Active CC: 24
1660855531.417168 -- INFO: Start Process :: 0
1660855531.418704 -- INFO: Process 0 get item 0 from queue and executing
1660855531.418919 -- INFO: starting 0, 0, /home/hjamil/Documents/files_bash/FILE25
1660855531.419989 -- INFO: Start Process :: 4
1660855531.423029 -- INFO: Process 4 get item 1 from queue and executing
1660855531.423419 -- INFO: starting 4, 1, /home/hjamil/Documents/files_bash/FILE1
1660855531.451037 -- INFO: Start Process :: 3
1660855531.452834 -- INFO: Process 3 get item 2 from queue and executing
1660855531.453192 -- INFO: starting 3, 2, /home/hjamil/Documents/files_bash/FILE4
1660855531.467197 -- INFO: Start Process :: 7
1660855531.474687 -- INFO: Process 7 get item 3 from queue and executing
1660855531.475181 -- INFO: starting 7, 3, /home/hjamil/Documents/files_bash/FILE13
1660855531.517200 -- INFO: Start Process :: 5
1660855531.518731 -- INFO: Process 5 get item 4 from queue and executing
1660855531.518950 -- INFO: starting 5, 4, /home/hjamil/Documents/files_bash/FILE3
1660855531.519674 -- INFO: Start Process :: 2
1660855531.527843 -- INFO: Process 2 get item 5 from queue and executing
1660855531.528106 -- INFO: starting 2, 5, /home/hjamil/Documents/files_bash/FILE24
1660855531.532904 -- INFO: Start Process :: 6
1660855531.534250 -- INFO: Process 6 get item 6 from queue and executing
1660855531.534589 -- INFO: starting 6, 6, /home/hjamil/Documents/files_bash/FILE2
1660855531.572996 -- INFO: Start Process :: 1
1660855531.576654 -- INFO: Start Process :: 8
1660855531.577672 -- INFO: Process 1 get item 7 from queue and executing
1660855531.577923 -- INFO: starting 1, 7, /home/hjamil/Documents/files_bash/FILE20
1660855531.582488 -- INFO: Process 8 get item 8 from queue and executing
1660855531.582934 -- INFO: starting 8, 8, /home/hjamil/Documents/files_bash/FILE29
1660855531.591432 -- INFO: Start Process :: 9
1660855531.606427 -- INFO: Process 9 get item 9 from queue and executing
1660855531.606846 -- INFO: starting 9, 9, /home/hjamil/Documents/files_bash/FILE7
1660855531.630680 -- INFO: Start Process :: 10
1660855531.631818 -- INFO: Start Process :: 13
1660855531.634312 -- INFO: Process 13 get item 10 from queue and executing
1660855531.634601 -- INFO: starting 13, 10, /home/hjamil/Documents/files_bash/FILE31
1660855531.638839 -- INFO: Process 10 get item 11 from queue and executing
1660855531.639148 -- INFO: starting 10, 11, /home/hjamil/Documents/files_bash/FILE6
1660855531.641898 -- INFO: Start Process :: 11
1660855531.646143 -- INFO: Process 11 get item 12 from queue and executing
1660855531.646585 -- INFO: starting 11, 12, /home/hjamil/Documents/files_bash/FILE22
1660855531.714916 -- INFO: Start Process :: 14
1660855531.715379 -- INFO: Start Process :: 17
1660855531.719203 -- INFO: Process 17 get item 13 from queue and executing
1660855531.719684 -- INFO: starting 17, 13, /home/hjamil/Documents/files_bash/FILE11
1660855531.721946 -- INFO: Process 14 get item 14 from queue and executing
1660855531.722512 -- INFO: starting 14, 14, /home/hjamil/Documents/files_bash/FILE30
1660855531.754682 -- INFO: Start Process :: 19
1660855531.756117 -- INFO: Process 19 get item 15 from queue and executing
1660855531.756362 -- INFO: starting 19, 15, /home/hjamil/Documents/files_bash/FILE5
1660855531.840182 -- INFO: Start Process :: 16
1660855531.842659 -- INFO: Process 16 get item 16 from queue and executing
1660855531.843014 -- INFO: starting 16, 16, /home/hjamil/Documents/files_bash/FILE17
1660855531.866858 -- INFO: Start Process :: 18
1660855531.882428 -- INFO: Process 18 get item 17 from queue and executing
1660855531.882720 -- INFO: starting 18, 17, /home/hjamil/Documents/files_bash/FILE23
1660855531.898307 -- INFO: Start Process :: 12
1660855531.910475 -- INFO: Process 12 get item 18 from queue and executing
1660855531.914894 -- INFO: Start Process :: 15
1660855531.915671 -- INFO: starting 12, 18, /home/hjamil/Documents/files_bash/FILE14
1660855531.918634 -- INFO: Process 15 get item 19 from queue and executing
1660855531.918997 -- INFO: starting 15, 19, /home/hjamil/Documents/files_bash/FILE8
1660855531.950683 -- INFO: Start Process :: 22
1660855531.960925 -- INFO: Process 22 get item 20 from queue and executing
1660855531.961301 -- INFO: starting 22, 20, /home/hjamil/Documents/files_bash/FILE15
1660855532.052262 -- INFO: Start Process :: 20
1660855532.053817 -- INFO: Process 20 get item 21 from queue and executing
1660855532.054221 -- INFO: starting 20, 21, /home/hjamil/Documents/files_bash/FILE21
1660855532.054082 -- INFO: Start Process :: 21
1660855532.059415 -- INFO: Process 21 get item 22 from queue and executing
1660855532.059651 -- INFO: starting 21, 22, /home/hjamil/Documents/files_bash/FILE9
1660855532.061644 -- INFO: Start Process :: 23
1660855532.079432 -- INFO: Throughput @0.1s:0.0Mbps, rtt :4.01ms cwnd: 451.2 lossRate: 7.233726526557421e-06 CC:0 score:0.0 
1660855532.096896 -- INFO: Process 23 get item 23 from queue and executing
1660855532.097260 -- INFO: starting 23, 23, /home/hjamil/Documents/files_bash/FILE10
1660855532.492405 -- INFO: Throughput @1.1s:745.0Mbps, rtt :5.88ms cwnd: 255.9 lossRate: 0.0 CC:24 score:0.46 
1660855533.458465 -- INFO: Throughput @2.1s:967.63Mbps, rtt :5.31ms cwnd: 262.4 lossRate: 0.0 CC:24 score:0.6 
1660855534.473599 -- INFO: Throughput @3.1s:948.33Mbps, rtt :7.64ms cwnd: 268.3 lossRate: 8.456353137307013e-05 CC:24 score:0.59 
1660855534.939958 -- INFO: score [0.46, 0.6, 0.59] ******
1660855534.942060 -- INFO: action array from actor -0.297902911901474 and action is 12 ******
1660855534.950518 -- INFO: Changing concurrency to 12 ******
1660855534.951024 -- INFO: Process Status Bits from change concurrency are: 1 1 1 1 1 1 1 1 1 1 1 1 0 0 0 0 0 0 0 0 0 0 0 0 0 0 0 0 0 0 0 0
1660855534.951442 -- INFO: Active CC: 12
1660855535.470000 -- INFO: Throughput @4.1s:775.53Mbps, rtt :3.17ms cwnd: 341.0 lossRate: 0 CC:12 score:0.61 
1660855536.542276 -- INFO: Throughput @5.1s:530.0Mbps, rtt :3.1ms cwnd: 368.5 lossRate: 0.0 CC:12 score:0.42 
1660855537.493588 -- INFO: Throughput @6.1s:525.0Mbps, rtt :3.82ms cwnd: 390.2 lossRate: 0.0 CC:12 score:0.41 
1660855538.471086 -- INFO: score [0.61, 0.42, 0.41] ******
1660855538.471381 -- INFO: Throughput @7.1s:555.0Mbps, rtt :4.13ms cwnd: 404.0 lossRate: 0.0 CC:12 score:0.44 
1660855538.481198 -- INFO: action array from actor 0.19284890592098236 and action is 19 ******
1660855538.481362 -- INFO: Changing concurrency to 19 ******
1660855538.504585 -- INFO: Start Process :: 13
1660855538.510636 -- INFO: Process 13 get item 24 from queue and executing
1660855538.510983 -- INFO: starting 13, 24, /home/hjamil/Documents/files_bash/FILE12
1660855538.511276 -- INFO: Start Process :: 18
1660855538.511521 -- INFO: Process Status Bits from change concurrency are: 1 1 1 1 1 1 1 1 1 1 1 1 1 1 1 1 1 1 1 0 0 0 0 0 0 0 0 0 0 0 0 0
1660855538.513853 -- INFO: Start Process :: 17
1660855538.514410 -- INFO: Start Process :: 16
1660855538.514688 -- INFO: Start Process :: 14
1660855538.515296 -- INFO: Process 17 get item 25 from queue and executing
1660855538.515607 -- INFO: starting 17, 25, /home/hjamil/Documents/files_bash/FILE28
1660855538.518884 -- INFO: Start Process :: 15
1660855538.519719 -- INFO: Process 16 get item 27 from queue and executing
1660855538.520152 -- INFO: starting 16, 27, /home/hjamil/Documents/files_bash/FILE26
1660855538.520550 -- INFO: Process 14 get item 26 from queue and executing
1660855538.521000 -- INFO: starting 14, 26, /home/hjamil/Documents/files_bash/FILE27
1660855538.519454 -- INFO: Process 18 get item 28 from queue and executing
1660855538.522075 -- INFO: starting 18, 28, /home/hjamil/Documents/files_bash/FILE18
1660855538.522898 -- INFO: Start Process :: 12
1660855538.523017 -- INFO: Process 15 get item 29 from queue and executing
1660855538.531172 -- INFO: starting 15, 29, /home/hjamil/Documents/files_bash/FILE0
1660855538.531459 -- INFO: Active CC: 19
1660855538.532846 -- INFO: Process 12 get item 30 from queue and executing
1660855538.533494 -- INFO: starting 12, 30, /home/hjamil/Documents/files_bash/FILE16
1660855539.482166 -- INFO: Throughput @8.1s:810.0Mbps, rtt :3.7ms cwnd: 354.1 lossRate: 0.0 CC:19 score:0.56 
1660855540.476900 -- INFO: Throughput @9.1s:830.0Mbps, rtt :4.45ms cwnd: 365.4 lossRate: 0.0 CC:19 score:0.57 
1660855541.502907 -- INFO: Throughput @10.1s:835.0Mbps, rtt :3.35ms cwnd: 376.0 lossRate: 0.0 CC:19 score:0.57 
1660855542.073332 -- INFO: score [0.56, 0.57, 0.57] ******
1660855542.080503 -- INFO: action array from actor 0.253098726272583 and action is 20 ******
1660855542.091450 -- INFO: Changing concurrency to 20 ******
1660855542.092450 -- INFO: Process Status Bits from change concurrency are: 1 1 1 1 1 1 1 1 1 1 1 1 1 1 1 1 1 1 1 1 0 0 0 0 0 0 0 0 0 0 0 0
1660855542.093677 -- INFO: Start Process :: 19
1660855542.096790 -- INFO: Process 19 get item 31 from queue and executing
1660855542.097290 -- INFO: starting 19, 31, /home/hjamil/Documents/files_bash/FILE19
1660855542.098938 -- INFO: Active CC: 20
1660855542.468599 -- INFO: Throughput @11.1s:835.0Mbps, rtt :6.28ms cwnd: 374.1 lossRate: 0.0 CC:20 score:0.56 
1660855543.478801 -- INFO: Throughput @12.1s:880.0Mbps, rtt :4.16ms cwnd: 379.0 lossRate: 0.0 CC:20 score:0.59 
1660855544.466781 -- INFO: Throughput @13.1s:860.0Mbps, rtt :4.29ms cwnd: 387.2 lossRate: 0.0 CC:20 score:0.58 
1660855545.462454 -- INFO: Throughput @14.1s:915.0Mbps, rtt :5.48ms cwnd: 387.3 lossRate: 0.0005710659898477158 CC:20 score:0.61 
1660855545.631768 -- INFO: score [0.59, 0.58, 0.61] ******
1660855545.634052 -- INFO: action array from actor 0.2559387683868408 and action is 20 ******
1660855545.658563 -- INFO: Changing concurrency to 20 ******
1660855545.662050 -- INFO: Process Status Bits from change concurrency are: 1 1 1 1 1 1 1 1 1 1 1 1 1 1 1 1 1 1 1 1 0 0 0 0 0 0 0 0 0 0 0 0
1660855545.663510 -- INFO: Active CC: 20
1660855546.503276 -- INFO: Throughput @15.1s:885.0Mbps, rtt :4.78ms cwnd: 389.9 lossRate: 0.0 CC:20 score:0.6 
1660855547.510088 -- INFO: Throughput @16.1s:895.0Mbps, rtt :4.27ms cwnd: 393.2 lossRate: 0.0 CC:20 score:0.6 
1660855548.527949 -- INFO: Throughput @17.1s:860.0Mbps, rtt :5.63ms cwnd: 397.1 lossRate: 0.0 CC:20 score:0.58 
1660855549.179314 -- INFO: score [0.6, 0.6, 0.58] ******
1660855549.181051 -- INFO: action array from actor 0.2559387683868408 and action is 20 ******
1660855549.181211 -- INFO: Changing concurrency to 20 ******
1660855549.220114 -- INFO: Process Status Bits from change concurrency are: 1 1 1 1 1 1 1 1 1 1 1 1 1 1 1 1 1 1 1 1 0 0 0 0 0 0 0 0 0 0 0 0
1660855549.220701 -- INFO: Active CC: 20
1660855549.511330 -- INFO: Throughput @18.1s:875.0Mbps, rtt :4.76ms cwnd: 403.7 lossRate: 0.0 CC:20 score:0.59 
1660855550.529428 -- INFO: Throughput @19.1s:860.0Mbps, rtt :4.37ms cwnd: 408.2 lossRate: 0.0 CC:20 score:0.58 
1660855551.505500 -- INFO: Throughput @20.1s:845.0Mbps, rtt :3.76ms cwnd: 410.4 lossRate: 0.0 CC:20 score:0.57 
1660855552.492237 -- INFO: Throughput @21.1s:870.0Mbps, rtt :4.77ms cwnd: 412.1 lossRate: 0.0 CC:20 score:0.59 
1660855552.735563 -- INFO: score [0.58, 0.57, 0.59] ******
1660855552.752075 -- INFO: action array from actor 0.2559387683868408 and action is 20 ******
1660855552.762447 -- INFO: Changing concurrency to 20 ******
1660855552.782495 -- INFO: Process Status Bits from change concurrency are: 1 1 1 1 1 1 1 1 1 1 1 1 1 1 1 1 1 1 1 1 0 0 0 0 0 0 0 0 0 0 0 0
1660855552.798554 -- INFO: Active CC: 20
1660855553.494704 -- INFO: Throughput @22.1s:855.0Mbps, rtt :4.02ms cwnd: 413.9 lossRate: 0.0 CC:20 score:0.58 
1660855554.498468 -- INFO: Throughput @23.1s:870.0Mbps, rtt :7.14ms cwnd: 415.6 lossRate: 0.0 CC:20 score:0.59 
1660855555.521862 -- INFO: Throughput @24.1s:865.0Mbps, rtt :7.26ms cwnd: 416.8 lossRate: 0.0 CC:20 score:0.58 
1660855556.333457 -- INFO: score [0.58, 0.59, 0.58] ******
1660855556.335216 -- INFO: action array from actor 0.25995519757270813 and action is 21 ******
1660855556.342447 -- INFO: Changing concurrency to 21 ******
1660855556.350356 -- INFO: Process Status Bits from change concurrency are: 1 1 1 1 1 1 1 1 1 1 1 1 1 1 1 1 1 1 1 1 1 0 0 0 0 0 0 0 0 0 0 0
1660855556.350889 -- INFO: Active CC: 21
1660855556.361191 -- INFO: Start Process :: 20
1660855556.369712 -- INFO: Process 20 get item 13 from queue and executing
1660855556.370060 -- INFO: starting 20, 13, /home/hjamil/Documents/files_bash/FILE11
1660855556.497392 -- INFO: Throughput @25.1s:885.0Mbps, rtt :5.42ms cwnd: 409.5 lossRate: 0.0 CC:21 score:0.58 
1660855557.470381 -- INFO: Throughput @26.1s:935.0Mbps, rtt :5.59ms cwnd: 411.7 lossRate: 0.0 CC:21 score:0.62 
1660855558.487627 -- INFO: Throughput @27.1s:930.0Mbps, rtt :6.37ms cwnd: 393.6 lossRate: 0.0016655136187767442 CC:21 score:0.6 
1660855559.496522 -- INFO: Throughput @28.1s:915.0Mbps, rtt :4.93ms cwnd: 385.8 lossRate: 0.0004598090582384473 CC:21 score:0.6 
1660855559.852076 -- INFO: score [0.62, 0.6, 0.6] ******
1660855559.878388 -- INFO: action array from actor 0.2559387683868408 and action is 20 ******
1660855559.878891 -- INFO: Changing concurrency to 20 ******
1660855559.888823 -- INFO: Process Status Bits from change concurrency are: 1 1 1 1 1 1 1 1 1 1 1 1 1 1 1 1 1 1 1 1 0 0 0 0 0 0 0 0 0 0 0 0
1660855559.889598 -- INFO: Active CC: 20
1660855560.527318 -- INFO: Throughput @29.1s:875.0Mbps, rtt :4.06ms cwnd: 393.6 lossRate: 0.0 CC:20 score:0.59 
1660855561.514466 -- INFO: Throughput @30.1s:890.0Mbps, rtt :4.24ms cwnd: 394.1 lossRate: 0.0 CC:20 score:0.6 
1660855562.528829 -- INFO: Throughput @31.1s:860.0Mbps, rtt :6.39ms cwnd: 395.1 lossRate: 0.0 CC:20 score:0.58 
1660855563.401594 -- INFO: score [0.59, 0.6, 0.58] ******
1660855563.431591 -- INFO: action array from actor 0.2559387683868408 and action is 20 ******
1660855563.454408 -- INFO: Changing concurrency to 20 ******
1660855563.457412 -- INFO: Process Status Bits from change concurrency are: 1 1 1 1 1 1 1 1 1 1 1 1 1 1 1 1 1 1 1 1 0 0 0 0 0 0 0 0 0 0 0 0
1660855563.462369 -- INFO: Active CC: 20
1660855563.500940 -- INFO: Throughput @32.1s:900.0Mbps, rtt :4.9ms cwnd: 396.6 lossRate: 0.0 CC:20 score:0.61 
1660855564.522374 -- INFO: Throughput @33.1s:830.0Mbps, rtt :7.67ms cwnd: 398.1 lossRate: 0.0 CC:20 score:0.56 
1660855565.443550 -- INFO: Throughput @34.1s:865.0Mbps, rtt :3.82ms cwnd: 398.3 lossRate: 0.0 CC:20 score:0.58 
1660855566.479717 -- INFO: Throughput @35.1s:865.0Mbps, rtt :5.11ms cwnd: 400.7 lossRate: 0.0 CC:20 score:0.58 
1660855566.983410 -- INFO: score [0.56, 0.58, 0.58] ******
1660855566.995662 -- INFO: action array from actor 0.27403658628463745 and action is 21 ******
1660855567.010425 -- INFO: Changing concurrency to 21 ******
1660855567.025161 -- INFO: Process Status Bits from change concurrency are: 1 1 1 1 1 1 1 1 1 1 1 1 1 1 1 1 1 1 1 1 1 0 0 0 0 0 0 0 0 0 0 0
1660855567.025850 -- INFO: Start Process :: 20
1660855567.028036 -- INFO: Process 20 get item 14 from queue and executing
1660855567.028411 -- INFO: Active CC: 21
1660855567.030616 -- INFO: starting 20, 14, /home/hjamil/Documents/files_bash/FILE30
1660855567.498356 -- INFO: Throughput @36.1s:900.0Mbps, rtt :4.71ms cwnd: 394.7 lossRate: 0.0 CC:21 score:0.59 
1660855568.500947 -- INFO: Throughput @37.1s:910.0Mbps, rtt :3.97ms cwnd: 396.6 lossRate: 0.0 CC:21 score:0.6 
1660855569.544201 -- INFO: Throughput @38.1s:950.0Mbps, rtt :4.82ms cwnd: 382.1 lossRate: 0.0006966127206458595 CC:21 score:0.62 
1660855570.535373 -- INFO: Throughput @39.1s:915.0Mbps, rtt :5.65ms cwnd: 384.0 lossRate: 0.0005361529157990549 CC:21 score:0.6 
1660855570.562858 -- INFO: score [0.6, 0.62, 0.6] ******
1660855570.564461 -- INFO: action array from actor 0.24074186384677887 and action is 20 ******
1660855570.579289 -- INFO: Changing concurrency to 20 ******
1660855570.602410 -- INFO: Process Status Bits from change concurrency are: 1 1 1 1 1 1 1 1 1 1 1 1 1 1 1 1 1 1 1 1 0 0 0 0 0 0 0 0 0 0 0 0
1660855570.603570 -- INFO: Active CC: 20
1660855571.538122 -- INFO: Throughput @40.1s:900.0Mbps, rtt :4.26ms cwnd: 388.7 lossRate: 0.0 CC:20 score:0.61 
1660855572.530569 -- INFO: Throughput @41.1s:890.0Mbps, rtt :4.84ms cwnd: 390.3 lossRate: 0.0 CC:20 score:0.6 
1660855573.524754 -- INFO: Throughput @42.1s:885.0Mbps, rtt :4.62ms cwnd: 391.3 lossRate: 0.0 CC:20 score:0.6 
1660855574.111166 -- INFO: score [0.61, 0.6, 0.6] ******
1660855574.112771 -- INFO: action array from actor 0.2559387683868408 and action is 20 ******
1660855574.122398 -- INFO: Changing concurrency to 20 ******
1660855574.135211 -- INFO: Process Status Bits from change concurrency are: 1 1 1 1 1 1 1 1 1 1 1 1 1 1 1 1 1 1 1 1 0 0 0 0 0 0 0 0 0 0 0 0
1660855574.146434 -- INFO: Active CC: 20
1660855574.516319 -- INFO: Throughput @43.1s:880.0Mbps, rtt :4.47ms cwnd: 391.8 lossRate: 0.0 CC:20 score:0.59 
1660855575.534722 -- INFO: Throughput @44.1s:890.0Mbps, rtt :4.68ms cwnd: 394.3 lossRate: 0.0 CC:20 score:0.6 
1660855576.516433 -- INFO: Throughput @45.1s:875.0Mbps, rtt :5.01ms cwnd: 395.8 lossRate: 0.0 CC:20 score:0.59 
1660855577.546396 -- INFO: Throughput @46.1s:890.0Mbps, rtt :5.07ms cwnd: 395.9 lossRate: 0.0 CC:20 score:0.6 
1660855577.651305 -- INFO: score [0.6, 0.59, 0.6] ******
1660855577.664518 -- INFO: action array from actor 0.2559387683868408 and action is 20 ******
1660855577.682393 -- INFO: Changing concurrency to 20 ******
1660855577.694491 -- INFO: Process Status Bits from change concurrency are: 1 1 1 1 1 1 1 1 1 1 1 1 1 1 1 1 1 1 1 1 0 0 0 0 0 0 0 0 0 0 0 0
1660855577.698436 -- INFO: Active CC: 20
1660855578.545322 -- INFO: Throughput @47.1s:885.0Mbps, rtt :4.44ms cwnd: 398.5 lossRate: 0.0 CC:20 score:0.6 
1660855579.539001 -- INFO: Throughput @48.1s:848.34Mbps, rtt :9.79ms cwnd: 351.3 lossRate: 0.005121289199201079 CC:20 score:0.53 
1660855580.467997 -- INFO: Throughput @49.1s:671.08Mbps, rtt :8.26ms cwnd: 303.1 lossRate: 0.005902539464653397 CC:20 score:0.41 
1660855581.211447 -- INFO: score [0.6, 0.53, 0.41] ******
1660855581.213577 -- INFO: action array from actor 0.2016129344701767 and action is 20 ******
1660855581.213916 -- INFO: Changing concurrency to 20 ******
1660855581.231102 -- INFO: Process Status Bits from change concurrency are: 1 1 1 1 1 1 1 1 1 1 1 1 1 1 1 1 1 1 1 1 0 0 0 0 0 0 0 0 0 0 0 0
1660855581.231743 -- INFO: Active CC: 20
1660855581.493233 -- INFO: Throughput @50.1s:618.01Mbps, rtt :7.49ms cwnd: 278.6 lossRate: 0.003484654119358977 CC:20 score:0.39 
1660855582.503571 -- INFO: Throughput @51.1s:599.95Mbps, rtt :7.26ms cwnd: 276.2 lossRate: 0.0004217467985583928 CC:20 score:0.4 
1660855583.492303 -- INFO: Throughput @52.1s:590.59Mbps, rtt :7.31ms cwnd: 273.0 lossRate: 0.0003886136209074128 CC:20 score:0.4 
1660855584.498470 -- INFO: Throughput @53.1s:621.43Mbps, rtt :6.88ms cwnd: 267.1 lossRate: 0.0012768714743101083 CC:20 score:0.41 
1660855584.735204 -- INFO: score [0.4, 0.4, 0.41] ******
1660855584.737099 -- INFO: action array from actor 0.2559387683868408 and action is 20 ******
1660855584.737389 -- INFO: Changing concurrency to 20 ******
1660855584.738066 -- INFO: Process Status Bits from change concurrency are: 1 1 1 1 1 1 1 1 1 1 1 1 1 1 1 1 1 1 1 1 0 0 0 0 0 0 0 0 0 0 0 0
1660855584.739366 -- INFO: Active CC: 20
1660855585.514249 -- INFO: Throughput @54.1s:604.42Mbps, rtt :6.91ms cwnd: 265.9 lossRate: 0.00032421711103482474 CC:20 score:0.4 
1660855586.506518 -- INFO: Throughput @55.1s:608.48Mbps, rtt :6.61ms cwnd: 265.4 lossRate: 0.0001772735330615139 CC:20 score:0.41 
1660855587.489377 -- INFO: Throughput @56.1s:605.47Mbps, rtt :6.83ms cwnd: 265.4 lossRate: 0.0 CC:20 score:0.41 
1660855588.251237 -- INFO: score [0.4, 0.41, 0.41] ******
1660855588.252964 -- INFO: action array from actor 0.25593844056129456 and action is 20 ******
1660855588.262162 -- INFO: Changing concurrency to 20 ******
1660855588.262728 -- INFO: Process Status Bits from change concurrency are: 1 1 1 1 1 1 1 1 1 1 1 1 1 1 1 1 1 1 1 1 0 0 0 0 0 0 0 0 0 0 0 0
1660855588.263775 -- INFO: Active CC: 20
1660855588.493744 -- INFO: Throughput @57.1s:602.13Mbps, rtt :6.65ms cwnd: 263.2 lossRate: 0.000578848862561985 CC:20 score:0.4 
1660855589.512834 -- INFO: Throughput @58.1s:744.29Mbps, rtt :4.87ms cwnd: 268.1 lossRate: 1.422434639128332e-05 CC:20 score:0.5 
1660855590.523707 -- INFO: Throughput @59.1s:838.49Mbps, rtt :4.54ms cwnd: 273.5 lossRate: 0.0 CC:20 score:0.56 
1660855591.531007 -- INFO: Throughput @60.1s:920.22Mbps, rtt :7.2ms cwnd: 284.7 lossRate: 0.0 CC:20 score:0.62 
1660855591.776765 -- INFO: score [0.5, 0.56, 0.62] ******
1660855591.783996 -- INFO: action array from actor -0.02448422461748123 and action is 16 ******
1660855591.784518 -- INFO: Changing concurrency to 16 ******
1660855591.802776 -- INFO: Process Status Bits from change concurrency are: 1 1 1 1 1 1 1 1 1 1 1 1 1 1 1 1 0 0 0 0 0 0 0 0 0 0 0 0 0 0 0 0
1660855591.803639 -- INFO: Active CC: 16
1660855592.513989 -- INFO: Throughput @61.1s:847.13Mbps, rtt :3.6ms cwnd: 311.5 lossRate: 0 CC:16 score:0.62 
1660855593.560902 -- INFO: Throughput @62.1s:700.0Mbps, rtt :3.39ms cwnd: 315.9 lossRate: 0.0 CC:16 score:0.51 
1660855594.539337 -- INFO: Throughput @63.1s:700.0Mbps, rtt :2.93ms cwnd: 319.1 lossRate: 0.0 CC:16 score:0.51 
1660855595.310854 -- INFO: score [0.62, 0.51, 0.51] ******
1660855595.312345 -- INFO: action array from actor 0.25593245029449463 and action is 20 ******
1660855595.312528 -- INFO: Changing concurrency to 20 ******
1660855595.335592 -- INFO: Process Status Bits from change concurrency are: 1 1 1 1 1 1 1 1 1 1 1 1 1 1 1 1 1 1 1 1 0 0 0 0 0 0 0 0 0 0 0 0
1660855595.336111 -- INFO: Active CC: 20
1660855595.336377 -- INFO: Start Process :: 18
1660855595.336745 -- INFO: Start Process :: 19
1660855595.342172 -- INFO: Process 19 get item 23 from queue and executing
1660855595.342876 -- INFO: Process 18 get item 10 from queue and executing
1660855595.343124 -- INFO: starting 18, 10, /home/hjamil/Documents/files_bash/FILE31
1660855595.343431 -- INFO: Start Process :: 16
1660855595.343311 -- INFO: starting 19, 23, /home/hjamil/Documents/files_bash/FILE10
1660855595.344506 -- INFO: Process 16 get item 18 from queue and executing
1660855595.344782 -- INFO: starting 16, 18, /home/hjamil/Documents/files_bash/FILE14
1660855595.345120 -- INFO: Start Process :: 17
1660855595.356725 -- INFO: Process 17 get item 16 from queue and executing
1660855595.358443 -- INFO: starting 17, 16, /home/hjamil/Documents/files_bash/FILE17
1660855595.538586 -- INFO: Throughput @64.1s:750.0Mbps, rtt :3.64ms cwnd: 294.2 lossRate: 0.0 CC:20 score:0.5 
1660855596.524238 -- INFO: Throughput @65.1s:890.0Mbps, rtt :4.44ms cwnd: 302.7 lossRate: 0.0 CC:20 score:0.6 
1660855597.567513 -- INFO: Throughput @66.1s:870.0Mbps, rtt :4.08ms cwnd: 308.7 lossRate: 0.0 CC:20 score:0.59 
1660855598.566549 -- INFO: Throughput @67.1s:850.0Mbps, rtt :4.26ms cwnd: 313.7 lossRate: 0.0 CC:20 score:0.57 
1660855598.859243 -- INFO: score [0.6, 0.59, 0.57] ******
1660855598.867762 -- INFO: action array from actor -0.24787329137325287 and action is 13 ******
1660855598.878375 -- INFO: Changing concurrency to 13 ******
1660855598.890490 -- INFO: Process Status Bits from change concurrency are: 1 1 1 1 1 1 1 1 1 1 1 1 1 0 0 0 0 0 0 0 0 0 0 0 0 0 0 0 0 0 0 0
1660855598.903743 -- INFO: Active CC: 13
1660855599.513540 -- INFO: Throughput @68.1s:715.0Mbps, rtt :3.32ms cwnd: 342.2 lossRate: 0 CC:13 score:0.55 
1660855600.554500 -- INFO: Throughput @69.1s:600.0Mbps, rtt :3.46ms cwnd: 344.9 lossRate: 0.0 CC:13 score:0.46 
1660855601.535705 -- INFO: Throughput @70.1s:575.0Mbps, rtt :3.4ms cwnd: 346.8 lossRate: 0.0 CC:13 score:0.44 
1660855602.423207 -- INFO: score [0.55, 0.46, 0.44] ******
1660855602.431939 -- INFO: action array from actor 0.24987787008285522 and action is 20 ******
1660855602.438477 -- INFO: Changing concurrency to 20 ******
1660855602.450433 -- INFO: Start Process :: 15
1660855602.450681 -- INFO: Process Status Bits from change concurrency are: 1 1 1 1 1 1 1 1 1 1 1 1 1 1 1 1 1 1 1 1 0 0 0 0 0 0 0 0 0 0 0 0
1660855602.450845 -- INFO: Start Process :: 17
1660855602.451059 -- INFO: Start Process :: 18
1660855602.451407 -- INFO: Start Process :: 16
1660855602.451749 -- INFO: Start Process :: 19
1660855602.452001 -- INFO: Process 17 get item 20 from queue and executing
1660855602.452025 -- INFO: Start Process :: 14
1660855602.453839 -- INFO: starting 17, 20, /home/hjamil/Documents/files_bash/FILE15
1660855602.454425 -- INFO: Process 15 get item 22 from queue and executing
1660855602.454823 -- INFO: Process 16 get item 15 from queue and executing
1660855602.454970 -- INFO: starting 15, 22, /home/hjamil/Documents/files_bash/FILE9
1660855602.455432 -- INFO: Process 19 get item 19 from queue and executing
1660855602.455667 -- INFO: Process 14 get item 21 from queue and executing
1660855602.456486 -- INFO: starting 19, 19, /home/hjamil/Documents/files_bash/FILE8
1660855602.456849 -- INFO: starting 16, 15, /home/hjamil/Documents/files_bash/FILE5
1660855602.457644 -- INFO: starting 14, 21, /home/hjamil/Documents/files_bash/FILE21
1660855602.463335 -- INFO: Active CC: 20
1660855602.466446 -- INFO: Start Process :: 13
1660855602.467931 -- INFO: Process 18 get item 17 from queue and executing
1660855602.469005 -- INFO: starting 18, 17, /home/hjamil/Documents/files_bash/FILE23
1660855602.480304 -- INFO: Process 13 get item 13 from queue and executing
1660855602.492787 -- INFO: starting 13, 13, /home/hjamil/Documents/files_bash/FILE11
1660855602.555908 -- INFO: Throughput @71.1s:581.75Mbps, rtt :4.11ms cwnd: 291.2 lossRate: 0.0 CC:20 score:0.39 
1660855603.575700 -- INFO: Throughput @72.1s:863.25Mbps, rtt :3.45ms cwnd: 311.4 lossRate: 0.0 CC:20 score:0.58 
1660855604.572016 -- INFO: Throughput @73.1s:885.0Mbps, rtt :3.74ms cwnd: 320.4 lossRate: 0.0 CC:20 score:0.6 
1660855605.555142 -- INFO: Throughput @74.1s:865.0Mbps, rtt :4.5ms cwnd: 328.5 lossRate: 0.0 CC:20 score:0.58 
1660855605.964426 -- INFO: score [0.58, 0.6, 0.58] ******
1660855605.966078 -- INFO: action array from actor -0.024501807987689972 and action is 16 ******
1660855605.966283 -- INFO: Changing concurrency to 16 ******
1660855605.966682 -- INFO: Process Status Bits from change concurrency are: 1 1 1 1 1 1 1 1 1 1 1 1 1 1 1 1 0 0 0 0 0 0 0 0 0 0 0 0 0 0 0 0
1660855605.967020 -- INFO: Active CC: 16
1660855606.514272 -- INFO: Throughput @75.1s:780.0Mbps, rtt :3.89ms cwnd: 347.8 lossRate: 0.0 CC:16 score:0.57 
1660855607.518247 -- INFO: Throughput @76.1s:725.0Mbps, rtt :3.08ms cwnd: 352.2 lossRate: 0.0 CC:16 score:0.53 
1660855608.538695 -- INFO: Throughput @77.1s:705.0Mbps, rtt :3.42ms cwnd: 358.8 lossRate: 0.0 CC:16 score:0.51 
1660855609.479195 -- INFO: score [0.57, 0.53, 0.51] ******
1660855609.481006 -- INFO: action array from actor 0.2559387683868408 and action is 20 ******
1660855609.481156 -- INFO: Changing concurrency to 20 ******
1660855609.534415 -- INFO: Throughput @78.1s:705.0Mbps, rtt :3.68ms cwnd: 362.6 lossRate: 0.0 CC:16 score:0.51 
1660855609.538555 -- INFO: Process Status Bits from change concurrency are: 1 1 1 1 1 1 1 1 1 1 1 1 1 1 1 1 1 1 1 1 0 0 0 0 0 0 0 0 0 0 0 0
1660855609.538723 -- INFO: Start Process :: 19
1660855609.540682 -- INFO: Start Process :: 18
1660855609.542033 -- INFO: Start Process :: 16
1660855609.542581 -- INFO: Process 19 get item 14 from queue and executing
1660855609.542922 -- INFO: starting 19, 14, /home/hjamil/Documents/files_bash/FILE30
1660855609.543531 -- INFO: Start Process :: 17
1660855609.544596 -- INFO: Process 17 get item 31 from queue and executing
1660855609.544657 -- INFO: Process 18 get item 27 from queue and executing
1660855609.545219 -- INFO: starting 17, 31, /home/hjamil/Documents/files_bash/FILE19
1660855609.547555 -- INFO: starting 18, 27, /home/hjamil/Documents/files_bash/FILE26
1660855609.547765 -- INFO: Process 16 get item 28 from queue and executing
1660855609.554660 -- INFO: starting 16, 28, /home/hjamil/Documents/files_bash/FILE18
1660855609.562479 -- INFO: Active CC: 20
1660855610.541254 -- INFO: Throughput @79.1s:880.0Mbps, rtt :4.39ms cwnd: 341.2 lossRate: 0.0 CC:20 score:0.59 
1660855611.567463 -- INFO: Throughput @80.1s:885.0Mbps, rtt :4.85ms cwnd: 345.9 lossRate: 0.0 CC:20 score:0.6 
1660855612.538010 -- INFO: Throughput @81.1s:865.0Mbps, rtt :4.72ms cwnd: 350.6 lossRate: 0.0 CC:20 score:0.58 
1660855613.071094 -- INFO: score [0.59, 0.6, 0.58] ******
1660855613.072532 -- INFO: action array from actor -0.021776877343654633 and action is 16 ******
1660855613.079333 -- INFO: Changing concurrency to 16 ******
1660855613.090545 -- INFO: Process Status Bits from change concurrency are: 1 1 1 1 1 1 1 1 1 1 1 1 1 1 1 1 0 0 0 0 0 0 0 0 0 0 0 0 0 0 0 0
1660855613.091127 -- INFO: Active CC: 16
1660855613.553538 -- INFO: Throughput @82.1s:825.0Mbps, rtt :3.49ms cwnd: 371.0 lossRate: 0.0 CC:16 score:0.6 
1660855614.557879 -- INFO: Throughput @83.1s:710.0Mbps, rtt :3.23ms cwnd: 372.3 lossRate: 0.0 CC:16 score:0.52 
1660855615.537834 -- INFO: Throughput @84.1s:700.0Mbps, rtt :3.4ms cwnd: 375.6 lossRate: 0.0 CC:16 score:0.51 
1660855616.543466 -- INFO: Throughput @85.1s:710.0Mbps, rtt :3.54ms cwnd: 377.4 lossRate: 0.0 CC:16 score:0.52 
1660855616.592663 -- INFO: score [0.52, 0.51, 0.52] ******
1660855616.604247 -- INFO: action array from actor 0.46037933230400085 and action is 24 ******
1660855616.604907 -- INFO: Changing concurrency to 24 ******
1660855616.626424 -- INFO: Process Status Bits from change concurrency are: 1 1 1 1 1 1 1 1 1 1 1 1 1 1 1 1 1 1 1 1 1 1 1 1 0 0 0 0 0 0 0 0
1660855616.626989 -- INFO: Start Process :: 16
1660855616.628176 -- INFO: Start Process :: 20
1660855616.629199 -- INFO: Start Process :: 17
1660855616.629449 -- INFO: Start Process :: 18
1660855616.631018 -- INFO: Process 16 get item 25 from queue and executing
1660855616.631488 -- INFO: Active CC: 24
1660855616.631509 -- INFO: Process 18 get item 18 from queue and executing
1660855616.631610 -- INFO: Process 20 get item 23 from queue and executing
1660855616.631747 -- INFO: Start Process :: 23
1660855616.634738 -- INFO: starting 18, 18, /home/hjamil/Documents/files_bash/FILE14
1660855616.634807 -- INFO: Process 17 get item 29 from queue and executing
1660855616.635321 -- INFO: starting 20, 23, /home/hjamil/Documents/files_bash/FILE10
1660855616.636777 -- INFO: Start Process :: 22
1660855616.637275 -- INFO: starting 17, 29, /home/hjamil/Documents/files_bash/FILE0
1660855616.637922 -- INFO: Process 23 get item 10 from queue and executing
1660855616.638298 -- INFO: starting 23, 10, /home/hjamil/Documents/files_bash/FILE31
1660855616.639144 -- INFO: Process 22 get item 24 from queue and executing
1660855616.639562 -- INFO: starting 22, 24, /home/hjamil/Documents/files_bash/FILE12
1660855616.639663 -- INFO: starting 16, 25, /home/hjamil/Documents/files_bash/FILE28
1660855616.639181 -- INFO: Start Process :: 21
1660855616.643065 -- INFO: Start Process :: 19
1660855616.650460 -- INFO: Process 21 get item 26 from queue and executing
1660855616.650819 -- INFO: starting 21, 26, /home/hjamil/Documents/files_bash/FILE27
1660855616.661469 -- INFO: Process 19 get item 16 from queue and executing
1660855616.661849 -- INFO: starting 19, 16, /home/hjamil/Documents/files_bash/FILE17
1660855617.582635 -- INFO: Throughput @86.2s:896.21Mbps, rtt :6.06ms cwnd: 302.1 lossRate: 0.0013581802831377635 CC:24 score:0.55 
1660855618.531542 -- INFO: Throughput @87.2s:980.04Mbps, rtt :5.73ms cwnd: 303.2 lossRate: 0.0006099033049135335 CC:24 score:0.6 
1660855619.551822 -- INFO: Throughput @88.2s:934.8Mbps, rtt :6.02ms cwnd: 303.9 lossRate: 0.00017076711025456497 CC:24 score:0.58 
1660855620.139485 -- INFO: score [0.55, 0.6, 0.58] ******
1660855620.141580 -- INFO: action array from actor -0.25958946347236633 and action is 12 ******
1660855620.144678 -- INFO: Changing concurrency to 12 ******
1660855620.170382 -- INFO: Process Status Bits from change concurrency are: 1 1 1 1 1 1 1 1 1 1 1 1 0 0 0 0 0 0 0 0 0 0 0 0 0 0 0 0 0 0 0 0
1660855620.177447 -- INFO: Active CC: 12
1660855620.529633 -- INFO: Throughput @89.2s:859.97Mbps, rtt :4.24ms cwnd: 348.0 lossRate: 0 CC:12 score:0.68 
1660855621.561255 -- INFO: Throughput @90.2s:560.0Mbps, rtt :3.61ms cwnd: 370.2 lossRate: 0 CC:12 score:0.44 
1660855622.550715 -- INFO: Throughput @91.2s:530.0Mbps, rtt :3.38ms cwnd: 378.3 lossRate: 0.0 CC:12 score:0.42 
1660855623.562124 -- INFO: Throughput @92.2s:545.0Mbps, rtt :3.25ms cwnd: 380.9 lossRate: 0.0 CC:12 score:0.43 
1660855623.695464 -- INFO: score [0.44, 0.42, 0.43] ******
1660855623.705562 -- INFO: action array from actor 0.3569868803024292 and action is 22 ******
1660855623.743113 -- INFO: Changing concurrency to 22 ******
1660855623.745573 -- INFO: Process Status Bits from change concurrency are: 1 1 1 1 1 1 1 1 1 1 1 1 1 1 1 1 1 1 1 1 1 1 0 0 0 0 0 0 0 0 0 0
1660855623.745849 -- INFO: Start Process :: 18
1660855623.745948 -- INFO: Start Process :: 21
1660855623.745985 -- INFO: Start Process :: 17
1660855623.746078 -- INFO: Start Process :: 14
1660855623.745871 -- INFO: Start Process :: 19
1660855623.746116 -- INFO: Start Process :: 12
1660855623.750212 -- INFO: Start Process :: 20
1660855623.750384 -- INFO: Start Process :: 13
1660855623.750537 -- INFO: Start Process :: 15
1660855623.755438 -- INFO: Active CC: 22
1660855623.755713 -- INFO: Process 17 get item 17 from queue and executing
1660855623.755923 -- INFO: starting 17, 17, /home/hjamil/Documents/files_bash/FILE23
1660855623.755922 -- INFO: Start Process :: 16
1660855623.756184 -- INFO: Process 21 get item 19 from queue and executing
1660855623.756394 -- INFO: starting 21, 19, /home/hjamil/Documents/files_bash/FILE8
1660855623.756434 -- INFO: Process 19 get item 20 from queue and executing
1660855623.756629 -- INFO: starting 19, 20, /home/hjamil/Documents/files_bash/FILE15
1660855623.756656 -- INFO: Process 14 get item 15 from queue and executing
1660855623.756857 -- INFO: starting 14, 15, /home/hjamil/Documents/files_bash/FILE5
1660855623.759202 -- INFO: Process 18 get item 27 from queue and executing
1660855623.759747 -- INFO: starting 18, 27, /home/hjamil/Documents/files_bash/FILE26
1660855623.760567 -- INFO: Process 16 get item 31 from queue and executing
1660855623.760666 -- INFO: Process 20 get item 14 from queue and executing
1660855623.760840 -- INFO: starting 16, 31, /home/hjamil/Documents/files_bash/FILE19
1660855623.761011 -- INFO: starting 20, 14, /home/hjamil/Documents/files_bash/FILE30
1660855623.766452 -- INFO: Process 15 get item 28 from queue and executing
1660855623.766544 -- INFO: Process 13 get item 21 from queue and executing
1660855623.766728 -- INFO: starting 15, 28, /home/hjamil/Documents/files_bash/FILE18
1660855623.766922 -- INFO: Process 12 get item 18 from queue and executing
1660855623.767589 -- INFO: starting 12, 18, /home/hjamil/Documents/files_bash/FILE14
1660855623.767111 -- INFO: starting 13, 21, /home/hjamil/Documents/files_bash/FILE21
1660855624.562495 -- INFO: Throughput @93.2s:867.11Mbps, rtt :4.7ms cwnd: 306.8 lossRate: 0.0 CC:22 score:0.56 
1660855625.546902 -- INFO: Throughput @94.2s:954.32Mbps, rtt :6.3ms cwnd: 316.3 lossRate: 0.0 CC:22 score:0.62 
1660855626.553775 -- INFO: Throughput @95.2s:952.52Mbps, rtt :7.09ms cwnd: 322.9 lossRate: 0.0 CC:22 score:0.62 
1660855627.261691 -- INFO: score [0.56, 0.62, 0.62] ******
1660855627.264646 -- INFO: action array from actor -0.02452906034886837 and action is 16 ******
1660855627.272212 -- INFO: Changing concurrency to 16 ******
1660855627.285934 -- INFO: Process Status Bits from change concurrency are: 1 1 1 1 1 1 1 1 1 1 1 1 1 1 1 1 0 0 0 0 0 0 0 0 0 0 0 0 0 0 0 0
1660855627.291226 -- INFO: Active CC: 16
1660855627.611376 -- INFO: Throughput @96.2s:920.13Mbps, rtt :4.64ms cwnd: 352.8 lossRate: 0.016224188790560472 CC:16 score:0.52 
1660855628.556472 -- INFO: Throughput @97.2s:710.93Mbps, rtt :3.65ms cwnd: 363.3 lossRate: 0.0 CC:16 score:0.52 
1660855629.583120 -- INFO: Throughput @98.2s:710.0Mbps, rtt :3.13ms cwnd: 367.6 lossRate: 0.0 CC:16 score:0.52 
1660855630.535225 -- INFO: Throughput @99.2s:705.0Mbps, rtt :3.48ms cwnd: 375.3 lossRate: 0.0 CC:16 score:0.51 
1660855630.812756 -- INFO: score [0.52, 0.52, 0.51] ******
1660855630.828682 -- INFO: action array from actor 0.4367678165435791 and action is 23 ******
1660855630.842118 -- INFO: Changing concurrency to 23 ******
1660855630.844086 -- INFO: Start Process :: 20
1660855630.844463 -- INFO: Start Process :: 16
1660855630.844717 -- INFO: Start Process :: 18
1660855630.844973 -- INFO: Start Process :: 19
1660855630.845265 -- INFO: Process Status Bits from change concurrency are: 1 1 1 1 1 1 1 1 1 1 1 1 1 1 1 1 1 1 1 1 1 1 1 0 0 0 0 0 0 0 0 0
1660855630.845912 -- INFO: Start Process :: 17
1660855630.845364 -- INFO: Start Process :: 21
1660855630.846893 -- INFO: Process 16 get item 30 from queue and executing
1660855630.847037 -- INFO: Process 18 get item 25 from queue and executing
1660855630.847528 -- INFO: Process 19 get item 26 from queue and executing
1660855630.847708 -- INFO: Start Process :: 22
1660855630.848060 -- INFO: Process 20 get item 24 from queue and executing
1660855630.848661 -- INFO: Process 17 get item 22 from queue and executing
1660855630.848785 -- INFO: Active CC: 23
1660855630.849184 -- INFO: Process 21 get item 10 from queue and executing
1660855630.850983 -- INFO: starting 16, 30, /home/hjamil/Documents/files_bash/FILE16
1660855630.854581 -- INFO: starting 18, 25, /home/hjamil/Documents/files_bash/FILE28
1660855630.855140 -- INFO: starting 19, 26, /home/hjamil/Documents/files_bash/FILE27
1660855630.855280 -- INFO: starting 20, 24, /home/hjamil/Documents/files_bash/FILE12
1660855630.855451 -- INFO: Process 22 get item 23 from queue and executing
1660855630.855808 -- INFO: starting 17, 22, /home/hjamil/Documents/files_bash/FILE9
1660855630.855918 -- INFO: starting 21, 10, /home/hjamil/Documents/files_bash/FILE31
1660855630.856594 -- INFO: starting 22, 23, /home/hjamil/Documents/files_bash/FILE10
1660855631.558976 -- INFO: Throughput @100.2s:897.56Mbps, rtt :5.87ms cwnd: 313.7 lossRate: 0.0009121916395653209 CC:23 score:0.56 
1660855632.618723 -- INFO: Throughput @101.2s:991.27Mbps, rtt :6.98ms cwnd: 311.4 lossRate: 0.0007015902712815715 CC:23 score:0.62 
1660855633.544572 -- INFO: Throughput @102.2s:956.88Mbps, rtt :6.64ms cwnd: 300.0 lossRate: 0.0012309891593535321 CC:23 score:0.6 
1660855634.361964 -- INFO: score [0.56, 0.62, 0.6] ******
1660855634.364040 -- INFO: action array from actor -0.25947752594947815 and action is 12 ******
1660855634.370648 -- INFO: Changing concurrency to 12 ******
1660855634.382497 -- INFO: Process Status Bits from change concurrency are: 1 1 1 1 1 1 1 1 1 1 1 1 0 0 0 0 0 0 0 0 0 0 0 0 0 0 0 0 0 0 0 0
1660855634.383101 -- INFO: Active CC: 12
1660855634.575657 -- INFO: Throughput @103.2s:911.0Mbps, rtt :4.75ms cwnd: 326.7 lossRate: 0 CC:12 score:0.72 
1660855635.578018 -- INFO: Throughput @104.2s:540.0Mbps, rtt :3.15ms cwnd: 351.5 lossRate: 0 CC:12 score:0.43 
1660855636.590387 -- INFO: Throughput @105.2s:545.0Mbps, rtt :3.51ms cwnd: 352.7 lossRate: 0.0 CC:12 score:0.43 
1660855637.561314 -- INFO: Throughput @106.2s:540.0Mbps, rtt :3.02ms cwnd: 354.1 lossRate: 0.0 CC:12 score:0.43 
1660855637.892982 -- INFO: score [0.43, 0.43, 0.43] ******
1660855637.894468 -- INFO: action array from actor 0.3569869101047516 and action is 22 ******
1660855637.895644 -- INFO: Changing concurrency to 22 ******
1660855637.911194 -- INFO: Start Process :: 19
1660855637.911293 -- INFO: Start Process :: 17
1660855637.911517 -- INFO: Process Status Bits from change concurrency are: 1 1 1 1 1 1 1 1 1 1 1 1 1 1 1 1 1 1 1 1 1 1 0 0 0 0 0 0 0 0 0 0
1660855637.911878 -- INFO: Start Process :: 16
1660855637.912180 -- INFO: Process 19 get item 16 from queue and executing
1660855637.912212 -- INFO: Active CC: 22
1660855637.912384 -- INFO: Start Process :: 20
1660855637.912458 -- INFO: Start Process :: 15
1660855637.912655 -- INFO: Start Process :: 14
1660855637.912666 -- INFO: Process 17 get item 13 from queue and executing
1660855637.913225 -- INFO: Start Process :: 13
1660855637.913785 -- INFO: starting 19, 16, /home/hjamil/Documents/files_bash/FILE17
1660855637.914080 -- INFO: Start Process :: 12
1660855637.911528 -- INFO: Start Process :: 21
1660855637.914532 -- INFO: Process 20 get item 29 from queue and executing
1660855637.915285 -- INFO: Process 16 get item 19 from queue and executing
1660855637.915656 -- INFO: starting 16, 19, /home/hjamil/Documents/files_bash/FILE8
1660855637.916336 -- INFO: Process 12 get item 20 from queue and executing
1660855637.916745 -- INFO: starting 12, 20, /home/hjamil/Documents/files_bash/FILE15
1660855637.923255 -- INFO: Start Process :: 18
1660855637.926373 -- INFO: starting 17, 13, /home/hjamil/Documents/files_bash/FILE11
1660855637.926462 -- INFO: starting 20, 29, /home/hjamil/Documents/files_bash/FILE0
1660855637.926577 -- INFO: Process 15 get item 27 from queue and executing
1660855637.927268 -- INFO: Process 21 get item 14 from queue and executing
1660855637.927525 -- INFO: starting 15, 27, /home/hjamil/Documents/files_bash/FILE26
1660855637.927562 -- INFO: starting 21, 14, /home/hjamil/Documents/files_bash/FILE30
1660855637.928337 -- INFO: Process 13 get item 31 from queue and executing
1660855637.928491 -- INFO: Process 14 get item 17 from queue and executing
1660855637.928563 -- INFO: starting 13, 31, /home/hjamil/Documents/files_bash/FILE19
1660855637.928707 -- INFO: starting 14, 17, /home/hjamil/Documents/files_bash/FILE23
1660855637.935647 -- INFO: Process 18 get item 18 from queue and executing
1660855637.936454 -- INFO: starting 18, 18, /home/hjamil/Documents/files_bash/FILE14
1660855638.557946 -- INFO: Throughput @107.2s:778.59Mbps, rtt :5.84ms cwnd: 286.4 lossRate: 0.0 CC:22 score:0.5 
1660855639.563935 -- INFO: Throughput @108.2s:977.87Mbps, rtt :5.31ms cwnd: 292.2 lossRate: 0.0 CC:22 score:0.63 
1660855640.581225 -- INFO: Throughput @109.2s:955.93Mbps, rtt :4.99ms cwnd: 295.6 lossRate: 0.00024368253039939566 CC:22 score:0.62 
1660855641.419539 -- INFO: score [0.5, 0.63, 0.62] ******
1660855641.427182 -- INFO: action array from actor -0.024282537400722504 and action is 16 ******
1660855641.448543 -- INFO: Changing concurrency to 16 ******
1660855641.451306 -- INFO: Process Status Bits from change concurrency are: 1 1 1 1 1 1 1 1 1 1 1 1 1 1 1 1 0 0 0 0 0 0 0 0 0 0 0 0 0 0 0 0
1660855641.451944 -- INFO: Active CC: 16
1660855641.582498 -- INFO: Throughput @110.2s:935.86Mbps, rtt :4.2ms cwnd: 310.9 lossRate: 0.0 CC:16 score:0.68 
1660855642.573345 -- INFO: Throughput @111.2s:728.51Mbps, rtt :3.28ms cwnd: 333.1 lossRate: 0.0 CC:16 score:0.53 
1660855643.567298 -- INFO: Throughput @112.2s:695.0Mbps, rtt :3.34ms cwnd: 340.2 lossRate: 0.0 CC:16 score:0.51 
1660855644.565475 -- INFO: Throughput @113.2s:720.0Mbps, rtt :3.73ms cwnd: 344.5 lossRate: 0.0 CC:16 score:0.52 
1660855644.963105 -- INFO: score [0.53, 0.51, 0.52] ******
1660855644.965009 -- INFO: action array from actor 0.2559387683868408 and action is 20 ******
1660855644.974401 -- INFO: Changing concurrency to 20 ******
1660855644.982428 -- INFO: Process Status Bits from change concurrency are: 1 1 1 1 1 1 1 1 1 1 1 1 1 1 1 1 1 1 1 1 0 0 0 0 0 0 0 0 0 0 0 0
1660855644.985085 -- INFO: Start Process :: 16
1660855644.987573 -- INFO: Start Process :: 17
1660855644.988333 -- INFO: Start Process :: 18
1660855644.990439 -- INFO: Active CC: 20
1660855644.992424 -- INFO: Process 16 get item 24 from queue and executing
1660855644.992671 -- INFO: starting 16, 24, /home/hjamil/Documents/files_bash/FILE12
1660855644.993192 -- INFO: Start Process :: 19
1660855644.993512 -- INFO: Process 17 get item 21 from queue and executing
1660855644.994003 -- INFO: starting 17, 21, /home/hjamil/Documents/files_bash/FILE21
1660855644.994523 -- INFO: Process 19 get item 30 from queue and executing
1660855645.001846 -- INFO: starting 19, 30, /home/hjamil/Documents/files_bash/FILE16
1660855645.002709 -- INFO: Process 18 get item 23 from queue and executing
1660855645.017037 -- INFO: starting 18, 23, /home/hjamil/Documents/files_bash/FILE10
1660855645.583822 -- INFO: Throughput @114.2s:820.0Mbps, rtt :4.63ms cwnd: 322.5 lossRate: 0.0 CC:20 score:0.55 
1660855646.584466 -- INFO: Throughput @115.2s:880.0Mbps, rtt :4.64ms cwnd: 329.8 lossRate: 0.0 CC:20 score:0.59 
1660855647.576157 -- INFO: Throughput @116.2s:885.0Mbps, rtt :4.2ms cwnd: 335.0 lossRate: 0.0 CC:20 score:0.6 
1660855648.499020 -- INFO: score [0.55, 0.59, 0.6] ******
1660855648.500569 -- INFO: action array from actor -0.02448422461748123 and action is 16 ******
1660855648.510379 -- INFO: Changing concurrency to 16 ******
1660855648.522372 -- INFO: Process Status Bits from change concurrency are: 1 1 1 1 1 1 1 1 1 1 1 1 1 1 1 1 0 0 0 0 0 0 0 0 0 0 0 0 0 0 0 0
1660855648.550529 -- INFO: Active CC: 16
1660855648.610979 -- INFO: Throughput @117.2s:855.0Mbps, rtt :3.41ms cwnd: 353.5 lossRate: 0.0 CC:20 score:0.58 
1660855649.549664 -- INFO: Throughput @118.2s:710.0Mbps, rtt :3.47ms cwnd: 358.6 lossRate: 0.0 CC:16 score:0.52 
1660855650.587848 -- INFO: Throughput @119.2s:695.0Mbps, rtt :4.0ms cwnd: 362.7 lossRate: 0.0 CC:16 score:0.51 
1660855651.581727 -- INFO: Throughput @120.2s:685.0Mbps, rtt :3.73ms cwnd: 366.0 lossRate: 0.0 CC:16 score:0.5 
1660855652.059694 -- INFO: score [0.52, 0.51, 0.5] ******
1660855652.076169 -- INFO: action array from actor 0.32756590843200684 and action is 22 ******
1660855652.077609 -- INFO: Changing concurrency to 22 ******
1660855652.083081 -- INFO: Process Status Bits from change concurrency are: 1 1 1 1 1 1 1 1 1 1 1 1 1 1 1 1 1 1 1 1 1 1 0 0 0 0 0 0 0 0 0 0
1660855652.083601 -- INFO: Start Process :: 21
1660855652.084297 -- INFO: Start Process :: 16
1660855652.084830 -- INFO: Process 21 get item 10 from queue and executing
1660855652.085716 -- INFO: Start Process :: 17
1660855652.085842 -- INFO: starting 21, 10, /home/hjamil/Documents/files_bash/FILE31
1660855652.090406 -- INFO: Active CC: 22
1660855652.090656 -- INFO: Process 16 get item 22 from queue and executing
1660855652.095206 -- INFO: Start Process :: 18
1660855652.096070 -- INFO: Process 17 get item 15 from queue and executing
1660855652.097345 -- INFO: Start Process :: 20
1660855652.098512 -- INFO: starting 16, 22, /home/hjamil/Documents/files_bash/FILE9
1660855652.098572 -- INFO: starting 17, 15, /home/hjamil/Documents/files_bash/FILE5
1660855652.099274 -- INFO: Start Process :: 19
1660855652.100030 -- INFO: Process 20 get item 25 from queue and executing
1660855652.100262 -- INFO: starting 20, 25, /home/hjamil/Documents/files_bash/FILE28
1660855652.100523 -- INFO: Process 18 get item 28 from queue and executing
1660855652.100665 -- INFO: Process 19 get item 26 from queue and executing
1660855652.101520 -- INFO: starting 18, 28, /home/hjamil/Documents/files_bash/FILE18
1660855652.101999 -- INFO: starting 19, 26, /home/hjamil/Documents/files_bash/FILE27
1660855652.584057 -- INFO: Throughput @121.2s:815.0Mbps, rtt :8.35ms cwnd: 314.0 lossRate: 0.0012115550235742333 CC:22 score:0.52 
1660855653.642651 -- INFO: Throughput @122.2s:982.97Mbps, rtt :6.38ms cwnd: 306.6 lossRate: 0.0016456708426530067 CC:22 score:0.62 
1660855654.610792 -- INFO: Throughput @123.2s:969.1Mbps, rtt :5.63ms cwnd: 305.2 lossRate: 0.0007415548816822702 CC:22 score:0.62 
1660855655.619828 -- INFO: score [0.52, 0.62, 0.62] ******
1660855655.633299 -- INFO: action array from actor -0.024483753368258476 and action is 16 ******
1660855655.641069 -- INFO: Changing concurrency to 16 ******
1660855655.644742 -- INFO: Process Status Bits from change concurrency are: 1 1 1 1 1 1 1 1 1 1 1 1 1 1 1 1 0 0 0 0 0 0 0 0 0 0 0 0 0 0 0 0
1660855655.650390 -- INFO: Throughput @124.2s:970.76Mbps, rtt :6.28ms cwnd: 300.1 lossRate: 0.0006991405393025471 CC:22 score:0.62 
1660855655.651124 -- INFO: Active CC: 16
1660855656.590410 -- INFO: Throughput @125.2s:773.42Mbps, rtt :3.63ms cwnd: 332.3 lossRate: 0 CC:16 score:0.56 
1660855657.588900 -- INFO: Throughput @126.2s:685.0Mbps, rtt :4.1ms cwnd: 343.5 lossRate: 0.0 CC:16 score:0.5 
1660855658.616992 -- INFO: Throughput @127.2s:700.0Mbps, rtt :3.36ms cwnd: 344.9 lossRate: 0.0 CC:16 score:0.51 
1660855659.166610 -- INFO: score [0.56, 0.5, 0.51] ******
1660855659.168329 -- INFO: action array from actor 0.2559387683868408 and action is 20 ******
1660855659.168464 -- INFO: Changing concurrency to 20 ******
1660855659.179089 -- INFO: Start Process :: 18
1660855659.185595 -- INFO: Start Process :: 19
1660855659.186131 -- INFO: Process 18 get item 29 from queue and executing
1660855659.186966 -- INFO: starting 18, 29, /home/hjamil/Documents/files_bash/FILE0
1660855659.187798 -- INFO: Process Status Bits from change concurrency are: 1 1 1 1 1 1 1 1 1 1 1 1 1 1 1 1 1 1 1 1 0 0 0 0 0 0 0 0 0 0 0 0
1660855659.190922 -- INFO: Start Process :: 16
1660855659.191470 -- INFO: Start Process :: 17
1660855659.192611 -- INFO: Process 17 get item 16 from queue and executing
1660855659.192841 -- INFO: starting 17, 16, /home/hjamil/Documents/files_bash/FILE17
1660855659.194345 -- INFO: Process 19 get item 18 from queue and executing
1660855659.194678 -- INFO: starting 19, 18, /home/hjamil/Documents/files_bash/FILE14
1660855659.194953 -- INFO: Process 16 get item 14 from queue and executing
1660855659.195289 -- INFO: starting 16, 14, /home/hjamil/Documents/files_bash/FILE30
1660855659.213074 -- INFO: Active CC: 20
1660855659.602699 -- INFO: Throughput @128.2s:764.45Mbps, rtt :7.65ms cwnd: 317.4 lossRate: 0.0 CC:20 score:0.51 
1660855660.661594 -- INFO: Throughput @129.2s:759.38Mbps, rtt :7.61ms cwnd: 294.3 lossRate: 0.002984847620677199 CC:20 score:0.49 
1660855661.552450 -- INFO: Throughput @130.2s:618.65Mbps, rtt :7.5ms cwnd: 274.9 lossRate: 0.003993142665997659 CC:20 score:0.39 
1660855662.554005 -- INFO: Throughput @131.2s:597.99Mbps, rtt :6.82ms cwnd: 268.9 lossRate: 0.0011263229439751432 CC:20 score:0.4 
1660855662.714695 -- INFO: score [0.49, 0.39, 0.4] ******
1660855662.716879 -- INFO: action array from actor 0.12232351303100586 and action is 18 ******
1660855662.717223 -- INFO: Changing concurrency to 18 ******
1660855662.723073 -- INFO: Process Status Bits from change concurrency are: 1 1 1 1 1 1 1 1 1 1 1 1 1 1 1 1 1 1 0 0 0 0 0 0 0 0 0 0 0 0 0 0
1660855662.723487 -- INFO: Active CC: 18
1660855663.561145 -- INFO: Throughput @132.2s:562.7Mbps, rtt :6.63ms cwnd: 277.0 lossRate: 0.0010366914732126329 CC:18 score:0.39 
1660855664.549487 -- INFO: Throughput @133.2s:555.73Mbps, rtt :6.13ms cwnd: 276.4 lossRate: 0.00017137593453439302 CC:18 score:0.39 
1660855665.561031 -- INFO: Throughput @134.2s:558.28Mbps, rtt :6.93ms cwnd: 276.3 lossRate: 0.00018762899493401713 CC:18 score:0.39 
1660855666.231637 -- INFO: score [0.39, 0.39, 0.39] ******
1660855666.234434 -- INFO: action array from actor 0.25657784938812256 and action is 20 ******
1660855666.235371 -- INFO: Changing concurrency to 20 ******
1660855666.237698 -- INFO: Process Status Bits from change concurrency are: 1 1 1 1 1 1 1 1 1 1 1 1 1 1 1 1 1 1 1 1 0 0 0 0 0 0 0 0 0 0 0 0
1660855666.238045 -- INFO: Start Process :: 18
1660855666.240103 -- INFO: Active CC: 20
1660855666.240386 -- INFO: Start Process :: 19
1660855666.246406 -- INFO: Process 18 get item 19 from queue and executing
1660855666.247047 -- INFO: Process 19 get item 13 from queue and executing
1660855666.247413 -- INFO: starting 19, 13, /home/hjamil/Documents/files_bash/FILE11
1660855666.248406 -- INFO: starting 18, 19, /home/hjamil/Documents/files_bash/FILE8
1660855666.561420 -- INFO: Throughput @135.2s:573.83Mbps, rtt :6.62ms cwnd: 263.6 lossRate: 0.00014023278642546626 CC:20 score:0.39 
1660855667.555045 -- INFO: Throughput @136.2s:638.99Mbps, rtt :6.42ms cwnd: 263.2 lossRate: 0.0002477559032608488 CC:20 score:0.43 
1660855668.570719 -- INFO: Throughput @137.2s:613.38Mbps, rtt :6.47ms cwnd: 263.6 lossRate: 0.0 CC:20 score:0.41 
1660855669.555793 -- INFO: Throughput @138.2s:655.36Mbps, rtt :5.58ms cwnd: 262.7 lossRate: 0.0001257816430676346 CC:20 score:0.44 
1660855669.751841 -- INFO: score [0.43, 0.41, 0.44] ******
1660855669.754619 -- INFO: action array from actor 0.2559383511543274 and action is 20 ******
1660855669.754975 -- INFO: Changing concurrency to 20 ******
1660855669.758109 -- INFO: Process Status Bits from change concurrency are: 1 1 1 1 1 1 1 1 1 1 1 1 1 1 1 1 1 1 1 1 0 0 0 0 0 0 0 0 0 0 0 0
1660855669.761801 -- INFO: Active CC: 20
1660855670.609047 -- INFO: Throughput @139.2s:861.85Mbps, rtt :5.68ms cwnd: 269.6 lossRate: 0.0 CC:20 score:0.58 
1660855671.614393 -- INFO: Throughput @140.2s:900.28Mbps, rtt :5.98ms cwnd: 277.6 lossRate: 0.0 CC:20 score:0.61 
1660855672.607809 -- INFO: Throughput @141.2s:896.22Mbps, rtt :4.8ms cwnd: 286.4 lossRate: 0.0 CC:20 score:0.6 
1660855673.279431 -- INFO: score [0.58, 0.61, 0.6] ******
1660855673.281705 -- INFO: action array from actor -0.25958946347236633 and action is 12 ******
1660855673.290986 -- INFO: Changing concurrency to 12 ******
1660855673.314602 -- INFO: Process Status Bits from change concurrency are: 1 1 1 1 1 1 1 1 1 1 1 1 0 0 0 0 0 0 0 0 0 0 0 0 0 0 0 0 0 0 0 0
1660855673.315694 -- INFO: Active CC: 12
1660855673.612249 -- INFO: Throughput @142.2s:897.1Mbps, rtt :4.71ms cwnd: 310.2 lossRate: 0 CC:12 score:0.71 
1660855674.597690 -- INFO: Throughput @143.2s:545.0Mbps, rtt :3.05ms cwnd: 332.2 lossRate: 0 CC:12 score:0.43 
1660855675.631233 -- INFO: Throughput @144.2s:535.0Mbps, rtt :3.24ms cwnd: 335.2 lossRate: 0.0 CC:12 score:0.42 
1660855676.601883 -- INFO: Throughput @145.2s:545.0Mbps, rtt :3.5ms cwnd: 337.4 lossRate: 0.0 CC:12 score:0.43 
1660855676.839336 -- INFO: score [0.43, 0.42, 0.43] ******
1660855676.848301 -- INFO: action array from actor 0.35757097601890564 and action is 22 ******
1660855676.866414 -- INFO: Changing concurrency to 22 ******
1660855676.902731 -- INFO: Start Process :: 12
1660855676.902949 -- INFO: Start Process :: 17
1660855676.903061 -- INFO: Start Process :: 19
1660855676.903137 -- INFO: Process Status Bits from change concurrency are: 1 1 1 1 1 1 1 1 1 1 1 1 1 1 1 1 1 1 1 1 1 1 0 0 0 0 0 0 0 0 0 0
1660855676.903166 -- INFO: Start Process :: 15
1660855676.903218 -- INFO: Start Process :: 18
1660855676.903288 -- INFO: Start Process :: 13
1660855676.903427 -- INFO: Start Process :: 20
1660855676.903757 -- INFO: Active CC: 22
1660855676.903991 -- INFO: Process 17 get item 23 from queue and executing
1660855676.904335 -- INFO: Process 15 get item 21 from queue and executing
1660855676.904519 -- INFO: starting 15, 21, /home/hjamil/Documents/files_bash/FILE21
1660855676.904560 -- INFO: Process 19 get item 30 from queue and executing
1660855676.904834 -- INFO: starting 19, 30, /home/hjamil/Documents/files_bash/FILE16
1660855676.905091 -- INFO: Process 20 get item 24 from queue and executing
1660855676.905301 -- INFO: starting 20, 24, /home/hjamil/Documents/files_bash/FILE12
1660855676.905302 -- INFO: starting 17, 23, /home/hjamil/Documents/files_bash/FILE10
1660855676.905521 -- INFO: Process 12 get item 10 from queue and executing
1660855676.906278 -- INFO: starting 12, 10, /home/hjamil/Documents/files_bash/FILE31
1660855676.906705 -- INFO: Process 13 get item 15 from queue and executing
1660855676.907651 -- INFO: starting 13, 15, /home/hjamil/Documents/files_bash/FILE5
1660855676.908722 -- INFO: Process 18 get item 22 from queue and executing
1660855676.909759 -- INFO: starting 18, 22, /home/hjamil/Documents/files_bash/FILE9
1660855676.909898 -- INFO: Start Process :: 16
1660855676.912498 -- INFO: Process 16 get item 26 from queue and executing
1660855676.912819 -- INFO: starting 16, 26, /home/hjamil/Documents/files_bash/FILE27
1660855676.908942 -- INFO: Start Process :: 14
1660855676.917625 -- INFO: Start Process :: 21
1660855676.918879 -- INFO: Process 14 get item 28 from queue and executing
1660855676.927380 -- INFO: starting 14, 28, /home/hjamil/Documents/files_bash/FILE18
1660855676.946324 -- INFO: Process 21 get item 25 from queue and executing
1660855676.947556 -- INFO: starting 21, 25, /home/hjamil/Documents/files_bash/FILE28
1660855677.622803 -- INFO: Throughput @146.2s:813.65Mbps, rtt :5.1ms cwnd: 276.2 lossRate: 0.0 CC:22 score:0.53 
1660855678.691211 -- INFO: Throughput @147.2s:967.83Mbps, rtt :4.4ms cwnd: 283.8 lossRate: 3.623407210580349e-05 CC:22 score:0.63 
1660855679.660306 -- INFO: Throughput @148.2s:950.16Mbps, rtt :7.38ms cwnd: 288.5 lossRate: 0.0 CC:22 score:0.61 
1660855680.407319 -- INFO: score [0.53, 0.63, 0.61] ******
1660855680.419915 -- INFO: action array from actor -0.2590098977088928 and action is 12 ******
1660855680.420361 -- INFO: Changing concurrency to 12 ******
1660855680.446563 -- INFO: Process Status Bits from change concurrency are: 1 1 1 1 1 1 1 1 1 1 1 1 0 0 0 0 0 0 0 0 0 0 0 0 0 0 0 0 0 0 0 0
1660855680.447311 -- INFO: Active CC: 12
1660855680.598417 -- INFO: Throughput @149.2s:929.92Mbps, rtt :4.43ms cwnd: 306.1 lossRate: 0.0 CC:12 score:0.73 
1660855681.608321 -- INFO: Throughput @150.2s:536.05Mbps, rtt :3.14ms cwnd: 350.7 lossRate: 0 CC:12 score:0.42 
1660855682.603724 -- INFO: Throughput @151.2s:535.0Mbps, rtt :3.77ms cwnd: 352.5 lossRate: 0.0 CC:12 score:0.42 
1660855683.610130 -- INFO: Throughput @152.2s:535.0Mbps, rtt :3.19ms cwnd: 354.3 lossRate: 0.0 CC:12 score:0.42 
1660855683.983337 -- INFO: score [0.42, 0.42, 0.42] ******
1660855684.005931 -- INFO: action array from actor 0.3569868803024292 and action is 22 ******
1660855684.014533 -- INFO: Changing concurrency to 22 ******
1660855684.034437 -- INFO: Process Status Bits from change concurrency are: 1 1 1 1 1 1 1 1 1 1 1 1 1 1 1 1 1 1 1 1 1 1 0 0 0 0 0 0 0 0 0 0
1660855684.034581 -- INFO: Start Process :: 18
1660855684.034705 -- INFO: Start Process :: 16
1660855684.034979 -- INFO: Start Process :: 12
1660855684.035224 -- INFO: Start Process :: 14
1660855684.035337 -- INFO: Start Process :: 20
1660855684.035432 -- INFO: Start Process :: 19
1660855684.035608 -- INFO: Start Process :: 15
1660855684.035690 -- INFO: Start Process :: 17
1660855684.036255 -- INFO: Active CC: 22
1660855684.036566 -- INFO: Start Process :: 13
1660855684.036584 -- INFO: Process 20 get item 29 from queue and executing
1660855684.037426 -- INFO: Process 12 get item 18 from queue and executing
1660855684.037955 -- INFO: starting 12, 18, /home/hjamil/Documents/files_bash/FILE14
1660855684.038221 -- INFO: starting 20, 29, /home/hjamil/Documents/files_bash/FILE0
1660855684.037995 -- INFO: Process 18 get item 16 from queue and executing
1660855684.041535 -- INFO: starting 18, 16, /home/hjamil/Documents/files_bash/FILE17
1660855684.041662 -- INFO: Process 17 get item 17 from queue and executing
1660855684.041616 -- INFO: Process 16 get item 13 from queue and executing
1660855684.041884 -- INFO: Process 14 get item 27 from queue and executing
1660855684.042139 -- INFO: Process 19 get item 20 from queue and executing
1660855684.042242 -- INFO: starting 14, 27, /home/hjamil/Documents/files_bash/FILE26
1660855684.042395 -- INFO: starting 17, 17, /home/hjamil/Documents/files_bash/FILE23
1660855684.042478 -- INFO: starting 19, 20, /home/hjamil/Documents/files_bash/FILE15
1660855684.042745 -- INFO: Process 15 get item 14 from queue and executing
1660855684.042795 -- INFO: starting 16, 13, /home/hjamil/Documents/files_bash/FILE11
1660855684.043114 -- INFO: starting 15, 14, /home/hjamil/Documents/files_bash/FILE30
1660855684.049612 -- INFO: Process 13 get item 31 from queue and executing
1660855684.050043 -- INFO: starting 13, 31, /home/hjamil/Documents/files_bash/FILE19
1660855684.051030 -- INFO: Start Process :: 21
1660855684.057729 -- INFO: Process 21 get item 19 from queue and executing
1660855684.058631 -- INFO: starting 21, 19, /home/hjamil/Documents/files_bash/FILE8
1660855684.600035 -- INFO: Throughput @153.2s:771.18Mbps, rtt :5.11ms cwnd: 285.4 lossRate: 0.0 CC:22 score:0.5 
1660855685.617064 -- INFO: Throughput @154.2s:964.14Mbps, rtt :6.23ms cwnd: 290.3 lossRate: 0.0 CC:22 score:0.62 
1660855686.622908 -- INFO: Throughput @155.2s:944.91Mbps, rtt :6.54ms cwnd: 298.1 lossRate: 0.0 CC:22 score:0.61 
1660855687.571059 -- INFO: score [0.5, 0.62, 0.61] ******
1660855687.575442 -- INFO: action array from actor -0.022896749898791313 and action is 16 ******
1660855687.586585 -- INFO: Changing concurrency to 16 ******
1660855687.588238 -- INFO: Process Status Bits from change concurrency are: 1 1 1 1 1 1 1 1 1 1 1 1 1 1 1 1 0 0 0 0 0 0 0 0 0 0 0 0 0 0 0 0
1660855687.594370 -- INFO: Active CC: 16
1660855687.687664 -- INFO: Throughput @156.2s:962.14Mbps, rtt :5.28ms cwnd: 304.2 lossRate: 0.0 CC:22 score:0.62 
1660855688.700090 -- INFO: Throughput @157.2s:761.09Mbps, rtt :3.38ms cwnd: 346.6 lossRate: 0.0 CC:16 score:0.55 
1660855689.611864 -- INFO: Throughput @158.2s:725.0Mbps, rtt :3.67ms cwnd: 358.0 lossRate: 0.0 CC:16 score:0.53 
1660855690.593368 -- INFO: Throughput @159.2s:705.0Mbps, rtt :3.78ms cwnd: 367.1 lossRate: 0.0 CC:16 score:0.51 
1660855691.106467 -- INFO: score [0.55, 0.53, 0.51] ******
1660855691.120636 -- INFO: action array from actor 0.2559387683868408 and action is 20 ******
1660855691.136106 -- INFO: Changing concurrency to 20 ******
1660855691.142350 -- INFO: Start Process :: 18
1660855691.142698 -- INFO: Start Process :: 16
1660855691.143266 -- INFO: Process Status Bits from change concurrency are: 1 1 1 1 1 1 1 1 1 1 1 1 1 1 1 1 1 1 1 1 0 0 0 0 0 0 0 0 0 0 0 0
1660855691.143347 -- INFO: Start Process :: 19
1660855691.146062 -- INFO: Active CC: 20
1660855691.146717 -- INFO: Process 19 get item 30 from queue and executing
1660855691.154670 -- INFO: starting 19, 30, /home/hjamil/Documents/files_bash/FILE16
1660855691.154831 -- INFO: Start Process :: 17
1660855691.155064 -- INFO: Process 18 get item 10 from queue and executing
1660855691.155263 -- INFO: Process 16 get item 21 from queue and executing
1660855691.155760 -- INFO: starting 16, 21, /home/hjamil/Documents/files_bash/FILE21
1660855691.162436 -- INFO: starting 18, 10, /home/hjamil/Documents/files_bash/FILE31
1660855691.166865 -- INFO: Process 17 get item 22 from queue and executing
1660855691.167869 -- INFO: starting 17, 22, /home/hjamil/Documents/files_bash/FILE9
1660855691.661369 -- INFO: Throughput @160.2s:785.0Mbps, rtt :3.78ms cwnd: 343.3 lossRate: 0.0 CC:20 score:0.53 
1660855692.611322 -- INFO: Throughput @161.2s:880.0Mbps, rtt :4.73ms cwnd: 352.0 lossRate: 0.0 CC:20 score:0.59 
1660855693.664493 -- INFO: Throughput @162.2s:870.0Mbps, rtt :4.12ms cwnd: 359.4 lossRate: 0.0 CC:20 score:0.59 
1660855694.659328 -- INFO: score [0.53, 0.59, 0.59] ******
1660855694.679686 -- INFO: action array from actor 0.027071820572018623 and action is 17 ******
1660855694.686352 -- INFO: Changing concurrency to 17 ******
1660855694.690299 -- INFO: Throughput @163.2s:885.0Mbps, rtt :3.98ms cwnd: 362.9 lossRate: 0.0 CC:20 score:0.6 
1660855694.706311 -- INFO: Process Status Bits from change concurrency are: 1 1 1 1 1 1 1 1 1 1 1 1 1 1 1 1 1 0 0 0 0 0 0 0 0 0 0 0 0 0 0 0
1660855694.707460 -- INFO: Active CC: 17
1660855695.642700 -- INFO: Throughput @164.2s:785.0Mbps, rtt :3.59ms cwnd: 377.9 lossRate: 0.0 CC:17 score:0.56 
1660855696.652969 -- INFO: Throughput @165.2s:755.0Mbps, rtt :4.17ms cwnd: 384.8 lossRate: 0.0 CC:17 score:0.54 
1660855697.624730 -- INFO: Throughput @166.2s:785.0Mbps, rtt :4.65ms cwnd: 390.4 lossRate: 0.0 CC:17 score:0.56 
1660855698.244039 -- INFO: score [0.56, 0.54, 0.56] ******
1660855698.245838 -- INFO: action array from actor 0.2559387683868408 and action is 20 ******
1660855698.246029 -- INFO: Changing concurrency to 20 ******
1660855698.267308 -- INFO: Process Status Bits from change concurrency are: 1 1 1 1 1 1 1 1 1 1 1 1 1 1 1 1 1 1 1 1 0 0 0 0 0 0 0 0 0 0 0 0
1660855698.267979 -- INFO: Active CC: 20
1660855698.270370 -- INFO: Start Process :: 19
1660855698.272380 -- INFO: Start Process :: 18
1660855698.267963 -- INFO: Start Process :: 17
1660855698.282294 -- INFO: Process 17 get item 24 from queue and executing
1660855698.282545 -- INFO: starting 17, 24, /home/hjamil/Documents/files_bash/FILE12
1660855698.282564 -- INFO: Process 18 get item 23 from queue and executing
1660855698.282767 -- INFO: starting 18, 23, /home/hjamil/Documents/files_bash/FILE10
1660855698.283065 -- INFO: Process 19 get item 15 from queue and executing
1660855698.283279 -- INFO: starting 19, 15, /home/hjamil/Documents/files_bash/FILE5
1660855698.651101 -- INFO: Throughput @167.2s:765.0Mbps, rtt :4.83ms cwnd: 367.6 lossRate: 0.0 CC:20 score:0.51 
1660855699.637047 -- INFO: Throughput @168.2s:897.69Mbps, rtt :9.08ms cwnd: 331.0 lossRate: 0.003047753484865498 CC:20 score:0.58 
1660855700.574255 -- INFO: Throughput @169.2s:809.83Mbps, rtt :8.12ms cwnd: 295.4 lossRate: 0.0047256497768443165 CC:20 score:0.51 
1660855701.590647 -- INFO: Throughput @170.2s:627.7Mbps, rtt :6.89ms cwnd: 278.7 lossRate: 0.0027667701974224412 CC:20 score:0.41 
1660855701.769125 -- INFO: score [0.58, 0.51, 0.41] ******
1660855701.771119 -- INFO: action array from actor -0.009631969034671783 and action is 16 ******
1660855701.771489 -- INFO: Changing concurrency to 16 ******
1660855701.772411 -- INFO: Process Status Bits from change concurrency are: 1 1 1 1 1 1 1 1 1 1 1 1 1 1 1 1 0 0 0 0 0 0 0 0 0 0 0 0 0 0 0 0
1660855701.774223 -- INFO: Active CC: 16
1660855702.568998 -- INFO: Throughput @171.2s:582.88Mbps, rtt :7.14ms cwnd: 297.9 lossRate: 0 CC:16 score:0.42 
1660855703.565945 -- INFO: Throughput @172.2s:605.0Mbps, rtt :7.45ms cwnd: 296.7 lossRate: 0.00031439743766088307 CC:16 score:0.44 
1660855704.585823 -- INFO: Throughput @173.2s:580.0Mbps, rtt :6.49ms cwnd: 295.4 lossRate: 0.0002669208770257388 CC:16 score:0.42 
1660855705.275627 -- INFO: score [0.42, 0.44, 0.42] ******
1660855705.277796 -- INFO: action array from actor 0.43752506375312805 and action is 23 ******
1660855705.278100 -- INFO: Changing concurrency to 23 ******
1660855705.279794 -- INFO: Start Process :: 17
1660855705.279652 -- INFO: Start Process :: 20
1660855705.280014 -- INFO: Process Status Bits from change concurrency are: 1 1 1 1 1 1 1 1 1 1 1 1 1 1 1 1 1 1 1 1 1 1 1 0 0 0 0 0 0 0 0 0
1660855705.280169 -- INFO: Start Process :: 22
1660855705.280882 -- INFO: Active CC: 23
1660855705.281070 -- INFO: Start Process :: 16
1660855705.280374 -- INFO: Start Process :: 19
1660855705.280199 -- INFO: Start Process :: 21
1660855705.281124 -- INFO: Start Process :: 18
1660855705.283104 -- INFO: Process 22 get item 25 from queue and executing
1660855705.283427 -- INFO: Process 19 get item 26 from queue and executing
1660855705.284016 -- INFO: Process 16 get item 28 from queue and executing
1660855705.284128 -- INFO: Process 20 get item 29 from queue and executing
1660855705.284314 -- INFO: Process 21 get item 13 from queue and executing
1660855705.284379 -- INFO: Process 17 get item 17 from queue and executing
1660855705.284430 -- INFO: starting 22, 25, /home/hjamil/Documents/files_bash/FILE28
1660855705.284749 -- INFO: starting 19, 26, /home/hjamil/Documents/files_bash/FILE27
1660855705.286738 -- INFO: starting 20, 29, /home/hjamil/Documents/files_bash/FILE0
1660855705.287225 -- INFO: starting 17, 17, /home/hjamil/Documents/files_bash/FILE23
1660855705.286751 -- INFO: starting 16, 28, /home/hjamil/Documents/files_bash/FILE18
1660855705.288865 -- INFO: starting 21, 13, /home/hjamil/Documents/files_bash/FILE11
1660855705.289533 -- INFO: Process 18 get item 20 from queue and executing
1660855705.290037 -- INFO: starting 18, 20, /home/hjamil/Documents/files_bash/FILE15
1660855705.586081 -- INFO: Throughput @174.2s:638.42Mbps, rtt :6.77ms cwnd: 248.8 lossRate: 0.0002468151354635378 CC:23 score:0.4 
1660855706.590872 -- INFO: Throughput @175.2s:648.89Mbps, rtt :6.71ms cwnd: 246.9 lossRate: 0.0004982827042514192 CC:23 score:0.41 
1660855707.567807 -- INFO: Throughput @176.2s:641.72Mbps, rtt :6.95ms cwnd: 246.0 lossRate: 0.00030762549310556984 CC:23 score:0.4 
1660855708.576395 -- INFO: Throughput @177.2s:650.31Mbps, rtt :6.65ms cwnd: 243.7 lossRate: 0.0005472584118913957 CC:23 score:0.41 
1660855708.782061 -- INFO: score [0.41, 0.4, 0.41] ******
1660855708.783898 -- INFO: action array from actor -0.014307685196399689 and action is 16 ******
1660855708.784062 -- INFO: Changing concurrency to 16 ******
1660855708.786076 -- INFO: Process Status Bits from change concurrency are: 1 1 1 1 1 1 1 1 1 1 1 1 1 1 1 1 0 0 0 0 0 0 0 0 0 0 0 0 0 0 0 0
1660855708.787488 -- INFO: Active CC: 16
1660855709.585391 -- INFO: Throughput @178.2s:716.47Mbps, rtt :5.13ms cwnd: 285.5 lossRate: 0.0005895453949954147 CC:16 score:0.52 
1660855710.682872 -- INFO: Throughput @179.2s:745.0Mbps, rtt :3.51ms cwnd: 292.7 lossRate: 0.0 CC:16 score:0.54 
1660855711.661409 -- INFO: Throughput @180.2s:695.0Mbps, rtt :3.01ms cwnd: 296.5 lossRate: 0.0 CC:16 score:0.51 
1660855712.302122 -- INFO: score [0.52, 0.54, 0.51] ******
1660855712.319241 -- INFO: action array from actor -0.024361969903111458 and action is 16 ******
1660855712.325605 -- INFO: Changing concurrency to 16 ******
1660855712.356189 -- INFO: Process Status Bits from change concurrency are: 1 1 1 1 1 1 1 1 1 1 1 1 1 1 1 1 0 0 0 0 0 0 0 0 0 0 0 0 0 0 0 0
1660855712.360331 -- INFO: Active CC: 16
1660855712.682579 -- INFO: Throughput @181.2s:690.0Mbps, rtt :2.81ms cwnd: 300.5 lossRate: 0.0 CC:16 score:0.5 
1660855713.131232 -- INFO: Process 6 finished on working on file 6 
1660855713.145481 -- INFO: Process 6 get item 16 from queue and executing
1660855713.145886 -- INFO: starting 6, 16, /home/hjamil/Documents/files_bash/FILE17
1660855713.662201 -- INFO: Throughput @182.2s:700.0Mbps, rtt :2.79ms cwnd: 303.6 lossRate: 0.0 CC:16 score:0.51 
1660855714.066293 -- INFO: Process 11 finished on working on file 12 
1660855714.066921 -- INFO: Process 11 get item 19 from queue and executing
1660855714.067355 -- INFO: starting 11, 19, /home/hjamil/Documents/files_bash/FILE8
1660855714.474297 -- INFO: Process 1 finished on working on file 7 
1660855714.478502 -- INFO: Process 1 get item 22 from queue and executing
1660855714.482553 -- INFO: starting 1, 22, /home/hjamil/Documents/files_bash/FILE9
1660855714.604702 -- INFO: Throughput @183.2s:705.0Mbps, rtt :3.2ms cwnd: 306.3 lossRate: 0.0 CC:16 score:0.51 
1660855714.762292 -- INFO: Process 8 finished on working on file 8 
1660855714.766639 -- INFO: Process 8 get item 30 from queue and executing
1660855714.767081 -- INFO: starting 8, 30, /home/hjamil/Documents/files_bash/FILE16
1660855715.637432 -- INFO: Throughput @184.2s:690.0Mbps, rtt :3.49ms cwnd: 308.6 lossRate: 0.0 CC:16 score:0.5 
1660855715.862037 -- INFO: score [0.51, 0.51, 0.5] ******
1660855715.878843 -- INFO: action array from actor 0.25593870878219604 and action is 20 ******
1660855715.879152 -- INFO: Changing concurrency to 20 ******
1660855715.888571 -- INFO: Start Process :: 19
1660855715.888939 -- INFO: Start Process :: 16
1660855715.890322 -- INFO: Process 16 get item 10 from queue and executing
1660855715.890543 -- INFO: starting 16, 10, /home/hjamil/Documents/files_bash/FILE31
1660855715.890748 -- INFO: Start Process :: 18
1660855715.891265 -- INFO: Process 19 get item 24 from queue and executing
1660855715.891450 -- INFO: starting 19, 24, /home/hjamil/Documents/files_bash/FILE12
1660855715.894352 -- INFO: Process 18 get item 23 from queue and executing
1660855715.894628 -- INFO: starting 18, 23, /home/hjamil/Documents/files_bash/FILE10
1660855715.894912 -- INFO: Start Process :: 17
1660855715.900429 -- INFO: Process Status Bits from change concurrency are: 1 1 1 1 1 1 1 1 1 1 1 1 1 1 1 1 1 1 1 1 0 0 0 0 0 0 0 0 0 0 0 0
1660855715.900907 -- INFO: Active CC: 20
1660855715.904716 -- INFO: Process 17 get item 15 from queue and executing
1660855715.905977 -- INFO: starting 17, 15, /home/hjamil/Documents/files_bash/FILE5
1660855716.639043 -- INFO: Throughput @185.2s:825.0Mbps, rtt :3.29ms cwnd: 291.8 lossRate: 0.0 CC:20 score:0.56 
1660855717.638033 -- INFO: Throughput @186.2s:860.0Mbps, rtt :3.04ms cwnd: 298.2 lossRate: 0.0 CC:20 score:0.58 
1660855718.482311 -- INFO: Process 4 finished on working on file 1 
1660855718.498563 -- INFO: Process 4 get item 21 from queue and executing
1660855718.499165 -- INFO: starting 4, 21, /home/hjamil/Documents/files_bash/FILE21
1660855718.636130 -- INFO: Throughput @187.2s:870.0Mbps, rtt :4.34ms cwnd: 302.2 lossRate: 0.0 CC:20 score:0.59 
1660855719.419165 -- INFO: score [0.56, 0.58, 0.59] ******
1660855719.432295 -- INFO: action array from actor -0.02448992058634758 and action is 16 ******
1660855719.450410 -- INFO: Changing concurrency to 16 ******
1660855719.450949 -- INFO: Process Status Bits from change concurrency are: 1 1 1 1 1 1 1 1 1 1 1 1 1 1 1 1 0 0 0 0 0 0 0 0 0 0 0 0 0 0 0 0
1660855719.474532 -- INFO: Active CC: 16
1660855719.598287 -- INFO: Process 5 finished on working on file 4 
1660855719.606462 -- INFO: Process 5 get item 28 from queue and executing
1660855719.610478 -- INFO: starting 5, 28, /home/hjamil/Documents/files_bash/FILE18
1660855719.644497 -- INFO: Throughput @188.2s:840.0Mbps, rtt :3.02ms cwnd: 317.3 lossRate: 0.0 CC:16 score:0.61 
1660855720.090300 -- INFO: Process 3 finished on working on file 2 
1660855720.091074 -- INFO: Process 3 get item 25 from queue and executing
1660855720.091543 -- INFO: starting 3, 25, /home/hjamil/Documents/files_bash/FILE28
1660855720.681182 -- INFO: Throughput @189.2s:690.0Mbps, rtt :3.12ms cwnd: 319.5 lossRate: 0.0 CC:16 score:0.5 
1660855721.690465 -- INFO: Throughput @190.2s:685.0Mbps, rtt :3.42ms cwnd: 321.5 lossRate: 0.0 CC:16 score:0.5 
1660855722.657830 -- INFO: Throughput @191.2s:670.0Mbps, rtt :3.04ms cwnd: 323.5 lossRate: 0.0 CC:16 score:0.49 
1660855722.993090 -- INFO: score [0.5, 0.5, 0.49] ******
1660855722.994872 -- INFO: action array from actor 0.25593897700309753 and action is 20 ******
1660855723.010426 -- INFO: Changing concurrency to 20 ******
1660855723.018697 -- INFO: Start Process :: 18
1660855723.019581 -- INFO: Start Process :: 16
1660855723.019724 -- INFO: Start Process :: 19
1660855723.022485 -- INFO: Start Process :: 17
1660855723.023305 -- INFO: Process Status Bits from change concurrency are: 1 1 1 1 1 1 1 1 1 1 1 1 1 1 1 1 1 1 1 1 0 0 0 0 0 0 0 0 0 0 0 0
1660855723.034605 -- INFO: Active CC: 20
1660855723.034854 -- INFO: Process 16 get item 29 from queue and executing
1660855723.035214 -- INFO: Process 19 get item 13 from queue and executing
1660855723.035331 -- INFO: Process 17 get item 20 from queue and executing
1660855723.036051 -- INFO: Process 18 get item 17 from queue and executing
1660855723.036445 -- INFO: starting 19, 13, /home/hjamil/Documents/files_bash/FILE11
1660855723.036500 -- INFO: starting 17, 20, /home/hjamil/Documents/files_bash/FILE15
1660855723.036883 -- INFO: starting 18, 17, /home/hjamil/Documents/files_bash/FILE23
1660855723.037133 -- INFO: starting 16, 29, /home/hjamil/Documents/files_bash/FILE0
1660855723.687620 -- INFO: Throughput @192.2s:800.0Mbps, rtt :5.31ms cwnd: 302.3 lossRate: 0.0 CC:20 score:0.54 
1660855724.684239 -- INFO: Throughput @193.2s:865.0Mbps, rtt :3.53ms cwnd: 308.6 lossRate: 0.0 CC:20 score:0.58 
1660855725.446288 -- INFO: Process 2 finished on working on file 5 
1660855725.454541 -- INFO: Process 2 get item 26 from queue and executing
1660855725.455179 -- INFO: starting 2, 26, /home/hjamil/Documents/files_bash/FILE27
1660855725.710840 -- INFO: Throughput @194.3s:804.55Mbps, rtt :3.47ms cwnd: 311.9 lossRate: 0.0 CC:20 score:0.54 
1660855726.453624 -- INFO: Process 0 finished on working on file 0 
1660855726.470637 -- INFO: Process 0 get item 23 from queue and executing
1660855726.471681 -- INFO: starting 0, 23, /home/hjamil/Documents/files_bash/FILE10
1660855726.587521 -- INFO: score [0.54, 0.58, 0.54] ******
1660855726.595967 -- INFO: action array from actor -0.02516811527311802 and action is 16 ******
1660855726.610369 -- INFO: Changing concurrency to 16 ******
1660855726.618759 -- INFO: Process Status Bits from change concurrency are: 1 1 1 1 1 1 1 1 1 1 1 1 1 1 1 1 0 0 0 0 0 0 0 0 0 0 0 0 0 0 0 0
1660855726.619450 -- INFO: Active CC: 16
1660855726.657397 -- INFO: Throughput @195.3s:865.0Mbps, rtt :3.87ms cwnd: 317.5 lossRate: 0.0 CC:20 score:0.58 
1660855726.745557 -- INFO: Process 9 finished on working on file 9 
1660855726.751879 -- INFO: Process 9 get item 10 from queue and executing
1660855726.752322 -- INFO: starting 9, 10, /home/hjamil/Documents/files_bash/FILE31
1660855726.798402 -- INFO: Process 7 finished on working on file 3 
1660855726.801003 -- INFO: Process 7 get item 15 from queue and executing
1660855726.806850 -- INFO: starting 7, 15, /home/hjamil/Documents/files_bash/FILE5
1660855727.075024 -- INFO: Process 10 finished on working on file 11 
1660855727.075753 -- INFO: Process 10 get item 24 from queue and executing
1660855727.083662 -- INFO: starting 10, 24, /home/hjamil/Documents/files_bash/FILE12
1660855727.671694 -- INFO: Throughput @196.3s:720.0Mbps, rtt :3.14ms cwnd: 330.7 lossRate: 0.0 CC:16 score:0.52 
1660855728.708535 -- INFO: Throughput @197.3s:680.0Mbps, rtt :3.12ms cwnd: 332.5 lossRate: 0.0 CC:16 score:0.5 
1660855729.665545 -- INFO: Throughput @198.3s:705.0Mbps, rtt :3.67ms cwnd: 334.1 lossRate: 0.0 CC:16 score:0.51 
1660855730.127308 -- INFO: score [0.52, 0.5, 0.51] ******
1660855730.136285 -- INFO: action array from actor 0.2559387683868408 and action is 20 ******
1660855730.142740 -- INFO: Changing concurrency to 20 ******
1660855730.144302 -- INFO: Process Status Bits from change concurrency are: 1 1 1 1 1 1 1 1 1 1 1 1 1 1 1 1 1 1 1 1 0 0 0 0 0 0 0 0 0 0 0 0
1660855730.147885 -- INFO: Start Process :: 19
1660855730.148847 -- INFO: Start Process :: 16
1660855730.150356 -- INFO: Active CC: 20
1660855730.150923 -- INFO: Process 19 get item 29 from queue and executing
1660855730.150921 -- INFO: Start Process :: 17
1660855730.151430 -- INFO: starting 19, 29, /home/hjamil/Documents/files_bash/FILE0
1660855730.151438 -- INFO: Process 16 get item 17 from queue and executing
1660855730.152186 -- INFO: Start Process :: 18
1660855730.156880 -- INFO: starting 16, 17, /home/hjamil/Documents/files_bash/FILE23
1660855730.160046 -- INFO: Process 18 get item 13 from queue and executing
1660855730.160562 -- INFO: starting 18, 13, /home/hjamil/Documents/files_bash/FILE11
1660855730.168111 -- INFO: Process 17 get item 20 from queue and executing
1660855730.168450 -- INFO: starting 17, 20, /home/hjamil/Documents/files_bash/FILE15
1660855730.673945 -- INFO: Throughput @199.3s:775.0Mbps, rtt :4.1ms cwnd: 311.2 lossRate: 0.0 CC:20 score:0.52 
1660855731.574028 -- INFO: episode expires
1660855731.574053 -- INFO: Process 23 shutdown itself from outest loop
1660855731.574283 -- INFO: Process 20 shutdown itself from outest loop
1660855731.574291 -- INFO: Process 27 shutdown itself from outest loop
1660855731.574302 -- INFO: Process 28 shutdown itself from outest loop
1660855731.575027 -- INFO: Process 21 shutdown itself from outest loop
1660855731.575367 -- INFO: Process 25 shutdown itself from outest loop
1660855731.576308 -- INFO: Process 30 shutdown itself from outest loop
1660855731.576962 -- INFO: Process 22 shutdown itself from outest loop
1660855731.575413 -- INFO: Process 24 shutdown itself from outest loop
1660855731.577688 -- INFO: Process 26 shutdown itself from outest loop
1660855731.577967 -- INFO: Process 29 shutdown itself from outest loop
1660855731.582595 -- INFO: Process 31 shutdown itself from outest loop
1660855733.658954 -- INFO: score [0.5, 0.51, 0.52] ******
