1660937480.502572 -- INFO: action array from actor 0.48016950488090515 and action is 24 ******
1660937480.503075 -- INFO: Changing concurrency to 24 ******
1660937480.507091 -- INFO: Process Status Bits from change concurrency are: 1 1 1 1 1 1 1 1 1 1 1 1 1 1 1 1 1 1 1 1 1 1 1 1 0 0 0 0 0 0 0 0
1660937480.508141 -- INFO: Active CC: 24
1660937480.509038 -- INFO: Start Process :: 0
1660937480.510378 -- INFO: Start Process :: 1
1660937480.511882 -- INFO: Start Process :: 3
1660937480.512264 -- INFO: Start Process :: 2
1660937480.513685 -- INFO: Process 0 get item 0 from queue and executing
1660937480.514026 -- INFO: starting 0, 0, /home/hjamil/Documents/files_bash/FILE25
1660937480.514583 -- INFO: Process 1 get item 1 from queue and executing
1660937480.514863 -- INFO: starting 1, 1, /home/hjamil/Documents/files_bash/FILE1
1660937480.515315 -- INFO: Start Process :: 7
1660937480.515570 -- INFO: Start Process :: 5
1660937480.516582 -- INFO: Process 3 get item 2 from queue and executing
1660937480.516927 -- INFO: starting 3, 2, /home/hjamil/Documents/files_bash/FILE4
1660937480.517235 -- INFO: Process 7 get item 3 from queue and executing
1660937480.517425 -- INFO: starting 7, 3, /home/hjamil/Documents/files_bash/FILE13
1660937480.517504 -- INFO: Process 2 get item 4 from queue and executing
1660937480.517739 -- INFO: starting 2, 4, /home/hjamil/Documents/files_bash/FILE3
1660937480.517743 -- INFO: Start Process :: 4
1660937480.519111 -- INFO: Start Process :: 6
1660937480.531677 -- INFO: Process 6 get item 5 from queue and executing
1660937480.532015 -- INFO: Process 4 get item 6 from queue and executing
1660937480.532276 -- INFO: starting 4, 6, /home/hjamil/Documents/files_bash/FILE2
1660937480.532325 -- INFO: Process 5 get item 7 from queue and executing
1660937480.532515 -- INFO: starting 5, 7, /home/hjamil/Documents/files_bash/FILE20
1660937480.533525 -- INFO: Start Process :: 9
1660937480.533611 -- INFO: Start Process :: 8
1660937480.533742 -- INFO: Start Process :: 12
1660937480.534134 -- INFO: starting 6, 5, /home/hjamil/Documents/files_bash/FILE24
1660937480.534589 -- INFO: Start Process :: 11
1660937480.534835 -- INFO: Start Process :: 14
1660937480.535766 -- INFO: Process 9 get item 8 from queue and executing
1660937480.535654 -- INFO: Start Process :: 10
1660937480.535956 -- INFO: starting 9, 8, /home/hjamil/Documents/files_bash/FILE29
1660937480.536966 -- INFO: Process 10 get item 9 from queue and executing
1660937480.537152 -- INFO: starting 10, 9, /home/hjamil/Documents/files_bash/FILE7
1660937480.537351 -- INFO: Process 8 get item 10 from queue and executing
1660937480.537366 -- INFO: Process 14 get item 12 from queue and executing
1660937480.537510 -- INFO: Process 11 get item 11 from queue and executing
1660937480.537678 -- INFO: starting 11, 11, /home/hjamil/Documents/files_bash/FILE6
1660937480.537757 -- INFO: starting 14, 12, /home/hjamil/Documents/files_bash/FILE22
1660937480.538799 -- INFO: starting 8, 10, /home/hjamil/Documents/files_bash/FILE31
1660937480.542432 -- INFO: Process 12 get item 13 from queue and executing
1660937480.542729 -- INFO: starting 12, 13, /home/hjamil/Documents/files_bash/FILE11
1660937480.548512 -- INFO: Start Process :: 13
1660937480.558911 -- INFO: Process 13 get item 14 from queue and executing
1660937480.559249 -- INFO: starting 13, 14, /home/hjamil/Documents/files_bash/FILE30
1660937480.559692 -- INFO: Start Process :: 15
1660937480.563181 -- INFO: Process 15 get item 15 from queue and executing
1660937480.563553 -- INFO: starting 15, 15, /home/hjamil/Documents/files_bash/FILE5
1660937480.579439 -- INFO: Start Process :: 17
1660937480.580931 -- INFO: Process 17 get item 16 from queue and executing
1660937480.581292 -- INFO: starting 17, 16, /home/hjamil/Documents/files_bash/FILE17
1660937480.607381 -- INFO: Start Process :: 16
1660937480.607631 -- INFO: Start Process :: 20
1660937480.614672 -- INFO: Process 16 get item 17 from queue and executing
1660937480.614936 -- INFO: starting 16, 17, /home/hjamil/Documents/files_bash/FILE23
1660937480.616611 -- INFO: Process 20 get item 18 from queue and executing
1660937480.616975 -- INFO: starting 20, 18, /home/hjamil/Documents/files_bash/FILE14
1660937480.623364 -- INFO: Start Process :: 19
1660937480.624914 -- INFO: Process 19 get item 19 from queue and executing
1660937480.625250 -- INFO: starting 19, 19, /home/hjamil/Documents/files_bash/FILE8
1660937480.625037 -- INFO: Start Process :: 18
1660937480.627199 -- INFO: Process 18 get item 20 from queue and executing
1660937480.627587 -- INFO: starting 18, 20, /home/hjamil/Documents/files_bash/FILE15
1660937480.643974 -- INFO: Start Process :: 22
1660937480.645861 -- INFO: Process 22 get item 21 from queue and executing
1660937480.646104 -- INFO: starting 22, 21, /home/hjamil/Documents/files_bash/FILE21
1660937480.651366 -- INFO: Start Process :: 23
1660937480.658584 -- INFO: Process 23 get item 22 from queue and executing
1660937480.658957 -- INFO: starting 23, 22, /home/hjamil/Documents/files_bash/FILE9
1660937480.687107 -- INFO: Start Process :: 21
1660937480.694832 -- INFO: Process 21 get item 23 from queue and executing
1660937480.695039 -- INFO: starting 21, 23, /home/hjamil/Documents/files_bash/FILE10
1660937480.727711 -- INFO: Throughput @0.1s:208.62Mbps, rtt :2.53ms cwnd: 38.3 lossRate: 0.0 CC:24 score:0.13 
1660937481.556167 -- INFO: Throughput @1.1s:989.18Mbps, rtt :6.62ms cwnd: 68.5 lossRate: 0.0 CC:24 score:0.61 
1660937482.564156 -- INFO: Throughput @2.1s:933.64Mbps, rtt :6.65ms cwnd: 75.0 lossRate: 0.0 CC:24 score:0.58 
1660937483.579151 -- INFO: Throughput @3.1s:939.58Mbps, rtt :5.96ms cwnd: 79.3 lossRate: 0.0 CC:24 score:0.58 
1660937484.009750 -- INFO: score [0.61, 0.58, 0.58] ******
1660937484.011228 -- INFO: action array from actor 0.15565063059329987 and action is 19 ******
1660937484.011482 -- INFO: Changing concurrency to 19 ******
1660937484.012364 -- INFO: Process Status Bits from change concurrency are: 1 1 1 1 1 1 1 1 1 1 1 1 1 1 1 1 1 1 1 0 0 0 0 0 0 0 0 0 0 0 0 0
1660937484.013124 -- INFO: Active CC: 19
1660937484.574596 -- INFO: Throughput @4.1s:904.27Mbps, rtt :5.67ms cwnd: 97.3 lossRate: 0.0 CC:19 score:0.62 
1660937485.607883 -- INFO: Throughput @5.1s:872.05Mbps, rtt :3.9ms cwnd: 153.7 lossRate: 0.0 CC:19 score:0.6 
1660937486.581528 -- INFO: Throughput @6.1s:900.0Mbps, rtt :6.72ms cwnd: 193.2 lossRate: 0.0 CC:19 score:0.62 
1660937487.514127 -- INFO: score [0.62, 0.6, 0.62] ******
1660937487.515944 -- INFO: action array from actor 0.1552109271287918 and action is 19 ******
1660937487.518752 -- INFO: Changing concurrency to 19 ******
1660937487.530759 -- INFO: Process Status Bits from change concurrency are: 1 1 1 1 1 1 1 1 1 1 1 1 1 1 1 1 1 1 1 0 0 0 0 0 0 0 0 0 0 0 0 0
1660937487.531332 -- INFO: Active CC: 19
1660937487.592467 -- INFO: Throughput @7.1s:860.0Mbps, rtt :4.58ms cwnd: 216.6 lossRate: 0.0 CC:19 score:0.59 
1660937488.590144 -- INFO: Throughput @8.1s:875.0Mbps, rtt :3.92ms cwnd: 243.6 lossRate: 0.0 CC:19 score:0.6 
1660937489.597884 -- INFO: Throughput @9.1s:885.0Mbps, rtt :4.72ms cwnd: 259.4 lossRate: 0.0 CC:19 score:0.61 
1660937490.601003 -- INFO: Throughput @10.1s:865.0Mbps, rtt :4.74ms cwnd: 279.1 lossRate: 0.0 CC:19 score:0.59 
1660937491.043465 -- INFO: score [0.6, 0.61, 0.59] ******
1660937491.046746 -- INFO: action array from actor 0.3664202094078064 and action is 22 ******
1660937491.046880 -- INFO: Changing concurrency to 22 ******
1660937491.059001 -- INFO: Process Status Bits from change concurrency are: 1 1 1 1 1 1 1 1 1 1 1 1 1 1 1 1 1 1 1 1 1 1 0 0 0 0 0 0 0 0 0 0
1660937491.059308 -- INFO: Start Process :: 20
1660937491.059558 -- INFO: Start Process :: 21
1660937491.060019 -- INFO: Active CC: 22
1660937491.062545 -- INFO: Process 20 get item 24 from queue and executing
1660937491.062698 -- INFO: Start Process :: 19
1660937491.062860 -- INFO: starting 20, 24, /home/hjamil/Documents/files_bash/FILE12
1660937491.063355 -- INFO: Process 21 get item 25 from queue and executing
1660937491.063665 -- INFO: starting 21, 25, /home/hjamil/Documents/files_bash/FILE28
1660937491.066001 -- INFO: Process 19 get item 26 from queue and executing
1660937491.066293 -- INFO: starting 19, 26, /home/hjamil/Documents/files_bash/FILE27
1660937491.610110 -- INFO: Throughput @11.1s:940.0Mbps, rtt :9.83ms cwnd: 259.9 lossRate: 0.00022966507177033492 CC:22 score:0.61 
1660937492.585390 -- INFO: Throughput @12.1s:1012.86Mbps, rtt :9.52ms cwnd: 238.3 lossRate: 0.0016106879760269697 CC:22 score:0.64 
1660937493.575334 -- INFO: Throughput @13.1s:944.93Mbps, rtt :11.16ms cwnd: 225.3 lossRate: 0.0012172400943982113 CC:22 score:0.6 
1660937494.564821 -- INFO: score [0.61, 0.64, 0.6] ******
1660937494.566274 -- INFO: action array from actor 0.15521100163459778 and action is 19 ******
1660937494.566489 -- INFO: Changing concurrency to 19 ******
1660937494.578779 -- INFO: Process Status Bits from change concurrency are: 1 1 1 1 1 1 1 1 1 1 1 1 1 1 1 1 1 1 1 0 0 0 0 0 0 0 0 0 0 0 0 0
1660937494.579487 -- INFO: Active CC: 19
1660937494.592902 -- INFO: Throughput @14.1s:927.22Mbps, rtt :9.86ms cwnd: 224.2 lossRate: 0.00016148867715928995 CC:22 score:0.6 
1660937495.610061 -- INFO: Throughput @15.1s:922.71Mbps, rtt :4.77ms cwnd: 237.9 lossRate: 0.0 CC:19 score:0.63 
1660937496.625511 -- INFO: Throughput @16.1s:880.0Mbps, rtt :6.97ms cwnd: 246.7 lossRate: 0.0 CC:19 score:0.6 
1660937497.625068 -- INFO: Throughput @17.1s:865.0Mbps, rtt :5.47ms cwnd: 255.5 lossRate: 0.0 CC:19 score:0.59 
1660937498.083932 -- INFO: score [0.63, 0.6, 0.59] ******
1660937498.085201 -- INFO: action array from actor 0.5770493745803833 and action is 25 ******
1660937498.085311 -- INFO: Changing concurrency to 25 ******
1660937498.087922 -- INFO: Process Status Bits from change concurrency are: 1 1 1 1 1 1 1 1 1 1 1 1 1 1 1 1 1 1 1 1 1 1 1 1 1 0 0 0 0 0 0 0
1660937498.088115 -- INFO: Start Process :: 20
1660937498.088190 -- INFO: Active CC: 25
1660937498.089891 -- INFO: Start Process :: 23
1660937498.090131 -- INFO: Process 20 get item 27 from queue and executing
1660937498.090344 -- INFO: starting 20, 27, /home/hjamil/Documents/files_bash/FILE26
1660937498.090984 -- INFO: Start Process :: 19
1660937498.091069 -- INFO: Start Process :: 22
1660937498.094824 -- INFO: Start Process :: 21
1660937498.095063 -- INFO: Process 23 get item 28 from queue and executing
1660937498.095225 -- INFO: Process 19 get item 29 from queue and executing
1660937498.095318 -- INFO: Process 22 get item 30 from queue and executing
1660937498.095428 -- INFO: starting 19, 29, /home/hjamil/Documents/files_bash/FILE0
1660937498.095613 -- INFO: starting 22, 30, /home/hjamil/Documents/files_bash/FILE16
1660937498.095833 -- INFO: starting 23, 28, /home/hjamil/Documents/files_bash/FILE18
1660937498.096927 -- INFO: Process 21 get item 31 from queue and executing
1660937498.097216 -- INFO: starting 21, 31, /home/hjamil/Documents/files_bash/FILE19
1660937498.119047 -- INFO: Start Process :: 24
1660937498.123603 -- INFO: Process 24 get item 19 from queue and executing
1660937498.123815 -- INFO: starting 24, 19, /home/hjamil/Documents/files_bash/FILE8
1660937498.613409 -- INFO: Throughput @18.1s:1022.26Mbps, rtt :8.46ms cwnd: 191.1 lossRate: 0.0015859712462123654 CC:25 score:0.61 
1660937499.575409 -- INFO: Throughput @19.1s:1050.07Mbps, rtt :10.84ms cwnd: 174.4 lossRate: 0.0007179655124636294 CC:25 score:0.63 
1660937500.597140 -- INFO: Throughput @20.1s:953.68Mbps, rtt :9.25ms cwnd: 154.4 lossRate: 0.0015252527737459715 CC:25 score:0.57 
1660937501.589382 -- INFO: score [0.61, 0.63, 0.57] ******
1660937501.591407 -- INFO: action array from actor 0.1552109271287918 and action is 19 ******
1660937501.591787 -- INFO: Changing concurrency to 19 ******
1660937501.592870 -- INFO: Process Status Bits from change concurrency are: 1 1 1 1 1 1 1 1 1 1 1 1 1 1 1 1 1 1 1 0 0 0 0 0 0 0 0 0 0 0 0 0
1660937501.593605 -- INFO: Active CC: 19
1660937501.594888 -- INFO: Throughput @21.1s:930.73Mbps, rtt :8.36ms cwnd: 142.6 lossRate: 0.0008083480305702528 CC:25 score:0.56 
1660937502.613405 -- INFO: Throughput @22.1s:853.65Mbps, rtt :8.23ms cwnd: 165.6 lossRate: 0.0013225326500247974 CC:19 score:0.57 
1660937503.597773 -- INFO: Throughput @23.1s:885.0Mbps, rtt :5.97ms cwnd: 174.3 lossRate: 0.0 CC:19 score:0.61 
1660937504.609993 -- INFO: Throughput @24.1s:890.0Mbps, rtt :5.57ms cwnd: 177.8 lossRate: 0.0 CC:19 score:0.61 
1660937505.115412 -- INFO: score [0.57, 0.61, 0.61] ******
1660937505.117051 -- INFO: action array from actor 0.1552109271287918 and action is 19 ******
1660937505.117171 -- INFO: Changing concurrency to 19 ******
1660937505.123023 -- INFO: Process Status Bits from change concurrency are: 1 1 1 1 1 1 1 1 1 1 1 1 1 1 1 1 1 1 1 0 0 0 0 0 0 0 0 0 0 0 0 0
1660937505.123542 -- INFO: Active CC: 19
1660937505.619967 -- INFO: Throughput @25.1s:870.0Mbps, rtt :5.01ms cwnd: 182.7 lossRate: 0.0 CC:19 score:0.6 
1660937506.628888 -- INFO: Throughput @26.1s:895.0Mbps, rtt :3.96ms cwnd: 193.7 lossRate: 0.0 CC:19 score:0.61 
1660937507.637129 -- INFO: Throughput @27.1s:880.0Mbps, rtt :4.67ms cwnd: 204.3 lossRate: 0.0 CC:19 score:0.6 
1660937508.631519 -- INFO: score [0.6, 0.61, 0.6] ******
1660937508.633429 -- INFO: action array from actor 0.1552109271287918 and action is 19 ******
1660937508.637054 -- INFO: Throughput @28.1s:880.0Mbps, rtt :3.54ms cwnd: 208.7 lossRate: 0.0 CC:19 score:0.6 
1660937508.643685 -- INFO: Changing concurrency to 19 ******
1660937508.651882 -- INFO: Process Status Bits from change concurrency are: 1 1 1 1 1 1 1 1 1 1 1 1 1 1 1 1 1 1 1 0 0 0 0 0 0 0 0 0 0 0 0 0
1660937508.653065 -- INFO: Active CC: 19
1660937509.605174 -- INFO: Throughput @29.1s:875.0Mbps, rtt :5.37ms cwnd: 213.8 lossRate: 0.0 CC:19 score:0.6 
1660937510.621926 -- INFO: Throughput @30.1s:855.0Mbps, rtt :3.46ms cwnd: 216.2 lossRate: 0.0 CC:19 score:0.59 
1660937511.636889 -- INFO: Throughput @31.1s:860.0Mbps, rtt :5.78ms cwnd: 219.2 lossRate: 0.0 CC:19 score:0.59 
1660937512.202915 -- INFO: score [0.6, 0.59, 0.59] ******
1660937512.204240 -- INFO: action array from actor 0.15521138906478882 and action is 19 ******
1660937512.204360 -- INFO: Changing concurrency to 19 ******
1660937512.211130 -- INFO: Process Status Bits from change concurrency are: 1 1 1 1 1 1 1 1 1 1 1 1 1 1 1 1 1 1 1 0 0 0 0 0 0 0 0 0 0 0 0 0
1660937512.212109 -- INFO: Active CC: 19
1660937512.608948 -- INFO: Throughput @32.1s:905.0Mbps, rtt :4.05ms cwnd: 221.7 lossRate: 0.0 CC:19 score:0.62 
1660937513.641054 -- INFO: Throughput @33.1s:860.0Mbps, rtt :6.35ms cwnd: 231.1 lossRate: 0.0 CC:19 score:0.59 
1660937514.648902 -- INFO: Throughput @34.1s:870.0Mbps, rtt :4.02ms cwnd: 228.2 lossRate: 0.0005845446397256537 CC:19 score:0.59 
1660937515.616702 -- INFO: Throughput @35.1s:860.0Mbps, rtt :3.59ms cwnd: 230.3 lossRate: 0.0 CC:19 score:0.59 
1660937515.731011 -- INFO: score [0.59, 0.59, 0.59] ******
1660937515.732612 -- INFO: action array from actor 0.27625590562820435 and action is 21 ******
1660937515.732746 -- INFO: Changing concurrency to 21 ******
1660937515.742816 -- INFO: Process Status Bits from change concurrency are: 1 1 1 1 1 1 1 1 1 1 1 1 1 1 1 1 1 1 1 1 1 0 0 0 0 0 0 0 0 0 0 0
1660937515.743420 -- INFO: Active CC: 21
1660937515.745748 -- INFO: Start Process :: 19
1660937515.746287 -- INFO: Start Process :: 20
1660937515.747361 -- INFO: Process 19 get item 23 from queue and executing
1660937515.754710 -- INFO: starting 19, 23, /home/hjamil/Documents/files_bash/FILE10
1660937515.755427 -- INFO: Process 20 get item 18 from queue and executing
1660937515.755723 -- INFO: starting 20, 18, /home/hjamil/Documents/files_bash/FILE14
1660937516.608983 -- INFO: Throughput @36.1s:965.0Mbps, rtt :10.43ms cwnd: 212.8 lossRate: 0.00021330255084756397 CC:21 score:0.63 
1660937517.637049 -- INFO: Throughput @37.1s:970.0Mbps, rtt :5.82ms cwnd: 210.4 lossRate: 1.2133566297806251e-05 CC:21 score:0.64 
1660937518.614117 -- INFO: Throughput @38.1s:961.05Mbps, rtt :10.38ms cwnd: 211.5 lossRate: 0.0 CC:21 score:0.63 
1660937519.271207 -- INFO: score [0.63, 0.64, 0.63] ******
1660937519.279934 -- INFO: action array from actor 0.1552109271287918 and action is 19 ******
1660937519.280239 -- INFO: Changing concurrency to 19 ******
1660937519.280649 -- INFO: Process Status Bits from change concurrency are: 1 1 1 1 1 1 1 1 1 1 1 1 1 1 1 1 1 1 1 0 0 0 0 0 0 0 0 0 0 0 0 0
1660937519.281054 -- INFO: Active CC: 19
1660937519.613780 -- INFO: Throughput @39.1s:934.95Mbps, rtt :5.48ms cwnd: 220.1 lossRate: 1.859254438969973e-05 CC:19 score:0.64 
1660937520.658127 -- INFO: Throughput @40.1s:885.0Mbps, rtt :6.03ms cwnd: 227.5 lossRate: 0.0 CC:19 score:0.61 
1660937521.616872 -- INFO: Throughput @41.1s:895.0Mbps, rtt :3.22ms cwnd: 252.8 lossRate: 0.00028589993502274206 CC:19 score:0.61 
1660937522.622658 -- INFO: Throughput @42.1s:865.0Mbps, rtt :4.06ms cwnd: 267.0 lossRate: 0.0 CC:19 score:0.59 
1660937522.782231 -- INFO: score [0.61, 0.61, 0.59] ******
1660937522.783877 -- INFO: action array from actor 0.28264862298965454 and action is 21 ******
1660937522.784024 -- INFO: Changing concurrency to 21 ******
1660937522.799266 -- INFO: Start Process :: 20
1660937522.799386 -- INFO: Start Process :: 19
1660937522.799445 -- INFO: Process Status Bits from change concurrency are: 1 1 1 1 1 1 1 1 1 1 1 1 1 1 1 1 1 1 1 1 1 0 0 0 0 0 0 0 0 0 0 0
1660937522.800483 -- INFO: Active CC: 21
1660937522.801786 -- INFO: Process 20 get item 21 from queue and executing
1660937522.801993 -- INFO: starting 20, 21, /home/hjamil/Documents/files_bash/FILE21
1660937522.802087 -- INFO: Process 19 get item 22 from queue and executing
1660937522.802349 -- INFO: starting 19, 22, /home/hjamil/Documents/files_bash/FILE9
1660937523.625008 -- INFO: Throughput @43.1s:950.0Mbps, rtt :11.37ms cwnd: 248.3 lossRate: 0.0005183771003755073 CC:21 score:0.62 
1660937524.645905 -- INFO: Throughput @44.1s:965.0Mbps, rtt :8.02ms cwnd: 218.5 lossRate: 0.0012796062749923101 CC:21 score:0.62 
1660937525.646339 -- INFO: Throughput @45.1s:975.0Mbps, rtt :9.64ms cwnd: 214.8 lossRate: 0.0002967799376762131 CC:21 score:0.64 
1660937526.301533 -- INFO: score [0.62, 0.62, 0.64] ******
1660937526.303158 -- INFO: action array from actor 0.1552109271287918 and action is 19 ******
1660937526.318783 -- INFO: Changing concurrency to 19 ******
1660937526.319258 -- INFO: Process Status Bits from change concurrency are: 1 1 1 1 1 1 1 1 1 1 1 1 1 1 1 1 1 1 1 0 0 0 0 0 0 0 0 0 0 0 0 0
1660937526.319686 -- INFO: Active CC: 19
1660937526.633071 -- INFO: Throughput @46.1s:920.0Mbps, rtt :9.71ms cwnd: 199.1 lossRate: 0.0015273154493831995 CC:19 score:0.62 
1660937527.640653 -- INFO: Throughput @47.1s:935.0Mbps, rtt :8.88ms cwnd: 200.3 lossRate: 0.0 CC:19 score:0.64 
1660937528.661044 -- INFO: Throughput @48.1s:870.0Mbps, rtt :4.8ms cwnd: 202.7 lossRate: 0.0 CC:19 score:0.6 
1660937529.662197 -- INFO: Throughput @49.1s:880.0Mbps, rtt :5.2ms cwnd: 213.5 lossRate: 0.0 CC:19 score:0.6 
1660937529.825665 -- INFO: score [0.64, 0.6, 0.6] ******
1660937529.830706 -- INFO: action array from actor 0.15521132946014404 and action is 19 ******
1660937529.834829 -- INFO: Changing concurrency to 19 ******
1660937529.843711 -- INFO: Process Status Bits from change concurrency are: 1 1 1 1 1 1 1 1 1 1 1 1 1 1 1 1 1 1 1 0 0 0 0 0 0 0 0 0 0 0 0 0
1660937529.845295 -- INFO: Active CC: 19
1660937530.620672 -- INFO: Throughput @50.1s:870.0Mbps, rtt :3.03ms cwnd: 215.8 lossRate: 0.0 CC:19 score:0.6 
1660937531.660692 -- INFO: Throughput @51.1s:875.0Mbps, rtt :3.76ms cwnd: 218.4 lossRate: 0.0 CC:19 score:0.6 
1660937532.661363 -- INFO: Throughput @52.1s:875.0Mbps, rtt :3.05ms cwnd: 220.5 lossRate: 0.0 CC:19 score:0.6 
1660937533.348229 -- INFO: score [0.6, 0.6, 0.6] ******
1660937533.349541 -- INFO: action array from actor 0.15521475672721863 and action is 19 ******
1660937533.349648 -- INFO: Changing concurrency to 19 ******
1660937533.351571 -- INFO: Process Status Bits from change concurrency are: 1 1 1 1 1 1 1 1 1 1 1 1 1 1 1 1 1 1 1 0 0 0 0 0 0 0 0 0 0 0 0 0
1660937533.351932 -- INFO: Active CC: 19
1660937533.661088 -- INFO: Throughput @53.1s:885.0Mbps, rtt :4.67ms cwnd: 221.9 lossRate: 0.0 CC:19 score:0.61 
1660937534.648796 -- INFO: Throughput @54.1s:885.0Mbps, rtt :3.6ms cwnd: 224.3 lossRate: 0.0 CC:19 score:0.61 
1660937535.643026 -- INFO: Throughput @55.1s:885.0Mbps, rtt :3.78ms cwnd: 226.1 lossRate: 0.0 CC:19 score:0.61 
1660937536.648866 -- INFO: Throughput @56.1s:890.0Mbps, rtt :2.98ms cwnd: 228.5 lossRate: 0.0 CC:19 score:0.61 
1660937536.855454 -- INFO: score [0.61, 0.61, 0.61] ******
1660937536.857201 -- INFO: action array from actor 0.15608887374401093 and action is 19 ******
1660937536.857513 -- INFO: Changing concurrency to 19 ******
1660937536.858088 -- INFO: Process Status Bits from change concurrency are: 1 1 1 1 1 1 1 1 1 1 1 1 1 1 1 1 1 1 1 0 0 0 0 0 0 0 0 0 0 0 0 0
1660937536.858585 -- INFO: Active CC: 19
1660937537.660818 -- INFO: Throughput @57.1s:885.0Mbps, rtt :4.02ms cwnd: 230.6 lossRate: 0.0 CC:19 score:0.61 
1660937538.648565 -- INFO: Throughput @58.1s:850.0Mbps, rtt :4.14ms cwnd: 232.5 lossRate: 0.0 CC:19 score:0.58 
1660937539.644829 -- INFO: Throughput @59.1s:885.0Mbps, rtt :6.77ms cwnd: 235.5 lossRate: 0.0 CC:19 score:0.61 
1660937540.359638 -- INFO: score [0.61, 0.58, 0.61] ******
1660937540.360960 -- INFO: action array from actor 0.37408438324928284 and action is 22 ******
1660937540.361065 -- INFO: Changing concurrency to 22 ******
1660937540.378821 -- INFO: Process Status Bits from change concurrency are: 1 1 1 1 1 1 1 1 1 1 1 1 1 1 1 1 1 1 1 1 1 1 0 0 0 0 0 0 0 0 0 0
1660937540.379271 -- INFO: Active CC: 22
1660937540.379825 -- INFO: Start Process :: 19
1660937540.381424 -- INFO: Start Process :: 20
1660937540.381879 -- INFO: Process 19 get item 26 from queue and executing
1660937540.382241 -- INFO: starting 19, 26, /home/hjamil/Documents/files_bash/FILE27
1660937540.382967 -- INFO: Start Process :: 21
1660937540.384428 -- INFO: Process 21 get item 25 from queue and executing
1660937540.384634 -- INFO: starting 21, 25, /home/hjamil/Documents/files_bash/FILE28
1660937540.384576 -- INFO: Process 20 get item 24 from queue and executing
1660937540.384880 -- INFO: starting 20, 24, /home/hjamil/Documents/files_bash/FILE12
1660937540.649358 -- INFO: Throughput @60.1s:924.83Mbps, rtt :6.41ms cwnd: 210.6 lossRate: 0.0001411958000667471 CC:22 score:0.6 
1660937541.653348 -- INFO: Throughput @61.1s:1009.62Mbps, rtt :9.19ms cwnd: 215.4 lossRate: 0.0 CC:22 score:0.65 
1660937542.645049 -- INFO: Throughput @62.1s:970.45Mbps, rtt :8.55ms cwnd: 202.5 lossRate: 0.0007662740542077097 CC:22 score:0.62 
1660937543.657097 -- INFO: Throughput @63.1s:934.93Mbps, rtt :8.86ms cwnd: 185.5 lossRate: 0.0008760348933334978 CC:22 score:0.6 
1660937543.884215 -- INFO: score [0.65, 0.62, 0.6] ******
1660937543.889017 -- INFO: action array from actor 0.1552109271287918 and action is 19 ******
1660937543.894640 -- INFO: Changing concurrency to 19 ******
1660937543.898401 -- INFO: Process Status Bits from change concurrency are: 1 1 1 1 1 1 1 1 1 1 1 1 1 1 1 1 1 1 1 0 0 0 0 0 0 0 0 0 0 0 0 0
1660937543.900974 -- INFO: Active CC: 19
1660937544.626420 -- INFO: Throughput @64.1s:900.18Mbps, rtt :7.79ms cwnd: 188.6 lossRate: 0.001281581838154522 CC:19 score:0.61 
1660937545.654111 -- INFO: Throughput @65.1s:930.0Mbps, rtt :5.87ms cwnd: 190.2 lossRate: 0.0 CC:19 score:0.64 
1660937546.657453 -- INFO: Throughput @66.1s:885.0Mbps, rtt :7.54ms cwnd: 200.2 lossRate: 0.0 CC:19 score:0.61 
1660937547.407354 -- INFO: score [0.61, 0.64, 0.61] ******
1660937547.408895 -- INFO: action array from actor 0.1552109271287918 and action is 19 ******
1660937547.409190 -- INFO: Changing concurrency to 19 ******
1660937547.426827 -- INFO: Process Status Bits from change concurrency are: 1 1 1 1 1 1 1 1 1 1 1 1 1 1 1 1 1 1 1 0 0 0 0 0 0 0 0 0 0 0 0 0
1660937547.427455 -- INFO: Active CC: 19
1660937547.649340 -- INFO: Throughput @67.1s:865.0Mbps, rtt :4.53ms cwnd: 206.3 lossRate: 0.0 CC:19 score:0.59 
1660937548.657330 -- INFO: Throughput @68.1s:905.0Mbps, rtt :4.17ms cwnd: 213.6 lossRate: 0.0 CC:19 score:0.62 
1660937549.657130 -- INFO: Throughput @69.1s:870.0Mbps, rtt :3.11ms cwnd: 217.6 lossRate: 0.0 CC:19 score:0.6 
1660937550.647455 -- INFO: Throughput @70.1s:875.0Mbps, rtt :3.14ms cwnd: 221.2 lossRate: 0.0 CC:19 score:0.6 
1660937550.943687 -- INFO: score [0.62, 0.6, 0.6] ******
1660937550.945323 -- INFO: action array from actor 0.15521231293678284 and action is 19 ******
1660937550.966798 -- INFO: Changing concurrency to 19 ******
1660937550.967628 -- INFO: Process Status Bits from change concurrency are: 1 1 1 1 1 1 1 1 1 1 1 1 1 1 1 1 1 1 1 0 0 0 0 0 0 0 0 0 0 0 0 0
1660937550.975578 -- INFO: Active CC: 19
1660937551.642716 -- INFO: Throughput @71.1s:870.0Mbps, rtt :13.14ms cwnd: 200.7 lossRate: 0.0014393019385597985 CC:19 score:0.58 
1660937552.673234 -- INFO: Throughput @72.1s:773.8Mbps, rtt :12.11ms cwnd: 186.5 lossRate: 0.0010237221123976278 CC:19 score:0.52 
1660937553.642483 -- INFO: Throughput @73.1s:644.94Mbps, rtt :9.84ms cwnd: 154.8 lossRate: 0.0018644558685106075 CC:19 score:0.43 
1660937554.476748 -- INFO: score [0.58, 0.52, 0.43] ******
1660937554.478378 -- INFO: action array from actor 0.4612361788749695 and action is 24 ******
1660937554.478772 -- INFO: Changing concurrency to 24 ******
1660937554.479941 -- INFO: Process Status Bits from change concurrency are: 1 1 1 1 1 1 1 1 1 1 1 1 1 1 1 1 1 1 1 1 1 1 1 1 0 0 0 0 0 0 0 0
1660937554.480001 -- INFO: Start Process :: 23
1660937554.480195 -- INFO: Start Process :: 21
1660937554.480419 -- INFO: Start Process :: 20
1660937554.480419 -- INFO: Start Process :: 19
1660937554.479922 -- INFO: Start Process :: 22
1660937554.480664 -- INFO: Active CC: 24
1660937554.482247 -- INFO: Process 20 get item 31 from queue and executing
1660937554.482300 -- INFO: Process 19 get item 27 from queue and executing
1660937554.482532 -- INFO: Process 22 get item 29 from queue and executing
1660937554.482529 -- INFO: Process 23 get item 28 from queue and executing
1660937554.482662 -- INFO: Process 21 get item 19 from queue and executing
1660937554.482919 -- INFO: starting 23, 28, /home/hjamil/Documents/files_bash/FILE18
1660937554.482905 -- INFO: starting 21, 19, /home/hjamil/Documents/files_bash/FILE8
1660937554.483279 -- INFO: starting 19, 27, /home/hjamil/Documents/files_bash/FILE26
1660937554.483291 -- INFO: starting 22, 29, /home/hjamil/Documents/files_bash/FILE0
1660937554.483393 -- INFO: starting 20, 31, /home/hjamil/Documents/files_bash/FILE19
1660937554.653300 -- INFO: Throughput @74.1s:669.61Mbps, rtt :9.66ms cwnd: 118.8 lossRate: 0.001134301270417423 CC:24 score:0.41 
1660937555.615200 -- INFO: Throughput @75.1s:746.04Mbps, rtt :10.06ms cwnd: 100.1 lossRate: 0.0015531660692951015 CC:24 score:0.45 
1660937556.620963 -- INFO: Throughput @76.1s:704.62Mbps, rtt :9.3ms cwnd: 96.4 lossRate: 0.0004981981832372918 CC:24 score:0.43 
1660937557.618022 -- INFO: Throughput @77.1s:691.26Mbps, rtt :8.55ms cwnd: 93.3 lossRate: 0.0004666122285733331 CC:24 score:0.43 
1660937557.981919 -- INFO: score [0.45, 0.43, 0.43] ******
1660937557.984381 -- INFO: action array from actor 0.1552109271287918 and action is 19 ******
1660937557.984591 -- INFO: Changing concurrency to 19 ******
1660937557.985751 -- INFO: Process Status Bits from change concurrency are: 1 1 1 1 1 1 1 1 1 1 1 1 1 1 1 1 1 1 1 0 0 0 0 0 0 0 0 0 0 0 0 0
1660937557.986875 -- INFO: Active CC: 19
1660937558.635383 -- INFO: Throughput @78.1s:663.27Mbps, rtt :8.79ms cwnd: 97.6 lossRate: 0.0050533408197641775 CC:19 score:0.42 
1660937559.652845 -- INFO: Throughput @79.1s:643.99Mbps, rtt :9.41ms cwnd: 97.6 lossRate: 0.0 CC:19 score:0.44 
1660937560.646048 -- INFO: Throughput @80.1s:639.68Mbps, rtt :7.9ms cwnd: 99.8 lossRate: 0.0 CC:19 score:0.44 
1660937561.489527 -- INFO: score [0.42, 0.44, 0.44] ******
1660937561.491616 -- INFO: action array from actor 0.1552109271287918 and action is 19 ******
1660937561.491781 -- INFO: Changing concurrency to 19 ******
1660937561.494885 -- INFO: Process Status Bits from change concurrency are: 1 1 1 1 1 1 1 1 1 1 1 1 1 1 1 1 1 1 1 0 0 0 0 0 0 0 0 0 0 0 0 0
1660937561.496228 -- INFO: Active CC: 19
1660937561.652964 -- INFO: Throughput @81.1s:645.27Mbps, rtt :8.15ms cwnd: 100.2 lossRate: 0.0 CC:19 score:0.44 
1660937562.672870 -- INFO: Throughput @82.1s:655.97Mbps, rtt :8.97ms cwnd: 100.7 lossRate: 0.0 CC:19 score:0.45 
1660937563.646828 -- INFO: Throughput @83.1s:645.09Mbps, rtt :9.48ms cwnd: 101.5 lossRate: 0.0 CC:19 score:0.44 
1660937564.656881 -- INFO: Throughput @84.1s:658.81Mbps, rtt :8.36ms cwnd: 102.1 lossRate: 0.0 CC:19 score:0.45 
1660937564.997260 -- INFO: score [0.45, 0.44, 0.45] ******
1660937564.998928 -- INFO: action array from actor 0.1552109271287918 and action is 19 ******
1660937564.999214 -- INFO: Changing concurrency to 19 ******
1660937564.999786 -- INFO: Process Status Bits from change concurrency are: 1 1 1 1 1 1 1 1 1 1 1 1 1 1 1 1 1 1 1 0 0 0 0 0 0 0 0 0 0 0 0 0
1660937565.002046 -- INFO: Active CC: 19
1660937565.650610 -- INFO: Throughput @85.1s:655.02Mbps, rtt :8.84ms cwnd: 102.8 lossRate: 0.0 CC:19 score:0.45 
1660937566.658958 -- INFO: Throughput @86.1s:644.93Mbps, rtt :8.89ms cwnd: 101.4 lossRate: 0.0001764602082230457 CC:19 score:0.44 
1660937567.662863 -- INFO: Throughput @87.1s:660.23Mbps, rtt :7.59ms cwnd: 101.6 lossRate: 0.0 CC:19 score:0.45 
1660937568.503805 -- INFO: score [0.45, 0.44, 0.45] ******
1660937568.506031 -- INFO: action array from actor 0.1552109271287918 and action is 19 ******
1660937568.506449 -- INFO: Changing concurrency to 19 ******
1660937568.507880 -- INFO: Process Status Bits from change concurrency are: 1 1 1 1 1 1 1 1 1 1 1 1 1 1 1 1 1 1 1 0 0 0 0 0 0 0 0 0 0 0 0 0
1660937568.509158 -- INFO: Active CC: 19
1660937568.656866 -- INFO: Throughput @88.1s:644.68Mbps, rtt :6.81ms cwnd: 101.7 lossRate: 0.0 CC:19 score:0.44 
1660937569.651801 -- INFO: Throughput @89.1s:655.27Mbps, rtt :7.04ms cwnd: 102.1 lossRate: 0.0 CC:19 score:0.45 
1660937570.646073 -- INFO: Throughput @90.1s:645.15Mbps, rtt :7.43ms cwnd: 102.4 lossRate: 0.0 CC:19 score:0.44 
1660937571.653668 -- INFO: Throughput @91.1s:655.91Mbps, rtt :7.64ms cwnd: 102.8 lossRate: 0.0 CC:19 score:0.45 
1660937572.010175 -- INFO: score [0.45, 0.44, 0.45] ******
1660937572.012115 -- INFO: action array from actor 0.1552109271287918 and action is 19 ******
1660937572.012471 -- INFO: Changing concurrency to 19 ******
1660937572.013067 -- INFO: Process Status Bits from change concurrency are: 1 1 1 1 1 1 1 1 1 1 1 1 1 1 1 1 1 1 1 0 0 0 0 0 0 0 0 0 0 0 0 0
1660937572.014224 -- INFO: Active CC: 19
1660937572.660180 -- INFO: Throughput @92.1s:655.0Mbps, rtt :6.91ms cwnd: 101.6 lossRate: 0.00017561421070193 CC:19 score:0.45 
1660937573.658166 -- INFO: Throughput @93.1s:648.83Mbps, rtt :7.27ms cwnd: 101.6 lossRate: 0.0 CC:19 score:0.45 
1660937574.650395 -- INFO: Throughput @94.1s:664.93Mbps, rtt :6.53ms cwnd: 100.0 lossRate: 0.00021526980482204362 CC:19 score:0.45 
1660937575.523712 -- INFO: score [0.45, 0.45, 0.45] ******
1660937575.525767 -- INFO: action array from actor 0.1552109271287918 and action is 19 ******
1660937575.526234 -- INFO: Changing concurrency to 19 ******
1660937575.527617 -- INFO: Process Status Bits from change concurrency are: 1 1 1 1 1 1 1 1 1 1 1 1 1 1 1 1 1 1 1 0 0 0 0 0 0 0 0 0 0 0 0 0
1660937575.528695 -- INFO: Active CC: 19
1660937575.658174 -- INFO: Throughput @95.1s:644.97Mbps, rtt :7.37ms cwnd: 100.5 lossRate: 0.0 CC:19 score:0.44 
1660937576.663565 -- INFO: Throughput @96.1s:654.95Mbps, rtt :6.5ms cwnd: 100.5 lossRate: 0.0 CC:19 score:0.45 
1660937577.672882 -- INFO: Throughput @97.1s:645.27Mbps, rtt :6.56ms cwnd: 100.5 lossRate: 0.0 CC:19 score:0.44 
1660937578.678047 -- INFO: Throughput @98.1s:654.63Mbps, rtt :7.41ms cwnd: 100.5 lossRate: 0.0 CC:19 score:0.45 
1660937579.030061 -- INFO: score [0.45, 0.44, 0.45] ******
1660937579.032262 -- INFO: action array from actor 0.1552109271287918 and action is 19 ******
1660937579.046799 -- INFO: Changing concurrency to 19 ******
1660937579.047489 -- INFO: Process Status Bits from change concurrency are: 1 1 1 1 1 1 1 1 1 1 1 1 1 1 1 1 1 1 1 0 0 0 0 0 0 0 0 0 0 0 0 0
1660937579.048569 -- INFO: Active CC: 19
1660937579.668854 -- INFO: Throughput @99.1s:651.43Mbps, rtt :7.31ms cwnd: 97.8 lossRate: 0.0 CC:19 score:0.45 
1660937580.672993 -- INFO: Throughput @100.1s:645.0Mbps, rtt :8.07ms cwnd: 100.1 lossRate: 0.0 CC:19 score:0.44 
1660937581.664820 -- INFO: Throughput @101.1s:663.84Mbps, rtt :7.21ms cwnd: 100.3 lossRate: 0.0 CC:19 score:0.46 
1660937582.549474 -- INFO: score [0.45, 0.44, 0.46] ******
1660937582.551111 -- INFO: action array from actor 0.1552109271287918 and action is 19 ******
1660937582.551385 -- INFO: Changing concurrency to 19 ******
1660937582.552929 -- INFO: Process Status Bits from change concurrency are: 1 1 1 1 1 1 1 1 1 1 1 1 1 1 1 1 1 1 1 0 0 0 0 0 0 0 0 0 0 0 0 0
1660937582.553950 -- INFO: Active CC: 19
1660937582.661994 -- INFO: Throughput @102.1s:654.93Mbps, rtt :8.81ms cwnd: 100.6 lossRate: 0.0 CC:19 score:0.45 
1660937583.662053 -- INFO: Throughput @103.2s:595.67Mbps, rtt :8.74ms cwnd: 101.2 lossRate: 0.0 CC:19 score:0.41 
1660937584.681473 -- INFO: Throughput @104.2s:644.68Mbps, rtt :8.09ms cwnd: 101.6 lossRate: 0.0 CC:19 score:0.44 
1660937585.678008 -- INFO: Throughput @105.2s:655.27Mbps, rtt :7.72ms cwnd: 107.7 lossRate: 0.0 CC:19 score:0.45 
1660937586.055091 -- INFO: score [0.41, 0.44, 0.45] ******
1660937586.056649 -- INFO: action array from actor 0.15524286031723022 and action is 19 ******
1660937586.056966 -- INFO: Changing concurrency to 19 ******
1660937586.059465 -- INFO: Process Status Bits from change concurrency are: 1 1 1 1 1 1 1 1 1 1 1 1 1 1 1 1 1 1 1 0 0 0 0 0 0 0 0 0 0 0 0 0
1660937586.062770 -- INFO: Active CC: 19
1660937586.672707 -- INFO: Throughput @106.2s:644.63Mbps, rtt :8.1ms cwnd: 107.7 lossRate: 0.0 CC:19 score:0.44 
1660937587.666036 -- INFO: Throughput @107.2s:655.32Mbps, rtt :8.52ms cwnd: 108.6 lossRate: 0.0 CC:19 score:0.45 
1660937588.664990 -- INFO: Throughput @108.2s:650.97Mbps, rtt :8.49ms cwnd: 108.6 lossRate: 0.0 CC:19 score:0.45 
1660937589.563806 -- INFO: score [0.44, 0.45, 0.45] ******
1660937589.565474 -- INFO: action array from actor 0.15521098673343658 and action is 19 ******
1660937589.565674 -- INFO: Changing concurrency to 19 ******
1660937589.566804 -- INFO: Process Status Bits from change concurrency are: 1 1 1 1 1 1 1 1 1 1 1 1 1 1 1 1 1 1 1 0 0 0 0 0 0 0 0 0 0 0 0 0
1660937589.568620 -- INFO: Active CC: 19
1660937589.681415 -- INFO: Throughput @109.2s:653.98Mbps, rtt :8.72ms cwnd: 109.6 lossRate: 0.0 CC:19 score:0.45 
1660937590.669940 -- INFO: Throughput @110.2s:659.93Mbps, rtt :8.83ms cwnd: 111.3 lossRate: 0.0 CC:19 score:0.45 
1660937591.681004 -- INFO: Throughput @111.2s:649.97Mbps, rtt :8.69ms cwnd: 111.3 lossRate: 0.0 CC:19 score:0.45 
1660937592.672873 -- INFO: Throughput @112.2s:654.95Mbps, rtt :9.07ms cwnd: 111.3 lossRate: 0.0 CC:19 score:0.45 
1660937593.070364 -- INFO: score [0.45, 0.45, 0.45] ******
1660937593.072364 -- INFO: action array from actor 0.1552109271287918 and action is 19 ******
1660937593.072530 -- INFO: Changing concurrency to 19 ******
1660937593.076302 -- INFO: Process Status Bits from change concurrency are: 1 1 1 1 1 1 1 1 1 1 1 1 1 1 1 1 1 1 1 0 0 0 0 0 0 0 0 0 0 0 0 0
1660937593.082202 -- INFO: Active CC: 19
1660937593.666086 -- INFO: Throughput @113.2s:645.27Mbps, rtt :9.26ms cwnd: 111.3 lossRate: 0.0 CC:19 score:0.44 
1660937594.669362 -- INFO: Throughput @114.2s:654.63Mbps, rtt :8.51ms cwnd: 115.5 lossRate: 0.0 CC:19 score:0.45 
1660937595.674848 -- INFO: Throughput @115.2s:650.32Mbps, rtt :8.21ms cwnd: 115.5 lossRate: 0.0 CC:19 score:0.45 
1660937596.583160 -- INFO: score [0.44, 0.45, 0.45] ******
1660937596.584679 -- INFO: action array from actor 0.1552109271287918 and action is 19 ******
1660937596.584931 -- INFO: Changing concurrency to 19 ******
1660937596.585326 -- INFO: Process Status Bits from change concurrency are: 1 1 1 1 1 1 1 1 1 1 1 1 1 1 1 1 1 1 1 0 0 0 0 0 0 0 0 0 0 0 0 0
1660937596.586385 -- INFO: Active CC: 19
1660937596.685267 -- INFO: Throughput @116.2s:650.1Mbps, rtt :9.01ms cwnd: 115.5 lossRate: 0.0 CC:19 score:0.45 
1660937597.684903 -- INFO: Throughput @117.2s:656.01Mbps, rtt :8.79ms cwnd: 115.5 lossRate: 0.0 CC:19 score:0.45 
1660937598.686478 -- INFO: Throughput @118.2s:643.77Mbps, rtt :9.05ms cwnd: 115.5 lossRate: 0.0 CC:19 score:0.44 
1660937599.688990 -- INFO: Throughput @119.2s:669.97Mbps, rtt :9.23ms cwnd: 115.9 lossRate: 0.0 CC:19 score:0.46 
1660937600.087335 -- INFO: score [0.45, 0.44, 0.46] ******
1660937600.088828 -- INFO: action array from actor 0.1552109271287918 and action is 19 ******
1660937600.089078 -- INFO: Changing concurrency to 19 ******
1660937600.091103 -- INFO: Process Status Bits from change concurrency are: 1 1 1 1 1 1 1 1 1 1 1 1 1 1 1 1 1 1 1 0 0 0 0 0 0 0 0 0 0 0 0 0
1660937600.093315 -- INFO: Active CC: 19
1660937600.680136 -- INFO: Throughput @120.2s:639.95Mbps, rtt :9.16ms cwnd: 115.9 lossRate: 0.0 CC:19 score:0.44 
1660937601.702565 -- INFO: Throughput @121.2s:756.32Mbps, rtt :7.32ms cwnd: 120.6 lossRate: 0.0 CC:19 score:0.52 
1660937602.708785 -- INFO: Throughput @122.2s:845.0Mbps, rtt :6.79ms cwnd: 160.4 lossRate: 0.0 CC:19 score:0.58 
1660937603.630188 -- INFO: score [0.44, 0.52, 0.58] ******
1660937603.631860 -- INFO: action array from actor 0.09045130014419556 and action is 18 ******
1660937603.632004 -- INFO: Changing concurrency to 18 ******
1660937603.649546 -- INFO: Process Status Bits from change concurrency are: 1 1 1 1 1 1 1 1 1 1 1 1 1 1 1 1 1 1 0 0 0 0 0 0 0 0 0 0 0 0 0 0
1660937603.650241 -- INFO: Active CC: 18
1660937603.688894 -- INFO: Throughput @123.2s:915.0Mbps, rtt :5.67ms cwnd: 189.5 lossRate: 0.0 CC:19 score:0.63 
1660937604.704014 -- INFO: Throughput @124.2s:850.0Mbps, rtt :5.23ms cwnd: 223.7 lossRate: 0 CC:18 score:0.6 
1660937605.721640 -- INFO: Throughput @125.2s:845.0Mbps, rtt :5.88ms cwnd: 290.8 lossRate: 0.0 CC:18 score:0.59 
1660937606.729036 -- INFO: Throughput @126.2s:825.0Mbps, rtt :3.96ms cwnd: 313.6 lossRate: 0.0 CC:18 score:0.58 
1660937607.151206 -- INFO: score [0.6, 0.59, 0.58] ******
1660937607.152737 -- INFO: action array from actor 0.3711440861225128 and action is 22 ******
1660937607.153041 -- INFO: Changing concurrency to 22 ******
1660937607.158208 -- INFO: Start Process :: 18
1660937607.158265 -- INFO: Start Process :: 21
1660937607.158064 -- INFO: Process Status Bits from change concurrency are: 1 1 1 1 1 1 1 1 1 1 1 1 1 1 1 1 1 1 1 1 1 1 0 0 0 0 0 0 0 0 0 0
1660937607.158455 -- INFO: Start Process :: 19
1660937607.158935 -- INFO: Start Process :: 20
1660937607.159611 -- INFO: Active CC: 22
1660937607.159746 -- INFO: Process 20 get item 30 from queue and executing
1660937607.159950 -- INFO: starting 20, 30, /home/hjamil/Documents/files_bash/FILE16
1660937607.160743 -- INFO: Process 18 get item 23 from queue and executing
1660937607.161320 -- INFO: starting 18, 23, /home/hjamil/Documents/files_bash/FILE10
1660937607.161873 -- INFO: Process 19 get item 18 from queue and executing
1660937607.162170 -- INFO: starting 19, 18, /home/hjamil/Documents/files_bash/FILE14
1660937607.162393 -- INFO: Process 21 get item 21 from queue and executing
1660937607.174636 -- INFO: starting 21, 21, /home/hjamil/Documents/files_bash/FILE21
1660937607.693217 -- INFO: Throughput @127.2s:936.82Mbps, rtt :8.43ms cwnd: 268.9 lossRate: 0.0006141194061732351 CC:22 score:0.6 
1660937608.733132 -- INFO: Throughput @128.2s:1012.01Mbps, rtt :9.41ms cwnd: 246.7 lossRate: 0.0014580447619741926 CC:22 score:0.64 
1660937609.706297 -- INFO: Throughput @129.2s:927.84Mbps, rtt :10.11ms cwnd: 240.7 lossRate: 0.0008057718054247038 CC:22 score:0.59 
1660937610.691088 -- INFO: score [0.6, 0.64, 0.59] ******
1660937610.693136 -- INFO: action array from actor 0.15560419857501984 and action is 19 ******
1660937610.693373 -- INFO: Changing concurrency to 19 ******
1660937610.706664 -- INFO: Process Status Bits from change concurrency are: 1 1 1 1 1 1 1 1 1 1 1 1 1 1 1 1 1 1 1 0 0 0 0 0 0 0 0 0 0 0 0 0
1660937610.707180 -- INFO: Active CC: 19
1660937610.717020 -- INFO: Throughput @130.2s:953.33Mbps, rtt :10.17ms cwnd: 197.2 lossRate: 0.0015143428124573316 CC:22 score:0.6 
1660937611.709000 -- INFO: Throughput @131.2s:888.16Mbps, rtt :5.91ms cwnd: 202.2 lossRate: 0.0006383413338780512 CC:19 score:0.6 
1660937612.701786 -- INFO: Throughput @132.2s:915.0Mbps, rtt :7.01ms cwnd: 208.4 lossRate: 0.0 CC:19 score:0.63 
1660937613.720962 -- INFO: Throughput @133.2s:865.0Mbps, rtt :4.19ms cwnd: 215.4 lossRate: 0.0 CC:19 score:0.59 
1660937614.219921 -- INFO: score [0.6, 0.63, 0.59] ******
1660937614.224275 -- INFO: action array from actor 0.1552109271287918 and action is 19 ******
1660937614.230978 -- INFO: Changing concurrency to 19 ******
1660937614.235016 -- INFO: Process Status Bits from change concurrency are: 1 1 1 1 1 1 1 1 1 1 1 1 1 1 1 1 1 1 1 0 0 0 0 0 0 0 0 0 0 0 0 0
1660937614.239321 -- INFO: Active CC: 19
1660937614.712940 -- INFO: Throughput @134.2s:880.0Mbps, rtt :3.59ms cwnd: 224.1 lossRate: 0.0 CC:19 score:0.6 
1660937615.713421 -- INFO: Throughput @135.2s:870.0Mbps, rtt :5.12ms cwnd: 227.1 lossRate: 0.0 CC:19 score:0.6 
1660937616.706026 -- INFO: Throughput @136.2s:880.0Mbps, rtt :4.92ms cwnd: 232.4 lossRate: 0.0 CC:19 score:0.6 
1660937617.717051 -- INFO: Throughput @137.2s:880.0Mbps, rtt :4.45ms cwnd: 234.6 lossRate: 0.0 CC:19 score:0.6 
1660937617.768762 -- INFO: score [0.6, 0.6, 0.6] ******
1660937617.770147 -- INFO: action array from actor 0.2774043083190918 and action is 21 ******
1660937617.770260 -- INFO: Changing concurrency to 21 ******
1660937617.779268 -- INFO: Process Status Bits from change concurrency are: 1 1 1 1 1 1 1 1 1 1 1 1 1 1 1 1 1 1 1 1 1 0 0 0 0 0 0 0 0 0 0 0
1660937617.779818 -- INFO: Start Process :: 20
1660937617.780634 -- INFO: Process 20 get item 22 from queue and executing
1660937617.780815 -- INFO: starting 20, 22, /home/hjamil/Documents/files_bash/FILE9
1660937617.782432 -- INFO: Active CC: 21
1660937617.782864 -- INFO: Start Process :: 19
1660937617.783810 -- INFO: Process 19 get item 24 from queue and executing
1660937617.784097 -- INFO: starting 19, 24, /home/hjamil/Documents/files_bash/FILE12
1660937618.733122 -- INFO: Throughput @138.2s:975.0Mbps, rtt :9.67ms cwnd: 222.0 lossRate: 0.0 CC:21 score:0.64 
1660937619.752701 -- INFO: Throughput @139.2s:980.0Mbps, rtt :11.0ms cwnd: 224.2 lossRate: 0.0 CC:21 score:0.65 
1660937620.709282 -- INFO: Throughput @140.2s:955.0Mbps, rtt :10.96ms cwnd: 218.5 lossRate: 0.0005994529991382863 CC:21 score:0.62 
1660937621.287750 -- INFO: score [0.64, 0.65, 0.62] ******
1660937621.289197 -- INFO: action array from actor 0.1552109271287918 and action is 19 ******
1660937621.289821 -- INFO: Changing concurrency to 19 ******
1660937621.292348 -- INFO: Process Status Bits from change concurrency are: 1 1 1 1 1 1 1 1 1 1 1 1 1 1 1 1 1 1 1 0 0 0 0 0 0 0 0 0 0 0 0 0
1660937621.292989 -- INFO: Active CC: 19
1660937621.712889 -- INFO: Throughput @141.2s:910.0Mbps, rtt :6.02ms cwnd: 213.3 lossRate: 0.0015862629627426486 CC:19 score:0.61 
1660937622.724890 -- INFO: Throughput @142.2s:925.0Mbps, rtt :9.27ms cwnd: 215.8 lossRate: 0.0 CC:19 score:0.63 
1660937623.710420 -- INFO: Throughput @143.2s:880.0Mbps, rtt :5.8ms cwnd: 220.2 lossRate: 0.0 CC:19 score:0.6 
1660937624.721604 -- INFO: Throughput @144.2s:880.0Mbps, rtt :3.58ms cwnd: 238.1 lossRate: 0.0 CC:19 score:0.6 
1660937624.803180 -- INFO: score [0.63, 0.6, 0.6] ******
1660937624.804707 -- INFO: action array from actor 0.15521103143692017 and action is 19 ******
1660937624.804971 -- INFO: Changing concurrency to 19 ******
1660937624.805577 -- INFO: Process Status Bits from change concurrency are: 1 1 1 1 1 1 1 1 1 1 1 1 1 1 1 1 1 1 1 0 0 0 0 0 0 0 0 0 0 0 0 0
1660937624.806107 -- INFO: Active CC: 19
1660937625.736787 -- INFO: Throughput @145.2s:885.0Mbps, rtt :3.32ms cwnd: 250.2 lossRate: 0.0 CC:19 score:0.61 
1660937626.722938 -- INFO: Throughput @146.2s:885.0Mbps, rtt :4.55ms cwnd: 252.0 lossRate: 0.0 CC:19 score:0.61 
1660937627.721196 -- INFO: Throughput @147.2s:875.0Mbps, rtt :5.09ms cwnd: 255.6 lossRate: 0.0 CC:19 score:0.6 
1660937628.314020 -- INFO: score [0.61, 0.61, 0.6] ******
1660937628.315406 -- INFO: action array from actor 0.3862674832344055 and action is 22 ******
1660937628.315531 -- INFO: Changing concurrency to 22 ******
1660937628.322705 -- INFO: Process Status Bits from change concurrency are: 1 1 1 1 1 1 1 1 1 1 1 1 1 1 1 1 1 1 1 1 1 1 0 0 0 0 0 0 0 0 0 0
1660937628.323406 -- INFO: Active CC: 22
1660937628.323575 -- INFO: Start Process :: 19
1660937628.325608 -- INFO: Process 19 get item 25 from queue and executing
1660937628.325803 -- INFO: starting 19, 25, /home/hjamil/Documents/files_bash/FILE28
1660937628.326907 -- INFO: Start Process :: 21
1660937628.327153 -- INFO: Start Process :: 20
1660937628.330206 -- INFO: Process 21 get item 26 from queue and executing
1660937628.330453 -- INFO: starting 21, 26, /home/hjamil/Documents/files_bash/FILE27
1660937628.332314 -- INFO: Process 20 get item 28 from queue and executing
1660937628.332602 -- INFO: starting 20, 28, /home/hjamil/Documents/files_bash/FILE18
1660937628.733349 -- INFO: Throughput @148.2s:919.3Mbps, rtt :8.97ms cwnd: 236.2 lossRate: 0.0 CC:22 score:0.59 
1660937629.721867 -- INFO: Throughput @149.2s:991.91Mbps, rtt :8.19ms cwnd: 213.9 lossRate: 0.0007885941744170036 CC:22 score:0.63 
1660937630.713088 -- INFO: Throughput @150.2s:954.85Mbps, rtt :9.04ms cwnd: 213.6 lossRate: 0.00014911463187325256 CC:22 score:0.62 
1660937631.715114 -- INFO: Throughput @151.2s:947.8Mbps, rtt :10.21ms cwnd: 195.9 lossRate: 0.0008826990976853668 CC:22 score:0.6 
1660937631.827301 -- INFO: score [0.63, 0.62, 0.6] ******
1660937631.831709 -- INFO: action array from actor 0.1552109271287918 and action is 19 ******
1660937631.834659 -- INFO: Changing concurrency to 19 ******
1660937631.836026 -- INFO: Process Status Bits from change concurrency are: 1 1 1 1 1 1 1 1 1 1 1 1 1 1 1 1 1 1 1 0 0 0 0 0 0 0 0 0 0 0 0 0
1660937631.846851 -- INFO: Active CC: 19
1660937632.728763 -- INFO: Throughput @152.2s:895.5Mbps, rtt :6.81ms cwnd: 204.2 lossRate: 0.00044371788883699207 CC:19 score:0.61 
1660937633.788577 -- INFO: Throughput @153.2s:890.0Mbps, rtt :6.08ms cwnd: 217.2 lossRate: 0.0 CC:19 score:0.61 
1660937634.721267 -- INFO: Throughput @154.2s:865.0Mbps, rtt :3.37ms cwnd: 223.4 lossRate: 0.0 CC:19 score:0.59 
1660937635.359240 -- INFO: score [0.61, 0.61, 0.59] ******
1660937635.360765 -- INFO: action array from actor 0.1552109271287918 and action is 19 ******
1660937635.362712 -- INFO: Changing concurrency to 19 ******
1660937635.374734 -- INFO: Process Status Bits from change concurrency are: 1 1 1 1 1 1 1 1 1 1 1 1 1 1 1 1 1 1 1 0 0 0 0 0 0 0 0 0 0 0 0 0
1660937635.375340 -- INFO: Active CC: 19
1660937635.705765 -- INFO: Throughput @155.2s:885.0Mbps, rtt :6.75ms cwnd: 230.8 lossRate: 0.0 CC:19 score:0.61 
1660937636.725025 -- INFO: Throughput @156.2s:895.0Mbps, rtt :4.84ms cwnd: 241.6 lossRate: 0.0 CC:19 score:0.61 
1660937637.736099 -- INFO: Throughput @157.2s:875.0Mbps, rtt :2.79ms cwnd: 251.2 lossRate: 0.0 CC:19 score:0.6 
1660937638.724731 -- INFO: Throughput @158.2s:880.0Mbps, rtt :5.5ms cwnd: 252.8 lossRate: 0.0 CC:19 score:0.6 
1660937638.895342 -- INFO: score [0.61, 0.6, 0.6] ******
1660937638.896900 -- INFO: action array from actor 0.5736811757087708 and action is 25 ******
1660937638.897189 -- INFO: Changing concurrency to 25 ******
1660937638.906770 -- INFO: Process Status Bits from change concurrency are: 1 1 1 1 1 1 1 1 1 1 1 1 1 1 1 1 1 1 1 1 1 1 1 1 1 0 0 0 0 0 0 0
1660937638.907239 -- INFO: Start Process :: 21
1660937638.907299 -- INFO: Active CC: 25
1660937638.909324 -- INFO: Start Process :: 24
1660937638.910371 -- INFO: Process 21 get item 27 from queue and executing
1660937638.910601 -- INFO: starting 21, 27, /home/hjamil/Documents/files_bash/FILE26
1660937638.910590 -- INFO: Start Process :: 19
1660937638.910725 -- INFO: Start Process :: 22
1660937638.911765 -- INFO: Start Process :: 20
1660937638.913499 -- INFO: Process 22 get item 19 from queue and executing
1660937638.913703 -- INFO: starting 22, 19, /home/hjamil/Documents/files_bash/FILE8
1660937638.914129 -- INFO: Process 19 get item 29 from queue and executing
1660937638.914178 -- INFO: Process 24 get item 31 from queue and executing
1660937638.914456 -- INFO: starting 24, 31, /home/hjamil/Documents/files_bash/FILE19
1660937638.914673 -- INFO: starting 19, 29, /home/hjamil/Documents/files_bash/FILE0
1660937638.914901 -- INFO: Process 20 get item 20 from queue and executing
1660937638.915128 -- INFO: starting 20, 20, /home/hjamil/Documents/files_bash/FILE15
1660937638.928953 -- INFO: Start Process :: 23
1660937638.934582 -- INFO: Process 23 get item 21 from queue and executing
1660937638.936121 -- INFO: starting 23, 21, /home/hjamil/Documents/files_bash/FILE21
1660937639.749554 -- INFO: Throughput @159.2s:1035.22Mbps, rtt :9.64ms cwnd: 188.2 lossRate: 0.0011501706902247728 CC:25 score:0.62 
1660937640.745507 -- INFO: Throughput @160.2s:965.58Mbps, rtt :8.55ms cwnd: 171.8 lossRate: 0.0011214077980973038 CC:25 score:0.58 
1660937641.728869 -- INFO: Throughput @161.2s:945.58Mbps, rtt :9.11ms cwnd: 162.5 lossRate: 0.0007777239462478007 CC:25 score:0.57 
1660937642.423273 -- INFO: score [0.62, 0.58, 0.57] ******
1660937642.424904 -- INFO: action array from actor 0.1552109271287918 and action is 19 ******
1660937642.425177 -- INFO: Changing concurrency to 19 ******
1660937642.425584 -- INFO: Process Status Bits from change concurrency are: 1 1 1 1 1 1 1 1 1 1 1 1 1 1 1 1 1 1 1 0 0 0 0 0 0 0 0 0 0 0 0 0
1660937642.426019 -- INFO: Active CC: 19
1660937642.710463 -- INFO: Throughput @162.2s:923.07Mbps, rtt :7.24ms cwnd: 196.1 lossRate: 0.00023574897449196096 CC:19 score:0.63 
1660937643.722153 -- INFO: Throughput @163.2s:900.0Mbps, rtt :6.89ms cwnd: 193.4 lossRate: 0.00024456156225925973 CC:19 score:0.62 
1660937644.741135 -- INFO: Throughput @164.2s:910.0Mbps, rtt :6.13ms cwnd: 199.7 lossRate: 0.0 CC:19 score:0.62 
1660937645.704832 -- INFO: Throughput @165.2s:890.0Mbps, rtt :6.35ms cwnd: 209.3 lossRate: 0.0 CC:19 score:0.61 
1660937645.943448 -- INFO: score [0.62, 0.62, 0.61] ******
1660937645.949068 -- INFO: action array from actor 0.1552109271287918 and action is 19 ******
1660937645.949431 -- INFO: Changing concurrency to 19 ******
1660937645.963136 -- INFO: Process Status Bits from change concurrency are: 1 1 1 1 1 1 1 1 1 1 1 1 1 1 1 1 1 1 1 0 0 0 0 0 0 0 0 0 0 0 0 0
1660937645.964151 -- INFO: Active CC: 19
1660937646.742046 -- INFO: Throughput @166.2s:875.0Mbps, rtt :5.28ms cwnd: 213.4 lossRate: 0.0 CC:19 score:0.6 
1660937647.772607 -- INFO: Throughput @167.2s:875.0Mbps, rtt :6.94ms cwnd: 232.5 lossRate: 0.0 CC:19 score:0.6 
1660937648.764997 -- INFO: Throughput @168.2s:895.0Mbps, rtt :4.89ms cwnd: 235.9 lossRate: 0.0 CC:19 score:0.61 
1660937649.394553 -- INFO: Process 9 finished on working on file 8 
1660937649.410709 -- INFO: Process 9 get item 18 from queue and executing
1660937649.411245 -- INFO: starting 9, 18, /home/hjamil/Documents/files_bash/FILE14
1660937649.471306 -- INFO: score [0.6, 0.6, 0.61] ******
1660937649.472789 -- INFO: action array from actor 0.2432321310043335 and action is 20 ******
1660937649.473052 -- INFO: Changing concurrency to 20 ******
1660937649.498615 -- INFO: Process Status Bits from change concurrency are: 1 1 1 1 1 1 1 1 1 1 1 1 1 1 1 1 1 1 1 1 0 0 0 0 0 0 0 0 0 0 0 0
1660937649.499060 -- INFO: Active CC: 20
1660937649.507267 -- INFO: Start Process :: 19
1660937649.508720 -- INFO: Process 19 get item 30 from queue and executing
1660937649.509623 -- INFO: starting 19, 30, /home/hjamil/Documents/files_bash/FILE16
1660937649.748877 -- INFO: Throughput @169.2s:890.0Mbps, rtt :4.73ms cwnd: 229.8 lossRate: 0.0 CC:20 score:0.6 
1660937650.326584 -- INFO: Process 15 finished on working on file 15 
1660937650.327427 -- INFO: Process 15 get item 24 from queue and executing
1660937650.328194 -- INFO: starting 15, 24, /home/hjamil/Documents/files_bash/FILE12
1660937650.514584 -- INFO: Process 11 finished on working on file 11 
1660937650.522974 -- INFO: Process 11 get item 22 from queue and executing
1660937650.523490 -- INFO: starting 11, 22, /home/hjamil/Documents/files_bash/FILE9
1660937650.562575 -- INFO: Process 10 finished on working on file 9 
1660937650.570782 -- INFO: Process 10 get item 25 from queue and executing
1660937650.571334 -- INFO: starting 10, 25, /home/hjamil/Documents/files_bash/FILE28
1660937650.779431 -- INFO: Throughput @170.2s:925.0Mbps, rtt :5.21ms cwnd: 234.8 lossRate: 0.0 CC:20 score:0.62 
1660937651.734077 -- INFO: Throughput @171.2s:930.0Mbps, rtt :7.47ms cwnd: 237.9 lossRate: 0.0 CC:20 score:0.63 
1660937652.768923 -- INFO: Throughput @172.2s:925.0Mbps, rtt :5.69ms cwnd: 240.6 lossRate: 0.0 CC:20 score:0.62 
1660937653.015280 -- INFO: score [0.62, 0.63, 0.62] ******
1660937653.016866 -- INFO: action array from actor 0.15575507283210754 and action is 19 ******
1660937653.017175 -- INFO: Changing concurrency to 19 ******
1660937653.026819 -- INFO: Process Status Bits from change concurrency are: 1 1 1 1 1 1 1 1 1 1 1 1 1 1 1 1 1 1 1 0 0 0 0 0 0 0 0 0 0 0 0 0
1660937653.027531 -- INFO: Active CC: 19
1660937653.744787 -- INFO: Throughput @173.2s:905.0Mbps, rtt :6.77ms cwnd: 255.0 lossRate: 0.0 CC:19 score:0.62 
1660937654.739599 -- INFO: Throughput @174.2s:885.0Mbps, rtt :5.56ms cwnd: 258.3 lossRate: 0.0 CC:19 score:0.61 
1660937655.743036 -- INFO: Throughput @175.2s:890.0Mbps, rtt :5.29ms cwnd: 260.5 lossRate: 0.0 CC:19 score:0.61 
1660937656.539207 -- INFO: score [0.62, 0.61, 0.61] ******
1660937656.540736 -- INFO: action array from actor 0.6202932596206665 and action is 26 ******
1660937656.541034 -- INFO: Changing concurrency to 26 ******
1660937656.550631 -- INFO: Process Status Bits from change concurrency are: 1 1 1 1 1 1 1 1 1 1 1 1 1 1 1 1 1 1 1 1 1 1 1 1 1 1 0 0 0 0 0 0
1660937656.550805 -- INFO: Start Process :: 23
1660937656.551240 -- INFO: Active CC: 26
1660937656.553056 -- INFO: Start Process :: 19
1660937656.553079 -- INFO: Process 23 get item 28 from queue and executing
1660937656.553267 -- INFO: starting 23, 28, /home/hjamil/Documents/files_bash/FILE18
1660937656.553331 -- INFO: Start Process :: 21
1660937656.555170 -- INFO: Start Process :: 24
1660937656.555461 -- INFO: Start Process :: 22
1660937656.555658 -- INFO: Start Process :: 20
1660937656.556106 -- INFO: Process 24 get item 26 from queue and executing
1660937656.556320 -- INFO: starting 24, 26, /home/hjamil/Documents/files_bash/FILE27
1660937656.558457 -- INFO: Process 22 get item 21 from queue and executing
1660937656.558719 -- INFO: starting 22, 21, /home/hjamil/Documents/files_bash/FILE21
1660937656.559247 -- INFO: Process 20 get item 31 from queue and executing
1660937656.559477 -- INFO: starting 20, 31, /home/hjamil/Documents/files_bash/FILE19
1660937656.559512 -- INFO: Process 21 get item 20 from queue and executing
1660937656.559756 -- INFO: starting 21, 20, /home/hjamil/Documents/files_bash/FILE15
1660937656.560304 -- INFO: Process 19 get item 19 from queue and executing
1660937656.560541 -- INFO: starting 19, 19, /home/hjamil/Documents/files_bash/FILE8
1660937656.575291 -- INFO: Start Process :: 25
1660937656.576435 -- INFO: Process 25 get item 29 from queue and executing
1660937656.576604 -- INFO: starting 25, 29, /home/hjamil/Documents/files_bash/FILE0
1660937656.741139 -- INFO: Throughput @176.2s:943.57Mbps, rtt :11.89ms cwnd: 213.6 lossRate: 0.0 CC:26 score:0.56 
1660937657.730609 -- INFO: Throughput @177.2s:1071.22Mbps, rtt :9.65ms cwnd: 172.6 lossRate: 0.0023112671182083356 CC:26 score:0.62 
1660937658.733135 -- INFO: Throughput @178.2s:961.86Mbps, rtt :10.87ms cwnd: 141.3 lossRate: 0.0019065537786139856 CC:26 score:0.56 
1660937659.737203 -- INFO: Throughput @179.2s:934.27Mbps, rtt :9.69ms cwnd: 125.8 lossRate: 0.0009645109434895512 CC:26 score:0.55 
1660937660.059268 -- INFO: score [0.62, 0.56, 0.55] ******
1660937660.060870 -- INFO: action array from actor 0.1552109271287918 and action is 19 ******
1660937660.061207 -- INFO: Changing concurrency to 19 ******
1660937660.075060 -- INFO: Process Status Bits from change concurrency are: 1 1 1 1 1 1 1 1 1 1 1 1 1 1 1 1 1 1 1 0 0 0 0 0 0 0 0 0 0 0 0 0
1660937660.075745 -- INFO: Active CC: 19
1660937660.734596 -- INFO: Throughput @180.2s:889.85Mbps, rtt :8.58ms cwnd: 144.4 lossRate: 0.0020047384727537817 CC:19 score:0.59 
1660937661.723333 -- INFO: Throughput @181.2s:895.0Mbps, rtt :6.78ms cwnd: 153.5 lossRate: 0.0 CC:19 score:0.61 
1660937662.736976 -- INFO: Throughput @182.2s:925.0Mbps, rtt :8.63ms cwnd: 156.5 lossRate: 0.0 CC:19 score:0.63 
1660937663.599161 -- INFO: score [0.59, 0.61, 0.63] ******
1660937663.600513 -- INFO: action array from actor 0.1552109271287918 and action is 19 ******
1660937663.600800 -- INFO: Changing concurrency to 19 ******
1660937663.618893 -- INFO: Process Status Bits from change concurrency are: 1 1 1 1 1 1 1 1 1 1 1 1 1 1 1 1 1 1 1 0 0 0 0 0 0 0 0 0 0 0 0 0
1660937663.619606 -- INFO: Active CC: 19
1660937663.761232 -- INFO: Throughput @183.2s:895.0Mbps, rtt :5.75ms cwnd: 162.8 lossRate: 0.0 CC:19 score:0.61 
1660937664.733585 -- INFO: Throughput @184.2s:895.0Mbps, rtt :6.76ms cwnd: 167.7 lossRate: 0.0 CC:19 score:0.61 
1660937665.622316 -- INFO: Process 3 finished on working on file 2 
1660937665.631649 -- INFO: Process 3 get item 27 from queue and executing
1660937665.631979 -- INFO: starting 3, 27, /home/hjamil/Documents/files_bash/FILE26
1660937665.745553 -- INFO: Process 5 finished on working on file 7 
1660937665.750762 -- INFO: Process 5 get item 30 from queue and executing
1660937665.755278 -- INFO: starting 5, 30, /home/hjamil/Documents/files_bash/FILE16
1660937665.756777 -- INFO: Throughput @185.2s:885.0Mbps, rtt :5.51ms cwnd: 170.6 lossRate: 0.0 CC:19 score:0.61 
1660937665.886557 -- INFO: Process 14 finished on working on file 12 
1660937665.887080 -- INFO: Process 14 get item 19 from queue and executing
1660937665.898743 -- INFO: starting 14, 19, /home/hjamil/Documents/files_bash/FILE8
1660937666.138560 -- INFO: Process 17 finished on working on file 16 
1660937666.142673 -- INFO: Process 17 get item 28 from queue and executing
1660937666.142964 -- INFO: starting 17, 28, /home/hjamil/Documents/files_bash/FILE18
1660937666.735652 -- INFO: Throughput @186.2s:885.0Mbps, rtt :4.18ms cwnd: 187.6 lossRate: 0.0 CC:19 score:0.61 
1660937667.129627 -- INFO: score [0.61, 0.61, 0.61] ******
1660937667.135849 -- INFO: action array from actor 0.1552109271287918 and action is 19 ******
1660937667.136818 -- INFO: Changing concurrency to 19 ******
1660937667.159443 -- INFO: Process Status Bits from change concurrency are: 1 1 1 1 1 1 1 1 1 1 1 1 1 1 1 1 1 1 1 0 0 0 0 0 0 0 0 0 0 0 0 0
1660937667.161639 -- INFO: Active CC: 19
1660937667.755639 -- INFO: Throughput @187.2s:860.0Mbps, rtt :4.32ms cwnd: 189.7 lossRate: 0.0 CC:19 score:0.59 
1660937668.753747 -- INFO: Throughput @188.2s:885.0Mbps, rtt :4.19ms cwnd: 203.8 lossRate: 0.0 CC:19 score:0.61 
1660937669.761129 -- INFO: Throughput @189.2s:870.0Mbps, rtt :3.88ms cwnd: 206.1 lossRate: 0.0 CC:19 score:0.6 
1660937670.063349 -- INFO: Process 12 finished on working on file 13 
1660937670.075362 -- INFO: Process 12 get item 21 from queue and executing
1660937670.076772 -- INFO: starting 12, 21, /home/hjamil/Documents/files_bash/FILE21
1660937670.130599 -- INFO: Process 1 finished on working on file 1 
1660937670.131451 -- INFO: Process 1 get item 20 from queue and executing
1660937670.132044 -- INFO: starting 1, 20, /home/hjamil/Documents/files_bash/FILE15
1660937670.672506 -- INFO: score [0.59, 0.61, 0.6] ******
1660937670.680622 -- INFO: action array from actor 0.1552109271287918 and action is 19 ******
1660937670.681121 -- INFO: Changing concurrency to 19 ******
1660937670.685975 -- INFO: Process Status Bits from change concurrency are: 1 1 1 1 1 1 1 1 1 1 1 1 1 1 1 1 1 1 1 0 0 0 0 0 0 0 0 0 0 0 0 0
1660937670.691216 -- INFO: Active CC: 19
1660937670.698605 -- INFO: Process 4 finished on working on file 6 
1660937670.712147 -- INFO: Process 4 get item 31 from queue and executing
1660937670.718752 -- INFO: starting 4, 31, /home/hjamil/Documents/files_bash/FILE19
1660937670.742837 -- INFO: Throughput @190.2s:875.0Mbps, rtt :2.73ms cwnd: 209.1 lossRate: 0.0 CC:19 score:0.6 
1660937670.828278 -- INFO: Process 2 finished on working on file 4 
1660937670.834727 -- INFO: Process 2 get item 29 from queue and executing
1660937670.835032 -- INFO: starting 2, 29, /home/hjamil/Documents/files_bash/FILE0
1660937671.744497 -- INFO: Throughput @191.2s:890.0Mbps, rtt :3.04ms cwnd: 211.2 lossRate: 0.0 CC:19 score:0.61 
1660937672.756815 -- INFO: Throughput @192.2s:870.0Mbps, rtt :3.02ms cwnd: 212.7 lossRate: 0.0 CC:19 score:0.6 
1660937673.773200 -- INFO: Throughput @193.2s:865.0Mbps, rtt :4.58ms cwnd: 215.5 lossRate: 0.0 CC:19 score:0.59 
1660937674.211301 -- INFO: score [0.61, 0.6, 0.59] ******
1660937674.212638 -- INFO: action array from actor 0.1552109569311142 and action is 19 ******
1660937674.212790 -- INFO: Changing concurrency to 19 ******
1660937674.223359 -- INFO: Process Status Bits from change concurrency are: 1 1 1 1 1 1 1 1 1 1 1 1 1 1 1 1 1 1 1 0 0 0 0 0 0 0 0 0 0 0 0 0
1660937674.224066 -- INFO: Active CC: 19
1660937674.757386 -- INFO: Throughput @194.2s:895.0Mbps, rtt :5.98ms cwnd: 218.0 lossRate: 0.0 CC:19 score:0.61 
1660937675.762361 -- INFO: Throughput @195.2s:875.0Mbps, rtt :4.32ms cwnd: 220.6 lossRate: 0.0 CC:19 score:0.6 
1660937676.741189 -- INFO: Throughput @196.2s:865.0Mbps, rtt :3.55ms cwnd: 222.8 lossRate: 0.0 CC:19 score:0.59 
1660937677.727489 -- INFO: score [0.61, 0.6, 0.59] ******
1660937677.729005 -- INFO: action array from actor 0.15521112084388733 and action is 19 ******
1660937677.729142 -- INFO: Changing concurrency to 19 ******
1660937677.742905 -- INFO: Process Status Bits from change concurrency are: 1 1 1 1 1 1 1 1 1 1 1 1 1 1 1 1 1 1 1 0 0 0 0 0 0 0 0 0 0 0 0 0
1660937677.743630 -- INFO: Active CC: 19
1660937677.750238 -- INFO: Throughput @197.2s:880.0Mbps, rtt :4.75ms cwnd: 224.4 lossRate: 0.0 CC:19 score:0.6 
1660937678.773211 -- INFO: Throughput @198.2s:890.0Mbps, rtt :4.99ms cwnd: 226.0 lossRate: 0.0 CC:19 score:0.61 
1660937679.804822 -- INFO: Throughput @199.2s:880.0Mbps, rtt :4.03ms cwnd: 228.1 lossRate: 0.0 CC:19 score:0.6 
1660937680.239199 -- INFO: Process 6 finished on working on file 5 
1660937680.244306 -- INFO: Process 6 get item 26 from queue and executing
1660937680.244675 -- INFO: starting 6, 26, /home/hjamil/Documents/files_bash/FILE27
1660937680.708437 -- INFO: episode expires
1660937680.708459 -- INFO: Process 24 shutdown itself from outest loop
1660937680.708713 -- INFO: Process 21 shutdown itself from outest loop
1660937680.708671 -- INFO: Process 29 shutdown itself from outest loop
1660937680.709477 -- INFO: Process 28 shutdown itself from outest loop
1660937680.710249 -- INFO: Process 26 shutdown itself from outest loop
1660937680.710933 -- INFO: Process 19 shutdown itself from outest loop
1660937680.710825 -- INFO: Process 31 shutdown itself from outest loop
1660937680.711246 -- INFO: Process 25 shutdown itself from outest loop
1660937680.711622 -- INFO: Process 20 shutdown itself from outest loop
1660937680.711770 -- INFO: Process 30 shutdown itself from outest loop
1660937680.712389 -- INFO: Process 22 shutdown itself from outest loop
1660937680.712795 -- INFO: Process 27 shutdown itself from outest loop
1660937680.713287 -- INFO: Process 23 shutdown itself from outest loop
1660937680.782476 -- INFO: Process 13 finished on working on file 14 
1660937680.798552 -- INFO: Process 0 finished on working on file 0 
1660937680.798627 -- INFO: Process 13 shutdown itself from outest loop
1660937680.798915 -- INFO: Process 0 shutdown itself from outest loop
1660937681.038634 -- INFO: Process 7 finished on working on file 3 
1660937681.046747 -- INFO: Process 7 shutdown itself from outest loop
1660937681.054798 -- INFO: Process 8 finished on working on file 10 
1660937681.094651 -- INFO: Process 8 shutdown itself from outest loop
1660937681.247318 -- INFO: score [0.6, 0.61, 0.6] ******
1660937681.248837 -- INFO: action array from actor 0.15541863441467285 and action is 19 ******
1660937681.249061 -- INFO: Changing concurrency to 19 ******
1660937681.249298 -- INFO: Process Status Bits from change concurrency are: 1 1 1 1 1 1 1 1 1 1 1 1 1 1 1 1 1 1 1 0 0 0 0 0 0 0 0 0 0 0 0 0
1660937681.249552 -- INFO: Active CC: 19
1660937681.630552 -- INFO: Process 16 finished on working on file 17 
1660937681.630924 -- INFO: Process 16 shutdown itself from outest loop
1660937684.759452 -- INFO: score [0.6, 0.61, 0.6] ******
1660937684.761035 -- INFO: action array from actor 0.15541863441467285 and action is 19 ******
1660937684.761307 -- INFO: Changing concurrency to 19 ******
1660937684.761600 -- INFO: Process Status Bits from change concurrency are: 1 1 1 1 1 1 1 1 1 1 1 1 1 1 1 1 1 1 1 0 0 0 0 0 0 0 0 0 0 0 0 0
1660937684.761888 -- INFO: Active CC: 19
1660937688.262839 -- INFO: score [0.6, 0.61, 0.6] ******
1660937688.264170 -- INFO: action array from actor 0.15541863441467285 and action is 19 ******
1660937688.264302 -- INFO: Changing concurrency to 19 ******
1660937688.264497 -- INFO: Process Status Bits from change concurrency are: 1 1 1 1 1 1 1 1 1 1 1 1 1 1 1 1 1 1 1 0 0 0 0 0 0 0 0 0 0 0 0 0
1660937688.264687 -- INFO: Active CC: 19
1660937691.767369 -- INFO: score [0.6, 0.61, 0.6] ******
1660937691.768868 -- INFO: action array from actor 0.15541863441467285 and action is 19 ******
1660937691.769027 -- INFO: Changing concurrency to 19 ******
1660937691.769281 -- INFO: Process Status Bits from change concurrency are: 1 1 1 1 1 1 1 1 1 1 1 1 1 1 1 1 1 1 1 0 0 0 0 0 0 0 0 0 0 0 0 0
1660937691.769515 -- INFO: Active CC: 19
1660937695.273970 -- INFO: score [0.6, 0.61, 0.6] ******
1660937695.275541 -- INFO: action array from actor 0.15541863441467285 and action is 19 ******
1660937695.275714 -- INFO: Changing concurrency to 19 ******
1660937695.275951 -- INFO: Process Status Bits from change concurrency are: 1 1 1 1 1 1 1 1 1 1 1 1 1 1 1 1 1 1 1 0 0 0 0 0 0 0 0 0 0 0 0 0
1660937695.276167 -- INFO: Active CC: 19
1660937698.777041 -- INFO: score [0.6, 0.61, 0.6] ******
1660937698.778402 -- INFO: action array from actor 0.15541863441467285 and action is 19 ******
1660937698.778613 -- INFO: Changing concurrency to 19 ******
1660937698.778868 -- INFO: Process Status Bits from change concurrency are: 1 1 1 1 1 1 1 1 1 1 1 1 1 1 1 1 1 1 1 0 0 0 0 0 0 0 0 0 0 0 0 0
1660937698.779136 -- INFO: Active CC: 19
1660937702.280166 -- INFO: score [0.6, 0.61, 0.6] ******
1660937702.281815 -- INFO: action array from actor 0.15541863441467285 and action is 19 ******
1660937702.282058 -- INFO: Changing concurrency to 19 ******
1660937702.282341 -- INFO: Process Status Bits from change concurrency are: 1 1 1 1 1 1 1 1 1 1 1 1 1 1 1 1 1 1 1 0 0 0 0 0 0 0 0 0 0 0 0 0
1660937702.282702 -- INFO: Active CC: 19
1660937705.799326 -- INFO: score [0.6, 0.61, 0.6] ******
1660937705.800653 -- INFO: action array from actor 0.15541863441467285 and action is 19 ******
1660937705.800767 -- INFO: Changing concurrency to 19 ******
1660937705.800958 -- INFO: Process Status Bits from change concurrency are: 1 1 1 1 1 1 1 1 1 1 1 1 1 1 1 1 1 1 1 0 0 0 0 0 0 0 0 0 0 0 0 0
1660937705.801142 -- INFO: Active CC: 19
1660937709.307088 -- INFO: score [0.6, 0.61, 0.6] ******
1660937709.308938 -- INFO: action array from actor 0.15541863441467285 and action is 19 ******
1660937709.309088 -- INFO: Changing concurrency to 19 ******
1660937709.309436 -- INFO: Process Status Bits from change concurrency are: 1 1 1 1 1 1 1 1 1 1 1 1 1 1 1 1 1 1 1 0 0 0 0 0 0 0 0 0 0 0 0 0
1660937709.309677 -- INFO: Active CC: 19
1660937712.810524 -- INFO: score [0.6, 0.61, 0.6] ******
1660937712.811894 -- INFO: action array from actor 0.15541863441467285 and action is 19 ******
1660937712.812076 -- INFO: Changing concurrency to 19 ******
1660937712.812307 -- INFO: Process Status Bits from change concurrency are: 1 1 1 1 1 1 1 1 1 1 1 1 1 1 1 1 1 1 1 0 0 0 0 0 0 0 0 0 0 0 0 0
1660937712.812553 -- INFO: Active CC: 19
1660937716.327250 -- INFO: score [0.6, 0.61, 0.6] ******
1660937716.328904 -- INFO: action array from actor 0.15541863441467285 and action is 19 ******
1660937716.329203 -- INFO: Changing concurrency to 19 ******
1660937716.329553 -- INFO: Process Status Bits from change concurrency are: 1 1 1 1 1 1 1 1 1 1 1 1 1 1 1 1 1 1 1 0 0 0 0 0 0 0 0 0 0 0 0 0
1660937716.329911 -- INFO: Active CC: 19
1660937719.834430 -- INFO: score [0.6, 0.61, 0.6] ******
1660937719.836014 -- INFO: action array from actor 0.15541863441467285 and action is 19 ******
1660937719.836303 -- INFO: Changing concurrency to 19 ******
1660937719.836656 -- INFO: Process Status Bits from change concurrency are: 1 1 1 1 1 1 1 1 1 1 1 1 1 1 1 1 1 1 1 0 0 0 0 0 0 0 0 0 0 0 0 0
1660937719.837013 -- INFO: Active CC: 19
1660937723.341198 -- INFO: score [0.6, 0.61, 0.6] ******
1660937723.343086 -- INFO: action array from actor 0.15541863441467285 and action is 19 ******
1660937723.343471 -- INFO: Changing concurrency to 19 ******
1660937723.343844 -- INFO: Process Status Bits from change concurrency are: 1 1 1 1 1 1 1 1 1 1 1 1 1 1 1 1 1 1 1 0 0 0 0 0 0 0 0 0 0 0 0 0
1660937723.358951 -- INFO: Active CC: 19
1660937726.871410 -- INFO: score [0.6, 0.61, 0.6] ******
1660937726.873000 -- INFO: action array from actor 0.15541863441467285 and action is 19 ******
1660937726.873296 -- INFO: Changing concurrency to 19 ******
1660937726.873642 -- INFO: Process Status Bits from change concurrency are: 1 1 1 1 1 1 1 1 1 1 1 1 1 1 1 1 1 1 1 0 0 0 0 0 0 0 0 0 0 0 0 0
1660937726.874003 -- INFO: Active CC: 19
1660937730.387521 -- INFO: score [0.6, 0.61, 0.6] ******
1660937730.389369 -- INFO: action array from actor 0.15541863441467285 and action is 19 ******
1660937730.389620 -- INFO: Changing concurrency to 19 ******
1660937730.389991 -- INFO: Process Status Bits from change concurrency are: 1 1 1 1 1 1 1 1 1 1 1 1 1 1 1 1 1 1 1 0 0 0 0 0 0 0 0 0 0 0 0 0
1660937730.390364 -- INFO: Active CC: 19
1660937733.891492 -- INFO: score [0.6, 0.61, 0.6] ******
1660937733.893250 -- INFO: action array from actor 0.15541863441467285 and action is 19 ******
1660937733.893440 -- INFO: Changing concurrency to 19 ******
1660937733.893681 -- INFO: Process Status Bits from change concurrency are: 1 1 1 1 1 1 1 1 1 1 1 1 1 1 1 1 1 1 1 0 0 0 0 0 0 0 0 0 0 0 0 0
1660937733.893942 -- INFO: Active CC: 19
1660937737.398445 -- INFO: score [0.6, 0.61, 0.6] ******
1660937737.399998 -- INFO: action array from actor 0.15541863441467285 and action is 19 ******
1660937737.400158 -- INFO: Changing concurrency to 19 ******
1660937737.400416 -- INFO: Process Status Bits from change concurrency are: 1 1 1 1 1 1 1 1 1 1 1 1 1 1 1 1 1 1 1 0 0 0 0 0 0 0 0 0 0 0 0 0
1660937737.400693 -- INFO: Active CC: 19
1660937738.178550 -- INFO: Process 1 finished on working on file 20 
1660937738.194809 -- INFO: Process 1 shutdown itself from outest loop
1660937740.915420 -- INFO: score [0.6, 0.61, 0.6] ******
1660937740.917089 -- INFO: action array from actor 0.15541863441467285 and action is 19 ******
1660937740.917430 -- INFO: Changing concurrency to 19 ******
1660937740.917817 -- INFO: Process Status Bits from change concurrency are: 1 1 1 1 1 1 1 1 1 1 1 1 1 1 1 1 1 1 1 0 0 0 0 0 0 0 0 0 0 0 0 0
1660937740.918254 -- INFO: Active CC: 19
1660937744.435210 -- INFO: score [0.6, 0.61, 0.6] ******
1660937744.436851 -- INFO: action array from actor 0.15541863441467285 and action is 19 ******
1660937744.437174 -- INFO: Changing concurrency to 19 ******
1660937744.437526 -- INFO: Process Status Bits from change concurrency are: 1 1 1 1 1 1 1 1 1 1 1 1 1 1 1 1 1 1 1 0 0 0 0 0 0 0 0 0 0 0 0 0
1660937744.437877 -- INFO: Active CC: 19
1660937747.943296 -- INFO: score [0.6, 0.61, 0.6] ******
1660937747.944747 -- INFO: action array from actor 0.15541863441467285 and action is 19 ******
1660937747.944973 -- INFO: Changing concurrency to 19 ******
1660937747.945258 -- INFO: Process Status Bits from change concurrency are: 1 1 1 1 1 1 1 1 1 1 1 1 1 1 1 1 1 1 1 0 0 0 0 0 0 0 0 0 0 0 0 0
1660937747.945554 -- INFO: Active CC: 19
1660937751.459359 -- INFO: score [0.6, 0.61, 0.6] ******
1660937751.461071 -- INFO: action array from actor 0.15541863441467285 and action is 19 ******
1660937751.461369 -- INFO: Changing concurrency to 19 ******
1660937751.461734 -- INFO: Process Status Bits from change concurrency are: 1 1 1 1 1 1 1 1 1 1 1 1 1 1 1 1 1 1 1 0 0 0 0 0 0 0 0 0 0 0 0 0
1660937751.462118 -- INFO: Active CC: 19
1660937754.963217 -- INFO: score [0.6, 0.61, 0.6] ******
1660937754.964861 -- INFO: action array from actor 0.15541863441467285 and action is 19 ******
1660937754.965186 -- INFO: Changing concurrency to 19 ******
1660937754.965563 -- INFO: Process Status Bits from change concurrency are: 1 1 1 1 1 1 1 1 1 1 1 1 1 1 1 1 1 1 1 0 0 0 0 0 0 0 0 0 0 0 0 0
1660937754.965958 -- INFO: Active CC: 19
1660937758.471412 -- INFO: score [0.6, 0.61, 0.6] ******
1660937758.472916 -- INFO: action array from actor 0.15541863441467285 and action is 19 ******
1660937758.473033 -- INFO: Changing concurrency to 19 ******
1660937758.473454 -- INFO: Process Status Bits from change concurrency are: 1 1 1 1 1 1 1 1 1 1 1 1 1 1 1 1 1 1 1 0 0 0 0 0 0 0 0 0 0 0 0 0
1660937758.473807 -- INFO: Active CC: 19
1660937761.974972 -- INFO: score [0.6, 0.61, 0.6] ******
1660937761.976512 -- INFO: action array from actor 0.15541863441467285 and action is 19 ******
1660937761.976801 -- INFO: Changing concurrency to 19 ******
1660937761.977121 -- INFO: Process Status Bits from change concurrency are: 1 1 1 1 1 1 1 1 1 1 1 1 1 1 1 1 1 1 1 0 0 0 0 0 0 0 0 0 0 0 0 0
1660937761.977460 -- INFO: Active CC: 19
1660937765.487294 -- INFO: score [0.6, 0.61, 0.6] ******
1660937765.488720 -- INFO: action array from actor 0.15541863441467285 and action is 19 ******
1660937765.488962 -- INFO: Changing concurrency to 19 ******
1660937765.489242 -- INFO: Process Status Bits from change concurrency are: 1 1 1 1 1 1 1 1 1 1 1 1 1 1 1 1 1 1 1 0 0 0 0 0 0 0 0 0 0 0 0 0
1660937765.489543 -- INFO: Active CC: 19
1660937768.994001 -- INFO: score [0.6, 0.61, 0.6] ******
1660937768.995687 -- INFO: action array from actor 0.15541863441467285 and action is 19 ******
1660937768.996014 -- INFO: Changing concurrency to 19 ******
1660937768.996317 -- INFO: Process Status Bits from change concurrency are: 1 1 1 1 1 1 1 1 1 1 1 1 1 1 1 1 1 1 1 0 0 0 0 0 0 0 0 0 0 0 0 0
1660937768.996648 -- INFO: Active CC: 19
1660937770.530556 -- INFO: Process 18 finished on working on file 23 
1660937770.531084 -- INFO: Process 18 shutdown itself from outest loop
1660937772.499442 -- INFO: score [0.6, 0.61, 0.6] ******
1660937772.500823 -- INFO: action array from actor 0.15541863441467285 and action is 19 ******
1660937772.500923 -- INFO: Changing concurrency to 19 ******
1660937772.501097 -- INFO: Process Status Bits from change concurrency are: 1 1 1 1 1 1 1 1 1 1 1 1 1 1 1 1 1 1 1 0 0 0 0 0 0 0 0 0 0 0 0 0
1660937772.501264 -- INFO: Active CC: 19
1660937776.026956 -- INFO: score [0.6, 0.61, 0.6] ******
1660937776.028358 -- INFO: action array from actor 0.15541863441467285 and action is 19 ******
1660937776.028470 -- INFO: Changing concurrency to 19 ******
1660937776.028690 -- INFO: Process Status Bits from change concurrency are: 1 1 1 1 1 1 1 1 1 1 1 1 1 1 1 1 1 1 1 0 0 0 0 0 0 0 0 0 0 0 0 0
1660937776.028886 -- INFO: Active CC: 19
1660937779.532827 -- INFO: score [0.6, 0.61, 0.6] ******
1660937779.534178 -- INFO: action array from actor 0.15541863441467285 and action is 19 ******
1660937779.534324 -- INFO: Changing concurrency to 19 ******
1660937779.534540 -- INFO: Process Status Bits from change concurrency are: 1 1 1 1 1 1 1 1 1 1 1 1 1 1 1 1 1 1 1 0 0 0 0 0 0 0 0 0 0 0 0 0
1660937779.534847 -- INFO: Active CC: 19
1660937783.051360 -- INFO: score [0.6, 0.61, 0.6] ******
1660937783.052898 -- INFO: action array from actor 0.15541863441467285 and action is 19 ******
1660937783.053179 -- INFO: Changing concurrency to 19 ******
1660937783.053499 -- INFO: Process Status Bits from change concurrency are: 1 1 1 1 1 1 1 1 1 1 1 1 1 1 1 1 1 1 1 0 0 0 0 0 0 0 0 0 0 0 0 0
1660937783.053846 -- INFO: Active CC: 19
1660937786.563310 -- INFO: score [0.6, 0.61, 0.6] ******
1660937786.564587 -- INFO: action array from actor 0.15541863441467285 and action is 19 ******
1660937786.564699 -- INFO: Changing concurrency to 19 ******
1660937786.564935 -- INFO: Process Status Bits from change concurrency are: 1 1 1 1 1 1 1 1 1 1 1 1 1 1 1 1 1 1 1 0 0 0 0 0 0 0 0 0 0 0 0 0
1660937786.565174 -- INFO: Active CC: 19
1660937790.083343 -- INFO: score [0.6, 0.61, 0.6] ******
1660937790.084951 -- INFO: action array from actor 0.15541863441467285 and action is 19 ******
1660937790.085119 -- INFO: Changing concurrency to 19 ******
1660937790.085329 -- INFO: Process Status Bits from change concurrency are: 1 1 1 1 1 1 1 1 1 1 1 1 1 1 1 1 1 1 1 0 0 0 0 0 0 0 0 0 0 0 0 0
1660937790.085541 -- INFO: Active CC: 19
1660937793.586508 -- INFO: score [0.6, 0.61, 0.6] ******
1660937793.587953 -- INFO: action array from actor 0.15541863441467285 and action is 19 ******
1660937793.588178 -- INFO: Changing concurrency to 19 ******
1660937793.588437 -- INFO: Process Status Bits from change concurrency are: 1 1 1 1 1 1 1 1 1 1 1 1 1 1 1 1 1 1 1 0 0 0 0 0 0 0 0 0 0 0 0 0
1660937793.588715 -- INFO: Active CC: 19
1660937797.089675 -- INFO: score [0.6, 0.61, 0.6] ******
1660937797.091233 -- INFO: action array from actor 0.15541863441467285 and action is 19 ******
1660937797.091516 -- INFO: Changing concurrency to 19 ******
1660937797.091834 -- INFO: Process Status Bits from change concurrency are: 1 1 1 1 1 1 1 1 1 1 1 1 1 1 1 1 1 1 1 0 0 0 0 0 0 0 0 0 0 0 0 0
1660937797.092165 -- INFO: Active CC: 19
1660937800.599314 -- INFO: score [0.6, 0.61, 0.6] ******
1660937800.600630 -- INFO: action array from actor 0.15541863441467285 and action is 19 ******
1660937800.600738 -- INFO: Changing concurrency to 19 ******
1660937800.600951 -- INFO: Process Status Bits from change concurrency are: 1 1 1 1 1 1 1 1 1 1 1 1 1 1 1 1 1 1 1 0 0 0 0 0 0 0 0 0 0 0 0 0
1660937800.601159 -- INFO: Active CC: 19
1660937804.105365 -- INFO: score [0.6, 0.61, 0.6] ******
1660937804.106915 -- INFO: action array from actor 0.15541863441467285 and action is 19 ******
1660937804.107199 -- INFO: Changing concurrency to 19 ******
1660937804.107518 -- INFO: Process Status Bits from change concurrency are: 1 1 1 1 1 1 1 1 1 1 1 1 1 1 1 1 1 1 1 0 0 0 0 0 0 0 0 0 0 0 0 0
1660937804.107862 -- INFO: Active CC: 19
1660937807.178542 -- INFO: Process 9 finished on working on file 18 
1660937807.179161 -- INFO: Process 9 shutdown itself from outest loop
1660937807.238545 -- INFO: Process 11 finished on working on file 22 
1660937807.254639 -- INFO: Process 11 shutdown itself from outest loop
1660937807.418547 -- INFO: Process 10 finished on working on file 25 
1660937807.419129 -- INFO: Process 10 shutdown itself from outest loop
1660937807.623162 -- INFO: score [0.6, 0.61, 0.6] ******
1660937807.624443 -- INFO: action array from actor 0.15541863441467285 and action is 19 ******
1660937807.624547 -- INFO: Changing concurrency to 19 ******
1660937807.624709 -- INFO: Process Status Bits from change concurrency are: 1 1 1 1 1 1 1 1 1 1 1 1 1 1 1 1 1 1 1 0 0 0 0 0 0 0 0 0 0 0 0 0
1660937807.624873 -- INFO: Active CC: 19
1660937807.718539 -- INFO: Process 15 finished on working on file 24 
1660937807.719125 -- INFO: Process 15 shutdown itself from outest loop
1660937811.139170 -- INFO: score [0.6, 0.61, 0.6] ******
1660937811.140537 -- INFO: action array from actor 0.15541863441467285 and action is 19 ******
1660937811.140641 -- INFO: Changing concurrency to 19 ******
1660937811.140816 -- INFO: Process Status Bits from change concurrency are: 1 1 1 1 1 1 1 1 1 1 1 1 1 1 1 1 1 1 1 0 0 0 0 0 0 0 0 0 0 0 0 0
1660937811.140991 -- INFO: Active CC: 19
1660937814.641961 -- INFO: score [0.6, 0.61, 0.6] ******
1660937814.643494 -- INFO: action array from actor 0.15541863441467285 and action is 19 ******
1660937814.643634 -- INFO: Changing concurrency to 19 ******
1660937814.643844 -- INFO: Process Status Bits from change concurrency are: 1 1 1 1 1 1 1 1 1 1 1 1 1 1 1 1 1 1 1 0 0 0 0 0 0 0 0 0 0 0 0 0
1660937814.644048 -- INFO: Active CC: 19
1660937818.144912 -- INFO: score [0.6, 0.61, 0.6] ******
1660937818.146502 -- INFO: action array from actor 0.15541863441467285 and action is 19 ******
1660937818.146793 -- INFO: Changing concurrency to 19 ******
1660937818.147126 -- INFO: Process Status Bits from change concurrency are: 1 1 1 1 1 1 1 1 1 1 1 1 1 1 1 1 1 1 1 0 0 0 0 0 0 0 0 0 0 0 0 0
1660937818.147510 -- INFO: Active CC: 19
1660937819.610548 -- INFO: Process 14 finished on working on file 19 
1660937819.611091 -- INFO: Process 14 shutdown itself from outest loop
1660937821.550550 -- INFO: Process 17 finished on working on file 28 
1660937821.551063 -- INFO: Process 17 shutdown itself from outest loop
1660937821.648578 -- INFO: score [0.6, 0.61, 0.6] ******
1660937821.649968 -- INFO: action array from actor 0.15541863441467285 and action is 19 ******
1660937821.650074 -- INFO: Changing concurrency to 19 ******
1660937821.650253 -- INFO: Process Status Bits from change concurrency are: 1 1 1 1 1 1 1 1 1 1 1 1 1 1 1 1 1 1 1 0 0 0 0 0 0 0 0 0 0 0 0 0
1660937821.650425 -- INFO: Active CC: 19
1660937822.442549 -- INFO: Process 5 finished on working on file 30 
1660937822.442918 -- INFO: Process 5 shutdown itself from outest loop
1660937823.014552 -- INFO: Process 12 finished on working on file 21 
1660937823.014918 -- INFO: Process 12 shutdown itself from outest loop
1660937824.930541 -- INFO: Process 2 finished on working on file 29 
1660937824.930859 -- INFO: Process 2 shutdown itself from outest loop
1660937825.046590 -- INFO: Process 3 finished on working on file 27 
1660937825.047040 -- INFO: Process 3 shutdown itself from outest loop
1660937825.151228 -- INFO: score [0.6, 0.61, 0.6] ******
1660937825.152342 -- INFO: action array from actor 0.15541863441467285 and action is 19 ******
1660937825.152460 -- INFO: Changing concurrency to 19 ******
1660937825.152658 -- INFO: Process Status Bits from change concurrency are: 1 1 1 1 1 1 1 1 1 1 1 1 1 1 1 1 1 1 1 0 0 0 0 0 0 0 0 0 0 0 0 0
1660937825.152911 -- INFO: Active CC: 19
1660937826.223603 -- INFO: Process 4 finished on working on file 31 
1660937826.224136 -- INFO: Process 4 shutdown itself from outest loop
1660937828.653877 -- INFO: score [0.6, 0.61, 0.6] ******
1660937828.654947 -- INFO: action array from actor 0.15541863441467285 and action is 19 ******
1660937828.655056 -- INFO: Changing concurrency to 19 ******
1660937828.655215 -- INFO: Process Status Bits from change concurrency are: 1 1 1 1 1 1 1 1 1 1 1 1 1 1 1 1 1 1 1 0 0 0 0 0 0 0 0 0 0 0 0 0
1660937828.655367 -- INFO: Active CC: 19
1660937832.156190 -- INFO: score [0.6, 0.61, 0.6] ******
1660937832.157304 -- INFO: action array from actor 0.15541863441467285 and action is 19 ******
1660937832.157413 -- INFO: Changing concurrency to 19 ******
1660937832.157573 -- INFO: Process Status Bits from change concurrency are: 1 1 1 1 1 1 1 1 1 1 1 1 1 1 1 1 1 1 1 0 0 0 0 0 0 0 0 0 0 0 0 0
1660937832.157724 -- INFO: Active CC: 19
1660937833.334626 -- INFO: Process 6 finished on working on file 26 
1660937833.335193 -- INFO: Process 6 shutdown itself from outest loop
1660937835.658451 -- INFO: score [0.6, 0.61, 0.6] ******
1660937835.659630 -- INFO: action array from actor 0.15541863441467285 and action is 19 ******
1660937835.659737 -- INFO: Changing concurrency to 19 ******
1660937835.659963 -- INFO: Process Status Bits from change concurrency are: 1 1 1 1 1 1 1 1 1 1 1 1 1 1 1 1 1 1 1 0 0 0 0 0 0 0 0 0 0 0 0 0
1660937835.660169 -- INFO: Active CC: 19
1660937839.160938 -- INFO: score [0.6, 0.61, 0.6] ******
1660937839.162138 -- INFO: action array from actor 0.15541863441467285 and action is 19 ******
1660937839.162245 -- INFO: Changing concurrency to 19 ******
1660937839.162485 -- INFO: Process Status Bits from change concurrency are: 1 1 1 1 1 1 1 1 1 1 1 1 1 1 1 1 1 1 1 0 0 0 0 0 0 0 0 0 0 0 0 0
1660937839.162632 -- INFO: Active CC: 19
1660937842.663317 -- INFO: score [0.6, 0.61, 0.6] ******
1660937842.664490 -- INFO: action array from actor 0.15541863441467285 and action is 19 ******
1660937842.664611 -- INFO: Changing concurrency to 19 ******
1660937842.665152 -- INFO: Process Status Bits from change concurrency are: 1 1 1 1 1 1 1 1 1 1 1 1 1 1 1 1 1 1 1 0 0 0 0 0 0 0 0 0 0 0 0 0
1660937842.665514 -- INFO: Active CC: 19
1660937846.166727 -- INFO: score [0.6, 0.61, 0.6] ******
1660937846.167928 -- INFO: action array from actor 0.15541863441467285 and action is 19 ******
1660937846.168036 -- INFO: Changing concurrency to 19 ******
1660937846.168202 -- INFO: Process Status Bits from change concurrency are: 1 1 1 1 1 1 1 1 1 1 1 1 1 1 1 1 1 1 1 0 0 0 0 0 0 0 0 0 0 0 0 0
1660937846.168385 -- INFO: Active CC: 19
1660937849.669196 -- INFO: score [0.6, 0.61, 0.6] ******
1660937849.670332 -- INFO: action array from actor 0.15541863441467285 and action is 19 ******
1660937849.670460 -- INFO: Changing concurrency to 19 ******
1660937849.670734 -- INFO: Process Status Bits from change concurrency are: 1 1 1 1 1 1 1 1 1 1 1 1 1 1 1 1 1 1 1 0 0 0 0 0 0 0 0 0 0 0 0 0
1660937849.671109 -- INFO: Active CC: 19
1660937853.171783 -- INFO: score [0.6, 0.61, 0.6] ******
1660937853.173073 -- INFO: action array from actor 0.15541863441467285 and action is 19 ******
1660937853.173181 -- INFO: Changing concurrency to 19 ******
1660937853.173462 -- INFO: Process Status Bits from change concurrency are: 1 1 1 1 1 1 1 1 1 1 1 1 1 1 1 1 1 1 1 0 0 0 0 0 0 0 0 0 0 0 0 0
1660937853.173620 -- INFO: Active CC: 19
1660937856.674307 -- INFO: score [0.6, 0.61, 0.6] ******
1660937856.675428 -- INFO: action array from actor 0.15541863441467285 and action is 19 ******
1660937856.675550 -- INFO: Changing concurrency to 19 ******
1660937856.675898 -- INFO: Process Status Bits from change concurrency are: 1 1 1 1 1 1 1 1 1 1 1 1 1 1 1 1 1 1 1 0 0 0 0 0 0 0 0 0 0 0 0 0
1660937856.676113 -- INFO: Active CC: 19
