1660802382.579033 -- INFO: action array from actor 0.21985897421836853 and action is 20 ******
1660802382.579953 -- INFO: Changing concurrency to 20 ******
1660802382.584892 -- INFO: Process Status Bits from change concurrency are: 1 1 1 1 1 1 1 1 1 1 1 1 1 1 1 1 1 1 1 1 0 0 0 0 0 0 0 0 0 0 0 0
1660802382.585807 -- INFO: Active CC: 20
1660802382.598860 -- INFO: Start Process :: 0
1660802382.600572 -- INFO: Process 0 get item 0 from queue and executing
1660802382.600887 -- INFO: starting 0, 0, /home/hjamil/Documents/files_bash/FILE25
1660802382.601416 -- INFO: Start Process :: 3
1660802382.604626 -- INFO: Process 3 get item 1 from queue and executing
1660802382.604973 -- INFO: starting 3, 1, /home/hjamil/Documents/files_bash/FILE1
1660802382.631211 -- INFO: Start Process :: 9
1660802382.632325 -- INFO: Process 9 get item 2 from queue and executing
1660802382.632552 -- INFO: starting 9, 2, /home/hjamil/Documents/files_bash/FILE4
1660802382.632365 -- INFO: Start Process :: 8
1660802382.634279 -- INFO: Process 8 get item 3 from queue and executing
1660802382.634854 -- INFO: starting 8, 3, /home/hjamil/Documents/files_bash/FILE13
1660802382.675099 -- INFO: Start Process :: 10
1660802382.676655 -- INFO: Process 10 get item 4 from queue and executing
1660802382.677175 -- INFO: starting 10, 4, /home/hjamil/Documents/files_bash/FILE3
1660802382.692745 -- INFO: Start Process :: 2
1660802382.694267 -- INFO: Process 2 get item 5 from queue and executing
1660802382.694496 -- INFO: starting 2, 5, /home/hjamil/Documents/files_bash/FILE24
1660802382.703707 -- INFO: Start Process :: 11
1660802382.710820 -- INFO: Process 11 get item 6 from queue and executing
1660802382.711101 -- INFO: starting 11, 6, /home/hjamil/Documents/files_bash/FILE2
1660802382.711609 -- INFO: Start Process :: 6
1660802382.715781 -- INFO: Start Process :: 4
1660802382.721250 -- INFO: Process 4 get item 7 from queue and executing
1660802382.721545 -- INFO: starting 4, 7, /home/hjamil/Documents/files_bash/FILE20
1660802382.721654 -- INFO: Process 6 get item 8 from queue and executing
1660802382.721944 -- INFO: starting 6, 8, /home/hjamil/Documents/files_bash/FILE29
1660802382.733719 -- INFO: Start Process :: 19
1660802382.734996 -- INFO: Process 19 get item 9 from queue and executing
1660802382.735255 -- INFO: starting 19, 9, /home/hjamil/Documents/files_bash/FILE7
1660802382.735422 -- INFO: Start Process :: 5
1660802382.737270 -- INFO: Process 5 get item 10 from queue and executing
1660802382.737555 -- INFO: starting 5, 10, /home/hjamil/Documents/files_bash/FILE31
1660802382.738925 -- INFO: Start Process :: 16
1660802382.740861 -- INFO: Process 16 get item 11 from queue and executing
1660802382.741382 -- INFO: starting 16, 11, /home/hjamil/Documents/files_bash/FILE6
1660802382.761437 -- INFO: Start Process :: 18
1660802382.762822 -- INFO: Start Process :: 1
1660802382.763802 -- INFO: Process 18 get item 12 from queue and executing
1660802382.764059 -- INFO: starting 18, 12, /home/hjamil/Documents/files_bash/FILE22
1660802382.765832 -- INFO: Process 1 get item 13 from queue and executing
1660802382.766076 -- INFO: starting 1, 13, /home/hjamil/Documents/files_bash/FILE11
1660802382.766781 -- INFO: Start Process :: 13
1660802382.777944 -- INFO: Process 13 get item 14 from queue and executing
1660802382.778294 -- INFO: starting 13, 14, /home/hjamil/Documents/files_bash/FILE30
1660802382.790394 -- INFO: Start Process :: 15
1660802382.791998 -- INFO: Process 15 get item 15 from queue and executing
1660802382.792411 -- INFO: starting 15, 15, /home/hjamil/Documents/files_bash/FILE5
1660802382.804929 -- INFO: Start Process :: 7
1660802382.806053 -- INFO: Process 7 get item 16 from queue and executing
1660802382.806278 -- INFO: starting 7, 16, /home/hjamil/Documents/files_bash/FILE17
1660802382.814505 -- INFO: Start Process :: 12
1660802382.815602 -- INFO: Process 12 get item 17 from queue and executing
1660802382.815804 -- INFO: starting 12, 17, /home/hjamil/Documents/files_bash/FILE23
1660802382.818271 -- INFO: Start Process :: 14
1660802382.829872 -- INFO: Process 14 get item 18 from queue and executing
1660802382.830131 -- INFO: starting 14, 18, /home/hjamil/Documents/files_bash/FILE14
1660802382.842284 -- INFO: Start Process :: 17
1660802382.844851 -- INFO: Process 17 get item 19 from queue and executing
1660802382.845084 -- INFO: starting 17, 19, /home/hjamil/Documents/files_bash/FILE8
1660802382.976061 -- INFO: Throughput @0.3s:416.67Mbps, rtt :2.98ms cwnd: 257.3 lossRate: 7.225514157552015e-06 CC:20 score:0.28 
1660802383.933713 -- INFO: Throughput @1.3s:870.0Mbps, rtt :3.09ms cwnd: 297.2 lossRate: 0.0 CC:20 score:0.59 
1660802384.940262 -- INFO: Throughput @2.3s:860.0Mbps, rtt :4.19ms cwnd: 315.3 lossRate: 0.0 CC:20 score:0.58 
1660802385.968434 -- INFO: Throughput @3.3s:875.0Mbps, rtt :3.42ms cwnd: 327.0 lossRate: 0.0 CC:20 score:0.59 
1660802386.119450 -- INFO: score [0.59, 0.58, 0.59] ******
1660802386.124275 -- INFO: action array from actor 0.5286175012588501 and action is 25 ******
1660802386.134941 -- INFO: Changing concurrency to 25 ******
1660802386.144945 -- INFO: Process Status Bits from change concurrency are: 1 1 1 1 1 1 1 1 1 1 1 1 1 1 1 1 1 1 1 1 1 1 1 1 1 0 0 0 0 0 0 0
1660802386.146836 -- INFO: Active CC: 25
1660802386.164185 -- INFO: Start Process :: 20
1660802386.167017 -- INFO: Process 20 get item 20 from queue and executing
1660802386.167223 -- INFO: starting 20, 20, /home/hjamil/Documents/files_bash/FILE15
1660802386.199049 -- INFO: Start Process :: 21
1660802386.202507 -- INFO: Process 21 get item 21 from queue and executing
1660802386.202798 -- INFO: starting 21, 21, /home/hjamil/Documents/files_bash/FILE21
1660802386.212436 -- INFO: Start Process :: 24
1660802386.213734 -- INFO: Process 24 get item 22 from queue and executing
1660802386.213994 -- INFO: starting 24, 22, /home/hjamil/Documents/files_bash/FILE9
1660802386.215902 -- INFO: Start Process :: 23
1660802386.219939 -- INFO: Process 23 get item 23 from queue and executing
1660802386.220177 -- INFO: starting 23, 23, /home/hjamil/Documents/files_bash/FILE10
1660802386.233974 -- INFO: Start Process :: 22
1660802386.239555 -- INFO: Process 22 get item 24 from queue and executing
1660802386.239846 -- INFO: starting 22, 24, /home/hjamil/Documents/files_bash/FILE12
1660802386.938794 -- INFO: Throughput @4.3s:1020.59Mbps, rtt :7.33ms cwnd: 288.0 lossRate: 0.0009092381082865221 CC:25 score:0.61 
1660802387.934262 -- INFO: Throughput @5.3s:978.61Mbps, rtt :8.07ms cwnd: 276.0 lossRate: 0.0015925729311983803 CC:25 score:0.58 
1660802388.926954 -- INFO: Throughput @6.3s:954.22Mbps, rtt :6.73ms cwnd: 269.1 lossRate: 0.0009786190322820406 CC:25 score:0.57 
1660802389.662278 -- INFO: score [0.61, 0.58, 0.57] ******
1660802389.664755 -- INFO: action array from actor 0.3073209524154663 and action is 21 ******
1660802389.664877 -- INFO: Changing concurrency to 21 ******
1660802389.678445 -- INFO: Process Status Bits from change concurrency are: 1 1 1 1 1 1 1 1 1 1 1 1 1 1 1 1 1 1 1 1 1 0 0 0 0 0 0 0 0 0 0 0
1660802389.679042 -- INFO: Active CC: 21
1660802389.896600 -- INFO: Throughput @7.3s:930.35Mbps, rtt :5.99ms cwnd: 288.5 lossRate: 0.0 CC:21 score:0.61 
1660802390.914284 -- INFO: Throughput @8.3s:907.56Mbps, rtt :6.06ms cwnd: 288.5 lossRate: 0.0 CC:21 score:0.6 
1660802391.935701 -- INFO: Throughput @9.3s:912.18Mbps, rtt :5.34ms cwnd: 291.3 lossRate: 0.0 CC:21 score:0.6 
1660802392.949911 -- INFO: Throughput @10.3s:912.16Mbps, rtt :5.79ms cwnd: 293.3 lossRate: 0.0 CC:21 score:0.6 
1660802393.199098 -- INFO: score [0.6, 0.6, 0.6] ******
1660802393.207689 -- INFO: action array from actor 0.30732131004333496 and action is 21 ******
1660802393.208083 -- INFO: Changing concurrency to 21 ******
1660802393.218586 -- INFO: Process Status Bits from change concurrency are: 1 1 1 1 1 1 1 1 1 1 1 1 1 1 1 1 1 1 1 1 1 0 0 0 0 0 0 0 0 0 0 0
1660802393.219149 -- INFO: Active CC: 21
1660802393.933734 -- INFO: Throughput @11.3s:931.79Mbps, rtt :6.42ms cwnd: 294.2 lossRate: 0.0 CC:21 score:0.61 
1660802394.959306 -- INFO: Throughput @12.3s:936.8Mbps, rtt :5.49ms cwnd: 294.8 lossRate: 0.0 CC:21 score:0.62 
1660802395.927336 -- INFO: Throughput @13.3s:923.08Mbps, rtt :5.99ms cwnd: 295.3 lossRate: 0.0 CC:21 score:0.61 
1660802396.726212 -- INFO: score [0.61, 0.62, 0.61] ******
1660802396.727734 -- INFO: action array from actor 0.3073209524154663 and action is 21 ******
1660802396.741675 -- INFO: Changing concurrency to 21 ******
1660802396.769868 -- INFO: Process Status Bits from change concurrency are: 1 1 1 1 1 1 1 1 1 1 1 1 1 1 1 1 1 1 1 1 1 0 0 0 0 0 0 0 0 0 0 0
1660802396.770507 -- INFO: Active CC: 21
1660802396.925326 -- INFO: Throughput @14.3s:937.04Mbps, rtt :5.24ms cwnd: 296.6 lossRate: 0.0 CC:21 score:0.62 
1660802397.947513 -- INFO: Throughput @15.3s:944.49Mbps, rtt :7.12ms cwnd: 297.4 lossRate: 0.0 CC:21 score:0.62 
1660802398.953606 -- INFO: Throughput @16.3s:933.18Mbps, rtt :4.88ms cwnd: 298.2 lossRate: 0.0 CC:21 score:0.62 
1660802399.958591 -- INFO: Throughput @17.3s:937.02Mbps, rtt :7.17ms cwnd: 299.4 lossRate: 0.0 CC:21 score:0.62 
1660802400.280316 -- INFO: score [0.62, 0.62, 0.62] ******
1660802400.282562 -- INFO: action array from actor 0.3073209524154663 and action is 21 ******
1660802400.293521 -- INFO: Changing concurrency to 21 ******
1660802400.296521 -- INFO: Process Status Bits from change concurrency are: 1 1 1 1 1 1 1 1 1 1 1 1 1 1 1 1 1 1 1 1 1 0 0 0 0 0 0 0 0 0 0 0
1660802400.308238 -- INFO: Active CC: 21
1660802400.934052 -- INFO: Throughput @18.3s:917.85Mbps, rtt :5.9ms cwnd: 300.1 lossRate: 0.0 CC:21 score:0.61 
1660802401.954490 -- INFO: Throughput @19.3s:957.29Mbps, rtt :5.07ms cwnd: 302.1 lossRate: 0.0 CC:21 score:0.63 
1660802402.953861 -- INFO: Throughput @20.3s:918.63Mbps, rtt :6.34ms cwnd: 302.6 lossRate: 0.0 CC:21 score:0.61 
1660802403.834936 -- INFO: score [0.61, 0.63, 0.61] ******
1660802403.836471 -- INFO: action array from actor 0.41974925994873047 and action is 23 ******
1660802403.836690 -- INFO: Changing concurrency to 23 ******
1660802403.846345 -- INFO: Process Status Bits from change concurrency are: 1 1 1 1 1 1 1 1 1 1 1 1 1 1 1 1 1 1 1 1 1 1 1 0 0 0 0 0 0 0 0 0
1660802403.846309 -- INFO: Start Process :: 22
1660802403.846543 -- INFO: Start Process :: 21
1660802403.846858 -- INFO: Active CC: 23
1660802403.848929 -- INFO: Process 21 get item 25 from queue and executing
1660802403.849356 -- INFO: starting 21, 25, /home/hjamil/Documents/files_bash/FILE28
1660802403.849405 -- INFO: Process 22 get item 26 from queue and executing
1660802403.849798 -- INFO: starting 22, 26, /home/hjamil/Documents/files_bash/FILE27
1660802403.963253 -- INFO: Throughput @21.3s:950.55Mbps, rtt :7.2ms cwnd: 292.5 lossRate: 0.0 CC:23 score:0.6 
1660802404.929950 -- INFO: Throughput @22.3s:935.84Mbps, rtt :7.98ms cwnd: 293.9 lossRate: 0.0002109652279665434 CC:23 score:0.59 
1660802405.955469 -- INFO: Throughput @23.3s:945.22Mbps, rtt :6.29ms cwnd: 293.7 lossRate: 0.0003568396313477464 CC:23 score:0.6 
1660802406.959946 -- INFO: Throughput @24.3s:943.68Mbps, rtt :6.42ms cwnd: 294.7 lossRate: 0.00012388349995664076 CC:23 score:0.6 
1660802407.363162 -- INFO: score [0.59, 0.6, 0.6] ******
1660802407.364608 -- INFO: action array from actor 0.30732089281082153 and action is 21 ******
1660802407.364778 -- INFO: Changing concurrency to 21 ******
1660802407.365058 -- INFO: Process Status Bits from change concurrency are: 1 1 1 1 1 1 1 1 1 1 1 1 1 1 1 1 1 1 1 1 1 0 0 0 0 0 0 0 0 0 0 0
1660802407.365332 -- INFO: Active CC: 21
1660802407.950297 -- INFO: Throughput @25.3s:916.12Mbps, rtt :6.16ms cwnd: 300.0 lossRate: 0.0002749842866121936 CC:21 score:0.6 
1660802408.966094 -- INFO: Throughput @26.3s:923.95Mbps, rtt :5.7ms cwnd: 303.6 lossRate: 0.0 CC:21 score:0.61 
1660802409.949924 -- INFO: Throughput @27.3s:919.71Mbps, rtt :6.35ms cwnd: 307.7 lossRate: 0.0 CC:21 score:0.61 
1660802410.888416 -- INFO: score [0.6, 0.61, 0.61] ******
1660802410.892762 -- INFO: action array from actor 0.31240737438201904 and action is 21 ******
1660802410.897580 -- INFO: Changing concurrency to 21 ******
1660802410.900099 -- INFO: Process Status Bits from change concurrency are: 1 1 1 1 1 1 1 1 1 1 1 1 1 1 1 1 1 1 1 1 1 0 0 0 0 0 0 0 0 0 0 0
1660802410.901677 -- INFO: Active CC: 21
1660802410.923142 -- INFO: Throughput @28.3s:931.66Mbps, rtt :5.59ms cwnd: 308.0 lossRate: 0.0 CC:21 score:0.61 
1660802411.973764 -- INFO: Throughput @29.3s:933.23Mbps, rtt :6.2ms cwnd: 310.2 lossRate: 0.0 CC:21 score:0.62 
1660802412.938095 -- INFO: Throughput @30.3s:950.36Mbps, rtt :5.91ms cwnd: 312.4 lossRate: 0.0 CC:21 score:0.63 
1660802413.954216 -- INFO: Throughput @31.3s:936.45Mbps, rtt :6.06ms cwnd: 315.5 lossRate: 0.0 CC:21 score:0.62 
1660802414.450701 -- INFO: score [0.62, 0.63, 0.62] ******
1660802414.458484 -- INFO: action array from actor 0.33477306365966797 and action is 22 ******
1660802414.458925 -- INFO: Changing concurrency to 22 ******
1660802414.467531 -- INFO: Process Status Bits from change concurrency are: 1 1 1 1 1 1 1 1 1 1 1 1 1 1 1 1 1 1 1 1 1 1 0 0 0 0 0 0 0 0 0 0
1660802414.468161 -- INFO: Active CC: 22
1660802414.486569 -- INFO: Start Process :: 21
1660802414.490593 -- INFO: Process 21 get item 27 from queue and executing
1660802414.490839 -- INFO: starting 21, 27, /home/hjamil/Documents/files_bash/FILE26
1660802414.952493 -- INFO: Throughput @32.3s:924.89Mbps, rtt :6.27ms cwnd: 312.3 lossRate: 0.0 CC:22 score:0.6 
1660802415.966006 -- INFO: Throughput @33.3s:958.57Mbps, rtt :6.95ms cwnd: 314.3 lossRate: 0.0 CC:22 score:0.62 
1660802416.958338 -- INFO: Throughput @34.3s:944.99Mbps, rtt :6.72ms cwnd: 315.0 lossRate: 0.0 CC:22 score:0.61 
1660802417.998914 -- INFO: score [0.6, 0.62, 0.61] ******
1660802418.001585 -- INFO: action array from actor 0.6860690116882324 and action is 27 ******
1660802418.005087 -- INFO: Changing concurrency to 27 ******
1660802418.006733 -- INFO: Throughput @35.3s:931.44Mbps, rtt :7.77ms cwnd: 317.3 lossRate: 0.0 CC:22 score:0.6 
1660802418.030477 -- INFO: Process Status Bits from change concurrency are: 1 1 1 1 1 1 1 1 1 1 1 1 1 1 1 1 1 1 1 1 1 1 1 1 1 1 1 0 0 0 0 0
1660802418.031388 -- INFO: Start Process :: 24
1660802418.032575 -- INFO: Start Process :: 22
1660802418.033022 -- INFO: Active CC: 27
1660802418.034948 -- INFO: Process 22 get item 28 from queue and executing
1660802418.035401 -- INFO: starting 22, 28, /home/hjamil/Documents/files_bash/FILE18
1660802418.038749 -- INFO: Process 24 get item 29 from queue and executing
1660802418.039397 -- INFO: starting 24, 29, /home/hjamil/Documents/files_bash/FILE0
1660802418.038995 -- INFO: Start Process :: 23
1660802418.044266 -- INFO: Process 23 get item 30 from queue and executing
1660802418.044780 -- INFO: starting 23, 30, /home/hjamil/Documents/files_bash/FILE16
1660802418.048062 -- INFO: Start Process :: 26
1660802418.051415 -- INFO: Process 26 get item 31 from queue and executing
1660802418.051788 -- INFO: starting 26, 31, /home/hjamil/Documents/files_bash/FILE19
1660802418.111563 -- INFO: Start Process :: 25
1660802418.113177 -- INFO: Process 25 get item 24 from queue and executing
1660802418.113459 -- INFO: starting 25, 24, /home/hjamil/Documents/files_bash/FILE12
1660802418.948756 -- INFO: Throughput @36.3s:1008.56Mbps, rtt :8.98ms cwnd: 270.3 lossRate: 0.002230049922708497 CC:27 score:0.57 
1660802419.946215 -- INFO: Throughput @37.3s:998.42Mbps, rtt :7.07ms cwnd: 257.3 lossRate: 0.0016732716864817261 CC:27 score:0.57 
1660802420.931599 -- INFO: Throughput @38.3s:947.04Mbps, rtt :6.55ms cwnd: 252.1 lossRate: 0.00047526733787755615 CC:27 score:0.55 
1660802421.534623 -- INFO: score [0.57, 0.57, 0.55] ******
1660802421.536992 -- INFO: action array from actor 0.3073209524154663 and action is 21 ******
1660802421.537471 -- INFO: Changing concurrency to 21 ******
1660802421.538618 -- INFO: Process Status Bits from change concurrency are: 1 1 1 1 1 1 1 1 1 1 1 1 1 1 1 1 1 1 1 1 1 0 0 0 0 0 0 0 0 0 0 0
1660802421.539007 -- INFO: Active CC: 21
1660802421.965436 -- INFO: Throughput @39.3s:895.73Mbps, rtt :6.23ms cwnd: 275.8 lossRate: 0.007307476110174255 CC:21 score:0.53 
1660802422.965892 -- INFO: Throughput @40.3s:896.64Mbps, rtt :6.55ms cwnd: 275.8 lossRate: 0.0 CC:21 score:0.59 
1660802423.950138 -- INFO: Throughput @41.3s:895.02Mbps, rtt :6.36ms cwnd: 278.1 lossRate: 0.0 CC:21 score:0.59 
1660802424.968752 -- INFO: Throughput @42.3s:875.79Mbps, rtt :5.66ms cwnd: 281.4 lossRate: 0.0 CC:21 score:0.58 
1660802425.040313 -- INFO: score [0.59, 0.59, 0.58] ******
1660802425.052652 -- INFO: action array from actor 0.3073209524154663 and action is 21 ******
1660802425.053104 -- INFO: Changing concurrency to 21 ******
1660802425.053832 -- INFO: Process Status Bits from change concurrency are: 1 1 1 1 1 1 1 1 1 1 1 1 1 1 1 1 1 1 1 1 1 0 0 0 0 0 0 0 0 0 0 0
1660802425.054622 -- INFO: Active CC: 21
1660802425.959579 -- INFO: Throughput @43.3s:930.24Mbps, rtt :6.84ms cwnd: 283.1 lossRate: 0.0 CC:21 score:0.61 
1660802426.978040 -- INFO: Throughput @44.3s:925.41Mbps, rtt :6.29ms cwnd: 286.4 lossRate: 0.0 CC:21 score:0.61 
1660802427.918358 -- INFO: Throughput @45.3s:923.34Mbps, rtt :5.43ms cwnd: 287.9 lossRate: 0.0 CC:21 score:0.61 
1660802428.556230 -- INFO: score [0.61, 0.61, 0.61] ******
1660802428.558409 -- INFO: action array from actor 0.3073209524154663 and action is 21 ******
1660802428.574800 -- INFO: Changing concurrency to 21 ******
1660802428.598432 -- INFO: Process Status Bits from change concurrency are: 1 1 1 1 1 1 1 1 1 1 1 1 1 1 1 1 1 1 1 1 1 0 0 0 0 0 0 0 0 0 0 0
1660802428.599238 -- INFO: Active CC: 21
1660802428.958376 -- INFO: Throughput @46.3s:945.65Mbps, rtt :5.32ms cwnd: 289.1 lossRate: 0.0 CC:21 score:0.62 
1660802429.994140 -- INFO: Throughput @47.3s:924.22Mbps, rtt :4.85ms cwnd: 290.0 lossRate: 0.0 CC:21 score:0.61 
1660802430.938448 -- INFO: Throughput @48.4s:864.05Mbps, rtt :5.92ms cwnd: 291.2 lossRate: 0.0 CC:21 score:0.57 
1660802431.957935 -- INFO: Throughput @49.4s:925.65Mbps, rtt :6.22ms cwnd: 291.9 lossRate: 0.0 CC:21 score:0.61 
1660802432.107172 -- INFO: score [0.61, 0.57, 0.61] ******
1660802432.116053 -- INFO: action array from actor 0.3074890673160553 and action is 21 ******
1660802432.124539 -- INFO: Changing concurrency to 21 ******
1660802432.137437 -- INFO: Process Status Bits from change concurrency are: 1 1 1 1 1 1 1 1 1 1 1 1 1 1 1 1 1 1 1 1 1 0 0 0 0 0 0 0 0 0 0 0
1660802432.144485 -- INFO: Active CC: 21
1660802432.982260 -- INFO: Throughput @50.4s:949.33Mbps, rtt :5.31ms cwnd: 292.5 lossRate: 0.0 CC:21 score:0.63 
1660802433.957695 -- INFO: Throughput @51.4s:919.72Mbps, rtt :6.05ms cwnd: 294.5 lossRate: 0.0 CC:21 score:0.61 
1660802434.982095 -- INFO: Throughput @52.4s:925.15Mbps, rtt :6.46ms cwnd: 295.9 lossRate: 0.0 CC:21 score:0.61 
1660802435.670482 -- INFO: score [0.63, 0.61, 0.61] ******
1660802435.673645 -- INFO: action array from actor 0.3073209524154663 and action is 21 ******
1660802435.677134 -- INFO: Changing concurrency to 21 ******
1660802435.698530 -- INFO: Process Status Bits from change concurrency are: 1 1 1 1 1 1 1 1 1 1 1 1 1 1 1 1 1 1 1 1 1 0 0 0 0 0 0 0 0 0 0 0
1660802435.713702 -- INFO: Active CC: 21
1660802435.950748 -- INFO: Throughput @53.4s:930.61Mbps, rtt :5.28ms cwnd: 297.0 lossRate: 0.0 CC:21 score:0.61 
1660802436.974613 -- INFO: Throughput @54.4s:939.27Mbps, rtt :6.07ms cwnd: 297.4 lossRate: 0.0 CC:21 score:0.62 
1660802437.943309 -- INFO: Throughput @55.4s:930.1Mbps, rtt :4.13ms cwnd: 298.2 lossRate: 0.0 CC:21 score:0.61 
1660802438.971904 -- INFO: Throughput @56.4s:934.77Mbps, rtt :5.27ms cwnd: 299.1 lossRate: 0.0 CC:21 score:0.62 
1660802439.230721 -- INFO: score [0.62, 0.61, 0.62] ******
1660802439.232259 -- INFO: action array from actor 0.3073209822177887 and action is 21 ******
1660802439.232376 -- INFO: Changing concurrency to 21 ******
1660802439.258684 -- INFO: Process Status Bits from change concurrency are: 1 1 1 1 1 1 1 1 1 1 1 1 1 1 1 1 1 1 1 1 1 0 0 0 0 0 0 0 0 0 0 0
1660802439.259069 -- INFO: Active CC: 21
1660802439.990349 -- INFO: Throughput @57.4s:939.84Mbps, rtt :5.23ms cwnd: 303.0 lossRate: 0.0 CC:21 score:0.62 
1660802440.958013 -- INFO: Throughput @58.4s:942.04Mbps, rtt :7.81ms cwnd: 303.5 lossRate: 0.0002476381511335636 CC:21 score:0.62 
1660802441.950871 -- INFO: Throughput @59.4s:910.27Mbps, rtt :6.3ms cwnd: 305.3 lossRate: 0.0 CC:21 score:0.6 
1660802442.780856 -- INFO: score [0.62, 0.62, 0.6] ******
1660802442.782503 -- INFO: action array from actor 0.3073214292526245 and action is 21 ******
1660802442.792316 -- INFO: Changing concurrency to 21 ******
1660802442.792749 -- INFO: Process Status Bits from change concurrency are: 1 1 1 1 1 1 1 1 1 1 1 1 1 1 1 1 1 1 1 1 1 0 0 0 0 0 0 0 0 0 0 0
1660802442.793212 -- INFO: Active CC: 21
1660802443.008595 -- INFO: Throughput @60.4s:949.66Mbps, rtt :6.0ms cwnd: 310.3 lossRate: 0.0 CC:21 score:0.63 
1660802443.975351 -- INFO: Throughput @61.4s:913.99Mbps, rtt :5.73ms cwnd: 313.4 lossRate: 0.0 CC:21 score:0.6 
1660802444.957883 -- INFO: Throughput @62.4s:939.49Mbps, rtt :4.62ms cwnd: 314.8 lossRate: 0.0 CC:21 score:0.62 
1660802445.971915 -- INFO: Throughput @63.4s:945.53Mbps, rtt :5.92ms cwnd: 315.9 lossRate: 0.0 CC:21 score:0.62 
1660802446.299443 -- INFO: score [0.6, 0.62, 0.62] ******
1660802446.322552 -- INFO: action array from actor 0.6907196640968323 and action is 27 ******
1660802446.330462 -- INFO: Changing concurrency to 27 ******
1660802446.346905 -- INFO: Start Process :: 23
1660802446.347804 -- INFO: Start Process :: 22
1660802446.348738 -- INFO: Start Process :: 21
1660802446.349164 -- INFO: Process 23 get item 22 from queue and executing
1660802446.350063 -- INFO: starting 23, 22, /home/hjamil/Documents/files_bash/FILE9
1660802446.352088 -- INFO: Process 21 get item 23 from queue and executing
1660802446.352474 -- INFO: starting 21, 23, /home/hjamil/Documents/files_bash/FILE10
1660802446.354126 -- INFO: Process 22 get item 21 from queue and executing
1660802446.354772 -- INFO: starting 22, 21, /home/hjamil/Documents/files_bash/FILE21
1660802446.354369 -- INFO: Process Status Bits from change concurrency are: 1 1 1 1 1 1 1 1 1 1 1 1 1 1 1 1 1 1 1 1 1 1 1 1 1 1 1 0 0 0 0 0
1660802446.354788 -- INFO: Start Process :: 24
1660802446.358716 -- INFO: Active CC: 27
1660802446.360789 -- INFO: Process 24 get item 25 from queue and executing
1660802446.361113 -- INFO: starting 24, 25, /home/hjamil/Documents/files_bash/FILE28
1660802446.354961 -- INFO: Start Process :: 25
1660802446.355133 -- INFO: Start Process :: 26
1660802446.367693 -- INFO: Process 25 get item 31 from queue and executing
1660802446.368478 -- INFO: starting 25, 31, /home/hjamil/Documents/files_bash/FILE19
1660802446.368004 -- INFO: Process 26 get item 26 from queue and executing
1660802446.369411 -- INFO: starting 26, 26, /home/hjamil/Documents/files_bash/FILE27
1660802446.982623 -- INFO: Throughput @64.4s:1024.03Mbps, rtt :7.16ms cwnd: 269.0 lossRate: 0.001056859015007398 CC:27 score:0.59 
1660802447.958473 -- INFO: Throughput @65.4s:991.75Mbps, rtt :8.64ms cwnd: 258.3 lossRate: 0.0014552238805970149 CC:27 score:0.57 
1660802448.954027 -- INFO: Throughput @66.4s:955.75Mbps, rtt :6.29ms cwnd: 252.3 lossRate: 0.0007320916727674306 CC:27 score:0.55 
1660802449.859781 -- INFO: score [0.59, 0.57, 0.55] ******
1660802449.861441 -- INFO: action array from actor 0.3073209524154663 and action is 21 ******
1660802449.861802 -- INFO: Changing concurrency to 21 ******
1660802449.862218 -- INFO: Process Status Bits from change concurrency are: 1 1 1 1 1 1 1 1 1 1 1 1 1 1 1 1 1 1 1 1 1 0 0 0 0 0 0 0 0 0 0 0
1660802449.865036 -- INFO: Active CC: 21
1660802449.958745 -- INFO: Throughput @67.4s:923.0Mbps, rtt :6.54ms cwnd: 250.8 lossRate: 0.0003467878772866326 CC:21 score:0.61 
1660802450.956486 -- INFO: Throughput @68.4s:887.2Mbps, rtt :7.7ms cwnd: 277.7 lossRate: 0.0 CC:21 score:0.59 
1660802451.985657 -- INFO: Throughput @69.4s:884.5Mbps, rtt :6.04ms cwnd: 282.2 lossRate: 0.0 CC:21 score:0.58 
1660802452.990717 -- INFO: Throughput @70.4s:894.81Mbps, rtt :6.56ms cwnd: 286.5 lossRate: 0.0 CC:21 score:0.59 
1660802453.374646 -- INFO: score [0.59, 0.58, 0.59] ******
1660802453.384317 -- INFO: action array from actor 0.30732113122940063 and action is 21 ******
1660802453.405406 -- INFO: Changing concurrency to 21 ******
1660802453.406532 -- INFO: Process Status Bits from change concurrency are: 1 1 1 1 1 1 1 1 1 1 1 1 1 1 1 1 1 1 1 1 1 0 0 0 0 0 0 0 0 0 0 0
1660802453.407647 -- INFO: Active CC: 21
1660802453.970511 -- INFO: Throughput @71.4s:915.9Mbps, rtt :5.45ms cwnd: 289.8 lossRate: 0.0 CC:21 score:0.6 
1660802454.961969 -- INFO: Throughput @72.4s:919.09Mbps, rtt :6.22ms cwnd: 291.2 lossRate: 0.0 CC:21 score:0.61 
1660802455.982428 -- INFO: Throughput @73.4s:940.58Mbps, rtt :5.75ms cwnd: 292.6 lossRate: 0.0 CC:21 score:0.62 
1660802456.926994 -- INFO: score [0.6, 0.61, 0.62] ******
1660802456.928582 -- INFO: action array from actor 0.3073199987411499 and action is 21 ******
1660802456.928781 -- INFO: Changing concurrency to 21 ******
1660802456.935296 -- INFO: Process Status Bits from change concurrency are: 1 1 1 1 1 1 1 1 1 1 1 1 1 1 1 1 1 1 1 1 1 0 0 0 0 0 0 0 0 0 0 0
1660802456.940130 -- INFO: Active CC: 21
1660802456.958499 -- INFO: Throughput @74.4s:933.97Mbps, rtt :4.98ms cwnd: 293.6 lossRate: 0.0 CC:21 score:0.62 
1660802457.969463 -- INFO: Throughput @75.4s:945.25Mbps, rtt :5.23ms cwnd: 297.8 lossRate: 0.0 CC:21 score:0.62 
1660802459.009880 -- INFO: Throughput @76.4s:920.74Mbps, rtt :5.13ms cwnd: 299.1 lossRate: 0.0 CC:21 score:0.61 
1660802459.989065 -- INFO: Throughput @77.4s:934.25Mbps, rtt :5.0ms cwnd: 302.6 lossRate: 0.0 CC:21 score:0.62 
1660802460.468541 -- INFO: score [0.62, 0.61, 0.62] ******
1660802460.470423 -- INFO: action array from actor 0.3073211908340454 and action is 21 ******
1660802460.472099 -- INFO: Changing concurrency to 21 ******
1660802460.476626 -- INFO: Process Status Bits from change concurrency are: 1 1 1 1 1 1 1 1 1 1 1 1 1 1 1 1 1 1 1 1 1 0 0 0 0 0 0 0 0 0 0 0
1660802460.477414 -- INFO: Active CC: 21
1660802461.005756 -- INFO: Throughput @78.4s:940.77Mbps, rtt :6.19ms cwnd: 303.6 lossRate: 0.0 CC:21 score:0.62 
1660802461.983262 -- INFO: Throughput @79.4s:929.1Mbps, rtt :6.3ms cwnd: 304.9 lossRate: 0.0 CC:21 score:0.61 
1660802462.993731 -- INFO: Throughput @80.4s:936.41Mbps, rtt :6.03ms cwnd: 306.1 lossRate: 0.0 CC:21 score:0.62 
1660802463.979978 -- INFO: Throughput @81.4s:933.46Mbps, rtt :5.88ms cwnd: 308.2 lossRate: 0.0 CC:21 score:0.62 
1660802463.987205 -- INFO: score [0.61, 0.62, 0.62] ******
1660802463.989007 -- INFO: action array from actor 0.3087615966796875 and action is 21 ******
1660802463.989304 -- INFO: Changing concurrency to 21 ******
1660802463.989700 -- INFO: Process Status Bits from change concurrency are: 1 1 1 1 1 1 1 1 1 1 1 1 1 1 1 1 1 1 1 1 1 0 0 0 0 0 0 0 0 0 0 0
1660802463.990526 -- INFO: Active CC: 21
1660802465.029358 -- INFO: Throughput @82.4s:930.25Mbps, rtt :5.8ms cwnd: 309.6 lossRate: 0.0 CC:21 score:0.61 
1660802466.013844 -- INFO: Throughput @83.4s:929.32Mbps, rtt :5.22ms cwnd: 320.1 lossRate: 0.0 CC:21 score:0.61 
1660802467.011481 -- INFO: Throughput @84.4s:931.19Mbps, rtt :5.17ms cwnd: 321.0 lossRate: 0.0 CC:21 score:0.61 
1660802467.497227 -- INFO: score [0.61, 0.61, 0.61] ******
1660802467.514144 -- INFO: action array from actor 0.516941249370575 and action is 25 ******
1660802467.517864 -- INFO: Changing concurrency to 25 ******
1660802467.518681 -- INFO: Process Status Bits from change concurrency are: 1 1 1 1 1 1 1 1 1 1 1 1 1 1 1 1 1 1 1 1 1 1 1 1 1 0 0 0 0 0 0 0
1660802467.519399 -- INFO: Start Process :: 23
1660802467.519542 -- INFO: Start Process :: 21
1660802467.520156 -- INFO: Start Process :: 24
1660802467.520627 -- INFO: Process 23 get item 27 from queue and executing
1660802467.520899 -- INFO: starting 23, 27, /home/hjamil/Documents/files_bash/FILE26
1660802467.524179 -- INFO: Process 21 get item 30 from queue and executing
1660802467.524854 -- INFO: Process 24 get item 24 from queue and executing
1660802467.525556 -- INFO: starting 24, 24, /home/hjamil/Documents/files_bash/FILE12
1660802467.525342 -- INFO: starting 21, 30, /home/hjamil/Documents/files_bash/FILE16
1660802467.530523 -- INFO: Start Process :: 22
1660802467.530879 -- INFO: Active CC: 25
1660802467.534137 -- INFO: Process 22 get item 29 from queue and executing
1660802467.534470 -- INFO: starting 22, 29, /home/hjamil/Documents/files_bash/FILE0
1660802467.990074 -- INFO: Throughput @85.4s:992.27Mbps, rtt :7.42ms cwnd: 294.7 lossRate: 0.00037381314327011736 CC:25 score:0.6 
1660802468.994059 -- INFO: Throughput @86.4s:999.71Mbps, rtt :7.02ms cwnd: 280.6 lossRate: 0.0012887081639036597 CC:25 score:0.6 
1660802469.970513 -- INFO: Throughput @87.4s:972.5Mbps, rtt :6.95ms cwnd: 275.3 lossRate: 0.0006438193343898574 CC:25 score:0.59 
1660802470.977716 -- INFO: Throughput @88.4s:942.64Mbps, rtt :6.07ms cwnd: 270.5 lossRate: 0.0009454147385181868 CC:25 score:0.57 
1660802471.033014 -- INFO: score [0.6, 0.59, 0.57] ******
1660802471.034847 -- INFO: action array from actor 0.3073209524154663 and action is 21 ******
1660802471.035007 -- INFO: Changing concurrency to 21 ******
1660802471.036562 -- INFO: Process Status Bits from change concurrency are: 1 1 1 1 1 1 1 1 1 1 1 1 1 1 1 1 1 1 1 1 1 0 0 0 0 0 0 0 0 0 0 0
1660802471.038415 -- INFO: Active CC: 21
1660802472.015975 -- INFO: Throughput @89.4s:905.78Mbps, rtt :6.95ms cwnd: 288.2 lossRate: 3.486628778633939e-05 CC:21 score:0.6 
1660802472.992290 -- INFO: Throughput @90.4s:866.63Mbps, rtt :6.13ms cwnd: 288.7 lossRate: 0.0001635734507706826 CC:21 score:0.57 
1660802473.984857 -- INFO: Throughput @91.4s:934.7Mbps, rtt :6.34ms cwnd: 290.3 lossRate: 0.0002606073391990668 CC:21 score:0.61 
1660802474.547280 -- INFO: score [0.6, 0.57, 0.61] ******
1660802474.560093 -- INFO: action array from actor 0.3363063335418701 and action is 22 ******
1660802474.570438 -- INFO: Changing concurrency to 22 ******
1660802474.589716 -- INFO: Start Process :: 21
1660802474.593180 -- INFO: Process 21 get item 28 from queue and executing
1660802474.594509 -- INFO: Process Status Bits from change concurrency are: 1 1 1 1 1 1 1 1 1 1 1 1 1 1 1 1 1 1 1 1 1 1 0 0 0 0 0 0 0 0 0 0
1660802474.596604 -- INFO: starting 21, 28, /home/hjamil/Documents/files_bash/FILE18
1660802474.606412 -- INFO: Active CC: 22
1660802474.998524 -- INFO: Throughput @92.4s:900.43Mbps, rtt :6.27ms cwnd: 285.5 lossRate: 0.0 CC:22 score:0.58 
1660802476.006961 -- INFO: Throughput @93.4s:913.63Mbps, rtt :5.6ms cwnd: 288.3 lossRate: 0.0 CC:22 score:0.59 
1660802477.022059 -- INFO: Throughput @94.4s:935.34Mbps, rtt :5.07ms cwnd: 292.2 lossRate: 0.0 CC:22 score:0.61 
1660802478.024825 -- INFO: Throughput @95.4s:926.12Mbps, rtt :4.8ms cwnd: 294.6 lossRate: 0.0 CC:22 score:0.6 
1660802478.116673 -- INFO: score [0.59, 0.61, 0.6] ******
1660802478.123507 -- INFO: action array from actor 0.3073177933692932 and action is 21 ******
1660802478.135353 -- INFO: Changing concurrency to 21 ******
1660802478.142874 -- INFO: Process Status Bits from change concurrency are: 1 1 1 1 1 1 1 1 1 1 1 1 1 1 1 1 1 1 1 1 1 0 0 0 0 0 0 0 0 0 0 0
1660802478.154410 -- INFO: Active CC: 21
1660802479.007939 -- INFO: Throughput @96.4s:934.89Mbps, rtt :6.61ms cwnd: 297.6 lossRate: 0.0 CC:21 score:0.62 
1660802480.025530 -- INFO: Throughput @97.4s:919.09Mbps, rtt :4.8ms cwnd: 298.2 lossRate: 0.0 CC:21 score:0.61 
1660802481.037827 -- INFO: Throughput @98.4s:931.43Mbps, rtt :5.77ms cwnd: 298.5 lossRate: 0.0 CC:21 score:0.61 
1660802481.679114 -- INFO: score [0.62, 0.61, 0.61] ******
1660802481.695762 -- INFO: action array from actor 0.3073212206363678 and action is 21 ******
1660802481.696127 -- INFO: Changing concurrency to 21 ******
1660802481.704176 -- INFO: Process Status Bits from change concurrency are: 1 1 1 1 1 1 1 1 1 1 1 1 1 1 1 1 1 1 1 1 1 0 0 0 0 0 0 0 0 0 0 0
1660802481.705265 -- INFO: Active CC: 21
1660802482.026852 -- INFO: Throughput @99.4s:938.45Mbps, rtt :5.96ms cwnd: 301.9 lossRate: 0.0 CC:21 score:0.62 
1660802483.014526 -- INFO: Throughput @100.4s:926.83Mbps, rtt :4.85ms cwnd: 305.8 lossRate: 0.0 CC:21 score:0.61 
1660802484.023486 -- INFO: Throughput @101.4s:928.04Mbps, rtt :4.99ms cwnd: 306.2 lossRate: 0.0 CC:21 score:0.61 
1660802484.959455 -- INFO: Throughput @102.4s:930.36Mbps, rtt :5.31ms cwnd: 309.2 lossRate: 0.0 CC:21 score:0.61 
1660802485.207200 -- INFO: score [0.61, 0.61, 0.61] ******
1660802485.216199 -- INFO: action array from actor 0.3259764611721039 and action is 22 ******
1660802485.222541 -- INFO: Changing concurrency to 22 ******
1660802485.222990 -- INFO: Process Status Bits from change concurrency are: 1 1 1 1 1 1 1 1 1 1 1 1 1 1 1 1 1 1 1 1 1 1 0 0 0 0 0 0 0 0 0 0
1660802485.231574 -- INFO: Start Process :: 21
1660802485.231907 -- INFO: Active CC: 22
1660802485.234083 -- INFO: Process 21 get item 25 from queue and executing
1660802485.234311 -- INFO: starting 21, 25, /home/hjamil/Documents/files_bash/FILE28
1660802485.991446 -- INFO: Throughput @103.4s:959.51Mbps, rtt :6.2ms cwnd: 304.4 lossRate: 0.0 CC:22 score:0.62 
1660802487.001794 -- INFO: Throughput @104.4s:941.32Mbps, rtt :5.96ms cwnd: 305.8 lossRate: 0.0 CC:22 score:0.61 
1660802488.026042 -- INFO: Throughput @105.4s:939.98Mbps, rtt :6.94ms cwnd: 303.4 lossRate: 0.0004982995527761514 CC:22 score:0.6 
1660802488.733034 -- INFO: score [0.62, 0.61, 0.6] ******
1660802488.734845 -- INFO: action array from actor 0.3073209524154663 and action is 21 ******
1660802488.742477 -- INFO: Changing concurrency to 21 ******
1660802488.758435 -- INFO: Process Status Bits from change concurrency are: 1 1 1 1 1 1 1 1 1 1 1 1 1 1 1 1 1 1 1 1 1 0 0 0 0 0 0 0 0 0 0 0
1660802488.759032 -- INFO: Active CC: 21
1660802489.021922 -- INFO: Throughput @106.4s:945.42Mbps, rtt :6.59ms cwnd: 307.3 lossRate: 0.0 CC:21 score:0.62 
1660802489.988152 -- INFO: Throughput @107.4s:899.89Mbps, rtt :5.2ms cwnd: 310.4 lossRate: 0.0 CC:21 score:0.59 
1660802490.998541 -- INFO: Throughput @108.4s:929.81Mbps, rtt :4.97ms cwnd: 313.5 lossRate: 0.0 CC:21 score:0.61 
1660802492.013839 -- INFO: Throughput @109.4s:929.52Mbps, rtt :6.13ms cwnd: 314.9 lossRate: 0.0 CC:21 score:0.61 
1660802492.279646 -- INFO: score [0.59, 0.61, 0.61] ******
1660802492.292677 -- INFO: action array from actor 0.7239810824394226 and action is 28 ******
1660802492.296281 -- INFO: Changing concurrency to 28 ******
1660802492.297866 -- INFO: Process Status Bits from change concurrency are: 1 1 1 1 1 1 1 1 1 1 1 1 1 1 1 1 1 1 1 1 1 1 1 1 1 1 1 1 0 0 0 0
1660802492.298259 -- INFO: Start Process :: 21
1660802492.298529 -- INFO: Start Process :: 24
1660802492.299325 -- INFO: Start Process :: 22
1660802492.300190 -- INFO: Process 21 get item 21 from queue and executing
1660802492.300406 -- INFO: starting 21, 21, /home/hjamil/Documents/files_bash/FILE21
1660802492.300420 -- INFO: Process 24 get item 31 from queue and executing
1660802492.300682 -- INFO: starting 24, 31, /home/hjamil/Documents/files_bash/FILE19
1660802492.300961 -- INFO: Active CC: 28
1660802492.304069 -- INFO: Start Process :: 23
1660802492.304499 -- INFO: Start Process :: 25
1660802492.304777 -- INFO: Process 22 get item 23 from queue and executing
1660802492.304951 -- INFO: Process 23 get item 22 from queue and executing
1660802492.305179 -- INFO: starting 23, 22, /home/hjamil/Documents/files_bash/FILE9
1660802492.305382 -- INFO: starting 22, 23, /home/hjamil/Documents/files_bash/FILE10
1660802492.305866 -- INFO: Process 25 get item 26 from queue and executing
1660802492.306080 -- INFO: starting 25, 26, /home/hjamil/Documents/files_bash/FILE27
1660802492.306409 -- INFO: Start Process :: 26
1660802492.307583 -- INFO: Process 26 get item 30 from queue and executing
1660802492.307799 -- INFO: starting 26, 30, /home/hjamil/Documents/files_bash/FILE16
1660802492.339034 -- INFO: Start Process :: 27
1660802492.341125 -- INFO: Process 27 get item 29 from queue and executing
1660802492.341437 -- INFO: starting 27, 29, /home/hjamil/Documents/files_bash/FILE0
1660802493.014132 -- INFO: Throughput @110.4s:1059.93Mbps, rtt :6.68ms cwnd: 257.1 lossRate: 0.0016880989027357133 CC:28 score:0.59 
1660802494.012040 -- INFO: Throughput @111.4s:979.11Mbps, rtt :6.99ms cwnd: 254.8 lossRate: 0.000540746475930637 CC:28 score:0.56 
1660802494.990620 -- INFO: Throughput @112.4s:937.22Mbps, rtt :7.09ms cwnd: 249.7 lossRate: 0.001275123724876275 CC:28 score:0.53 
1660802495.808900 -- INFO: score [0.59, 0.56, 0.53] ******
1660802495.810336 -- INFO: action array from actor 0.3073209524154663 and action is 21 ******
1660802495.810470 -- INFO: Changing concurrency to 21 ******
1660802495.817135 -- INFO: Process Status Bits from change concurrency are: 1 1 1 1 1 1 1 1 1 1 1 1 1 1 1 1 1 1 1 1 1 0 0 0 0 0 0 0 0 0 0 0
1660802495.821394 -- INFO: Active CC: 21
1660802496.000950 -- INFO: Throughput @113.4s:911.91Mbps, rtt :6.9ms cwnd: 273.6 lossRate: 0 CC:21 score:0.6 
1660802497.000805 -- INFO: Throughput @114.4s:914.03Mbps, rtt :6.68ms cwnd: 273.6 lossRate: 0.0 CC:21 score:0.6 
1660802498.026862 -- INFO: Throughput @115.4s:884.32Mbps, rtt :5.92ms cwnd: 274.9 lossRate: 0.0 CC:21 score:0.58 
1660802498.993939 -- INFO: Throughput @116.4s:917.67Mbps, rtt :6.37ms cwnd: 277.0 lossRate: 0.0 CC:21 score:0.61 
1660802499.343340 -- INFO: score [0.6, 0.58, 0.61] ******
1660802499.345616 -- INFO: action array from actor 0.3073209524154663 and action is 21 ******
1660802499.354642 -- INFO: Changing concurrency to 21 ******
1660802499.358915 -- INFO: Process Status Bits from change concurrency are: 1 1 1 1 1 1 1 1 1 1 1 1 1 1 1 1 1 1 1 1 1 0 0 0 0 0 0 0 0 0 0 0
1660802499.359762 -- INFO: Active CC: 21
1660802500.025694 -- INFO: Throughput @117.4s:889.39Mbps, rtt :5.57ms cwnd: 277.9 lossRate: 0.0 CC:21 score:0.59 
1660802501.013270 -- INFO: Throughput @118.4s:929.68Mbps, rtt :6.78ms cwnd: 283.3 lossRate: 0.0 CC:21 score:0.61 
1660802502.039864 -- INFO: Throughput @119.4s:930.25Mbps, rtt :4.67ms cwnd: 284.7 lossRate: 0.0 CC:21 score:0.61 
1660802502.871168 -- INFO: score [0.59, 0.61, 0.61] ******
1660802502.880327 -- INFO: action array from actor 0.23043550550937653 and action is 20 ******
1660802502.880795 -- INFO: Changing concurrency to 20 ******
1660802502.888344 -- INFO: Process Status Bits from change concurrency are: 1 1 1 1 1 1 1 1 1 1 1 1 1 1 1 1 1 1 1 1 0 0 0 0 0 0 0 0 0 0 0 0
1660802502.888951 -- INFO: Active CC: 20
1660802503.022871 -- INFO: Throughput @120.4s:926.01Mbps, rtt :5.38ms cwnd: 285.9 lossRate: 0.0 CC:20 score:0.62 
1660802504.053692 -- INFO: Throughput @121.4s:920.01Mbps, rtt :5.22ms cwnd: 294.5 lossRate: 0 CC:20 score:0.62 
1660802505.042412 -- INFO: Throughput @122.4s:911.16Mbps, rtt :6.26ms cwnd: 298.4 lossRate: 0.0 CC:20 score:0.61 
1660802506.063930 -- INFO: Throughput @123.4s:860.0Mbps, rtt :3.12ms cwnd: 304.8 lossRate: 0.0 CC:20 score:0.58 
1660802506.390205 -- INFO: score [0.62, 0.61, 0.58] ******
1660802506.412438 -- INFO: action array from actor 0.3073212504386902 and action is 21 ******
1660802506.434614 -- INFO: Changing concurrency to 21 ******
1660802506.442500 -- INFO: Process Status Bits from change concurrency are: 1 1 1 1 1 1 1 1 1 1 1 1 1 1 1 1 1 1 1 1 1 0 0 0 0 0 0 0 0 0 0 0
1660802506.443296 -- INFO: Active CC: 21
1660802506.444120 -- INFO: Start Process :: 20
1660802506.446695 -- INFO: Process 20 get item 24 from queue and executing
1660802506.447092 -- INFO: starting 20, 24, /home/hjamil/Documents/files_bash/FILE12
1660802507.014229 -- INFO: Throughput @124.4s:885.0Mbps, rtt :3.6ms cwnd: 308.4 lossRate: 0.0 CC:21 score:0.58 
1660802508.059369 -- INFO: Throughput @125.4s:900.0Mbps, rtt :4.58ms cwnd: 311.6 lossRate: 0.0 CC:21 score:0.59 
1660802509.065661 -- INFO: Throughput @126.4s:915.0Mbps, rtt :4.23ms cwnd: 318.8 lossRate: 0.0 CC:21 score:0.6 
1660802509.959242 -- INFO: score [0.58, 0.59, 0.6] ******
1660802509.971973 -- INFO: action array from actor 0.7181237936019897 and action is 28 ******
1660802510.002436 -- INFO: Changing concurrency to 28 ******
1660802510.014551 -- INFO: Process Status Bits from change concurrency are: 1 1 1 1 1 1 1 1 1 1 1 1 1 1 1 1 1 1 1 1 1 1 1 1 1 1 1 1 0 0 0 0
1660802510.014704 -- INFO: Start Process :: 22
1660802510.015047 -- INFO: Start Process :: 24
1660802510.015236 -- INFO: Start Process :: 25
1660802510.015297 -- INFO: Active CC: 28
1660802510.017419 -- INFO: Process 22 get item 27 from queue and executing
1660802510.017731 -- INFO: starting 22, 27, /home/hjamil/Documents/files_bash/FILE26
1660802510.018721 -- INFO: Process 25 get item 28 from queue and executing
1660802510.019034 -- INFO: starting 25, 28, /home/hjamil/Documents/files_bash/FILE18
1660802510.021977 -- INFO: Start Process :: 21
1660802510.016042 -- INFO: Start Process :: 26
1660802510.022730 -- INFO: Start Process :: 23
1660802510.024341 -- INFO: Process 21 get item 25 from queue and executing
1660802510.024603 -- INFO: starting 21, 25, /home/hjamil/Documents/files_bash/FILE28
1660802510.028584 -- INFO: Process 24 get item 22 from queue and executing
1660802510.028980 -- INFO: starting 24, 22, /home/hjamil/Documents/files_bash/FILE9
1660802510.029647 -- INFO: Start Process :: 27
1660802510.032012 -- INFO: Process 27 get item 30 from queue and executing
1660802510.032449 -- INFO: starting 27, 30, /home/hjamil/Documents/files_bash/FILE16
1660802510.034620 -- INFO: Process 23 get item 31 from queue and executing
1660802510.035017 -- INFO: starting 23, 31, /home/hjamil/Documents/files_bash/FILE19
1660802510.035713 -- INFO: Process 26 get item 21 from queue and executing
1660802510.038338 -- INFO: starting 26, 21, /home/hjamil/Documents/files_bash/FILE21
1660802510.066123 -- INFO: Throughput @127.4s:910.0Mbps, rtt :3.8ms cwnd: 320.3 lossRate: 0.0 CC:21 score:0.6 
1660802511.094328 -- INFO: Throughput @128.4s:1099.14Mbps, rtt :7.04ms cwnd: 265.8 lossRate: 0.0017563245129398081 CC:28 score:0.61 
1660802511.998479 -- INFO: Throughput @129.4s:961.55Mbps, rtt :6.91ms cwnd: 261.0 lossRate: 0.0006934812760055479 CC:28 score:0.55 
1660802513.022023 -- INFO: Throughput @130.4s:932.39Mbps, rtt :6.62ms cwnd: 256.0 lossRate: 0.0011585667563751342 CC:28 score:0.52 
1660802513.518220 -- INFO: score [0.61, 0.55, 0.52] ******
1660802513.520594 -- INFO: action array from actor 0.3073209524154663 and action is 21 ******
1660802513.521055 -- INFO: Changing concurrency to 21 ******
1660802513.530573 -- INFO: Process Status Bits from change concurrency are: 1 1 1 1 1 1 1 1 1 1 1 1 1 1 1 1 1 1 1 1 1 0 0 0 0 0 0 0 0 0 0 0
1660802513.531517 -- INFO: Active CC: 21
1660802514.013608 -- INFO: Throughput @131.4s:914.24Mbps, rtt :5.76ms cwnd: 284.6 lossRate: 0.003114145406635525 CC:21 score:0.57 
1660802515.050295 -- INFO: Throughput @132.4s:914.59Mbps, rtt :5.7ms cwnd: 284.9 lossRate: 0.0 CC:21 score:0.6 
1660802516.054055 -- INFO: Throughput @133.4s:906.12Mbps, rtt :5.84ms cwnd: 289.4 lossRate: 0.0 CC:21 score:0.6 
1660802517.050870 -- INFO: score [0.57, 0.6, 0.6] ******
1660802517.060409 -- INFO: action array from actor 0.3073209524154663 and action is 21 ******
1660802517.060896 -- INFO: Changing concurrency to 21 ******
1660802517.065925 -- INFO: Process Status Bits from change concurrency are: 1 1 1 1 1 1 1 1 1 1 1 1 1 1 1 1 1 1 1 1 1 0 0 0 0 0 0 0 0 0 0 0
1660802517.069294 -- INFO: Throughput @134.4s:913.58Mbps, rtt :5.15ms cwnd: 291.0 lossRate: 0.0 CC:21 score:0.6 
1660802517.082387 -- INFO: Active CC: 21
1660802518.021765 -- INFO: Throughput @135.4s:915.34Mbps, rtt :5.1ms cwnd: 292.1 lossRate: 0.0 CC:21 score:0.6 
1660802519.050212 -- INFO: Throughput @136.4s:944.56Mbps, rtt :5.33ms cwnd: 297.7 lossRate: 0.0 CC:21 score:0.62 
1660802520.067310 -- INFO: Throughput @137.4s:921.76Mbps, rtt :5.9ms cwnd: 304.8 lossRate: 0.0 CC:21 score:0.61 
1660802520.610689 -- INFO: score [0.6, 0.62, 0.61] ******
1660802520.612391 -- INFO: action array from actor 0.3080006539821625 and action is 21 ******
1660802520.626400 -- INFO: Changing concurrency to 21 ******
1660802520.634710 -- INFO: Process Status Bits from change concurrency are: 1 1 1 1 1 1 1 1 1 1 1 1 1 1 1 1 1 1 1 1 1 0 0 0 0 0 0 0 0 0 0 0
1660802520.635210 -- INFO: Active CC: 21
1660802521.033324 -- INFO: Throughput @138.4s:934.81Mbps, rtt :5.32ms cwnd: 306.9 lossRate: 0.0 CC:21 score:0.62 
1660802522.048323 -- INFO: Throughput @139.4s:943.86Mbps, rtt :6.45ms cwnd: 308.2 lossRate: 0.0 CC:21 score:0.62 
1660802523.052445 -- INFO: Throughput @140.4s:935.98Mbps, rtt :5.71ms cwnd: 308.9 lossRate: 0.0002212688539502637 CC:21 score:0.62 
1660802524.054689 -- INFO: Throughput @141.4s:929.45Mbps, rtt :5.47ms cwnd: 309.3 lossRate: 0.0 CC:21 score:0.61 
1660802524.136347 -- INFO: score [0.62, 0.62, 0.61] ******
1660802524.143358 -- INFO: action array from actor 0.3073725700378418 and action is 21 ******
1660802524.144886 -- INFO: Changing concurrency to 21 ******
1660802524.172800 -- INFO: Process Status Bits from change concurrency are: 1 1 1 1 1 1 1 1 1 1 1 1 1 1 1 1 1 1 1 1 1 0 0 0 0 0 0 0 0 0 0 0
1660802524.173483 -- INFO: Active CC: 21
1660802525.058051 -- INFO: Throughput @142.4s:929.88Mbps, rtt :5.32ms cwnd: 313.3 lossRate: 0.0 CC:21 score:0.61 
1660802526.045795 -- INFO: Throughput @143.4s:925.24Mbps, rtt :5.21ms cwnd: 314.9 lossRate: 0.0 CC:21 score:0.61 
1660802527.057774 -- INFO: Throughput @144.4s:934.49Mbps, rtt :5.97ms cwnd: 316.0 lossRate: 0.0 CC:21 score:0.62 
1660802527.700547 -- INFO: score [0.61, 0.61, 0.62] ******
1660802527.702554 -- INFO: action array from actor 0.5169451236724854 and action is 25 ******
1660802527.702715 -- INFO: Changing concurrency to 25 ******
1660802527.715863 -- INFO: Process Status Bits from change concurrency are: 1 1 1 1 1 1 1 1 1 1 1 1 1 1 1 1 1 1 1 1 1 1 1 1 1 0 0 0 0 0 0 0
1660802527.716081 -- INFO: Start Process :: 22
1660802527.716286 -- INFO: Start Process :: 21
1660802527.716994 -- INFO: Start Process :: 24
1660802527.717883 -- INFO: Start Process :: 23
1660802527.719444 -- INFO: Process 24 get item 23 from queue and executing
1660802527.719680 -- INFO: starting 24, 23, /home/hjamil/Documents/files_bash/FILE10
1660802527.719882 -- INFO: Process 21 get item 29 from queue and executing
1660802527.720185 -- INFO: starting 21, 29, /home/hjamil/Documents/files_bash/FILE0
1660802527.720444 -- INFO: Process 22 get item 26 from queue and executing
1660802527.720719 -- INFO: starting 22, 26, /home/hjamil/Documents/files_bash/FILE27
1660802527.721317 -- INFO: Process 23 get item 20 from queue and executing
1660802527.721525 -- INFO: starting 23, 20, /home/hjamil/Documents/files_bash/FILE15
1660802527.730407 -- INFO: Active CC: 25
1660802528.070533 -- INFO: Throughput @145.4s:985.44Mbps, rtt :5.59ms cwnd: 277.6 lossRate: 0.001016381681214875 CC:25 score:0.59 
1660802529.050838 -- INFO: Throughput @146.4s:971.48Mbps, rtt :5.9ms cwnd: 274.4 lossRate: 0.001397362478322167 CC:25 score:0.58 
1660802530.043106 -- INFO: Throughput @147.4s:957.65Mbps, rtt :6.75ms cwnd: 275.0 lossRate: 6.298419096806702e-05 CC:25 score:0.58 
1660802531.038010 -- INFO: Throughput @148.4s:920.47Mbps, rtt :6.51ms cwnd: 272.8 lossRate: 0.0002612752721617418 CC:25 score:0.56 
1660802531.239123 -- INFO: score [0.58, 0.58, 0.56] ******
1660802531.241096 -- INFO: action array from actor 0.3073209524154663 and action is 21 ******
1660802531.247400 -- INFO: Changing concurrency to 21 ******
1660802531.254905 -- INFO: Process Status Bits from change concurrency are: 1 1 1 1 1 1 1 1 1 1 1 1 1 1 1 1 1 1 1 1 1 0 0 0 0 0 0 0 0 0 0 0
1660802531.259732 -- INFO: Active CC: 21
1660802532.043633 -- INFO: Throughput @149.4s:912.07Mbps, rtt :6.03ms cwnd: 294.8 lossRate: 0.0 CC:21 score:0.6 
1660802533.022649 -- INFO: Throughput @150.4s:890.0Mbps, rtt :6.5ms cwnd: 295.0 lossRate: 0.0 CC:21 score:0.59 
1660802534.031234 -- INFO: Throughput @151.4s:919.23Mbps, rtt :6.57ms cwnd: 296.2 lossRate: 0.0 CC:21 score:0.61 
1660802534.771147 -- INFO: score [0.6, 0.59, 0.61] ******
1660802534.772951 -- INFO: action array from actor 0.3096187114715576 and action is 21 ******
1660802534.778562 -- INFO: Changing concurrency to 21 ******
1660802534.794748 -- INFO: Process Status Bits from change concurrency are: 1 1 1 1 1 1 1 1 1 1 1 1 1 1 1 1 1 1 1 1 1 0 0 0 0 0 0 0 0 0 0 0
1660802534.798547 -- INFO: Active CC: 21
1660802535.079576 -- INFO: Throughput @152.4s:925.42Mbps, rtt :6.78ms cwnd: 301.0 lossRate: 0.0 CC:21 score:0.61 
1660802536.058033 -- INFO: Throughput @153.4s:935.62Mbps, rtt :6.04ms cwnd: 302.8 lossRate: 0.0 CC:21 score:0.62 
1660802537.072021 -- INFO: Throughput @154.4s:924.28Mbps, rtt :5.61ms cwnd: 304.2 lossRate: 0.0 CC:21 score:0.61 
1660802538.064266 -- INFO: Throughput @155.4s:935.01Mbps, rtt :5.0ms cwnd: 307.9 lossRate: 0.0 CC:21 score:0.62 
1660802538.335080 -- INFO: score [0.62, 0.61, 0.62] ******
1660802538.340046 -- INFO: action array from actor 0.3080134391784668 and action is 21 ******
1660802538.340403 -- INFO: Changing concurrency to 21 ******
1660802538.346366 -- INFO: Process Status Bits from change concurrency are: 1 1 1 1 1 1 1 1 1 1 1 1 1 1 1 1 1 1 1 1 1 0 0 0 0 0 0 0 0 0 0 0
1660802538.354426 -- INFO: Active CC: 21
1660802539.105808 -- INFO: Throughput @156.4s:939.49Mbps, rtt :5.63ms cwnd: 312.2 lossRate: 0.0 CC:21 score:0.62 
1660802540.100708 -- INFO: Throughput @157.4s:916.58Mbps, rtt :6.72ms cwnd: 314.1 lossRate: 0.0 CC:21 score:0.6 
1660802541.096075 -- INFO: Throughput @158.4s:938.99Mbps, rtt :6.49ms cwnd: 317.9 lossRate: 0.0 CC:21 score:0.62 
1660802541.862985 -- INFO: score [0.62, 0.6, 0.62] ******
1660802541.864716 -- INFO: action array from actor 0.5169238448143005 and action is 25 ******
1660802541.878550 -- INFO: Changing concurrency to 25 ******
1660802541.890519 -- INFO: Start Process :: 21
1660802541.890915 -- INFO: Process Status Bits from change concurrency are: 1 1 1 1 1 1 1 1 1 1 1 1 1 1 1 1 1 1 1 1 1 1 1 1 1 0 0 0 0 0 0 0
1660802541.894050 -- INFO: Start Process :: 22
1660802541.894231 -- INFO: Start Process :: 24
1660802541.894684 -- INFO: Active CC: 25
1660802541.895806 -- INFO: Process 21 get item 25 from queue and executing
1660802541.895844 -- INFO: Process 24 get item 27 from queue and executing
1660802541.896035 -- INFO: starting 21, 25, /home/hjamil/Documents/files_bash/FILE28
1660802541.896124 -- INFO: starting 24, 27, /home/hjamil/Documents/files_bash/FILE26
1660802541.896646 -- INFO: Process 22 get item 30 from queue and executing
1660802541.897131 -- INFO: starting 22, 30, /home/hjamil/Documents/files_bash/FILE16
1660802541.899398 -- INFO: Start Process :: 23
1660802541.904384 -- INFO: Process 23 get item 22 from queue and executing
1660802541.904703 -- INFO: starting 23, 22, /home/hjamil/Documents/files_bash/FILE9
1660802542.029920 -- INFO: Throughput @159.4s:954.19Mbps, rtt :7.0ms cwnd: 293.8 lossRate: 0.0 CC:25 score:0.58 
1660802543.073778 -- INFO: Throughput @160.4s:984.92Mbps, rtt :7.87ms cwnd: 277.8 lossRate: 0.0018520522904114203 CC:25 score:0.58 
1660802544.091628 -- INFO: Throughput @161.4s:975.78Mbps, rtt :6.66ms cwnd: 275.1 lossRate: 0.0004408793092890821 CC:25 score:0.59 
1660802545.064261 -- INFO: Throughput @162.4s:934.67Mbps, rtt :7.67ms cwnd: 274.3 lossRate: 0.0006236746912810278 CC:25 score:0.56 
1660802545.407080 -- INFO: score [0.58, 0.59, 0.56] ******
1660802545.408812 -- INFO: action array from actor 0.3073209524154663 and action is 21 ******
1660802545.409071 -- INFO: Changing concurrency to 21 ******
1660802545.410363 -- INFO: Process Status Bits from change concurrency are: 1 1 1 1 1 1 1 1 1 1 1 1 1 1 1 1 1 1 1 1 1 0 0 0 0 0 0 0 0 0 0 0
1660802545.410755 -- INFO: Active CC: 21
1660802546.133272 -- INFO: Throughput @163.4s:925.51Mbps, rtt :6.2ms cwnd: 289.2 lossRate: 0.0016869894637149283 CC:21 score:0.6 
1660802547.065955 -- INFO: Throughput @164.5s:799.85Mbps, rtt :6.31ms cwnd: 290.9 lossRate: 0.0 CC:21 score:0.53 
1660802548.028462 -- INFO: Throughput @165.5s:905.52Mbps, rtt :5.2ms cwnd: 292.7 lossRate: 0.0 CC:21 score:0.6 
1660802548.931077 -- INFO: score [0.6, 0.53, 0.6] ******
1660802548.939941 -- INFO: action array from actor 0.473867267370224 and action is 24 ******
1660802548.947968 -- INFO: Changing concurrency to 24 ******
1660802548.962417 -- INFO: Process Status Bits from change concurrency are: 1 1 1 1 1 1 1 1 1 1 1 1 1 1 1 1 1 1 1 1 1 1 1 1 0 0 0 0 0 0 0 0
1660802548.962556 -- INFO: Start Process :: 22
1660802548.963187 -- INFO: Active CC: 24
1660802548.965408 -- INFO: Process 22 get item 28 from queue and executing
1660802548.965669 -- INFO: starting 22, 28, /home/hjamil/Documents/files_bash/FILE18
1660802548.967871 -- INFO: Start Process :: 21
1660802548.971653 -- INFO: Start Process :: 23
1660802548.976121 -- INFO: Process 23 get item 31 from queue and executing
1660802548.976379 -- INFO: starting 23, 31, /home/hjamil/Documents/files_bash/FILE19
1660802548.978007 -- INFO: Process 21 get item 21 from queue and executing
1660802548.978290 -- INFO: starting 21, 21, /home/hjamil/Documents/files_bash/FILE21
1660802549.086392 -- INFO: Throughput @166.5s:923.4Mbps, rtt :5.9ms cwnd: 276.8 lossRate: 0.0 CC:24 score:0.57 
1660802550.068224 -- INFO: Throughput @167.5s:1000.13Mbps, rtt :6.09ms cwnd: 273.3 lossRate: 0.0005465227490094275 CC:24 score:0.62 
1660802551.073833 -- INFO: Throughput @168.5s:947.88Mbps, rtt :6.18ms cwnd: 273.8 lossRate: 0.00021822678612562588 CC:24 score:0.59 
1660802552.098914 -- INFO: Throughput @169.5s:948.61Mbps, rtt :7.6ms cwnd: 274.9 lossRate: 0.0 CC:24 score:0.59 
1660802552.471114 -- INFO: score [0.62, 0.59, 0.59] ******
1660802552.472710 -- INFO: action array from actor 0.3073209524154663 and action is 21 ******
1660802552.473035 -- INFO: Changing concurrency to 21 ******
1660802552.473402 -- INFO: Process Status Bits from change concurrency are: 1 1 1 1 1 1 1 1 1 1 1 1 1 1 1 1 1 1 1 1 1 0 0 0 0 0 0 0 0 0 0 0
1660802552.473959 -- INFO: Active CC: 21
1660802553.066551 -- INFO: Throughput @170.5s:909.76Mbps, rtt :6.55ms cwnd: 287.9 lossRate: 0.0 CC:21 score:0.6 
1660802554.053753 -- INFO: Throughput @171.5s:879.99Mbps, rtt :5.39ms cwnd: 287.3 lossRate: 1.2312693155373875e-05 CC:21 score:0.58 
1660802555.096409 -- INFO: Throughput @172.5s:930.56Mbps, rtt :5.01ms cwnd: 292.7 lossRate: 0.0 CC:21 score:0.61 
1660802556.003205 -- INFO: score [0.6, 0.58, 0.61] ******
1660802556.004996 -- INFO: action array from actor 0.30832433700561523 and action is 21 ******
1660802556.010366 -- INFO: Changing concurrency to 21 ******
1660802556.030376 -- INFO: Process Status Bits from change concurrency are: 1 1 1 1 1 1 1 1 1 1 1 1 1 1 1 1 1 1 1 1 1 0 0 0 0 0 0 0 0 0 0 0
1660802556.035010 -- INFO: Active CC: 21
1660802556.074390 -- INFO: Throughput @173.5s:930.43Mbps, rtt :6.6ms cwnd: 295.7 lossRate: 0.0 CC:21 score:0.61 
1660802557.066658 -- INFO: Throughput @174.5s:923.95Mbps, rtt :6.45ms cwnd: 297.9 lossRate: 0.0 CC:21 score:0.61 
1660802557.362299 -- INFO: Process 9 finished on working on file 2 
1660802557.363110 -- INFO: Process 9 get item 23 from queue and executing
1660802557.363729 -- INFO: starting 9, 23, /home/hjamil/Documents/files_bash/FILE10
1660802557.770303 -- INFO: Process 14 finished on working on file 18 
1660802557.771034 -- INFO: Process 14 get item 29 from queue and executing
1660802557.771514 -- INFO: starting 14, 29, /home/hjamil/Documents/files_bash/FILE0
1660802558.067908 -- INFO: Throughput @175.5s:925.08Mbps, rtt :5.52ms cwnd: 303.2 lossRate: 0.0 CC:21 score:0.61 
1660802558.959015 -- INFO: Process 6 finished on working on file 8 
1660802558.959887 -- INFO: Process 6 get item 20 from queue and executing
1660802558.960742 -- INFO: starting 6, 20, /home/hjamil/Documents/files_bash/FILE15
1660802559.109587 -- INFO: Throughput @176.5s:940.01Mbps, rtt :6.22ms cwnd: 310.8 lossRate: 0.0 CC:21 score:0.62 
1660802559.498922 -- INFO: Process 15 finished on working on file 15 
1660802559.499546 -- INFO: Process 15 get item 26 from queue and executing
1660802559.499917 -- INFO: starting 15, 26, /home/hjamil/Documents/files_bash/FILE27
1660802559.547862 -- INFO: score [0.61, 0.61, 0.62] ******
1660802559.549975 -- INFO: action array from actor 0.3243125379085541 and action is 22 ******
1660802559.550142 -- INFO: Changing concurrency to 22 ******
1660802559.563259 -- INFO: Process Status Bits from change concurrency are: 1 1 1 1 1 1 1 1 1 1 1 1 1 1 1 1 1 1 1 1 1 1 0 0 0 0 0 0 0 0 0 0
1660802559.563694 -- INFO: Active CC: 22
1660802559.589343 -- INFO: Process 13 finished on working on file 14 
1660802559.590685 -- INFO: Start Process :: 21
1660802559.600886 -- INFO: Process 21 get item 30 from queue and executing
1660802559.606642 -- INFO: Process 13 get item 25 from queue and executing
1660802559.607255 -- INFO: starting 13, 25, /home/hjamil/Documents/files_bash/FILE28
1660802559.609213 -- INFO: starting 21, 30, /home/hjamil/Documents/files_bash/FILE16
1660802559.818308 -- INFO: Process 18 finished on working on file 12 
1660802559.819084 -- INFO: Process 18 get item 22 from queue and executing
1660802559.819583 -- INFO: starting 18, 22, /home/hjamil/Documents/files_bash/FILE9
1660802559.958327 -- INFO: Process 8 finished on working on file 3 
1660802559.982908 -- INFO: Process 8 get item 27 from queue and executing
1660802559.983477 -- INFO: starting 8, 27, /home/hjamil/Documents/files_bash/FILE26
1660802560.077693 -- INFO: Throughput @177.5s:930.21Mbps, rtt :6.18ms cwnd: 306.3 lossRate: 0.0 CC:22 score:0.6 
1660802560.486762 -- INFO: Process 17 finished on working on file 19 
1660802560.498677 -- INFO: Process 17 get item 21 from queue and executing
1660802560.499315 -- INFO: starting 17, 21, /home/hjamil/Documents/files_bash/FILE21
1660802561.059145 -- INFO: Throughput @178.5s:949.42Mbps, rtt :6.18ms cwnd: 305.2 lossRate: 0.00016159305895660606 CC:22 score:0.61 
1660802562.046595 -- INFO: Process 4 finished on working on file 7 
1660802562.048158 -- INFO: Process 4 get item 28 from queue and executing
1660802562.051106 -- INFO: starting 4, 28, /home/hjamil/Documents/files_bash/FILE18
1660802562.058664 -- INFO: Throughput @179.5s:944.02Mbps, rtt :6.17ms cwnd: 305.6 lossRate: 0.0 CC:22 score:0.61 
1660802562.698000 -- INFO: Process 19 finished on working on file 9 
1660802562.699022 -- INFO: Process 19 get item 31 from queue and executing
1660802562.700278 -- INFO: starting 19, 31, /home/hjamil/Documents/files_bash/FILE19
1660802563.057542 -- INFO: Throughput @180.5s:928.78Mbps, rtt :6.53ms cwnd: 306.0 lossRate: 0.0 CC:22 score:0.6 
1660802563.067307 -- INFO: score [0.61, 0.61, 0.6] ******
1660802563.080185 -- INFO: action array from actor 0.3073210120201111 and action is 21 ******
1660802563.080599 -- INFO: Changing concurrency to 21 ******
1660802563.089020 -- INFO: Process Status Bits from change concurrency are: 1 1 1 1 1 1 1 1 1 1 1 1 1 1 1 1 1 1 1 1 1 0 0 0 0 0 0 0 0 0 0 0
1660802563.089696 -- INFO: Active CC: 21
1660802563.158304 -- INFO: Process 5 finished on working on file 10 
1660802563.162498 -- INFO: Process 5 get item 30 from queue and executing
1660802563.166562 -- INFO: starting 5, 30, /home/hjamil/Documents/files_bash/FILE16
1660802564.086794 -- INFO: Throughput @181.5s:925.95Mbps, rtt :5.98ms cwnd: 309.9 lossRate: 0.00025116512711746155 CC:21 score:0.61 
1660802565.091953 -- INFO: Throughput @182.5s:904.23Mbps, rtt :5.89ms cwnd: 311.6 lossRate: 0.0 CC:21 score:0.6 
1660802566.070270 -- INFO: Throughput @183.5s:950.01Mbps, rtt :5.64ms cwnd: 314.8 lossRate: 0.0 CC:21 score:0.63 
1660802566.615079 -- INFO: score [0.61, 0.6, 0.63] ******
1660802566.616719 -- INFO: action array from actor 0.5180091857910156 and action is 25 ******
1660802566.617079 -- INFO: Changing concurrency to 25 ******
1660802566.622429 -- INFO: Process Status Bits from change concurrency are: 1 1 1 1 1 1 1 1 1 1 1 1 1 1 1 1 1 1 1 1 1 1 1 1 1 0 0 0 0 0 0 0
1660802566.623062 -- INFO: Active CC: 25
1660802567.102034 -- INFO: Throughput @184.5s:935.38Mbps, rtt :5.76ms cwnd: 315.8 lossRate: 0.0 CC:25 score:0.57 
1660802568.071862 -- INFO: Throughput @185.5s:924.74Mbps, rtt :5.28ms cwnd: 318.5 lossRate: 0.0 CC:25 score:0.56 
1660802569.079612 -- INFO: Throughput @186.5s:934.96Mbps, rtt :5.73ms cwnd: 322.5 lossRate: 1.2414341046777236e-05 CC:25 score:0.57 
1660802570.095134 -- INFO: Throughput @187.5s:920.91Mbps, rtt :5.66ms cwnd: 326.2 lossRate: 0.0 CC:25 score:0.56 
1660802570.135272 -- INFO: score [0.56, 0.57, 0.56] ******
1660802570.137460 -- INFO: action array from actor 0.6728038787841797 and action is 27 ******
1660802570.158391 -- INFO: Changing concurrency to 27 ******
1660802570.174473 -- INFO: Process Status Bits from change concurrency are: 1 1 1 1 1 1 1 1 1 1 1 1 1 1 1 1 1 1 1 1 1 1 1 1 1 1 1 0 0 0 0 0
1660802570.178350 -- INFO: Active CC: 27
1660802571.094563 -- INFO: Throughput @188.5s:944.48Mbps, rtt :6.32ms cwnd: 324.6 lossRate: 0.0001861019094055905 CC:27 score:0.55 
1660802572.103339 -- INFO: Throughput @189.5s:949.66Mbps, rtt :6.43ms cwnd: 328.4 lossRate: 0.0 CC:27 score:0.56 
1660802573.067623 -- INFO: Throughput @190.5s:920.26Mbps, rtt :6.3ms cwnd: 328.6 lossRate: 0.0 CC:27 score:0.54 
1660802573.708060 -- INFO: score [0.55, 0.56, 0.54] ******
1660802573.710847 -- INFO: action array from actor 0.5941137075424194 and action is 26 ******
1660802573.726562 -- INFO: Changing concurrency to 26 ******
1660802573.730445 -- INFO: Start Process :: 26
1660802573.734331 -- INFO: Process Status Bits from change concurrency are: 1 1 1 1 1 1 1 1 1 1 1 1 1 1 1 1 1 1 1 1 1 1 1 1 1 1 0 0 0 0 0 0
1660802573.735080 -- INFO: Active CC: 26
1660802574.114407 -- INFO: Throughput @191.5s:945.2Mbps, rtt :6.17ms cwnd: 332.3 lossRate: 0.0 CC:26 score:0.56 
1660802575.073805 -- INFO: Throughput @192.5s:929.66Mbps, rtt :6.05ms cwnd: 333.0 lossRate: 0.0 CC:26 score:0.56 
1660802576.091682 -- INFO: Throughput @193.5s:935.08Mbps, rtt :6.2ms cwnd: 335.7 lossRate: 0.0 CC:26 score:0.56 
1660802577.087762 -- INFO: Throughput @194.5s:924.77Mbps, rtt :6.3ms cwnd: 336.2 lossRate: 0.0 CC:26 score:0.55 
1660802577.255024 -- INFO: score [0.56, 0.56, 0.55] ******
1660802577.256704 -- INFO: action array from actor 0.7256610989570618 and action is 28 ******
1660802577.256906 -- INFO: Changing concurrency to 28 ******
1660802577.282334 -- INFO: Process Status Bits from change concurrency are: 1 1 1 1 1 1 1 1 1 1 1 1 1 1 1 1 1 1 1 1 1 1 1 1 1 1 1 1 0 0 0 0
1660802577.282881 -- INFO: Active CC: 28
1660802578.080218 -- INFO: Throughput @195.5s:930.67Mbps, rtt :6.33ms cwnd: 336.8 lossRate: 0.0 CC:28 score:0.53 
1660802579.088776 -- INFO: Throughput @196.5s:944.78Mbps, rtt :5.17ms cwnd: 342.7 lossRate: 0.0 CC:28 score:0.54 
1660802579.684454 -- INFO: Process 0 finished on working on file 0 
1660802579.972848 -- INFO: Process 3 finished on working on file 1 
1660802580.021869 -- INFO: Process 16 finished on working on file 11 
1660802580.090393 -- INFO: Process 12 finished on working on file 17 
1660802580.131699 -- INFO: Throughput @197.5s:905.18Mbps, rtt :6.69ms cwnd: 354.3 lossRate: 0 CC:28 score:0.52 
1660802580.289963 -- INFO: Process 7 finished on working on file 16 
1660802580.493673 -- INFO: Process 10 finished on working on file 4 
1660802580.622303 -- INFO: Process 1 finished on working on file 13 
1660802580.785062 -- INFO: score [0.53, 0.54, 0.52] ******
1660802580.787107 -- INFO: action array from actor 0.7261841893196106 and action is 28 ******
1660802580.818562 -- INFO: Changing concurrency to 28 ******
1660802580.822508 -- INFO: Process Status Bits from change concurrency are: 1 1 1 1 1 1 1 1 1 1 1 1 1 1 1 1 1 1 1 1 1 1 1 1 1 1 1 1 0 0 0 0
1660802580.823221 -- INFO: Active CC: 28
1660802581.077291 -- INFO: Throughput @198.5s:725.83Mbps, rtt :3.94ms cwnd: 409.0 lossRate: 0 CC:28 score:0.42 
1660802582.062533 -- INFO: Throughput @199.5s:630.0Mbps, rtt :3.75ms cwnd: 412.6 lossRate: 0.0 CC:28 score:0.36 
1660802583.022151 -- INFO: episode expires
1660802583.023055 -- INFO: Process 26 shutdown itself from outest loop
1660802583.023558 -- INFO: Process 10 shutdown itself from outest loop
1660802583.023823 -- INFO: Process 24 shutdown itself from outest loop
1660802583.024294 -- INFO: Process 22 shutdown itself from outest loop
1660802583.024535 -- INFO: Process 16 shutdown itself from outest loop
1660802583.024639 -- INFO: Process 7 shutdown itself from outest loop
1660802583.025017 -- INFO: Process 0 shutdown itself from outest loop
1660802583.025560 -- INFO: Process 23 shutdown itself from outest loop
1660802583.025872 -- INFO: Process 27 shutdown itself from outest loop
1660802583.026269 -- INFO: Process 1 shutdown itself from outest loop
1660802583.026320 -- INFO: Process 25 shutdown itself from outest loop
1660802583.026718 -- INFO: Process 21 shutdown itself from outest loop
1660802583.027147 -- INFO: Process 3 shutdown itself from outest loop
1660802583.024127 -- INFO: Process 31 shutdown itself from outest loop
1660802583.027448 -- INFO: Process 12 shutdown itself from outest loop
1660802583.022552 -- INFO: Process 28 shutdown itself from outest loop
1660802583.026427 -- INFO: Process 29 shutdown itself from outest loop
1660802583.030547 -- INFO: Process 30 shutdown itself from outest loop
1660802584.335003 -- INFO: score [0.52, 0.42, 0.36] ******
