1660859935.683155 -- INFO: action array from actor 0.07410252839326859 and action is 18 ******
1660859935.683666 -- INFO: Changing concurrency to 18 ******
1660859935.686782 -- INFO: Start Process :: 0
1660859935.687115 -- INFO: Process Status Bits from change concurrency are: 1 1 1 1 1 1 1 1 1 1 1 1 1 1 1 1 1 1 0 0 0 0 0 0 0 0 0 0 0 0 0 0
1660859935.688873 -- INFO: Active CC: 18
1660859935.688790 -- INFO: Start Process :: 1
1660859935.688594 -- INFO: Start Process :: 2
1660859935.690593 -- INFO: Process 0 get item 0 from queue and executing
1660859935.690917 -- INFO: Process 2 get item 1 from queue and executing
1660859935.691246 -- INFO: starting 2, 1, /home/hjamil/Documents/files_bash/FILE1
1660859935.692123 -- INFO: starting 0, 0, /home/hjamil/Documents/files_bash/FILE25
1660859935.692755 -- INFO: Process 1 get item 2 from queue and executing
1660859935.693192 -- INFO: starting 1, 2, /home/hjamil/Documents/files_bash/FILE4
1660859935.692724 -- INFO: Start Process :: 4
1660859935.696023 -- INFO: Start Process :: 7
1660859935.695823 -- INFO: Start Process :: 3
1660859935.698491 -- INFO: Process 3 get item 3 from queue and executing
1660859935.698708 -- INFO: starting 3, 3, /home/hjamil/Documents/files_bash/FILE13
1660859935.700415 -- INFO: Process 4 get item 4 from queue and executing
1660859935.700684 -- INFO: starting 4, 4, /home/hjamil/Documents/files_bash/FILE3
1660859935.703911 -- INFO: Process 7 get item 5 from queue and executing
1660859935.704260 -- INFO: starting 7, 5, /home/hjamil/Documents/files_bash/FILE24
1660859935.705008 -- INFO: Start Process :: 8
1660859935.706879 -- INFO: Start Process :: 6
1660859935.706921 -- INFO: Start Process :: 9
1660859935.708292 -- INFO: Start Process :: 5
1660859935.734712 -- INFO: Process 9 get item 6 from queue and executing
1660859935.734808 -- INFO: Process 8 get item 7 from queue and executing
1660859935.734998 -- INFO: Process 6 get item 8 from queue and executing
1660859935.735102 -- INFO: Process 5 get item 9 from queue and executing
1660859935.735215 -- INFO: starting 6, 8, /home/hjamil/Documents/files_bash/FILE29
1660859935.735247 -- INFO: starting 8, 7, /home/hjamil/Documents/files_bash/FILE20
1660859935.735445 -- INFO: starting 9, 6, /home/hjamil/Documents/files_bash/FILE2
1660859935.735466 -- INFO: starting 5, 9, /home/hjamil/Documents/files_bash/FILE7
1660859935.739024 -- INFO: Start Process :: 10
1660859935.739967 -- INFO: Start Process :: 11
1660859935.741507 -- INFO: Start Process :: 17
1660859935.742328 -- INFO: Process 10 get item 10 from queue and executing
1660859935.742185 -- INFO: Start Process :: 16
1660859935.742651 -- INFO: starting 10, 10, /home/hjamil/Documents/files_bash/FILE31
1660859935.744512 -- INFO: Process 17 get item 11 from queue and executing
1660859935.744771 -- INFO: Process 11 get item 12 from queue and executing
1660859935.744909 -- INFO: starting 17, 11, /home/hjamil/Documents/files_bash/FILE6
1660859935.745107 -- INFO: starting 11, 12, /home/hjamil/Documents/files_bash/FILE22
1660859935.745085 -- INFO: Start Process :: 12
1660859935.762115 -- INFO: Process 16 get item 13 from queue and executing
1660859935.762355 -- INFO: Process 12 get item 14 from queue and executing
1660859935.762632 -- INFO: starting 16, 13, /home/hjamil/Documents/files_bash/FILE11
1660859935.764009 -- INFO: starting 12, 14, /home/hjamil/Documents/files_bash/FILE30
1660859935.816561 -- INFO: Start Process :: 15
1660859935.831389 -- INFO: Start Process :: 14
1660859935.832011 -- INFO: Process 15 get item 15 from queue and executing
1660859935.832432 -- INFO: starting 15, 15, /home/hjamil/Documents/files_bash/FILE5
1660859935.834675 -- INFO: Process 14 get item 16 from queue and executing
1660859935.835120 -- INFO: starting 14, 16, /home/hjamil/Documents/files_bash/FILE17
1660859935.849447 -- INFO: Start Process :: 13
1660859935.852758 -- INFO: Process 13 get item 17 from queue and executing
1660859935.853202 -- INFO: starting 13, 17, /home/hjamil/Documents/files_bash/FILE23
1660859935.863776 -- INFO: Throughput @0.1s:243.14Mbps, rtt :1.36ms cwnd: 35.0 lossRate: 0.0 CC:18 score:0.17 
1660859936.761063 -- INFO: Throughput @1.1s:820.69Mbps, rtt :1.98ms cwnd: 146.8 lossRate: 0.0 CC:18 score:0.57 
1660859937.764676 -- INFO: Throughput @2.1s:845.0Mbps, rtt :2.95ms cwnd: 204.6 lossRate: 0.0 CC:18 score:0.59 
1660859938.753021 -- INFO: Throughput @3.1s:850.0Mbps, rtt :3.91ms cwnd: 243.9 lossRate: 0.0 CC:18 score:0.6 
1660859939.207889 -- INFO: score [0.57, 0.59, 0.6] ******
1660859939.209368 -- INFO: action array from actor 0.13658957183361053 and action is 19 ******
1660859939.209486 -- INFO: Changing concurrency to 19 ******
1660859939.219001 -- INFO: Process Status Bits from change concurrency are: 1 1 1 1 1 1 1 1 1 1 1 1 1 1 1 1 1 1 1 0 0 0 0 0 0 0 0 0 0 0 0 0
1660859939.219685 -- INFO: Active CC: 19
1660859939.251284 -- INFO: Start Process :: 18
1660859939.252527 -- INFO: Process 18 get item 18 from queue and executing
1660859939.252794 -- INFO: starting 18, 18, /home/hjamil/Documents/files_bash/FILE14
1660859939.768800 -- INFO: Throughput @4.1s:845.0Mbps, rtt :3.04ms cwnd: 267.3 lossRate: 0.0 CC:19 score:0.58 
1660859940.765954 -- INFO: Throughput @5.1s:880.0Mbps, rtt :4.6ms cwnd: 286.0 lossRate: 0.0 CC:19 score:0.6 
1660859941.798460 -- INFO: Throughput @6.1s:895.0Mbps, rtt :5.12ms cwnd: 308.4 lossRate: 0.0 CC:19 score:0.61 
1660859942.744917 -- INFO: score [0.58, 0.6, 0.61] ******
1660859942.748495 -- INFO: action array from actor 0.319590300321579 and action is 21 ******
1660859942.753408 -- INFO: Changing concurrency to 21 ******
1660859942.760668 -- INFO: Throughput @7.1s:875.0Mbps, rtt :5.5ms cwnd: 319.0 lossRate: 0.0 CC:19 score:0.6 
1660859942.768316 -- INFO: Process Status Bits from change concurrency are: 1 1 1 1 1 1 1 1 1 1 1 1 1 1 1 1 1 1 1 1 1 0 0 0 0 0 0 0 0 0 0 0
1660859942.770671 -- INFO: Active CC: 21
1660859942.795160 -- INFO: Start Process :: 19
1660859942.797322 -- INFO: Process 19 get item 19 from queue and executing
1660859942.797544 -- INFO: starting 19, 19, /home/hjamil/Documents/files_bash/FILE8
1660859942.819032 -- INFO: Start Process :: 20
1660859942.820232 -- INFO: Process 20 get item 20 from queue and executing
1660859942.820417 -- INFO: starting 20, 20, /home/hjamil/Documents/files_bash/FILE15
1660859943.764819 -- INFO: Throughput @8.1s:955.0Mbps, rtt :8.76ms cwnd: 276.6 lossRate: 0.001309589376415152 CC:21 score:0.62 
1660859944.755987 -- INFO: Throughput @9.1s:977.4Mbps, rtt :5.51ms cwnd: 253.5 lossRate: 0.0013638297339906408 CC:21 score:0.63 
1660859945.779235 -- INFO: Throughput @10.1s:956.41Mbps, rtt :7.14ms cwnd: 258.7 lossRate: 0.0 CC:21 score:0.63 
1660859946.271884 -- INFO: score [0.62, 0.63, 0.63] ******
1660859946.273578 -- INFO: action array from actor 0.12365147471427917 and action is 18 ******
1660859946.273745 -- INFO: Changing concurrency to 18 ******
1660859946.274063 -- INFO: Process Status Bits from change concurrency are: 1 1 1 1 1 1 1 1 1 1 1 1 1 1 1 1 1 1 0 0 0 0 0 0 0 0 0 0 0 0 0 0
1660859946.274442 -- INFO: Active CC: 18
1660859946.744743 -- INFO: Throughput @11.1s:916.18Mbps, rtt :7.93ms cwnd: 273.0 lossRate: 0.000851305334846765 CC:18 score:0.63 
1660859947.748087 -- INFO: Throughput @12.1s:845.0Mbps, rtt :5.43ms cwnd: 288.1 lossRate: 0.0 CC:18 score:0.59 
1660859948.764048 -- INFO: Throughput @13.1s:845.0Mbps, rtt :3.49ms cwnd: 302.9 lossRate: 0.0 CC:18 score:0.59 
1660859949.772507 -- INFO: Throughput @14.1s:825.0Mbps, rtt :7.49ms cwnd: 313.5 lossRate: 0.0 CC:18 score:0.58 
1660859949.788861 -- INFO: score [0.59, 0.59, 0.58] ******
1660859949.790345 -- INFO: action array from actor 0.7151646018028259 and action is 28 ******
1660859949.806707 -- INFO: Changing concurrency to 28 ******
1660859949.810795 -- INFO: Process Status Bits from change concurrency are: 1 1 1 1 1 1 1 1 1 1 1 1 1 1 1 1 1 1 1 1 1 1 1 1 1 1 1 1 0 0 0 0
1660859949.811297 -- INFO: Active CC: 28
1660859949.811604 -- INFO: Start Process :: 20
1660859949.811783 -- INFO: Start Process :: 18
1660859949.811969 -- INFO: Start Process :: 19
1660859949.812880 -- INFO: Process 18 get item 21 from queue and executing
1660859949.813284 -- INFO: starting 18, 21, /home/hjamil/Documents/files_bash/FILE21
1660859949.813709 -- INFO: Process 20 get item 22 from queue and executing
1660859949.814158 -- INFO: starting 20, 22, /home/hjamil/Documents/files_bash/FILE9
1660859949.814212 -- INFO: Process 19 get item 23 from queue and executing
1660859949.814619 -- INFO: starting 19, 23, /home/hjamil/Documents/files_bash/FILE10
1660859949.831105 -- INFO: Start Process :: 26
1660859949.833399 -- INFO: Process 26 get item 24 from queue and executing
1660859949.833760 -- INFO: starting 26, 24, /home/hjamil/Documents/files_bash/FILE12
1660859949.846943 -- INFO: Start Process :: 23
1660859949.866738 -- INFO: Process 23 get item 25 from queue and executing
1660859949.866977 -- INFO: starting 23, 25, /home/hjamil/Documents/files_bash/FILE28
1660859949.871603 -- INFO: Start Process :: 22
1660859949.874994 -- INFO: Start Process :: 24
1660859949.875628 -- INFO: Process 22 get item 26 from queue and executing
1660859949.875821 -- INFO: starting 22, 26, /home/hjamil/Documents/files_bash/FILE27
1660859949.879501 -- INFO: Process 24 get item 27 from queue and executing
1660859949.879771 -- INFO: starting 24, 27, /home/hjamil/Documents/files_bash/FILE26
1660859949.903433 -- INFO: Start Process :: 27
1660859949.906374 -- INFO: Process 27 get item 28 from queue and executing
1660859949.906594 -- INFO: starting 27, 28, /home/hjamil/Documents/files_bash/FILE18
1660859949.912380 -- INFO: Start Process :: 21
1660859949.919007 -- INFO: Process 21 get item 29 from queue and executing
1660859949.919399 -- INFO: starting 21, 29, /home/hjamil/Documents/files_bash/FILE0
1660859949.943251 -- INFO: Start Process :: 25
1660859949.944607 -- INFO: Process 25 get item 30 from queue and executing
1660859949.944902 -- INFO: starting 25, 30, /home/hjamil/Documents/files_bash/FILE16
1660859950.761019 -- INFO: Throughput @15.1s:1141.09Mbps, rtt :10.43ms cwnd: 175.8 lossRate: 0.002722209735021603 CC:28 score:0.62 
1660859951.765229 -- INFO: Throughput @16.1s:954.85Mbps, rtt :9.59ms cwnd: 176.6 lossRate: 0.0002591217008254877 CC:28 score:0.55 
1660859952.766474 -- INFO: Throughput @17.1s:912.52Mbps, rtt :9.16ms cwnd: 158.5 lossRate: 0.0015949752098814278 CC:28 score:0.51 
1660859953.312941 -- INFO: score [0.62, 0.55, 0.51] ******
1660859953.315448 -- INFO: action array from actor 0.37873661518096924 and action is 22 ******
1660859953.315797 -- INFO: Changing concurrency to 22 ******
1660859953.317642 -- INFO: Process Status Bits from change concurrency are: 1 1 1 1 1 1 1 1 1 1 1 1 1 1 1 1 1 1 1 1 1 1 0 0 0 0 0 0 0 0 0 0
1660859953.320973 -- INFO: Active CC: 22
1660859953.760715 -- INFO: Throughput @18.1s:919.13Mbps, rtt :7.84ms cwnd: 177.5 lossRate: 0 CC:22 score:0.59 
1660859954.768918 -- INFO: Throughput @19.1s:940.07Mbps, rtt :6.31ms cwnd: 180.6 lossRate: 0.0 CC:22 score:0.61 
1660859955.790761 -- INFO: Throughput @20.1s:923.33Mbps, rtt :7.88ms cwnd: 184.6 lossRate: 0.0 CC:22 score:0.6 
1660859956.772429 -- INFO: Throughput @21.1s:930.09Mbps, rtt :7.47ms cwnd: 187.7 lossRate: 0.0 CC:22 score:0.6 
1660859956.826144 -- INFO: score [0.61, 0.6, 0.6] ******
1660859956.833192 -- INFO: action array from actor 0.12298478186130524 and action is 18 ******
1660859956.834583 -- INFO: Changing concurrency to 18 ******
1660859956.842613 -- INFO: Process Status Bits from change concurrency are: 1 1 1 1 1 1 1 1 1 1 1 1 1 1 1 1 1 1 0 0 0 0 0 0 0 0 0 0 0 0 0 0
1660859956.852206 -- INFO: Active CC: 18
1660859957.808532 -- INFO: Throughput @22.1s:863.74Mbps, rtt :4.65ms cwnd: 205.7 lossRate: 0 CC:18 score:0.6 
1660859958.797904 -- INFO: Throughput @23.1s:850.0Mbps, rtt :5.78ms cwnd: 210.7 lossRate: 0.0 CC:18 score:0.6 
1660859959.788793 -- INFO: Throughput @24.1s:835.0Mbps, rtt :3.38ms cwnd: 215.6 lossRate: 0.0 CC:18 score:0.58 
1660859960.363214 -- INFO: score [0.6, 0.6, 0.58] ******
1660859960.364657 -- INFO: action array from actor 0.12298694252967834 and action is 18 ******
1660859960.364887 -- INFO: Changing concurrency to 18 ******
1660859960.383082 -- INFO: Process Status Bits from change concurrency are: 1 1 1 1 1 1 1 1 1 1 1 1 1 1 1 1 1 1 0 0 0 0 0 0 0 0 0 0 0 0 0 0
1660859960.384019 -- INFO: Active CC: 18
1660859960.784476 -- INFO: Throughput @25.1s:845.0Mbps, rtt :3.96ms cwnd: 218.9 lossRate: 0.0 CC:18 score:0.59 
1660859961.784256 -- INFO: Throughput @26.1s:830.0Mbps, rtt :3.78ms cwnd: 224.0 lossRate: 0.0 CC:18 score:0.58 
1660859962.776458 -- INFO: Throughput @27.1s:840.0Mbps, rtt :3.64ms cwnd: 227.4 lossRate: 0.0 CC:18 score:0.59 
1660859963.784875 -- INFO: Throughput @28.1s:815.0Mbps, rtt :6.63ms cwnd: 232.6 lossRate: 0.0 CC:18 score:0.57 
1660859963.928551 -- INFO: score [0.58, 0.59, 0.57] ******
1660859963.938081 -- INFO: action array from actor 0.1238248348236084 and action is 18 ******
1660859963.946548 -- INFO: Changing concurrency to 18 ******
1660859963.970622 -- INFO: Process Status Bits from change concurrency are: 1 1 1 1 1 1 1 1 1 1 1 1 1 1 1 1 1 1 0 0 0 0 0 0 0 0 0 0 0 0 0 0
1660859963.972971 -- INFO: Active CC: 18
1660859964.792781 -- INFO: Throughput @29.1s:855.0Mbps, rtt :3.95ms cwnd: 235.7 lossRate: 0.0 CC:18 score:0.6 
1660859965.784572 -- INFO: Throughput @30.1s:825.0Mbps, rtt :5.08ms cwnd: 239.7 lossRate: 0.0 CC:18 score:0.58 
1660859966.800515 -- INFO: Throughput @31.1s:850.0Mbps, rtt :3.66ms cwnd: 243.7 lossRate: 0.0 CC:18 score:0.6 
1660859967.487099 -- INFO: score [0.6, 0.58, 0.6] ******
1660859967.488393 -- INFO: action array from actor 0.30698731541633606 and action is 21 ******
1660859967.488499 -- INFO: Changing concurrency to 21 ******
1660859967.493372 -- INFO: Start Process :: 20
1660859967.493825 -- INFO: Start Process :: 19
1660859967.494267 -- INFO: Process 20 get item 31 from queue and executing
1660859967.494477 -- INFO: starting 20, 31, /home/hjamil/Documents/files_bash/FILE19
1660859967.494766 -- INFO: Start Process :: 18
1660859967.495827 -- INFO: Process 18 get item 18 from queue and executing
1660859967.495963 -- INFO: Process 19 get item 20 from queue and executing
1660859967.496178 -- INFO: starting 19, 20, /home/hjamil/Documents/files_bash/FILE15
1660859967.496323 -- INFO: starting 18, 18, /home/hjamil/Documents/files_bash/FILE14
1660859967.503068 -- INFO: Process Status Bits from change concurrency are: 1 1 1 1 1 1 1 1 1 1 1 1 1 1 1 1 1 1 1 1 1 0 0 0 0 0 0 0 0 0 0 0
1660859967.504857 -- INFO: Active CC: 21
1660859967.820715 -- INFO: Throughput @32.1s:865.0Mbps, rtt :4.79ms cwnd: 224.7 lossRate: 0.0 CC:21 score:0.57 
1660859968.788778 -- INFO: Throughput @33.1s:975.0Mbps, rtt :8.12ms cwnd: 234.0 lossRate: 0.0 CC:21 score:0.64 
1660859969.809083 -- INFO: Throughput @34.1s:930.0Mbps, rtt :9.13ms cwnd: 241.6 lossRate: 0.0 CC:21 score:0.61 
1660859970.818389 -- INFO: Throughput @35.1s:975.0Mbps, rtt :10.54ms cwnd: 243.8 lossRate: 0.0 CC:21 score:0.64 
1660859971.027049 -- INFO: score [0.64, 0.61, 0.64] ******
1660859971.030127 -- INFO: action array from actor 0.15421870350837708 and action is 19 ******
1660859971.030346 -- INFO: Changing concurrency to 19 ******
1660859971.058832 -- INFO: Process Status Bits from change concurrency are: 1 1 1 1 1 1 1 1 1 1 1 1 1 1 1 1 1 1 1 0 0 0 0 0 0 0 0 0 0 0 0 0
1660859971.062686 -- INFO: Active CC: 19
1660859971.788851 -- INFO: Throughput @36.1s:915.0Mbps, rtt :6.64ms cwnd: 250.5 lossRate: 0.0 CC:19 score:0.63 
1660859972.829618 -- INFO: Throughput @37.1s:905.0Mbps, rtt :5.89ms cwnd: 255.1 lossRate: 0.0 CC:19 score:0.62 
1660859973.840488 -- INFO: Throughput @38.1s:885.0Mbps, rtt :5.49ms cwnd: 293.0 lossRate: 0.0 CC:19 score:0.61 
1660859974.591370 -- INFO: score [0.63, 0.62, 0.61] ******
1660859974.592828 -- INFO: action array from actor 0.26752108335494995 and action is 21 ******
1660859974.593069 -- INFO: Changing concurrency to 21 ******
1660859974.602727 -- INFO: Process Status Bits from change concurrency are: 1 1 1 1 1 1 1 1 1 1 1 1 1 1 1 1 1 1 1 1 1 0 0 0 0 0 0 0 0 0 0 0
1660859974.602995 -- INFO: Start Process :: 19
1660859974.603351 -- INFO: Active CC: 21
1660859974.606144 -- INFO: Process 19 get item 19 from queue and executing
1660859974.606336 -- INFO: starting 19, 19, /home/hjamil/Documents/files_bash/FILE8
1660859974.611443 -- INFO: Start Process :: 20
1660859974.613805 -- INFO: Process 20 get item 26 from queue and executing
1660859974.614160 -- INFO: starting 20, 26, /home/hjamil/Documents/files_bash/FILE27
1660859974.835359 -- INFO: Throughput @39.1s:875.0Mbps, rtt :6.53ms cwnd: 288.6 lossRate: 0.0 CC:21 score:0.58 
1660859975.841033 -- INFO: Throughput @40.1s:970.0Mbps, rtt :9.16ms cwnd: 265.4 lossRate: 0.0015379998499512341 CC:21 score:0.63 
1660859976.808314 -- INFO: Throughput @41.1s:975.0Mbps, rtt :10.11ms cwnd: 259.3 lossRate: 0.0006087276324299646 CC:21 score:0.64 
1660859977.836694 -- INFO: Throughput @42.1s:959.73Mbps, rtt :6.47ms cwnd: 250.6 lossRate: 0.0004305890458146745 CC:21 score:0.63 
1660859978.104304 -- INFO: score [0.63, 0.64, 0.63] ******
1660859978.105622 -- INFO: action array from actor 0.12328208982944489 and action is 18 ******
1660859978.105719 -- INFO: Changing concurrency to 18 ******
1660859978.107662 -- INFO: Process Status Bits from change concurrency are: 1 1 1 1 1 1 1 1 1 1 1 1 1 1 1 1 1 1 0 0 0 0 0 0 0 0 0 0 0 0 0 0
1660859978.119245 -- INFO: Active CC: 18
1660859978.815378 -- INFO: Throughput @43.1s:875.27Mbps, rtt :6.4ms cwnd: 260.2 lossRate: 0.0 CC:18 score:0.61 
1660859979.824287 -- INFO: Throughput @44.1s:845.0Mbps, rtt :4.67ms cwnd: 287.8 lossRate: 0.0 CC:18 score:0.59 
1660859980.812498 -- INFO: Throughput @45.1s:805.0Mbps, rtt :3.76ms cwnd: 306.0 lossRate: 0.0 CC:18 score:0.56 
1660859981.623249 -- INFO: score [0.61, 0.59, 0.56] ******
1660859981.630546 -- INFO: action array from actor 0.5858625769615173 and action is 26 ******
1660859981.635345 -- INFO: Changing concurrency to 26 ******
1660859981.639437 -- INFO: Start Process :: 25
1660859981.639516 -- INFO: Start Process :: 19
1660859981.639596 -- INFO: Start Process :: 24
1660859981.639781 -- INFO: Start Process :: 18
1660859981.640011 -- INFO: Process Status Bits from change concurrency are: 1 1 1 1 1 1 1 1 1 1 1 1 1 1 1 1 1 1 1 1 1 1 1 1 1 1 0 0 0 0 0 0
1660859981.640255 -- INFO: Start Process :: 22
1660859981.640511 -- INFO: Process 19 get item 28 from queue and executing
1660859981.640865 -- INFO: starting 19, 28, /home/hjamil/Documents/files_bash/FILE18
1660859981.641268 -- INFO: Start Process :: 23
1660859981.641372 -- INFO: Start Process :: 20
1660859981.641581 -- INFO: Active CC: 26
1660859981.641591 -- INFO: Start Process :: 21
1660859981.642846 -- INFO: Process 25 get item 30 from queue and executing
1660859981.643097 -- INFO: Process 18 get item 27 from queue and executing
1660859981.643193 -- INFO: starting 25, 30, /home/hjamil/Documents/files_bash/FILE16
1660859981.643320 -- INFO: starting 18, 27, /home/hjamil/Documents/files_bash/FILE26
1660859981.644064 -- INFO: Process 24 get item 25 from queue and executing
1660859981.644456 -- INFO: starting 24, 25, /home/hjamil/Documents/files_bash/FILE28
1660859981.644761 -- INFO: Process 20 get item 24 from queue and executing
1660859981.645102 -- INFO: starting 20, 24, /home/hjamil/Documents/files_bash/FILE12
1660859981.645341 -- INFO: Process 22 get item 22 from queue and executing
1660859981.645756 -- INFO: starting 22, 22, /home/hjamil/Documents/files_bash/FILE9
1660859981.645865 -- INFO: Process 21 get item 29 from queue and executing
1660859981.646250 -- INFO: starting 21, 29, /home/hjamil/Documents/files_bash/FILE0
1660859981.663165 -- INFO: Process 23 get item 23 from queue and executing
1660859981.663781 -- INFO: starting 23, 23, /home/hjamil/Documents/files_bash/FILE10
1660859981.841856 -- INFO: Throughput @46.1s:915.3Mbps, rtt :17.35ms cwnd: 218.4 lossRate: 0.00020963261883549081 CC:26 score:0.55 
1660859982.804883 -- INFO: Throughput @47.1s:1022.98Mbps, rtt :10.04ms cwnd: 191.9 lossRate: 0.0028038675769806246 CC:26 score:0.58 
1660859983.824326 -- INFO: Throughput @48.1s:975.02Mbps, rtt :10.51ms cwnd: 186.3 lossRate: 0.000768817729180904 CC:26 score:0.58 
1660859984.809082 -- INFO: Throughput @49.1s:926.48Mbps, rtt :9.63ms cwnd: 187.5 lossRate: 0.00023861253092543987 CC:26 score:0.55 
1660859985.155229 -- INFO: score [0.58, 0.58, 0.55] ******
1660859985.156758 -- INFO: action array from actor 0.12298478186130524 and action is 18 ******
1660859985.156987 -- INFO: Changing concurrency to 18 ******
1660859985.157454 -- INFO: Process Status Bits from change concurrency are: 1 1 1 1 1 1 1 1 1 1 1 1 1 1 1 1 1 1 0 0 0 0 0 0 0 0 0 0 0 0 0 0
1660859985.157876 -- INFO: Active CC: 18
1660859985.808610 -- INFO: Throughput @50.1s:879.08Mbps, rtt :8.02ms cwnd: 217.8 lossRate: 0 CC:18 score:0.62 
1660859986.816304 -- INFO: Throughput @51.1s:875.43Mbps, rtt :8.6ms cwnd: 247.9 lossRate: 0.0 CC:18 score:0.61 
1660859987.816485 -- INFO: Throughput @52.1s:840.0Mbps, rtt :2.6ms cwnd: 252.9 lossRate: 0.0 CC:18 score:0.59 
1660859988.683425 -- INFO: score [0.62, 0.61, 0.59] ******
1660859988.687769 -- INFO: action array from actor 0.12352858483791351 and action is 18 ******
1660859988.689127 -- INFO: Changing concurrency to 18 ******
1660859988.706146 -- INFO: Process Status Bits from change concurrency are: 1 1 1 1 1 1 1 1 1 1 1 1 1 1 1 1 1 1 0 0 0 0 0 0 0 0 0 0 0 0 0 0
1660859988.708631 -- INFO: Active CC: 18
1660859988.828354 -- INFO: Throughput @53.1s:830.0Mbps, rtt :4.05ms cwnd: 256.3 lossRate: 0.0 CC:18 score:0.58 
1660859989.824579 -- INFO: Throughput @54.1s:830.0Mbps, rtt :3.08ms cwnd: 260.0 lossRate: 0.0 CC:18 score:0.58 
1660859990.833088 -- INFO: Throughput @55.1s:840.0Mbps, rtt :4.36ms cwnd: 263.4 lossRate: 0.0 CC:18 score:0.59 
1660859991.824497 -- INFO: Throughput @56.1s:835.0Mbps, rtt :4.18ms cwnd: 269.8 lossRate: 0.0 CC:18 score:0.58 
1660859992.210291 -- INFO: score [0.58, 0.59, 0.58] ******
1660859992.211654 -- INFO: action array from actor 0.4064476490020752 and action is 23 ******
1660859992.211793 -- INFO: Changing concurrency to 23 ******
1660859992.212033 -- INFO: Process Status Bits from change concurrency are: 1 1 1 1 1 1 1 1 1 1 1 1 1 1 1 1 1 1 1 1 1 1 1 0 0 0 0 0 0 0 0 0
1660859992.212289 -- INFO: Start Process :: 19
1660859992.212306 -- INFO: Start Process :: 20
1660859992.214610 -- INFO: Process 20 get item 21 from queue and executing
1660859992.214699 -- INFO: Start Process :: 22
1660859992.214871 -- INFO: starting 20, 21, /home/hjamil/Documents/files_bash/FILE21
1660859992.215403 -- INFO: Process 19 get item 20 from queue and executing
1660859992.215604 -- INFO: starting 19, 20, /home/hjamil/Documents/files_bash/FILE15
1660859992.215842 -- INFO: Process 22 get item 31 from queue and executing
1660859992.216132 -- INFO: starting 22, 31, /home/hjamil/Documents/files_bash/FILE19
1660859992.216685 -- INFO: Start Process :: 21
1660859992.221537 -- INFO: Process 21 get item 19 from queue and executing
1660859992.226625 -- INFO: starting 21, 19, /home/hjamil/Documents/files_bash/FILE8
1660859992.226681 -- INFO: Active CC: 23
1660859992.226891 -- INFO: Start Process :: 18
1660859992.235407 -- INFO: Process 18 get item 26 from queue and executing
1660859992.236178 -- INFO: starting 18, 26, /home/hjamil/Documents/files_bash/FILE27
1660859992.824702 -- INFO: Throughput @57.1s:960.0Mbps, rtt :8.33ms cwnd: 238.0 lossRate: 0.0 CC:23 score:0.61 
1660859993.836973 -- INFO: Throughput @58.1s:982.54Mbps, rtt :9.51ms cwnd: 239.3 lossRate: 0.0002249971875351558 CC:23 score:0.62 
1660859994.816685 -- INFO: Throughput @59.1s:940.2Mbps, rtt :9.16ms cwnd: 243.7 lossRate: 0.0 CC:23 score:0.6 
1660859995.735441 -- INFO: score [0.61, 0.62, 0.6] ******
1660859995.736863 -- INFO: action array from actor 0.12298484146595001 and action is 18 ******
1660859995.737080 -- INFO: Changing concurrency to 18 ******
1660859995.737382 -- INFO: Process Status Bits from change concurrency are: 1 1 1 1 1 1 1 1 1 1 1 1 1 1 1 1 1 1 0 0 0 0 0 0 0 0 0 0 0 0 0 0
1660859995.737731 -- INFO: Active CC: 18
1660859995.820992 -- INFO: Throughput @60.1s:935.06Mbps, rtt :9.71ms cwnd: 206.8 lossRate: 0.004726642508271624 CC:18 score:0.61 
1660859996.853290 -- INFO: Throughput @61.1s:857.19Mbps, rtt :7.35ms cwnd: 223.0 lossRate: 0.0 CC:18 score:0.6 
1660859997.856422 -- INFO: Throughput @62.1s:850.0Mbps, rtt :4.6ms cwnd: 234.1 lossRate: 0.0 CC:18 score:0.6 
1660859998.836863 -- INFO: Throughput @63.1s:840.0Mbps, rtt :5.22ms cwnd: 237.5 lossRate: 0.0 CC:18 score:0.59 
1660859999.259585 -- INFO: score [0.6, 0.6, 0.59] ******
1660859999.261142 -- INFO: action array from actor 0.14185988903045654 and action is 19 ******
1660859999.261381 -- INFO: Changing concurrency to 19 ******
1660859999.275059 -- INFO: Process Status Bits from change concurrency are: 1 1 1 1 1 1 1 1 1 1 1 1 1 1 1 1 1 1 1 0 0 0 0 0 0 0 0 0 0 0 0 0
1660859999.275107 -- INFO: Start Process :: 18
1660859999.275935 -- INFO: Process 18 get item 18 from queue and executing
1660859999.275928 -- INFO: Active CC: 19
1660859999.276130 -- INFO: starting 18, 18, /home/hjamil/Documents/files_bash/FILE14
1660859999.840562 -- INFO: Throughput @64.1s:850.0Mbps, rtt :4.15ms cwnd: 235.4 lossRate: 0.0 CC:19 score:0.58 
1660860000.824099 -- INFO: Throughput @65.1s:870.0Mbps, rtt :2.4ms cwnd: 241.0 lossRate: 0.0 CC:19 score:0.6 
1660860001.820582 -- INFO: Throughput @66.1s:910.0Mbps, rtt :3.32ms cwnd: 245.4 lossRate: 0.0 CC:19 score:0.62 
1660860002.791005 -- INFO: score [0.58, 0.6, 0.62] ******
1660860002.792724 -- INFO: action array from actor 0.2950339913368225 and action is 21 ******
1660860002.794598 -- INFO: Changing concurrency to 21 ******
1660860002.799920 -- INFO: Process Status Bits from change concurrency are: 1 1 1 1 1 1 1 1 1 1 1 1 1 1 1 1 1 1 1 1 1 0 0 0 0 0 0 0 0 0 0 0
1660860002.800977 -- INFO: Start Process :: 19
1660860002.802848 -- INFO: Start Process :: 20
1660860002.803419 -- INFO: Active CC: 21
1660860002.804237 -- INFO: Process 19 get item 22 from queue and executing
1660860002.804489 -- INFO: starting 19, 22, /home/hjamil/Documents/files_bash/FILE9
1660860002.804482 -- INFO: Process 20 get item 23 from queue and executing
1660860002.804743 -- INFO: starting 20, 23, /home/hjamil/Documents/files_bash/FILE10
1660860002.852616 -- INFO: Throughput @67.1s:870.0Mbps, rtt :4.93ms cwnd: 239.9 lossRate: 0.0 CC:19 score:0.6 
1660860003.840836 -- INFO: Throughput @68.1s:978.53Mbps, rtt :8.9ms cwnd: 243.6 lossRate: 0.0 CC:21 score:0.65 
1660860004.850451 -- INFO: Throughput @69.1s:969.31Mbps, rtt :6.31ms cwnd: 243.9 lossRate: 0.00023542531441670281 CC:21 score:0.64 
1660860005.832197 -- INFO: Throughput @70.1s:951.99Mbps, rtt :9.69ms cwnd: 241.4 lossRate: 0.00025888531380598395 CC:21 score:0.63 
1660860006.323447 -- INFO: score [0.65, 0.64, 0.63] ******
1660860006.324846 -- INFO: action array from actor 0.12299206107854843 and action is 18 ******
1660860006.334566 -- INFO: Changing concurrency to 18 ******
1660860006.347068 -- INFO: Process Status Bits from change concurrency are: 1 1 1 1 1 1 1 1 1 1 1 1 1 1 1 1 1 1 0 0 0 0 0 0 0 0 0 0 0 0 0 0
1660860006.348269 -- INFO: Active CC: 18
1660860006.844780 -- INFO: Throughput @71.1s:868.24Mbps, rtt :13.09ms cwnd: 227.8 lossRate: 0.007478711588300629 CC:18 score:0.54 
1660860007.836381 -- INFO: Throughput @72.1s:646.93Mbps, rtt :12.7ms cwnd: 170.4 lossRate: 0.003890515395044505 CC:18 score:0.43 
1660860008.828135 -- INFO: Throughput @73.1s:634.81Mbps, rtt :10.72ms cwnd: 149.2 lossRate: 0.001561920381108573 CC:18 score:0.43 
1660860009.816603 -- INFO: Throughput @74.1s:594.72Mbps, rtt :10.77ms cwnd: 133.3 lossRate: 0.0014071200273383319 CC:18 score:0.41 
1660860009.849749 -- INFO: score [0.43, 0.43, 0.41] ******
1660860009.851942 -- INFO: action array from actor 0.14393556118011475 and action is 19 ******
1660860009.852238 -- INFO: Changing concurrency to 19 ******
1660860009.854099 -- INFO: Start Process :: 18
1660860009.854300 -- INFO: Process Status Bits from change concurrency are: 1 1 1 1 1 1 1 1 1 1 1 1 1 1 1 1 1 1 1 0 0 0 0 0 0 0 0 0 0 0 0 0
1660860009.856157 -- INFO: Active CC: 19
1660860009.861145 -- INFO: Process 18 get item 30 from queue and executing
1660860009.861490 -- INFO: starting 18, 30, /home/hjamil/Documents/files_bash/FILE16
1660860010.840683 -- INFO: Throughput @75.1s:622.76Mbps, rtt :9.91ms cwnd: 115.8 lossRate: 0.001007104665641251 CC:19 score:0.42 
1660860011.845699 -- INFO: Throughput @76.1s:634.74Mbps, rtt :9.53ms cwnd: 113.4 lossRate: 0.00034219881751297506 CC:19 score:0.43 
1660860012.833216 -- INFO: Throughput @77.1s:617.75Mbps, rtt :9.19ms cwnd: 111.1 lossRate: 0.00022836263987211693 CC:19 score:0.42 
1660860013.357444 -- INFO: score [0.42, 0.43, 0.42] ******
1660860013.359226 -- INFO: action array from actor 0.12298478186130524 and action is 18 ******
1660860013.359436 -- INFO: Changing concurrency to 18 ******
1660860013.361012 -- INFO: Process Status Bits from change concurrency are: 1 1 1 1 1 1 1 1 1 1 1 1 1 1 1 1 1 1 0 0 0 0 0 0 0 0 0 0 0 0 0 0
1660860013.362637 -- INFO: Active CC: 18
1660860013.820073 -- INFO: Throughput @78.1s:604.69Mbps, rtt :10.24ms cwnd: 113.9 lossRate: 0.00014708766424789175 CC:18 score:0.42 
1660860014.829166 -- INFO: Throughput @79.1s:589.62Mbps, rtt :9.51ms cwnd: 113.9 lossRate: 0.0 CC:18 score:0.41 
1660860015.808136 -- INFO: Throughput @80.1s:590.92Mbps, rtt :10.25ms cwnd: 111.6 lossRate: 0.00018040410519563823 CC:18 score:0.41 
1660860016.808892 -- INFO: Throughput @81.1s:594.74Mbps, rtt :9.69ms cwnd: 109.1 lossRate: 1.9639805958717126e-05 CC:18 score:0.42 
1660860016.863751 -- INFO: score [0.41, 0.41, 0.42] ******
1660860016.865417 -- INFO: action array from actor 0.12298482656478882 and action is 18 ******
1660860016.865549 -- INFO: Changing concurrency to 18 ******
1660860016.867540 -- INFO: Process Status Bits from change concurrency are: 1 1 1 1 1 1 1 1 1 1 1 1 1 1 1 1 1 1 0 0 0 0 0 0 0 0 0 0 0 0 0 0
1660860016.869011 -- INFO: Active CC: 18
1660860017.812040 -- INFO: Throughput @82.1s:589.66Mbps, rtt :9.07ms cwnd: 107.9 lossRate: 0.00015674902521699944 CC:18 score:0.41 
1660860018.811840 -- INFO: Throughput @83.1s:585.14Mbps, rtt :9.43ms cwnd: 107.1 lossRate: 0.00011791294094526874 CC:18 score:0.41 
1660860019.814233 -- INFO: Throughput @84.1s:590.45Mbps, rtt :9.79ms cwnd: 107.1 lossRate: 0.0 CC:18 score:0.41 
1660860020.370011 -- INFO: score [0.41, 0.41, 0.41] ******
1660860020.371713 -- INFO: action array from actor 0.12298484146595001 and action is 18 ******
1660860020.371891 -- INFO: Changing concurrency to 18 ******
1660860020.373788 -- INFO: Process Status Bits from change concurrency are: 1 1 1 1 1 1 1 1 1 1 1 1 1 1 1 1 1 1 0 0 0 0 0 0 0 0 0 0 0 0 0 0
1660860020.374702 -- INFO: Active CC: 18
1660860020.812152 -- INFO: Throughput @85.1s:594.72Mbps, rtt :9.72ms cwnd: 107.1 lossRate: 0.0 CC:18 score:0.42 
1660860021.814980 -- INFO: Throughput @86.1s:589.63Mbps, rtt :9.92ms cwnd: 101.2 lossRate: 0.0004122901737508589 CC:18 score:0.41 
1660860022.817397 -- INFO: Throughput @87.1s:580.14Mbps, rtt :9.18ms cwnd: 102.2 lossRate: 0.00011765628676758961 CC:18 score:0.41 
1660860023.815489 -- INFO: Throughput @88.1s:605.14Mbps, rtt :9.01ms cwnd: 100.9 lossRate: 0.00015715239853848268 CC:18 score:0.42 
1660860023.875795 -- INFO: score [0.41, 0.41, 0.42] ******
1660860023.877379 -- INFO: action array from actor 0.1229858323931694 and action is 18 ******
1660860023.877512 -- INFO: Changing concurrency to 18 ******
1660860023.879500 -- INFO: Process Status Bits from change concurrency are: 1 1 1 1 1 1 1 1 1 1 1 1 1 1 1 1 1 1 0 0 0 0 0 0 0 0 0 0 0 0 0 0
1660860023.881006 -- INFO: Active CC: 18
1660860024.816888 -- INFO: Throughput @89.1s:585.04Mbps, rtt :8.51ms cwnd: 96.9 lossRate: 3.9237228282194143e-05 CC:18 score:0.41 
1660860025.818264 -- INFO: Throughput @90.1s:579.62Mbps, rtt :9.72ms cwnd: 96.9 lossRate: 0.0 CC:18 score:0.41 
1660860026.819339 -- INFO: Throughput @91.2s:541.4Mbps, rtt :9.7ms cwnd: 96.9 lossRate: 0.0 CC:18 score:0.38 
1660860027.382047 -- INFO: score [0.41, 0.41, 0.38] ******
1660860027.383684 -- INFO: action array from actor 0.12298477441072464 and action is 18 ******
1660860027.383805 -- INFO: Changing concurrency to 18 ******
1660860027.385988 -- INFO: Process Status Bits from change concurrency are: 1 1 1 1 1 1 1 1 1 1 1 1 1 1 1 1 1 1 0 0 0 0 0 0 0 0 0 0 0 0 0 0
1660860027.387029 -- INFO: Active CC: 18
1660860027.820401 -- INFO: Throughput @92.2s:604.74Mbps, rtt :8.97ms cwnd: 96.9 lossRate: 0.0 CC:18 score:0.42 
1660860028.820985 -- INFO: Throughput @93.2s:580.04Mbps, rtt :7.69ms cwnd: 96.9 lossRate: 0.0 CC:18 score:0.41 
1660860029.823153 -- INFO: Throughput @94.2s:579.62Mbps, rtt :8.75ms cwnd: 96.9 lossRate: 0.0 CC:18 score:0.41 
1660860030.824213 -- INFO: Throughput @95.2s:595.57Mbps, rtt :8.47ms cwnd: 97.8 lossRate: 0.0 CC:18 score:0.42 
1660860030.888085 -- INFO: score [0.41, 0.41, 0.42] ******
1660860030.889683 -- INFO: action array from actor 0.12298480421304703 and action is 18 ******
1660860030.889822 -- INFO: Changing concurrency to 18 ******
1660860030.891827 -- INFO: Process Status Bits from change concurrency are: 1 1 1 1 1 1 1 1 1 1 1 1 1 1 1 1 1 1 0 0 0 0 0 0 0 0 0 0 0 0 0 0
1660860030.893537 -- INFO: Active CC: 18
1660860031.824926 -- INFO: Throughput @96.2s:599.71Mbps, rtt :9.05ms cwnd: 96.8 lossRate: 0.0001573440327275588 CC:18 score:0.42 
1660860032.825114 -- INFO: Throughput @97.2s:585.12Mbps, rtt :8.63ms cwnd: 96.8 lossRate: 0.0 CC:18 score:0.41 
1660860033.826834 -- INFO: Throughput @98.2s:579.54Mbps, rtt :9.27ms cwnd: 96.8 lossRate: 0.0 CC:18 score:0.41 
1660860034.394579 -- INFO: score [0.42, 0.41, 0.41] ******
1660860034.396495 -- INFO: action array from actor 0.12298478186130524 and action is 18 ******
1660860034.396632 -- INFO: Changing concurrency to 18 ******
1660860034.399325 -- INFO: Process Status Bits from change concurrency are: 1 1 1 1 1 1 1 1 1 1 1 1 1 1 1 1 1 1 0 0 0 0 0 0 0 0 0 0 0 0 0 0
1660860034.401524 -- INFO: Active CC: 18
1660860034.827312 -- INFO: Throughput @99.2s:590.6Mbps, rtt :8.35ms cwnd: 95.9 lossRate: 0.0001372952829263509 CC:18 score:0.41 
1660860035.829008 -- INFO: Throughput @100.2s:604.67Mbps, rtt :9.01ms cwnd: 95.9 lossRate: 0.0 CC:18 score:0.42 
1660860036.830562 -- INFO: Throughput @101.2s:590.16Mbps, rtt :8.74ms cwnd: 94.0 lossRate: 0.0002550469875026976 CC:18 score:0.41 
1660860037.829832 -- INFO: Throughput @102.2s:579.5Mbps, rtt :7.8ms cwnd: 94.0 lossRate: 0.0 CC:18 score:0.41 
1660860037.902556 -- INFO: score [0.42, 0.41, 0.41] ******
1660860037.904163 -- INFO: action array from actor 0.12298478186130524 and action is 18 ******
1660860037.904309 -- INFO: Changing concurrency to 18 ******
1660860037.906212 -- INFO: Process Status Bits from change concurrency are: 1 1 1 1 1 1 1 1 1 1 1 1 1 1 1 1 1 1 0 0 0 0 0 0 0 0 0 0 0 0 0 0
1660860037.907326 -- INFO: Active CC: 18
1660860038.832178 -- INFO: Throughput @103.2s:585.63Mbps, rtt :8.14ms cwnd: 94.0 lossRate: 0.0 CC:18 score:0.41 
1660860039.832656 -- INFO: Throughput @104.2s:604.64Mbps, rtt :7.79ms cwnd: 91.1 lossRate: 0.0004129062702766472 CC:18 score:0.42 
1660860040.833500 -- INFO: Throughput @105.2s:585.19Mbps, rtt :8.56ms cwnd: 91.1 lossRate: 0.0 CC:18 score:0.41 
1660860041.408384 -- INFO: score [0.41, 0.42, 0.41] ******
1660860041.410239 -- INFO: action array from actor 0.12298478186130524 and action is 18 ******
1660860041.410393 -- INFO: Changing concurrency to 18 ******
1660860041.411943 -- INFO: Process Status Bits from change concurrency are: 1 1 1 1 1 1 1 1 1 1 1 1 1 1 1 1 1 1 0 0 0 0 0 0 0 0 0 0 0 0 0 0
1660860041.413691 -- INFO: Active CC: 18
1660860041.834391 -- INFO: Throughput @106.2s:589.99Mbps, rtt :8.12ms cwnd: 91.1 lossRate: 0.0 CC:18 score:0.41 
1660860042.836102 -- INFO: Throughput @107.2s:575.14Mbps, rtt :8.24ms cwnd: 91.1 lossRate: 0.0 CC:18 score:0.4 
1660860043.837395 -- INFO: Throughput @108.2s:614.62Mbps, rtt :8.52ms cwnd: 90.3 lossRate: 0.00011780413099819367 CC:18 score:0.43 
1660860044.837306 -- INFO: Throughput @109.2s:580.22Mbps, rtt :9.0ms cwnd: 90.3 lossRate: 0.0 CC:18 score:0.41 
1660860044.914780 -- INFO: score [0.4, 0.43, 0.41] ******
1660860044.916397 -- INFO: action array from actor 0.12298478186130524 and action is 18 ******
1660860044.916529 -- INFO: Changing concurrency to 18 ******
1660860044.918884 -- INFO: Process Status Bits from change concurrency are: 1 1 1 1 1 1 1 1 1 1 1 1 1 1 1 1 1 1 0 0 0 0 0 0 0 0 0 0 0 0 0 0
1660860044.920840 -- INFO: Active CC: 18
1660860045.838614 -- INFO: Throughput @110.2s:594.96Mbps, rtt :8.56ms cwnd: 90.3 lossRate: 0.0 CC:18 score:0.42 
1660860046.841347 -- INFO: Throughput @111.2s:580.14Mbps, rtt :8.29ms cwnd: 90.3 lossRate: 0.0 CC:18 score:0.41 
1660860047.839940 -- INFO: Throughput @112.2s:594.62Mbps, rtt :8.48ms cwnd: 89.5 lossRate: 0.0001374786417110199 CC:18 score:0.42 
1660860048.421826 -- INFO: score [0.42, 0.41, 0.42] ******
1660860048.423486 -- INFO: action array from actor 0.12298477441072464 and action is 18 ******
1660860048.423619 -- INFO: Changing concurrency to 18 ******
1660860048.426544 -- INFO: Process Status Bits from change concurrency are: 1 1 1 1 1 1 1 1 1 1 1 1 1 1 1 1 1 1 0 0 0 0 0 0 0 0 0 0 0 0 0 0
1660860048.428326 -- INFO: Active CC: 18
1660860048.841688 -- INFO: Throughput @113.2s:590.25Mbps, rtt :7.26ms cwnd: 62.9 lossRate: 0.0033803038342865004 CC:18 score:0.39 
1660860049.843037 -- INFO: Throughput @114.2s:590.33Mbps, rtt :6.71ms cwnd: 63.7 lossRate: 0.0 CC:18 score:0.41 
1660860050.843109 -- INFO: Throughput @115.2s:584.74Mbps, rtt :7.18ms cwnd: 63.7 lossRate: 0.0 CC:18 score:0.41 
1660860051.844519 -- INFO: Throughput @116.2s:584.62Mbps, rtt :6.8ms cwnd: 63.9 lossRate: 0.0 CC:18 score:0.41 
1660860051.929348 -- INFO: score [0.41, 0.41, 0.41] ******
1660860051.931192 -- INFO: action array from actor 0.12263569980859756 and action is 18 ******
1660860051.931345 -- INFO: Changing concurrency to 18 ******
1660860051.933623 -- INFO: Process Status Bits from change concurrency are: 1 1 1 1 1 1 1 1 1 1 1 1 1 1 1 1 1 1 0 0 0 0 0 0 0 0 0 0 0 0 0 0
1660860051.934847 -- INFO: Active CC: 18
1660860052.846569 -- INFO: Throughput @117.2s:600.28Mbps, rtt :7.18ms cwnd: 63.6 lossRate: 0.00011788977306218685 CC:18 score:0.42 
1660860053.845886 -- INFO: Throughput @118.2s:590.33Mbps, rtt :7.24ms cwnd: 63.9 lossRate: 0.0 CC:18 score:0.41 
1660860054.846476 -- INFO: Throughput @119.2s:589.71Mbps, rtt :7.38ms cwnd: 63.9 lossRate: 0.0 CC:18 score:0.41 
1660860055.435957 -- INFO: score [0.42, 0.41, 0.41] ******
1660860055.438375 -- INFO: action array from actor 0.12004503607749939 and action is 18 ******
1660860055.438558 -- INFO: Changing concurrency to 18 ******
1660860055.440509 -- INFO: Process Status Bits from change concurrency are: 1 1 1 1 1 1 1 1 1 1 1 1 1 1 1 1 1 1 0 0 0 0 0 0 0 0 0 0 0 0 0 0
1660860055.442057 -- INFO: Active CC: 18
1660860055.847825 -- INFO: Throughput @120.2s:594.62Mbps, rtt :7.37ms cwnd: 64.6 lossRate: 0.0 CC:18 score:0.42 
1660860056.880091 -- INFO: Throughput @121.2s:660.56Mbps, rtt :5.01ms cwnd: 71.1 lossRate: 0.0 CC:18 score:0.46 
1660860057.876355 -- INFO: Throughput @122.2s:794.85Mbps, rtt :5.51ms cwnd: 113.4 lossRate: 0.0 CC:18 score:0.56 
1660860058.887890 -- INFO: Throughput @123.2s:860.47Mbps, rtt :5.09ms cwnd: 120.6 lossRate: 0.0 CC:18 score:0.6 
1660860058.976416 -- INFO: score [0.46, 0.56, 0.6] ******
1660860058.981409 -- INFO: action array from actor 0.0483241081237793 and action is 17 ******
1660860058.987359 -- INFO: Changing concurrency to 17 ******
1660860058.990330 -- INFO: Process Status Bits from change concurrency are: 1 1 1 1 1 1 1 1 1 1 1 1 1 1 1 1 1 0 0 0 0 0 0 0 0 0 0 0 0 0 0 0
1660860058.991857 -- INFO: Active CC: 17
1660860059.884364 -- INFO: Throughput @124.2s:795.0Mbps, rtt :3.58ms cwnd: 172.2 lossRate: 0 CC:17 score:0.57 
1660860060.916858 -- INFO: Throughput @125.2s:800.0Mbps, rtt :2.78ms cwnd: 180.1 lossRate: 0.0 CC:17 score:0.57 
1660860061.908737 -- INFO: Throughput @126.2s:790.0Mbps, rtt :2.99ms cwnd: 188.5 lossRate: 0.0 CC:17 score:0.56 
1660860062.497436 -- INFO: score [0.57, 0.57, 0.56] ******
1660860062.505333 -- INFO: action array from actor 0.12298530340194702 and action is 18 ******
1660860062.508124 -- INFO: Changing concurrency to 18 ******
1660860062.516835 -- INFO: Process Status Bits from change concurrency are: 1 1 1 1 1 1 1 1 1 1 1 1 1 1 1 1 1 1 0 0 0 0 0 0 0 0 0 0 0 0 0 0
1660860062.518394 -- INFO: Start Process :: 17
1660860062.519643 -- INFO: Active CC: 18
1660860062.520251 -- INFO: Process 17 get item 27 from queue and executing
1660860062.522896 -- INFO: starting 17, 27, /home/hjamil/Documents/files_bash/FILE26
1660860062.880787 -- INFO: Throughput @127.2s:800.0Mbps, rtt :2.34ms cwnd: 190.2 lossRate: 0.0 CC:18 score:0.56 
1660860063.892507 -- INFO: Throughput @128.2s:825.0Mbps, rtt :4.53ms cwnd: 202.1 lossRate: 0.0 CC:18 score:0.58 
1660860064.912621 -- INFO: Throughput @129.2s:850.0Mbps, rtt :4.01ms cwnd: 212.0 lossRate: 0.0 CC:18 score:0.6 
1660860065.884595 -- INFO: Throughput @130.2s:830.0Mbps, rtt :3.15ms cwnd: 221.1 lossRate: 0.0 CC:18 score:0.58 
1660860066.047057 -- INFO: score [0.58, 0.6, 0.58] ******
1660860066.049115 -- INFO: action array from actor 0.12302227318286896 and action is 18 ******
1660860066.049380 -- INFO: Changing concurrency to 18 ******
1660860066.058850 -- INFO: Process Status Bits from change concurrency are: 1 1 1 1 1 1 1 1 1 1 1 1 1 1 1 1 1 1 0 0 0 0 0 0 0 0 0 0 0 0 0 0
1660860066.062873 -- INFO: Active CC: 18
1660860066.887129 -- INFO: Throughput @131.2s:850.0Mbps, rtt :2.91ms cwnd: 229.3 lossRate: 0.0 CC:18 score:0.6 
1660860067.893715 -- INFO: Throughput @132.2s:840.0Mbps, rtt :2.81ms cwnd: 237.7 lossRate: 0.0 CC:18 score:0.59 
1660860068.905239 -- INFO: Throughput @133.2s:850.0Mbps, rtt :5.8ms cwnd: 241.4 lossRate: 0.0 CC:18 score:0.6 
1660860069.576393 -- INFO: score [0.6, 0.59, 0.6] ******
1660860069.578355 -- INFO: action array from actor 0.19965621829032898 and action is 20 ******
1660860069.582977 -- INFO: Changing concurrency to 20 ******
1660860069.596169 -- INFO: Process Status Bits from change concurrency are: 1 1 1 1 1 1 1 1 1 1 1 1 1 1 1 1 1 1 1 1 0 0 0 0 0 0 0 0 0 0 0 0
1660860069.598133 -- INFO: Active CC: 20
1660860069.596216 -- INFO: Start Process :: 19
1660860069.604092 -- INFO: Process 19 get item 25 from queue and executing
1660860069.604388 -- INFO: starting 19, 25, /home/hjamil/Documents/files_bash/FILE28
1660860069.612000 -- INFO: Start Process :: 18
1660860069.613476 -- INFO: Process 18 get item 29 from queue and executing
1660860069.630637 -- INFO: starting 18, 29, /home/hjamil/Documents/files_bash/FILE0
1660860069.893315 -- INFO: Throughput @134.2s:850.0Mbps, rtt :4.59ms cwnd: 191.6 lossRate: 0.0021855994787141615 CC:20 score:0.55 
1660860070.925504 -- INFO: Throughput @135.2s:920.0Mbps, rtt :7.38ms cwnd: 220.3 lossRate: 0.000727667394334061 CC:20 score:0.61 
1660860071.907321 -- INFO: Throughput @136.2s:935.0Mbps, rtt :5.86ms cwnd: 227.6 lossRate: 0.0 CC:20 score:0.63 
1660860072.900589 -- INFO: Throughput @137.2s:925.0Mbps, rtt :10.25ms cwnd: 234.0 lossRate: 0.0 CC:20 score:0.62 
1660860073.119316 -- INFO: score [0.61, 0.63, 0.62] ******
1660860073.120839 -- INFO: action array from actor 0.12302429229021072 and action is 18 ******
1660860073.130548 -- INFO: Changing concurrency to 18 ******
1660860073.143043 -- INFO: Process Status Bits from change concurrency are: 1 1 1 1 1 1 1 1 1 1 1 1 1 1 1 1 1 1 0 0 0 0 0 0 0 0 0 0 0 0 0 0
1660860073.143885 -- INFO: Active CC: 18
1660860073.908714 -- INFO: Throughput @138.2s:875.0Mbps, rtt :3.93ms cwnd: 244.4 lossRate: 0.0 CC:18 score:0.61 
1660860074.899996 -- INFO: Throughput @139.2s:840.0Mbps, rtt :6.32ms cwnd: 249.3 lossRate: 0.0 CC:18 score:0.59 
1660860075.892134 -- INFO: Throughput @140.2s:825.0Mbps, rtt :2.47ms cwnd: 261.9 lossRate: 0.0 CC:18 score:0.58 
1660860076.667375 -- INFO: score [0.61, 0.59, 0.58] ******
1660860076.668939 -- INFO: action array from actor 0.5704324841499329 and action is 25 ******
1660860076.669202 -- INFO: Changing concurrency to 25 ******
1660860076.683199 -- INFO: Process Status Bits from change concurrency are: 1 1 1 1 1 1 1 1 1 1 1 1 1 1 1 1 1 1 1 1 1 1 1 1 1 0 0 0 0 0 0 0
1660860076.683463 -- INFO: Start Process :: 21
1660860076.683511 -- INFO: Start Process :: 19
1660860076.683708 -- INFO: Start Process :: 24
1660860076.683762 -- INFO: Start Process :: 23
1660860076.683895 -- INFO: Start Process :: 18
1660860076.683914 -- INFO: Start Process :: 20
1660860076.683935 -- INFO: Active CC: 25
1660860076.684077 -- INFO: Start Process :: 22
1660860076.684493 -- INFO: Process 21 get item 28 from queue and executing
1660860076.684653 -- INFO: Process 24 get item 24 from queue and executing
1660860076.684662 -- INFO: Process 23 get item 19 from queue and executing
1660860076.684731 -- INFO: starting 21, 28, /home/hjamil/Documents/files_bash/FILE18
1660860076.684842 -- INFO: starting 24, 24, /home/hjamil/Documents/files_bash/FILE12
1660860076.685041 -- INFO: starting 23, 19, /home/hjamil/Documents/files_bash/FILE8
1660860076.685346 -- INFO: Process 18 get item 20 from queue and executing
1660860076.685493 -- INFO: Process 19 get item 31 from queue and executing
1660860076.685683 -- INFO: starting 19, 31, /home/hjamil/Documents/files_bash/FILE19
1660860076.685934 -- INFO: Process 22 get item 21 from queue and executing
1660860076.686114 -- INFO: starting 22, 21, /home/hjamil/Documents/files_bash/FILE21
1660860076.686404 -- INFO: starting 18, 20, /home/hjamil/Documents/files_bash/FILE15
1660860076.686414 -- INFO: Process 20 get item 26 from queue and executing
1660860076.691334 -- INFO: starting 20, 26, /home/hjamil/Documents/files_bash/FILE27
1660860076.914352 -- INFO: Throughput @141.2s:903.89Mbps, rtt :11.82ms cwnd: 211.0 lossRate: 0.0 CC:25 score:0.55 
1660860077.888426 -- INFO: Throughput @142.2s:1028.35Mbps, rtt :9.74ms cwnd: 144.6 lossRate: 0.0021941992433795712 CC:25 score:0.6 
1660860078.933367 -- INFO: Throughput @143.2s:953.34Mbps, rtt :8.76ms cwnd: 139.5 lossRate: 0.0012249848392965434 CC:25 score:0.57 
1660860079.884976 -- INFO: Throughput @144.2s:954.16Mbps, rtt :8.93ms cwnd: 137.4 lossRate: 0.0002672979990835497 CC:25 score:0.58 
1660860080.207214 -- INFO: score [0.6, 0.57, 0.58] ******
1660860080.208687 -- INFO: action array from actor 0.12293072044849396 and action is 18 ******
1660860080.208914 -- INFO: Changing concurrency to 18 ******
1660860080.209362 -- INFO: Process Status Bits from change concurrency are: 1 1 1 1 1 1 1 1 1 1 1 1 1 1 1 1 1 1 0 0 0 0 0 0 0 0 0 0 0 0 0 0
1660860080.209823 -- INFO: Active CC: 18
1660860080.901207 -- INFO: Throughput @145.2s:857.13Mbps, rtt :7.1ms cwnd: 150.2 lossRate: 0.25153374233128833 CC:18 score:-1.56 
1660860081.904364 -- INFO: Throughput @146.2s:885.0Mbps, rtt :6.11ms cwnd: 158.7 lossRate: 0.0 CC:18 score:0.62 
1660860082.888035 -- INFO: Throughput @147.2s:830.0Mbps, rtt :2.29ms cwnd: 177.9 lossRate: 0.0 CC:18 score:0.58 
1660860083.719269 -- INFO: score [-1.56, 0.62, 0.58] ******
1660860083.720703 -- INFO: action array from actor 0.12298478186130524 and action is 18 ******
1660860083.730556 -- INFO: Changing concurrency to 18 ******
1660860083.738753 -- INFO: Process Status Bits from change concurrency are: 1 1 1 1 1 1 1 1 1 1 1 1 1 1 1 1 1 1 0 0 0 0 0 0 0 0 0 0 0 0 0 0
1660860083.739374 -- INFO: Active CC: 18
1660860083.900394 -- INFO: Throughput @148.2s:835.0Mbps, rtt :3.15ms cwnd: 181.2 lossRate: 0.0 CC:18 score:0.58 
1660860084.941464 -- INFO: Throughput @149.2s:835.0Mbps, rtt :3.68ms cwnd: 185.0 lossRate: 0.0 CC:18 score:0.58 
1660860085.892409 -- INFO: Throughput @150.2s:815.0Mbps, rtt :3.28ms cwnd: 188.9 lossRate: 0.0 CC:18 score:0.57 
1660860086.916394 -- INFO: Throughput @151.2s:850.0Mbps, rtt :3.96ms cwnd: 192.2 lossRate: 0.0 CC:18 score:0.6 
1660860087.243256 -- INFO: score [0.58, 0.57, 0.6] ******
1660860087.244629 -- INFO: action array from actor 0.1346658170223236 and action is 19 ******
1660860087.244785 -- INFO: Changing concurrency to 19 ******
1660860087.255233 -- INFO: Process Status Bits from change concurrency are: 1 1 1 1 1 1 1 1 1 1 1 1 1 1 1 1 1 1 1 0 0 0 0 0 0 0 0 0 0 0 0 0
1660860087.255745 -- INFO: Active CC: 19
1660860087.263272 -- INFO: Start Process :: 18
1660860087.266978 -- INFO: Process 18 get item 22 from queue and executing
1660860087.267169 -- INFO: starting 18, 22, /home/hjamil/Documents/files_bash/FILE9
1660860087.904816 -- INFO: Throughput @152.2s:870.0Mbps, rtt :3.47ms cwnd: 189.6 lossRate: 0.0 CC:19 score:0.6 
1660860088.908837 -- INFO: Throughput @153.2s:875.0Mbps, rtt :3.83ms cwnd: 196.0 lossRate: 0.0 CC:19 score:0.6 
1660860089.916067 -- INFO: Throughput @154.2s:890.0Mbps, rtt :5.7ms cwnd: 199.9 lossRate: 0.0 CC:19 score:0.61 
1660860090.762547 -- INFO: score [0.6, 0.6, 0.61] ******
1660860090.763862 -- INFO: action array from actor 0.12306123971939087 and action is 18 ******
1660860090.771813 -- INFO: Changing concurrency to 18 ******
1660860090.773922 -- INFO: Process Status Bits from change concurrency are: 1 1 1 1 1 1 1 1 1 1 1 1 1 1 1 1 1 1 0 0 0 0 0 0 0 0 0 0 0 0 0 0
1660860090.782947 -- INFO: Active CC: 18
1660860090.937925 -- INFO: Throughput @155.2s:885.0Mbps, rtt :4.73ms cwnd: 204.3 lossRate: 0.0 CC:18 score:0.62 
1660860091.912435 -- INFO: Throughput @156.2s:830.0Mbps, rtt :2.74ms cwnd: 208.7 lossRate: 0.0 CC:18 score:0.58 
1660860092.912917 -- INFO: Throughput @157.2s:815.0Mbps, rtt :4.05ms cwnd: 211.4 lossRate: 0.0 CC:18 score:0.57 
1660860093.988332 -- INFO: Throughput @158.2s:850.0Mbps, rtt :4.34ms cwnd: 215.5 lossRate: 0.0 CC:18 score:0.6 
1660860094.311283 -- INFO: score [0.58, 0.57, 0.6] ******
1660860094.312573 -- INFO: action array from actor 0.1542266309261322 and action is 19 ******
1660860094.312671 -- INFO: Changing concurrency to 19 ******
1660860094.331193 -- INFO: Process Status Bits from change concurrency are: 1 1 1 1 1 1 1 1 1 1 1 1 1 1 1 1 1 1 1 0 0 0 0 0 0 0 0 0 0 0 0 0
1660860094.331198 -- INFO: Start Process :: 18
1660860094.331881 -- INFO: Active CC: 19
1660860094.336726 -- INFO: Process 18 get item 23 from queue and executing
1660860094.337164 -- INFO: starting 18, 23, /home/hjamil/Documents/files_bash/FILE10
1660860094.932024 -- INFO: Throughput @159.2s:860.0Mbps, rtt :3.56ms cwnd: 213.0 lossRate: 0.0 CC:19 score:0.59 
1660860095.900637 -- INFO: Throughput @160.2s:880.0Mbps, rtt :3.97ms cwnd: 216.6 lossRate: 0.0 CC:19 score:0.6 
1660860096.928571 -- INFO: Throughput @161.2s:885.0Mbps, rtt :3.67ms cwnd: 218.8 lossRate: 0.0 CC:19 score:0.61 
1660860097.843158 -- INFO: score [0.59, 0.6, 0.61] ******
1660860097.844742 -- INFO: action array from actor 0.12644429504871368 and action is 18 ******
1660860097.862301 -- INFO: Changing concurrency to 18 ******
1660860097.864372 -- INFO: Process Status Bits from change concurrency are: 1 1 1 1 1 1 1 1 1 1 1 1 1 1 1 1 1 1 0 0 0 0 0 0 0 0 0 0 0 0 0 0
1660860097.884123 -- INFO: Active CC: 18
1660860097.928600 -- INFO: Throughput @162.2s:885.0Mbps, rtt :3.22ms cwnd: 222.7 lossRate: 0.0 CC:18 score:0.62 
1660860098.924030 -- INFO: Throughput @163.2s:835.0Mbps, rtt :3.3ms cwnd: 226.8 lossRate: 0.0 CC:18 score:0.58 
1660860099.928400 -- INFO: Throughput @164.2s:840.0Mbps, rtt :2.95ms cwnd: 221.6 lossRate: 0.0005958980044345898 CC:18 score:0.58 
1660860100.920384 -- INFO: Throughput @165.2s:835.0Mbps, rtt :4.71ms cwnd: 223.9 lossRate: 0.0 CC:18 score:0.58 
1660860101.385841 -- INFO: score [0.58, 0.58, 0.58] ******
1660860101.387328 -- INFO: action array from actor 0.13005828857421875 and action is 19 ******
1660860101.389685 -- INFO: Changing concurrency to 19 ******
1660860101.390831 -- INFO: Process Status Bits from change concurrency are: 1 1 1 1 1 1 1 1 1 1 1 1 1 1 1 1 1 1 1 0 0 0 0 0 0 0 0 0 0 0 0 0
1660860101.391760 -- INFO: Active CC: 19
1660860101.391861 -- INFO: Start Process :: 18
1660860101.399029 -- INFO: Process 18 get item 18 from queue and executing
1660860101.399773 -- INFO: starting 18, 18, /home/hjamil/Documents/files_bash/FILE14
1660860101.928116 -- INFO: Throughput @166.2s:850.0Mbps, rtt :2.9ms cwnd: 219.9 lossRate: 0.0 CC:19 score:0.58 
1660860102.921591 -- INFO: Throughput @167.2s:885.0Mbps, rtt :3.81ms cwnd: 225.9 lossRate: 0.0 CC:19 score:0.61 
1660860103.928498 -- INFO: Throughput @168.2s:890.0Mbps, rtt :3.63ms cwnd: 228.1 lossRate: 0.0 CC:19 score:0.61 
1660860104.895278 -- INFO: score [0.58, 0.61, 0.61] ******
1660860104.896698 -- INFO: action array from actor 0.1487705558538437 and action is 19 ******
1660860104.906655 -- INFO: Changing concurrency to 19 ******
1660860104.910691 -- INFO: Process Status Bits from change concurrency are: 1 1 1 1 1 1 1 1 1 1 1 1 1 1 1 1 1 1 1 0 0 0 0 0 0 0 0 0 0 0 0 0
1660860104.911121 -- INFO: Active CC: 19
1660860104.924403 -- INFO: Throughput @169.2s:890.0Mbps, rtt :4.87ms cwnd: 234.5 lossRate: 0.0 CC:19 score:0.61 
1660860105.936446 -- INFO: Throughput @170.2s:860.0Mbps, rtt :4.5ms cwnd: 236.6 lossRate: 0.0 CC:19 score:0.59 
1660860106.116003 -- INFO: Process 3 finished on working on file 3 
1660860106.138527 -- INFO: Process 3 get item 30 from queue and executing
1660860106.150775 -- INFO: starting 3, 30, /home/hjamil/Documents/files_bash/FILE16
1660860106.806555 -- INFO: Process 4 finished on working on file 4 
1660860106.807176 -- INFO: Process 4 get item 11 from queue and executing
1660860106.807568 -- INFO: starting 4, 11, /home/hjamil/Documents/files_bash/FILE6
1660860106.866547 -- INFO: Process 10 finished on working on file 10 
1660860106.867118 -- INFO: Process 10 get item 29 from queue and executing
1660860106.867496 -- INFO: starting 10, 29, /home/hjamil/Documents/files_bash/FILE0
1660860106.936275 -- INFO: Throughput @171.2s:890.0Mbps, rtt :4.36ms cwnd: 239.3 lossRate: 0.0 CC:19 score:0.61 
1660860107.082566 -- INFO: Process 15 finished on working on file 15 
1660860107.090749 -- INFO: Process 15 get item 25 from queue and executing
1660860107.091274 -- INFO: starting 15, 25, /home/hjamil/Documents/files_bash/FILE28
1660860107.936659 -- INFO: Throughput @172.2s:855.0Mbps, rtt :4.73ms cwnd: 248.1 lossRate: 0.0 CC:19 score:0.59 
1660860108.423274 -- INFO: score [0.59, 0.61, 0.59] ******
1660860108.424831 -- INFO: action array from actor 0.1257135272026062 and action is 18 ******
1660860108.425063 -- INFO: Changing concurrency to 18 ******
1660860108.442799 -- INFO: Process Status Bits from change concurrency are: 1 1 1 1 1 1 1 1 1 1 1 1 1 1 1 1 1 1 0 0 0 0 0 0 0 0 0 0 0 0 0 0
1660860108.443421 -- INFO: Active CC: 18
1660860108.939425 -- INFO: Throughput @173.2s:870.0Mbps, rtt :3.08ms cwnd: 246.9 lossRate: 0.0 CC:18 score:0.61 
1660860109.924041 -- INFO: Throughput @174.2s:855.0Mbps, rtt :3.28ms cwnd: 248.8 lossRate: 0.0 CC:18 score:0.6 
1660860110.920387 -- INFO: Throughput @175.2s:835.0Mbps, rtt :4.03ms cwnd: 249.9 lossRate: 0.0 CC:18 score:0.58 
1660860111.952837 -- INFO: Throughput @176.2s:830.0Mbps, rtt :4.68ms cwnd: 252.4 lossRate: 0.0 CC:18 score:0.58 
1660860111.971127 -- INFO: score [0.6, 0.58, 0.58] ******
1660860111.978717 -- INFO: action array from actor 0.585181474685669 and action is 26 ******
1660860111.978922 -- INFO: Changing concurrency to 26 ******
1660860111.990795 -- INFO: Process Status Bits from change concurrency are: 1 1 1 1 1 1 1 1 1 1 1 1 1 1 1 1 1 1 1 1 1 1 1 1 1 1 0 0 0 0 0 0
1660860111.991231 -- INFO: Active CC: 26
1660860111.991048 -- INFO: Start Process :: 21
1660860111.991353 -- INFO: Start Process :: 24
1660860111.991538 -- INFO: Start Process :: 20
1660860111.991671 -- INFO: Start Process :: 23
1660860111.991703 -- INFO: Start Process :: 19
1660860111.991286 -- INFO: Start Process :: 25
1660860111.992089 -- INFO: Process 21 get item 24 from queue and executing
1660860111.992329 -- INFO: starting 21, 24, /home/hjamil/Documents/files_bash/FILE12
1660860111.992961 -- INFO: Process 19 get item 31 from queue and executing
1660860111.993080 -- INFO: Process 20 get item 28 from queue and executing
1660860111.993544 -- INFO: Process 24 get item 26 from queue and executing
1660860111.993748 -- INFO: starting 20, 28, /home/hjamil/Documents/files_bash/FILE18
1660860111.993289 -- INFO: Process 25 get item 19 from queue and executing
1660860111.994477 -- INFO: starting 25, 19, /home/hjamil/Documents/files_bash/FILE8
1660860111.993755 -- INFO: starting 24, 26, /home/hjamil/Documents/files_bash/FILE27
1660860111.993870 -- INFO: Process 23 get item 20 from queue and executing
1660860111.994907 -- INFO: Start Process :: 22
1660860111.993989 -- INFO: starting 19, 31, /home/hjamil/Documents/files_bash/FILE19
1660860111.995151 -- INFO: starting 23, 20, /home/hjamil/Documents/files_bash/FILE15
1660860111.995471 -- INFO: Start Process :: 18
1660860111.998136 -- INFO: Process 22 get item 21 from queue and executing
1660860111.998593 -- INFO: starting 22, 21, /home/hjamil/Documents/files_bash/FILE21
1660860111.998718 -- INFO: Process 18 get item 22 from queue and executing
1660860111.999009 -- INFO: starting 18, 22, /home/hjamil/Documents/files_bash/FILE9
1660860112.922898 -- INFO: Throughput @177.2s:1119.56Mbps, rtt :8.75ms cwnd: 159.5 lossRate: 0.0019149799624613199 CC:26 score:0.65 
1660860113.920928 -- INFO: Throughput @178.2s:951.27Mbps, rtt :9.21ms cwnd: 147.5 lossRate: 0.0003586534418363056 CC:26 score:0.57 
1660860114.938974 -- INFO: Throughput @179.2s:947.03Mbps, rtt :11.18ms cwnd: 147.3 lossRate: 0.00013428881862463833 CC:26 score:0.56 
1660860115.492095 -- INFO: score [0.65, 0.57, 0.56] ******
1660860115.493496 -- INFO: action array from actor 0.09915056079626083 and action is 18 ******
1660860115.493678 -- INFO: Changing concurrency to 18 ******
1660860115.495034 -- INFO: Process Status Bits from change concurrency are: 1 1 1 1 1 1 1 1 1 1 1 1 1 1 1 1 1 1 0 0 0 0 0 0 0 0 0 0 0 0 0 0
1660860115.511186 -- INFO: Active CC: 18
1660860115.548036 -- INFO: Process 0 finished on working on file 0 
1660860115.573320 -- INFO: Process 0 get item 23 from queue and executing
1660860115.574794 -- INFO: starting 0, 23, /home/hjamil/Documents/files_bash/FILE10
1660860115.838543 -- INFO: Process 1 finished on working on file 2 
1660860115.854763 -- INFO: Process 1 get item 18 from queue and executing
1660860115.855199 -- INFO: starting 1, 18, /home/hjamil/Documents/files_bash/FILE14
1660860115.910527 -- INFO: Process 6 finished on working on file 8 
1660860115.918735 -- INFO: Process 6 get item 26 from queue and executing
1660860115.919225 -- INFO: starting 6, 26, /home/hjamil/Documents/files_bash/FILE27
1660860115.942654 -- INFO: Throughput @180.2s:894.22Mbps, rtt :6.91ms cwnd: 169.1 lossRate: 0 CC:18 score:0.63 
1660860116.126025 -- INFO: Process 11 finished on working on file 12 
1660860116.132634 -- INFO: Process 11 get item 24 from queue and executing
1660860116.133106 -- INFO: starting 11, 24, /home/hjamil/Documents/files_bash/FILE12
1660860116.578561 -- INFO: Process 14 finished on working on file 16 
1660860116.586728 -- INFO: Process 14 get item 31 from queue and executing
1660860116.587117 -- INFO: starting 14, 31, /home/hjamil/Documents/files_bash/FILE19
1660860116.645947 -- INFO: Process 5 finished on working on file 9 
1660860116.646520 -- INFO: Process 5 get item 20 from queue and executing
1660860116.646897 -- INFO: starting 5, 20, /home/hjamil/Documents/files_bash/FILE15
1660860116.944389 -- INFO: Throughput @181.2s:855.11Mbps, rtt :5.12ms cwnd: 176.2 lossRate: 0.0 CC:18 score:0.6 
1660860117.952923 -- INFO: Throughput @182.2s:850.0Mbps, rtt :4.21ms cwnd: 191.1 lossRate: 0.0 CC:18 score:0.6 
1660860118.952206 -- INFO: Throughput @183.2s:835.0Mbps, rtt :4.16ms cwnd: 195.4 lossRate: 0.0 CC:18 score:0.58 
1660860119.015432 -- INFO: score [0.6, 0.6, 0.58] ******
1660860119.024086 -- INFO: action array from actor 0.12298482656478882 and action is 18 ******
1660860119.024374 -- INFO: Changing concurrency to 18 ******
1660860119.030873 -- INFO: Process Status Bits from change concurrency are: 1 1 1 1 1 1 1 1 1 1 1 1 1 1 1 1 1 1 0 0 0 0 0 0 0 0 0 0 0 0 0 0
1660860119.031410 -- INFO: Active CC: 18
1660860119.936497 -- INFO: Throughput @184.2s:850.0Mbps, rtt :2.8ms cwnd: 198.6 lossRate: 0.0 CC:18 score:0.6 
1660860120.956824 -- INFO: Throughput @185.2s:830.0Mbps, rtt :3.0ms cwnd: 212.6 lossRate: 0.0 CC:18 score:0.58 
1660860121.948406 -- INFO: Throughput @186.2s:830.0Mbps, rtt :3.81ms cwnd: 215.7 lossRate: 0.0 CC:18 score:0.58 
1660860122.547683 -- INFO: score [0.6, 0.58, 0.58] ******
1660860122.549438 -- INFO: action array from actor 0.12499640136957169 and action is 18 ******
1660860122.549567 -- INFO: Changing concurrency to 18 ******
1660860122.569766 -- INFO: Process Status Bits from change concurrency are: 1 1 1 1 1 1 1 1 1 1 1 1 1 1 1 1 1 1 0 0 0 0 0 0 0 0 0 0 0 0 0 0
1660860122.571908 -- INFO: Active CC: 18
1660860122.920781 -- INFO: Throughput @187.2s:835.0Mbps, rtt :2.84ms cwnd: 219.2 lossRate: 0.0 CC:18 score:0.58 
1660860123.952096 -- INFO: Throughput @188.2s:840.0Mbps, rtt :2.77ms cwnd: 225.1 lossRate: 0.0 CC:18 score:0.59 
1660860124.948454 -- INFO: Throughput @189.2s:825.0Mbps, rtt :2.5ms cwnd: 228.0 lossRate: 0.0 CC:18 score:0.58 
1660860125.940383 -- INFO: Throughput @190.2s:840.0Mbps, rtt :3.86ms cwnd: 231.5 lossRate: 0.0 CC:18 score:0.59 
1660860126.083168 -- INFO: score [0.59, 0.58, 0.59] ******
1660860126.086074 -- INFO: action array from actor 0.15600576996803284 and action is 19 ******
1660860126.090625 -- INFO: Changing concurrency to 19 ******
1660860126.095777 -- INFO: Start Process :: 18
1660860126.096396 -- INFO: Process Status Bits from change concurrency are: 1 1 1 1 1 1 1 1 1 1 1 1 1 1 1 1 1 1 1 0 0 0 0 0 0 0 0 0 0 0 0 0
1660860126.097130 -- INFO: Process 18 get item 28 from queue and executing
1660860126.097305 -- INFO: starting 18, 28, /home/hjamil/Documents/files_bash/FILE18
1660860126.102877 -- INFO: Active CC: 19
1660860126.952145 -- INFO: Throughput @191.2s:885.0Mbps, rtt :2.97ms cwnd: 229.9 lossRate: 0.0 CC:19 score:0.61 
1660860127.949807 -- INFO: Throughput @192.2s:860.0Mbps, rtt :5.83ms cwnd: 236.2 lossRate: 0.0 CC:19 score:0.59 
1660860128.940533 -- INFO: Throughput @193.2s:880.0Mbps, rtt :3.83ms cwnd: 239.9 lossRate: 0.0 CC:19 score:0.6 
1660860129.615318 -- INFO: score [0.61, 0.59, 0.6] ******
1660860129.616839 -- INFO: action array from actor 0.15409702062606812 and action is 19 ******
1660860129.617083 -- INFO: Changing concurrency to 19 ******
1660860129.638802 -- INFO: Process Status Bits from change concurrency are: 1 1 1 1 1 1 1 1 1 1 1 1 1 1 1 1 1 1 1 0 0 0 0 0 0 0 0 0 0 0 0 0
1660860129.639413 -- INFO: Active CC: 19
1660860129.956580 -- INFO: Throughput @194.2s:905.0Mbps, rtt :4.21ms cwnd: 242.4 lossRate: 0.0002568218298555377 CC:19 score:0.62 
1660860130.969228 -- INFO: Throughput @195.2s:850.0Mbps, rtt :2.84ms cwnd: 245.4 lossRate: 0.0 CC:19 score:0.58 
1660860131.961557 -- INFO: Throughput @196.2s:875.0Mbps, rtt :4.95ms cwnd: 250.0 lossRate: 0.0 CC:19 score:0.6 
1660860132.973137 -- INFO: Throughput @197.2s:875.0Mbps, rtt :3.45ms cwnd: 255.1 lossRate: 0.0 CC:19 score:0.6 
1660860133.148201 -- INFO: score [0.58, 0.6, 0.6] ******
1660860133.152901 -- INFO: action array from actor 0.29500192403793335 and action is 21 ******
1660860133.154549 -- INFO: Changing concurrency to 21 ******
1660860133.162054 -- INFO: Process Status Bits from change concurrency are: 1 1 1 1 1 1 1 1 1 1 1 1 1 1 1 1 1 1 1 1 1 0 0 0 0 0 0 0 0 0 0 0
1660860133.162149 -- INFO: Start Process :: 19
1660860133.162720 -- INFO: Start Process :: 20
1660860133.172161 -- INFO: Active CC: 21
1660860133.172259 -- INFO: Process 20 get item 22 from queue and executing
1660860133.172437 -- INFO: Process 19 get item 21 from queue and executing
1660860133.172842 -- INFO: starting 20, 22, /home/hjamil/Documents/files_bash/FILE9
1660860133.174584 -- INFO: starting 19, 21, /home/hjamil/Documents/files_bash/FILE21
1660860133.973026 -- INFO: Throughput @198.2s:960.0Mbps, rtt :8.02ms cwnd: 240.6 lossRate: 0.0 CC:21 score:0.63 
1660860134.956877 -- INFO: Throughput @199.2s:960.0Mbps, rtt :7.83ms cwnd: 245.6 lossRate: 0.0 CC:21 score:0.63 
1660860135.904489 -- INFO: episode expires
1660860135.904512 -- INFO: Process 25 shutdown itself from outest loop
1660860135.904512 -- INFO: Process 26 shutdown itself from outest loop
1660860135.904803 -- INFO: Process 23 shutdown itself from outest loop
1660860135.904834 -- INFO: Process 22 shutdown itself from outest loop
1660860135.904981 -- INFO: Process 21 shutdown itself from outest loop
1660860135.904992 -- INFO: Process 24 shutdown itself from outest loop
1660860135.904917 -- INFO: Process 31 shutdown itself from outest loop
1660860135.905352 -- INFO: Process 28 shutdown itself from outest loop
1660860135.905892 -- INFO: Process 27 shutdown itself from outest loop
1660860135.906521 -- INFO: Process 29 shutdown itself from outest loop
1660860135.906742 -- INFO: Process 30 shutdown itself from outest loop
1660860136.687271 -- INFO: score [0.6, 0.63, 0.63] ******
