1660159881.759494 -- INFO: Time taken to collect tcp stats: 6.0ms
1660159881.761641 -- INFO: Throughput @0.1s:0.0Mbps, rtt :0.0ms cwnd: 0.0 lossRate: 0 CC:0 score:-0.0 
1660159882.758925 -- INFO: Time taken to collect tcp stats: 6.0ms
1660159882.759990 -- INFO: Throughput @1.1s:0.0Mbps, rtt :0.0ms cwnd: 0.0 lossRate: 0 CC:0 score:-0.0 
1660159883.761016 -- INFO: Time taken to collect tcp stats: 5.0ms
1660159883.761998 -- INFO: Throughput @2.1s:0.0Mbps, rtt :0.0ms cwnd: 0.0 lossRate: 0 CC:0 score:-0.0 
1660159884.773843 -- INFO: Time taken to collect tcp stats: 20.0ms
1660159885.110431 -- INFO: Changing concurrency to 19 ******
1660159885.113022 -- INFO: Process Status Bits from change concurrency are: 1 1 1 1 1 1 1 1 1 1 1 1 1 1 1 1 1 1 1 0 0 0 0 0 0 0 0 0 0 0 0 0
1660159885.113877 -- INFO: Active CC: 19
1660159885.144505 -- INFO: Start Process :: 0
1660159885.145901 -- INFO: Process 0 get item 0 from queue and executing
1660159885.147615 -- INFO: starting 0, 0, /home/hjamil/Documents/files_bash/FILE25
1660159885.165749 -- INFO: Time taken to collect tcp stats: 74.0ms
1660159885.174815 -- INFO: Start Process :: 1
1660159885.176693 -- INFO: Process 1 get item 1 from queue and executing
1660159885.177029 -- INFO: starting 1, 1, /home/hjamil/Documents/files_bash/FILE1
1660159885.177060 -- INFO: Start Process :: 4
1660159885.178841 -- INFO: Process 4 get item 2 from queue and executing
1660159885.179168 -- INFO: starting 4, 2, /home/hjamil/Documents/files_bash/FILE4
1660159885.185808 -- INFO: Start Process :: 7
1660159885.186738 -- INFO: Process 7 get item 3 from queue and executing
1660159885.186935 -- INFO: starting 7, 3, /home/hjamil/Documents/files_bash/FILE13
1660159885.197786 -- INFO: Start Process :: 13
1660159885.198104 -- INFO: Start Process :: 5
1660159885.198158 -- INFO: Start Process :: 15
1660159885.198845 -- INFO: Process 13 get item 4 from queue and executing
1660159885.199028 -- INFO: starting 13, 4, /home/hjamil/Documents/files_bash/FILE3
1660159885.200592 -- INFO: Process 5 get item 5 from queue and executing
1660159885.200913 -- INFO: starting 5, 5, /home/hjamil/Documents/files_bash/FILE24
1660159885.200944 -- INFO: Process 15 get item 6 from queue and executing
1660159885.201160 -- INFO: starting 15, 6, /home/hjamil/Documents/files_bash/FILE2
1660159885.214351 -- INFO: Start Process :: 2
1660159885.215924 -- INFO: Start Process :: 17
1660159885.216465 -- INFO: Start Process :: 3
1660159885.221246 -- INFO: Process 2 get item 7 from queue and executing
1660159885.221574 -- INFO: starting 2, 7, /home/hjamil/Documents/files_bash/FILE20
1660159885.225372 -- INFO: Process 17 get item 8 from queue and executing
1660159885.225594 -- INFO: starting 17, 8, /home/hjamil/Documents/files_bash/FILE29
1660159885.226060 -- INFO: Process 3 get item 9 from queue and executing
1660159885.226331 -- INFO: starting 3, 9, /home/hjamil/Documents/files_bash/FILE7
1660159885.226335 -- INFO: Start Process :: 10
1660159885.226675 -- INFO: Start Process :: 14
1660159885.228741 -- INFO: Process 14 get item 10 from queue and executing
1660159885.229120 -- INFO: starting 14, 10, /home/hjamil/Documents/files_bash/FILE31
1660159885.233146 -- INFO: Process 10 get item 11 from queue and executing
1660159885.233378 -- INFO: starting 10, 11, /home/hjamil/Documents/files_bash/FILE6
1660159885.240401 -- INFO: Start Process :: 12
1660159885.243739 -- INFO: Process 12 get item 12 from queue and executing
1660159885.243939 -- INFO: starting 12, 12, /home/hjamil/Documents/files_bash/FILE22
1660159885.253726 -- INFO: Start Process :: 6
1660159885.254762 -- INFO: Start Process :: 16
1660159885.255486 -- INFO: Process 6 get item 13 from queue and executing
1660159885.255560 -- INFO: Start Process :: 18
1660159885.255949 -- INFO: starting 6, 13, /home/hjamil/Documents/files_bash/FILE11
1660159885.256002 -- INFO: Process 16 get item 14 from queue and executing
1660159885.256375 -- INFO: starting 16, 14, /home/hjamil/Documents/files_bash/FILE30
1660159885.269078 -- INFO: Process 18 get item 15 from queue and executing
1660159885.269321 -- INFO: starting 18, 15, /home/hjamil/Documents/files_bash/FILE5
1660159885.270856 -- INFO: Start Process :: 11
1660159885.271527 -- INFO: Start Process :: 9
1660159885.271599 -- INFO: Start Process :: 8
1660159885.272159 -- INFO: Process 11 get item 16 from queue and executing
1660159885.272353 -- INFO: starting 11, 16, /home/hjamil/Documents/files_bash/FILE17
1660159885.272442 -- INFO: Process 9 get item 17 from queue and executing
1660159885.272625 -- INFO: starting 9, 17, /home/hjamil/Documents/files_bash/FILE23
1660159885.276932 -- INFO: Process 8 get item 18 from queue and executing
1660159885.277204 -- INFO: starting 8, 18, /home/hjamil/Documents/files_bash/FILE14
1660159885.296572 -- INFO: Throughput @0.1s:0.0Mbps, rtt :0.69ms cwnd: 75.0 lossRate: 0.0 CC:0 score:-0.0 
1660159886.170628 -- INFO: Time taken to collect tcp stats: 80.0ms
1660159886.171585 -- INFO: Throughput @1.1s:755.0Mbps, rtt :2.26ms cwnd: 133.0 lossRate: 0.0 CC:19 score:-518.0 
1660159887.154217 -- INFO: Time taken to collect tcp stats: 49.0ms
1660159887.155162 -- INFO: Throughput @2.1s:840.0Mbps, rtt :4.94ms cwnd: 175.2 lossRate: 0.0 CC:19 score:-577.0 
1660159888.215126 -- INFO: Time taken to collect tcp stats: 109.0ms
1660159888.216680 -- INFO: Throughput @3.1s:870.0Mbps, rtt :3.06ms cwnd: 208.3 lossRate: 0.0 CC:19 score:-597.0 
1660159888.661247 -- INFO: Changing concurrency to 19 ******
1660159888.693074 -- INFO: Process Status Bits from change concurrency are: 1 1 1 1 1 1 1 1 1 1 1 1 1 1 1 1 1 1 1 0 0 0 0 0 0 0 0 0 0 0 0 0
1660159888.693909 -- INFO: Active CC: 19
1660159889.175672 -- INFO: Time taken to collect tcp stats: 68.0ms
1660159889.176495 -- INFO: Throughput @4.1s:855.0Mbps, rtt :5.87ms cwnd: 229.9 lossRate: 0.0 CC:19 score:-587.0 
1660159890.206620 -- INFO: Time taken to collect tcp stats: 98.0ms
1660159890.207536 -- INFO: Throughput @5.1s:850.0Mbps, rtt :3.33ms cwnd: 255.4 lossRate: 0.0 CC:19 score:-583.0 
1660159891.191072 -- INFO: Time taken to collect tcp stats: 82.0ms
1660159891.191912 -- INFO: Throughput @6.1s:805.0Mbps, rtt :3.51ms cwnd: 272.1 lossRate: 0.0 CC:19 score:-553.0 
1660159892.206543 -- INFO: Time taken to collect tcp stats: 92.0ms
1660159892.207392 -- INFO: Throughput @7.1s:825.0Mbps, rtt :2.94ms cwnd: 301.9 lossRate: 0.0 CC:19 score:-566.0 
1660159892.249243 -- INFO: Changing concurrency to 19 ******
1660159892.272949 -- INFO: Process Status Bits from change concurrency are: 1 1 1 1 1 1 1 1 1 1 1 1 1 1 1 1 1 1 1 0 0 0 0 0 0 0 0 0 0 0 0 0
1660159892.292992 -- INFO: Active CC: 19
1660159893.164218 -- INFO: Time taken to collect tcp stats: 53.0ms
1660159893.165126 -- INFO: Throughput @8.1s:840.0Mbps, rtt :5.78ms cwnd: 316.8 lossRate: 0.0 CC:19 score:-577.0 
1660159894.162530 -- INFO: Time taken to collect tcp stats: 51.0ms
1660159894.163432 -- INFO: Throughput @9.1s:820.0Mbps, rtt :6.57ms cwnd: 332.9 lossRate: 0.0 CC:19 score:-563.0 
1660159895.193598 -- INFO: Time taken to collect tcp stats: 81.0ms
1660159895.194451 -- INFO: Throughput @10.1s:865.0Mbps, rtt :5.13ms cwnd: 338.9 lossRate: 0.0 CC:19 score:-594.0 
1660159895.818478 -- INFO: Changing concurrency to 19 ******
1660159895.860953 -- INFO: Process Status Bits from change concurrency are: 1 1 1 1 1 1 1 1 1 1 1 1 1 1 1 1 1 1 1 0 0 0 0 0 0 0 0 0 0 0 0 0
1660159895.863394 -- INFO: Active CC: 19
1660159896.190583 -- INFO: Time taken to collect tcp stats: 77.0ms
1660159896.191470 -- INFO: Throughput @11.1s:830.0Mbps, rtt :4.02ms cwnd: 349.5 lossRate: 0.0 CC:19 score:-570.0 
1660159897.246908 -- INFO: Time taken to collect tcp stats: 133.0ms
1660159897.247777 -- INFO: Throughput @12.1s:840.0Mbps, rtt :6.16ms cwnd: 360.3 lossRate: 0.0 CC:19 score:-577.0 
1660159898.176134 -- INFO: Time taken to collect tcp stats: 62.0ms
1660159898.177085 -- INFO: Throughput @13.1s:830.0Mbps, rtt :5.88ms cwnd: 371.2 lossRate: 0.0 CC:19 score:-570.0 
1660159899.178592 -- INFO: Time taken to collect tcp stats: 63.0ms
1660159899.179479 -- INFO: Throughput @14.1s:840.0Mbps, rtt :5.3ms cwnd: 385.5 lossRate: 0.0 CC:19 score:-577.0 
1660159899.417268 -- INFO: Changing concurrency to 19 ******
1660159899.437001 -- INFO: Process Status Bits from change concurrency are: 1 1 1 1 1 1 1 1 1 1 1 1 1 1 1 1 1 1 1 0 0 0 0 0 0 0 0 0 0 0 0 0
1660159899.449083 -- INFO: Active CC: 19
1660159900.186572 -- INFO: Time taken to collect tcp stats: 70.0ms
1660159900.187469 -- INFO: Throughput @15.1s:840.0Mbps, rtt :4.54ms cwnd: 393.1 lossRate: 0.0 CC:19 score:-577.0 
1660159901.171130 -- INFO: Time taken to collect tcp stats: 54.0ms
1660159901.172024 -- INFO: Throughput @16.1s:865.0Mbps, rtt :4.44ms cwnd: 392.3 lossRate: 0.0003972874854442085 CC:19 score:-590.0 
1660159902.174750 -- INFO: Time taken to collect tcp stats: 57.0ms
1660159902.175578 -- INFO: Throughput @17.1s:840.0Mbps, rtt :5.83ms cwnd: 398.3 lossRate: 0.0 CC:19 score:-577.0 
1660159902.977182 -- INFO: Changing concurrency to 19 ******
1660159902.995824 -- INFO: Process Status Bits from change concurrency are: 1 1 1 1 1 1 1 1 1 1 1 1 1 1 1 1 1 1 1 0 0 0 0 0 0 0 0 0 0 0 0 0
1660159902.996162 -- INFO: Active CC: 19
1660159903.199785 -- INFO: Time taken to collect tcp stats: 81.0ms
1660159903.200946 -- INFO: Throughput @18.1s:890.0Mbps, rtt :5.28ms cwnd: 405.1 lossRate: 0.0 CC:19 score:-611.0 
1660159904.186551 -- INFO: Time taken to collect tcp stats: 67.0ms
1660159904.187464 -- INFO: Throughput @19.1s:820.0Mbps, rtt :5.48ms cwnd: 408.5 lossRate: 0.0 CC:19 score:-563.0 
1660159905.166403 -- INFO: Time taken to collect tcp stats: 46.0ms
1660159905.167172 -- INFO: Throughput @20.1s:835.0Mbps, rtt :3.24ms cwnd: 410.8 lossRate: 0.0 CC:19 score:-573.0 
1660159906.186511 -- INFO: Time taken to collect tcp stats: 65.0ms
1660159906.187406 -- INFO: Throughput @21.1s:855.0Mbps, rtt :4.47ms cwnd: 413.0 lossRate: 0.0 CC:19 score:-587.0 
1660159906.533164 -- INFO: Changing concurrency to 19 ******
1660159906.547481 -- INFO: Process Status Bits from change concurrency are: 1 1 1 1 1 1 1 1 1 1 1 1 1 1 1 1 1 1 1 0 0 0 0 0 0 0 0 0 0 0 0 0
1660159906.560076 -- INFO: Active CC: 19
1660159907.172815 -- INFO: Time taken to collect tcp stats: 51.0ms
1660159907.173839 -- INFO: Throughput @22.1s:820.0Mbps, rtt :5.16ms cwnd: 413.4 lossRate: 0.0 CC:19 score:-563.0 
1660159908.202632 -- INFO: Time taken to collect tcp stats: 80.0ms
1660159908.203637 -- INFO: Throughput @23.1s:865.0Mbps, rtt :9.44ms cwnd: 413.7 lossRate: 0.0 CC:19 score:-594.0 
1660159909.206934 -- INFO: Time taken to collect tcp stats: 84.0ms
1660159909.207664 -- INFO: Throughput @24.1s:835.0Mbps, rtt :3.97ms cwnd: 413.8 lossRate: 0.0 CC:19 score:-573.0 
1660159910.116948 -- INFO: Changing concurrency to 19 ******
1660159910.132985 -- INFO: Process Status Bits from change concurrency are: 1 1 1 1 1 1 1 1 1 1 1 1 1 1 1 1 1 1 1 0 0 0 0 0 0 0 0 0 0 0 0 0
1660159910.140960 -- INFO: Active CC: 19
1660159910.173896 -- INFO: Time taken to collect tcp stats: 50.0ms
1660159910.174702 -- INFO: Throughput @25.1s:845.0Mbps, rtt :6.79ms cwnd: 416.4 lossRate: 0.0 CC:19 score:-580.0 
1660159911.191061 -- INFO: Time taken to collect tcp stats: 66.0ms
1660159911.192013 -- INFO: Throughput @26.1s:845.0Mbps, rtt :8.2ms cwnd: 416.6 lossRate: 0.0 CC:19 score:-580.0 
1660159912.194599 -- INFO: Time taken to collect tcp stats: 69.0ms
1660159912.195474 -- INFO: Throughput @27.1s:860.0Mbps, rtt :4.25ms cwnd: 416.7 lossRate: 0.0 CC:19 score:-590.0 
1660159913.170228 -- INFO: Time taken to collect tcp stats: 44.0ms
1660159913.171135 -- INFO: Throughput @28.1s:855.0Mbps, rtt :4.7ms cwnd: 416.9 lossRate: 0.0 CC:19 score:-587.0 
1660159913.713180 -- INFO: Changing concurrency to 19 ******
1660159913.733012 -- INFO: Process Status Bits from change concurrency are: 1 1 1 1 1 1 1 1 1 1 1 1 1 1 1 1 1 1 1 0 0 0 0 0 0 0 0 0 0 0 0 0
1660159913.748952 -- INFO: Active CC: 19
1660159914.179007 -- INFO: Time taken to collect tcp stats: 52.0ms
1660159914.179759 -- INFO: Throughput @29.1s:830.0Mbps, rtt :7.41ms cwnd: 417.0 lossRate: 0.0 CC:19 score:-570.0 
1660159915.206632 -- INFO: Time taken to collect tcp stats: 78.0ms
1660159915.207413 -- INFO: Throughput @30.1s:830.0Mbps, rtt :6.56ms cwnd: 417.1 lossRate: 0.0 CC:19 score:-570.0 
1660159916.178217 -- INFO: Time taken to collect tcp stats: 49.0ms
1660159916.178981 -- INFO: Throughput @31.1s:835.0Mbps, rtt :7.05ms cwnd: 417.7 lossRate: 0.0 CC:19 score:-573.0 
1660159917.178208 -- INFO: Time taken to collect tcp stats: 49.0ms
1660159917.178955 -- INFO: Throughput @32.1s:865.0Mbps, rtt :5.6ms cwnd: 417.9 lossRate: 0.0 CC:19 score:-594.0 
1660159917.305453 -- INFO: Changing concurrency to 19 ******
1660159917.324983 -- INFO: Process Status Bits from change concurrency are: 1 1 1 1 1 1 1 1 1 1 1 1 1 1 1 1 1 1 1 0 0 0 0 0 0 0 0 0 0 0 0 0
1660159917.341286 -- INFO: Active CC: 19
1660159918.176955 -- INFO: Time taken to collect tcp stats: 47.0ms
1660159918.177808 -- INFO: Throughput @33.1s:820.0Mbps, rtt :3.55ms cwnd: 417.9 lossRate: 0.0 CC:19 score:-563.0 
1660159919.207596 -- INFO: Time taken to collect tcp stats: 76.0ms
1660159919.208416 -- INFO: Throughput @34.1s:835.0Mbps, rtt :5.35ms cwnd: 418.1 lossRate: 0.0 CC:19 score:-573.0 
1660159920.203995 -- INFO: Time taken to collect tcp stats: 72.0ms
1660159920.204743 -- INFO: Throughput @35.1s:845.0Mbps, rtt :4.21ms cwnd: 419.3 lossRate: 0.0 CC:19 score:-580.0 
1660159920.889236 -- INFO: Changing concurrency to 19 ******
1660159920.909164 -- INFO: Process Status Bits from change concurrency are: 1 1 1 1 1 1 1 1 1 1 1 1 1 1 1 1 1 1 1 0 0 0 0 0 0 0 0 0 0 0 0 0
1660159920.916190 -- INFO: Active CC: 19
1660159921.174477 -- INFO: Time taken to collect tcp stats: 41.0ms
1660159921.175460 -- INFO: Throughput @36.1s:845.0Mbps, rtt :6.28ms cwnd: 420.6 lossRate: 0.0 CC:19 score:-580.0 
1660159922.190571 -- INFO: Time taken to collect tcp stats: 57.0ms
1660159922.191478 -- INFO: Throughput @37.1s:840.0Mbps, rtt :5.63ms cwnd: 420.6 lossRate: 0.0 CC:19 score:-577.0 
1660159923.238764 -- INFO: Time taken to collect tcp stats: 104.0ms
1660159923.239567 -- INFO: Throughput @38.1s:835.0Mbps, rtt :5.98ms cwnd: 415.1 lossRate: 0.0 CC:19 score:-573.0 
1660159924.221387 -- INFO: Time taken to collect tcp stats: 84.0ms
1660159924.222118 -- INFO: Throughput @39.1s:845.0Mbps, rtt :10.29ms cwnd: 416.4 lossRate: 0.0 CC:19 score:-580.0 
1660159924.469214 -- INFO: Changing concurrency to 19 ******
1660159924.485172 -- INFO: Process Status Bits from change concurrency are: 1 1 1 1 1 1 1 1 1 1 1 1 1 1 1 1 1 1 1 0 0 0 0 0 0 0 0 0 0 0 0 0
1660159924.505123 -- INFO: Active CC: 19
1660159925.178244 -- INFO: Time taken to collect tcp stats: 40.0ms
1660159925.179069 -- INFO: Throughput @40.1s:845.0Mbps, rtt :5.51ms cwnd: 418.0 lossRate: 0.0 CC:19 score:-580.0 
1660159926.231643 -- INFO: Time taken to collect tcp stats: 92.0ms
1660159926.232429 -- INFO: Throughput @41.1s:825.0Mbps, rtt :6.4ms cwnd: 420.3 lossRate: 0.0 CC:19 score:-566.0 
1660159927.194409 -- INFO: Time taken to collect tcp stats: 54.0ms
1660159927.195342 -- INFO: Throughput @42.1s:850.0Mbps, rtt :4.71ms cwnd: 421.4 lossRate: 0.0 CC:19 score:-583.0 
1660159928.025183 -- INFO: Changing concurrency to 19 ******
1660159928.041520 -- INFO: Process Status Bits from change concurrency are: 1 1 1 1 1 1 1 1 1 1 1 1 1 1 1 1 1 1 1 0 0 0 0 0 0 0 0 0 0 0 0 0
1660159928.043668 -- INFO: Active CC: 19
1660159928.223108 -- INFO: Time taken to collect tcp stats: 82.0ms
1660159928.224077 -- INFO: Throughput @43.1s:820.0Mbps, rtt :5.01ms cwnd: 423.5 lossRate: 0.0 CC:19 score:-563.0 
1660159929.186534 -- INFO: Time taken to collect tcp stats: 45.0ms
1660159929.187414 -- INFO: Throughput @44.1s:860.0Mbps, rtt :3.52ms cwnd: 424.6 lossRate: 0.0 CC:19 score:-590.0 
1660159930.235589 -- INFO: Time taken to collect tcp stats: 93.0ms
1660159930.236614 -- INFO: Throughput @45.1s:830.0Mbps, rtt :6.26ms cwnd: 424.9 lossRate: 0.0 CC:19 score:-570.0 
1660159931.226327 -- INFO: Time taken to collect tcp stats: 83.0ms
1660159931.227286 -- INFO: Throughput @46.1s:840.0Mbps, rtt :8.32ms cwnd: 425.0 lossRate: 0.0 CC:19 score:-577.0 
1660159931.581284 -- INFO: Changing concurrency to 19 ******
1660159931.581925 -- INFO: Process Status Bits from change concurrency are: 1 1 1 1 1 1 1 1 1 1 1 1 1 1 1 1 1 1 1 0 0 0 0 0 0 0 0 0 0 0 0 0
1660159931.582614 -- INFO: Active CC: 19
1660159932.202421 -- INFO: Time taken to collect tcp stats: 58.0ms
1660159932.203358 -- INFO: Throughput @47.1s:845.0Mbps, rtt :4.87ms cwnd: 427.3 lossRate: 0.0 CC:19 score:-580.0 
1660159933.215127 -- INFO: Time taken to collect tcp stats: 70.0ms
1660159933.216343 -- INFO: Throughput @48.1s:825.0Mbps, rtt :4.33ms cwnd: 427.4 lossRate: 0.0 CC:19 score:-566.0 
1660159934.186360 -- INFO: Time taken to collect tcp stats: 41.0ms
1660159934.187384 -- INFO: Throughput @49.1s:835.0Mbps, rtt :4.34ms cwnd: 427.4 lossRate: 0.0 CC:19 score:-573.0 
1660159935.141206 -- INFO: Changing concurrency to 19 ******
1660159935.176901 -- INFO: Process Status Bits from change concurrency are: 1 1 1 1 1 1 1 1 1 1 1 1 1 1 1 1 1 1 1 0 0 0 0 0 0 0 0 0 0 0 0 0
1660159935.189052 -- INFO: Active CC: 19
1660159935.195678 -- INFO: Time taken to collect tcp stats: 49.0ms
1660159935.196489 -- INFO: Throughput @50.1s:845.0Mbps, rtt :5.16ms cwnd: 427.4 lossRate: 0.0 CC:19 score:-580.0 
1660159936.276122 -- INFO: Time taken to collect tcp stats: 129.0ms
1660159936.277173 -- INFO: Throughput @51.1s:835.0Mbps, rtt :8.97ms cwnd: 427.4 lossRate: 0.0 CC:19 score:-573.0 
1660159937.238244 -- INFO: Time taken to collect tcp stats: 90.0ms
1660159937.239229 -- INFO: Throughput @52.1s:875.0Mbps, rtt :5.68ms cwnd: 427.4 lossRate: 0.0 CC:19 score:-601.0 
1660159938.202852 -- INFO: Time taken to collect tcp stats: 54.0ms
1660159938.203617 -- INFO: Throughput @53.1s:815.0Mbps, rtt :5.42ms cwnd: 427.4 lossRate: 0.0 CC:19 score:-559.0 
1660159938.717138 -- INFO: Changing concurrency to 19 ******
1660159938.736959 -- INFO: Process Status Bits from change concurrency are: 1 1 1 1 1 1 1 1 1 1 1 1 1 1 1 1 1 1 1 0 0 0 0 0 0 0 0 0 0 0 0 0
1660159938.751404 -- INFO: Active CC: 19
1660159939.263987 -- INFO: Time taken to collect tcp stats: 114.0ms
1660159939.264731 -- INFO: Throughput @54.1s:840.0Mbps, rtt :5.79ms cwnd: 427.4 lossRate: 0.0 CC:19 score:-577.0 
1660159940.217062 -- INFO: Time taken to collect tcp stats: 67.0ms
1660159940.217885 -- INFO: Throughput @55.1s:840.0Mbps, rtt :4.39ms cwnd: 427.4 lossRate: 0.0 CC:19 score:-577.0 
1660159941.258392 -- INFO: Time taken to collect tcp stats: 107.0ms
1660159941.259181 -- INFO: Throughput @56.1s:810.0Mbps, rtt :4.1ms cwnd: 428.5 lossRate: 0.0 CC:19 score:-556.0 
1660159942.230547 -- INFO: Time taken to collect tcp stats: 78.0ms
1660159942.231442 -- INFO: Throughput @57.1s:835.0Mbps, rtt :4.37ms cwnd: 430.9 lossRate: 0.0 CC:19 score:-573.0 
1660159942.297148 -- INFO: Changing concurrency to 19 ******
1660159942.325043 -- INFO: Process Status Bits from change concurrency are: 1 1 1 1 1 1 1 1 1 1 1 1 1 1 1 1 1 1 1 0 0 0 0 0 0 0 0 0 0 0 0 0
1660159942.329000 -- INFO: Active CC: 19
1660159943.206457 -- INFO: Time taken to collect tcp stats: 53.0ms
1660159943.207175 -- INFO: Throughput @58.1s:810.0Mbps, rtt :6.64ms cwnd: 436.8 lossRate: 0.0 CC:19 score:-556.0 
1660159944.226469 -- INFO: Time taken to collect tcp stats: 73.0ms
1660159944.227319 -- INFO: Throughput @59.1s:855.0Mbps, rtt :4.22ms cwnd: 436.8 lossRate: 0.0 CC:19 score:-587.0 
1660159945.226630 -- INFO: Time taken to collect tcp stats: 72.0ms
1660159945.227628 -- INFO: Throughput @60.1s:825.0Mbps, rtt :5.54ms cwnd: 436.9 lossRate: 0.0 CC:19 score:-566.0 
1660159945.889202 -- INFO: Changing concurrency to 19 ******
1660159945.901153 -- INFO: Process Status Bits from change concurrency are: 1 1 1 1 1 1 1 1 1 1 1 1 1 1 1 1 1 1 1 0 0 0 0 0 0 0 0 0 0 0 0 0
1660159945.932942 -- INFO: Active CC: 19
1660159946.229222 -- INFO: Time taken to collect tcp stats: 67.0ms
1660159946.230201 -- INFO: Throughput @61.1s:825.0Mbps, rtt :4.78ms cwnd: 436.9 lossRate: 0.0 CC:19 score:-566.0 
1660159947.218554 -- INFO: Time taken to collect tcp stats: 62.0ms
1660159947.219488 -- INFO: Throughput @62.1s:820.0Mbps, rtt :4.54ms cwnd: 436.9 lossRate: 0.0 CC:19 score:-563.0 
1660159948.204823 -- INFO: Time taken to collect tcp stats: 47.0ms
1660159948.205764 -- INFO: Throughput @63.1s:845.0Mbps, rtt :14.59ms cwnd: 436.9 lossRate: 0.0 CC:19 score:-580.0 
1660159949.239010 -- INFO: Time taken to collect tcp stats: 82.0ms
1660159949.240057 -- INFO: Throughput @64.1s:855.0Mbps, rtt :13.1ms cwnd: 228.1 lossRate: 0.008985304909699475 CC:19 score:-510.0 
1660159949.481263 -- INFO: Changing concurrency to 19 ******
1660159949.500977 -- INFO: Process Status Bits from change concurrency are: 1 1 1 1 1 1 1 1 1 1 1 1 1 1 1 1 1 1 1 0 0 0 0 0 0 0 0 0 0 0 0 0
1660159949.533504 -- INFO: Active CC: 19
1660159950.206419 -- INFO: Time taken to collect tcp stats: 48.0ms
1660159950.207327 -- INFO: Throughput @65.1s:660.0Mbps, rtt :9.19ms cwnd: 191.8 lossRate: 0.0029849075611439657 CC:19 score:-433.0 
1660159951.198395 -- INFO: Time taken to collect tcp stats: 39.0ms
1660159951.199184 -- INFO: Throughput @66.1s:640.0Mbps, rtt :10.92ms cwnd: 187.4 lossRate: 0.0004229185054427773 CC:19 score:-437.0 
1660159952.202601 -- INFO: Time taken to collect tcp stats: 42.0ms
1660159952.203389 -- INFO: Throughput @67.1s:630.0Mbps, rtt :10.32ms cwnd: 178.0 lossRate: 0.0008471298871107347 CC:19 score:-427.0 
1660159953.085428 -- INFO: Changing concurrency to 19 ******
1660159953.100929 -- INFO: Process Status Bits from change concurrency are: 1 1 1 1 1 1 1 1 1 1 1 1 1 1 1 1 1 1 1 0 0 0 0 0 0 0 0 0 0 0 0 0
1660159953.109105 -- INFO: Active CC: 19
1660159953.183583 -- INFO: Time taken to collect tcp stats: 22.0ms
1660159953.184753 -- INFO: Throughput @68.1s:629.97Mbps, rtt :10.26ms cwnd: 175.6 lossRate: 0.00022297372626258873 CC:19 score:-431.0 
1660159954.198205 -- INFO: Time taken to collect tcp stats: 37.0ms
1660159954.199147 -- INFO: Throughput @69.1s:635.03Mbps, rtt :7.82ms cwnd: 175.6 lossRate: 0.0 CC:19 score:-436.0 
1660159955.202405 -- INFO: Time taken to collect tcp stats: 40.0ms
1660159955.203188 -- INFO: Throughput @70.1s:905.0Mbps, rtt :8.74ms cwnd: 178.3 lossRate: 0.0 CC:19 score:-621.0 
1660159956.206220 -- INFO: Time taken to collect tcp stats: 43.0ms
1660159956.207131 -- INFO: Throughput @71.1s:860.0Mbps, rtt :7.45ms cwnd: 179.5 lossRate: 0.0 CC:19 score:-590.0 
1660159956.668294 -- INFO: Changing concurrency to 19 ******
1660159956.681094 -- INFO: Process Status Bits from change concurrency are: 1 1 1 1 1 1 1 1 1 1 1 1 1 1 1 1 1 1 1 0 0 0 0 0 0 0 0 0 0 0 0 0
1660159956.681823 -- INFO: Active CC: 19
1660159957.230301 -- INFO: Time taken to collect tcp stats: 66.0ms
1660159957.231091 -- INFO: Throughput @72.1s:875.0Mbps, rtt :6.77ms cwnd: 187.6 lossRate: 0.0 CC:19 score:-601.0 
1660159958.232926 -- INFO: Time taken to collect tcp stats: 67.0ms
1660159958.233674 -- INFO: Throughput @73.1s:840.0Mbps, rtt :6.23ms cwnd: 192.5 lossRate: 0.0 CC:19 score:-577.0 
1660159959.266814 -- INFO: Time taken to collect tcp stats: 101.0ms
1660159959.267867 -- INFO: Throughput @74.1s:830.0Mbps, rtt :6.4ms cwnd: 205.1 lossRate: 0.0 CC:19 score:-570.0 
1660159960.241667 -- INFO: Changing concurrency to 19 ******
1660159960.243622 -- INFO: Time taken to collect tcp stats: 77.0ms
1660159960.244518 -- INFO: Throughput @75.1s:840.0Mbps, rtt :3.73ms cwnd: 207.6 lossRate: 0.0 CC:19 score:-577.0 
1660159960.265014 -- INFO: Process Status Bits from change concurrency are: 1 1 1 1 1 1 1 1 1 1 1 1 1 1 1 1 1 1 1 0 0 0 0 0 0 0 0 0 0 0 0 0
1660159960.265644 -- INFO: Active CC: 19
1660159961.236984 -- INFO: Time taken to collect tcp stats: 70.0ms
1660159961.237931 -- INFO: Throughput @76.1s:865.0Mbps, rtt :3.66ms cwnd: 211.0 lossRate: 0.0 CC:19 score:-594.0 
1660159962.210587 -- INFO: Time taken to collect tcp stats: 42.0ms
1660159962.211576 -- INFO: Throughput @77.1s:825.0Mbps, rtt :3.36ms cwnd: 214.9 lossRate: 0.0 CC:19 score:-566.0 
1660159963.258398 -- INFO: Time taken to collect tcp stats: 89.0ms
1660159963.259246 -- INFO: Throughput @78.1s:840.0Mbps, rtt :3.72ms cwnd: 218.4 lossRate: 0.0 CC:19 score:-577.0 
1660159963.813903 -- INFO: Changing concurrency to 19 ******
1660159963.830886 -- INFO: Process Status Bits from change concurrency are: 1 1 1 1 1 1 1 1 1 1 1 1 1 1 1 1 1 1 1 0 0 0 0 0 0 0 0 0 0 0 0 0
1660159963.852517 -- INFO: Active CC: 19
1660159964.290054 -- INFO: Time taken to collect tcp stats: 120.0ms
1660159964.290938 -- INFO: Throughput @79.1s:825.0Mbps, rtt :3.38ms cwnd: 222.6 lossRate: 0.0 CC:19 score:-566.0 
1660159965.247775 -- INFO: Time taken to collect tcp stats: 77.0ms
1660159965.248624 -- INFO: Throughput @80.1s:840.0Mbps, rtt :4.8ms cwnd: 225.7 lossRate: 0.0 CC:19 score:-577.0 
1660159966.242413 -- INFO: Time taken to collect tcp stats: 71.0ms
1660159966.243257 -- INFO: Throughput @81.1s:820.0Mbps, rtt :2.97ms cwnd: 230.3 lossRate: 0.0 CC:19 score:-563.0 
1660159967.230842 -- INFO: Time taken to collect tcp stats: 59.0ms
1660159967.232039 -- INFO: Throughput @82.1s:815.0Mbps, rtt :3.05ms cwnd: 234.4 lossRate: 0.0 CC:19 score:-559.0 
1660159967.417262 -- INFO: Changing concurrency to 19 ******
1660159967.429005 -- INFO: Process Status Bits from change concurrency are: 1 1 1 1 1 1 1 1 1 1 1 1 1 1 1 1 1 1 1 0 0 0 0 0 0 0 0 0 0 0 0 0
1660159967.457106 -- INFO: Active CC: 19
1660159968.258834 -- INFO: Time taken to collect tcp stats: 86.0ms
1660159968.259641 -- INFO: Throughput @83.1s:810.0Mbps, rtt :3.27ms cwnd: 239.1 lossRate: 0.0 CC:19 score:-556.0 
1660159969.247724 -- INFO: Time taken to collect tcp stats: 74.0ms
1660159969.248552 -- INFO: Throughput @84.1s:845.0Mbps, rtt :4.54ms cwnd: 243.5 lossRate: 0.0 CC:19 score:-580.0 
1660159970.300817 -- INFO: Time taken to collect tcp stats: 125.0ms
1660159970.302210 -- INFO: Throughput @85.1s:820.0Mbps, rtt :4.15ms cwnd: 245.9 lossRate: 0.0 CC:19 score:-563.0 
1660159971.029373 -- INFO: Changing concurrency to 19 ******
1660159971.061009 -- INFO: Process Status Bits from change concurrency are: 1 1 1 1 1 1 1 1 1 1 1 1 1 1 1 1 1 1 1 0 0 0 0 0 0 0 0 0 0 0 0 0
1660159971.064111 -- INFO: Active CC: 19
1660159971.244415 -- INFO: Time taken to collect tcp stats: 69.0ms
1660159971.245258 -- INFO: Throughput @86.1s:805.0Mbps, rtt :12.96ms cwnd: 249.1 lossRate: 0.0 CC:19 score:-553.0 
1660159972.255995 -- INFO: Time taken to collect tcp stats: 77.0ms
1660159972.257433 -- INFO: Throughput @87.1s:795.0Mbps, rtt :11.84ms cwnd: 170.5 lossRate: 0.003593838024748917 CC:19 score:-517.0 
1660159973.189465 -- INFO: Time taken to collect tcp stats: 12.0ms
1660159973.197755 -- INFO: Throughput @88.1s:660.0Mbps, rtt :10.4ms cwnd: 129.9 lossRate: 0.003866390306122449 CC:19 score:-428.0 
1660159974.218093 -- INFO: Time taken to collect tcp stats: 40.0ms
1660159974.218842 -- INFO: Throughput @89.1s:630.0Mbps, rtt :10.01ms cwnd: 123.9 lossRate: 0.00042358054476141367 CC:19 score:-430.0 
1660159974.600004 -- INFO: Changing concurrency to 19 ******
1660159974.605866 -- INFO: Process Status Bits from change concurrency are: 1 1 1 1 1 1 1 1 1 1 1 1 1 1 1 1 1 1 1 0 0 0 0 0 0 0 0 0 0 0 0 0
1660159974.612878 -- INFO: Active CC: 19
1660159975.234405 -- INFO: Time taken to collect tcp stats: 56.0ms
1660159975.235289 -- INFO: Throughput @90.1s:630.0Mbps, rtt :9.67ms cwnd: 116.7 lossRate: 0.0007132801501642421 CC:19 score:-428.0 
1660159976.205041 -- INFO: Time taken to collect tcp stats: 25.0ms
1660159976.205805 -- INFO: Throughput @91.1s:620.0Mbps, rtt :10.25ms cwnd: 113.6 lossRate: 0.0003916960438699569 CC:19 score:-423.0 
1660159977.210211 -- INFO: Time taken to collect tcp stats: 30.0ms
1660159977.211259 -- INFO: Throughput @92.1s:624.87Mbps, rtt :9.42ms cwnd: 109.9 lossRate: 0.00018868992584485913 CC:19 score:-428.0 
1660159978.129153 -- INFO: Changing concurrency to 19 ******
1660159978.132538 -- INFO: Process Status Bits from change concurrency are: 1 1 1 1 1 1 1 1 1 1 1 1 1 1 1 1 1 1 1 0 0 0 0 0 0 0 0 0 0 0 0 0
1660159978.142762 -- INFO: Active CC: 19
1660159978.218552 -- INFO: Time taken to collect tcp stats: 36.0ms
1660159978.219523 -- INFO: Throughput @93.1s:600.13Mbps, rtt :8.88ms cwnd: 109.9 lossRate: 0.0 CC:19 score:-412.0 
1660159979.214870 -- INFO: Time taken to collect tcp stats: 33.0ms
1660159979.215869 -- INFO: Throughput @94.1s:625.0Mbps, rtt :9.35ms cwnd: 109.2 lossRate: 0.0001337307045697692 CC:19 score:-428.0 
1660159980.204411 -- INFO: Time taken to collect tcp stats: 22.0ms
1660159980.213628 -- INFO: Throughput @95.1s:599.96Mbps, rtt :9.01ms cwnd: 109.2 lossRate: 0.0 CC:19 score:-412.0 
1660159981.216455 -- INFO: Time taken to collect tcp stats: 33.0ms
1660159981.217498 -- INFO: Throughput @96.1s:614.99Mbps, rtt :9.68ms cwnd: 105.8 lossRate: 1.893365646773705e-05 CC:19 score:-422.0 
1660159981.693353 -- INFO: Changing concurrency to 19 ******
1660159981.694031 -- INFO: Process Status Bits from change concurrency are: 1 1 1 1 1 1 1 1 1 1 1 1 1 1 1 1 1 1 1 0 0 0 0 0 0 0 0 0 0 0 0 0
1660159981.695583 -- INFO: Active CC: 19
1660159982.200667 -- INFO: Time taken to collect tcp stats: 16.0ms
1660159982.201720 -- INFO: Throughput @97.2s:554.59Mbps, rtt :9.31ms cwnd: 102.7 lossRate: 0.00024996635068356185 CC:19 score:-379.0 
1660159983.222594 -- INFO: Time taken to collect tcp stats: 37.0ms
1660159983.223877 -- INFO: Throughput @98.2s:599.97Mbps, rtt :9.31ms cwnd: 100.1 lossRate: 1.8765598904089025e-05 CC:19 score:-412.0 
1660159984.217977 -- INFO: Time taken to collect tcp stats: 31.0ms
1660159984.218774 -- INFO: Throughput @99.2s:610.03Mbps, rtt :9.46ms cwnd: 100.1 lossRate: 0.0 CC:19 score:-419.0 
1660159985.201827 -- INFO: Time taken to collect tcp stats: 14.0ms
1660159985.202835 -- INFO: Throughput @100.2s:625.0Mbps, rtt :9.01ms cwnd: 99.1 lossRate: 0.00015460430959512997 CC:19 score:-428.0 
1660159985.229714 -- INFO: Changing concurrency to 19 ******
1660159985.237306 -- INFO: Process Status Bits from change concurrency are: 1 1 1 1 1 1 1 1 1 1 1 1 1 1 1 1 1 1 1 0 0 0 0 0 0 0 0 0 0 0 0 0
1660159985.238924 -- INFO: Active CC: 19
1660159986.215047 -- INFO: Time taken to collect tcp stats: 27.0ms
1660159986.216015 -- INFO: Throughput @101.2s:605.0Mbps, rtt :8.85ms cwnd: 99.1 lossRate: 0.0 CC:19 score:-415.0 
1660159987.208946 -- INFO: Time taken to collect tcp stats: 19.0ms
1660159987.209990 -- INFO: Throughput @102.2s:609.95Mbps, rtt :8.85ms cwnd: 98.4 lossRate: 0.00011496895838123707 CC:19 score:-418.0 
1660159988.212502 -- INFO: Time taken to collect tcp stats: 22.0ms
1660159988.213409 -- INFO: Throughput @103.2s:620.0Mbps, rtt :8.53ms cwnd: 95.7 lossRate: 0.00039646579066606255 CC:19 score:-423.0 
1660159988.777089 -- INFO: Changing concurrency to 19 ******
1660159988.778549 -- INFO: Process Status Bits from change concurrency are: 1 1 1 1 1 1 1 1 1 1 1 1 1 1 1 1 1 1 1 0 0 0 0 0 0 0 0 0 0 0 0 0
1660159988.780821 -- INFO: Active CC: 19
1660159989.207640 -- INFO: Time taken to collect tcp stats: 16.0ms
1660159989.208753 -- INFO: Throughput @104.2s:610.05Mbps, rtt :8.76ms cwnd: 95.7 lossRate: 0.0 CC:19 score:-419.0 
1660159990.227813 -- INFO: Time taken to collect tcp stats: 35.0ms
1660159990.228686 -- INFO: Throughput @105.2s:610.0Mbps, rtt :8.97ms cwnd: 95.7 lossRate: 0.0 CC:19 score:-419.0 
1660159991.221237 -- INFO: Time taken to collect tcp stats: 28.0ms
1660159991.222337 -- INFO: Throughput @106.2s:609.95Mbps, rtt :8.39ms cwnd: 95.7 lossRate: 0.0 CC:19 score:-419.0 
1660159992.218684 -- INFO: Time taken to collect tcp stats: 24.0ms
1660159992.219741 -- INFO: Throughput @107.2s:605.05Mbps, rtt :8.7ms cwnd: 94.8 lossRate: 0.00011420087934677097 CC:19 score:-415.0 
1660159992.331940 -- INFO: Changing concurrency to 19 ******
1660159992.345307 -- INFO: Process Status Bits from change concurrency are: 1 1 1 1 1 1 1 1 1 1 1 1 1 1 1 1 1 1 1 0 0 0 0 0 0 0 0 0 0 0 0 0
1660159992.346284 -- INFO: Active CC: 19
1660159993.222681 -- INFO: Time taken to collect tcp stats: 27.0ms
1660159993.223742 -- INFO: Throughput @108.2s:600.0Mbps, rtt :8.88ms cwnd: 94.8 lossRate: 0.0 CC:19 score:-412.0 
1660159994.232034 -- INFO: Time taken to collect tcp stats: 35.0ms
1660159994.233071 -- INFO: Throughput @109.2s:629.85Mbps, rtt :8.52ms cwnd: 94.8 lossRate: 0.0 CC:19 score:-432.0 
1660159995.223742 -- INFO: Time taken to collect tcp stats: 26.0ms
1660159995.224764 -- INFO: Throughput @110.2s:600.15Mbps, rtt :8.61ms cwnd: 94.8 lossRate: 0.0 CC:19 score:-412.0 
1660159995.869530 -- INFO: Changing concurrency to 19 ******
1660159995.877132 -- INFO: Process Status Bits from change concurrency are: 1 1 1 1 1 1 1 1 1 1 1 1 1 1 1 1 1 1 1 0 0 0 0 0 0 0 0 0 0 0 0 0
1660159995.877639 -- INFO: Active CC: 19
1660159996.224263 -- INFO: Time taken to collect tcp stats: 26.0ms
1660159996.225313 -- INFO: Throughput @111.2s:595.0Mbps, rtt :9.15ms cwnd: 94.8 lossRate: 0.0 CC:19 score:-408.0 
1660159997.213003 -- INFO: Time taken to collect tcp stats: 13.0ms
1660159997.214099 -- INFO: Throughput @112.2s:619.99Mbps, rtt :8.82ms cwnd: 94.8 lossRate: 0.0 CC:19 score:-426.0 
1660159998.235247 -- INFO: Time taken to collect tcp stats: 35.0ms
1660159998.236484 -- INFO: Throughput @113.2s:609.92Mbps, rtt :8.72ms cwnd: 94.8 lossRate: 0.0 CC:19 score:-419.0 
1660159999.230525 -- INFO: Time taken to collect tcp stats: 29.0ms
1660159999.231659 -- INFO: Throughput @114.2s:605.09Mbps, rtt :8.59ms cwnd: 91.5 lossRate: 0.0004017139796464917 CC:19 score:-413.0 
1660159999.429370 -- INFO: Changing concurrency to 19 ******
1660159999.430291 -- INFO: Process Status Bits from change concurrency are: 1 1 1 1 1 1 1 1 1 1 1 1 1 1 1 1 1 1 1 0 0 0 0 0 0 0 0 0 0 0 0 0
1660159999.430918 -- INFO: Active CC: 19
1660160000.222487 -- INFO: Time taken to collect tcp stats: 20.0ms
1660160000.223345 -- INFO: Throughput @115.2s:615.0Mbps, rtt :8.71ms cwnd: 89.8 lossRate: 0.00025041897020014253 CC:19 score:-421.0 
1660160001.257135 -- INFO: Time taken to collect tcp stats: 54.0ms
1660160001.257956 -- INFO: Throughput @116.2s:610.0Mbps, rtt :8.62ms cwnd: 89.8 lossRate: 0.0 CC:19 score:-419.0 
1660160002.235353 -- INFO: Time taken to collect tcp stats: 31.0ms
1660160002.236322 -- INFO: Throughput @117.2s:614.97Mbps, rtt :8.35ms cwnd: 87.9 lossRate: 0.0001536422823561044 CC:19 score:-421.0 
1660160002.949374 -- INFO: Changing concurrency to 19 ******
1660160002.950573 -- INFO: Process Status Bits from change concurrency are: 1 1 1 1 1 1 1 1 1 1 1 1 1 1 1 1 1 1 1 0 0 0 0 0 0 0 0 0 0 0 0 0
1660160002.951320 -- INFO: Active CC: 19
1660160003.254555 -- INFO: Time taken to collect tcp stats: 36.0ms
1660160003.255634 -- INFO: Throughput @118.2s:620.03Mbps, rtt :8.01ms cwnd: 86.9 lossRate: 0.00013004867536134954 CC:19 score:-425.0 
1660160004.242522 -- INFO: Time taken to collect tcp stats: 37.0ms
1660160004.243458 -- INFO: Throughput @119.2s:599.91Mbps, rtt :8.45ms cwnd: 86.3 lossRate: 0.00011531808571977706 CC:19 score:-411.0 
1660160005.219205 -- INFO: Time taken to collect tcp stats: 12.0ms
1660160005.220281 -- INFO: Throughput @120.2s:605.07Mbps, rtt :8.32ms cwnd: 83.9 lossRate: 0.00013635124079629124 CC:19 score:-415.0 
1660160006.235561 -- INFO: Time taken to collect tcp stats: 28.0ms
1660160006.236628 -- INFO: Throughput @121.2s:615.02Mbps, rtt :8.29ms cwnd: 85.4 lossRate: 0.0 CC:19 score:-422.0 
1660160006.501012 -- INFO: Changing concurrency to 19 ******
1660160006.502105 -- INFO: Process Status Bits from change concurrency are: 1 1 1 1 1 1 1 1 1 1 1 1 1 1 1 1 1 1 1 0 0 0 0 0 0 0 0 0 0 0 0 0
1660160006.504223 -- INFO: Active CC: 19
1660160007.250807 -- INFO: Time taken to collect tcp stats: 42.0ms
1660160007.251965 -- INFO: Throughput @122.2s:610.0Mbps, rtt :8.52ms cwnd: 84.7 lossRate: 0.00011278407488862572 CC:19 score:-418.0 
1660160008.243982 -- INFO: Time taken to collect tcp stats: 34.0ms
1660160008.245118 -- INFO: Throughput @123.2s:599.94Mbps, rtt :8.16ms cwnd: 84.7 lossRate: 0.0 CC:19 score:-412.0 
1660160009.226315 -- INFO: Time taken to collect tcp stats: 16.0ms
1660160009.227582 -- INFO: Throughput @124.2s:615.06Mbps, rtt :7.9ms cwnd: 84.7 lossRate: 0.0 CC:19 score:-422.0 
1660160010.049580 -- INFO: Changing concurrency to 19 ******
1660160010.057446 -- INFO: Process Status Bits from change concurrency are: 1 1 1 1 1 1 1 1 1 1 1 1 1 1 1 1 1 1 1 0 0 0 0 0 0 0 0 0 0 0 0 0
1660160010.058081 -- INFO: Active CC: 19
1660160010.231542 -- INFO: Time taken to collect tcp stats: 20.0ms
1660160010.232729 -- INFO: Throughput @125.2s:610.0Mbps, rtt :7.91ms cwnd: 84.7 lossRate: 0.0 CC:19 score:-419.0 
1660160011.235273 -- INFO: Time taken to collect tcp stats: 22.0ms
1660160011.236106 -- INFO: Throughput @126.2s:605.0Mbps, rtt :8.03ms cwnd: 84.7 lossRate: 0.0 CC:19 score:-415.0 
1660160012.235903 -- INFO: Time taken to collect tcp stats: 22.0ms
1660160012.236945 -- INFO: Throughput @127.2s:619.98Mbps, rtt :8.16ms cwnd: 84.9 lossRate: 0.0 CC:19 score:-426.0 
1660160013.250305 -- INFO: Time taken to collect tcp stats: 36.0ms
1660160013.251168 -- INFO: Throughput @128.2s:605.02Mbps, rtt :8.3ms cwnd: 84.9 lossRate: 0.0 CC:19 score:-415.0 
1660160013.588059 -- INFO: Changing concurrency to 19 ******
1660160013.588401 -- INFO: Process Status Bits from change concurrency are: 1 1 1 1 1 1 1 1 1 1 1 1 1 1 1 1 1 1 1 0 0 0 0 0 0 0 0 0 0 0 0 0
1660160013.597117 -- INFO: Active CC: 19
1660160014.243724 -- INFO: Time taken to collect tcp stats: 28.0ms
1660160014.244724 -- INFO: Throughput @129.2s:605.0Mbps, rtt :8.69ms cwnd: 84.9 lossRate: 0.0 CC:19 score:-415.0 
1660160015.227857 -- INFO: Time taken to collect tcp stats: 11.0ms
1660160015.228658 -- INFO: Throughput @130.2s:614.72Mbps, rtt :8.61ms cwnd: 85.6 lossRate: 0.0 CC:19 score:-422.0 
1660160016.262579 -- INFO: Time taken to collect tcp stats: 45.0ms
1660160016.263599 -- INFO: Throughput @131.2s:610.28Mbps, rtt :7.87ms cwnd: 84.9 lossRate: 5.523234406068194e-05 CC:19 score:-419.0 
1660160017.146612 -- INFO: Changing concurrency to 19 ******
1660160017.158171 -- INFO: Process Status Bits from change concurrency are: 1 1 1 1 1 1 1 1 1 1 1 1 1 1 1 1 1 1 1 0 0 0 0 0 0 0 0 0 0 0 0 0
1660160017.158644 -- INFO: Active CC: 19
1660160017.253910 -- INFO: Time taken to collect tcp stats: 35.0ms
1660160017.255004 -- INFO: Throughput @132.2s:604.84Mbps, rtt :8.65ms cwnd: 84.9 lossRate: 0.0 CC:19 score:-415.0 
1660160018.227391 -- INFO: Time taken to collect tcp stats: 8.0ms
1660160018.228333 -- INFO: Throughput @133.2s:620.14Mbps, rtt :8.07ms cwnd: 84.9 lossRate: 0.0 CC:19 score:-426.0 
1660160019.250588 -- INFO: Time taken to collect tcp stats: 30.0ms
1660160019.251697 -- INFO: Throughput @134.2s:610.01Mbps, rtt :8.62ms cwnd: 84.9 lossRate: 0.0 CC:19 score:-419.0 
1660160020.270958 -- INFO: Time taken to collect tcp stats: 49.0ms
1660160020.273264 -- INFO: Throughput @135.2s:605.01Mbps, rtt :8.02ms cwnd: 84.9 lossRate: 0.0 CC:19 score:-415.0 
1660160020.708980 -- INFO: Changing concurrency to 19 ******
1660160020.710008 -- INFO: Process Status Bits from change concurrency are: 1 1 1 1 1 1 1 1 1 1 1 1 1 1 1 1 1 1 1 0 0 0 0 0 0 0 0 0 0 0 0 0
1660160020.710638 -- INFO: Active CC: 19
1660160021.254624 -- INFO: Time taken to collect tcp stats: 32.0ms
1660160021.255650 -- INFO: Throughput @136.2s:655.0Mbps, rtt :6.74ms cwnd: 86.9 lossRate: 0.0 CC:19 score:-450.0 
1660160022.270162 -- INFO: Time taken to collect tcp stats: 47.0ms
1660160022.271066 -- INFO: Throughput @137.2s:835.0Mbps, rtt :6.36ms cwnd: 107.9 lossRate: 0.0 CC:19 score:-573.0 
1660160023.274525 -- INFO: Time taken to collect tcp stats: 50.0ms
1660160023.275534 -- INFO: Throughput @138.2s:870.0Mbps, rtt :5.69ms cwnd: 131.9 lossRate: 0.0 CC:19 score:-597.0 
1660160024.257213 -- INFO: Changing concurrency to 19 ******
1660160024.268920 -- INFO: Process Status Bits from change concurrency are: 1 1 1 1 1 1 1 1 1 1 1 1 1 1 1 1 1 1 1 0 0 0 0 0 0 0 0 0 0 0 0 0
1660160024.285981 -- INFO: Active CC: 19
1660160024.327712 -- INFO: Time taken to collect tcp stats: 102.0ms
1660160024.328698 -- INFO: Throughput @139.2s:875.0Mbps, rtt :5.0ms cwnd: 193.4 lossRate: 0.0 CC:19 score:-601.0 
1660160025.303390 -- INFO: Time taken to collect tcp stats: 78.0ms
1660160025.304571 -- INFO: Throughput @140.2s:885.0Mbps, rtt :8.5ms cwnd: 222.0 lossRate: 0.0 CC:19 score:-607.0 
1660160026.320602 -- INFO: Time taken to collect tcp stats: 94.0ms
1660160026.322010 -- INFO: Throughput @141.2s:830.0Mbps, rtt :3.44ms cwnd: 253.5 lossRate: 0.0 CC:19 score:-570.0 
1660160027.318896 -- INFO: Time taken to collect tcp stats: 91.0ms
1660160027.319976 -- INFO: Throughput @142.2s:820.0Mbps, rtt :3.93ms cwnd: 298.5 lossRate: 0.0 CC:19 score:-563.0 
1660160027.851367 -- INFO: Changing concurrency to 19 ******
1660160027.866927 -- INFO: Process Status Bits from change concurrency are: 1 1 1 1 1 1 1 1 1 1 1 1 1 1 1 1 1 1 1 0 0 0 0 0 0 0 0 0 0 0 0 0
1660160027.871264 -- INFO: Active CC: 19
1660160028.327582 -- INFO: Time taken to collect tcp stats: 99.0ms
1660160028.328768 -- INFO: Throughput @143.2s:815.0Mbps, rtt :4.69ms cwnd: 302.1 lossRate: 0.0 CC:19 score:-559.0 
1660160029.298393 -- INFO: Time taken to collect tcp stats: 69.0ms
1660160029.299353 -- INFO: Throughput @144.2s:840.0Mbps, rtt :5.28ms cwnd: 315.7 lossRate: 0.0 CC:19 score:-577.0 
1660160030.274140 -- INFO: Time taken to collect tcp stats: 45.0ms
1660160030.274855 -- INFO: Throughput @145.2s:835.0Mbps, rtt :6.39ms cwnd: 325.9 lossRate: 1.3934951645717789e-05 CC:19 score:-573.0 
1660160031.295404 -- INFO: Time taken to collect tcp stats: 64.0ms
1660160031.296158 -- INFO: Throughput @146.2s:830.0Mbps, rtt :4.42ms cwnd: 327.5 lossRate: 0.0 CC:19 score:-570.0 
1660160031.436984 -- INFO: Changing concurrency to 19 ******
1660160031.441396 -- INFO: Process Status Bits from change concurrency are: 1 1 1 1 1 1 1 1 1 1 1 1 1 1 1 1 1 1 1 0 0 0 0 0 0 0 0 0 0 0 0 0
1660160031.444444 -- INFO: Active CC: 19
1660160032.318583 -- INFO: Time taken to collect tcp stats: 85.0ms
1660160032.319424 -- INFO: Throughput @147.2s:815.0Mbps, rtt :6.1ms cwnd: 329.3 lossRate: 0.0 CC:19 score:-559.0 
1660160033.294142 -- INFO: Time taken to collect tcp stats: 62.0ms
1660160033.295053 -- INFO: Throughput @148.2s:845.0Mbps, rtt :4.67ms cwnd: 330.9 lossRate: 0.0 CC:19 score:-580.0 
1660160034.286116 -- INFO: Time taken to collect tcp stats: 52.0ms
1660160034.286952 -- INFO: Throughput @149.2s:845.0Mbps, rtt :6.36ms cwnd: 344.1 lossRate: 0.0 CC:19 score:-580.0 
1660160035.034962 -- INFO: Changing concurrency to 19 ******
1660160035.039672 -- INFO: Process Status Bits from change concurrency are: 1 1 1 1 1 1 1 1 1 1 1 1 1 1 1 1 1 1 1 0 0 0 0 0 0 0 0 0 0 0 0 0
1660160035.050191 -- INFO: Active CC: 19
1660160035.290650 -- INFO: Time taken to collect tcp stats: 57.0ms
1660160035.291572 -- INFO: Throughput @150.2s:805.0Mbps, rtt :8.03ms cwnd: 344.5 lossRate: 0.0 CC:19 score:-553.0 
1660160036.302125 -- INFO: Time taken to collect tcp stats: 57.0ms
1660160036.303004 -- INFO: Throughput @151.2s:825.0Mbps, rtt :3.46ms cwnd: 345.9 lossRate: 0.0 CC:19 score:-566.0 
1660160037.326398 -- INFO: Time taken to collect tcp stats: 73.0ms
1660160037.327188 -- INFO: Throughput @152.2s:830.0Mbps, rtt :7.32ms cwnd: 347.3 lossRate: 0.0 CC:19 score:-570.0 
1660160038.302351 -- INFO: Time taken to collect tcp stats: 66.0ms
1660160038.303248 -- INFO: Throughput @153.2s:860.0Mbps, rtt :5.75ms cwnd: 348.3 lossRate: 0.0 CC:19 score:-590.0 
1660160038.613612 -- INFO: Changing concurrency to 19 ******
1660160038.657242 -- INFO: Process Status Bits from change concurrency are: 1 1 1 1 1 1 1 1 1 1 1 1 1 1 1 1 1 1 1 0 0 0 0 0 0 0 0 0 0 0 0 0
1660160038.657969 -- INFO: Active CC: 19
1660160039.277179 -- INFO: Time taken to collect tcp stats: 40.0ms
1660160039.278124 -- INFO: Throughput @154.2s:855.0Mbps, rtt :5.4ms cwnd: 349.3 lossRate: 0.0 CC:19 score:-587.0 
1660160040.365906 -- INFO: Time taken to collect tcp stats: 129.0ms
1660160040.366954 -- INFO: Throughput @155.2s:830.0Mbps, rtt :5.74ms cwnd: 350.4 lossRate: 0.0 CC:19 score:-570.0 
1660160041.294394 -- INFO: Time taken to collect tcp stats: 56.0ms
1660160041.295294 -- INFO: Throughput @156.2s:855.0Mbps, rtt :4.39ms cwnd: 344.7 lossRate: 0.0006478828627784097 CC:19 score:-581.0 
1660160042.265363 -- INFO: Changing concurrency to 19 ******
1660160042.272028 -- INFO: Process Status Bits from change concurrency are: 1 1 1 1 1 1 1 1 1 1 1 1 1 1 1 1 1 1 1 0 0 0 0 0 0 0 0 0 0 0 0 0
1660160042.285095 -- INFO: Active CC: 19
1660160042.286503 -- INFO: Time taken to collect tcp stats: 47.0ms
1660160042.287194 -- INFO: Throughput @157.2s:865.0Mbps, rtt :4.87ms cwnd: 346.1 lossRate: 0.0 CC:19 score:-594.0 
1660160043.326497 -- INFO: Time taken to collect tcp stats: 86.0ms
1660160043.327265 -- INFO: Throughput @158.2s:880.0Mbps, rtt :4.75ms cwnd: 347.0 lossRate: 0.0 CC:19 score:-604.0 
1660160044.326387 -- INFO: Time taken to collect tcp stats: 85.0ms
1660160044.327298 -- INFO: Throughput @159.2s:820.0Mbps, rtt :5.33ms cwnd: 348.8 lossRate: 0.0 CC:19 score:-563.0 
1660160045.339057 -- INFO: Time taken to collect tcp stats: 98.0ms
1660160045.339976 -- INFO: Throughput @160.2s:840.0Mbps, rtt :3.81ms cwnd: 350.4 lossRate: 0.0 CC:19 score:-577.0 
1660160045.836368 -- INFO: Changing concurrency to 19 ******
1660160045.844944 -- INFO: Process Status Bits from change concurrency are: 1 1 1 1 1 1 1 1 1 1 1 1 1 1 1 1 1 1 1 0 0 0 0 0 0 0 0 0 0 0 0 0
1660160045.871199 -- INFO: Active CC: 19
1660160046.318555 -- INFO: Time taken to collect tcp stats: 77.0ms
1660160046.319561 -- INFO: Throughput @161.2s:850.0Mbps, rtt :6.17ms cwnd: 351.1 lossRate: 0.0 CC:19 score:-583.0 
1660160047.326686 -- INFO: Time taken to collect tcp stats: 84.0ms
1660160047.327472 -- INFO: Throughput @162.2s:815.0Mbps, rtt :4.39ms cwnd: 353.5 lossRate: 0.0 CC:19 score:-559.0 
1660160048.290859 -- INFO: Time taken to collect tcp stats: 47.0ms
1660160048.291725 -- INFO: Throughput @163.2s:830.0Mbps, rtt :4.91ms cwnd: 354.8 lossRate: 0.0 CC:19 score:-570.0 
1660160049.282386 -- INFO: Time taken to collect tcp stats: 37.0ms
1660160049.283281 -- INFO: Throughput @164.2s:830.0Mbps, rtt :5.28ms cwnd: 358.0 lossRate: 0.0 CC:19 score:-570.0 
1660160049.421223 -- INFO: Changing concurrency to 19 ******
1660160049.457556 -- INFO: Process Status Bits from change concurrency are: 1 1 1 1 1 1 1 1 1 1 1 1 1 1 1 1 1 1 1 0 0 0 0 0 0 0 0 0 0 0 0 0
1660160049.465823 -- INFO: Active CC: 19
1660160050.312418 -- INFO: Time taken to collect tcp stats: 67.0ms
1660160050.313231 -- INFO: Throughput @165.2s:840.0Mbps, rtt :6.56ms cwnd: 359.8 lossRate: 0.0 CC:19 score:-577.0 
1660160051.483118 -- INFO: Time taken to collect tcp stats: 233.0ms
1660160051.484190 -- INFO: Throughput @166.2s:805.0Mbps, rtt :8.1ms cwnd: 363.6 lossRate: 0.0 CC:19 score:-553.0 
1660160052.330734 -- INFO: Time taken to collect tcp stats: 84.0ms
1660160052.331510 -- INFO: Throughput @167.2s:850.0Mbps, rtt :4.62ms cwnd: 366.8 lossRate: 0.0 CC:19 score:-583.0 
1660160053.002928 -- INFO: Changing concurrency to 19 ******
1660160053.003403 -- INFO: Process Status Bits from change concurrency are: 1 1 1 1 1 1 1 1 1 1 1 1 1 1 1 1 1 1 1 0 0 0 0 0 0 0 0 0 0 0 0 0
1660160053.009124 -- INFO: Active CC: 19
1660160053.326153 -- INFO: Time taken to collect tcp stats: 78.0ms
1660160053.326915 -- INFO: Throughput @168.2s:830.0Mbps, rtt :5.42ms cwnd: 370.1 lossRate: 0.0 CC:19 score:-570.0 
1660160054.342911 -- INFO: Time taken to collect tcp stats: 93.0ms
1660160054.343643 -- INFO: Throughput @169.2s:830.0Mbps, rtt :3.98ms cwnd: 372.1 lossRate: 0.0 CC:19 score:-570.0 
1660160055.315890 -- INFO: Time taken to collect tcp stats: 46.0ms
1660160055.317239 -- INFO: Throughput @170.2s:825.0Mbps, rtt :3.92ms cwnd: 374.2 lossRate: 0.0 CC:19 score:-566.0 
1660160056.322874 -- INFO: Time taken to collect tcp stats: 73.0ms
1660160056.323782 -- INFO: Throughput @171.2s:830.0Mbps, rtt :3.99ms cwnd: 376.6 lossRate: 0.0 CC:19 score:-570.0 
1660160056.557196 -- INFO: Changing concurrency to 19 ******
1660160056.607821 -- INFO: Process Status Bits from change concurrency are: 1 1 1 1 1 1 1 1 1 1 1 1 1 1 1 1 1 1 1 0 0 0 0 0 0 0 0 0 0 0 0 0
1660160056.608562 -- INFO: Active CC: 19
1660160057.342827 -- INFO: Time taken to collect tcp stats: 92.0ms
1660160057.343834 -- INFO: Throughput @172.2s:845.0Mbps, rtt :5.55ms cwnd: 378.5 lossRate: 0.0 CC:19 score:-580.0 
1660160058.333416 -- INFO: Time taken to collect tcp stats: 81.0ms
1660160058.334249 -- INFO: Throughput @173.2s:835.0Mbps, rtt :3.79ms cwnd: 384.8 lossRate: 0.0 CC:19 score:-573.0 
1660160059.315478 -- INFO: Time taken to collect tcp stats: 62.0ms
1660160059.316364 -- INFO: Throughput @174.2s:830.0Mbps, rtt :6.28ms cwnd: 388.7 lossRate: 0.0 CC:19 score:-570.0 
1660160060.141181 -- INFO: Changing concurrency to 19 ******
1660160060.188977 -- INFO: Process Status Bits from change concurrency are: 1 1 1 1 1 1 1 1 1 1 1 1 1 1 1 1 1 1 1 0 0 0 0 0 0 0 0 0 0 0 0 0
1660160060.196756 -- INFO: Active CC: 19
1660160060.312057 -- INFO: Time taken to collect tcp stats: 59.0ms
1660160060.312872 -- INFO: Throughput @175.2s:835.0Mbps, rtt :5.08ms cwnd: 391.4 lossRate: 0.0 CC:19 score:-573.0 
1660160061.351483 -- INFO: Time taken to collect tcp stats: 97.0ms
1660160061.352156 -- INFO: Throughput @176.2s:835.0Mbps, rtt :5.55ms cwnd: 396.7 lossRate: 0.0 CC:19 score:-573.0 
1660160062.306978 -- INFO: Time taken to collect tcp stats: 52.0ms
1660160062.307730 -- INFO: Throughput @177.2s:855.0Mbps, rtt :5.03ms cwnd: 399.6 lossRate: 0.0 CC:19 score:-587.0 
1660160063.358432 -- INFO: Time taken to collect tcp stats: 96.0ms
1660160063.359432 -- INFO: Throughput @178.2s:805.0Mbps, rtt :6.23ms cwnd: 400.4 lossRate: 0.0 CC:19 score:-553.0 
1660160063.757227 -- INFO: Changing concurrency to 19 ******
1660160063.773008 -- INFO: Process Status Bits from change concurrency are: 1 1 1 1 1 1 1 1 1 1 1 1 1 1 1 1 1 1 1 0 0 0 0 0 0 0 0 0 0 0 0 0
1660160063.789001 -- INFO: Active CC: 19
1660160064.298268 -- INFO: Time taken to collect tcp stats: 35.0ms
1660160064.299035 -- INFO: Throughput @179.2s:825.0Mbps, rtt :4.47ms cwnd: 401.7 lossRate: 0.0 CC:19 score:-566.0 
1660160065.295614 -- INFO: Time taken to collect tcp stats: 32.0ms
1660160065.296590 -- INFO: Throughput @180.2s:830.0Mbps, rtt :5.73ms cwnd: 409.2 lossRate: 0.0 CC:19 score:-570.0 
1660160066.342925 -- INFO: Time taken to collect tcp stats: 78.0ms
1660160066.343920 -- INFO: Throughput @181.2s:840.0Mbps, rtt :8.84ms cwnd: 412.0 lossRate: 0.0 CC:19 score:-577.0 
1660160066.668919 -- INFO: Process 5 finished on working on file 5 
1660160066.669480 -- INFO: Process 5 get item 19 from queue and executing
1660160066.669855 -- INFO: starting 5, 19, /home/hjamil/Documents/files_bash/FILE8
1660160066.996929 -- INFO: Process 3 finished on working on file 9 
1660160066.997747 -- INFO: Process 3 get item 20 from queue and executing
1660160066.998224 -- INFO: starting 3, 20, /home/hjamil/Documents/files_bash/FILE15
1660160067.329089 -- INFO: Time taken to collect tcp stats: 64.0ms
1660160067.329952 -- INFO: Throughput @182.2s:845.0Mbps, rtt :5.87ms cwnd: 412.8 lossRate: 0.0 CC:19 score:-580.0 
1660160067.353247 -- INFO: Changing concurrency to 19 ******
1660160067.361001 -- INFO: Process Status Bits from change concurrency are: 1 1 1 1 1 1 1 1 1 1 1 1 1 1 1 1 1 1 1 0 0 0 0 0 0 0 0 0 0 0 0 0
1660160067.379138 -- INFO: Active CC: 19
1660160067.780922 -- INFO: Process 6 finished on working on file 13 
1660160067.785282 -- INFO: Process 6 get item 21 from queue and executing
1660160067.785778 -- INFO: starting 6, 21, /home/hjamil/Documents/files_bash/FILE21
1660160068.345083 -- INFO: Time taken to collect tcp stats: 79.0ms
1660160068.345939 -- INFO: Throughput @183.2s:845.0Mbps, rtt :5.69ms cwnd: 413.3 lossRate: 0.0 CC:19 score:-580.0 
1660160069.120920 -- INFO: Process 9 finished on working on file 17 
1660160069.133055 -- INFO: Process 9 get item 22 from queue and executing
1660160069.133530 -- INFO: starting 9, 22, /home/hjamil/Documents/files_bash/FILE9
1660160069.334478 -- INFO: Time taken to collect tcp stats: 67.0ms
1660160069.335668 -- INFO: Throughput @184.2s:840.0Mbps, rtt :4.42ms cwnd: 417.2 lossRate: 0.0 CC:19 score:-577.0 
1660160069.796927 -- INFO: Process 0 finished on working on file 0 
1660160069.808925 -- INFO: Process 0 get item 23 from queue and executing
1660160069.809477 -- INFO: starting 0, 23, /home/hjamil/Documents/files_bash/FILE10
1660160070.244925 -- INFO: Process 12 finished on working on file 12 
1660160070.245668 -- INFO: Process 12 get item 24 from queue and executing
1660160070.246128 -- INFO: starting 12, 24, /home/hjamil/Documents/files_bash/FILE12
1660160070.334512 -- INFO: Time taken to collect tcp stats: 66.0ms
1660160070.335543 -- INFO: Throughput @185.2s:840.0Mbps, rtt :4.21ms cwnd: 417.7 lossRate: 0.0 CC:19 score:-577.0 
1660160070.680925 -- INFO: Process 17 finished on working on file 8 
1660160070.681643 -- INFO: Process 17 get item 25 from queue and executing
1660160070.693143 -- INFO: starting 17, 25, /home/hjamil/Documents/files_bash/FILE28
1660160070.940988 -- INFO: Changing concurrency to 19 ******
1660160070.947077 -- INFO: Process Status Bits from change concurrency are: 1 1 1 1 1 1 1 1 1 1 1 1 1 1 1 1 1 1 1 0 0 0 0 0 0 0 0 0 0 0 0 0
1660160070.956698 -- INFO: Active CC: 19
1660160071.314238 -- INFO: Time taken to collect tcp stats: 45.0ms
1660160071.315015 -- INFO: Throughput @186.2s:825.0Mbps, rtt :4.36ms cwnd: 418.1 lossRate: 0.0 CC:19 score:-566.0 
1660160072.354586 -- INFO: Time taken to collect tcp stats: 85.0ms
1660160072.355524 -- INFO: Throughput @187.2s:845.0Mbps, rtt :4.77ms cwnd: 410.7 lossRate: 0.0 CC:19 score:-580.0 
1660160073.342379 -- INFO: Time taken to collect tcp stats: 72.0ms
1660160073.343375 -- INFO: Throughput @188.2s:835.0Mbps, rtt :4.83ms cwnd: 416.7 lossRate: 0.0 CC:19 score:-573.0 
1660160074.315403 -- INFO: Time taken to collect tcp stats: 44.0ms
1660160074.316184 -- INFO: Throughput @189.2s:825.0Mbps, rtt :6.14ms cwnd: 416.9 lossRate: 0.0 CC:19 score:-566.0 
1660160074.498618 -- INFO: Changing concurrency to 19 ******
1660160074.512773 -- INFO: Process Status Bits from change concurrency are: 1 1 1 1 1 1 1 1 1 1 1 1 1 1 1 1 1 1 1 0 0 0 0 0 0 0 0 0 0 0 0 0
1660160074.519298 -- INFO: Active CC: 19
1660160075.370058 -- INFO: Time taken to collect tcp stats: 98.0ms
1660160075.371037 -- INFO: Throughput @190.2s:850.0Mbps, rtt :4.18ms cwnd: 423.0 lossRate: 0.0 CC:19 score:-583.0 
1660160076.310396 -- INFO: Time taken to collect tcp stats: 37.0ms
1660160076.311290 -- INFO: Throughput @191.2s:840.0Mbps, rtt :4.0ms cwnd: 423.3 lossRate: 0.0 CC:19 score:-577.0 
1660160077.350434 -- INFO: Time taken to collect tcp stats: 77.0ms
1660160077.351429 -- INFO: Throughput @192.2s:855.0Mbps, rtt :4.46ms cwnd: 423.4 lossRate: 0.0 CC:19 score:-587.0 
1660160078.077311 -- INFO: Changing concurrency to 19 ******
1660160078.092937 -- INFO: Process Status Bits from change concurrency are: 1 1 1 1 1 1 1 1 1 1 1 1 1 1 1 1 1 1 1 0 0 0 0 0 0 0 0 0 0 0 0 0
1660160078.132983 -- INFO: Active CC: 19
1660160078.330562 -- INFO: Time taken to collect tcp stats: 56.0ms
1660160078.331560 -- INFO: Throughput @193.2s:850.0Mbps, rtt :6.76ms cwnd: 424.3 lossRate: 0.0 CC:19 score:-583.0 
1660160078.840950 -- INFO: Process 11 finished on working on file 16 
1660160078.861115 -- INFO: Process 11 get item 26 from queue and executing
1660160078.861567 -- INFO: starting 11, 26, /home/hjamil/Documents/files_bash/FILE27
1660160079.272918 -- INFO: Process 18 finished on working on file 15 
1660160079.281116 -- INFO: Process 18 get item 27 from queue and executing
1660160079.289121 -- INFO: starting 18, 27, /home/hjamil/Documents/files_bash/FILE26
1660160079.338164 -- INFO: Time taken to collect tcp stats: 63.0ms
1660160079.339034 -- INFO: Throughput @194.2s:835.0Mbps, rtt :7.28ms cwnd: 424.8 lossRate: 0.0 CC:19 score:-573.0 
1660160079.519650 -- INFO: Process 2 finished on working on file 7 
1660160079.569284 -- INFO: Process 2 get item 28 from queue and executing
1660160079.569904 -- INFO: starting 2, 28, /home/hjamil/Documents/files_bash/FILE18
1660160079.754096 -- INFO: Process 10 finished on working on file 11 
1660160079.757723 -- INFO: Process 10 get item 29 from queue and executing
1660160079.758411 -- INFO: starting 10, 29, /home/hjamil/Documents/files_bash/FILE0
1660160080.329001 -- INFO: Time taken to collect tcp stats: 53.0ms
1660160080.329768 -- INFO: Throughput @195.2s:845.0Mbps, rtt :7.94ms cwnd: 418.9 lossRate: 0.0 CC:19 score:-580.0 
1660160080.452914 -- INFO: Process 7 finished on working on file 3 
1660160080.457021 -- INFO: Process 7 get item 30 from queue and executing
1660160080.465235 -- INFO: starting 7, 30, /home/hjamil/Documents/files_bash/FILE16
1660160081.322176 -- INFO: Time taken to collect tcp stats: 45.0ms
1660160081.323093 -- INFO: Throughput @196.2s:860.0Mbps, rtt :6.75ms cwnd: 419.5 lossRate: 0.0 CC:19 score:-590.0 
1660160081.700306 -- INFO: Changing concurrency to 19 ******
1660160081.700593 -- INFO: Process Status Bits from change concurrency are: 1 1 1 1 1 1 1 1 1 1 1 1 1 1 1 1 1 1 1 0 0 0 0 0 0 0 0 0 0 0 0 0
1660160081.720979 -- INFO: Active CC: 19
1660160082.314028 -- INFO: Time taken to collect tcp stats: 36.0ms
1660160082.314854 -- INFO: Throughput @197.2s:820.0Mbps, rtt :7.09ms cwnd: 419.7 lossRate: 0.0 CC:19 score:-563.0 
1660160083.342289 -- INFO: Time taken to collect tcp stats: 64.0ms
1660160083.343122 -- INFO: Throughput @198.2s:850.0Mbps, rtt :8.9ms cwnd: 432.7 lossRate: 0.0 CC:19 score:-583.0 
1660160084.350594 -- INFO: Time taken to collect tcp stats: 71.0ms
1660160084.351360 -- INFO: Throughput @199.2s:855.0Mbps, rtt :4.64ms cwnd: 433.4 lossRate: 0.0 CC:19 score:-587.0 
1660160085.257199 -- INFO: Changing concurrency to 19 ******
1660160085.279808 -- INFO: episode expires
1660160085.283088 -- INFO: Process 25 shutdown itself from outest loop
1660160085.283032 -- INFO: Process 19 shutdown itself from outest loop
1660160085.283052 -- INFO: Process 31 shutdown itself from outest loop
1660160085.283068 -- INFO: Process 20 shutdown itself from outest loop
1660160085.283005 -- INFO: Process 24 shutdown itself from outest loop
1660160085.285144 -- INFO: Process Status Bits from change concurrency are: 1 1 1 1 1 1 1 1 1 1 1 1 1 1 1 1 1 1 1 0 0 0 0 0 0 0 0 0 0 0 0 0
1660160085.285323 -- INFO: Process Status Bits are: 1 1 1 1 1 1 1 1 1 1 1 1 1 1 1 1 1 1 1 0 0 0 0 0 0 0 0 0 0 0 0 0
1660160085.284915 -- INFO: Process 23 shutdown itself from outest loop
1660160085.286412 -- INFO: Process Status Bits are: 1 1 1 1 1 1 1 1 1 1 1 1 1 1 1 1 1 1 1 0 0 0 0 0 0 0 0 0 0 0 0 0
1660160085.286195 -- INFO: Process 26 shutdown itself from outest loop
1660160085.286688 -- INFO: Process Status Bits are: 1 1 1 1 1 1 1 1 1 1 1 1 1 1 1 1 1 1 1 0 0 0 0 0 0 0 0 0 0 0 0 0
1660160085.285090 -- INFO: Process 30 shutdown itself from outest loop
1660160085.285513 -- INFO: Process Status Bits are: 1 1 1 1 1 1 1 1 1 1 1 1 1 1 1 1 1 1 1 0 0 0 0 0 0 0 0 0 0 0 0 0
1660160085.287120 -- INFO: Process Status Bits are: 1 1 1 1 1 1 1 1 1 1 1 1 1 1 1 1 1 1 1 0 0 0 0 0 0 0 0 0 0 0 0 0
1660160085.287591 -- INFO: Process 22 shutdown itself from outest loop
1660160085.288640 -- INFO: Process Status Bits are: 1 1 1 1 1 1 1 1 1 1 1 1 1 1 1 1 1 1 1 0 0 0 0 0 0 0 0 0 0 0 0 0
1660160085.289103 -- INFO: Process 29 shutdown itself from outest loop
1660160085.285557 -- INFO: Active CC: 19
1660160085.285654 -- INFO: Process Status Bits are: 1 1 1 1 1 1 1 1 1 1 1 1 1 1 1 1 1 1 1 0 0 0 0 0 0 0 0 0 0 0 0 0
1660160085.285829 -- INFO: Process Status Bits are: 1 1 1 1 1 1 1 1 1 1 1 1 1 1 1 1 1 1 1 0 0 0 0 0 0 0 0 0 0 0 0 0
1660160085.289857 -- INFO: Process 27 shutdown itself from outest loop
1660160085.285639 -- INFO: Process 28 shutdown itself from outest loop
1660160085.285940 -- INFO: Process Status Bits are: 1 1 1 1 1 1 1 1 1 1 1 1 1 1 1 1 1 1 1 0 0 0 0 0 0 0 0 0 0 0 0 0
1660160085.290473 -- INFO: Process Status Bits are: 1 1 1 1 1 1 1 1 1 1 1 1 1 1 1 1 1 1 1 0 0 0 0 0 0 0 0 0 0 0 0 0
1660160085.288187 -- INFO: Process 21 shutdown itself from outest loop
1660160085.290842 -- INFO: Process Status Bits are: 1 1 1 1 1 1 1 1 1 1 1 1 1 1 1 1 1 1 1 0 0 0 0 0 0 0 0 0 0 0 0 0
1660160085.289564 -- INFO: Process Status Bits are: 1 1 1 1 1 1 1 1 1 1 1 1 1 1 1 1 1 1 1 0 0 0 0 0 0 0 0 0 0 0 0 0
1660160085.290277 -- INFO: Process Status Bits are: 1 1 1 1 1 1 1 1 1 1 1 1 1 1 1 1 1 1 1 0 0 0 0 0 0 0 0 0 0 0 0 0
1660160090.216744 -- INFO: Process 14 shutdown itself from outest loop
1660160090.216761 -- INFO: Process 0 shutdown itself from outest loop
1660160090.216477 -- INFO: Process 13 shutdown itself from outest loop
1660160090.216264 -- INFO: Process 28 shutdown itself from outest loop
1660160090.218127 -- INFO: Process Status Bits are: 0 0 0 0 0 0 0 0 0 0 0 0 0 0 0 0 0 0 0 0 0 0 0 0 0 0 0 0 0 0 0 0
1660160090.218121 -- INFO: Process Status Bits are: 0 0 0 0 0 0 0 0 0 0 0 0 0 0 0 0 0 0 0 0 0 0 0 0 0 0 0 0 0 0 0 0
1660160090.216216 -- INFO: Process 24 shutdown itself from outest loop
1660160090.217866 -- INFO: Process 2 shutdown itself from outest loop
1660160090.218224 -- INFO: Process Status Bits are: 0 0 0 0 0 0 0 0 0 0 0 0 0 0 0 0 0 0 0 0 0 0 0 0 0 0 0 0 0 0 0 0
1660160090.216129 -- INFO: Process 7 shutdown itself from outest loop
1660160090.218302 -- INFO: Process Status Bits are: 0 0 0 0 0 0 0 0 0 0 0 0 0 0 0 0 0 0 0 0 0 0 0 0 0 0 0 0 0 0 0 0
1660160090.218328 -- INFO: Process Status Bits are: 0 0 0 0 0 0 0 0 0 0 0 0 0 0 0 0 0 0 0 0 0 0 0 0 0 0 0 0 0 0 0 0
1660160090.218397 -- INFO: Process Status Bits are: 0 0 0 0 0 0 0 0 0 0 0 0 0 0 0 0 0 0 0 0 0 0 0 0 0 0 0 0 0 0 0 0
1660160090.216244 -- INFO: Process 18 shutdown itself from outest loop
1660160090.216135 -- INFO: Process 3 shutdown itself from outest loop
1660160090.216742 -- INFO: Process 31 shutdown itself from outest loop
1660160090.218716 -- INFO: Process Status Bits are: 0 0 0 0 0 0 0 0 0 0 0 0 0 0 0 0 0 0 0 0 0 0 0 0 0 0 0 0 0 0 0 0
1660160090.221039 -- INFO: Process 8 shutdown itself from outest loop
1660160090.221306 -- INFO: Process 26 shutdown itself from outest loop
1660160090.221649 -- INFO: Process Status Bits are: 0 0 0 0 0 0 0 0 0 0 0 0 0 0 0 0 0 0 0 0 0 0 0 0 0 0 0 0 0 0 0 0
1660160090.221732 -- INFO: Process Status Bits are: 0 0 0 0 0 0 0 0 0 0 0 0 0 0 0 0 0 0 0 0 0 0 0 0 0 0 0 0 0 0 0 0
1660160090.216269 -- INFO: Process 12 shutdown itself from outest loop
1660160090.216422 -- INFO: Process 16 shutdown itself from outest loop
1660160090.216227 -- INFO: Process 25 shutdown itself from outest loop
1660160090.216344 -- INFO: Process 15 shutdown itself from outest loop
1660160090.216629 -- INFO: Process 19 shutdown itself from outest loop
1660160090.224331 -- INFO: Process Status Bits are: 0 0 0 0 0 0 0 0 0 0 0 0 0 0 0 0 0 0 0 0 0 0 0 0 0 0 0 0 0 0 0 0
1660160090.224427 -- INFO: Process Status Bits are: 0 0 0 0 0 0 0 0 0 0 0 0 0 0 0 0 0 0 0 0 0 0 0 0 0 0 0 0 0 0 0 0
1660160090.224484 -- INFO: Process Status Bits are: 0 0 0 0 0 0 0 0 0 0 0 0 0 0 0 0 0 0 0 0 0 0 0 0 0 0 0 0 0 0 0 0
1660160090.224652 -- INFO: Process Status Bits are: 0 0 0 0 0 0 0 0 0 0 0 0 0 0 0 0 0 0 0 0 0 0 0 0 0 0 0 0 0 0 0 0
1660160090.224906 -- INFO: Process Status Bits are: 0 0 0 0 0 0 0 0 0 0 0 0 0 0 0 0 0 0 0 0 0 0 0 0 0 0 0 0 0 0 0 0
1660160090.221043 -- INFO: Process 21 shutdown itself from outest loop
1660160090.227052 -- INFO: Process Status Bits are: 0 0 0 0 0 0 0 0 0 0 0 0 0 0 0 0 0 0 0 0 0 0 0 0 0 0 0 0 0 0 0 0
1660160090.217108 -- INFO: Process 5 shutdown itself from outest loop
1660160090.227417 -- INFO: Process Status Bits are: 0 0 0 0 0 0 0 0 0 0 0 0 0 0 0 0 0 0 0 0 0 0 0 0 0 0 0 0 0 0 0 0
1660160090.229184 -- INFO: Process 22 shutdown itself from outest loop
1660160090.229647 -- INFO: Process Status Bits are: 0 0 0 0 0 0 0 0 0 0 0 0 0 0 0 0 0 0 0 0 0 0 0 0 0 0 0 0 0 0 0 0
1660160090.217173 -- INFO: Process 10 shutdown itself from outest loop
1660160090.216179 -- INFO: Process 29 shutdown itself from outest loop
1660160090.216580 -- INFO: Process 9 shutdown itself from outest loop
1660160090.216346 -- INFO: Process 23 shutdown itself from outest loop
1660160090.216316 -- INFO: Process 4 shutdown itself from outest loop
1660160090.216483 -- INFO: Process 20 shutdown itself from outest loop
1660160090.233095 -- INFO: Process Status Bits are: 0 0 0 0 0 0 0 0 0 0 0 0 0 0 0 0 0 0 0 0 0 0 0 0 0 0 0 0 0 0 0 0
1660160090.233103 -- INFO: Process Status Bits are: 0 0 0 0 0 0 0 0 0 0 0 0 0 0 0 0 0 0 0 0 0 0 0 0 0 0 0 0 0 0 0 0
1660160090.233143 -- INFO: Process Status Bits are: 0 0 0 0 0 0 0 0 0 0 0 0 0 0 0 0 0 0 0 0 0 0 0 0 0 0 0 0 0 0 0 0
1660160090.233179 -- INFO: Process Status Bits are: 0 0 0 0 0 0 0 0 0 0 0 0 0 0 0 0 0 0 0 0 0 0 0 0 0 0 0 0 0 0 0 0
1660160090.233233 -- INFO: Process Status Bits are: 0 0 0 0 0 0 0 0 0 0 0 0 0 0 0 0 0 0 0 0 0 0 0 0 0 0 0 0 0 0 0 0
1660160090.217390 -- INFO: Process 17 shutdown itself from outest loop
1660160090.216119 -- INFO: Process 27 shutdown itself from outest loop
1660160090.233794 -- INFO: Process Status Bits are: 0 0 0 0 0 0 0 0 0 0 0 0 0 0 0 0 0 0 0 0 0 0 0 0 0 0 0 0 0 0 0 0
1660160090.217560 -- INFO: Process 6 shutdown itself from outest loop
1660160090.235438 -- INFO: Process Status Bits are: 0 0 0 0 0 0 0 0 0 0 0 0 0 0 0 0 0 0 0 0 0 0 0 0 0 0 0 0 0 0 0 0
1660160090.236961 -- INFO: Process Status Bits are: 0 0 0 0 0 0 0 0 0 0 0 0 0 0 0 0 0 0 0 0 0 0 0 0 0 0 0 0 0 0 0 0
1660160090.238147 -- INFO: Process Status Bits are: 0 0 0 0 0 0 0 0 0 0 0 0 0 0 0 0 0 0 0 0 0 0 0 0 0 0 0 0 0 0 0 0
1660160090.216250 -- INFO: Process 1 shutdown itself from outest loop
1660160090.218753 -- INFO: Process Status Bits are: 0 0 0 0 0 0 0 0 0 0 0 0 0 0 0 0 0 0 0 0 0 0 0 0 0 0 0 0 0 0 0 0
1660160090.218774 -- INFO: Process Status Bits are: 0 0 0 0 0 0 0 0 0 0 0 0 0 0 0 0 0 0 0 0 0 0 0 0 0 0 0 0 0 0 0 0
1660160090.239473 -- INFO: Process Status Bits are: 0 0 0 0 0 0 0 0 0 0 0 0 0 0 0 0 0 0 0 0 0 0 0 0 0 0 0 0 0 0 0 0
1660160090.216615 -- INFO: Process 30 shutdown itself from outest loop
1660160090.218903 -- INFO: Process Status Bits are: 0 0 0 0 0 0 0 0 0 0 0 0 0 0 0 0 0 0 0 0 0 0 0 0 0 0 0 0 0 0 0 0
1660160090.239702 -- INFO: Process Status Bits are: 0 0 0 0 0 0 0 0 0 0 0 0 0 0 0 0 0 0 0 0 0 0 0 0 0 0 0 0 0 0 0 0
1660160090.216411 -- INFO: Process 11 shutdown itself from outest loop
1660160090.240367 -- INFO: Process Status Bits are: 0 0 0 0 0 0 0 0 0 0 0 0 0 0 0 0 0 0 0 0 0 0 0 0 0 0 0 0 0 0 0 0
1660160090.854257 -- INFO: Time taken to collect tcp stats: 5.0ms
1660160090.856104 -- INFO: Throughput @0.1s:0.0Mbps, rtt :0.0ms cwnd: 0.0 lossRate: 0 CC:0 score:-0.0 
