1660799898.222224 -- INFO: action array from actor 0.370391309261322 and action is 22 ******
1660799898.223063 -- INFO: Changing concurrency to 22 ******
1660799898.228467 -- INFO: Process Status Bits from change concurrency are: 1 1 1 1 1 1 1 1 1 1 1 1 1 1 1 1 1 1 1 1 1 1 0 0 0 0 0 0 0 0 0 0
1660799898.230683 -- INFO: Active CC: 22
1660799898.239543 -- INFO: Start Process :: 0
1660799898.240760 -- INFO: Process 0 get item 0 from queue and executing
1660799898.241031 -- INFO: starting 0, 0, /home/hjamil/Documents/files_bash/FILE25
1660799898.242925 -- INFO: Start Process :: 1
1660799898.257354 -- INFO: Process 1 get item 1 from queue and executing
1660799898.257723 -- INFO: starting 1, 1, /home/hjamil/Documents/files_bash/FILE1
1660799898.259073 -- INFO: Start Process :: 7
1660799898.260310 -- INFO: Start Process :: 3
1660799898.261322 -- INFO: Process 7 get item 2 from queue and executing
1660799898.261686 -- INFO: starting 7, 2, /home/hjamil/Documents/files_bash/FILE4
1660799898.267098 -- INFO: Process 3 get item 3 from queue and executing
1660799898.267533 -- INFO: starting 3, 3, /home/hjamil/Documents/files_bash/FILE13
1660799898.269946 -- INFO: Start Process :: 5
1660799898.271758 -- INFO: Process 5 get item 4 from queue and executing
1660799898.271989 -- INFO: starting 5, 4, /home/hjamil/Documents/files_bash/FILE3
1660799898.274011 -- INFO: Start Process :: 2
1660799898.277515 -- INFO: Process 2 get item 5 from queue and executing
1660799898.277741 -- INFO: starting 2, 5, /home/hjamil/Documents/files_bash/FILE24
1660799898.283448 -- INFO: Start Process :: 8
1660799898.284707 -- INFO: Process 8 get item 6 from queue and executing
1660799898.285032 -- INFO: starting 8, 6, /home/hjamil/Documents/files_bash/FILE2
1660799898.286725 -- INFO: Start Process :: 14
1660799898.298277 -- INFO: Start Process :: 15
1660799898.299079 -- INFO: Process 14 get item 7 from queue and executing
1660799898.299392 -- INFO: Process 15 get item 8 from queue and executing
1660799898.299644 -- INFO: starting 15, 8, /home/hjamil/Documents/files_bash/FILE29
1660799898.300820 -- INFO: Start Process :: 13
1660799898.306360 -- INFO: Process 13 get item 9 from queue and executing
1660799898.306442 -- INFO: starting 14, 7, /home/hjamil/Documents/files_bash/FILE20
1660799898.306684 -- INFO: starting 13, 9, /home/hjamil/Documents/files_bash/FILE7
1660799898.314643 -- INFO: Start Process :: 16
1660799898.316630 -- INFO: Process 16 get item 10 from queue and executing
1660799898.316849 -- INFO: starting 16, 10, /home/hjamil/Documents/files_bash/FILE31
1660799898.362898 -- INFO: Start Process :: 6
1660799898.370168 -- INFO: Process 6 get item 11 from queue and executing
1660799898.370588 -- INFO: starting 6, 11, /home/hjamil/Documents/files_bash/FILE6
1660799898.382949 -- INFO: Start Process :: 17
1660799898.384055 -- INFO: Process 17 get item 12 from queue and executing
1660799898.384285 -- INFO: starting 17, 12, /home/hjamil/Documents/files_bash/FILE22
1660799898.403280 -- INFO: Start Process :: 18
1660799898.404454 -- INFO: Process 18 get item 13 from queue and executing
1660799898.404722 -- INFO: starting 18, 13, /home/hjamil/Documents/files_bash/FILE11
1660799898.404487 -- INFO: Start Process :: 11
1660799898.405771 -- INFO: Process 11 get item 14 from queue and executing
1660799898.406002 -- INFO: starting 11, 14, /home/hjamil/Documents/files_bash/FILE30
1660799898.406177 -- INFO: Start Process :: 10
1660799898.415176 -- INFO: Process 10 get item 15 from queue and executing
1660799898.415717 -- INFO: starting 10, 15, /home/hjamil/Documents/files_bash/FILE5
1660799898.430710 -- INFO: Start Process :: 19
1660799898.432973 -- INFO: Process 19 get item 16 from queue and executing
1660799898.433312 -- INFO: starting 19, 16, /home/hjamil/Documents/files_bash/FILE17
1660799898.433091 -- INFO: Start Process :: 9
1660799898.435342 -- INFO: Process 9 get item 17 from queue and executing
1660799898.435553 -- INFO: starting 9, 17, /home/hjamil/Documents/files_bash/FILE23
1660799898.447458 -- INFO: Start Process :: 21
1660799898.448594 -- INFO: Start Process :: 12
1660799898.450021 -- INFO: Process 12 get item 18 from queue and executing
1660799898.450366 -- INFO: starting 12, 18, /home/hjamil/Documents/files_bash/FILE14
1660799898.450662 -- INFO: Process 21 get item 19 from queue and executing
1660799898.450938 -- INFO: starting 21, 19, /home/hjamil/Documents/files_bash/FILE8
1660799898.454646 -- INFO: Start Process :: 20
1660799898.457721 -- INFO: Process 20 get item 20 from queue and executing
1660799898.457959 -- INFO: starting 20, 20, /home/hjamil/Documents/files_bash/FILE15
1660799898.476031 -- INFO: Start Process :: 4
1660799898.488280 -- INFO: Process 4 get item 21 from queue and executing
1660799898.488572 -- INFO: starting 4, 21, /home/hjamil/Documents/files_bash/FILE21
1660799898.649062 -- INFO: Throughput @0.3s:774.44Mbps, rtt :4.34ms cwnd: 251.3 lossRate: 7.220922188786678e-06 CC:22 score:0.5 
1660799899.624424 -- INFO: Throughput @1.4s:861.52Mbps, rtt :5.1ms cwnd: 268.8 lossRate: 0.00018529270070287697 CC:22 score:0.56 
1660799900.626570 -- INFO: Throughput @2.4s:945.0Mbps, rtt :4.84ms cwnd: 282.5 lossRate: 0.0 CC:22 score:0.61 
1660799901.637959 -- INFO: Throughput @3.4s:940.65Mbps, rtt :6.0ms cwnd: 288.5 lossRate: 0.0 CC:22 score:0.61 
1660799901.751156 -- INFO: score [0.56, 0.61, 0.61] ******
1660799901.758827 -- INFO: action array from actor 0.06583672761917114 and action is 18 ******
1660799901.783687 -- INFO: Changing concurrency to 18 ******
1660799901.784082 -- INFO: Process Status Bits from change concurrency are: 1 1 1 1 1 1 1 1 1 1 1 1 1 1 1 1 1 1 0 0 0 0 0 0 0 0 0 0 0 0 0 0
1660799901.786199 -- INFO: Active CC: 18
1660799902.644474 -- INFO: Throughput @4.4s:879.35Mbps, rtt :3.2ms cwnd: 316.6 lossRate: 0.0 CC:18 score:0.62 
1660799903.596770 -- INFO: Throughput @5.4s:810.0Mbps, rtt :3.31ms cwnd: 336.5 lossRate: 0.0 CC:18 score:0.57 
1660799904.647345 -- INFO: Throughput @6.4s:775.0Mbps, rtt :3.43ms cwnd: 362.4 lossRate: 0.0 CC:18 score:0.54 
1660799905.295290 -- INFO: score [0.62, 0.57, 0.54] ******
1660799905.303693 -- INFO: action array from actor 0.47221776843070984 and action is 24 ******
1660799905.303879 -- INFO: Changing concurrency to 24 ******
1660799905.310357 -- INFO: Process Status Bits from change concurrency are: 1 1 1 1 1 1 1 1 1 1 1 1 1 1 1 1 1 1 1 1 1 1 1 1 0 0 0 0 0 0 0 0
1660799905.311577 -- INFO: Start Process :: 19
1660799905.314646 -- INFO: Start Process :: 18
1660799905.316406 -- INFO: Process 19 get item 22 from queue and executing
1660799905.316711 -- INFO: starting 19, 22, /home/hjamil/Documents/files_bash/FILE9
1660799905.316743 -- INFO: Active CC: 24
1660799905.317460 -- INFO: Process 18 get item 23 from queue and executing
1660799905.318337 -- INFO: Start Process :: 21
1660799905.321336 -- INFO: starting 18, 23, /home/hjamil/Documents/files_bash/FILE10
1660799905.328216 -- INFO: Process 21 get item 24 from queue and executing
1660799905.328635 -- INFO: Start Process :: 20
1660799905.330113 -- INFO: starting 21, 24, /home/hjamil/Documents/files_bash/FILE12
1660799905.332962 -- INFO: Process 20 get item 25 from queue and executing
1660799905.340200 -- INFO: starting 20, 25, /home/hjamil/Documents/files_bash/FILE28
1660799905.350663 -- INFO: Start Process :: 22
1660799905.357971 -- INFO: Process 22 get item 26 from queue and executing
1660799905.360698 -- INFO: starting 22, 26, /home/hjamil/Documents/files_bash/FILE27
1660799905.374760 -- INFO: Start Process :: 23
1660799905.379508 -- INFO: Process 23 get item 27 from queue and executing
1660799905.390552 -- INFO: starting 23, 27, /home/hjamil/Documents/files_bash/FILE26
1660799905.631850 -- INFO: Throughput @7.4s:855.0Mbps, rtt :8.55ms cwnd: 332.4 lossRate: 0.0 CC:24 score:0.53 
1660799906.625388 -- INFO: Throughput @8.4s:1023.68Mbps, rtt :7.95ms cwnd: 318.7 lossRate: 0.0017679992142225715 CC:24 score:0.62 
1660799907.612198 -- INFO: Throughput @9.4s:954.27Mbps, rtt :7.98ms cwnd: 303.5 lossRate: 0.0019755233894514506 CC:24 score:0.57 
1660799908.594541 -- INFO: Throughput @10.4s:952.14Mbps, rtt :6.58ms cwnd: 298.6 lossRate: 0.000589350689284067 CC:24 score:0.59 
1660799908.847384 -- INFO: score [0.62, 0.57, 0.59] ******
1660799908.849187 -- INFO: action array from actor -0.0018711891025304794 and action is 16 ******
1660799908.857881 -- INFO: Changing concurrency to 16 ******
1660799908.862540 -- INFO: Process Status Bits from change concurrency are: 1 1 1 1 1 1 1 1 1 1 1 1 1 1 1 1 0 0 0 0 0 0 0 0 0 0 0 0 0 0 0 0
1660799908.862957 -- INFO: Active CC: 16
1660799909.602095 -- INFO: Throughput @11.4s:821.78Mbps, rtt :4.5ms cwnd: 338.1 lossRate: 0 CC:16 score:0.6 
1660799910.671008 -- INFO: Throughput @12.4s:735.0Mbps, rtt :3.51ms cwnd: 342.2 lossRate: 0.0 CC:16 score:0.54 
1660799911.654983 -- INFO: Throughput @13.4s:700.0Mbps, rtt :3.84ms cwnd: 346.5 lossRate: 0.0 CC:16 score:0.51 
1660799912.375868 -- INFO: score [0.6, 0.54, 0.51] ******
1660799912.382249 -- INFO: action array from actor 0.5994302034378052 and action is 26 ******
1660799912.382519 -- INFO: Changing concurrency to 26 ******
1660799912.404969 -- INFO: Process Status Bits from change concurrency are: 1 1 1 1 1 1 1 1 1 1 1 1 1 1 1 1 1 1 1 1 1 1 1 1 1 1 0 0 0 0 0 0
1660799912.405348 -- INFO: Start Process :: 22
1660799912.405964 -- INFO: Start Process :: 18
1660799912.406027 -- INFO: Start Process :: 16
1660799912.406174 -- INFO: Start Process :: 19
1660799912.406375 -- INFO: Active CC: 26
1660799912.407918 -- INFO: Start Process :: 20
1660799912.409296 -- INFO: Process 22 get item 28 from queue and executing
1660799912.409436 -- INFO: Process 16 get item 29 from queue and executing
1660799912.409590 -- INFO: starting 22, 28, /home/hjamil/Documents/files_bash/FILE18
1660799912.409729 -- INFO: starting 16, 29, /home/hjamil/Documents/files_bash/FILE0
1660799912.409942 -- INFO: Process 18 get item 30 from queue and executing
1660799912.410305 -- INFO: starting 18, 30, /home/hjamil/Documents/files_bash/FILE16
1660799912.410370 -- INFO: Process 19 get item 31 from queue and executing
1660799912.410650 -- INFO: starting 19, 31, /home/hjamil/Documents/files_bash/FILE19
1660799912.411682 -- INFO: Process 20 get item 16 from queue and executing
1660799912.411107 -- INFO: Start Process :: 23
1660799912.412491 -- INFO: starting 20, 16, /home/hjamil/Documents/files_bash/FILE17
1660799912.429719 -- INFO: Start Process :: 21
1660799912.432982 -- INFO: Process 21 get item 20 from queue and executing
1660799912.433318 -- INFO: starting 21, 20, /home/hjamil/Documents/files_bash/FILE15
1660799912.444882 -- INFO: Start Process :: 17
1660799912.447903 -- INFO: Process 23 get item 19 from queue and executing
1660799912.448349 -- INFO: starting 23, 19, /home/hjamil/Documents/files_bash/FILE8
1660799912.452595 -- INFO: Process 17 get item 13 from queue and executing
1660799912.453024 -- INFO: starting 17, 13, /home/hjamil/Documents/files_bash/FILE11
1660799912.466554 -- INFO: Start Process :: 25
1660799912.481675 -- INFO: Process 25 get item 26 from queue and executing
1660799912.482098 -- INFO: starting 25, 26, /home/hjamil/Documents/files_bash/FILE27
1660799912.498528 -- INFO: Start Process :: 24
1660799912.508051 -- INFO: Process 24 get item 25 from queue and executing
1660799912.508501 -- INFO: starting 24, 25, /home/hjamil/Documents/files_bash/FILE28
1660799912.631983 -- INFO: Throughput @14.4s:778.09Mbps, rtt :6.73ms cwnd: 282.8 lossRate: 0.0 CC:26 score:0.46 
1660799913.637553 -- INFO: Throughput @15.4s:1077.26Mbps, rtt :6.1ms cwnd: 264.4 lossRate: 0.001612883059726685 CC:26 score:0.63 
1660799914.621719 -- INFO: Throughput @16.4s:958.59Mbps, rtt :6.93ms cwnd: 257.7 lossRate: 0.0012087787557133684 CC:26 score:0.56 
1660799915.617385 -- INFO: Throughput @17.4s:940.57Mbps, rtt :6.23ms cwnd: 257.0 lossRate: 6.214731399308922e-05 CC:26 score:0.56 
1660799915.907448 -- INFO: score [0.63, 0.56, 0.56] ******
1660799915.908982 -- INFO: action array from actor -0.0018712040036916733 and action is 16 ******
1660799915.909232 -- INFO: Changing concurrency to 16 ******
1660799915.910007 -- INFO: Process Status Bits from change concurrency are: 1 1 1 1 1 1 1 1 1 1 1 1 1 1 1 1 0 0 0 0 0 0 0 0 0 0 0 0 0 0 0 0
1660799915.910415 -- INFO: Active CC: 16
1660799916.606874 -- INFO: Throughput @18.4s:816.99Mbps, rtt :6.4ms cwnd: 311.6 lossRate: 0 CC:16 score:0.6 
1660799917.649922 -- INFO: Throughput @19.4s:696.96Mbps, rtt :3.35ms cwnd: 317.0 lossRate: 0.0 CC:16 score:0.51 
1660799918.578300 -- INFO: episode expires
1660799918.578319 -- INFO: Process 16 shutdown itself from outest loop
1660799918.578511 -- INFO: Process 20 shutdown itself from outest loop
1660799918.578881 -- INFO: Process 25 shutdown itself from outest loop
1660799918.578999 -- INFO: Process 27 shutdown itself from outest loop
1660799918.579053 -- INFO: Process 30 shutdown itself from outest loop
1660799918.579147 -- INFO: Process 28 shutdown itself from outest loop
1660799918.579766 -- INFO: Process 21 shutdown itself from outest loop
1660799918.579833 -- INFO: Process 24 shutdown itself from outest loop
1660799918.580097 -- INFO: Process 17 shutdown itself from outest loop
1660799918.580204 -- INFO: Process 29 shutdown itself from outest loop
1660799918.582306 -- INFO: Process 18 shutdown itself from outest loop
1660799918.582800 -- INFO: Process 26 shutdown itself from outest loop
1660799918.590355 -- INFO: Process 22 shutdown itself from outest loop
1660799918.590638 -- INFO: Process 23 shutdown itself from outest loop
1660799918.580310 -- INFO: Process 31 shutdown itself from outest loop
1660799918.579910 -- INFO: Process 19 shutdown itself from outest loop
1660799919.417809 -- INFO: score [0.56, 0.6, 0.51] ******
