1660702108.268797 -- INFO: Throughput @0.1s:0.0Mbps, rtt :4.01ms cwnd: 451.2 lossRate: 7.233726526557421e-06 CC:0 score:0.0 
1660702109.249860 -- INFO: Throughput @1.1s:0.0Mbps, rtt :4.01ms cwnd: 451.2 lossRate: 0 CC:0 score:0.0 
1660702110.238649 -- INFO: Throughput @2.1s:0.0Mbps, rtt :4.01ms cwnd: 451.2 lossRate: 0 CC:0 score:0.0 
1660702111.236214 -- INFO: Throughput @3.1s:0.0Mbps, rtt :4.01ms cwnd: 451.2 lossRate: 0 CC:0 score:0.0 
1660702118.341677 -- INFO: action array from actor 0.0218071136623621 and action is 17 ******
1660702118.369636 -- INFO: Changing concurrency to 17 ******
1660702118.392470 -- INFO: Process Status Bits from change concurrency are: 1 1 1 1 1 1 1 1 1 1 1 1 1 1 1 1 1 0 0 0 0 0 0 0 0 0 0 0 0 0 0 0
1660702118.406895 -- INFO: Active CC: 17
1660702118.422203 -- INFO: Start Process :: 5
1660702118.457313 -- INFO: Start Process :: 3
1660702118.474417 -- INFO: Process 5 get item 0 from queue and executing
1660702118.484925 -- INFO: Start Process :: 0
1660702118.501508 -- INFO: Process 3 get item 1 from queue and executing
1660702118.516048 -- INFO: starting 5, 0, /home/hjamil/Documents/files_bash/FILE25
1660702118.519361 -- INFO: Start Process :: 2
1660702118.529593 -- INFO: Process 0 get item 2 from queue and executing
1660702118.530939 -- INFO: starting 3, 1, /home/hjamil/Documents/files_bash/FILE1
1660702118.533805 -- INFO: Start Process :: 6
1660702118.562456 -- INFO: Process 2 get item 3 from queue and executing
1660702118.573703 -- INFO: starting 0, 2, /home/hjamil/Documents/files_bash/FILE4
1660702118.579690 -- INFO: Start Process :: 4
1660702118.580316 -- INFO: Process 6 get item 4 from queue and executing
1660702118.600260 -- INFO: starting 2, 3, /home/hjamil/Documents/files_bash/FILE13
1660702118.621399 -- INFO: Process 4 get item 5 from queue and executing
1660702118.621429 -- INFO: Start Process :: 1
1660702118.631172 -- INFO: starting 6, 4, /home/hjamil/Documents/files_bash/FILE3
1660702118.665840 -- INFO: starting 4, 5, /home/hjamil/Documents/files_bash/FILE24
1660702118.666023 -- INFO: Process 1 get item 6 from queue and executing
1660702118.683235 -- INFO: Start Process :: 9
1660702118.704116 -- INFO: Start Process :: 10
1660702118.725891 -- INFO: starting 1, 6, /home/hjamil/Documents/files_bash/FILE2
1660702118.728183 -- INFO: Process 9 get item 7 from queue and executing
1660702118.734777 -- INFO: Process 10 get item 8 from queue and executing
1660702118.737783 -- INFO: Start Process :: 11
1660702118.742892 -- INFO: starting 10, 8, /home/hjamil/Documents/files_bash/FILE29
1660702118.805468 -- INFO: Start Process :: 7
1660702118.814690 -- INFO: starting 9, 7, /home/hjamil/Documents/files_bash/FILE20
1660702118.825624 -- INFO: Start Process :: 8
1660702118.830364 -- INFO: Process 11 get item 9 from queue and executing
1660702118.835668 -- INFO: Start Process :: 13
1660702118.846852 -- INFO: Process 7 get item 10 from queue and executing
1660702118.854521 -- INFO: Start Process :: 16
1660702118.856213 -- INFO: Process 13 get item 11 from queue and executing
1660702118.889014 -- INFO: starting 7, 10, /home/hjamil/Documents/files_bash/FILE31
1660702118.889162 -- INFO: Process 8 get item 12 from queue and executing
1660702118.913239 -- INFO: starting 11, 9, /home/hjamil/Documents/files_bash/FILE7
1660702118.928397 -- INFO: starting 8, 12, /home/hjamil/Documents/files_bash/FILE22
1660702118.940121 -- INFO: starting 13, 11, /home/hjamil/Documents/files_bash/FILE6
1660702118.944610 -- INFO: Process 16 get item 13 from queue and executing
1660702118.951989 -- INFO: Start Process :: 14
1660702118.993090 -- INFO: starting 16, 13, /home/hjamil/Documents/files_bash/FILE11
1660702118.994488 -- INFO: Start Process :: 15
1660702118.998710 -- INFO: Process 14 get item 14 from queue and executing
1660702119.016595 -- INFO: Start Process :: 12
1660702119.046125 -- INFO: Process 15 get item 15 from queue and executing
1660702119.058496 -- INFO: starting 14, 14, /home/hjamil/Documents/files_bash/FILE30
1660702119.078281 -- INFO: Throughput @0.4s:0.0Mbps, rtt :4.01ms cwnd: 451.2 lossRate: 7.233726526557421e-06 CC:0 score:0.0 
1660702119.081717 -- INFO: starting 15, 15, /home/hjamil/Documents/files_bash/FILE5
1660702119.100544 -- INFO: Process 12 get item 16 from queue and executing
1660702119.140793 -- INFO: starting 12, 16, /home/hjamil/Documents/files_bash/FILE17
1660702119.391801 -- INFO: Throughput @1.4s:277.21Mbps, rtt :5.33ms cwnd: 254.1 lossRate: 8.96499170738267e-05 CC:17 score:0.2 
1660702120.439619 -- INFO: Throughput @2.4s:502.0Mbps, rtt :5.35ms cwnd: 255.6 lossRate: 0.00024154589371980676 CC:17 score:0.36 
1660702121.382107 -- INFO: Throughput @3.4s:497.45Mbps, rtt :5.31ms cwnd: 255.9 lossRate: 0.00019640095254461984 CC:17 score:0.35 
1660702121.929240 -- INFO: score [0.2, 0.36, 0.35] ******
1660702121.948325 -- INFO: action array from actor 1.0 and action is 32 ******
1660702121.953581 -- INFO: Changing concurrency to 32 ******
1660702121.957000 -- INFO: Process Status Bits from change concurrency are: 1 1 1 1 1 1 1 1 1 1 1 1 1 1 1 1 1 1 1 1 1 1 1 1 1 1 1 1 1 1 1 1
1660702121.961082 -- INFO: Active CC: 32
1660702121.972759 -- INFO: Start Process :: 17
1660702121.982854 -- INFO: Start Process :: 23
1660702121.993420 -- INFO: Process 17 get item 17 from queue and executing
1660702121.998379 -- INFO: Start Process :: 29
1660702122.001925 -- INFO: starting 17, 17, /home/hjamil/Documents/files_bash/FILE23
1660702122.009780 -- INFO: Start Process :: 28
1660702122.013163 -- INFO: Process 23 get item 18 from queue and executing
1660702122.015777 -- INFO: Process 29 get item 19 from queue and executing
1660702122.020162 -- INFO: starting 29, 19, /home/hjamil/Documents/files_bash/FILE8
1660702122.020161 -- INFO: starting 23, 18, /home/hjamil/Documents/files_bash/FILE14
1660702122.021176 -- INFO: Process 28 get item 20 from queue and executing
1660702122.026779 -- INFO: Start Process :: 21
1660702122.052621 -- INFO: starting 28, 20, /home/hjamil/Documents/files_bash/FILE15
1660702122.055390 -- INFO: Start Process :: 30
1660702122.062050 -- INFO: Process 21 get item 21 from queue and executing
1660702122.068611 -- INFO: Start Process :: 31
1660702122.080146 -- INFO: Process 30 get item 22 from queue and executing
1660702122.081915 -- INFO: starting 21, 21, /home/hjamil/Documents/files_bash/FILE21
1660702122.082203 -- INFO: Process 31 get item 23 from queue and executing
1660702122.084868 -- INFO: Start Process :: 25
1660702122.098963 -- INFO: starting 30, 22, /home/hjamil/Documents/files_bash/FILE9
1660702122.101720 -- INFO: starting 31, 23, /home/hjamil/Documents/files_bash/FILE10
1660702122.103969 -- INFO: Process 25 get item 24 from queue and executing
1660702122.109262 -- INFO: Start Process :: 27
1660702122.120262 -- INFO: starting 25, 24, /home/hjamil/Documents/files_bash/FILE12
1660702122.122772 -- INFO: Start Process :: 20
1660702122.130889 -- INFO: Start Process :: 19
1660702122.136880 -- INFO: Process 27 get item 25 from queue and executing
1660702122.138761 -- INFO: Start Process :: 22
1660702122.159374 -- INFO: Start Process :: 18
1660702122.165767 -- INFO: Start Process :: 24
1660702122.168441 -- INFO: Process 20 get item 26 from queue and executing
1660702122.175348 -- INFO: Process 22 get item 27 from queue and executing
1660702122.181093 -- INFO: Start Process :: 26
1660702122.193206 -- INFO: Process 18 get item 28 from queue and executing
1660702122.199480 -- INFO: starting 20, 26, /home/hjamil/Documents/files_bash/FILE27
1660702122.205071 -- INFO: Process 19 get item 29 from queue and executing
1660702122.206500 -- INFO: Process 24 get item 30 from queue and executing
1660702122.206825 -- INFO: starting 18, 28, /home/hjamil/Documents/files_bash/FILE18
1660702122.211097 -- INFO: starting 19, 29, /home/hjamil/Documents/files_bash/FILE0
1660702122.222125 -- INFO: starting 22, 27, /home/hjamil/Documents/files_bash/FILE26
1660702122.224047 -- INFO: starting 27, 25, /home/hjamil/Documents/files_bash/FILE28
1660702122.227577 -- INFO: starting 24, 30, /home/hjamil/Documents/files_bash/FILE16
1660702122.229680 -- INFO: Process 26 get item 31 from queue and executing
1660702122.242896 -- INFO: starting 26, 31, /home/hjamil/Documents/files_bash/FILE19
1660702122.351571 -- INFO: Throughput @4.4s:559.89Mbps, rtt :6.68ms cwnd: 192.1 lossRate: 0.00011131890640306349 CC:32 score:0.3 
1660702123.332397 -- INFO: Throughput @5.4s:687.68Mbps, rtt :6.12ms cwnd: 187.9 lossRate: 0.0014470518497855574 CC:32 score:0.35 
1660702124.342087 -- INFO: Throughput @6.4s:678.35Mbps, rtt :6.03ms cwnd: 187.7 lossRate: 0.0003734637061180145 CC:32 score:0.36 
1660702125.351111 -- INFO: Throughput @7.4s:675.16Mbps, rtt :6.1ms cwnd: 187.9 lossRate: 0.00010219724067450178 CC:32 score:0.36 
1660702125.478245 -- INFO: score [0.35, 0.36, 0.36] ******
1660702125.513795 -- INFO: action array from actor 1.0 and action is 32 ******
1660702125.515110 -- INFO: Changing concurrency to 32 ******
1660702125.516334 -- INFO: Process Status Bits from change concurrency are: 1 1 1 1 1 1 1 1 1 1 1 1 1 1 1 1 1 1 1 1 1 1 1 1 1 1 1 1 1 1 1 1
1660702125.517564 -- INFO: Active CC: 32
1660702126.351981 -- INFO: Throughput @8.4s:676.29Mbps, rtt :6.13ms cwnd: 188.1 lossRate: 6.886222390552103e-05 CC:32 score:0.36 
1660702127.351990 -- INFO: Throughput @9.4s:680.46Mbps, rtt :6.11ms cwnd: 188.0 lossRate: 0.00020496353357131876 CC:32 score:0.36 
1660702128.373730 -- INFO: Throughput @10.4s:673.29Mbps, rtt :6.13ms cwnd: 187.2 lossRate: 0.00037437250063813494 CC:32 score:0.35 
1660702129.020664 -- INFO: score [0.36, 0.36, 0.35] ******
1660702129.063916 -- INFO: action array from actor 1.0 and action is 32 ******
1660702129.064971 -- INFO: Changing concurrency to 32 ******
1660702129.068500 -- INFO: Process Status Bits from change concurrency are: 1 1 1 1 1 1 1 1 1 1 1 1 1 1 1 1 1 1 1 1 1 1 1 1 1 1 1 1 1 1 1 1
1660702129.077367 -- INFO: Active CC: 32
1660702129.351918 -- INFO: Throughput @11.4s:680.02Mbps, rtt :6.02ms cwnd: 188.2 lossRate: 0.00017278319165111618 CC:32 score:0.36 
1660702130.414825 -- INFO: Throughput @12.4s:823.57Mbps, rtt :5.68ms cwnd: 205.7 lossRate: 7.888612787441328e-05 CC:32 score:0.44 
1660702131.408845 -- INFO: Throughput @13.4s:938.35Mbps, rtt :5.35ms cwnd: 213.4 lossRate: 0.0 CC:32 score:0.5 
1660702132.443940 -- INFO: Throughput @14.4s:942.47Mbps, rtt :6.4ms cwnd: 215.2 lossRate: 0.0 CC:32 score:0.5 
1660702132.608016 -- INFO: score [0.44, 0.5, 0.5] ******
1660702132.659667 -- INFO: action array from actor 1.0 and action is 32 ******
1660702132.665279 -- INFO: Changing concurrency to 32 ******
1660702132.680441 -- INFO: Process Status Bits from change concurrency are: 1 1 1 1 1 1 1 1 1 1 1 1 1 1 1 1 1 1 1 1 1 1 1 1 1 1 1 1 1 1 1 1
1660702132.695013 -- INFO: Active CC: 32
1660702133.405435 -- INFO: Throughput @15.4s:929.61Mbps, rtt :5.5ms cwnd: 217.0 lossRate: 0.0 CC:32 score:0.49 
1660702134.396281 -- INFO: Throughput @16.4s:924.84Mbps, rtt :7.11ms cwnd: 219.7 lossRate: 0.0 CC:32 score:0.49 
1660702135.377178 -- INFO: Throughput @17.4s:940.65Mbps, rtt :6.51ms cwnd: 220.4 lossRate: 0.0 CC:32 score:0.5 
1660702136.211310 -- INFO: score [0.49, 0.49, 0.5] ******
1660702136.261428 -- INFO: action array from actor 1.0 and action is 32 ******
1660702136.264549 -- INFO: Changing concurrency to 32 ******
1660702136.267302 -- INFO: Process Status Bits from change concurrency are: 1 1 1 1 1 1 1 1 1 1 1 1 1 1 1 1 1 1 1 1 1 1 1 1 1 1 1 1 1 1 1 1
1660702136.269918 -- INFO: Active CC: 32
1660702136.361941 -- INFO: Throughput @18.4s:930.3Mbps, rtt :5.69ms cwnd: 224.6 lossRate: 0.0 CC:32 score:0.49 
1660702137.386602 -- INFO: Throughput @19.4s:942.5Mbps, rtt :5.51ms cwnd: 229.1 lossRate: 0.0 CC:32 score:0.5 
1660702138.332226 -- INFO: episode expires
1660702139.775312 -- INFO: score [0.5, 0.49, 0.5] ******
1660702142.924690 -- INFO: Process 4 shutdown itself from outest loop
1660702142.924689 -- INFO: Process 31 shutdown itself from outest loop
1660702142.924823 -- INFO: Process 25 shutdown itself from outest loop
1660702142.925224 -- INFO: Process 18 shutdown itself from outest loop
1660702142.925393 -- INFO: Process 10 shutdown itself from outest loop
1660702142.925903 -- INFO: Process 0 shutdown itself from outest loop
1660702142.926223 -- INFO: Process 9 shutdown itself from outest loop
1660702142.927508 -- INFO: Process 23 shutdown itself from outest loop
1660702142.927545 -- INFO: Process 6 shutdown itself from outest loop
1660702142.927820 -- INFO: Process 30 shutdown itself from outest loop
1660702142.928743 -- INFO: Process 8 shutdown itself from outest loop
1660702142.925169 -- INFO: Process 3 shutdown itself from outest loop
1660702142.929838 -- INFO: Process 11 shutdown itself from outest loop
1660702142.930299 -- INFO: Process 7 shutdown itself from outest loop
1660702142.930302 -- INFO: Process 17 shutdown itself from outest loop
1660702142.930577 -- INFO: Process 29 shutdown itself from outest loop
1660702142.932208 -- INFO: Process 19 shutdown itself from outest loop
1660702142.932909 -- INFO: Process 1 shutdown itself from outest loop
1660702142.933137 -- INFO: Process 2 shutdown itself from outest loop
1660702142.933131 -- INFO: Process 16 shutdown itself from outest loop
1660702142.934474 -- INFO: Process 15 shutdown itself from outest loop
1660702142.935076 -- INFO: Process 28 shutdown itself from outest loop
1660702142.935716 -- INFO: Process 12 shutdown itself from outest loop
1660702142.935792 -- INFO: Process 24 shutdown itself from outest loop
1660702142.936464 -- INFO: Process 5 shutdown itself from outest loop
1660702142.938544 -- INFO: Process 13 shutdown itself from outest loop
1660702142.938544 -- INFO: Process 14 shutdown itself from outest loop
1660702142.937922 -- INFO: Process 21 shutdown itself from outest loop
1660702142.941850 -- INFO: Process 22 shutdown itself from outest loop
1660702142.935794 -- INFO: Process 26 shutdown itself from outest loop
1660702142.941850 -- INFO: Process 20 shutdown itself from outest loop
1660702142.944692 -- INFO: Process 27 shutdown itself from outest loop
1660702143.879021 -- INFO: Throughput @0.1s:0.0Mbps, rtt :4.01ms cwnd: 451.2 lossRate: 7.233726526557421e-06 CC:0 score:0.0 
