1660858952.879223 -- INFO: action array from actor 0.519598662853241 and action is 25 ******
1660858952.879706 -- INFO: Changing concurrency to 25 ******
1660858952.881387 -- INFO: Process Status Bits from change concurrency are: 1 1 1 1 1 1 1 1 1 1 1 1 1 1 1 1 1 1 1 1 1 1 1 1 1 0 0 0 0 0 0 0
1660858952.881892 -- INFO: Start Process :: 0
1660858952.882526 -- INFO: Active CC: 25
1660858952.884200 -- INFO: Start Process :: 1
1660858952.884364 -- INFO: Start Process :: 2
1660858952.885581 -- INFO: Process 0 get item 0 from queue and executing
1660858952.885915 -- INFO: Process 1 get item 1 from queue and executing
1660858952.886157 -- INFO: starting 1, 1, /home/hjamil/Documents/files_bash/FILE1
1660858952.885820 -- INFO: starting 0, 0, /home/hjamil/Documents/files_bash/FILE25
1660858952.886756 -- INFO: Start Process :: 7
1660858952.887948 -- INFO: Start Process :: 5
1660858952.888555 -- INFO: Start Process :: 11
1660858952.889073 -- INFO: Process 2 get item 2 from queue and executing
1660858952.889326 -- INFO: starting 2, 2, /home/hjamil/Documents/files_bash/FILE4
1660858952.889815 -- INFO: Process 7 get item 3 from queue and executing
1660858952.890133 -- INFO: starting 7, 3, /home/hjamil/Documents/files_bash/FILE13
1660858952.889895 -- INFO: Start Process :: 9
1660858952.889850 -- INFO: Start Process :: 13
1660858952.891034 -- INFO: Process 11 get item 4 from queue and executing
1660858952.891418 -- INFO: starting 11, 4, /home/hjamil/Documents/files_bash/FILE3
1660858952.893093 -- INFO: Start Process :: 18
1660858952.893925 -- INFO: Process 5 get item 5 from queue and executing
1660858952.894166 -- INFO: starting 5, 5, /home/hjamil/Documents/files_bash/FILE24
1660858952.895640 -- INFO: Process 9 get item 6 from queue and executing
1660858952.895946 -- INFO: starting 9, 6, /home/hjamil/Documents/files_bash/FILE2
1660858952.896092 -- INFO: Process 18 get item 7 from queue and executing
1660858952.896339 -- INFO: starting 18, 7, /home/hjamil/Documents/files_bash/FILE20
1660858952.896904 -- INFO: Start Process :: 8
1660858952.897968 -- INFO: Start Process :: 14
1660858952.899122 -- INFO: Start Process :: 20
1660858952.899275 -- INFO: Start Process :: 21
1660858952.899892 -- INFO: Start Process :: 17
1660858952.900550 -- INFO: Process 13 get item 8 from queue and executing
1660858952.900861 -- INFO: starting 13, 8, /home/hjamil/Documents/files_bash/FILE29
1660858952.902309 -- INFO: Process 8 get item 9 from queue and executing
1660858952.902418 -- INFO: Process 14 get item 10 from queue and executing
1660858952.902713 -- INFO: starting 8, 9, /home/hjamil/Documents/files_bash/FILE7
1660858952.902910 -- INFO: starting 14, 10, /home/hjamil/Documents/files_bash/FILE31
1660858952.903362 -- INFO: Process 17 get item 11 from queue and executing
1660858952.903573 -- INFO: starting 17, 11, /home/hjamil/Documents/files_bash/FILE6
1660858952.904210 -- INFO: Process 21 get item 12 from queue and executing
1660858952.904426 -- INFO: starting 21, 12, /home/hjamil/Documents/files_bash/FILE22
1660858952.904073 -- INFO: Start Process :: 6
1660858952.907101 -- INFO: Process 6 get item 13 from queue and executing
1660858952.907358 -- INFO: starting 6, 13, /home/hjamil/Documents/files_bash/FILE11
1660858952.910833 -- INFO: Process 20 get item 14 from queue and executing
1660858952.911248 -- INFO: starting 20, 14, /home/hjamil/Documents/files_bash/FILE30
1660858952.915666 -- INFO: Start Process :: 24
1660858952.917426 -- INFO: Process 24 get item 15 from queue and executing
1660858952.917676 -- INFO: starting 24, 15, /home/hjamil/Documents/files_bash/FILE5
1660858952.919215 -- INFO: Start Process :: 12
1660858952.920768 -- INFO: Process 12 get item 16 from queue and executing
1660858952.920962 -- INFO: starting 12, 16, /home/hjamil/Documents/files_bash/FILE17
1660858952.939787 -- INFO: Start Process :: 16
1660858952.942075 -- INFO: Process 16 get item 17 from queue and executing
1660858952.942354 -- INFO: starting 16, 17, /home/hjamil/Documents/files_bash/FILE23
1660858952.963166 -- INFO: Start Process :: 15
1660858952.982913 -- INFO: Process 15 get item 18 from queue and executing
1660858952.983154 -- INFO: starting 15, 18, /home/hjamil/Documents/files_bash/FILE14
1660858952.983305 -- INFO: Start Process :: 10
1660858952.984403 -- INFO: Process 10 get item 19 from queue and executing
1660858952.984657 -- INFO: starting 10, 19, /home/hjamil/Documents/files_bash/FILE8
1660858952.995508 -- INFO: Start Process :: 19
1660858952.997930 -- INFO: Process 19 get item 20 from queue and executing
1660858952.998161 -- INFO: starting 19, 20, /home/hjamil/Documents/files_bash/FILE15
1660858952.999410 -- INFO: Start Process :: 4
1660858953.026690 -- INFO: Process 4 get item 21 from queue and executing
1660858953.027033 -- INFO: starting 4, 21, /home/hjamil/Documents/files_bash/FILE21
1660858953.027761 -- INFO: Start Process :: 23
1660858953.027711 -- INFO: Start Process :: 3
1660858953.030276 -- INFO: Process 23 get item 22 from queue and executing
1660858953.030571 -- INFO: starting 23, 22, /home/hjamil/Documents/files_bash/FILE9
1660858953.034872 -- INFO: Process 3 get item 23 from queue and executing
1660858953.035155 -- INFO: starting 3, 23, /home/hjamil/Documents/files_bash/FILE10
1660858953.039448 -- INFO: Start Process :: 22
1660858953.041392 -- INFO: Process 22 get item 24 from queue and executing
1660858953.041667 -- INFO: starting 22, 24, /home/hjamil/Documents/files_bash/FILE12
1660858953.059610 -- INFO: Throughput @0.1s:352.37Mbps, rtt :3.42ms cwnd: 33.6 lossRate: 0.0 CC:25 score:0.21 
1660858953.945534 -- INFO: Throughput @1.1s:985.59Mbps, rtt :6.38ms cwnd: 65.6 lossRate: 0.0 CC:25 score:0.6 
1660858954.928832 -- INFO: Throughput @2.1s:939.67Mbps, rtt :6.56ms cwnd: 68.4 lossRate: 0.0 CC:25 score:0.57 
1660858955.945237 -- INFO: Throughput @3.1s:931.17Mbps, rtt :7.67ms cwnd: 69.4 lossRate: 0.0 CC:25 score:0.57 
1660858956.384651 -- INFO: score [0.6, 0.57, 0.57] ******
1660858956.386837 -- INFO: action array from actor -0.2875794768333435 and action is 12 ******
1660858956.387053 -- INFO: Changing concurrency to 12 ******
1660858956.387978 -- INFO: Process Status Bits from change concurrency are: 1 1 1 1 1 1 1 1 1 1 1 1 0 0 0 0 0 0 0 0 0 0 0 0 0 0 0 0 0 0 0 0
1660858956.388881 -- INFO: Active CC: 12
1660858956.944732 -- INFO: Throughput @4.1s:763.74Mbps, rtt :1.53ms cwnd: 126.7 lossRate: 0 CC:12 score:0.6 
1660858957.956724 -- INFO: Throughput @5.1s:570.0Mbps, rtt :3.08ms cwnd: 210.2 lossRate: 0.0 CC:12 score:0.45 
1660858958.960403 -- INFO: Throughput @6.1s:570.0Mbps, rtt :2.49ms cwnd: 285.9 lossRate: 0.0 CC:12 score:0.45 
1660858959.889835 -- INFO: score [0.6, 0.45, 0.45] ******
1660858959.898848 -- INFO: action array from actor 0.3143494725227356 and action is 21 ******
1660858959.910604 -- INFO: Changing concurrency to 21 ******
1660858959.918931 -- INFO: Process Status Bits from change concurrency are: 1 1 1 1 1 1 1 1 1 1 1 1 1 1 1 1 1 1 1 1 1 0 0 0 0 0 0 0 0 0 0 0
1660858959.919137 -- INFO: Start Process :: 19
1660858959.919144 -- INFO: Start Process :: 16
1660858959.919232 -- INFO: Start Process :: 18
1660858959.919391 -- INFO: Start Process :: 17
1660858959.919425 -- INFO: Start Process :: 13
1660858959.919620 -- INFO: Start Process :: 20
1660858959.919671 -- INFO: Start Process :: 14
1660858959.919865 -- INFO: Start Process :: 12
1660858959.920068 -- INFO: Active CC: 21
1660858959.920176 -- INFO: Process 18 get item 25 from queue and executing
1660858959.920361 -- INFO: Process 13 get item 26 from queue and executing
1660858959.920621 -- INFO: starting 18, 25, /home/hjamil/Documents/files_bash/FILE28
1660858959.920676 -- INFO: starting 13, 26, /home/hjamil/Documents/files_bash/FILE27
1660858959.921928 -- INFO: Process 17 get item 27 from queue and executing
1660858959.922262 -- INFO: starting 17, 27, /home/hjamil/Documents/files_bash/FILE26
1660858959.922520 -- INFO: Process 19 get item 28 from queue and executing
1660858959.922880 -- INFO: starting 19, 28, /home/hjamil/Documents/files_bash/FILE18
1660858959.922975 -- INFO: Process 16 get item 29 from queue and executing
1660858959.923368 -- INFO: Process 20 get item 30 from queue and executing
1660858959.923397 -- INFO: starting 16, 29, /home/hjamil/Documents/files_bash/FILE0
1660858959.923567 -- INFO: Process 12 get item 31 from queue and executing
1660858959.923720 -- INFO: starting 20, 30, /home/hjamil/Documents/files_bash/FILE16
1660858959.923904 -- INFO: starting 12, 31, /home/hjamil/Documents/files_bash/FILE19
1660858959.924189 -- INFO: Process 14 get item 7 from queue and executing
1660858959.924680 -- INFO: starting 14, 7, /home/hjamil/Documents/files_bash/FILE20
1660858959.936523 -- INFO: Start Process :: 15
1660858959.971451 -- INFO: Throughput @7.1s:575.0Mbps, rtt :3.18ms cwnd: 232.6 lossRate: 0.0 CC:12 score:0.45 
1660858959.986596 -- INFO: Process 15 get item 24 from queue and executing
1660858959.987074 -- INFO: starting 15, 24, /home/hjamil/Documents/files_bash/FILE12
1660858961.001846 -- INFO: Throughput @8.1s:978.82Mbps, rtt :7.17ms cwnd: 230.2 lossRate: 0.0012173954968420038 CC:21 score:0.63 
1660858961.965871 -- INFO: Throughput @9.1s:961.53Mbps, rtt :10.75ms cwnd: 228.6 lossRate: 7.742135280910476e-05 CC:21 score:0.63 
1660858962.964720 -- INFO: Throughput @10.1s:956.79Mbps, rtt :10.69ms cwnd: 230.0 lossRate: 0.00029609889703160856 CC:21 score:0.63 
1660858963.443540 -- INFO: score [0.63, 0.63, 0.63] ******
1660858963.445173 -- INFO: action array from actor -0.1926140934228897 and action is 14 ******
1660858963.445411 -- INFO: Changing concurrency to 14 ******
1660858963.454844 -- INFO: Process Status Bits from change concurrency are: 1 1 1 1 1 1 1 1 1 1 1 1 1 1 0 0 0 0 0 0 0 0 0 0 0 0 0 0 0 0 0 0
1660858963.455574 -- INFO: Active CC: 14
1660858963.964375 -- INFO: Throughput @11.1s:833.29Mbps, rtt :3.41ms cwnd: 264.3 lossRate: 0 CC:14 score:0.63 
1660858964.972348 -- INFO: Throughput @12.1s:645.0Mbps, rtt :3.39ms cwnd: 275.3 lossRate: 0.0 CC:14 score:0.49 
1660858965.972301 -- INFO: Throughput @13.1s:665.0Mbps, rtt :3.06ms cwnd: 295.1 lossRate: 0.0 CC:14 score:0.5 
1660858966.956608 -- INFO: score [0.63, 0.49, 0.5] ******
1660858966.957968 -- INFO: action array from actor 0.2689153254032135 and action is 21 ******
1660858966.964734 -- INFO: Throughput @14.1s:650.0Mbps, rtt :2.62ms cwnd: 309.8 lossRate: 0.0 CC:14 score:0.49 
1660858966.966633 -- INFO: Changing concurrency to 21 ******
1660858966.967877 -- INFO: Start Process :: 18
1660858966.968064 -- INFO: Start Process :: 15
1660858966.968141 -- INFO: Process Status Bits from change concurrency are: 1 1 1 1 1 1 1 1 1 1 1 1 1 1 1 1 1 1 1 1 1 0 0 0 0 0 0 0 0 0 0 0
1660858966.968380 -- INFO: Start Process :: 17
1660858966.968780 -- INFO: Process 18 get item 18 from queue and executing
1660858966.968990 -- INFO: starting 18, 18, /home/hjamil/Documents/files_bash/FILE14
1660858966.969254 -- INFO: Active CC: 21
1660858966.968224 -- INFO: Start Process :: 16
1660858966.968487 -- INFO: Start Process :: 20
1660858966.968710 -- INFO: Start Process :: 19
1660858966.970436 -- INFO: Start Process :: 14
1660858966.971210 -- INFO: Process 15 get item 8 from queue and executing
1660858966.971981 -- INFO: starting 15, 8, /home/hjamil/Documents/files_bash/FILE29
1660858966.972561 -- INFO: Process 20 get item 14 from queue and executing
1660858966.974235 -- INFO: starting 20, 14, /home/hjamil/Documents/files_bash/FILE30
1660858966.972659 -- INFO: Process 17 get item 17 from queue and executing
1660858966.972750 -- INFO: Process 14 get item 20 from queue and executing
1660858966.978886 -- INFO: starting 17, 17, /home/hjamil/Documents/files_bash/FILE23
1660858966.979053 -- INFO: Process 16 get item 10 from queue and executing
1660858966.978900 -- INFO: starting 14, 20, /home/hjamil/Documents/files_bash/FILE15
1660858966.979280 -- INFO: starting 16, 10, /home/hjamil/Documents/files_bash/FILE31
1660858966.979631 -- INFO: Process 19 get item 22 from queue and executing
1660858966.980059 -- INFO: starting 19, 22, /home/hjamil/Documents/files_bash/FILE9
1660858967.992791 -- INFO: Throughput @15.1s:952.28Mbps, rtt :7.43ms cwnd: 207.2 lossRate: 0.0022953044980563954 CC:21 score:0.61 
1660858968.977438 -- INFO: Throughput @16.1s:964.93Mbps, rtt :6.91ms cwnd: 207.0 lossRate: 0.0005223750652968832 CC:21 score:0.63 
1660858969.980742 -- INFO: Throughput @17.1s:952.69Mbps, rtt :7.97ms cwnd: 209.0 lossRate: 0.00021031014560884788 CC:21 score:0.63 
1660858970.477550 -- INFO: score [0.61, 0.63, 0.63] ******
1660858970.478923 -- INFO: action array from actor -0.1926141083240509 and action is 14 ******
1660858970.479028 -- INFO: Changing concurrency to 14 ******
1660858970.498905 -- INFO: Process Status Bits from change concurrency are: 1 1 1 1 1 1 1 1 1 1 1 1 1 1 0 0 0 0 0 0 0 0 0 0 0 0 0 0 0 0 0 0
1660858970.499553 -- INFO: Active CC: 14
1660858970.975890 -- INFO: Throughput @18.1s:839.71Mbps, rtt :2.55ms cwnd: 250.9 lossRate: 0 CC:14 score:0.64 
1660858971.976669 -- INFO: Throughput @19.1s:670.0Mbps, rtt :3.03ms cwnd: 256.4 lossRate: 0.0 CC:14 score:0.51 
1660858972.967821 -- INFO: Throughput @20.1s:660.0Mbps, rtt :2.59ms cwnd: 261.0 lossRate: 0.0 CC:14 score:0.5 
1660858973.967928 -- INFO: Throughput @21.1s:645.0Mbps, rtt :5.75ms cwnd: 264.4 lossRate: 0.0 CC:14 score:0.49 
1660858974.023489 -- INFO: score [0.51, 0.5, 0.49] ******
1660858974.025192 -- INFO: action array from actor 0.7224616408348083 and action is 28 ******
1660858974.025330 -- INFO: Changing concurrency to 28 ******
1660858974.038891 -- INFO: Process Status Bits from change concurrency are: 1 1 1 1 1 1 1 1 1 1 1 1 1 1 1 1 1 1 1 1 1 1 1 1 1 1 1 1 0 0 0 0
1660858974.039023 -- INFO: Start Process :: 16
1660858974.039132 -- INFO: Start Process :: 21
1660858974.039460 -- INFO: Start Process :: 22
1660858974.039519 -- INFO: Start Process :: 19
1660858974.039649 -- INFO: Start Process :: 17
1660858974.039716 -- INFO: Active CC: 28
1660858974.039811 -- INFO: Start Process :: 14
1660858974.039827 -- INFO: Start Process :: 15
1660858974.039987 -- INFO: Start Process :: 23
1660858974.040001 -- INFO: Process 16 get item 11 from queue and executing
1660858974.040095 -- INFO: Start Process :: 24
1660858974.040271 -- INFO: starting 16, 11, /home/hjamil/Documents/files_bash/FILE6
1660858974.040588 -- INFO: Process 17 get item 16 from queue and executing
1660858974.040608 -- INFO: Process 19 get item 15 from queue and executing
1660858974.040865 -- INFO: starting 17, 16, /home/hjamil/Documents/files_bash/FILE17
1660858974.040817 -- INFO: Process 21 get item 12 from queue and executing
1660858974.040919 -- INFO: Process 23 get item 29 from queue and executing
1660858974.041090 -- INFO: Process 22 get item 30 from queue and executing
1660858974.041247 -- INFO: starting 21, 12, /home/hjamil/Documents/files_bash/FILE22
1660858974.041315 -- INFO: starting 19, 15, /home/hjamil/Documents/files_bash/FILE5
1660858974.041456 -- INFO: starting 23, 29, /home/hjamil/Documents/files_bash/FILE0
1660858974.041531 -- INFO: Process 14 get item 27 from queue and executing
1660858974.041830 -- INFO: starting 14, 27, /home/hjamil/Documents/files_bash/FILE26
1660858974.041814 -- INFO: Start Process :: 20
1660858974.042066 -- INFO: starting 22, 30, /home/hjamil/Documents/files_bash/FILE16
1660858974.046645 -- INFO: Process 24 get item 24 from queue and executing
1660858974.047149 -- INFO: starting 24, 24, /home/hjamil/Documents/files_bash/FILE12
1660858974.054573 -- INFO: Start Process :: 18
1660858974.054707 -- INFO: Process 20 get item 28 from queue and executing
1660858974.062781 -- INFO: starting 20, 28, /home/hjamil/Documents/files_bash/FILE18
1660858974.065460 -- INFO: Process 18 get item 7 from queue and executing
1660858974.065713 -- INFO: starting 18, 7, /home/hjamil/Documents/files_bash/FILE20
1660858974.080585 -- INFO: Process 15 get item 25 from queue and executing
1660858974.080866 -- INFO: starting 15, 25, /home/hjamil/Documents/files_bash/FILE28
1660858974.082846 -- INFO: Start Process :: 25
1660858974.083977 -- INFO: Process 25 get item 18 from queue and executing
1660858974.084239 -- INFO: starting 25, 18, /home/hjamil/Documents/files_bash/FILE14
1660858974.087283 -- INFO: Start Process :: 26
1660858974.089967 -- INFO: Process 26 get item 20 from queue and executing
1660858974.090309 -- INFO: starting 26, 20, /home/hjamil/Documents/files_bash/FILE15
1660858974.107145 -- INFO: Start Process :: 27
1660858974.109168 -- INFO: Process 27 get item 10 from queue and executing
1660858974.109546 -- INFO: starting 27, 10, /home/hjamil/Documents/files_bash/FILE31
1660858974.961181 -- INFO: Throughput @22.1s:1084.75Mbps, rtt :6.9ms cwnd: 146.5 lossRate: 0.0012907889301941346 CC:28 score:0.61 
1660858975.956986 -- INFO: Throughput @23.1s:943.4Mbps, rtt :11.27ms cwnd: 145.1 lossRate: 0.0003231901352426412 CC:28 score:0.54 
1660858976.977109 -- INFO: Throughput @24.1s:942.47Mbps, rtt :10.65ms cwnd: 143.9 lossRate: 0.0004195303727650753 CC:28 score:0.54 
1660858977.548877 -- INFO: score [0.61, 0.54, 0.54] ******
1660858977.550234 -- INFO: action array from actor -0.2875794768333435 and action is 12 ******
1660858977.550337 -- INFO: Changing concurrency to 12 ******
1660858977.562706 -- INFO: Process Status Bits from change concurrency are: 1 1 1 1 1 1 1 1 1 1 1 1 0 0 0 0 0 0 0 0 0 0 0 0 0 0 0 0 0 0 0 0
1660858977.563178 -- INFO: Active CC: 12
1660858977.959984 -- INFO: Throughput @25.1s:850.74Mbps, rtt :4.94ms cwnd: 178.0 lossRate: 0 CC:12 score:0.67 
1660858978.983796 -- INFO: Throughput @26.1s:550.04Mbps, rtt :2.51ms cwnd: 200.0 lossRate: 0 CC:12 score:0.43 
1660858979.972565 -- INFO: Throughput @27.1s:575.0Mbps, rtt :3.26ms cwnd: 204.6 lossRate: 0.0 CC:12 score:0.45 
1660858980.984140 -- INFO: Throughput @28.1s:585.0Mbps, rtt :1.88ms cwnd: 210.0 lossRate: 0.0 CC:12 score:0.46 
1660858981.083467 -- INFO: score [0.43, 0.45, 0.46] ******
1660858981.091830 -- INFO: action array from actor 0.3435210883617401 and action is 22 ******
1660858981.091951 -- INFO: Changing concurrency to 22 ******
1660858981.102888 -- INFO: Process Status Bits from change concurrency are: 1 1 1 1 1 1 1 1 1 1 1 1 1 1 1 1 1 1 1 1 1 1 0 0 0 0 0 0 0 0 0 0
1660858981.103067 -- INFO: Start Process :: 12
1660858981.103105 -- INFO: Start Process :: 21
1660858981.103165 -- INFO: Start Process :: 16
1660858981.103176 -- INFO: Start Process :: 14
1660858981.103493 -- INFO: Start Process :: 19
1660858981.103547 -- INFO: Active CC: 22
1660858981.103774 -- INFO: Start Process :: 18
1660858981.104160 -- INFO: Process 12 get item 8 from queue and executing
1660858981.104163 -- INFO: Start Process :: 15
1660858981.104344 -- INFO: Process 14 get item 17 from queue and executing
1660858981.104456 -- INFO: starting 12, 8, /home/hjamil/Documents/files_bash/FILE29
1660858981.104508 -- INFO: Process 19 get item 14 from queue and executing
1660858981.104549 -- INFO: starting 14, 17, /home/hjamil/Documents/files_bash/FILE23
1660858981.104772 -- INFO: starting 19, 14, /home/hjamil/Documents/files_bash/FILE30
1660858981.104024 -- INFO: Process 16 get item 22 from queue and executing
1660858981.104911 -- INFO: Process 21 get item 16 from queue and executing
1660858981.105151 -- INFO: starting 21, 16, /home/hjamil/Documents/files_bash/FILE17
1660858981.105117 -- INFO: Process 18 get item 7 from queue and executing
1660858981.105172 -- INFO: starting 16, 22, /home/hjamil/Documents/files_bash/FILE9
1660858981.105338 -- INFO: starting 18, 7, /home/hjamil/Documents/files_bash/FILE20
1660858981.105503 -- INFO: Process 15 get item 11 from queue and executing
1660858981.106560 -- INFO: Start Process :: 13
1660858981.106827 -- INFO: starting 15, 11, /home/hjamil/Documents/files_bash/FILE6
1660858981.107124 -- INFO: Start Process :: 20
1660858981.109343 -- INFO: Start Process :: 17
1660858981.110741 -- INFO: Process 13 get item 15 from queue and executing
1660858981.111327 -- INFO: starting 13, 15, /home/hjamil/Documents/files_bash/FILE5
1660858981.114102 -- INFO: Process 17 get item 18 from queue and executing
1660858981.114593 -- INFO: starting 17, 18, /home/hjamil/Documents/files_bash/FILE14
1660858981.114839 -- INFO: Process 20 get item 30 from queue and executing
1660858981.115159 -- INFO: starting 20, 30, /home/hjamil/Documents/files_bash/FILE16
1660858981.994520 -- INFO: Throughput @29.1s:940.02Mbps, rtt :6.17ms cwnd: 158.3 lossRate: 0.0 CC:22 score:0.61 
1660858982.979111 -- INFO: Throughput @30.1s:956.71Mbps, rtt :6.22ms cwnd: 176.3 lossRate: 0.0 CC:22 score:0.62 
1660858983.961630 -- INFO: Throughput @31.1s:926.05Mbps, rtt :6.61ms cwnd: 180.0 lossRate: 0.00012604300587360407 CC:22 score:0.6 
1660858984.627529 -- INFO: score [0.61, 0.62, 0.6] ******
1660858984.629143 -- INFO: action array from actor -0.1926141083240509 and action is 14 ******
1660858984.629377 -- INFO: Changing concurrency to 14 ******
1660858984.629739 -- INFO: Process Status Bits from change concurrency are: 1 1 1 1 1 1 1 1 1 1 1 1 1 1 0 0 0 0 0 0 0 0 0 0 0 0 0 0 0 0 0 0
1660858984.630110 -- INFO: Active CC: 14
1660858984.964363 -- INFO: Throughput @32.1s:879.62Mbps, rtt :3.48ms cwnd: 209.4 lossRate: 0 CC:14 score:0.67 
1660858985.984335 -- INFO: Throughput @33.1s:660.0Mbps, rtt :3.07ms cwnd: 222.0 lossRate: 0.0 CC:14 score:0.5 
1660858986.987897 -- INFO: Throughput @34.1s:655.0Mbps, rtt :2.86ms cwnd: 230.7 lossRate: 0.0 CC:14 score:0.5 
1660858987.983848 -- INFO: Throughput @35.1s:655.0Mbps, rtt :4.24ms cwnd: 241.6 lossRate: 0.0 CC:14 score:0.5 
1660858988.143468 -- INFO: score [0.5, 0.5, 0.5] ******
1660858988.145326 -- INFO: action array from actor 0.322134405374527 and action is 21 ******
1660858988.145596 -- INFO: Changing concurrency to 21 ******
1660858988.146760 -- INFO: Start Process :: 14
1660858988.147453 -- INFO: Start Process :: 15
1660858988.149249 -- INFO: Process 15 get item 12 from queue and executing
1660858988.149633 -- INFO: starting 15, 12, /home/hjamil/Documents/files_bash/FILE22
1660858988.151446 -- INFO: Process 14 get item 27 from queue and executing
1660858988.151864 -- INFO: starting 14, 27, /home/hjamil/Documents/files_bash/FILE26
1660858988.154882 -- INFO: Start Process :: 17
1660858988.155035 -- INFO: Start Process :: 18
1660858988.155035 -- INFO: Start Process :: 19
1660858988.154895 -- INFO: Process Status Bits from change concurrency are: 1 1 1 1 1 1 1 1 1 1 1 1 1 1 1 1 1 1 1 1 1 0 0 0 0 0 0 0 0 0 0 0
1660858988.155144 -- INFO: Start Process :: 16
1660858988.155844 -- INFO: Active CC: 21
1660858988.157104 -- INFO: Process 18 get item 28 from queue and executing
1660858988.157291 -- INFO: starting 18, 28, /home/hjamil/Documents/files_bash/FILE18
1660858988.158285 -- INFO: Process 17 get item 20 from queue and executing
1660858988.158634 -- INFO: starting 17, 20, /home/hjamil/Documents/files_bash/FILE15
1660858988.160882 -- INFO: Start Process :: 20
1660858988.162459 -- INFO: Process 16 get item 25 from queue and executing
1660858988.162703 -- INFO: starting 16, 25, /home/hjamil/Documents/files_bash/FILE28
1660858988.162791 -- INFO: Process 19 get item 10 from queue and executing
1660858988.163059 -- INFO: starting 19, 10, /home/hjamil/Documents/files_bash/FILE31
1660858988.164586 -- INFO: Process 20 get item 26 from queue and executing
1660858988.164865 -- INFO: starting 20, 26, /home/hjamil/Documents/files_bash/FILE27
1660858988.988656 -- INFO: Throughput @36.1s:936.21Mbps, rtt :7.11ms cwnd: 194.9 lossRate: 0.0 CC:21 score:0.62 
1660858989.980676 -- INFO: Throughput @37.1s:950.73Mbps, rtt :9.7ms cwnd: 201.5 lossRate: 0.0 CC:21 score:0.63 
1660858990.985068 -- INFO: Throughput @38.1s:959.77Mbps, rtt :9.0ms cwnd: 208.4 lossRate: 0.0 CC:21 score:0.63 
1660858991.656778 -- INFO: score [0.62, 0.63, 0.63] ******
1660858991.658299 -- INFO: action array from actor -0.1926141232252121 and action is 14 ******
1660858991.658526 -- INFO: Changing concurrency to 14 ******
1660858991.670630 -- INFO: Process Status Bits from change concurrency are: 1 1 1 1 1 1 1 1 1 1 1 1 1 1 0 0 0 0 0 0 0 0 0 0 0 0 0 0 0 0 0 0
1660858991.671121 -- INFO: Active CC: 14
1660858992.004446 -- INFO: Throughput @39.1s:893.21Mbps, rtt :6.93ms cwnd: 244.3 lossRate: 0 CC:14 score:0.68 
1660858992.991863 -- INFO: Throughput @40.1s:660.0Mbps, rtt :3.21ms cwnd: 269.4 lossRate: 0.0 CC:14 score:0.5 
1660858993.992470 -- INFO: Throughput @41.1s:660.0Mbps, rtt :2.25ms cwnd: 275.9 lossRate: 0.0 CC:14 score:0.5 
1660858994.988880 -- INFO: Throughput @42.1s:655.0Mbps, rtt :2.38ms cwnd: 282.7 lossRate: 0.0 CC:14 score:0.5 
1660858995.179462 -- INFO: score [0.5, 0.5, 0.5] ******
1660858995.181160 -- INFO: action array from actor 0.7224663496017456 and action is 28 ******
1660858995.202633 -- INFO: Changing concurrency to 28 ******
1660858995.204336 -- INFO: Start Process :: 14
1660858995.204421 -- INFO: Start Process :: 20
1660858995.204471 -- INFO: Start Process :: 19
1660858995.204628 -- INFO: Start Process :: 22
1660858995.204857 -- INFO: Start Process :: 24
1660858995.205047 -- INFO: Start Process :: 15
1660858995.205222 -- INFO: Start Process :: 18
1660858995.205406 -- INFO: Start Process :: 21
1660858995.205579 -- INFO: Process 20 get item 29 from queue and executing
1660858995.206146 -- INFO: starting 20, 29, /home/hjamil/Documents/files_bash/FILE0
1660858995.206370 -- INFO: Start Process :: 23
1660858995.206097 -- INFO: Start Process :: 26
1660858995.206455 -- INFO: Process 18 get item 31 from queue and executing
1660858995.206530 -- INFO: Start Process :: 17
1660858995.206660 -- INFO: Start Process :: 25
1660858995.206972 -- INFO: Start Process :: 27
1660858995.207394 -- INFO: Start Process :: 16
1660858995.208017 -- INFO: Process 14 get item 24 from queue and executing
1660858995.208083 -- INFO: Process 24 get item 22 from queue and executing
1660858995.208127 -- INFO: starting 18, 31, /home/hjamil/Documents/files_bash/FILE19
1660858995.208394 -- INFO: starting 24, 22, /home/hjamil/Documents/files_bash/FILE9
1660858995.208490 -- INFO: starting 14, 24, /home/hjamil/Documents/files_bash/FILE12
1660858995.209022 -- INFO: Process 19 get item 17 from queue and executing
1660858995.209183 -- INFO: Process 22 get item 16 from queue and executing
1660858995.209271 -- INFO: starting 19, 17, /home/hjamil/Documents/files_bash/FILE23
1660858995.209363 -- INFO: starting 22, 16, /home/hjamil/Documents/files_bash/FILE17
1660858995.209862 -- INFO: Process 27 get item 18 from queue and executing
1660858995.210008 -- INFO: Process 15 get item 30 from queue and executing
1660858995.210292 -- INFO: starting 15, 30, /home/hjamil/Documents/files_bash/FILE16
1660858995.210292 -- INFO: Process 17 get item 7 from queue and executing
1660858995.210366 -- INFO: starting 27, 18, /home/hjamil/Documents/files_bash/FILE14
1660858995.210445 -- INFO: Process 21 get item 14 from queue and executing
1660858995.210550 -- INFO: starting 17, 7, /home/hjamil/Documents/files_bash/FILE20
1660858995.210667 -- INFO: Process Status Bits from change concurrency are: 1 1 1 1 1 1 1 1 1 1 1 1 1 1 1 1 1 1 1 1 1 1 1 1 1 1 1 1 0 0 0 0
1660858995.210729 -- INFO: starting 21, 14, /home/hjamil/Documents/files_bash/FILE30
1660858995.211112 -- INFO: Active CC: 28
1660858995.214817 -- INFO: Process 23 get item 25 from queue and executing
1660858995.215053 -- INFO: Process 26 get item 27 from queue and executing
1660858995.215975 -- INFO: starting 23, 25, /home/hjamil/Documents/files_bash/FILE28
1660858995.215046 -- INFO: Process 25 get item 11 from queue and executing
1660858995.215239 -- INFO: Process 16 get item 20 from queue and executing
1660858995.216608 -- INFO: starting 26, 27, /home/hjamil/Documents/files_bash/FILE26
1660858995.217240 -- INFO: starting 25, 11, /home/hjamil/Documents/files_bash/FILE6
1660858995.217547 -- INFO: starting 16, 20, /home/hjamil/Documents/files_bash/FILE15
1660858995.997219 -- INFO: Throughput @43.1s:1032.07Mbps, rtt :9.76ms cwnd: 110.6 lossRate: 0.002477811135728988 CC:28 score:0.57 
1660858996.995165 -- INFO: Throughput @44.1s:998.83Mbps, rtt :9.18ms cwnd: 105.4 lossRate: 0.0016993723486070109 CC:28 score:0.56 
1660858997.964924 -- INFO: Throughput @45.1s:983.17Mbps, rtt :8.91ms cwnd: 93.4 lossRate: 0.0011038087746453856 CC:28 score:0.55 
1660858998.712022 -- INFO: score [0.57, 0.56, 0.55] ******
1660858998.713112 -- INFO: action array from actor -0.2875794768333435 and action is 12 ******
1660858998.713211 -- INFO: Changing concurrency to 12 ******
1660858998.713542 -- INFO: Process Status Bits from change concurrency are: 1 1 1 1 1 1 1 1 1 1 1 1 0 0 0 0 0 0 0 0 0 0 0 0 0 0 0 0 0 0 0 0
1660858998.713983 -- INFO: Active CC: 12
1660858998.989308 -- INFO: Throughput @46.1s:867.85Mbps, rtt :6.58ms cwnd: 123.4 lossRate: 0 CC:12 score:0.68 
1660858999.982099 -- INFO: Throughput @47.1s:600.49Mbps, rtt :1.82ms cwnd: 153.3 lossRate: 0 CC:12 score:0.47 
1660859001.000178 -- INFO: Throughput @48.1s:565.0Mbps, rtt :1.54ms cwnd: 160.4 lossRate: 0.0 CC:12 score:0.45 
1660859001.987717 -- INFO: Throughput @49.1s:575.0Mbps, rtt :2.35ms cwnd: 165.6 lossRate: 0.0 CC:12 score:0.45 
1660859002.231293 -- INFO: score [0.47, 0.45, 0.45] ******
1660859002.232809 -- INFO: action array from actor 0.04422835260629654 and action is 17 ******
1660859002.233057 -- INFO: Changing concurrency to 17 ******
1660859002.233580 -- INFO: Process Status Bits from change concurrency are: 1 1 1 1 1 1 1 1 1 1 1 1 1 1 1 1 1 0 0 0 0 0 0 0 0 0 0 0 0 0 0 0
1660859002.233647 -- INFO: Start Process :: 16
1660859002.234131 -- INFO: Active CC: 17
1660859002.234575 -- INFO: Start Process :: 12
1660859002.235748 -- INFO: Process 16 get item 12 from queue and executing
1660859002.235976 -- INFO: starting 16, 12, /home/hjamil/Documents/files_bash/FILE22
1660859002.236499 -- INFO: Process 12 get item 26 from queue and executing
1660859002.236698 -- INFO: starting 12, 26, /home/hjamil/Documents/files_bash/FILE27
1660859002.237615 -- INFO: Start Process :: 13
1660859002.237990 -- INFO: Start Process :: 15
1660859002.240980 -- INFO: Process 13 get item 28 from queue and executing
1660859002.241216 -- INFO: starting 13, 28, /home/hjamil/Documents/files_bash/FILE18
1660859002.242577 -- INFO: Start Process :: 14
1660859002.248369 -- INFO: Process 14 get item 10 from queue and executing
1660859002.248600 -- INFO: starting 14, 10, /home/hjamil/Documents/files_bash/FILE31
1660859002.248901 -- INFO: Process 15 get item 20 from queue and executing
1660859002.249260 -- INFO: starting 15, 20, /home/hjamil/Documents/files_bash/FILE15
1660859003.000673 -- INFO: Throughput @50.1s:735.0Mbps, rtt :2.26ms cwnd: 159.3 lossRate: 0.0 CC:17 score:0.52 
1660859004.012917 -- INFO: Throughput @51.1s:785.0Mbps, rtt :3.8ms cwnd: 180.0 lossRate: 0.0 CC:17 score:0.56 
1660859005.008575 -- INFO: Throughput @52.1s:795.0Mbps, rtt :2.82ms cwnd: 197.8 lossRate: 0.0 CC:17 score:0.57 
1660859005.750412 -- INFO: score [0.52, 0.56, 0.57] ******
1660859005.752136 -- INFO: action array from actor -0.19049511849880219 and action is 14 ******
1660859005.752263 -- INFO: Changing concurrency to 14 ******
1660859005.763419 -- INFO: Process Status Bits from change concurrency are: 1 1 1 1 1 1 1 1 1 1 1 1 1 1 0 0 0 0 0 0 0 0 0 0 0 0 0 0 0 0 0 0
1660859005.764599 -- INFO: Active CC: 14
1660859006.020161 -- INFO: Throughput @53.1s:760.0Mbps, rtt :2.95ms cwnd: 200.5 lossRate: 0.0 CC:14 score:0.58 
1660859007.000393 -- INFO: Throughput @54.1s:660.0Mbps, rtt :1.92ms cwnd: 209.8 lossRate: 0.0 CC:14 score:0.5 
1660859008.009651 -- INFO: Throughput @55.1s:670.0Mbps, rtt :3.55ms cwnd: 213.0 lossRate: 0.0 CC:14 score:0.51 
1660859009.008354 -- INFO: Throughput @56.1s:645.0Mbps, rtt :4.47ms cwnd: 216.8 lossRate: 0.0 CC:14 score:0.49 
1660859009.279153 -- INFO: score [0.5, 0.51, 0.49] ******
1660859009.280568 -- INFO: action array from actor 0.08060189336538315 and action is 18 ******
1660859009.280796 -- INFO: Changing concurrency to 18 ******
1660859009.287209 -- INFO: Start Process :: 16
1660859009.287225 -- INFO: Start Process :: 17
1660859009.287238 -- INFO: Process Status Bits from change concurrency are: 1 1 1 1 1 1 1 1 1 1 1 1 1 1 1 1 1 1 0 0 0 0 0 0 0 0 0 0 0 0 0 0
1660859009.287421 -- INFO: Start Process :: 14
1660859009.287472 -- INFO: Start Process :: 15
1660859009.288161 -- INFO: Active CC: 18
1660859009.288235 -- INFO: Process 17 get item 7 from queue and executing
1660859009.288339 -- INFO: Process 14 get item 17 from queue and executing
1660859009.288570 -- INFO: starting 17, 7, /home/hjamil/Documents/files_bash/FILE20
1660859009.288683 -- INFO: starting 14, 17, /home/hjamil/Documents/files_bash/FILE23
1660859009.294593 -- INFO: Process 16 get item 11 from queue and executing
1660859009.294947 -- INFO: starting 16, 11, /home/hjamil/Documents/files_bash/FILE6
1660859009.296331 -- INFO: Process 15 get item 14 from queue and executing
1660859009.297114 -- INFO: starting 15, 14, /home/hjamil/Documents/files_bash/FILE30
1660859010.000954 -- INFO: Throughput @57.1s:795.0Mbps, rtt :2.81ms cwnd: 200.7 lossRate: 0.0 CC:18 score:0.56 
1660859010.988752 -- INFO: Throughput @58.1s:835.0Mbps, rtt :4.04ms cwnd: 217.1 lossRate: 0.0 CC:18 score:0.58 
1660859012.013059 -- INFO: Throughput @59.1s:845.0Mbps, rtt :4.08ms cwnd: 226.0 lossRate: 0.0 CC:18 score:0.59 
1660859012.815052 -- INFO: score [0.56, 0.58, 0.59] ******
1660859012.816897 -- INFO: action array from actor 0.07567620277404785 and action is 18 ******
1660859012.817171 -- INFO: Changing concurrency to 18 ******
1660859012.831059 -- INFO: Process Status Bits from change concurrency are: 1 1 1 1 1 1 1 1 1 1 1 1 1 1 1 1 1 1 0 0 0 0 0 0 0 0 0 0 0 0 0 0
1660859012.835036 -- INFO: Active CC: 18
1660859013.032965 -- INFO: Throughput @60.1s:820.0Mbps, rtt :5.52ms cwnd: 236.2 lossRate: 0.0 CC:18 score:0.57 
1660859014.020505 -- INFO: Throughput @61.1s:835.0Mbps, rtt :2.86ms cwnd: 244.2 lossRate: 0.0 CC:18 score:0.58 
1660859015.008569 -- INFO: Throughput @62.1s:840.0Mbps, rtt :3.84ms cwnd: 252.1 lossRate: 0.0 CC:18 score:0.59 
1660859016.025203 -- INFO: Throughput @63.1s:840.0Mbps, rtt :4.06ms cwnd: 258.2 lossRate: 0.0 CC:18 score:0.59 
1660859016.340690 -- INFO: score [0.58, 0.59, 0.59] ******
1660859016.344040 -- INFO: action array from actor 0.08917420357465744 and action is 18 ******
1660859016.346457 -- INFO: Changing concurrency to 18 ******
1660859016.357902 -- INFO: Process Status Bits from change concurrency are: 1 1 1 1 1 1 1 1 1 1 1 1 1 1 1 1 1 1 0 0 0 0 0 0 0 0 0 0 0 0 0 0
1660859016.360464 -- INFO: Active CC: 18
1660859017.022738 -- INFO: Throughput @64.1s:845.0Mbps, rtt :3.49ms cwnd: 265.3 lossRate: 0.0 CC:18 score:0.59 
1660859018.025535 -- INFO: Throughput @65.1s:825.0Mbps, rtt :3.3ms cwnd: 271.7 lossRate: 0.0 CC:18 score:0.58 
1660859018.996333 -- INFO: Throughput @66.1s:820.0Mbps, rtt :6.23ms cwnd: 274.9 lossRate: 0.0 CC:18 score:0.57 
1660859019.880729 -- INFO: score [0.59, 0.58, 0.57] ******
1660859019.884058 -- INFO: action array from actor 0.3782309293746948 and action is 22 ******
1660859019.884335 -- INFO: Changing concurrency to 22 ******
1660859019.887056 -- INFO: Start Process :: 19
1660859019.887127 -- INFO: Start Process :: 18
1660859019.887166 -- INFO: Start Process :: 20
1660859019.888677 -- INFO: Process Status Bits from change concurrency are: 1 1 1 1 1 1 1 1 1 1 1 1 1 1 1 1 1 1 1 1 1 1 0 0 0 0 0 0 0 0 0 0
1660859019.891465 -- INFO: Process 20 get item 24 from queue and executing
1660859019.891852 -- INFO: starting 20, 24, /home/hjamil/Documents/files_bash/FILE12
1660859019.892267 -- INFO: Process 19 get item 22 from queue and executing
1660859019.892287 -- INFO: Process 18 get item 27 from queue and executing
1660859019.892336 -- INFO: Active CC: 22
1660859019.892475 -- INFO: starting 19, 22, /home/hjamil/Documents/files_bash/FILE9
1660859019.892521 -- INFO: starting 18, 27, /home/hjamil/Documents/files_bash/FILE26
1660859019.901160 -- INFO: Start Process :: 21
1660859019.904375 -- INFO: Process 21 get item 25 from queue and executing
1660859019.904946 -- INFO: starting 21, 25, /home/hjamil/Documents/files_bash/FILE28
1660859020.015536 -- INFO: Throughput @67.1s:844.89Mbps, rtt :7.31ms cwnd: 235.9 lossRate: 0.0 CC:22 score:0.55 
1660859021.016146 -- INFO: Throughput @68.1s:1018.6Mbps, rtt :9.4ms cwnd: 204.8 lossRate: 0.002099911582670203 CC:22 score:0.64 
1660859022.028862 -- INFO: Throughput @69.1s:979.2Mbps, rtt :7.89ms cwnd: 201.4 lossRate: 0.0003581263815651358 CC:22 score:0.63 
1660859023.000385 -- INFO: Throughput @70.1s:941.97Mbps, rtt :9.34ms cwnd: 205.0 lossRate: 0.0 CC:22 score:0.61 
1660859023.407318 -- INFO: score [0.64, 0.63, 0.61] ******
1660859023.408963 -- INFO: action array from actor -0.1926141083240509 and action is 14 ******
1660859023.409226 -- INFO: Changing concurrency to 14 ******
1660859023.409889 -- INFO: Process Status Bits from change concurrency are: 1 1 1 1 1 1 1 1 1 1 1 1 1 1 0 0 0 0 0 0 0 0 0 0 0 0 0 0 0 0 0 0
1660859023.410338 -- INFO: Active CC: 14
1660859024.008499 -- INFO: Throughput @71.1s:810.34Mbps, rtt :4.35ms cwnd: 220.1 lossRate: 0 CC:14 score:0.61 
1660859025.020420 -- INFO: Throughput @72.1s:659.19Mbps, rtt :11.25ms cwnd: 217.1 lossRate: 0.0008672024050413366 CC:14 score:0.49 
1660859026.001308 -- INFO: Throughput @73.1s:574.61Mbps, rtt :12.78ms cwnd: 194.6 lossRate: 0.000918783786671225 CC:14 score:0.43 
1660859026.931846 -- INFO: score [0.61, 0.49, 0.43] ******
1660859026.933814 -- INFO: action array from actor -0.009179605171084404 and action is 16 ******
1660859026.933949 -- INFO: Changing concurrency to 16 ******
1660859026.946817 -- INFO: Process Status Bits from change concurrency are: 1 1 1 1 1 1 1 1 1 1 1 1 1 1 1 1 0 0 0 0 0 0 0 0 0 0 0 0 0 0 0 0
1660859026.947121 -- INFO: Start Process :: 15
1660859026.947415 -- INFO: Active CC: 16
1660859026.947457 -- INFO: Start Process :: 14
1660859026.951833 -- INFO: Process 15 get item 18 from queue and executing
1660859026.952387 -- INFO: starting 15, 18, /home/hjamil/Documents/files_bash/FILE14
1660859026.953565 -- INFO: Process 14 get item 30 from queue and executing
1660859026.953832 -- INFO: starting 14, 30, /home/hjamil/Documents/files_bash/FILE16
1660859027.024449 -- INFO: Throughput @74.1s:554.81Mbps, rtt :9.15ms cwnd: 145.2 lossRate: 0.0017698746512305834 CC:16 score:0.39 
1660859028.001813 -- INFO: Throughput @75.1s:649.3Mbps, rtt :9.67ms cwnd: 140.6 lossRate: 0.00035342627135283723 CC:16 score:0.47 
1660859028.996837 -- INFO: Throughput @76.1s:623.34Mbps, rtt :10.38ms cwnd: 141.1 lossRate: 0.0 CC:16 score:0.45 
1660859030.016731 -- INFO: Throughput @77.1s:597.57Mbps, rtt :10.0ms cwnd: 138.7 lossRate: 0.00022901637467078896 CC:16 score:0.43 
1660859030.448562 -- INFO: score [0.47, 0.45, 0.43] ******
1660859030.450639 -- INFO: action array from actor -0.1926141083240509 and action is 14 ******
1660859030.450935 -- INFO: Changing concurrency to 14 ******
1660859030.452629 -- INFO: Process Status Bits from change concurrency are: 1 1 1 1 1 1 1 1 1 1 1 1 1 1 0 0 0 0 0 0 0 0 0 0 0 0 0 0 0 0 0 0
1660859030.454575 -- INFO: Active CC: 14
1660859031.000203 -- INFO: Throughput @78.1s:594.52Mbps, rtt :10.36ms cwnd: 139.9 lossRate: 0.0014659174199853407 CC:14 score:0.44 
1660859031.992222 -- INFO: Throughput @79.1s:550.12Mbps, rtt :9.76ms cwnd: 139.9 lossRate: 0.0 CC:14 score:0.42 
1660859032.994180 -- INFO: Throughput @80.1s:546.06Mbps, rtt :4.33ms cwnd: 22.7 lossRate: 0.002396657405247195 CC:14 score:0.4 
1660859033.955779 -- INFO: score [0.44, 0.42, 0.4] ******
1660859033.957393 -- INFO: action array from actor 0.17045900225639343 and action is 19 ******
1660859033.957522 -- INFO: Changing concurrency to 19 ******
1660859033.959347 -- INFO: Start Process :: 14
1660859033.959466 -- INFO: Start Process :: 16
1660859033.959619 -- INFO: Start Process :: 15
1660859033.959659 -- INFO: Start Process :: 17
1660859033.959993 -- INFO: Start Process :: 18
1660859033.960338 -- INFO: Process Status Bits from change concurrency are: 1 1 1 1 1 1 1 1 1 1 1 1 1 1 1 1 1 1 1 0 0 0 0 0 0 0 0 0 0 0 0 0
1660859033.961176 -- INFO: Process 15 get item 16 from queue and executing
1660859033.961424 -- INFO: Process 18 get item 29 from queue and executing
1660859033.961617 -- INFO: Process 14 get item 8 from queue and executing
1660859033.961712 -- INFO: starting 18, 29, /home/hjamil/Documents/files_bash/FILE0
1660859033.961730 -- INFO: Process 16 get item 31 from queue and executing
1660859033.961941 -- INFO: starting 14, 8, /home/hjamil/Documents/files_bash/FILE29
1660859033.961972 -- INFO: starting 16, 31, /home/hjamil/Documents/files_bash/FILE19
1660859033.962199 -- INFO: Active CC: 19
1660859033.962312 -- INFO: starting 15, 16, /home/hjamil/Documents/files_bash/FILE17
1660859033.962412 -- INFO: Process 17 get item 15 from queue and executing
1660859033.962693 -- INFO: starting 17, 15, /home/hjamil/Documents/files_bash/FILE5
1660859033.983254 -- INFO: Throughput @81.1s:562.73Mbps, rtt :6.14ms cwnd: 39.8 lossRate: 0.0002976886601883944 CC:19 score:0.38 
1660859034.986540 -- INFO: Throughput @82.1s:616.97Mbps, rtt :5.16ms cwnd: 27.1 lossRate: 0.006023873757345061 CC:19 score:0.39 
1660859035.986642 -- INFO: Throughput @83.1s:617.57Mbps, rtt :4.41ms cwnd: 22.1 lossRate: 0.006074296235834551 CC:19 score:0.39 
1660859036.986726 -- INFO: Throughput @84.1s:631.73Mbps, rtt :5.56ms cwnd: 35.7 lossRate: 0.0 CC:19 score:0.43 
1660859037.463463 -- INFO: score [0.39, 0.39, 0.43] ******
1660859037.465425 -- INFO: action array from actor -0.28743866086006165 and action is 12 ******
1660859037.465654 -- INFO: Changing concurrency to 12 ******
1660859037.467677 -- INFO: Process Status Bits from change concurrency are: 1 1 1 1 1 1 1 1 1 1 1 1 0 0 0 0 0 0 0 0 0 0 0 0 0 0 0 0 0 0 0 0
1660859037.468938 -- INFO: Active CC: 12
1660859037.986369 -- INFO: Throughput @85.1s:548.62Mbps, rtt :5.39ms cwnd: 41.0 lossRate: 0 CC:12 score:0.43 
1660859039.020218 -- INFO: Throughput @86.1s:520.0Mbps, rtt :5.41ms cwnd: 45.4 lossRate: 0.0 CC:12 score:0.41 
1660859039.997757 -- INFO: Throughput @87.1s:484.89Mbps, rtt :5.95ms cwnd: 47.2 lossRate: 0.0 CC:12 score:0.38 
1660859040.969796 -- INFO: score [0.43, 0.41, 0.38] ******
1660859040.971307 -- INFO: action array from actor -0.2875794768333435 and action is 12 ******
1660859040.971551 -- INFO: Changing concurrency to 12 ******
1660859040.973853 -- INFO: Process Status Bits from change concurrency are: 1 1 1 1 1 1 1 1 1 1 1 1 0 0 0 0 0 0 0 0 0 0 0 0 0 0 0 0 0 0 0 0
1660859040.976398 -- INFO: Active CC: 12
1660859040.996666 -- INFO: Throughput @88.1s:490.11Mbps, rtt :5.56ms cwnd: 48.6 lossRate: 0.0 CC:12 score:0.39 
1660859041.993099 -- INFO: Throughput @89.1s:515.0Mbps, rtt :5.96ms cwnd: 50.6 lossRate: 0.0 CC:12 score:0.41 
1660859042.992725 -- INFO: Throughput @90.1s:484.94Mbps, rtt :6.01ms cwnd: 55.3 lossRate: 0.0 CC:12 score:0.38 
1660859043.998086 -- INFO: Throughput @91.1s:494.95Mbps, rtt :7.03ms cwnd: 67.8 lossRate: 0.0 CC:12 score:0.39 
1660859044.477402 -- INFO: score [0.41, 0.38, 0.39] ******
1660859044.479068 -- INFO: action array from actor -0.28757232427597046 and action is 12 ******
1660859044.479190 -- INFO: Changing concurrency to 12 ******
1660859044.481891 -- INFO: Process Status Bits from change concurrency are: 1 1 1 1 1 1 1 1 1 1 1 1 0 0 0 0 0 0 0 0 0 0 0 0 0 0 0 0 0 0 0 0
1660859044.484704 -- INFO: Active CC: 12
1660859045.009713 -- INFO: Throughput @92.1s:510.1Mbps, rtt :6.63ms cwnd: 76.9 lossRate: 0.0 CC:12 score:0.4 
1660859046.013600 -- INFO: Throughput @93.1s:485.0Mbps, rtt :6.88ms cwnd: 78.1 lossRate: 0.0 CC:12 score:0.38 
1660859047.010576 -- INFO: Throughput @94.1s:494.97Mbps, rtt :7.83ms cwnd: 84.7 lossRate: 0.0 CC:12 score:0.39 
1660859047.985743 -- INFO: score [0.4, 0.38, 0.39] ******
1660859047.987490 -- INFO: action array from actor -0.19263741374015808 and action is 14 ******
1660859047.987789 -- INFO: Changing concurrency to 14 ******
1660859047.989408 -- INFO: Start Process :: 12
1660859047.990130 -- INFO: Start Process :: 13
1660859047.991020 -- INFO: Process Status Bits from change concurrency are: 1 1 1 1 1 1 1 1 1 1 1 1 1 1 0 0 0 0 0 0 0 0 0 0 0 0 0 0 0 0 0 0
1660859047.991464 -- INFO: Process 12 get item 10 from queue and executing
1660859047.991636 -- INFO: Process 13 get item 12 from queue and executing
1660859047.991857 -- INFO: starting 13, 12, /home/hjamil/Documents/files_bash/FILE22
1660859047.992066 -- INFO: starting 12, 10, /home/hjamil/Documents/files_bash/FILE31
1660859047.993347 -- INFO: Active CC: 14
1660859047.995362 -- INFO: Throughput @95.1s:509.94Mbps, rtt :7.24ms cwnd: 76.9 lossRate: 0.0 CC:12 score:0.4 
1660859049.004593 -- INFO: Throughput @96.1s:550.56Mbps, rtt :7.92ms cwnd: 82.4 lossRate: 0.0 CC:14 score:0.42 
1660859050.028558 -- INFO: Throughput @97.1s:542.22Mbps, rtt :7.07ms cwnd: 80.2 lossRate: 0.00035365828288501947 CC:14 score:0.41 
1660859051.013665 -- INFO: Throughput @98.1s:560.46Mbps, rtt :7.28ms cwnd: 80.5 lossRate: 0.0 CC:14 score:0.42 
1660859051.494544 -- INFO: score [0.42, 0.41, 0.42] ******
1660859051.496357 -- INFO: action array from actor -0.1926143616437912 and action is 14 ******
1660859051.496490 -- INFO: Changing concurrency to 14 ******
1660859051.499211 -- INFO: Process Status Bits from change concurrency are: 1 1 1 1 1 1 1 1 1 1 1 1 1 1 0 0 0 0 0 0 0 0 0 0 0 0 0 0 0 0 0 0
1660859051.501899 -- INFO: Active CC: 14
1660859052.025094 -- INFO: Throughput @99.1s:551.0Mbps, rtt :6.74ms cwnd: 83.8 lossRate: 0.0 CC:14 score:0.42 
1660859052.999253 -- INFO: Throughput @100.1s:551.34Mbps, rtt :7.45ms cwnd: 83.8 lossRate: 0.0 CC:14 score:0.42 
1660859054.020386 -- INFO: Throughput @101.1s:566.11Mbps, rtt :7.62ms cwnd: 83.8 lossRate: 0.00018738678714943054 CC:14 score:0.43 
1660859055.002913 -- INFO: score [0.42, 0.42, 0.43] ******
1660859055.003633 -- INFO: Throughput @102.1s:536.63Mbps, rtt :7.16ms cwnd: 83.8 lossRate: 0.0 CC:14 score:0.41 
1660859055.004762 -- INFO: action array from actor -0.1926141232252121 and action is 14 ******
1660859055.004972 -- INFO: Changing concurrency to 14 ******
1660859055.007391 -- INFO: Process Status Bits from change concurrency are: 1 1 1 1 1 1 1 1 1 1 1 1 1 1 0 0 0 0 0 0 0 0 0 0 0 0 0 0 0 0 0 0
1660859055.009432 -- INFO: Active CC: 14
1660859056.005940 -- INFO: Throughput @103.1s:540.59Mbps, rtt :7.24ms cwnd: 83.8 lossRate: 0.0 CC:14 score:0.41 
1660859057.005416 -- INFO: Throughput @104.1s:560.06Mbps, rtt :7.24ms cwnd: 81.4 lossRate: 0.00033759547622061865 CC:14 score:0.42 
1660859058.005596 -- INFO: Throughput @105.1s:542.67Mbps, rtt :7.16ms cwnd: 81.4 lossRate: 0.0 CC:14 score:0.41 
1660859058.510469 -- INFO: score [0.41, 0.42, 0.41] ******
1660859058.512221 -- INFO: action array from actor -0.1926150768995285 and action is 14 ******
1660859058.512336 -- INFO: Changing concurrency to 14 ******
1660859058.514944 -- INFO: Process Status Bits from change concurrency are: 1 1 1 1 1 1 1 1 1 1 1 1 1 1 0 0 0 0 0 0 0 0 0 0 0 0 0 0 0 0 0 0
1660859058.516687 -- INFO: Active CC: 14
1660859059.007512 -- INFO: Throughput @106.1s:551.06Mbps, rtt :7.33ms cwnd: 82.4 lossRate: 0.0 CC:14 score:0.42 
1660859060.009664 -- INFO: Throughput @107.1s:559.59Mbps, rtt :7.73ms cwnd: 82.4 lossRate: 0.0 CC:14 score:0.42 
1660859061.008452 -- INFO: Throughput @108.1s:536.03Mbps, rtt :7.45ms cwnd: 82.4 lossRate: 0.0 CC:14 score:0.41 
1660859062.008994 -- INFO: Throughput @109.1s:542.11Mbps, rtt :7.58ms cwnd: 82.4 lossRate: 0.0 CC:14 score:0.41 
1660859062.017806 -- INFO: score [0.42, 0.41, 0.41] ******
1660859062.019542 -- INFO: action array from actor -0.19399493932724 and action is 13 ******
1660859062.019682 -- INFO: Changing concurrency to 13 ******
1660859062.022040 -- INFO: Process Status Bits from change concurrency are: 1 1 1 1 1 1 1 1 1 1 1 1 1 0 0 0 0 0 0 0 0 0 0 0 0 0 0 0 0 0 0 0
1660859062.024249 -- INFO: Active CC: 13
1660859063.010745 -- INFO: Throughput @110.1s:550.85Mbps, rtt :8.52ms cwnd: 86.7 lossRate: 0.0 CC:13 score:0.43 
1660859064.017786 -- INFO: Throughput @111.1s:538.09Mbps, rtt :8.37ms cwnd: 86.7 lossRate: 0.0 CC:13 score:0.42 
1660859065.012757 -- INFO: Throughput @112.1s:531.92Mbps, rtt :7.37ms cwnd: 86.9 lossRate: 0.0 CC:13 score:0.41 
1660859065.525420 -- INFO: score [0.43, 0.42, 0.41] ******
1660859065.527346 -- INFO: action array from actor -0.1927018165588379 and action is 14 ******
1660859065.527488 -- INFO: Changing concurrency to 14 ******
1660859065.529481 -- INFO: Start Process :: 13
1660859065.530659 -- INFO: Process Status Bits from change concurrency are: 1 1 1 1 1 1 1 1 1 1 1 1 1 1 0 0 0 0 0 0 0 0 0 0 0 0 0 0 0 0 0 0
1660859065.531453 -- INFO: Process 13 get item 20 from queue and executing
1660859065.531795 -- INFO: starting 13, 20, /home/hjamil/Documents/files_bash/FILE15
1660859065.533509 -- INFO: Active CC: 14
1660859066.012160 -- INFO: Throughput @113.1s:561.51Mbps, rtt :7.47ms cwnd: 82.1 lossRate: 0.00019188538046606827 CC:14 score:0.42 
1660859067.012171 -- INFO: Throughput @114.1s:531.75Mbps, rtt :7.45ms cwnd: 82.3 lossRate: 0.0 CC:14 score:0.4 
1660859068.015320 -- INFO: Throughput @115.1s:550.86Mbps, rtt :7.78ms cwnd: 84.9 lossRate: 0.0 CC:14 score:0.42 
1660859069.015616 -- INFO: Throughput @116.1s:564.84Mbps, rtt :7.73ms cwnd: 85.1 lossRate: 0.0 CC:14 score:0.43 
1660859069.034670 -- INFO: score [0.4, 0.42, 0.43] ******
1660859069.036238 -- INFO: action array from actor -0.19261416792869568 and action is 14 ******
1660859069.036362 -- INFO: Changing concurrency to 14 ******
1660859069.039778 -- INFO: Process Status Bits from change concurrency are: 1 1 1 1 1 1 1 1 1 1 1 1 1 1 0 0 0 0 0 0 0 0 0 0 0 0 0 0 0 0 0 0
1660859069.041281 -- INFO: Active CC: 14
1660859070.018110 -- INFO: Throughput @117.2s:487.57Mbps, rtt :7.46ms cwnd: 85.1 lossRate: 0.0 CC:14 score:0.37 
1660859071.018180 -- INFO: Throughput @118.2s:551.46Mbps, rtt :7.19ms cwnd: 85.1 lossRate: 0.0 CC:14 score:0.42 
1660859072.019735 -- INFO: Throughput @119.2s:559.56Mbps, rtt :8.44ms cwnd: 86.4 lossRate: 0.0 CC:14 score:0.42 
1660859072.542277 -- INFO: score [0.37, 0.42, 0.42] ******
1660859072.543950 -- INFO: action array from actor -0.19261394441127777 and action is 14 ******
1660859072.544089 -- INFO: Changing concurrency to 14 ******
1660859072.546180 -- INFO: Process Status Bits from change concurrency are: 1 1 1 1 1 1 1 1 1 1 1 1 1 1 0 0 0 0 0 0 0 0 0 0 0 0 0 0 0 0 0 0
1660859072.547977 -- INFO: Active CC: 14
1660859073.019188 -- INFO: Throughput @120.2s:533.72Mbps, rtt :8.57ms cwnd: 86.2 lossRate: 0.00019010603692281696 CC:14 score:0.4 
1660859074.021412 -- INFO: Throughput @121.2s:544.96Mbps, rtt :7.54ms cwnd: 86.2 lossRate: 0.0 CC:14 score:0.41 
1660859075.056409 -- INFO: Throughput @122.2s:685.92Mbps, rtt :5.13ms cwnd: 161.0 lossRate: 0.0 CC:14 score:0.52 
1660859076.054476 -- INFO: Throughput @123.2s:670.0Mbps, rtt :3.32ms cwnd: 362.5 lossRate: 0.0 CC:14 score:0.51 
1660859076.071209 -- INFO: score [0.41, 0.52, 0.51] ******
1660859076.072474 -- INFO: action array from actor -0.14457613229751587 and action is 14 ******
1660859076.072574 -- INFO: Changing concurrency to 14 ******
1660859076.073004 -- INFO: Process Status Bits from change concurrency are: 1 1 1 1 1 1 1 1 1 1 1 1 1 1 0 0 0 0 0 0 0 0 0 0 0 0 0 0 0 0 0 0
1660859076.073490 -- INFO: Active CC: 14
1660859077.080448 -- INFO: Throughput @124.2s:655.0Mbps, rtt :4.8ms cwnd: 410.6 lossRate: 0.0 CC:14 score:0.5 
1660859078.056840 -- INFO: Throughput @125.2s:660.0Mbps, rtt :4.93ms cwnd: 412.9 lossRate: 0.0 CC:14 score:0.5 
1660859079.056478 -- INFO: Throughput @126.2s:670.0Mbps, rtt :3.75ms cwnd: 415.5 lossRate: 0.0 CC:14 score:0.51 
1660859079.574480 -- INFO: score [0.5, 0.5, 0.51] ******
1660859079.575870 -- INFO: action array from actor 0.8115152716636658 and action is 29 ******
1660859079.575979 -- INFO: Changing concurrency to 29 ******
1660859079.578040 -- INFO: Process Status Bits from change concurrency are: 1 1 1 1 1 1 1 1 1 1 1 1 1 1 1 1 1 1 1 1 1 1 1 1 1 1 1 1 1 0 0 0
1660859079.578262 -- INFO: Start Process :: 23
1660859079.578357 -- INFO: Start Process :: 15
1660859079.578712 -- INFO: Start Process :: 24
1660859079.578877 -- INFO: Start Process :: 25
1660859079.578876 -- INFO: Start Process :: 21
1660859079.578993 -- INFO: Start Process :: 19
1660859079.579035 -- INFO: Start Process :: 16
1660859079.579370 -- INFO: Start Process :: 26
1660859079.579612 -- INFO: Start Process :: 22
1660859079.579521 -- INFO: Start Process :: 18
1660859079.579752 -- INFO: Start Process :: 17
1660859079.579827 -- INFO: Process 21 get item 24 from queue and executing
1660859079.579761 -- INFO: Start Process :: 20
1660859079.579885 -- INFO: Process 25 get item 25 from queue and executing
1660859079.580010 -- INFO: Start Process :: 27
1660859079.580226 -- INFO: Process 16 get item 27 from queue and executing
1660859079.580451 -- INFO: starting 16, 27, /home/hjamil/Documents/files_bash/FILE26
1660859079.580460 -- INFO: starting 21, 24, /home/hjamil/Documents/files_bash/FILE12
1660859079.580460 -- INFO: Process 23 get item 17 from queue and executing
1660859079.580655 -- INFO: Process 15 get item 22 from queue and executing
1660859079.580672 -- INFO: starting 23, 17, /home/hjamil/Documents/files_bash/FILE23
1660859079.580853 -- INFO: starting 15, 22, /home/hjamil/Documents/files_bash/FILE9
1660859079.580854 -- INFO: starting 25, 25, /home/hjamil/Documents/files_bash/FILE28
1660859079.581207 -- INFO: Process 17 get item 11 from queue and executing
1660859079.581441 -- INFO: starting 17, 11, /home/hjamil/Documents/files_bash/FILE6
1660859079.581690 -- INFO: Start Process :: 14
1660859079.581893 -- INFO: Active CC: 29
1660859079.582189 -- INFO: Process 24 get item 14 from queue and executing
1660859079.582359 -- INFO: Process 26 get item 7 from queue and executing
1660859079.582529 -- INFO: starting 24, 14, /home/hjamil/Documents/files_bash/FILE30
1660859079.582707 -- INFO: starting 26, 7, /home/hjamil/Documents/files_bash/FILE20
1660859079.583127 -- INFO: Process 19 get item 30 from queue and executing
1660859079.583340 -- INFO: starting 19, 30, /home/hjamil/Documents/files_bash/FILE16
1660859079.585175 -- INFO: Process 22 get item 18 from queue and executing
1660859079.585247 -- INFO: Process 18 get item 28 from queue and executing
1660859079.585447 -- INFO: starting 22, 18, /home/hjamil/Documents/files_bash/FILE14
1660859079.585731 -- INFO: starting 18, 28, /home/hjamil/Documents/files_bash/FILE18
1660859079.585916 -- INFO: Process 20 get item 29 from queue and executing
1660859079.585926 -- INFO: Process 14 get item 8 from queue and executing
1660859079.586116 -- INFO: starting 20, 29, /home/hjamil/Documents/files_bash/FILE0
1660859079.586301 -- INFO: starting 14, 8, /home/hjamil/Documents/files_bash/FILE29
1660859079.586593 -- INFO: Process 27 get item 26 from queue and executing
1660859079.586799 -- INFO: starting 27, 26, /home/hjamil/Documents/files_bash/FILE27
1660859079.591562 -- INFO: Start Process :: 28
1660859079.596199 -- INFO: Process 28 get item 15 from queue and executing
1660859079.596489 -- INFO: starting 28, 15, /home/hjamil/Documents/files_bash/FILE5
1660859080.052692 -- INFO: Throughput @127.2s:921.29Mbps, rtt :11.28ms cwnd: 174.8 lossRate: 0.002488756931406366 CC:29 score:0.5 
1660859081.052975 -- INFO: Throughput @128.2s:1023.44Mbps, rtt :9.31ms cwnd: 138.7 lossRate: 0.0025495750708215297 CC:29 score:0.55 
1660859082.028061 -- INFO: Throughput @129.2s:958.76Mbps, rtt :9.88ms cwnd: 128.4 lossRate: 0.0011736340557986452 CC:29 score:0.53 
1660859083.050424 -- INFO: Throughput @130.2s:923.97Mbps, rtt :8.76ms cwnd: 126.2 lossRate: 0.0001939252902819189 CC:29 score:0.52 
1660859083.083339 -- INFO: score [0.55, 0.53, 0.52] ******
1660859083.085391 -- INFO: action array from actor -0.2875794768333435 and action is 12 ******
1660859083.085656 -- INFO: Changing concurrency to 12 ******
1660859083.086068 -- INFO: Process Status Bits from change concurrency are: 1 1 1 1 1 1 1 1 1 1 1 1 0 0 0 0 0 0 0 0 0 0 0 0 0 0 0 0 0 0 0 0
1660859083.086466 -- INFO: Active CC: 12
1660859084.068221 -- INFO: Throughput @131.2s:651.45Mbps, rtt :3.1ms cwnd: 191.2 lossRate: 0 CC:12 score:0.51 
1660859085.048068 -- INFO: Throughput @132.2s:555.0Mbps, rtt :2.39ms cwnd: 194.6 lossRate: 0.0 CC:12 score:0.44 
1660859086.082307 -- INFO: Throughput @133.2s:575.0Mbps, rtt :2.28ms cwnd: 199.7 lossRate: 0.0 CC:12 score:0.45 
1660859086.590529 -- INFO: score [0.51, 0.44, 0.45] ******
1660859086.591843 -- INFO: action array from actor 0.47131115198135376 and action is 24 ******
1660859086.591942 -- INFO: Changing concurrency to 24 ******
1660859086.599289 -- INFO: Start Process :: 13
1660859086.599422 -- INFO: Start Process :: 17
1660859086.599464 -- INFO: Start Process :: 19
1660859086.599345 -- INFO: Start Process :: 14
1660859086.599542 -- INFO: Start Process :: 23
1660859086.599592 -- INFO: Start Process :: 20
1660859086.599649 -- INFO: Start Process :: 22
1660859086.599654 -- INFO: Process Status Bits from change concurrency are: 1 1 1 1 1 1 1 1 1 1 1 1 1 1 1 1 1 1 1 1 1 1 1 1 0 0 0 0 0 0 0 0
1660859086.599804 -- INFO: Start Process :: 18
1660859086.600199 -- INFO: Start Process :: 16
1660859086.600332 -- INFO: Process 13 get item 31 from queue and executing
1660859086.600505 -- INFO: Process 19 get item 16 from queue and executing
1660859086.600778 -- INFO: starting 13, 31, /home/hjamil/Documents/files_bash/FILE19
1660859086.600762 -- INFO: Process 23 get item 28 from queue and executing
1660859086.600879 -- INFO: Process 17 get item 12 from queue and executing
1660859086.600803 -- INFO: starting 19, 16, /home/hjamil/Documents/files_bash/FILE17
1660859086.601167 -- INFO: Process 18 get item 30 from queue and executing
1660859086.601245 -- INFO: starting 23, 28, /home/hjamil/Documents/files_bash/FILE18
1660859086.601359 -- INFO: Process 20 get item 14 from queue and executing
1660859086.600936 -- INFO: Process 22 get item 26 from queue and executing
1660859086.601515 -- INFO: Active CC: 24
1660859086.601667 -- INFO: starting 20, 14, /home/hjamil/Documents/files_bash/FILE30
1660859086.601018 -- INFO: Process 14 get item 8 from queue and executing
1660859086.601012 -- INFO: Start Process :: 21
1660859086.601376 -- INFO: starting 18, 30, /home/hjamil/Documents/files_bash/FILE16
1660859086.610851 -- INFO: starting 14, 8, /home/hjamil/Documents/files_bash/FILE29
1660859086.601714 -- INFO: starting 22, 26, /home/hjamil/Documents/files_bash/FILE27
1660859086.601725 -- INFO: Start Process :: 12
1660859086.601610 -- INFO: starting 17, 12, /home/hjamil/Documents/files_bash/FILE22
1660859086.603269 -- INFO: Process 16 get item 25 from queue and executing
1660859086.611625 -- INFO: starting 16, 25, /home/hjamil/Documents/files_bash/FILE28
1660859086.611889 -- INFO: Process 21 get item 15 from queue and executing
1660859086.612076 -- INFO: starting 21, 15, /home/hjamil/Documents/files_bash/FILE5
1660859086.602839 -- INFO: Start Process :: 15
1660859086.616817 -- INFO: Process 15 get item 29 from queue and executing
1660859086.617052 -- INFO: starting 15, 29, /home/hjamil/Documents/files_bash/FILE0
1660859086.618811 -- INFO: Process 12 get item 18 from queue and executing
1660859086.619142 -- INFO: starting 12, 18, /home/hjamil/Documents/files_bash/FILE14
1660859087.067891 -- INFO: Throughput @134.2s:808.15Mbps, rtt :8.53ms cwnd: 124.5 lossRate: 0.0005202585527352987 CC:24 score:0.5 
1660859088.060823 -- INFO: Throughput @135.2s:1012.73Mbps, rtt :9.09ms cwnd: 112.8 lossRate: 0.000645033244021038 CC:24 score:0.62 
1660859089.057235 -- INFO: Throughput @136.2s:968.72Mbps, rtt :7.13ms cwnd: 107.4 lossRate: 0.00039047739009950876 CC:24 score:0.6 
1660859090.065477 -- INFO: Throughput @137.2s:953.97Mbps, rtt :8.37ms cwnd: 104.2 lossRate: 0.0003315690584666773 CC:24 score:0.59 
1660859090.123196 -- INFO: score [0.62, 0.6, 0.59] ******
1660859090.124674 -- INFO: action array from actor -0.2875794768333435 and action is 12 ******
1660859090.124945 -- INFO: Changing concurrency to 12 ******
1660859090.125396 -- INFO: Process Status Bits from change concurrency are: 1 1 1 1 1 1 1 1 1 1 1 1 0 0 0 0 0 0 0 0 0 0 0 0 0 0 0 0 0 0 0 0
1660859090.125815 -- INFO: Active CC: 12
1660859091.070666 -- INFO: Throughput @138.2s:631.4Mbps, rtt :1.83ms cwnd: 145.5 lossRate: 0 CC:12 score:0.5 
1660859092.056198 -- INFO: Throughput @139.2s:575.0Mbps, rtt :1.26ms cwnd: 151.9 lossRate: 0.0 CC:12 score:0.45 
1660859093.072230 -- INFO: Throughput @140.2s:570.0Mbps, rtt :1.78ms cwnd: 157.6 lossRate: 0.0 CC:12 score:0.45 
1660859093.636961 -- INFO: score [0.5, 0.45, 0.45] ******
1660859093.638714 -- INFO: action array from actor -0.1924436390399933 and action is 14 ******
1660859093.638863 -- INFO: Changing concurrency to 14 ******
1660859093.639225 -- INFO: Process Status Bits from change concurrency are: 1 1 1 1 1 1 1 1 1 1 1 1 1 1 0 0 0 0 0 0 0 0 0 0 0 0 0 0 0 0 0 0
1660859093.639281 -- INFO: Start Process :: 13
1660859093.639738 -- INFO: Active CC: 14
1660859093.640071 -- INFO: Process 13 get item 24 from queue and executing
1660859093.640266 -- INFO: starting 13, 24, /home/hjamil/Documents/files_bash/FILE12
1660859093.640407 -- INFO: Start Process :: 12
1660859093.644003 -- INFO: Process 12 get item 22 from queue and executing
1660859093.645236 -- INFO: starting 12, 22, /home/hjamil/Documents/files_bash/FILE9
1660859094.106205 -- INFO: Throughput @141.2s:595.0Mbps, rtt :3.68ms cwnd: 153.1 lossRate: 0.0 CC:14 score:0.45 
1660859095.092306 -- INFO: Throughput @142.2s:670.0Mbps, rtt :2.71ms cwnd: 167.4 lossRate: 0.0 CC:14 score:0.51 
1660859096.092358 -- INFO: Throughput @143.2s:655.0Mbps, rtt :1.88ms cwnd: 182.0 lossRate: 0.0 CC:14 score:0.5 
1660859097.068732 -- INFO: Throughput @144.2s:660.0Mbps, rtt :1.7ms cwnd: 192.4 lossRate: 0.0 CC:14 score:0.5 
1660859097.147453 -- INFO: score [0.51, 0.5, 0.5] ******
1660859097.149317 -- INFO: action array from actor 0.05701397359371185 and action is 17 ******
1660859097.149587 -- INFO: Changing concurrency to 17 ******
1660859097.163133 -- INFO: Start Process :: 14
1660859097.163167 -- INFO: Process Status Bits from change concurrency are: 1 1 1 1 1 1 1 1 1 1 1 1 1 1 1 1 1 0 0 0 0 0 0 0 0 0 0 0 0 0 0 0
1660859097.163740 -- INFO: Active CC: 17
1660859097.166663 -- INFO: Start Process :: 16
1660859097.166661 -- INFO: Start Process :: 15
1660859097.167947 -- INFO: Process 14 get item 27 from queue and executing
1660859097.168223 -- INFO: starting 14, 27, /home/hjamil/Documents/files_bash/FILE26
1660859097.170914 -- INFO: Process 15 get item 11 from queue and executing
1660859097.171270 -- INFO: starting 15, 11, /home/hjamil/Documents/files_bash/FILE6
1660859097.185024 -- INFO: Process 16 get item 7 from queue and executing
1660859097.185397 -- INFO: starting 16, 7, /home/hjamil/Documents/files_bash/FILE20
1660859098.092690 -- INFO: Throughput @145.2s:790.0Mbps, rtt :3.59ms cwnd: 188.5 lossRate: 0.0 CC:17 score:0.56 
1660859099.089192 -- INFO: Throughput @146.2s:785.0Mbps, rtt :3.26ms cwnd: 202.5 lossRate: 0.0 CC:17 score:0.56 
1660859100.069032 -- INFO: Throughput @147.2s:785.0Mbps, rtt :3.61ms cwnd: 220.8 lossRate: 0.0 CC:17 score:0.56 
1660859100.671174 -- INFO: score [0.56, 0.56, 0.56] ******
1660859100.672630 -- INFO: action array from actor -0.19002091884613037 and action is 14 ******
1660859100.672852 -- INFO: Changing concurrency to 14 ******
1660859100.690750 -- INFO: Process Status Bits from change concurrency are: 1 1 1 1 1 1 1 1 1 1 1 1 1 1 0 0 0 0 0 0 0 0 0 0 0 0 0 0 0 0 0 0
1660859100.694848 -- INFO: Active CC: 14
1660859101.068630 -- INFO: Throughput @148.2s:745.0Mbps, rtt :2.43ms cwnd: 215.7 lossRate: 0.0 CC:14 score:0.56 
1660859102.080299 -- INFO: Throughput @149.2s:665.0Mbps, rtt :3.23ms cwnd: 223.8 lossRate: 0.0 CC:14 score:0.5 
1660859103.064007 -- INFO: Throughput @150.2s:640.0Mbps, rtt :2.99ms cwnd: 228.4 lossRate: 0.0 CC:14 score:0.49 
1660859104.120720 -- INFO: Throughput @151.2s:670.0Mbps, rtt :2.18ms cwnd: 232.3 lossRate: 0.0 CC:14 score:0.51 
1660859104.204264 -- INFO: score [0.5, 0.49, 0.51] ******
1660859104.216132 -- INFO: action array from actor 0.6628161072731018 and action is 27 ******
1660859104.217830 -- INFO: Changing concurrency to 27 ******
1660859104.220819 -- INFO: Start Process :: 14
1660859104.220885 -- INFO: Start Process :: 17
1660859104.221059 -- INFO: Start Process :: 16
1660859104.221103 -- INFO: Start Process :: 15
1660859104.221600 -- INFO: Process Status Bits from change concurrency are: 1 1 1 1 1 1 1 1 1 1 1 1 1 1 1 1 1 1 1 1 1 1 1 1 1 1 1 0 0 0 0 0
1660859104.221708 -- INFO: Start Process :: 21
1660859104.221812 -- INFO: Start Process :: 20
1660859104.222374 -- INFO: Start Process :: 26
1660859104.222523 -- INFO: Process 16 get item 10 from queue and executing
1660859104.222540 -- INFO: Process 17 get item 17 from queue and executing
1660859104.222653 -- INFO: Start Process :: 25
1660859104.222709 -- INFO: Process 14 get item 15 from queue and executing
1660859104.222771 -- INFO: Process 21 get item 28 from queue and executing
1660859104.222802 -- INFO: Process 15 get item 20 from queue and executing
1660859104.222999 -- INFO: starting 15, 20, /home/hjamil/Documents/files_bash/FILE15
1660859104.223014 -- INFO: starting 17, 17, /home/hjamil/Documents/files_bash/FILE23
1660859104.223043 -- INFO: starting 16, 10, /home/hjamil/Documents/files_bash/FILE31
1660859104.223112 -- INFO: Start Process :: 23
1660859104.223212 -- INFO: Active CC: 27
1660859104.223218 -- INFO: Start Process :: 18
1660859104.223566 -- INFO: Process 26 get item 29 from queue and executing
1660859104.223801 -- INFO: starting 26, 29, /home/hjamil/Documents/files_bash/FILE0
1660859104.224182 -- INFO: starting 21, 28, /home/hjamil/Documents/files_bash/FILE18
1660859104.224242 -- INFO: Process 20 get item 18 from queue and executing
1660859104.224504 -- INFO: Start Process :: 24
1660859104.224303 -- INFO: Process 25 get item 12 from queue and executing
1660859104.224527 -- INFO: starting 14, 15, /home/hjamil/Documents/files_bash/FILE5
1660859104.225115 -- INFO: starting 20, 18, /home/hjamil/Documents/files_bash/FILE14
1660859104.225650 -- INFO: Process 23 get item 25 from queue and executing
1660859104.226028 -- INFO: starting 23, 25, /home/hjamil/Documents/files_bash/FILE28
1660859104.225693 -- INFO: starting 25, 12, /home/hjamil/Documents/files_bash/FILE22
1660859104.225794 -- INFO: Process 18 get item 8 from queue and executing
1660859104.226484 -- INFO: starting 18, 8, /home/hjamil/Documents/files_bash/FILE29
1660859104.227086 -- INFO: Start Process :: 19
1660859104.227387 -- INFO: Start Process :: 22
1660859104.228522 -- INFO: Process 24 get item 31 from queue and executing
1660859104.229120 -- INFO: Process 19 get item 30 from queue and executing
1660859104.229318 -- INFO: starting 19, 30, /home/hjamil/Documents/files_bash/FILE16
1660859104.229975 -- INFO: Process 22 get item 14 from queue and executing
1660859104.230166 -- INFO: starting 22, 14, /home/hjamil/Documents/files_bash/FILE30
1660859104.230619 -- INFO: starting 24, 31, /home/hjamil/Documents/files_bash/FILE19
1660859105.073579 -- INFO: Throughput @152.2s:1011.53Mbps, rtt :7.04ms cwnd: 116.8 lossRate: 0.0014934758685741236 CC:27 score:0.58 
1660859106.081592 -- INFO: Throughput @153.2s:983.4Mbps, rtt :8.38ms cwnd: 109.6 lossRate: 0.0007130436958180613 CC:27 score:0.57 
1660859107.077135 -- INFO: Throughput @154.2s:929.44Mbps, rtt :6.98ms cwnd: 111.2 lossRate: 0.00011168331575355215 CC:27 score:0.54 
1660859107.734155 -- INFO: score [0.58, 0.57, 0.54] ******
1660859107.737011 -- INFO: action array from actor -0.2875794768333435 and action is 12 ******
1660859107.737670 -- INFO: Changing concurrency to 12 ******
1660859107.752390 -- INFO: Process Status Bits from change concurrency are: 1 1 1 1 1 1 1 1 1 1 1 1 0 0 0 0 0 0 0 0 0 0 0 0 0 0 0 0 0 0 0 0
1660859107.760488 -- INFO: Active CC: 12
1660859108.084557 -- INFO: Throughput @155.2s:866.92Mbps, rtt :6.87ms cwnd: 151.8 lossRate: 0 CC:12 score:0.68 
1660859109.088220 -- INFO: Throughput @156.2s:590.0Mbps, rtt :1.91ms cwnd: 156.1 lossRate: 0 CC:12 score:0.47 
1660859110.091857 -- INFO: Throughput @157.2s:560.0Mbps, rtt :2.24ms cwnd: 163.2 lossRate: 0.0 CC:12 score:0.44 
1660859111.103161 -- INFO: Throughput @158.2s:555.0Mbps, rtt :4.14ms cwnd: 169.6 lossRate: 0.0 CC:12 score:0.44 
1660859111.267405 -- INFO: score [0.47, 0.44, 0.44] ******
1660859111.269109 -- INFO: action array from actor 0.00858757272362709 and action is 17 ******
1660859111.274590 -- INFO: Changing concurrency to 17 ******
1660859111.276463 -- INFO: Process Status Bits from change concurrency are: 1 1 1 1 1 1 1 1 1 1 1 1 1 1 1 1 1 0 0 0 0 0 0 0 0 0 0 0 0 0 0 0
1660859111.276544 -- INFO: Start Process :: 12
1660859111.276730 -- INFO: Start Process :: 15
1660859111.277939 -- INFO: Process 15 get item 16 from queue and executing
1660859111.278509 -- INFO: starting 15, 16, /home/hjamil/Documents/files_bash/FILE17
1660859111.278786 -- INFO: Process 12 get item 26 from queue and executing
1660859111.279933 -- INFO: starting 12, 26, /home/hjamil/Documents/files_bash/FILE27
1660859111.281024 -- INFO: Active CC: 17
1660859111.290671 -- INFO: Start Process :: 13
1660859111.291926 -- INFO: Start Process :: 14
1660859111.294627 -- INFO: Process 13 get item 7 from queue and executing
1660859111.295025 -- INFO: starting 13, 7, /home/hjamil/Documents/files_bash/FILE20
1660859111.301482 -- INFO: Process 14 get item 11 from queue and executing
1660859111.301725 -- INFO: starting 14, 11, /home/hjamil/Documents/files_bash/FILE6
1660859111.302252 -- INFO: Start Process :: 16
1660859111.307165 -- INFO: Process 16 get item 27 from queue and executing
1660859111.312039 -- INFO: starting 16, 27, /home/hjamil/Documents/files_bash/FILE26
1660859112.119546 -- INFO: Throughput @159.2s:785.0Mbps, rtt :4.1ms cwnd: 156.1 lossRate: 0.0 CC:17 score:0.56 
1660859113.117316 -- INFO: Throughput @160.2s:785.0Mbps, rtt :2.75ms cwnd: 177.5 lossRate: 0.0 CC:17 score:0.56 
1660859114.108577 -- INFO: Throughput @161.2s:780.0Mbps, rtt :4.15ms cwnd: 192.5 lossRate: 0.0 CC:17 score:0.56 
1660859114.791062 -- INFO: score [0.56, 0.56, 0.56] ******
1660859114.792875 -- INFO: action array from actor -0.1926129311323166 and action is 14 ******
1660859114.793129 -- INFO: Changing concurrency to 14 ******
1660859114.793599 -- INFO: Process Status Bits from change concurrency are: 1 1 1 1 1 1 1 1 1 1 1 1 1 1 0 0 0 0 0 0 0 0 0 0 0 0 0 0 0 0 0 0
1660859114.794104 -- INFO: Active CC: 14
1660859115.096552 -- INFO: Throughput @162.2s:760.0Mbps, rtt :2.35ms cwnd: 190.6 lossRate: 0.0 CC:14 score:0.58 
1660859116.088645 -- INFO: Throughput @163.2s:670.0Mbps, rtt :2.9ms cwnd: 196.6 lossRate: 0.0 CC:14 score:0.51 
1660859117.074233 -- INFO: Throughput @164.2s:665.0Mbps, rtt :2.5ms cwnd: 210.1 lossRate: 0.0 CC:14 score:0.5 
1660859118.099862 -- INFO: Throughput @165.2s:660.0Mbps, rtt :2.05ms cwnd: 213.6 lossRate: 0.0 CC:14 score:0.5 
1660859118.296689 -- INFO: score [0.51, 0.5, 0.5] ******
1660859118.298134 -- INFO: action array from actor 0.089270681142807 and action is 18 ******
1660859118.298366 -- INFO: Changing concurrency to 18 ******
1660859118.310847 -- INFO: Process Status Bits from change concurrency are: 1 1 1 1 1 1 1 1 1 1 1 1 1 1 1 1 1 1 0 0 0 0 0 0 0 0 0 0 0 0 0 0
1660859118.311156 -- INFO: Start Process :: 17
1660859118.311516 -- INFO: Active CC: 18
1660859118.311488 -- INFO: Start Process :: 14
1660859118.311594 -- INFO: Start Process :: 16
1660859118.312773 -- INFO: Process 16 get item 17 from queue and executing
1660859118.312945 -- INFO: starting 16, 17, /home/hjamil/Documents/files_bash/FILE23
1660859118.313261 -- INFO: Process 17 get item 12 from queue and executing
1660859118.313412 -- INFO: starting 17, 12, /home/hjamil/Documents/files_bash/FILE22
1660859118.313995 -- INFO: Process 14 get item 20 from queue and executing
1660859118.314198 -- INFO: starting 14, 20, /home/hjamil/Documents/files_bash/FILE15
1660859118.314753 -- INFO: Start Process :: 15
1660859118.318364 -- INFO: Process 15 get item 25 from queue and executing
1660859118.318623 -- INFO: starting 15, 25, /home/hjamil/Documents/files_bash/FILE28
1660859119.100744 -- INFO: Throughput @166.2s:790.0Mbps, rtt :3.72ms cwnd: 198.3 lossRate: 0.0 CC:18 score:0.55 
1660859120.092875 -- INFO: Throughput @167.2s:845.0Mbps, rtt :3.55ms cwnd: 210.3 lossRate: 0.0 CC:18 score:0.59 
1660859121.065312 -- INFO: Throughput @168.2s:830.0Mbps, rtt :3.37ms cwnd: 219.2 lossRate: 0.0 CC:18 score:0.58 
1660859121.827694 -- INFO: score [0.55, 0.59, 0.58] ******
1660859121.829539 -- INFO: action array from actor -0.15866850316524506 and action is 14 ******
1660859121.834854 -- INFO: Changing concurrency to 14 ******
1660859121.841405 -- INFO: Process Status Bits from change concurrency are: 1 1 1 1 1 1 1 1 1 1 1 1 1 1 0 0 0 0 0 0 0 0 0 0 0 0 0 0 0 0 0 0
1660859121.851394 -- INFO: Active CC: 14
1660859122.100441 -- INFO: Throughput @169.2s:800.0Mbps, rtt :2.54ms cwnd: 231.5 lossRate: 0.0 CC:14 score:0.61 
1660859123.081498 -- INFO: Throughput @170.2s:660.0Mbps, rtt :1.97ms cwnd: 236.3 lossRate: 0.0 CC:14 score:0.5 
1660859123.342547 -- INFO: Process 7 finished on working on file 3 
1660859123.343101 -- INFO: Process 7 get item 10 from queue and executing
1660859123.343457 -- INFO: starting 7, 10, /home/hjamil/Documents/files_bash/FILE31
1660859124.095994 -- INFO: Throughput @171.2s:670.0Mbps, rtt :3.84ms cwnd: 241.1 lossRate: 0.0 CC:14 score:0.51 
1660859125.112468 -- INFO: Throughput @172.2s:650.0Mbps, rtt :2.5ms cwnd: 246.4 lossRate: 0.0 CC:14 score:0.49 
1660859125.379245 -- INFO: score [0.5, 0.51, 0.49] ******
1660859125.380600 -- INFO: action array from actor 0.4962320327758789 and action is 24 ******
1660859125.380713 -- INFO: Changing concurrency to 24 ******
1660859125.406796 -- INFO: Start Process :: 14
1660859125.406794 -- INFO: Process Status Bits from change concurrency are: 1 1 1 1 1 1 1 1 1 1 1 1 1 1 1 1 1 1 1 1 1 1 1 1 0 0 0 0 0 0 0 0
1660859125.406946 -- INFO: Start Process :: 16
1660859125.407072 -- INFO: Start Process :: 19
1660859125.407604 -- INFO: Process 14 get item 28 from queue and executing
1660859125.407196 -- INFO: Start Process :: 21
1660859125.407447 -- INFO: Start Process :: 15
1660859125.407501 -- INFO: Start Process :: 17
1660859125.407581 -- INFO: Start Process :: 23
1660859125.407940 -- INFO: Start Process :: 22
1660859125.408011 -- INFO: Active CC: 24
1660859125.408388 -- INFO: starting 14, 28, /home/hjamil/Documents/files_bash/FILE18
1660859125.408798 -- INFO: Process 23 get item 18 from queue and executing
1660859125.408932 -- INFO: Process 19 get item 8 from queue and executing
1660859125.410594 -- INFO: Start Process :: 18
1660859125.411062 -- INFO: Process 15 get item 15 from queue and executing
1660859125.411130 -- INFO: Process 22 get item 31 from queue and executing
1660859125.411127 -- INFO: Process 17 get item 14 from queue and executing
1660859125.411285 -- INFO: Start Process :: 20
1660859125.411504 -- INFO: starting 22, 31, /home/hjamil/Documents/files_bash/FILE19
1660859125.411642 -- INFO: starting 23, 18, /home/hjamil/Documents/files_bash/FILE14
1660859125.411860 -- INFO: starting 15, 15, /home/hjamil/Documents/files_bash/FILE5
1660859125.411913 -- INFO: starting 19, 8, /home/hjamil/Documents/files_bash/FILE29
1660859125.412472 -- INFO: starting 17, 14, /home/hjamil/Documents/files_bash/FILE30
1660859125.412525 -- INFO: Process 20 get item 29 from queue and executing
1660859125.411292 -- INFO: Process 16 get item 30 from queue and executing
1660859125.412954 -- INFO: starting 20, 29, /home/hjamil/Documents/files_bash/FILE0
1660859125.413047 -- INFO: starting 16, 30, /home/hjamil/Documents/files_bash/FILE16
1660859125.413796 -- INFO: Process 18 get item 22 from queue and executing
1660859125.415834 -- INFO: starting 18, 22, /home/hjamil/Documents/files_bash/FILE9
1660859125.414920 -- INFO: Process 21 get item 24 from queue and executing
1660859125.418997 -- INFO: starting 21, 24, /home/hjamil/Documents/files_bash/FILE12
1660859125.767169 -- INFO: Process 10 finished on working on file 19 
1660859125.769991 -- INFO: Process 10 get item 27 from queue and executing
1660859125.770571 -- INFO: starting 10, 27, /home/hjamil/Documents/files_bash/FILE26
1660859126.116963 -- INFO: Throughput @173.2s:935.47Mbps, rtt :10.07ms cwnd: 142.9 lossRate: 0.00112321073899048 CC:24 score:0.57 
1660859126.178685 -- INFO: Process 2 finished on working on file 2 
1660859126.186802 -- INFO: Process 2 get item 16 from queue and executing
1660859126.191338 -- INFO: starting 2, 16, /home/hjamil/Documents/files_bash/FILE17
1660859126.486548 -- INFO: Process 4 finished on working on file 21 
1660859126.518550 -- INFO: Process 4 get item 11 from queue and executing
1660859126.518879 -- INFO: starting 4, 11, /home/hjamil/Documents/files_bash/FILE6
1660859127.085438 -- INFO: Throughput @174.2s:1032.44Mbps, rtt :9.94ms cwnd: 131.0 lossRate: 0.001249258647015029 CC:24 score:0.63 
1660859127.150556 -- INFO: Process 5 finished on working on file 5 
1660859127.151117 -- INFO: Process 5 get item 12 from queue and executing
1660859127.151402 -- INFO: starting 5, 12, /home/hjamil/Documents/files_bash/FILE22
1660859127.571671 -- INFO: Process 1 finished on working on file 1 
1660859127.572325 -- INFO: Process 1 get item 17 from queue and executing
1660859127.572686 -- INFO: starting 1, 17, /home/hjamil/Documents/files_bash/FILE23
1660859127.630544 -- INFO: Process 11 finished on working on file 4 
1660859127.631077 -- INFO: Process 11 get item 25 from queue and executing
1660859127.702345 -- INFO: starting 11, 25, /home/hjamil/Documents/files_bash/FILE28
1660859128.093697 -- INFO: Throughput @175.2s:938.3Mbps, rtt :7.65ms cwnd: 124.2 lossRate: 0.0008964865097201242 CC:24 score:0.57 
1660859128.909562 -- INFO: score [0.57, 0.63, 0.57] ******
1660859128.911078 -- INFO: action array from actor -0.19262564182281494 and action is 14 ******
1660859128.911310 -- INFO: Changing concurrency to 14 ******
1660859128.911698 -- INFO: Process Status Bits from change concurrency are: 1 1 1 1 1 1 1 1 1 1 1 1 1 1 0 0 0 0 0 0 0 0 0 0 0 0 0 0 0 0 0 0
1660859128.912048 -- INFO: Active CC: 14
1660859129.104360 -- INFO: Throughput @176.2s:926.93Mbps, rtt :7.93ms cwnd: 148.0 lossRate: 0 CC:14 score:0.7 
1660859130.104159 -- INFO: Throughput @177.2s:695.0Mbps, rtt :2.69ms cwnd: 165.1 lossRate: 0.0 CC:14 score:0.53 
1660859131.115948 -- INFO: Throughput @178.2s:665.0Mbps, rtt :1.79ms cwnd: 169.4 lossRate: 0.0 CC:14 score:0.5 
1660859132.089035 -- INFO: Throughput @179.2s:655.0Mbps, rtt :1.82ms cwnd: 173.1 lossRate: 0.0 CC:14 score:0.5 
1660859132.415534 -- INFO: score [0.53, 0.5, 0.5] ******
1660859132.417195 -- INFO: action array from actor -0.19258765876293182 and action is 14 ******
1660859132.417325 -- INFO: Changing concurrency to 14 ******
1660859132.427393 -- INFO: Process Status Bits from change concurrency are: 1 1 1 1 1 1 1 1 1 1 1 1 1 1 0 0 0 0 0 0 0 0 0 0 0 0 0 0 0 0 0 0
1660859132.427999 -- INFO: Active CC: 14
1660859133.100347 -- INFO: Throughput @180.2s:655.0Mbps, rtt :2.6ms cwnd: 176.4 lossRate: 0.0 CC:14 score:0.5 
1660859134.129189 -- INFO: Throughput @181.2s:665.0Mbps, rtt :1.86ms cwnd: 179.7 lossRate: 0.0 CC:14 score:0.5 
1660859135.112362 -- INFO: Throughput @182.2s:665.0Mbps, rtt :2.37ms cwnd: 183.8 lossRate: 0.0 CC:14 score:0.5 
1660859135.928940 -- INFO: score [0.5, 0.5, 0.5] ******
1660859135.930550 -- INFO: action array from actor 0.025464683771133423 and action is 17 ******
1660859135.930828 -- INFO: Changing concurrency to 17 ******
1660859135.943326 -- INFO: Process Status Bits from change concurrency are: 1 1 1 1 1 1 1 1 1 1 1 1 1 1 1 1 1 0 0 0 0 0 0 0 0 0 0 0 0 0 0 0
1660859135.943837 -- INFO: Start Process :: 14
1660859135.944114 -- INFO: Active CC: 17
1660859135.944280 -- INFO: Start Process :: 16
1660859135.945126 -- INFO: Start Process :: 15
1660859135.946377 -- INFO: Process 16 get item 31 from queue and executing
1660859135.946609 -- INFO: starting 16, 31, /home/hjamil/Documents/files_bash/FILE19
1660859135.947067 -- INFO: Process 15 get item 24 from queue and executing
1660859135.947243 -- INFO: starting 15, 24, /home/hjamil/Documents/files_bash/FILE12
1660859135.947429 -- INFO: Process 14 get item 20 from queue and executing
1660859135.947674 -- INFO: starting 14, 20, /home/hjamil/Documents/files_bash/FILE15
1660859136.101000 -- INFO: Throughput @183.2s:690.0Mbps, rtt :2.04ms cwnd: 168.2 lossRate: 0.0 CC:17 score:0.49 
1660859137.100432 -- INFO: Throughput @184.2s:800.0Mbps, rtt :2.26ms cwnd: 185.7 lossRate: 0.0 CC:17 score:0.57 
1660859138.112521 -- INFO: Throughput @185.2s:785.0Mbps, rtt :3.56ms cwnd: 192.3 lossRate: 0.0 CC:17 score:0.56 
1660859139.118227 -- INFO: Throughput @186.2s:800.0Mbps, rtt :2.95ms cwnd: 206.4 lossRate: 0.0 CC:17 score:0.57 
1660859139.469450 -- INFO: score [0.57, 0.56, 0.57] ******
1660859139.473793 -- INFO: action array from actor -0.19179725646972656 and action is 14 ******
1660859139.484226 -- INFO: Changing concurrency to 14 ******
1660859139.487437 -- INFO: Process Status Bits from change concurrency are: 1 1 1 1 1 1 1 1 1 1 1 1 1 1 0 0 0 0 0 0 0 0 0 0 0 0 0 0 0 0 0 0
1660859139.491978 -- INFO: Active CC: 14
1660859140.136853 -- INFO: Throughput @187.2s:720.0Mbps, rtt :2.64ms cwnd: 198.9 lossRate: 0.0 CC:14 score:0.55 
1660859141.083756 -- INFO: Throughput @188.2s:665.0Mbps, rtt :2.02ms cwnd: 201.9 lossRate: 0.0 CC:14 score:0.5 
1660859142.124436 -- INFO: Throughput @189.2s:640.0Mbps, rtt :2.05ms cwnd: 205.8 lossRate: 0.0 CC:14 score:0.49 
1660859143.007077 -- INFO: score [0.55, 0.5, 0.49] ******
1660859143.009194 -- INFO: action array from actor 0.3476182222366333 and action is 22 ******
1660859143.009463 -- INFO: Changing concurrency to 22 ******
1660859143.009981 -- INFO: Process Status Bits from change concurrency are: 1 1 1 1 1 1 1 1 1 1 1 1 1 1 1 1 1 1 1 1 1 1 0 0 0 0 0 0 0 0 0 0
1660859143.010056 -- INFO: Start Process :: 14
1660859143.010441 -- INFO: Active CC: 22
1660859143.010503 -- INFO: Start Process :: 16
1660859143.010744 -- INFO: Process 14 get item 18 from queue and executing
1660859143.010735 -- INFO: Start Process :: 17
1660859143.010984 -- INFO: Start Process :: 18
1660859143.010838 -- INFO: Start Process :: 21
1660859143.011061 -- INFO: Start Process :: 20
1660859143.011438 -- INFO: starting 14, 18, /home/hjamil/Documents/files_bash/FILE14
1660859143.012167 -- INFO: Process 16 get item 15 from queue and executing
1660859143.012546 -- INFO: starting 16, 15, /home/hjamil/Documents/files_bash/FILE5
1660859143.012493 -- INFO: Process 17 get item 28 from queue and executing
1660859143.012869 -- INFO: starting 17, 28, /home/hjamil/Documents/files_bash/FILE18
1660859143.014804 -- INFO: Process 18 get item 22 from queue and executing
1660859143.015098 -- INFO: starting 18, 22, /home/hjamil/Documents/files_bash/FILE9
1660859143.015098 -- INFO: Process 20 get item 14 from queue and executing
1660859143.013116 -- INFO: Start Process :: 19
1660859143.019125 -- INFO: starting 20, 14, /home/hjamil/Documents/files_bash/FILE30
1660859143.019610 -- INFO: Start Process :: 15
1660859143.022600 -- INFO: Process 21 get item 30 from queue and executing
1660859143.022874 -- INFO: starting 21, 30, /home/hjamil/Documents/files_bash/FILE16
1660859143.029654 -- INFO: Process 15 get item 29 from queue and executing
1660859143.030669 -- INFO: starting 15, 29, /home/hjamil/Documents/files_bash/FILE0
1660859143.031225 -- INFO: Process 19 get item 8 from queue and executing
1660859143.032103 -- INFO: starting 19, 8, /home/hjamil/Documents/files_bash/FILE29
1660859143.132641 -- INFO: Throughput @190.2s:707.7Mbps, rtt :5.13ms cwnd: 153.7 lossRate: 0.0 CC:22 score:0.46 
1660859144.120790 -- INFO: Throughput @191.2s:980.42Mbps, rtt :7.52ms cwnd: 148.9 lossRate: 0.000866497493346537 CC:22 score:0.63 
1660859145.137439 -- INFO: Throughput @192.2s:961.3Mbps, rtt :8.14ms cwnd: 161.2 lossRate: 9.776843546061154e-05 CC:22 score:0.62 
1660859146.110542 -- INFO: Throughput @193.2s:932.8Mbps, rtt :7.72ms cwnd: 162.1 lossRate: 0.00014090641252273718 CC:22 score:0.6 
1660859146.527202 -- INFO: score [0.63, 0.62, 0.6] ******
1660859146.528664 -- INFO: action array from actor -0.19261473417282104 and action is 14 ******
1660859146.528792 -- INFO: Changing concurrency to 14 ******
1660859146.529366 -- INFO: Process Status Bits from change concurrency are: 1 1 1 1 1 1 1 1 1 1 1 1 1 1 0 0 0 0 0 0 0 0 0 0 0 0 0 0 0 0 0 0
1660859146.529966 -- INFO: Active CC: 14
1660859147.030618 -- INFO: Process 0 finished on working on file 0 
1660859147.031292 -- INFO: Process 0 get item 20 from queue and executing
1660859147.031739 -- INFO: starting 0, 20, /home/hjamil/Documents/files_bash/FILE15
1660859147.104839 -- INFO: Throughput @194.2s:823.63Mbps, rtt :2.72ms cwnd: 195.2 lossRate: 0 CC:14 score:0.62 
1660859147.342131 -- INFO: Process 8 finished on working on file 9 
1660859147.347626 -- INFO: Process 8 get item 31 from queue and executing
1660859147.348055 -- INFO: starting 8, 31, /home/hjamil/Documents/files_bash/FILE19
1660859147.618548 -- INFO: Process 6 finished on working on file 13 
1660859147.619148 -- INFO: Process 6 get item 24 from queue and executing
1660859147.619541 -- INFO: starting 6, 24, /home/hjamil/Documents/files_bash/FILE12
1660859148.124421 -- INFO: Throughput @195.2s:625.0Mbps, rtt :5.71ms cwnd: 200.0 lossRate: 0.0 CC:14 score:0.47 
1660859148.762550 -- INFO: Process 3 finished on working on file 23 
1660859148.763379 -- INFO: Process 3 get item 22 from queue and executing
1660859148.763829 -- INFO: starting 3, 22, /home/hjamil/Documents/files_bash/FILE9
1660859148.915516 -- INFO: Process 9 finished on working on file 6 
1660859148.916110 -- INFO: Process 9 get item 30 from queue and executing
1660859148.919478 -- INFO: starting 9, 30, /home/hjamil/Documents/files_bash/FILE16
1660859149.140303 -- INFO: Throughput @196.2s:685.0Mbps, rtt :1.83ms cwnd: 202.4 lossRate: 0.0 CC:14 score:0.52 
1660859150.059342 -- INFO: score [0.62, 0.47, 0.52] ******
1660859150.061186 -- INFO: action array from actor 0.09983939677476883 and action is 18 ******
1660859150.061464 -- INFO: Changing concurrency to 18 ******
1660859150.061985 -- INFO: Process Status Bits from change concurrency are: 1 1 1 1 1 1 1 1 1 1 1 1 1 1 1 1 1 1 0 0 0 0 0 0 0 0 0 0 0 0 0 0
1660859150.062054 -- INFO: Start Process :: 16
1660859150.062511 -- INFO: Active CC: 18
1660859150.063793 -- INFO: Process 16 get item 14 from queue and executing
1660859150.063973 -- INFO: starting 16, 14, /home/hjamil/Documents/files_bash/FILE30
1660859150.066889 -- INFO: Start Process :: 17
1660859150.067790 -- INFO: Start Process :: 15
1660859150.070387 -- INFO: Process 15 get item 18 from queue and executing
1660859150.070691 -- INFO: starting 15, 18, /home/hjamil/Documents/files_bash/FILE14
1660859150.071556 -- INFO: Start Process :: 14
1660859150.072036 -- INFO: Process 17 get item 29 from queue and executing
1660859150.072343 -- INFO: starting 17, 29, /home/hjamil/Documents/files_bash/FILE0
1660859150.073219 -- INFO: Process 14 get item 15 from queue and executing
1660859150.074645 -- INFO: starting 14, 15, /home/hjamil/Documents/files_bash/FILE5
1660859150.127350 -- INFO: Throughput @197.2s:652.5Mbps, rtt :3.96ms cwnd: 171.3 lossRate: 0.0 CC:18 score:0.46 
1660859151.116648 -- INFO: Throughput @198.2s:847.5Mbps, rtt :3.36ms cwnd: 195.6 lossRate: 0.0 CC:18 score:0.59 
1660859152.112879 -- INFO: Throughput @199.2s:830.0Mbps, rtt :3.06ms cwnd: 206.6 lossRate: 0.0 CC:18 score:0.58 
1660859153.075542 -- INFO: episode expires
1660859153.075561 -- INFO: Process 28 shutdown itself from outest loop
1660859153.075564 -- INFO: Process 20 shutdown itself from outest loop
1660859153.075716 -- INFO: Process 27 shutdown itself from outest loop
1660859153.075730 -- INFO: Process 26 shutdown itself from outest loop
1660859153.075858 -- INFO: Process 25 shutdown itself from outest loop
1660859153.076041 -- INFO: Process 23 shutdown itself from outest loop
1660859153.076235 -- INFO: Process 31 shutdown itself from outest loop
1660859153.076692 -- INFO: Process 24 shutdown itself from outest loop
1660859153.076735 -- INFO: Process 21 shutdown itself from outest loop
1660859153.077003 -- INFO: Process 19 shutdown itself from outest loop
1660859153.078790 -- INFO: Process 30 shutdown itself from outest loop
1660859153.079339 -- INFO: Process 18 shutdown itself from outest loop
1660859153.079784 -- INFO: Process 29 shutdown itself from outest loop
1660859153.080260 -- INFO: Process 22 shutdown itself from outest loop
1660859153.571615 -- INFO: score [0.46, 0.59, 0.58] ******
