1661007353.774911 -- INFO: action array from actor 0.1445237547159195 and action is 19 ******
1661007353.775399 -- INFO: Changing concurrency to 19 ******
1661007353.777452 -- INFO: Process Status Bits from change concurrency are: 1 1 1 1 1 1 1 1 1 1 1 1 1 1 1 1 1 1 1 0 0 0 0 0 0 0 0 0 0 0 0 0
1661007353.779169 -- INFO: Active CC: 19
1661007353.779824 -- INFO: Start Process :: 1
1661007353.780233 -- INFO: Start Process :: 0
1661007353.780281 -- INFO: Start Process :: 3
1661007353.781489 -- INFO: Process 0 get item 0 from queue and executing
1661007353.781860 -- INFO: Process 1 get item 1 from queue and executing
1661007353.781695 -- INFO: starting 0, 0, /home/hjamil/Documents/files_bash/FILE25
1661007353.782276 -- INFO: starting 1, 1, /home/hjamil/Documents/files_bash/FILE1
1661007353.781988 -- INFO: Start Process :: 4
1661007353.785121 -- INFO: Process 3 get item 2 from queue and executing
1661007353.785398 -- INFO: starting 3, 2, /home/hjamil/Documents/files_bash/FILE4
1661007353.788623 -- INFO: Process 4 get item 3 from queue and executing
1661007353.788875 -- INFO: starting 4, 3, /home/hjamil/Documents/files_bash/FILE13
1661007353.792953 -- INFO: Start Process :: 8
1661007353.794019 -- INFO: Start Process :: 2
1661007353.794822 -- INFO: Start Process :: 9
1661007353.795388 -- INFO: Process 8 get item 4 from queue and executing
1661007353.795587 -- INFO: starting 8, 4, /home/hjamil/Documents/files_bash/FILE3
1661007353.794483 -- INFO: Start Process :: 12
1661007353.797014 -- INFO: Process 12 get item 5 from queue and executing
1661007353.797246 -- INFO: starting 12, 5, /home/hjamil/Documents/files_bash/FILE24
1661007353.797635 -- INFO: Start Process :: 10
1661007353.798152 -- INFO: Process 2 get item 7 from queue and executing
1661007353.797948 -- INFO: Start Process :: 13
1661007353.798387 -- INFO: starting 2, 7, /home/hjamil/Documents/files_bash/FILE20
1661007353.798995 -- INFO: Process 10 get item 8 from queue and executing
1661007353.799143 -- INFO: Process 9 get item 6 from queue and executing
1661007353.799218 -- INFO: starting 10, 8, /home/hjamil/Documents/files_bash/FILE29
1661007353.799395 -- INFO: starting 9, 6, /home/hjamil/Documents/files_bash/FILE2
1661007353.802167 -- INFO: Process 13 get item 9 from queue and executing
1661007353.802456 -- INFO: starting 13, 9, /home/hjamil/Documents/files_bash/FILE7
1661007353.817965 -- INFO: Start Process :: 7
1661007353.821026 -- INFO: Process 7 get item 10 from queue and executing
1661007353.821263 -- INFO: starting 7, 10, /home/hjamil/Documents/files_bash/FILE31
1661007353.832624 -- INFO: Start Process :: 5
1661007353.836261 -- INFO: Start Process :: 16
1661007353.837318 -- INFO: Process 5 get item 11 from queue and executing
1661007353.837570 -- INFO: starting 5, 11, /home/hjamil/Documents/files_bash/FILE6
1661007353.843668 -- INFO: Start Process :: 17
1661007353.846664 -- INFO: Process 16 get item 12 from queue and executing
1661007353.846886 -- INFO: starting 16, 12, /home/hjamil/Documents/files_bash/FILE22
1661007353.848699 -- INFO: Process 17 get item 13 from queue and executing
1661007353.849162 -- INFO: starting 17, 13, /home/hjamil/Documents/files_bash/FILE11
1661007353.871145 -- INFO: Start Process :: 18
1661007353.872282 -- INFO: Process 18 get item 14 from queue and executing
1661007353.872486 -- INFO: starting 18, 14, /home/hjamil/Documents/files_bash/FILE30
1661007353.872284 -- INFO: Start Process :: 6
1661007353.874299 -- INFO: Process 6 get item 15 from queue and executing
1661007353.874596 -- INFO: starting 6, 15, /home/hjamil/Documents/files_bash/FILE5
1661007353.883425 -- INFO: Start Process :: 14
1661007353.885507 -- INFO: Process 14 get item 16 from queue and executing
1661007353.885731 -- INFO: starting 14, 16, /home/hjamil/Documents/files_bash/FILE17
1661007353.890960 -- INFO: Start Process :: 15
1661007353.893091 -- INFO: Process 15 get item 17 from queue and executing
1661007353.893356 -- INFO: starting 15, 17, /home/hjamil/Documents/files_bash/FILE23
1661007353.903022 -- INFO: Start Process :: 11
1661007353.904324 -- INFO: Process 11 get item 18 from queue and executing
1661007353.904533 -- INFO: starting 11, 18, /home/hjamil/Documents/files_bash/FILE14
1661007353.912242 -- INFO: Throughput @0.1s:100.0Mbps, rtt :2.52ms cwnd: 51.4 lossRate: 0.0 CC:19 score:0.07 
1661007354.850653 -- INFO: Throughput @1.1s:875.0Mbps, rtt :3.53ms cwnd: 141.8 lossRate: 0.0 CC:19 score:0.6 
1661007355.850174 -- INFO: Throughput @2.1s:875.0Mbps, rtt :3.81ms cwnd: 190.3 lossRate: 0.0 CC:19 score:0.6 
1661007356.865499 -- INFO: Throughput @3.1s:895.0Mbps, rtt :5.02ms cwnd: 211.3 lossRate: 0.0 CC:19 score:0.61 
1661007357.299583 -- INFO: score [0.6, 0.6, 0.61] ******
1661007357.304154 -- INFO: action array from actor -0.13337795436382294 and action is 14 ******
1661007357.314548 -- INFO: Changing concurrency to 14 ******
1661007357.316361 -- INFO: Process Status Bits from change concurrency are: 1 1 1 1 1 1 1 1 1 1 1 1 1 1 0 0 0 0 0 0 0 0 0 0 0 0 0 0 0 0 0 0
1661007357.319357 -- INFO: Active CC: 14
1661007357.869128 -- INFO: Throughput @4.1s:785.0Mbps, rtt :2.42ms cwnd: 243.9 lossRate: 0 CC:14 score:0.59 
1661007358.856865 -- INFO: Throughput @5.1s:645.0Mbps, rtt :3.03ms cwnd: 278.6 lossRate: 0.0 CC:14 score:0.49 
1661007359.864773 -- INFO: Throughput @6.1s:665.0Mbps, rtt :4.05ms cwnd: 342.2 lossRate: 0.0 CC:14 score:0.5 
1661007360.821293 -- INFO: score [0.59, 0.49, 0.5] ******
1661007360.823144 -- INFO: action array from actor 0.2339373379945755 and action is 20 ******
1661007360.823287 -- INFO: Changing concurrency to 20 ******
1661007360.826540 -- INFO: Start Process :: 15
1661007360.826226 -- INFO: Start Process :: 14
1661007360.827395 -- INFO: Start Process :: 16
1661007360.827663 -- INFO: Process 15 get item 19 from queue and executing
1661007360.827825 -- INFO: Start Process :: 18
1661007360.827858 -- INFO: Process Status Bits from change concurrency are: 1 1 1 1 1 1 1 1 1 1 1 1 1 1 1 1 1 1 1 1 0 0 0 0 0 0 0 0 0 0 0 0
1661007360.828526 -- INFO: starting 15, 19, /home/hjamil/Documents/files_bash/FILE8
1661007360.831406 -- INFO: Process 18 get item 20 from queue and executing
1661007360.831862 -- INFO: starting 18, 20, /home/hjamil/Documents/files_bash/FILE15
1661007360.833808 -- INFO: Start Process :: 17
1661007360.836103 -- INFO: Process 14 get item 21 from queue and executing
1661007360.836407 -- INFO: starting 14, 21, /home/hjamil/Documents/files_bash/FILE21
1661007360.842992 -- INFO: Active CC: 20
1661007360.843320 -- INFO: Process 16 get item 22 from queue and executing
1661007360.843664 -- INFO: starting 16, 22, /home/hjamil/Documents/files_bash/FILE9
1661007360.846566 -- INFO: Process 17 get item 23 from queue and executing
1661007360.846946 -- INFO: starting 17, 23, /home/hjamil/Documents/files_bash/FILE10
1661007360.877494 -- INFO: Throughput @7.1s:660.0Mbps, rtt :3.4ms cwnd: 282.9 lossRate: 0.0 CC:14 score:0.5 
1661007360.895227 -- INFO: Start Process :: 19
1661007360.896465 -- INFO: Process 19 get item 24 from queue and executing
1661007360.896741 -- INFO: starting 19, 24, /home/hjamil/Documents/files_bash/FILE12
1661007361.868376 -- INFO: Throughput @8.1s:910.0Mbps, rtt :5.23ms cwnd: 308.3 lossRate: 0.0 CC:20 score:0.61 
1661007362.870181 -- INFO: Throughput @9.1s:905.0Mbps, rtt :6.67ms cwnd: 323.8 lossRate: 0.0 CC:20 score:0.61 
1661007363.888289 -- INFO: Throughput @10.1s:940.0Mbps, rtt :5.28ms cwnd: 335.4 lossRate: 0.0 CC:20 score:0.63 
1661007364.347857 -- INFO: score [0.61, 0.61, 0.63] ******
1661007364.350231 -- INFO: action array from actor 0.32603931427001953 and action is 22 ******
1661007364.359754 -- INFO: Changing concurrency to 22 ******
1661007364.362611 -- INFO: Process Status Bits from change concurrency are: 1 1 1 1 1 1 1 1 1 1 1 1 1 1 1 1 1 1 1 1 1 1 0 0 0 0 0 0 0 0 0 0
1661007364.363457 -- INFO: Active CC: 22
1661007364.395164 -- INFO: Start Process :: 21
1661007364.396444 -- INFO: Process 21 get item 25 from queue and executing
1661007364.396627 -- INFO: starting 21, 25, /home/hjamil/Documents/files_bash/FILE28
1661007364.422021 -- INFO: Start Process :: 20
1661007364.423276 -- INFO: Process 20 get item 26 from queue and executing
1661007364.423466 -- INFO: starting 20, 26, /home/hjamil/Documents/files_bash/FILE27
1661007364.868938 -- INFO: Throughput @11.1s:940.0Mbps, rtt :13.59ms cwnd: 302.2 lossRate: 0.0007559796753005329 CC:22 score:0.6 
1661007365.857883 -- INFO: Throughput @12.1s:995.0Mbps, rtt :8.78ms cwnd: 252.3 lossRate: 0.0024184412509705585 CC:22 score:0.62 
1661007366.910758 -- INFO: Throughput @13.1s:955.0Mbps, rtt :10.08ms cwnd: 256.5 lossRate: 0.00016529706243506188 CC:22 score:0.62 
1661007367.845515 -- INFO: Throughput @14.1s:950.0Mbps, rtt :8.99ms cwnd: 255.6 lossRate: 0.00024948461730372784 CC:22 score:0.61 
1661007367.876104 -- INFO: score [0.62, 0.62, 0.61] ******
1661007367.877369 -- INFO: action array from actor -0.015168221667408943 and action is 16 ******
1661007367.877469 -- INFO: Changing concurrency to 16 ******
1661007367.879830 -- INFO: Process Status Bits from change concurrency are: 1 1 1 1 1 1 1 1 1 1 1 1 1 1 1 1 0 0 0 0 0 0 0 0 0 0 0 0 0 0 0 0
1661007367.881456 -- INFO: Active CC: 16
1661007368.849417 -- INFO: Throughput @15.1s:800.0Mbps, rtt :4.45ms cwnd: 277.9 lossRate: 0 CC:16 score:0.58 
1661007369.888823 -- INFO: Throughput @16.1s:735.0Mbps, rtt :4.95ms cwnd: 285.9 lossRate: 0.0 CC:16 score:0.54 
1661007370.861131 -- INFO: Throughput @17.1s:750.0Mbps, rtt :3.44ms cwnd: 291.8 lossRate: 0.0 CC:16 score:0.55 
1661007371.411620 -- INFO: score [0.58, 0.54, 0.55] ******
1661007371.420358 -- INFO: action array from actor 0.32474812865257263 and action is 22 ******
1661007371.421256 -- INFO: Changing concurrency to 22 ******
1661007371.425445 -- INFO: Process Status Bits from change concurrency are: 1 1 1 1 1 1 1 1 1 1 1 1 1 1 1 1 1 1 1 1 1 1 0 0 0 0 0 0 0 0 0 0
1661007371.425662 -- INFO: Start Process :: 20
1661007371.425790 -- INFO: Start Process :: 19
1661007371.425810 -- INFO: Start Process :: 18
1661007371.426246 -- INFO: Start Process :: 17
1661007371.426658 -- INFO: Active CC: 22
1661007371.426698 -- INFO: Start Process :: 16
1661007371.426869 -- INFO: Start Process :: 21
1661007371.426924 -- INFO: Process 20 get item 27 from queue and executing
1661007371.427477 -- INFO: Process 16 get item 28 from queue and executing
1661007371.427649 -- INFO: starting 16, 28, /home/hjamil/Documents/files_bash/FILE18
1661007371.428166 -- INFO: Process 19 get item 29 from queue and executing
1661007371.428378 -- INFO: Process 18 get item 30 from queue and executing
1661007371.428629 -- INFO: starting 19, 29, /home/hjamil/Documents/files_bash/FILE0
1661007371.428019 -- INFO: starting 20, 27, /home/hjamil/Documents/files_bash/FILE26
1661007371.430778 -- INFO: Process 21 get item 31 from queue and executing
1661007371.431209 -- INFO: starting 21, 31, /home/hjamil/Documents/files_bash/FILE19
1661007371.428674 -- INFO: starting 18, 30, /home/hjamil/Documents/files_bash/FILE16
1661007371.435974 -- INFO: Process 17 get item 13 from queue and executing
1661007371.436568 -- INFO: starting 17, 13, /home/hjamil/Documents/files_bash/FILE11
1661007371.877154 -- INFO: Throughput @18.1s:855.0Mbps, rtt :9.11ms cwnd: 218.0 lossRate: 0.0007320441988950277 CC:22 score:0.55 
1661007372.869215 -- INFO: Throughput @19.1s:1000.0Mbps, rtt :7.51ms cwnd: 193.3 lossRate: 0.001902937581126892 CC:22 score:0.63 
1661007373.879918 -- INFO: Throughput @20.1s:985.0Mbps, rtt :9.44ms cwnd: 182.5 lossRate: 0.0012133691215942934 CC:22 score:0.63 
1661007374.857406 -- INFO: Throughput @21.1s:955.0Mbps, rtt :8.8ms cwnd: 183.5 lossRate: 0.0 CC:22 score:0.62 
1661007374.927897 -- INFO: score [0.63, 0.63, 0.62] ******
1661007374.929621 -- INFO: action array from actor -0.14236591756343842 and action is 14 ******
1661007374.929917 -- INFO: Changing concurrency to 14 ******
1661007374.934893 -- INFO: Process Status Bits from change concurrency are: 1 1 1 1 1 1 1 1 1 1 1 1 1 1 0 0 0 0 0 0 0 0 0 0 0 0 0 0 0 0 0 0
1661007374.935810 -- INFO: Active CC: 14
1661007375.857637 -- INFO: Throughput @22.1s:760.0Mbps, rtt :3.17ms cwnd: 230.2 lossRate: 0 CC:14 score:0.58 
1661007376.873528 -- INFO: Throughput @23.1s:665.0Mbps, rtt :3.14ms cwnd: 232.8 lossRate: 0.0 CC:14 score:0.5 
1661007377.891732 -- INFO: Throughput @24.1s:660.0Mbps, rtt :2.18ms cwnd: 237.2 lossRate: 0.0 CC:14 score:0.5 
1661007378.446084 -- INFO: score [0.58, 0.5, 0.5] ******
1661007378.453371 -- INFO: action array from actor 0.11366189271211624 and action is 18 ******
1661007378.454121 -- INFO: Changing concurrency to 18 ******
1661007378.461440 -- INFO: Start Process :: 14
1661007378.462661 -- INFO: Process 14 get item 14 from queue and executing
1661007378.462954 -- INFO: starting 14, 14, /home/hjamil/Documents/files_bash/FILE30
1661007378.463201 -- INFO: Start Process :: 16
1661007378.463362 -- INFO: Start Process :: 17
1661007378.463680 -- INFO: Start Process :: 15
1661007378.464664 -- INFO: Process Status Bits from change concurrency are: 1 1 1 1 1 1 1 1 1 1 1 1 1 1 1 1 1 1 0 0 0 0 0 0 0 0 0 0 0 0 0 0
1661007378.464893 -- INFO: Process 17 get item 12 from queue and executing
1661007378.465140 -- INFO: starting 17, 12, /home/hjamil/Documents/files_bash/FILE22
1661007378.465776 -- INFO: Process 16 get item 16 from queue and executing
1661007378.466217 -- INFO: Process 15 get item 17 from queue and executing
1661007378.466810 -- INFO: starting 15, 17, /home/hjamil/Documents/files_bash/FILE23
1661007378.471909 -- INFO: Active CC: 18
1661007378.466969 -- INFO: starting 16, 16, /home/hjamil/Documents/files_bash/FILE17
1661007378.880940 -- INFO: Throughput @25.1s:735.0Mbps, rtt :3.99ms cwnd: 204.1 lossRate: 0.0 CC:18 score:0.51 
1661007379.860984 -- INFO: Throughput @26.1s:810.0Mbps, rtt :3.15ms cwnd: 219.4 lossRate: 0.0 CC:18 score:0.57 
1661007380.869398 -- INFO: Throughput @27.1s:830.0Mbps, rtt :2.94ms cwnd: 229.9 lossRate: 0.0 CC:18 score:0.58 
1661007381.919112 -- INFO: Throughput @28.1s:840.0Mbps, rtt :3.5ms cwnd: 241.0 lossRate: 0.0 CC:18 score:0.59 
1661007381.999473 -- INFO: score [0.57, 0.58, 0.59] ******
1661007382.001269 -- INFO: action array from actor 0.033811524510383606 and action is 17 ******
1661007382.001645 -- INFO: Changing concurrency to 17 ******
1661007382.002086 -- INFO: Process Status Bits from change concurrency are: 1 1 1 1 1 1 1 1 1 1 1 1 1 1 1 1 1 0 0 0 0 0 0 0 0 0 0 0 0 0 0 0
1661007382.010857 -- INFO: Active CC: 17
1661007382.873349 -- INFO: Throughput @29.1s:810.0Mbps, rtt :3.72ms cwnd: 253.0 lossRate: 0.0 CC:17 score:0.58 
1661007383.928950 -- INFO: Throughput @30.1s:790.0Mbps, rtt :2.65ms cwnd: 258.5 lossRate: 0.0 CC:17 score:0.56 
1661007384.880856 -- INFO: Throughput @31.1s:790.0Mbps, rtt :5.06ms cwnd: 266.5 lossRate: 0.0 CC:17 score:0.56 
1661007385.527394 -- INFO: score [0.58, 0.56, 0.56] ******
1661007385.528901 -- INFO: action array from actor 0.22818996012210846 and action is 20 ******
1661007385.538688 -- INFO: Changing concurrency to 20 ******
1661007385.539153 -- INFO: Process Status Bits from change concurrency are: 1 1 1 1 1 1 1 1 1 1 1 1 1 1 1 1 1 1 1 1 0 0 0 0 0 0 0 0 0 0 0 0
1661007385.539463 -- INFO: Start Process :: 17
1661007385.539462 -- INFO: Start Process :: 18
1661007385.539722 -- INFO: Active CC: 20
1661007385.539677 -- INFO: Start Process :: 19
1661007385.541839 -- INFO: Process 18 get item 25 from queue and executing
1661007385.542125 -- INFO: starting 18, 25, /home/hjamil/Documents/files_bash/FILE28
1661007385.543154 -- INFO: Process 17 get item 20 from queue and executing
1661007385.543382 -- INFO: starting 17, 20, /home/hjamil/Documents/files_bash/FILE15
1661007385.543314 -- INFO: Process 19 get item 23 from queue and executing
1661007385.543644 -- INFO: starting 19, 23, /home/hjamil/Documents/files_bash/FILE10
1661007385.877174 -- INFO: Throughput @32.1s:835.0Mbps, rtt :6.25ms cwnd: 240.5 lossRate: 0.0 CC:20 score:0.56 
1661007386.860970 -- INFO: Throughput @33.1s:930.0Mbps, rtt :7.47ms cwnd: 248.4 lossRate: 0.0 CC:20 score:0.63 
1661007387.881009 -- INFO: Throughput @34.1s:925.0Mbps, rtt :7.11ms cwnd: 249.9 lossRate: 0.00026965080221113657 CC:20 score:0.62 
1661007388.907719 -- INFO: Throughput @35.1s:935.0Mbps, rtt :5.28ms cwnd: 254.0 lossRate: 0.0 CC:20 score:0.63 
1661007389.055417 -- INFO: score [0.63, 0.62, 0.63] ******
1661007389.057085 -- INFO: action array from actor -0.014881880953907967 and action is 16 ******
1661007389.057454 -- INFO: Changing concurrency to 16 ******
1661007389.078902 -- INFO: Process Status Bits from change concurrency are: 1 1 1 1 1 1 1 1 1 1 1 1 1 1 1 1 0 0 0 0 0 0 0 0 0 0 0 0 0 0 0 0
1661007389.079754 -- INFO: Active CC: 16
1661007389.881036 -- INFO: Throughput @36.1s:790.0Mbps, rtt :3.19ms cwnd: 263.9 lossRate: 0 CC:16 score:0.58 
1661007390.862692 -- INFO: Throughput @37.1s:745.0Mbps, rtt :3.29ms cwnd: 266.3 lossRate: 0.0 CC:16 score:0.54 
1661007391.888832 -- INFO: Throughput @38.1s:755.0Mbps, rtt :5.7ms cwnd: 271.1 lossRate: 0.0 CC:16 score:0.55 
1661007392.591304 -- INFO: score [0.58, 0.54, 0.55] ******
1661007392.592896 -- INFO: action array from actor 0.22956079244613647 and action is 20 ******
1661007392.593115 -- INFO: Changing concurrency to 20 ******
1661007392.593752 -- INFO: Process Status Bits from change concurrency are: 1 1 1 1 1 1 1 1 1 1 1 1 1 1 1 1 1 1 1 1 0 0 0 0 0 0 0 0 0 0 0 0
1661007392.593765 -- INFO: Start Process :: 18
1661007392.593946 -- INFO: Start Process :: 16
1661007392.594545 -- INFO: Active CC: 20
1661007392.594908 -- INFO: Start Process :: 19
1661007392.595218 -- INFO: Start Process :: 17
1661007392.595283 -- INFO: Process 16 get item 22 from queue and executing
1661007392.595503 -- INFO: starting 16, 22, /home/hjamil/Documents/files_bash/FILE9
1661007392.595732 -- INFO: Process 19 get item 26 from queue and executing
1661007392.595918 -- INFO: starting 19, 26, /home/hjamil/Documents/files_bash/FILE27
1661007392.598433 -- INFO: Process 18 get item 24 from queue and executing
1661007392.598642 -- INFO: starting 18, 24, /home/hjamil/Documents/files_bash/FILE12
1661007392.600710 -- INFO: Process 17 get item 28 from queue and executing
1661007392.600966 -- INFO: starting 17, 28, /home/hjamil/Documents/files_bash/FILE18
1661007392.885176 -- INFO: Throughput @39.1s:810.0Mbps, rtt :5.43ms cwnd: 241.8 lossRate: 0.0 CC:20 score:0.55 
1661007393.901258 -- INFO: Throughput @40.1s:910.0Mbps, rtt :6.91ms cwnd: 251.2 lossRate: 0.0 CC:20 score:0.61 
1661007394.873257 -- INFO: Throughput @41.1s:925.0Mbps, rtt :4.2ms cwnd: 260.8 lossRate: 0.0 CC:20 score:0.62 
1661007395.876975 -- INFO: Throughput @42.1s:815.0Mbps, rtt :12.93ms cwnd: 192.4 lossRate: 0.0045388167502072065 CC:20 score:0.51 
1661007396.095682 -- INFO: score [0.61, 0.62, 0.51] ******
1661007396.097124 -- INFO: action array from actor -0.01528671570122242 and action is 16 ******
1661007396.097337 -- INFO: Changing concurrency to 16 ******
1661007396.097788 -- INFO: Process Status Bits from change concurrency are: 1 1 1 1 1 1 1 1 1 1 1 1 1 1 1 1 0 0 0 0 0 0 0 0 0 0 0 0 0 0 0 0
1661007396.100589 -- INFO: Active CC: 16
1661007396.862470 -- INFO: Throughput @43.1s:570.0Mbps, rtt :11.17ms cwnd: 162.2 lossRate: 0 CC:16 score:0.42 
1661007397.865796 -- INFO: Throughput @44.1s:550.0Mbps, rtt :10.82ms cwnd: 143.1 lossRate: 0.0017748917748917749 CC:16 score:0.39 
1661007398.859802 -- INFO: Throughput @45.1s:525.0Mbps, rtt :10.82ms cwnd: 137.4 lossRate: 0.00041511000415110004 CC:16 score:0.38 
1661007399.601785 -- INFO: score [0.42, 0.39, 0.38] ******
1661007399.603701 -- INFO: action array from actor -0.016011850908398628 and action is 16 ******
1661007399.603862 -- INFO: Changing concurrency to 16 ******
1661007399.606196 -- INFO: Process Status Bits from change concurrency are: 1 1 1 1 1 1 1 1 1 1 1 1 1 1 1 1 0 0 0 0 0 0 0 0 0 0 0 0 0 0 0 0
1661007399.608314 -- INFO: Active CC: 16
1661007399.858439 -- INFO: Throughput @46.1s:535.0Mbps, rtt :9.84ms cwnd: 135.9 lossRate: 0.00021833107724553513 CC:16 score:0.39 
1661007400.861545 -- INFO: Throughput @47.1s:545.0Mbps, rtt :9.85ms cwnd: 133.8 lossRate: 0.0002587712677635693 CC:16 score:0.4 
1661007401.855430 -- INFO: Throughput @48.1s:515.0Mbps, rtt :9.19ms cwnd: 128.0 lossRate: 0.0006992548565434958 CC:16 score:0.37 
1661007402.855259 -- INFO: Throughput @49.1s:535.0Mbps, rtt :9.58ms cwnd: 128.0 lossRate: 0.0 CC:16 score:0.39 
1661007403.109383 -- INFO: score [0.4, 0.37, 0.39] ******
1661007403.111032 -- INFO: action array from actor -0.014750735834240913 and action is 16 ******
1661007403.111249 -- INFO: Changing concurrency to 16 ******
1661007403.114275 -- INFO: Process Status Bits from change concurrency are: 1 1 1 1 1 1 1 1 1 1 1 1 1 1 1 1 0 0 0 0 0 0 0 0 0 0 0 0 0 0 0 0
1661007403.116328 -- INFO: Active CC: 16
1661007403.854347 -- INFO: Throughput @50.1s:545.0Mbps, rtt :9.72ms cwnd: 126.8 lossRate: 0.00015202519274622653 CC:16 score:0.4 
1661007404.859364 -- INFO: Throughput @51.1s:525.0Mbps, rtt :9.31ms cwnd: 126.8 lossRate: 0.0 CC:16 score:0.38 
1661007405.855180 -- INFO: Throughput @52.1s:530.0Mbps, rtt :9.49ms cwnd: 126.8 lossRate: 0.0 CC:16 score:0.39 
1661007406.617475 -- INFO: score [0.4, 0.38, 0.39] ******
1661007406.619349 -- INFO: action array from actor -0.015292929485440254 and action is 16 ******
1661007406.619542 -- INFO: Changing concurrency to 16 ******
1661007406.621539 -- INFO: Process Status Bits from change concurrency are: 1 1 1 1 1 1 1 1 1 1 1 1 1 1 1 1 0 0 0 0 0 0 0 0 0 0 0 0 0 0 0 0
1661007406.622740 -- INFO: Active CC: 16
1661007406.878553 -- INFO: Throughput @53.1s:545.0Mbps, rtt :9.22ms cwnd: 126.8 lossRate: 0.0 CC:16 score:0.4 
1661007407.857063 -- INFO: Throughput @54.1s:530.0Mbps, rtt :10.22ms cwnd: 126.8 lossRate: 0.0 CC:16 score:0.39 
1661007408.870282 -- INFO: Throughput @55.1s:535.0Mbps, rtt :9.34ms cwnd: 126.8 lossRate: 0.0 CC:16 score:0.39 
1661007409.901443 -- INFO: Throughput @56.1s:540.0Mbps, rtt :9.42ms cwnd: 126.8 lossRate: 0.0 CC:16 score:0.39 
1661007410.123904 -- INFO: score [0.39, 0.39, 0.39] ******
1661007410.125553 -- INFO: action array from actor -0.01513882540166378 and action is 16 ******
1661007410.125706 -- INFO: Changing concurrency to 16 ******
1661007410.127812 -- INFO: Process Status Bits from change concurrency are: 1 1 1 1 1 1 1 1 1 1 1 1 1 1 1 1 0 0 0 0 0 0 0 0 0 0 0 0 0 0 0 0
1661007410.130044 -- INFO: Active CC: 16
1661007410.864735 -- INFO: Throughput @57.1s:525.0Mbps, rtt :10.17ms cwnd: 122.3 lossRate: 0.00047468354430379745 CC:16 score:0.38 
1661007411.866260 -- INFO: Throughput @58.1s:535.0Mbps, rtt :8.62ms cwnd: 122.3 lossRate: 0.0 CC:16 score:0.39 
1661007412.880738 -- INFO: Throughput @59.1s:540.0Mbps, rtt :8.91ms cwnd: 122.3 lossRate: 0.0 CC:16 score:0.39 
1661007413.631132 -- INFO: score [0.38, 0.39, 0.39] ******
1661007413.633040 -- INFO: action array from actor -0.015972496941685677 and action is 16 ******
1661007413.633187 -- INFO: Changing concurrency to 16 ******
1661007413.635441 -- INFO: Process Status Bits from change concurrency are: 1 1 1 1 1 1 1 1 1 1 1 1 1 1 1 1 0 0 0 0 0 0 0 0 0 0 0 0 0 0 0 0
1661007413.637129 -- INFO: Active CC: 16
1661007413.868576 -- INFO: Throughput @60.1s:520.0Mbps, rtt :8.24ms cwnd: 118.4 lossRate: 2.1994941163532386e-05 CC:16 score:0.38 
1661007414.867417 -- INFO: Throughput @61.1s:535.0Mbps, rtt :9.03ms cwnd: 118.4 lossRate: 0.0 CC:16 score:0.39 
1661007415.869588 -- INFO: Throughput @62.1s:540.0Mbps, rtt :8.55ms cwnd: 118.4 lossRate: 0.0 CC:16 score:0.39 
1661007416.867047 -- INFO: Throughput @63.1s:530.0Mbps, rtt :9.63ms cwnd: 115.6 lossRate: 0.0003711142158574921 CC:16 score:0.38 
1661007417.138566 -- INFO: score [0.39, 0.39, 0.38] ******
1661007417.141064 -- INFO: action array from actor -0.01679643802344799 and action is 16 ******
1661007417.141289 -- INFO: Changing concurrency to 16 ******
1661007417.143343 -- INFO: Process Status Bits from change concurrency are: 1 1 1 1 1 1 1 1 1 1 1 1 1 1 1 1 0 0 0 0 0 0 0 0 0 0 0 0 0 0 0 0
1661007417.146303 -- INFO: Active CC: 16
1661007417.868716 -- INFO: Throughput @64.1s:530.0Mbps, rtt :9.23ms cwnd: 111.8 lossRate: 2.165298919515839e-05 CC:16 score:0.39 
1661007418.869180 -- INFO: Throughput @65.1s:540.0Mbps, rtt :8.55ms cwnd: 111.8 lossRate: 0.0 CC:16 score:0.39 
1661007419.869653 -- INFO: Throughput @66.1s:530.0Mbps, rtt :8.52ms cwnd: 111.8 lossRate: 0.0 CC:16 score:0.39 
1661007420.647463 -- INFO: score [0.39, 0.39, 0.39] ******
1661007420.649464 -- INFO: action array from actor -0.10682149976491928 and action is 15 ******
1661007420.649637 -- INFO: Changing concurrency to 15 ******
1661007420.653449 -- INFO: Process Status Bits from change concurrency are: 1 1 1 1 1 1 1 1 1 1 1 1 1 1 1 0 0 0 0 0 0 0 0 0 0 0 0 0 0 0 0 0
1661007420.655115 -- INFO: Active CC: 15
1661007420.871437 -- INFO: Throughput @67.1s:530.0Mbps, rtt :8.48ms cwnd: 111.8 lossRate: 0.0 CC:15 score:0.39 
1661007421.873019 -- INFO: Throughput @68.1s:515.0Mbps, rtt :8.96ms cwnd: 114.5 lossRate: 0 CC:15 score:0.38 
1661007422.873957 -- INFO: Throughput @69.1s:525.0Mbps, rtt :9.37ms cwnd: 113.3 lossRate: 0.00017631242561819545 CC:15 score:0.39 
1661007423.876430 -- INFO: Throughput @70.1s:535.0Mbps, rtt :8.43ms cwnd: 113.3 lossRate: 0.0 CC:15 score:0.4 
1661007424.156208 -- INFO: score [0.38, 0.39, 0.4] ******
1661007424.157606 -- INFO: action array from actor -0.09116797894239426 and action is 15 ******
1661007424.157745 -- INFO: Changing concurrency to 15 ******
1661007424.160099 -- INFO: Process Status Bits from change concurrency are: 1 1 1 1 1 1 1 1 1 1 1 1 1 1 1 0 0 0 0 0 0 0 0 0 0 0 0 0 0 0 0 0
1661007424.161613 -- INFO: Active CC: 15
1661007424.885593 -- INFO: Throughput @71.1s:525.0Mbps, rtt :9.22ms cwnd: 113.3 lossRate: 0.0 CC:15 score:0.39 
1661007425.878194 -- INFO: Throughput @72.1s:530.0Mbps, rtt :8.34ms cwnd: 111.9 lossRate: 0.0001999466808850973 CC:15 score:0.39 
1661007426.876734 -- INFO: Throughput @73.1s:520.0Mbps, rtt :8.11ms cwnd: 111.9 lossRate: 0.0 CC:15 score:0.39 
1661007427.662764 -- INFO: score [0.39, 0.39, 0.39] ******
1661007427.664756 -- INFO: action array from actor -0.04327753931283951 and action is 16 ******
1661007427.664892 -- INFO: Changing concurrency to 16 ******
1661007427.666222 -- INFO: Start Process :: 15
1661007427.667495 -- INFO: Process Status Bits from change concurrency are: 1 1 1 1 1 1 1 1 1 1 1 1 1 1 1 1 0 0 0 0 0 0 0 0 0 0 0 0 0 0 0 0
1661007427.668108 -- INFO: Process 15 get item 13 from queue and executing
1661007427.668385 -- INFO: starting 15, 13, /home/hjamil/Documents/files_bash/FILE11
1661007427.669538 -- INFO: Active CC: 16
1661007427.881933 -- INFO: Throughput @74.1s:525.0Mbps, rtt :7.96ms cwnd: 107.7 lossRate: 0.0 CC:16 score:0.38 
1661007428.901500 -- INFO: Throughput @75.1s:590.0Mbps, rtt :8.26ms cwnd: 102.8 lossRate: 0.00047976011994003 CC:16 score:0.43 
1661007429.880636 -- INFO: Throughput @76.1s:580.0Mbps, rtt :9.52ms cwnd: 103.7 lossRate: 0.0 CC:16 score:0.42 
1661007430.884208 -- INFO: Throughput @77.1s:560.0Mbps, rtt :8.85ms cwnd: 97.2 lossRate: 0.0003047479734259767 CC:16 score:0.41 
1661007431.170657 -- INFO: score [0.43, 0.42, 0.41] ******
1661007431.172313 -- INFO: action array from actor -0.22249701619148254 and action is 13 ******
1661007431.172448 -- INFO: Changing concurrency to 13 ******
1661007431.174629 -- INFO: Process Status Bits from change concurrency are: 1 1 1 1 1 1 1 1 1 1 1 1 1 0 0 0 0 0 0 0 0 0 0 0 0 0 0 0 0 0 0 0
1661007431.176303 -- INFO: Active CC: 13
1661007431.902606 -- INFO: Throughput @78.1s:515.0Mbps, rtt :7.99ms cwnd: 95.6 lossRate: 0 CC:13 score:0.4 
1661007432.921206 -- INFO: Throughput @79.1s:495.0Mbps, rtt :8.74ms cwnd: 94.3 lossRate: 0 CC:13 score:0.38 
1661007433.905913 -- INFO: Throughput @80.1s:465.0Mbps, rtt :8.05ms cwnd: 94.9 lossRate: 0.0 CC:13 score:0.36 
1661007434.677362 -- INFO: score [0.4, 0.38, 0.36] ******
1661007434.679268 -- INFO: action array from actor -0.1422814130783081 and action is 14 ******
1661007434.679470 -- INFO: Changing concurrency to 14 ******
1661007434.692929 -- INFO: Start Process :: 13
1661007434.693965 -- INFO: Process Status Bits from change concurrency are: 1 1 1 1 1 1 1 1 1 1 1 1 1 1 0 0 0 0 0 0 0 0 0 0 0 0 0 0 0 0 0 0
1661007434.694682 -- INFO: Process 13 get item 31 from queue and executing
1661007434.695115 -- INFO: starting 13, 31, /home/hjamil/Documents/files_bash/FILE19
1661007434.696469 -- INFO: Active CC: 14
1661007434.897423 -- INFO: Throughput @81.1s:485.0Mbps, rtt :8.32ms cwnd: 92.2 lossRate: 0.0 CC:14 score:0.37 
1661007435.922744 -- INFO: Throughput @82.1s:525.0Mbps, rtt :8.31ms cwnd: 93.4 lossRate: 0.0 CC:14 score:0.4 
1661007436.909545 -- INFO: Throughput @83.1s:530.0Mbps, rtt :8.29ms cwnd: 94.0 lossRate: 0.0 CC:14 score:0.4 
1661007437.918118 -- INFO: Throughput @84.1s:530.0Mbps, rtt :8.19ms cwnd: 94.2 lossRate: 0.0 CC:14 score:0.4 
1661007438.201941 -- INFO: score [0.4, 0.4, 0.4] ******
1661007438.204452 -- INFO: action array from actor -0.2620575428009033 and action is 12 ******
1661007438.204794 -- INFO: Changing concurrency to 12 ******
1661007438.207703 -- INFO: Process Status Bits from change concurrency are: 1 1 1 1 1 1 1 1 1 1 1 1 0 0 0 0 0 0 0 0 0 0 0 0 0 0 0 0 0 0 0 0
1661007438.209221 -- INFO: Active CC: 12
1661007438.909483 -- INFO: Throughput @85.1s:485.0Mbps, rtt :7.22ms cwnd: 92.8 lossRate: 0.0005193546153313482 CC:12 score:0.38 
1661007439.909634 -- INFO: Throughput @86.1s:455.0Mbps, rtt :7.25ms cwnd: 98.0 lossRate: 0 CC:12 score:0.36 
1661007440.912576 -- INFO: Throughput @87.1s:460.0Mbps, rtt :7.77ms cwnd: 99.1 lossRate: 0.0 CC:12 score:0.36 
1661007441.710092 -- INFO: score [0.38, 0.36, 0.36] ******
1661007441.711589 -- INFO: action array from actor -0.14211943745613098 and action is 14 ******
1661007441.711839 -- INFO: Changing concurrency to 14 ******
1661007441.713692 -- INFO: Start Process :: 13
1661007441.714207 -- INFO: Start Process :: 12
1661007441.714324 -- INFO: Process Status Bits from change concurrency are: 1 1 1 1 1 1 1 1 1 1 1 1 1 1 0 0 0 0 0 0 0 0 0 0 0 0 0 0 0 0 0 0
1661007441.715722 -- INFO: Process 13 get item 30 from queue and executing
1661007441.716235 -- INFO: Process 12 get item 29 from queue and executing
1661007441.716536 -- INFO: starting 13, 30, /home/hjamil/Documents/files_bash/FILE16
1661007441.717448 -- INFO: starting 12, 29, /home/hjamil/Documents/files_bash/FILE0
1661007441.718487 -- INFO: Active CC: 14
1661007441.921403 -- INFO: Throughput @88.1s:470.0Mbps, rtt :7.58ms cwnd: 89.2 lossRate: 0.0 CC:14 score:0.36 
1661007442.931006 -- INFO: Throughput @89.1s:475.0Mbps, rtt :7.8ms cwnd: 90.9 lossRate: 0.0 CC:14 score:0.36 
1661007443.917418 -- INFO: Throughput @90.1s:470.0Mbps, rtt :7.99ms cwnd: 92.1 lossRate: 0.0 CC:14 score:0.36 
1661007444.918226 -- INFO: Throughput @91.1s:495.0Mbps, rtt :4.08ms cwnd: 96.8 lossRate: 0.0 CC:14 score:0.38 
1661007445.223533 -- INFO: score [0.36, 0.36, 0.38] ******
1661007445.232224 -- INFO: action array from actor -0.1382569521665573 and action is 14 ******
1661007445.246610 -- INFO: Changing concurrency to 14 ******
1661007445.249007 -- INFO: Process Status Bits from change concurrency are: 1 1 1 1 1 1 1 1 1 1 1 1 1 1 0 0 0 0 0 0 0 0 0 0 0 0 0 0 0 0 0 0
1661007445.253689 -- INFO: Active CC: 14
1661007445.924769 -- INFO: Throughput @92.1s:705.0Mbps, rtt :2.3ms cwnd: 189.9 lossRate: 0.0 CC:14 score:0.53 
1661007446.916693 -- INFO: Throughput @93.1s:660.0Mbps, rtt :2.57ms cwnd: 232.6 lossRate: 0.0 CC:14 score:0.5 
1661007447.962738 -- INFO: Throughput @94.1s:665.0Mbps, rtt :2.81ms cwnd: 246.9 lossRate: 0.0 CC:14 score:0.5 
1661007448.775299 -- INFO: score [0.53, 0.5, 0.5] ******
1661007448.776855 -- INFO: action array from actor 0.12904325127601624 and action is 19 ******
1661007448.777168 -- INFO: Changing concurrency to 19 ******
1661007448.794742 -- INFO: Process Status Bits from change concurrency are: 1 1 1 1 1 1 1 1 1 1 1 1 1 1 1 1 1 1 1 0 0 0 0 0 0 0 0 0 0 0 0 0
1661007448.794956 -- INFO: Start Process :: 15
1661007448.795029 -- INFO: Start Process :: 17
1661007448.795212 -- INFO: Start Process :: 14
1661007448.795513 -- INFO: Process 15 get item 27 from queue and executing
1661007448.795697 -- INFO: starting 15, 27, /home/hjamil/Documents/files_bash/FILE26
1661007448.795751 -- INFO: Active CC: 19
1661007448.795998 -- INFO: Process 17 get item 19 from queue and executing
1661007448.796304 -- INFO: starting 17, 19, /home/hjamil/Documents/files_bash/FILE8
1661007448.797209 -- INFO: Process 14 get item 21 from queue and executing
1661007448.797437 -- INFO: starting 14, 21, /home/hjamil/Documents/files_bash/FILE21
1661007448.798806 -- INFO: Start Process :: 18
1661007448.799229 -- INFO: Start Process :: 16
1661007448.801298 -- INFO: Process 16 get item 12 from queue and executing
1661007448.801511 -- INFO: starting 16, 12, /home/hjamil/Documents/files_bash/FILE22
1661007448.801786 -- INFO: Process 18 get item 20 from queue and executing
1661007448.802102 -- INFO: starting 18, 20, /home/hjamil/Documents/files_bash/FILE15
1661007448.970676 -- INFO: Throughput @95.1s:675.0Mbps, rtt :6.78ms cwnd: 203.7 lossRate: 0.0 CC:19 score:0.46 
1661007449.950476 -- INFO: Throughput @96.1s:900.0Mbps, rtt :4.49ms cwnd: 229.1 lossRate: 0.0 CC:19 score:0.62 
1661007450.961162 -- INFO: Throughput @97.1s:885.0Mbps, rtt :7.16ms cwnd: 240.0 lossRate: 0.0 CC:19 score:0.61 
1661007451.938247 -- INFO: Throughput @98.1s:875.0Mbps, rtt :3.93ms cwnd: 248.6 lossRate: 0.0 CC:19 score:0.6 
1661007452.319410 -- INFO: score [0.62, 0.61, 0.6] ******
1661007452.327974 -- INFO: action array from actor -0.015166563913226128 and action is 16 ******
1661007452.328306 -- INFO: Changing concurrency to 16 ******
1661007452.328797 -- INFO: Process Status Bits from change concurrency are: 1 1 1 1 1 1 1 1 1 1 1 1 1 1 1 1 0 0 0 0 0 0 0 0 0 0 0 0 0 0 0 0
1661007452.329436 -- INFO: Active CC: 16
1661007452.926678 -- INFO: Throughput @99.1s:810.0Mbps, rtt :3.2ms cwnd: 268.7 lossRate: 0.0 CC:16 score:0.59 
1661007453.936557 -- INFO: Throughput @100.1s:735.0Mbps, rtt :3.18ms cwnd: 274.1 lossRate: 0.0 CC:16 score:0.54 
1661007454.957177 -- INFO: Throughput @101.1s:755.0Mbps, rtt :4.49ms cwnd: 286.3 lossRate: 0.0 CC:16 score:0.55 
1661007455.843320 -- INFO: score [0.59, 0.54, 0.55] ******
1661007455.844901 -- INFO: action array from actor 0.23059704899787903 and action is 20 ******
1661007455.845199 -- INFO: Changing concurrency to 20 ******
1661007455.845745 -- INFO: Start Process :: 17
1661007455.845811 -- INFO: Start Process :: 18
1661007455.845967 -- INFO: Start Process :: 19
1661007455.846131 -- INFO: Process Status Bits from change concurrency are: 1 1 1 1 1 1 1 1 1 1 1 1 1 1 1 1 1 1 1 1 0 0 0 0 0 0 0 0 0 0 0 0
1661007455.846567 -- INFO: Start Process :: 16
1661007455.846695 -- INFO: Process 17 get item 25 from queue and executing
1661007455.846906 -- INFO: starting 17, 25, /home/hjamil/Documents/files_bash/FILE28
1661007455.847622 -- INFO: Process 18 get item 23 from queue and executing
1661007455.847755 -- INFO: Process 19 get item 16 from queue and executing
1661007455.847962 -- INFO: starting 19, 16, /home/hjamil/Documents/files_bash/FILE17
1661007455.848101 -- INFO: starting 18, 23, /home/hjamil/Documents/files_bash/FILE10
1661007455.847578 -- INFO: Active CC: 20
1661007455.848875 -- INFO: Process 16 get item 24 from queue and executing
1661007455.849074 -- INFO: starting 16, 24, /home/hjamil/Documents/files_bash/FILE12
1661007455.931516 -- INFO: Throughput @102.1s:750.0Mbps, rtt :5.72ms cwnd: 244.6 lossRate: 0.0 CC:20 score:0.5 
1661007456.957807 -- INFO: Throughput @103.1s:905.0Mbps, rtt :3.35ms cwnd: 262.8 lossRate: 0.0 CC:20 score:0.61 
1661007457.973146 -- INFO: Throughput @104.1s:930.0Mbps, rtt :8.39ms cwnd: 272.6 lossRate: 0.0 CC:20 score:0.63 
1661007458.953160 -- INFO: Throughput @105.1s:930.0Mbps, rtt :9.5ms cwnd: 279.2 lossRate: 0.0 CC:20 score:0.63 
1661007459.355455 -- INFO: score [0.61, 0.63, 0.63] ******
1661007459.357203 -- INFO: action array from actor 0.062378205358982086 and action is 17 ******
1661007459.357530 -- INFO: Changing concurrency to 17 ******
1661007459.370721 -- INFO: Process Status Bits from change concurrency are: 1 1 1 1 1 1 1 1 1 1 1 1 1 1 1 1 1 0 0 0 0 0 0 0 0 0 0 0 0 0 0 0
1661007459.371479 -- INFO: Active CC: 17
1661007459.981041 -- INFO: Throughput @106.1s:845.0Mbps, rtt :8.66ms cwnd: 297.3 lossRate: 0.0 CC:17 score:0.6 
1661007460.944833 -- INFO: Throughput @107.1s:805.0Mbps, rtt :5.42ms cwnd: 301.1 lossRate: 0.0 CC:17 score:0.57 
1661007461.957020 -- INFO: Throughput @108.1s:770.0Mbps, rtt :7.58ms cwnd: 304.4 lossRate: 0.0 CC:17 score:0.55 
1661007462.895551 -- INFO: score [0.6, 0.57, 0.55] ******
1661007462.897442 -- INFO: action array from actor 0.2279852032661438 and action is 20 ******
1661007462.899626 -- INFO: Changing concurrency to 20 ******
1661007462.914952 -- INFO: Start Process :: 17
1661007462.914963 -- INFO: Start Process :: 19
1661007462.915377 -- INFO: Process Status Bits from change concurrency are: 1 1 1 1 1 1 1 1 1 1 1 1 1 1 1 1 1 1 1 1 0 0 0 0 0 0 0 0 0 0 0 0
1661007462.915768 -- INFO: Process 19 get item 28 from queue and executing
1661007462.915972 -- INFO: starting 19, 28, /home/hjamil/Documents/files_bash/FILE18
1661007462.916448 -- INFO: Process 17 get item 22 from queue and executing
1661007462.916458 -- INFO: Start Process :: 18
1661007462.916906 -- INFO: Active CC: 20
1661007462.916629 -- INFO: starting 17, 22, /home/hjamil/Documents/files_bash/FILE9
1661007462.923316 -- INFO: Process 18 get item 26 from queue and executing
1661007462.924103 -- INFO: starting 18, 26, /home/hjamil/Documents/files_bash/FILE27
1661007462.976614 -- INFO: Throughput @109.1s:790.0Mbps, rtt :4.82ms cwnd: 273.3 lossRate: 0.0 CC:17 score:0.56 
1661007463.963225 -- INFO: Throughput @110.1s:910.0Mbps, rtt :6.17ms cwnd: 286.5 lossRate: 0.0 CC:20 score:0.61 
1661007464.957115 -- INFO: Throughput @111.1s:915.0Mbps, rtt :4.69ms cwnd: 293.3 lossRate: 0.0 CC:20 score:0.62 
1661007465.949366 -- INFO: Throughput @112.1s:930.0Mbps, rtt :6.26ms cwnd: 297.6 lossRate: 0.0 CC:20 score:0.63 
1661007466.427270 -- INFO: score [0.61, 0.62, 0.63] ******
1661007466.428922 -- INFO: action array from actor 0.22949880361557007 and action is 20 ******
1661007466.446659 -- INFO: Changing concurrency to 20 ******
1661007466.454860 -- INFO: Process Status Bits from change concurrency are: 1 1 1 1 1 1 1 1 1 1 1 1 1 1 1 1 1 1 1 1 0 0 0 0 0 0 0 0 0 0 0 0
1661007466.455493 -- INFO: Active CC: 20
1661007466.965086 -- INFO: Throughput @113.2s:836.36Mbps, rtt :10.57ms cwnd: 301.6 lossRate: 0.0 CC:20 score:0.56 
1661007468.045457 -- INFO: Throughput @114.2s:915.0Mbps, rtt :4.6ms cwnd: 303.7 lossRate: 0.0 CC:20 score:0.62 
1661007468.969879 -- INFO: Throughput @115.2s:935.0Mbps, rtt :5.23ms cwnd: 307.6 lossRate: 0.0 CC:20 score:0.63 
1661007469.961691 -- INFO: Throughput @116.2s:930.0Mbps, rtt :4.35ms cwnd: 313.1 lossRate: 0.0 CC:20 score:0.63 
1661007469.963236 -- INFO: score [0.62, 0.63, 0.63] ******
1661007469.964684 -- INFO: action array from actor 0.22937580943107605 and action is 20 ******
1661007469.969416 -- INFO: Changing concurrency to 20 ******
1661007469.978679 -- INFO: Process Status Bits from change concurrency are: 1 1 1 1 1 1 1 1 1 1 1 1 1 1 1 1 1 1 1 1 0 0 0 0 0 0 0 0 0 0 0 0
1661007469.979211 -- INFO: Active CC: 20
1661007470.954037 -- INFO: Throughput @117.2s:920.0Mbps, rtt :5.34ms cwnd: 316.4 lossRate: 0.0 CC:20 score:0.62 
1661007471.965334 -- INFO: Throughput @118.2s:935.0Mbps, rtt :6.52ms cwnd: 315.4 lossRate: 0.0002977704438020323 CC:20 score:0.63 
1661007472.973500 -- INFO: Throughput @119.2s:900.0Mbps, rtt :7.5ms cwnd: 322.2 lossRate: 0.0 CC:20 score:0.61 
1661007473.480212 -- INFO: score [0.62, 0.63, 0.61] ******
1661007473.498898 -- INFO: action array from actor 0.18465611338615417 and action is 19 ******
1661007473.499088 -- INFO: Changing concurrency to 19 ******
1661007473.501329 -- INFO: Process Status Bits from change concurrency are: 1 1 1 1 1 1 1 1 1 1 1 1 1 1 1 1 1 1 1 0 0 0 0 0 0 0 0 0 0 0 0 0
1661007473.503373 -- INFO: Active CC: 19
1661007473.941370 -- INFO: Throughput @120.2s:930.0Mbps, rtt :4.98ms cwnd: 326.5 lossRate: 0.0 CC:19 score:0.64 
1661007474.964672 -- INFO: Throughput @121.2s:875.0Mbps, rtt :6.83ms cwnd: 328.5 lossRate: 0.0 CC:19 score:0.6 
1661007475.973122 -- INFO: Throughput @122.2s:885.0Mbps, rtt :3.18ms cwnd: 335.8 lossRate: 0.0 CC:19 score:0.61 
1661007476.983202 -- INFO: Throughput @123.2s:890.0Mbps, rtt :7.59ms cwnd: 338.5 lossRate: 0.0005904659432365406 CC:19 score:0.61 
1661007477.004782 -- INFO: score [0.6, 0.61, 0.61] ******
1661007477.011450 -- INFO: action array from actor 0.32889261841773987 and action is 22 ******
1661007477.014913 -- INFO: Changing concurrency to 22 ******
1661007477.023118 -- INFO: Process Status Bits from change concurrency are: 1 1 1 1 1 1 1 1 1 1 1 1 1 1 1 1 1 1 1 1 1 1 0 0 0 0 0 0 0 0 0 0
1661007477.023221 -- INFO: Start Process :: 19
1661007477.023708 -- INFO: Start Process :: 21
1661007477.026817 -- INFO: Start Process :: 20
1661007477.026860 -- INFO: Process 19 get item 17 from queue and executing
1661007477.027103 -- INFO: starting 19, 17, /home/hjamil/Documents/files_bash/FILE23
1661007477.027432 -- INFO: Active CC: 22
1661007477.028855 -- INFO: Process 21 get item 14 from queue and executing
1661007477.029053 -- INFO: starting 21, 14, /home/hjamil/Documents/files_bash/FILE30
1661007477.030275 -- INFO: Process 20 get item 13 from queue and executing
1661007477.030517 -- INFO: starting 20, 13, /home/hjamil/Documents/files_bash/FILE11
1661007477.981171 -- INFO: Throughput @124.2s:995.0Mbps, rtt :7.63ms cwnd: 249.7 lossRate: 0.0023846296410699945 CC:22 score:0.62 
1661007478.969245 -- INFO: Throughput @125.2s:990.0Mbps, rtt :11.22ms cwnd: 249.9 lossRate: 0.00022576194656967266 CC:22 score:0.64 
1661007479.958119 -- INFO: Throughput @126.2s:940.0Mbps, rtt :8.97ms cwnd: 242.3 lossRate: 0.0008692088957321843 CC:22 score:0.6 
1661007480.529720 -- INFO: score [0.62, 0.64, 0.6] ******
1661007480.532983 -- INFO: action array from actor -0.015168709680438042 and action is 16 ******
1661007480.533646 -- INFO: Changing concurrency to 16 ******
1661007480.536384 -- INFO: Process Status Bits from change concurrency are: 1 1 1 1 1 1 1 1 1 1 1 1 1 1 1 1 0 0 0 0 0 0 0 0 0 0 0 0 0 0 0 0
1661007480.537297 -- INFO: Active CC: 16
1661007480.972982 -- INFO: Throughput @127.2s:915.0Mbps, rtt :8.12ms cwnd: 245.3 lossRate: 0 CC:16 score:0.67 
1661007481.968954 -- INFO: Throughput @128.2s:765.0Mbps, rtt :2.83ms cwnd: 268.2 lossRate: 0.0 CC:16 score:0.56 
1661007482.980639 -- INFO: Throughput @129.2s:730.0Mbps, rtt :4.11ms cwnd: 275.7 lossRate: 0.0 CC:16 score:0.53 
1661007484.004863 -- INFO: Throughput @130.2s:735.0Mbps, rtt :17.4ms cwnd: 298.9 lossRate: 0.0 CC:16 score:0.54 
1661007484.057110 -- INFO: score [0.56, 0.53, 0.54] ******
1661007484.058704 -- INFO: action array from actor 0.3270191252231598 and action is 22 ******
1661007484.058821 -- INFO: Changing concurrency to 22 ******
1661007484.082933 -- INFO: Process Status Bits from change concurrency are: 1 1 1 1 1 1 1 1 1 1 1 1 1 1 1 1 1 1 1 1 1 1 0 0 0 0 0 0 0 0 0 0
1661007484.083557 -- INFO: Active CC: 22
1661007484.087068 -- INFO: Start Process :: 16
1661007484.087420 -- INFO: Start Process :: 20
1661007484.087516 -- INFO: Start Process :: 21
1661007484.087564 -- INFO: Start Process :: 18
1661007484.087634 -- INFO: Start Process :: 17
1661007484.087827 -- INFO: Start Process :: 19
1661007484.090128 -- INFO: Process 17 get item 31 from queue and executing
1661007484.090365 -- INFO: starting 17, 31, /home/hjamil/Documents/files_bash/FILE19
1661007484.089996 -- INFO: Process 16 get item 9 from queue and executing
1661007484.090612 -- INFO: Process 18 get item 19 from queue and executing
1661007484.090637 -- INFO: Process 21 get item 12 from queue and executing
1661007484.090820 -- INFO: starting 16, 9, /home/hjamil/Documents/files_bash/FILE7
1661007484.090820 -- INFO: starting 18, 19, /home/hjamil/Documents/files_bash/FILE8
1661007484.090861 -- INFO: starting 21, 12, /home/hjamil/Documents/files_bash/FILE22
1661007484.091044 -- INFO: Process 19 get item 20 from queue and executing
1661007484.091261 -- INFO: starting 19, 20, /home/hjamil/Documents/files_bash/FILE15
1661007484.091499 -- INFO: Process 20 get item 5 from queue and executing
1661007484.091804 -- INFO: starting 20, 5, /home/hjamil/Documents/files_bash/FILE24
1661007484.943603 -- INFO: Throughput @131.2s:740.0Mbps, rtt :11.21ms cwnd: 101.7 lossRate: 0.010787025396027156 CC:22 score:0.4 
1661007485.929055 -- INFO: Throughput @132.2s:510.0Mbps, rtt :9.97ms cwnd: 79.7 lossRate: 0.002788543340580395 CC:22 score:0.32 
1661007486.932502 -- INFO: Throughput @133.2s:490.0Mbps, rtt :9.01ms cwnd: 68.9 lossRate: 0.002178800732447906 CC:22 score:0.31 
1661007487.584692 -- INFO: score [0.4, 0.32, 0.31] ******
1661007487.586264 -- INFO: action array from actor -0.2785584628582001 and action is 12 ******
1661007487.586390 -- INFO: Changing concurrency to 12 ******
1661007487.588168 -- INFO: Process Status Bits from change concurrency are: 1 1 1 1 1 1 1 1 1 1 1 1 0 0 0 0 0 0 0 0 0 0 0 0 0 0 0 0 0 0 0 0
1661007487.589211 -- INFO: Active CC: 12
1661007487.931472 -- INFO: Throughput @134.2s:490.0Mbps, rtt :7.66ms cwnd: 54.3 lossRate: 0.011312217194570135 CC:12 score:0.33 
1661007488.930038 -- INFO: Throughput @135.2s:305.0Mbps, rtt :7.02ms cwnd: 57.4 lossRate: 0 CC:12 score:0.24 
1661007489.944663 -- INFO: Throughput @136.2s:330.0Mbps, rtt :7.15ms cwnd: 60.6 lossRate: 0.0 CC:12 score:0.26 
1661007490.932272 -- INFO: Throughput @137.2s:345.0Mbps, rtt :6.77ms cwnd: 58.7 lossRate: 0.000409626216077829 CC:12 score:0.27 
1661007491.090307 -- INFO: score [0.24, 0.26, 0.27] ******
1661007491.092328 -- INFO: action array from actor -0.13249021768569946 and action is 14 ******
1661007491.092500 -- INFO: Changing concurrency to 14 ******
1661007491.093661 -- INFO: Start Process :: 12
1661007491.093895 -- INFO: Start Process :: 13
1661007491.095120 -- INFO: Process 12 get item 23 from queue and executing
1661007491.095305 -- INFO: Process 13 get item 25 from queue and executing
1661007491.095420 -- INFO: Process Status Bits from change concurrency are: 1 1 1 1 1 1 1 1 1 1 1 1 1 1 0 0 0 0 0 0 0 0 0 0 0 0 0 0 0 0 0 0
1661007491.095512 -- INFO: starting 13, 25, /home/hjamil/Documents/files_bash/FILE28
1661007491.095599 -- INFO: starting 12, 23, /home/hjamil/Documents/files_bash/FILE10
1661007491.097820 -- INFO: Active CC: 14
1661007491.933270 -- INFO: Throughput @138.2s:370.0Mbps, rtt :6.8ms cwnd: 55.7 lossRate: 0.0 CC:14 score:0.28 
1661007492.935903 -- INFO: Throughput @139.2s:360.0Mbps, rtt :7.14ms cwnd: 54.8 lossRate: 0.00019180359312064447 CC:14 score:0.27 
1661007493.938909 -- INFO: Throughput @140.2s:365.0Mbps, rtt :7.39ms cwnd: 55.1 lossRate: 0.0 CC:14 score:0.28 
1661007494.598951 -- INFO: score [0.28, 0.27, 0.28] ******
1661007494.600611 -- INFO: action array from actor -0.26209431886672974 and action is 12 ******
1661007494.600737 -- INFO: Changing concurrency to 12 ******
1661007494.603344 -- INFO: Process Status Bits from change concurrency are: 1 1 1 1 1 1 1 1 1 1 1 1 0 0 0 0 0 0 0 0 0 0 0 0 0 0 0 0 0 0 0 0
1661007494.605175 -- INFO: Active CC: 12
1661007494.936882 -- INFO: Throughput @141.2s:355.0Mbps, rtt :7.18ms cwnd: 59.9 lossRate: 0 CC:12 score:0.28 
1661007495.940845 -- INFO: Throughput @142.2s:345.0Mbps, rtt :7.45ms cwnd: 59.9 lossRate: 0.0 CC:12 score:0.27 
1661007496.938396 -- INFO: Throughput @143.2s:350.0Mbps, rtt :7.69ms cwnd: 62.8 lossRate: 0.0 CC:12 score:0.28 
1661007497.938860 -- INFO: Throughput @144.2s:335.0Mbps, rtt :7.55ms cwnd: 62.8 lossRate: 0.0 CC:12 score:0.26 
1661007498.106238 -- INFO: score [0.27, 0.28, 0.26] ******
1661007498.107918 -- INFO: action array from actor -0.2620009779930115 and action is 12 ******
1661007498.108060 -- INFO: Changing concurrency to 12 ******
1661007498.110938 -- INFO: Process Status Bits from change concurrency are: 1 1 1 1 1 1 1 1 1 1 1 1 0 0 0 0 0 0 0 0 0 0 0 0 0 0 0 0 0 0 0 0
1661007498.112937 -- INFO: Active CC: 12
1661007498.940237 -- INFO: Throughput @145.2s:345.0Mbps, rtt :7.71ms cwnd: 63.3 lossRate: 0.0 CC:12 score:0.27 
1661007499.940505 -- INFO: Throughput @146.2s:355.0Mbps, rtt :7.42ms cwnd: 61.8 lossRate: 0.000270042194092827 CC:12 score:0.28 
1661007500.943015 -- INFO: Throughput @147.2s:335.0Mbps, rtt :6.99ms cwnd: 61.8 lossRate: 0.0 CC:12 score:0.26 
1661007501.613992 -- INFO: score [0.27, 0.28, 0.26] ******
1661007501.615674 -- INFO: action array from actor -0.262045681476593 and action is 12 ******
1661007501.615869 -- INFO: Changing concurrency to 12 ******
1661007501.619076 -- INFO: Process Status Bits from change concurrency are: 1 1 1 1 1 1 1 1 1 1 1 1 0 0 0 0 0 0 0 0 0 0 0 0 0 0 0 0 0 0 0 0
1661007501.621170 -- INFO: Active CC: 12
1661007501.944487 -- INFO: Throughput @148.2s:345.0Mbps, rtt :7.78ms cwnd: 66.9 lossRate: 0.0 CC:12 score:0.27 
1661007502.945298 -- INFO: Throughput @149.2s:335.0Mbps, rtt :7.49ms cwnd: 66.9 lossRate: 0.0 CC:12 score:0.26 
1661007503.945916 -- INFO: Throughput @150.2s:350.0Mbps, rtt :7.88ms cwnd: 66.9 lossRate: 0.0 CC:12 score:0.28 
1661007504.946684 -- INFO: Throughput @151.2s:350.0Mbps, rtt :7.29ms cwnd: 66.9 lossRate: 0.0 CC:12 score:0.28 
1661007505.122252 -- INFO: score [0.26, 0.28, 0.28] ******
1661007505.123942 -- INFO: action array from actor -0.13776913285255432 and action is 14 ******
1661007505.124087 -- INFO: Changing concurrency to 14 ******
1661007505.125939 -- INFO: Start Process :: 13
1661007505.126020 -- INFO: Start Process :: 12
1661007505.127194 -- INFO: Process Status Bits from change concurrency are: 1 1 1 1 1 1 1 1 1 1 1 1 1 1 0 0 0 0 0 0 0 0 0 0 0 0 0 0 0 0 0 0
1661007505.127386 -- INFO: Process 12 get item 16 from queue and executing
1661007505.127868 -- INFO: starting 12, 16, /home/hjamil/Documents/files_bash/FILE17
1661007505.128031 -- INFO: Process 13 get item 28 from queue and executing
1661007505.128417 -- INFO: starting 13, 28, /home/hjamil/Documents/files_bash/FILE18
1661007505.129145 -- INFO: Active CC: 14
1661007505.954727 -- INFO: Throughput @152.2s:380.0Mbps, rtt :7.91ms cwnd: 63.6 lossRate: 0.0 CC:14 score:0.29 
1661007506.947496 -- INFO: Throughput @153.2s:400.0Mbps, rtt :7.51ms cwnd: 59.0 lossRate: 0.0007933709449929478 CC:14 score:0.3 
1661007507.950092 -- INFO: Throughput @154.2s:410.0Mbps, rtt :7.43ms cwnd: 57.4 lossRate: 0.0002918004085205719 CC:14 score:0.31 
1661007508.630192 -- INFO: score [0.29, 0.3, 0.31] ******
1661007508.631923 -- INFO: action array from actor -0.2593156397342682 and action is 12 ******
1661007508.632057 -- INFO: Changing concurrency to 12 ******
1661007508.634323 -- INFO: Process Status Bits from change concurrency are: 1 1 1 1 1 1 1 1 1 1 1 1 0 0 0 0 0 0 0 0 0 0 0 0 0 0 0 0 0 0 0 0
1661007508.636093 -- INFO: Active CC: 12
1661007508.950412 -- INFO: Throughput @155.2s:390.0Mbps, rtt :7.47ms cwnd: 59.1 lossRate: 0.0 CC:12 score:0.31 
1661007509.951003 -- INFO: Throughput @156.2s:340.0Mbps, rtt :7.03ms cwnd: 59.1 lossRate: 0.0 CC:12 score:0.27 
1661007510.951448 -- INFO: Throughput @157.2s:335.0Mbps, rtt :7.15ms cwnd: 59.1 lossRate: 0.0 CC:12 score:0.26 
1661007511.953927 -- INFO: Throughput @158.2s:355.0Mbps, rtt :7.5ms cwnd: 59.1 lossRate: 0.0 CC:12 score:0.28 
1661007512.137420 -- INFO: score [0.27, 0.26, 0.28] ******
1661007512.139890 -- INFO: action array from actor -0.24362114071846008 and action is 13 ******
1661007512.140104 -- INFO: Changing concurrency to 13 ******
1661007512.142409 -- INFO: Start Process :: 12
1661007512.143698 -- INFO: Process Status Bits from change concurrency are: 1 1 1 1 1 1 1 1 1 1 1 1 1 0 0 0 0 0 0 0 0 0 0 0 0 0 0 0 0 0 0 0
1661007512.144164 -- INFO: Process 12 get item 17 from queue and executing
1661007512.144373 -- INFO: starting 12, 17, /home/hjamil/Documents/files_bash/FILE23
1661007512.145626 -- INFO: Active CC: 13
1661007512.958025 -- INFO: Throughput @159.2s:355.0Mbps, rtt :7.11ms cwnd: 57.2 lossRate: 0.0 CC:13 score:0.27 
1661007513.954984 -- INFO: Throughput @160.2s:345.0Mbps, rtt :7.41ms cwnd: 60.7 lossRate: 0.0 CC:13 score:0.27 
1661007514.956217 -- INFO: Throughput @161.2s:365.0Mbps, rtt :7.61ms cwnd: 60.7 lossRate: 0.0 CC:13 score:0.28 
1661007515.646841 -- INFO: score [0.27, 0.27, 0.28] ******
1661007515.648553 -- INFO: action array from actor -0.2607635259628296 and action is 12 ******
1661007515.648746 -- INFO: Changing concurrency to 12 ******
1661007515.651714 -- INFO: Process Status Bits from change concurrency are: 1 1 1 1 1 1 1 1 1 1 1 1 0 0 0 0 0 0 0 0 0 0 0 0 0 0 0 0 0 0 0 0
1661007515.653625 -- INFO: Active CC: 12
1661007515.957004 -- INFO: Throughput @162.2s:370.0Mbps, rtt :6.87ms cwnd: 62.7 lossRate: 0.0 CC:12 score:0.29 
1661007516.959260 -- INFO: Throughput @163.2s:335.0Mbps, rtt :7.35ms cwnd: 62.7 lossRate: 0.0 CC:12 score:0.26 
1661007517.958968 -- INFO: Throughput @164.2s:345.0Mbps, rtt :7.49ms cwnd: 62.7 lossRate: 0.0 CC:12 score:0.27 
1661007518.959968 -- INFO: Throughput @165.2s:335.0Mbps, rtt :8.03ms cwnd: 64.1 lossRate: 0.0 CC:12 score:0.26 
1661007519.154639 -- INFO: score [0.26, 0.27, 0.26] ******
1661007519.156456 -- INFO: action array from actor -0.2593615651130676 and action is 12 ******
1661007519.156588 -- INFO: Changing concurrency to 12 ******
1661007519.159491 -- INFO: Process Status Bits from change concurrency are: 1 1 1 1 1 1 1 1 1 1 1 1 0 0 0 0 0 0 0 0 0 0 0 0 0 0 0 0 0 0 0 0
1661007519.161778 -- INFO: Active CC: 12
1661007519.962288 -- INFO: Throughput @166.2s:365.0Mbps, rtt :7.66ms cwnd: 64.1 lossRate: 0.0 CC:12 score:0.29 
1661007520.383869 -- INFO: Process 11 finished on working on file 18 
1661007520.384503 -- INFO: Process 11 get item 14 from queue and executing
1661007520.384900 -- INFO: starting 11, 14, /home/hjamil/Documents/files_bash/FILE30
1661007520.961985 -- INFO: Throughput @167.2s:335.0Mbps, rtt :7.53ms cwnd: 64.1 lossRate: 0.0 CC:12 score:0.26 
1661007521.963568 -- INFO: Throughput @168.2s:335.0Mbps, rtt :7.49ms cwnd: 64.1 lossRate: 0.0 CC:12 score:0.26 
1661007522.662758 -- INFO: score [0.29, 0.26, 0.26] ******
1661007522.664585 -- INFO: action array from actor -0.14241713285446167 and action is 14 ******
1661007522.664774 -- INFO: Changing concurrency to 14 ******
1661007522.666267 -- INFO: Start Process :: 12
1661007522.666683 -- INFO: Start Process :: 13
1661007522.667565 -- INFO: Process Status Bits from change concurrency are: 1 1 1 1 1 1 1 1 1 1 1 1 1 1 0 0 0 0 0 0 0 0 0 0 0 0 0 0 0 0 0 0
1661007522.668113 -- INFO: Process 13 get item 24 from queue and executing
1661007522.668123 -- INFO: Process 12 get item 13 from queue and executing
1661007522.668408 -- INFO: starting 13, 24, /home/hjamil/Documents/files_bash/FILE12
1661007522.668455 -- INFO: starting 12, 13, /home/hjamil/Documents/files_bash/FILE11
1661007522.669177 -- INFO: Active CC: 14
1661007522.963493 -- INFO: Throughput @169.2s:345.0Mbps, rtt :7.99ms cwnd: 59.4 lossRate: 0.00023237285885008632 CC:14 score:0.26 
1661007523.972636 -- INFO: Throughput @170.2s:375.0Mbps, rtt :7.54ms cwnd: 57.5 lossRate: 0.0003810612555968372 CC:14 score:0.28 
1661007524.967669 -- INFO: Throughput @171.2s:360.0Mbps, rtt :7.47ms cwnd: 57.5 lossRate: 0.0 CC:14 score:0.27 
1661007525.968765 -- INFO: Throughput @172.2s:360.0Mbps, rtt :7.47ms cwnd: 57.5 lossRate: 0.0 CC:14 score:0.27 
1661007526.170352 -- INFO: score [0.28, 0.27, 0.27] ******
1661007526.172289 -- INFO: action array from actor -0.26107504963874817 and action is 12 ******
1661007526.172494 -- INFO: Changing concurrency to 12 ******
1661007526.175504 -- INFO: Process Status Bits from change concurrency are: 1 1 1 1 1 1 1 1 1 1 1 1 0 0 0 0 0 0 0 0 0 0 0 0 0 0 0 0 0 0 0 0
1661007526.177096 -- INFO: Active CC: 12
1661007526.975357 -- INFO: Throughput @173.2s:345.0Mbps, rtt :7.2ms cwnd: 61.9 lossRate: 0 CC:12 score:0.27 
1661007527.969739 -- INFO: Throughput @174.2s:355.0Mbps, rtt :6.53ms cwnd: 62.4 lossRate: 0.0 CC:12 score:0.28 
1661007528.971511 -- INFO: Throughput @175.2s:345.0Mbps, rtt :7.02ms cwnd: 62.7 lossRate: 0.0 CC:12 score:0.27 
1661007529.678221 -- INFO: score [0.27, 0.28, 0.27] ******
1661007529.679978 -- INFO: action array from actor -0.26177269220352173 and action is 12 ******
1661007529.680127 -- INFO: Changing concurrency to 12 ******
1661007529.683082 -- INFO: Process Status Bits from change concurrency are: 1 1 1 1 1 1 1 1 1 1 1 1 0 0 0 0 0 0 0 0 0 0 0 0 0 0 0 0 0 0 0 0
1661007529.685202 -- INFO: Active CC: 12
1661007529.972977 -- INFO: Throughput @176.2s:335.0Mbps, rtt :7.85ms cwnd: 62.7 lossRate: 0.0 CC:12 score:0.26 
1661007530.971231 -- INFO: Throughput @177.2s:335.0Mbps, rtt :7.55ms cwnd: 62.7 lossRate: 0.0 CC:12 score:0.26 
1661007531.972513 -- INFO: Throughput @178.2s:350.0Mbps, rtt :7.56ms cwnd: 62.7 lossRate: 0.0 CC:12 score:0.28 
1661007532.975496 -- INFO: Throughput @179.2s:345.0Mbps, rtt :7.21ms cwnd: 62.7 lossRate: 0.0 CC:12 score:0.27 
1661007533.186292 -- INFO: score [0.26, 0.28, 0.27] ******
1661007533.187968 -- INFO: action array from actor -0.2352217435836792 and action is 13 ******
1661007533.188128 -- INFO: Changing concurrency to 13 ******
1661007533.189440 -- INFO: Start Process :: 12
1661007533.190724 -- INFO: Process 12 get item 26 from queue and executing
1661007533.190745 -- INFO: Process Status Bits from change concurrency are: 1 1 1 1 1 1 1 1 1 1 1 1 1 0 0 0 0 0 0 0 0 0 0 0 0 0 0 0 0 0 0 0
1661007533.191097 -- INFO: starting 12, 26, /home/hjamil/Documents/files_bash/FILE27
1661007533.192923 -- INFO: Active CC: 13
1661007533.994221 -- INFO: Throughput @180.2s:385.0Mbps, rtt :5.04ms cwnd: 92.4 lossRate: 0.0 CC:13 score:0.3 
1661007535.016558 -- INFO: Throughput @181.2s:660.0Mbps, rtt :2.79ms cwnd: 334.5 lossRate: 0.0 CC:13 score:0.51 
1661007536.004600 -- INFO: Throughput @182.2s:630.0Mbps, rtt :4.79ms cwnd: 405.2 lossRate: 0.0 CC:13 score:0.49 
1661007536.703109 -- INFO: score [0.3, 0.51, 0.49] ******
1661007536.704494 -- INFO: action array from actor 0.613957941532135 and action is 26 ******
1661007536.704737 -- INFO: Changing concurrency to 26 ******
1661007536.714128 -- INFO: Start Process :: 13
1661007536.713912 -- INFO: Process Status Bits from change concurrency are: 1 1 1 1 1 1 1 1 1 1 1 1 1 1 1 1 1 1 1 1 1 1 1 1 1 1 0 0 0 0 0 0
1661007536.714327 -- INFO: Start Process :: 16
1661007536.714407 -- INFO: Start Process :: 17
1661007536.714564 -- INFO: Start Process :: 14
1661007536.714842 -- INFO: Start Process :: 15
1661007536.714592 -- INFO: Start Process :: 18
1661007536.714883 -- INFO: Start Process :: 21
1661007536.715265 -- INFO: Start Process :: 19
1661007536.715356 -- INFO: Start Process :: 20
1661007536.715640 -- INFO: Process 17 get item 22 from queue and executing
1661007536.715870 -- INFO: Active CC: 26
1661007536.715888 -- INFO: starting 17, 22, /home/hjamil/Documents/files_bash/FILE9
1661007536.717108 -- INFO: Process 16 get item 20 from queue and executing
1661007536.717300 -- INFO: Process 14 get item 29 from queue and executing
1661007536.717247 -- INFO: Process 13 get item 5 from queue and executing
1661007536.717514 -- INFO: starting 14, 29, /home/hjamil/Documents/files_bash/FILE0
1661007536.717633 -- INFO: starting 16, 20, /home/hjamil/Documents/files_bash/FILE15
1661007536.717553 -- INFO: starting 13, 5, /home/hjamil/Documents/files_bash/FILE24
1661007536.718618 -- INFO: Process 21 get item 19 from queue and executing
1661007536.718710 -- INFO: Process 19 get item 30 from queue and executing
1661007536.718917 -- INFO: starting 21, 19, /home/hjamil/Documents/files_bash/FILE8
1661007536.718923 -- INFO: starting 19, 30, /home/hjamil/Documents/files_bash/FILE16
1661007536.725573 -- INFO: Process 15 get item 27 from queue and executing
1661007536.725878 -- INFO: starting 15, 27, /home/hjamil/Documents/files_bash/FILE26
1661007536.726812 -- INFO: Process 18 get item 9 from queue and executing
1661007536.730721 -- INFO: Process 20 get item 12 from queue and executing
1661007536.730983 -- INFO: starting 20, 12, /home/hjamil/Documents/files_bash/FILE22
1661007536.739021 -- INFO: starting 18, 9, /home/hjamil/Documents/files_bash/FILE7
1661007536.755160 -- INFO: Start Process :: 24
1661007536.757704 -- INFO: Process 24 get item 21 from queue and executing
1661007536.757874 -- INFO: starting 24, 21, /home/hjamil/Documents/files_bash/FILE21
1661007536.762813 -- INFO: Start Process :: 23
1661007536.765843 -- INFO: Start Process :: 25
1661007536.766099 -- INFO: Process 23 get item 31 from queue and executing
1661007536.766331 -- INFO: starting 23, 31, /home/hjamil/Documents/files_bash/FILE19
1661007536.768738 -- INFO: Process 25 get item 23 from queue and executing
1661007536.768959 -- INFO: starting 25, 23, /home/hjamil/Documents/files_bash/FILE10
1661007536.792748 -- INFO: Start Process :: 22
1661007536.796408 -- INFO: Process 22 get item 25 from queue and executing
1661007536.796625 -- INFO: starting 22, 25, /home/hjamil/Documents/files_bash/FILE28
1661007537.025461 -- INFO: Throughput @183.2s:720.0Mbps, rtt :11.8ms cwnd: 244.7 lossRate: 0.0007453539603140425 CC:26 score:0.42 
1661007538.021487 -- INFO: Throughput @184.2s:1010.0Mbps, rtt :8.97ms cwnd: 203.7 lossRate: 0.0023942045440521293 CC:26 score:0.58 
1661007539.014230 -- INFO: Throughput @185.2s:935.0Mbps, rtt :9.68ms cwnd: 170.6 lossRate: 0.002399482805778651 CC:26 score:0.54 
1661007540.009971 -- INFO: Throughput @186.2s:945.0Mbps, rtt :10.21ms cwnd: 167.8 lossRate: 0.00038032609895839725 CC:26 score:0.56 
1661007540.227210 -- INFO: score [0.58, 0.54, 0.56] ******
1661007540.228832 -- INFO: action array from actor -0.1417597532272339 and action is 14 ******
1661007540.229140 -- INFO: Changing concurrency to 14 ******
1661007540.242697 -- INFO: Process Status Bits from change concurrency are: 1 1 1 1 1 1 1 1 1 1 1 1 1 1 0 0 0 0 0 0 0 0 0 0 0 0 0 0 0 0 0 0
1661007540.243284 -- INFO: Active CC: 14
1661007541.045256 -- INFO: Throughput @187.2s:795.0Mbps, rtt :3.63ms cwnd: 254.2 lossRate: 0 CC:14 score:0.6 
1661007542.020585 -- INFO: Throughput @188.2s:660.0Mbps, rtt :2.45ms cwnd: 262.9 lossRate: 0.0 CC:14 score:0.5 
1661007543.013084 -- INFO: Throughput @189.2s:660.0Mbps, rtt :3.24ms cwnd: 271.2 lossRate: 0.0 CC:14 score:0.5 
1661007543.751266 -- INFO: score [0.6, 0.5, 0.5] ******
1661007543.752592 -- INFO: action array from actor 0.21312806010246277 and action is 20 ******
1661007543.752699 -- INFO: Changing concurrency to 20 ******
1661007543.770895 -- INFO: Process Status Bits from change concurrency are: 1 1 1 1 1 1 1 1 1 1 1 1 1 1 1 1 1 1 1 1 0 0 0 0 0 0 0 0 0 0 0 0
1661007543.770922 -- INFO: Start Process :: 17
1661007543.771087 -- INFO: Start Process :: 16
1661007543.771367 -- INFO: Active CC: 20
1661007543.771422 -- INFO: Start Process :: 19
1661007543.771591 -- INFO: Start Process :: 14
1661007543.772282 -- INFO: Process 19 get item 16 from queue and executing
1661007543.772303 -- INFO: Start Process :: 15
1661007543.772481 -- INFO: starting 19, 16, /home/hjamil/Documents/files_bash/FILE17
1661007543.772838 -- INFO: Process 16 get item 28 from queue and executing
1661007543.773041 -- INFO: starting 16, 28, /home/hjamil/Documents/files_bash/FILE18
1661007543.774000 -- INFO: Start Process :: 18
1661007543.774670 -- INFO: Process 14 get item 17 from queue and executing
1661007543.774742 -- INFO: Process 17 get item 24 from queue and executing
1661007543.775609 -- INFO: Process 15 get item 13 from queue and executing
1661007543.776017 -- INFO: starting 15, 13, /home/hjamil/Documents/files_bash/FILE11
1661007543.776893 -- INFO: starting 14, 17, /home/hjamil/Documents/files_bash/FILE23
1661007543.776492 -- INFO: starting 17, 24, /home/hjamil/Documents/files_bash/FILE12
1661007543.778548 -- INFO: Process 18 get item 31 from queue and executing
1661007543.779077 -- INFO: starting 18, 31, /home/hjamil/Documents/files_bash/FILE19
1661007544.013785 -- INFO: Throughput @190.2s:710.0Mbps, rtt :6.28ms cwnd: 212.7 lossRate: 0.0 CC:20 score:0.48 
1661007545.045035 -- INFO: Throughput @191.2s:945.0Mbps, rtt :7.38ms cwnd: 231.6 lossRate: 0.0 CC:20 score:0.64 
1661007546.029256 -- INFO: Throughput @192.2s:925.0Mbps, rtt :5.8ms cwnd: 246.8 lossRate: 0.0 CC:20 score:0.62 
1661007547.029119 -- INFO: Throughput @193.2s:925.0Mbps, rtt :5.11ms cwnd: 254.9 lossRate: 0.0 CC:20 score:0.62 
1661007547.283287 -- INFO: score [0.64, 0.62, 0.62] ******
1661007547.292897 -- INFO: action array from actor -0.015154233202338219 and action is 16 ******
1661007547.295719 -- INFO: Changing concurrency to 16 ******
1661007547.330870 -- INFO: Process Status Bits from change concurrency are: 1 1 1 1 1 1 1 1 1 1 1 1 1 1 1 1 0 0 0 0 0 0 0 0 0 0 0 0 0 0 0 0
1661007547.331829 -- INFO: Active CC: 16
1661007548.052769 -- INFO: Throughput @194.2s:805.0Mbps, rtt :3.63ms cwnd: 284.6 lossRate: 0.0 CC:16 score:0.59 
1661007549.038569 -- INFO: Throughput @195.2s:745.0Mbps, rtt :3.51ms cwnd: 290.8 lossRate: 0.0 CC:16 score:0.54 
1661007550.033082 -- INFO: Throughput @196.2s:765.0Mbps, rtt :5.03ms cwnd: 298.7 lossRate: 0.0 CC:16 score:0.56 
1661007550.735884 -- INFO: Process 6 finished on working on file 15 
1661007550.743102 -- INFO: Process 6 get item 25 from queue and executing
1661007550.743668 -- INFO: starting 6, 25, /home/hjamil/Documents/files_bash/FILE28
1661007550.843284 -- INFO: score [0.59, 0.54, 0.56] ******
1661007550.844909 -- INFO: action array from actor 0.3287281394004822 and action is 22 ******
1661007550.845238 -- INFO: Changing concurrency to 22 ******
1661007550.845698 -- INFO: Process Status Bits from change concurrency are: 1 1 1 1 1 1 1 1 1 1 1 1 1 1 1 1 1 1 1 1 1 1 0 0 0 0 0 0 0 0 0 0
1661007550.846295 -- INFO: Start Process :: 16
1661007550.846762 -- INFO: Active CC: 22
1661007550.847080 -- INFO: Start Process :: 19
1661007550.847216 -- INFO: Start Process :: 20
1661007550.847402 -- INFO: Start Process :: 21
1661007550.848333 -- INFO: Process 21 get item 12 from queue and executing
1661007550.848503 -- INFO: starting 21, 12, /home/hjamil/Documents/files_bash/FILE22
1661007550.849490 -- INFO: Process 20 get item 30 from queue and executing
1661007550.849671 -- INFO: starting 20, 30, /home/hjamil/Documents/files_bash/FILE16
1661007550.849774 -- INFO: Process 19 get item 19 from queue and executing
1661007550.849991 -- INFO: starting 19, 19, /home/hjamil/Documents/files_bash/FILE8
1661007550.850064 -- INFO: Process 16 get item 22 from queue and executing
1661007550.850451 -- INFO: starting 16, 22, /home/hjamil/Documents/files_bash/FILE9
1661007550.848516 -- INFO: Start Process :: 17
1661007550.852965 -- INFO: Start Process :: 18
1661007550.855729 -- INFO: Process 17 get item 29 from queue and executing
1661007550.856469 -- INFO: Process 18 get item 9 from queue and executing
1661007550.856832 -- INFO: starting 17, 29, /home/hjamil/Documents/files_bash/FILE0
1661007550.856858 -- INFO: starting 18, 9, /home/hjamil/Documents/files_bash/FILE7
1661007551.013903 -- INFO: Throughput @197.2s:785.0Mbps, rtt :8.58ms cwnd: 246.1 lossRate: 0.0 CC:22 score:0.51 
1661007551.408551 -- INFO: Process 9 finished on working on file 6 
1661007551.421564 -- INFO: Process 9 get item 21 from queue and executing
1661007551.422265 -- INFO: starting 9, 21, /home/hjamil/Documents/files_bash/FILE21
1661007551.773571 -- INFO: Process 0 finished on working on file 0 
1661007551.786744 -- INFO: Process 0 get item 20 from queue and executing
1661007551.787211 -- INFO: starting 0, 20, /home/hjamil/Documents/files_bash/FILE15
1661007552.041610 -- INFO: Throughput @198.2s:1020.0Mbps, rtt :10.49ms cwnd: 222.4 lossRate: 0.0010832635777241618 CC:22 score:0.65 
1661007553.028945 -- INFO: Throughput @199.2s:990.0Mbps, rtt :9.09ms cwnd: 181.7 lossRate: 0.0031000062000124 CC:22 score:0.61 
1661007553.247183 -- INFO: Process 10 finished on working on file 8 
1661007553.263034 -- INFO: Process 10 get item 27 from queue and executing
1661007553.263504 -- INFO: starting 10, 27, /home/hjamil/Documents/files_bash/FILE26
1661007553.527775 -- INFO: Process 7 finished on working on file 10 
1661007553.537132 -- INFO: Process 7 get item 23 from queue and executing
1661007553.543182 -- INFO: starting 7, 23, /home/hjamil/Documents/files_bash/FILE10
1661007554.048926 -- INFO: Throughput @200.2s:985.0Mbps, rtt :9.59ms cwnd: 177.2 lossRate: 0.0002562350529552443 CC:22 score:0.63 
1661007554.351632 -- INFO: score [0.65, 0.61, 0.63] ******
1661007554.353310 -- INFO: episode expires
1661007554.353501 -- INFO: Process 22 shutdown itself from outest loop
1661007554.353546 -- INFO: Process 29 shutdown itself from outest loop
1661007554.354012 -- INFO: Process 23 shutdown itself from outest loop
1661007554.353601 -- INFO: Process 30 shutdown itself from outest loop
1661007554.353661 -- INFO: Process 27 shutdown itself from outest loop
1661007554.354463 -- INFO: Process 28 shutdown itself from outest loop
1661007554.354563 -- INFO: Process 31 shutdown itself from outest loop
1661007554.355077 -- INFO: Process 25 shutdown itself from outest loop
1661007554.355177 -- INFO: Process 24 shutdown itself from outest loop
1661007554.355555 -- INFO: Process 26 shutdown itself from outest loop
