1661361551.536301 -- INFO: action array from actor -0.11071333289146423 and action is 15 ******
1661361551.539514 -- INFO: Process Status Bits from change concurrency are: 1 1 1 1 1 1 1 1 1 1 1 1 1 1 1 0 0 0 0 0 0 0 0 0 0 0 0 0 0 0 0 0
1661361551.540285 -- INFO: Start Process :: 2
1661361551.541943 -- INFO: Start Process :: 0
1661361551.542600 -- INFO: Process 2 found Queue Empty : False
1661361551.542941 -- INFO: Active CC: 15
1661361551.542674 -- INFO: Start Process :: 1
1661361551.543591 -- INFO: Process 2 get item 0 from queue and executing
1661361551.543828 -- INFO: starting 2, 0, /home/hjamil/Documents/files_bash/FILE25
1661361551.543173 -- INFO: Start Process :: 3
1661361551.544532 -- INFO: Process 1 found Queue Empty : False
1661361551.545077 -- INFO: Process 1 get item 1 from queue and executing
1661361551.544812 -- INFO: Start Process :: 5
1661361551.545758 -- INFO: starting 1, 1, /home/hjamil/Documents/files_bash/FILE1
1661361551.562040 -- INFO: Process 0 found Queue Empty : False
1661361551.562347 -- INFO: Process 0 get item 2 from queue and executing
1661361551.562869 -- INFO: Process 3 found Queue Empty : False
1661361551.563007 -- INFO: Process 5 found Queue Empty : False
1661361551.563045 -- INFO: starting 0, 2, /home/hjamil/Documents/files_bash/FILE4
1661361551.563107 -- INFO: Process 3 get item 3 from queue and executing
1661361551.563252 -- INFO: Process 5 get item 4 from queue and executing
1661361551.563300 -- INFO: starting 3, 3, /home/hjamil/Documents/files_bash/FILE13
1661361551.563478 -- INFO: starting 5, 4, /home/hjamil/Documents/files_bash/FILE3
1661361551.565967 -- INFO: Start Process :: 11
1661361551.567650 -- INFO: Process 11 found Queue Empty : False
1661361551.568125 -- INFO: Start Process :: 9
1661361551.568746 -- INFO: Process 11 get item 5 from queue and executing
1661361551.575779 -- INFO: Process 9 found Queue Empty : False
1661361551.576351 -- INFO: Process 9 get item 6 from queue and executing
1661361551.576715 -- INFO: starting 9, 6, /home/hjamil/Documents/files_bash/FILE2
1661361551.579211 -- INFO: Start Process :: 12
1661361551.580843 -- INFO: Process 12 found Queue Empty : False
1661361551.580684 -- INFO: Start Process :: 8
1661361551.581062 -- INFO: Process 12 get item 7 from queue and executing
1661361551.581564 -- INFO: starting 12, 7, /home/hjamil/Documents/files_bash/FILE20
1661361551.582095 -- INFO: Process 8 found Queue Empty : False
1661361551.582295 -- INFO: Process 8 get item 8 from queue and executing
1661361551.582464 -- INFO: starting 8, 8, /home/hjamil/Documents/files_bash/FILE29
1661361551.586125 -- INFO: starting 11, 5, /home/hjamil/Documents/files_bash/FILE24
1661361551.591990 -- INFO: Start Process :: 14
1661361551.592012 -- INFO: Start Process :: 10
1661361551.594609 -- INFO: Process 14 found Queue Empty : False
1661361551.595003 -- INFO: Process 14 get item 9 from queue and executing
1661361551.595287 -- INFO: starting 14, 9, /home/hjamil/Documents/files_bash/FILE7
1661361551.595865 -- INFO: Process 10 found Queue Empty : False
1661361551.595683 -- INFO: Start Process :: 7
1661361551.597700 -- INFO: Process 10 get item 10 from queue and executing
1661361551.598024 -- INFO: starting 10, 10, /home/hjamil/Documents/files_bash/FILE31
1661361551.598027 -- INFO: Process 7 found Queue Empty : False
1661361551.598424 -- INFO: Process 7 get item 11 from queue and executing
1661361551.598667 -- INFO: starting 7, 11, /home/hjamil/Documents/files_bash/FILE6
1661361551.616416 -- INFO: Start Process :: 4
1661361551.623178 -- INFO: Process 4 found Queue Empty : False
1661361551.638617 -- INFO: Start Process :: 6
1661361551.639032 -- INFO: Throughput @0.1s:100.0Mbps, rtt :0.84ms cwnd: 64.4 lossRate: 0.0 CC:15 score:0.07 previous_total 0 bytes and current_total 1250000 bytes
1661361551.639334 -- INFO: Process 4 get item 12 from queue and executing
1661361551.639676 -- INFO: starting 4, 12, /home/hjamil/Documents/files_bash/FILE22
1661361551.639746 -- INFO: Process 6 found Queue Empty : False
1661361551.639997 -- INFO: Process 6 get item 13 from queue and executing
1661361551.639889 -- INFO: Start Process :: 13
1661361551.640280 -- INFO: starting 6, 13, /home/hjamil/Documents/files_bash/FILE11
1661361551.640894 -- INFO: Process 13 found Queue Empty : False
1661361551.641176 -- INFO: Process 13 get item 14 from queue and executing
1661361551.641502 -- INFO: starting 13, 14, /home/hjamil/Documents/files_bash/FILE30
1661361552.592712 -- INFO: Throughput @1.1s:725.0Mbps, rtt :2.6ms cwnd: 151.9 lossRate: 0.0 CC:15 score:0.54 previous_total 1250000 bytes and current_total 91875000 bytes
1661361553.616501 -- INFO: Throughput @2.1s:690.0Mbps, rtt :2.83ms cwnd: 209.1 lossRate: 0.0 CC:15 score:0.51 previous_total 91875000 bytes and current_total 178125000 bytes
1661361554.595532 -- INFO: Throughput @3.1s:700.0Mbps, rtt :2.92ms cwnd: 256.7 lossRate: 0.0 CC:15 score:0.52 previous_total 178125000 bytes and current_total 265625000 bytes
1661361555.063557 -- INFO: score [0.54, 0.51, 0.52] ******
1661361555.067208 -- INFO: action array from actor 0.39741259813308716 and action is 23 ******
1661361555.081288 -- INFO: Process Status Bits from change concurrency are: 1 1 1 1 1 1 1 1 1 1 1 1 1 1 1 1 1 1 1 1 1 1 1 0 0 0 0 0 0 0 0 0
1661361555.090211 -- INFO: Active CC: 23
1661361555.111371 -- INFO: Start Process :: 17
1661361555.112301 -- INFO: Process 17 found Queue Empty : False
1661361555.112544 -- INFO: Process 17 get item 15 from queue and executing
1661361555.112704 -- INFO: starting 17, 15, /home/hjamil/Documents/files_bash/FILE5
1661361555.131365 -- INFO: Start Process :: 20
1661361555.135888 -- INFO: Process 20 found Queue Empty : False
1661361555.136324 -- INFO: Process 20 get item 16 from queue and executing
1661361555.136638 -- INFO: starting 20, 16, /home/hjamil/Documents/files_bash/FILE17
1661361555.145676 -- INFO: Start Process :: 22
1661361555.148042 -- INFO: Process 22 found Queue Empty : False
1661361555.148247 -- INFO: Process 22 get item 17 from queue and executing
1661361555.148417 -- INFO: starting 22, 17, /home/hjamil/Documents/files_bash/FILE23
1661361555.166640 -- INFO: Start Process :: 21
1661361555.169686 -- INFO: Process 21 found Queue Empty : False
1661361555.170069 -- INFO: Process 21 get item 18 from queue and executing
1661361555.170380 -- INFO: starting 21, 18, /home/hjamil/Documents/files_bash/FILE14
1661361555.182601 -- INFO: Start Process :: 16
1661361555.186260 -- INFO: Process 16 found Queue Empty : False
1661361555.187511 -- INFO: Process 16 get item 19 from queue and executing
1661361555.187707 -- INFO: starting 16, 19, /home/hjamil/Documents/files_bash/FILE8
1661361555.196735 -- INFO: Start Process :: 19
1661361555.199997 -- INFO: Process 19 found Queue Empty : False
1661361555.200213 -- INFO: Process 19 get item 20 from queue and executing
1661361555.200387 -- INFO: starting 19, 20, /home/hjamil/Documents/files_bash/FILE15
1661361555.223041 -- INFO: Start Process :: 15
1661361555.225507 -- INFO: Process 15 found Queue Empty : False
1661361555.225817 -- INFO: Process 15 get item 21 from queue and executing
1661361555.226031 -- INFO: starting 15, 21, /home/hjamil/Documents/files_bash/FILE21
1661361555.229255 -- INFO: Start Process :: 18
1661361555.233384 -- INFO: Process 18 found Queue Empty : False
1661361555.233642 -- INFO: Process 18 get item 22 from queue and executing
1661361555.233923 -- INFO: starting 18, 22, /home/hjamil/Documents/files_bash/FILE9
1661361555.616348 -- INFO: Throughput @4.1s:865.0Mbps, rtt :9.58ms cwnd: 203.4 lossRate: 0.000554016620498615 CC:23 score:0.54 previous_total 265625000 bytes and current_total 373750000 bytes
1661361556.612354 -- INFO: Throughput @5.1s:1000.0Mbps, rtt :9.83ms cwnd: 171.0 lossRate: 0.002298965465540507 CC:23 score:0.61 previous_total 373750000 bytes and current_total 498750000 bytes
1661361557.597179 -- INFO: Throughput @6.1s:950.0Mbps, rtt :10.12ms cwnd: 164.0 lossRate: 0.00041143541087436256 CC:23 score:0.6 previous_total 498750000 bytes and current_total 617500000 bytes
1661361558.599433 -- INFO: score [0.54, 0.61, 0.6] ******
1661361558.606559 -- INFO: action array from actor 0.3975929021835327 and action is 23 ******
1661361558.607128 -- INFO: Process Status Bits from change concurrency are: 1 1 1 1 1 1 1 1 1 1 1 1 1 1 1 1 1 1 1 1 1 1 1 0 0 0 0 0 0 0 0 0
1661361558.607690 -- INFO: Active CC: 23
1661361558.608145 -- INFO: Throughput @7.1s:970.0Mbps, rtt :8.12ms cwnd: 163.0 lossRate: 1.2190661952944045e-05 CC:23 score:0.62 previous_total 617500000 bytes and current_total 738750000 bytes
1661361559.608301 -- INFO: Throughput @8.1s:930.0Mbps, rtt :9.06ms cwnd: 163.3 lossRate: 0.0 CC:23 score:0.59 previous_total 738750000 bytes and current_total 855000000 bytes
1661361560.608204 -- INFO: Throughput @9.1s:945.0Mbps, rtt :8.01ms cwnd: 157.7 lossRate: 0.00047116004562813076 CC:23 score:0.59 previous_total 855000000 bytes and current_total 973125000 bytes
1661361561.611641 -- INFO: Throughput @10.1s:920.0Mbps, rtt :10.55ms cwnd: 158.1 lossRate: 0.0 CC:23 score:0.58 previous_total 973125000 bytes and current_total 1088125000 bytes
1661361562.108905 -- INFO: score [0.59, 0.59, 0.58] ******
1661361562.110442 -- INFO: action array from actor 0.39741259813308716 and action is 23 ******
1661361562.126188 -- INFO: Process Status Bits from change concurrency are: 1 1 1 1 1 1 1 1 1 1 1 1 1 1 1 1 1 1 1 1 1 1 1 0 0 0 0 0 0 0 0 0
1661361562.128877 -- INFO: Active CC: 23
1661361562.598711 -- INFO: Throughput @11.1s:950.0Mbps, rtt :11.31ms cwnd: 158.4 lossRate: 0.0 CC:23 score:0.6 previous_total 1088125000 bytes and current_total 1206875000 bytes
1661361563.628603 -- INFO: Throughput @12.1s:925.0Mbps, rtt :8.78ms cwnd: 158.4 lossRate: 0.0 CC:23 score:0.59 previous_total 1206875000 bytes and current_total 1322500000 bytes
1661361564.624007 -- INFO: Throughput @13.1s:945.0Mbps, rtt :9.76ms cwnd: 153.5 lossRate: 0.00040026517567888725 CC:23 score:0.6 previous_total 1322500000 bytes and current_total 1440625000 bytes
1661361565.622125 -- INFO: Throughput @14.1s:920.0Mbps, rtt :8.32ms cwnd: 141.5 lossRate: 0.0006269515403338824 CC:23 score:0.58 previous_total 1440625000 bytes and current_total 1555625000 bytes
1661361565.638839 -- INFO: score [0.59, 0.6, 0.58] ******
1661361565.640332 -- INFO: action array from actor 0.39741259813308716 and action is 23 ******
1661361565.640716 -- INFO: Process Status Bits from change concurrency are: 1 1 1 1 1 1 1 1 1 1 1 1 1 1 1 1 1 1 1 1 1 1 1 0 0 0 0 0 0 0 0 0
1661361565.641106 -- INFO: Active CC: 23
1661361566.618188 -- INFO: Throughput @15.1s:945.0Mbps, rtt :9.32ms cwnd: 138.3 lossRate: 0.00014977907586310194 CC:23 score:0.6 previous_total 1555625000 bytes and current_total 1673750000 bytes
1661361567.620006 -- INFO: Throughput @16.1s:930.0Mbps, rtt :9.22ms cwnd: 136.5 lossRate: 1.244539582581424e-05 CC:23 score:0.59 previous_total 1673750000 bytes and current_total 1790000000 bytes
1661361568.615968 -- INFO: Throughput @17.1s:925.0Mbps, rtt :9.17ms cwnd: 138.3 lossRate: 0.0 CC:23 score:0.59 previous_total 1790000000 bytes and current_total 1905625000 bytes
1661361569.142282 -- INFO: score [0.6, 0.59, 0.59] ******
1661361569.147555 -- INFO: action array from actor 0.3972785174846649 and action is 23 ******
1661361569.154819 -- INFO: Process Status Bits from change concurrency are: 1 1 1 1 1 1 1 1 1 1 1 1 1 1 1 1 1 1 1 1 1 1 1 0 0 0 0 0 0 0 0 0
1661361569.155310 -- INFO: Active CC: 23
1661361569.615884 -- INFO: Throughput @18.1s:950.0Mbps, rtt :8.37ms cwnd: 138.3 lossRate: 0.0 CC:23 score:0.6 previous_total 1905625000 bytes and current_total 2024375000 bytes
1661361570.615660 -- INFO: Throughput @19.1s:935.0Mbps, rtt :8.01ms cwnd: 138.3 lossRate: 0.0 CC:23 score:0.59 previous_total 2024375000 bytes and current_total 2141250000 bytes
1661361571.611910 -- INFO: Throughput @20.1s:945.0Mbps, rtt :11.02ms cwnd: 135.4 lossRate: 0.0003257043356257908 CC:23 score:0.6 previous_total 2141250000 bytes and current_total 2259375000 bytes
1661361572.620505 -- INFO: Throughput @21.1s:910.0Mbps, rtt :10.38ms cwnd: 135.4 lossRate: 0.0 CC:23 score:0.58 previous_total 2259375000 bytes and current_total 2373125000 bytes
1661361572.656374 -- INFO: score [0.59, 0.6, 0.58] ******
1661361572.671471 -- INFO: action array from actor 0.39741265773773193 and action is 23 ******
1661361572.672035 -- INFO: Process Status Bits from change concurrency are: 1 1 1 1 1 1 1 1 1 1 1 1 1 1 1 1 1 1 1 1 1 1 1 0 0 0 0 0 0 0 0 0
1661361572.672668 -- INFO: Active CC: 23
1661361573.631421 -- INFO: Throughput @22.1s:935.0Mbps, rtt :10.15ms cwnd: 129.4 lossRate: 0.00046746792308922485 CC:23 score:0.59 previous_total 2373125000 bytes and current_total 2490000000 bytes
1661361574.627687 -- INFO: Throughput @23.1s:930.0Mbps, rtt :9.51ms cwnd: 131.7 lossRate: 0.0 CC:23 score:0.59 previous_total 2490000000 bytes and current_total 2606250000 bytes
1661361575.621562 -- INFO: Throughput @24.1s:925.0Mbps, rtt :8.42ms cwnd: 133.4 lossRate: 0.0 CC:23 score:0.59 previous_total 2606250000 bytes and current_total 2721875000 bytes
1661361576.184395 -- INFO: score [0.59, 0.59, 0.59] ******
1661361576.186183 -- INFO: action array from actor 0.3972073495388031 and action is 23 ******
1661361576.188701 -- INFO: Process Status Bits from change concurrency are: 1 1 1 1 1 1 1 1 1 1 1 1 1 1 1 1 1 1 1 1 1 1 1 0 0 0 0 0 0 0 0 0
1661361576.192079 -- INFO: Active CC: 23
1661361576.635908 -- INFO: Throughput @25.1s:960.0Mbps, rtt :8.83ms cwnd: 131.0 lossRate: 0.00025709143885508615 CC:23 score:0.61 previous_total 2721875000 bytes and current_total 2841875000 bytes
1661361577.628797 -- INFO: Throughput @26.1s:930.0Mbps, rtt :8.8ms cwnd: 128.7 lossRate: 4.9785300889912255e-05 CC:23 score:0.59 previous_total 2841875000 bytes and current_total 2958125000 bytes
1661361578.615906 -- INFO: Throughput @27.1s:940.0Mbps, rtt :8.36ms cwnd: 128.7 lossRate: 0.0 CC:23 score:0.6 previous_total 2958125000 bytes and current_total 3075625000 bytes
1661361579.604282 -- INFO: Throughput @28.1s:935.0Mbps, rtt :8.92ms cwnd: 128.0 lossRate: 0.0002254283137962128 CC:23 score:0.59 previous_total 3075625000 bytes and current_total 3192500000 bytes
1661361579.694856 -- INFO: score [0.59, 0.6, 0.59] ******
1661361579.696570 -- INFO: action array from actor 0.39740899205207825 and action is 23 ******
1661361579.707173 -- INFO: Process Status Bits from change concurrency are: 1 1 1 1 1 1 1 1 1 1 1 1 1 1 1 1 1 1 1 1 1 1 1 0 0 0 0 0 0 0 0 0
1661361579.707737 -- INFO: Active CC: 23
1661361580.616165 -- INFO: Throughput @29.1s:925.0Mbps, rtt :10.09ms cwnd: 125.4 lossRate: 0.0002455464021313428 CC:23 score:0.58 previous_total 3192500000 bytes and current_total 3308125000 bytes
1661361581.631427 -- INFO: Throughput @30.1s:860.0Mbps, rtt :10.86ms cwnd: 107.8 lossRate: 0.0017541874151199637 CC:23 score:0.53 previous_total 3308125000 bytes and current_total 3415625000 bytes
1661361582.625056 -- INFO: Throughput @31.1s:630.0Mbps, rtt :10.18ms cwnd: 106.6 lossRate: 0.00016630633627141194 CC:23 score:0.4 previous_total 3415625000 bytes and current_total 3494375000 bytes
1661361583.208923 -- INFO: score [0.58, 0.53, 0.4] ******
1661361583.210763 -- INFO: action array from actor 0.2818174362182617 and action is 21 ******
1661361583.212025 -- INFO: Process Status Bits from change concurrency are: 1 1 1 1 1 1 1 1 1 1 1 1 1 1 1 1 1 1 1 1 1 0 0 0 0 0 0 0 0 0 0 0
1661361583.213666 -- INFO: Active CC: 21
1661361583.276421 -- INFO: Process 21 found Queue Full : False
1661361583.332151 -- INFO: Process 22 found Queue Full : False
1661361583.601150 -- INFO: Throughput @32.1s:610.0Mbps, rtt :9.6ms cwnd: 98.7 lossRate: 0 CC:21 score:0.4 previous_total 3494375000 bytes and current_total 3570625000 bytes
1661361584.600858 -- INFO: Throughput @33.1s:615.0Mbps, rtt :9.63ms cwnd: 93.3 lossRate: 0 CC:21 score:0.41 previous_total 3570625000 bytes and current_total 3647500000 bytes
1661361585.619497 -- INFO: Throughput @34.1s:620.0Mbps, rtt :9.9ms cwnd: 90.3 lossRate: 0.0004434343994235353 CC:21 score:0.41 previous_total 3647500000 bytes and current_total 3725000000 bytes
1661361586.604526 -- INFO: Throughput @35.1s:605.0Mbps, rtt :8.93ms cwnd: 88.0 lossRate: 0.00013407906834201654 CC:21 score:0.4 previous_total 3725000000 bytes and current_total 3800625000 bytes
1661361586.714852 -- INFO: score [0.41, 0.41, 0.4] ******
1661361586.716739 -- INFO: action array from actor 0.3974112570285797 and action is 23 ******
1661361586.718001 -- INFO: Process Status Bits from change concurrency are: 1 1 1 1 1 1 1 1 1 1 1 1 1 1 1 1 1 1 1 1 1 1 1 0 0 0 0 0 0 0 0 0
1661361586.717997 -- INFO: Start Process :: 22
1661361586.718057 -- INFO: Start Process :: 21
1661361586.718873 -- INFO: Active CC: 23
1661361586.719434 -- INFO: Process 22 found Queue Empty : False
1661361586.719719 -- INFO: Process 22 get item 23 from queue and executing
1661361586.720008 -- INFO: starting 22, 23, /home/hjamil/Documents/files_bash/FILE10
1661361586.733698 -- INFO: Process 21 found Queue Empty : False
1661361586.734010 -- INFO: Process 21 get item 24 from queue and executing
1661361586.734336 -- INFO: starting 21, 24, /home/hjamil/Documents/files_bash/FILE12
1661361587.604096 -- INFO: Throughput @36.1s:625.0Mbps, rtt :9.56ms cwnd: 81.2 lossRate: 0.00037347575208679574 CC:23 score:0.39 previous_total 3800625000 bytes and current_total 3878750000 bytes
1661361588.603914 -- INFO: Throughput @37.1s:635.0Mbps, rtt :8.97ms cwnd: 81.4 lossRate: 0.0 CC:23 score:0.4 previous_total 3878750000 bytes and current_total 3958125000 bytes
1661361589.605519 -- INFO: Throughput @38.1s:620.0Mbps, rtt :9.38ms cwnd: 81.4 lossRate: 0.0 CC:23 score:0.39 previous_total 3958125000 bytes and current_total 4035625000 bytes
1661361590.220139 -- INFO: score [0.39, 0.4, 0.39] ******
1661361590.221958 -- INFO: action array from actor 0.3968818783760071 and action is 23 ******
1661361590.222985 -- INFO: Process Status Bits from change concurrency are: 1 1 1 1 1 1 1 1 1 1 1 1 1 1 1 1 1 1 1 1 1 1 1 0 0 0 0 0 0 0 0 0
1661361590.223974 -- INFO: Active CC: 23
1661361590.606612 -- INFO: Throughput @39.1s:615.0Mbps, rtt :9.0ms cwnd: 80.1 lossRate: 0.00016794804807046353 CC:23 score:0.39 previous_total 4035625000 bytes and current_total 4112500000 bytes
1661361591.607292 -- INFO: Throughput @40.1s:615.0Mbps, rtt :9.33ms cwnd: 80.4 lossRate: 0.0 CC:23 score:0.39 previous_total 4112500000 bytes and current_total 4189375000 bytes
1661361592.608684 -- INFO: Throughput @41.1s:615.0Mbps, rtt :9.08ms cwnd: 80.4 lossRate: 0.0 CC:23 score:0.39 previous_total 4189375000 bytes and current_total 4266250000 bytes
1661361593.608706 -- INFO: Throughput @42.1s:635.0Mbps, rtt :7.94ms cwnd: 65.7 lossRate: 0.00130718954248366 CC:23 score:0.39 previous_total 4266250000 bytes and current_total 4345625000 bytes
1661361593.725048 -- INFO: score [0.39, 0.39, 0.39] ******
1661361593.726922 -- INFO: action array from actor 0.35891005396842957 and action is 22 ******
1661361593.727828 -- INFO: Process Status Bits from change concurrency are: 1 1 1 1 1 1 1 1 1 1 1 1 1 1 1 1 1 1 1 1 1 1 0 0 0 0 0 0 0 0 0 0
1661361593.729045 -- INFO: Active CC: 22
1661361593.832550 -- INFO: Process 22 found Queue Full : False
1661361594.610542 -- INFO: Throughput @43.1s:610.0Mbps, rtt :7.81ms cwnd: 66.3 lossRate: 0.0 CC:22 score:0.39 previous_total 4345625000 bytes and current_total 4421875000 bytes
1661361595.612631 -- INFO: Throughput @44.1s:630.0Mbps, rtt :8.22ms cwnd: 66.5 lossRate: 0.0 CC:22 score:0.41 previous_total 4421875000 bytes and current_total 4500625000 bytes
1661361596.615042 -- INFO: Throughput @45.1s:610.0Mbps, rtt :7.73ms cwnd: 65.4 lossRate: 0.00022554695135704083 CC:22 score:0.39 previous_total 4500625000 bytes and current_total 4576875000 bytes
1661361597.230341 -- INFO: score [0.39, 0.41, 0.39] ******
1661361597.232046 -- INFO: action array from actor 0.3852918744087219 and action is 22 ******
1661361597.233975 -- INFO: Process Status Bits from change concurrency are: 1 1 1 1 1 1 1 1 1 1 1 1 1 1 1 1 1 1 1 1 1 1 0 0 0 0 0 0 0 0 0 0
1661361597.235318 -- INFO: Active CC: 22
1661361597.613560 -- INFO: Throughput @46.1s:600.0Mbps, rtt :7.77ms cwnd: 64.3 lossRate: 0.00018843392564397293 CC:22 score:0.39 previous_total 4576875000 bytes and current_total 4651875000 bytes
1661361598.619812 -- INFO: Throughput @47.1s:625.0Mbps, rtt :7.61ms cwnd: 64.4 lossRate: 0.0 CC:22 score:0.4 previous_total 4651875000 bytes and current_total 4730000000 bytes
1661361599.617434 -- INFO: Throughput @48.1s:620.0Mbps, rtt :7.7ms cwnd: 64.4 lossRate: 0.0 CC:22 score:0.4 previous_total 4730000000 bytes and current_total 4807500000 bytes
1661361600.617129 -- INFO: Throughput @49.1s:610.0Mbps, rtt :7.59ms cwnd: 65.0 lossRate: 0.0 CC:22 score:0.39 previous_total 4807500000 bytes and current_total 4883750000 bytes
1661361600.736390 -- INFO: score [0.4, 0.4, 0.39] ******
1661361600.738184 -- INFO: action array from actor 0.3579332232475281 and action is 22 ******
1661361600.739957 -- INFO: Process Status Bits from change concurrency are: 1 1 1 1 1 1 1 1 1 1 1 1 1 1 1 1 1 1 1 1 1 1 0 0 0 0 0 0 0 0 0 0
1661361600.741193 -- INFO: Active CC: 22
1661361601.644154 -- INFO: Throughput @50.1s:630.0Mbps, rtt :7.67ms cwnd: 65.6 lossRate: 0.0 CC:22 score:0.41 previous_total 4883750000 bytes and current_total 4962500000 bytes
1661361602.618115 -- INFO: Throughput @51.1s:600.0Mbps, rtt :8.01ms cwnd: 64.7 lossRate: 0.00015385207123350898 CC:22 score:0.39 previous_total 4962500000 bytes and current_total 5037500000 bytes
1661361603.624486 -- INFO: Throughput @52.1s:620.0Mbps, rtt :8.07ms cwnd: 65.4 lossRate: 0.0 CC:22 score:0.4 previous_total 5037500000 bytes and current_total 5115000000 bytes
1661361604.242272 -- INFO: score [0.41, 0.39, 0.4] ******
1661361604.244857 -- INFO: action array from actor 0.357928991317749 and action is 22 ******
1661361604.246305 -- INFO: Process Status Bits from change concurrency are: 1 1 1 1 1 1 1 1 1 1 1 1 1 1 1 1 1 1 1 1 1 1 0 0 0 0 0 0 0 0 0 0
1661361604.247639 -- INFO: Active CC: 22
1661361604.619992 -- INFO: Throughput @53.1s:600.0Mbps, rtt :7.98ms cwnd: 65.4 lossRate: 0.0 CC:22 score:0.39 previous_total 5115000000 bytes and current_total 5190000000 bytes
1661361605.622246 -- INFO: Throughput @54.1s:620.0Mbps, rtt :7.68ms cwnd: 64.0 lossRate: 0.00018842682444272766 CC:22 score:0.4 previous_total 5190000000 bytes and current_total 5267500000 bytes
1661361606.623193 -- INFO: Throughput @55.1s:625.0Mbps, rtt :8.01ms cwnd: 64.0 lossRate: 0.0 CC:22 score:0.4 previous_total 5267500000 bytes and current_total 5345625000 bytes
1661361607.625062 -- INFO: Throughput @56.1s:615.0Mbps, rtt :7.98ms cwnd: 64.0 lossRate: 0.0 CC:22 score:0.4 previous_total 5345625000 bytes and current_total 5422500000 bytes
1661361607.748629 -- INFO: score [0.4, 0.4, 0.4] ******
1661361607.750472 -- INFO: action array from actor 0.3583471179008484 and action is 22 ******
1661361607.751942 -- INFO: Process Status Bits from change concurrency are: 1 1 1 1 1 1 1 1 1 1 1 1 1 1 1 1 1 1 1 1 1 1 0 0 0 0 0 0 0 0 0 0
1661361607.752944 -- INFO: Active CC: 22
1661361608.628770 -- INFO: Throughput @57.1s:620.0Mbps, rtt :7.69ms cwnd: 64.0 lossRate: 0.0 CC:22 score:0.4 previous_total 5422500000 bytes and current_total 5500000000 bytes
1661361609.624940 -- INFO: Throughput @58.1s:605.0Mbps, rtt :7.71ms cwnd: 64.0 lossRate: 0.0 CC:22 score:0.39 previous_total 5500000000 bytes and current_total 5575625000 bytes
1661361610.626040 -- INFO: Throughput @59.1s:615.0Mbps, rtt :7.64ms cwnd: 64.0 lossRate: 0.0 CC:22 score:0.4 previous_total 5575625000 bytes and current_total 5652500000 bytes
1661361611.254015 -- INFO: score [0.4, 0.39, 0.4] ******
1661361611.255793 -- INFO: action array from actor 0.3579304814338684 and action is 22 ******
1661361611.257279 -- INFO: Process Status Bits from change concurrency are: 1 1 1 1 1 1 1 1 1 1 1 1 1 1 1 1 1 1 1 1 1 1 0 0 0 0 0 0 0 0 0 0
1661361611.258407 -- INFO: Active CC: 22
1661361611.627593 -- INFO: Throughput @60.1s:615.0Mbps, rtt :7.5ms cwnd: 64.0 lossRate: 0.0 CC:22 score:0.4 previous_total 5652500000 bytes and current_total 5729375000 bytes
1661361612.629258 -- INFO: Throughput @61.1s:620.0Mbps, rtt :7.87ms cwnd: 64.0 lossRate: 0.0 CC:22 score:0.4 previous_total 5729375000 bytes and current_total 5806875000 bytes
1661361613.627974 -- INFO: Throughput @62.1s:625.0Mbps, rtt :7.62ms cwnd: 64.0 lossRate: 0.0 CC:22 score:0.4 previous_total 5806875000 bytes and current_total 5885000000 bytes
1661361614.628759 -- INFO: Throughput @63.1s:620.0Mbps, rtt :7.83ms cwnd: 64.0 lossRate: 0.0 CC:22 score:0.4 previous_total 5885000000 bytes and current_total 5962500000 bytes
1661361614.759467 -- INFO: score [0.4, 0.4, 0.4] ******
1661361614.761102 -- INFO: action array from actor 0.3587522506713867 and action is 22 ******
1661361614.762468 -- INFO: Process Status Bits from change concurrency are: 1 1 1 1 1 1 1 1 1 1 1 1 1 1 1 1 1 1 1 1 1 1 0 0 0 0 0 0 0 0 0 0
1661361614.763808 -- INFO: Active CC: 22
1661361615.632062 -- INFO: Throughput @64.1s:590.0Mbps, rtt :8.09ms cwnd: 62.6 lossRate: 0.0002634500668034098 CC:22 score:0.38 previous_total 5962500000 bytes and current_total 6036250000 bytes
1661361616.632139 -- INFO: Throughput @65.1s:610.0Mbps, rtt :7.51ms cwnd: 62.6 lossRate: 0.0 CC:22 score:0.39 previous_total 6036250000 bytes and current_total 6112500000 bytes
1661361617.633205 -- INFO: Throughput @66.1s:635.0Mbps, rtt :7.59ms cwnd: 61.5 lossRate: 3.764139047296407e-05 CC:22 score:0.41 previous_total 6112500000 bytes and current_total 6191875000 bytes
1661361618.264994 -- INFO: score [0.38, 0.39, 0.41] ******
1661361618.267053 -- INFO: action array from actor 0.7640345096588135 and action is 28 ******
1661361618.268320 -- INFO: Start Process :: 22
1661361618.268647 -- INFO: Process Status Bits from change concurrency are: 1 1 1 1 1 1 1 1 1 1 1 1 1 1 1 1 1 1 1 1 1 1 1 1 1 1 1 1 0 0 0 0
1661361618.269148 -- INFO: Active CC: 28
1661361618.270290 -- INFO: Start Process :: 25
1661361618.271502 -- INFO: Process 22 found Queue Empty : False
1661361618.271283 -- INFO: Start Process :: 23
1661361618.271998 -- INFO: Process 22 get item 25 from queue and executing
1661361618.271840 -- INFO: Start Process :: 26
1661361618.272223 -- INFO: starting 22, 25, /home/hjamil/Documents/files_bash/FILE28
1661361618.272301 -- INFO: Process 25 found Queue Empty : False
1661361618.272596 -- INFO: Process 25 get item 26 from queue and executing
1661361618.272776 -- INFO: starting 25, 26, /home/hjamil/Documents/files_bash/FILE27
1661361618.273038 -- INFO: Process 23 found Queue Empty : False
1661361618.273365 -- INFO: Process 23 get item 27 from queue and executing
1661361618.273601 -- INFO: starting 23, 27, /home/hjamil/Documents/files_bash/FILE26
1661361618.273287 -- INFO: Start Process :: 27
1661361618.273804 -- INFO: Process 26 found Queue Empty : False
1661361618.274324 -- INFO: Start Process :: 24
1661361618.274965 -- INFO: Process 26 get item 28 from queue and executing
1661361618.275297 -- INFO: Process 27 found Queue Empty : False
1661361618.275340 -- INFO: starting 26, 28, /home/hjamil/Documents/files_bash/FILE18
1661361618.275568 -- INFO: Process 27 get item 29 from queue and executing
1661361618.275734 -- INFO: starting 27, 29, /home/hjamil/Documents/files_bash/FILE0
1661361618.276270 -- INFO: Process 24 found Queue Empty : False
1661361618.276653 -- INFO: Process 24 get item 30 from queue and executing
1661361618.277000 -- INFO: starting 24, 30, /home/hjamil/Documents/files_bash/FILE16
1661361618.633957 -- INFO: Throughput @67.1s:640.0Mbps, rtt :7.57ms cwnd: 55.3 lossRate: 0.00021521961368079344 CC:28 score:0.37 previous_total 6191875000 bytes and current_total 6271875000 bytes
1661361619.635278 -- INFO: Throughput @68.1s:700.0Mbps, rtt :7.87ms cwnd: 55.3 lossRate: 4.980327705563026e-05 CC:28 score:0.4 previous_total 6271875000 bytes and current_total 6359375000 bytes
1661361620.634367 -- INFO: Throughput @69.1s:695.0Mbps, rtt :7.61ms cwnd: 55.5 lossRate: 0.0 CC:28 score:0.4 previous_total 6359375000 bytes and current_total 6446250000 bytes
1661361621.636715 -- INFO: Throughput @70.1s:680.0Mbps, rtt :7.56ms cwnd: 55.5 lossRate: 0.0 CC:28 score:0.39 previous_total 6446250000 bytes and current_total 6531250000 bytes
1661361621.770490 -- INFO: score [0.4, 0.4, 0.39] ******
1661361621.772206 -- INFO: action array from actor 0.3589630722999573 and action is 22 ******
1661361621.772701 -- INFO: Process Status Bits from change concurrency are: 1 1 1 1 1 1 1 1 1 1 1 1 1 1 1 1 1 1 1 1 1 1 0 0 0 0 0 0 0 0 0 0
1661361621.773261 -- INFO: Active CC: 22
1661361621.784265 -- INFO: Process 23 found Queue Full : False
1661361621.807425 -- INFO: Process 22 found Queue Full : False
1661361621.829964 -- INFO: Process 24 found Queue Full : False
1661361621.834271 -- INFO: Process 27 found Queue Full : False
1661361621.843856 -- INFO: Process 26 found Queue Full : False
1661361621.854943 -- INFO: Process 25 found Queue Full : False
1661361622.639151 -- INFO: Throughput @71.1s:650.0Mbps, rtt :7.28ms cwnd: 58.4 lossRate: 0.0009517766497461929 CC:22 score:0.41 previous_total 6531250000 bytes and current_total 6612500000 bytes
1661361623.638188 -- INFO: Throughput @72.1s:615.0Mbps, rtt :7.87ms cwnd: 58.4 lossRate: 0.0 CC:22 score:0.4 previous_total 6612500000 bytes and current_total 6689375000 bytes
1661361624.656075 -- INFO: Throughput @73.1s:630.0Mbps, rtt :7.2ms cwnd: 58.5 lossRate: 0.0 CC:22 score:0.41 previous_total 6689375000 bytes and current_total 6768125000 bytes
1661361625.274308 -- INFO: score [0.41, 0.4, 0.41] ******
1661361625.276062 -- INFO: action array from actor 0.357928991317749 and action is 22 ******
1661361625.277435 -- INFO: Process Status Bits from change concurrency are: 1 1 1 1 1 1 1 1 1 1 1 1 1 1 1 1 1 1 1 1 1 1 0 0 0 0 0 0 0 0 0 0
1661361625.278434 -- INFO: Active CC: 22
1661361625.654004 -- INFO: Throughput @74.1s:615.0Mbps, rtt :7.47ms cwnd: 58.5 lossRate: 0.0 CC:22 score:0.4 previous_total 6768125000 bytes and current_total 6845000000 bytes
1661361626.641490 -- INFO: Throughput @75.1s:620.0Mbps, rtt :7.51ms cwnd: 56.5 lossRate: 0.00017191320293398534 CC:22 score:0.4 previous_total 6845000000 bytes and current_total 6922500000 bytes
1661361627.642426 -- INFO: Throughput @76.1s:585.0Mbps, rtt :7.61ms cwnd: 55.5 lossRate: 0.00016925565125813368 CC:22 score:0.38 previous_total 6922500000 bytes and current_total 6995625000 bytes
1661361628.643997 -- INFO: Throughput @77.1s:625.0Mbps, rtt :7.25ms cwnd: 55.5 lossRate: 0.0 CC:22 score:0.4 previous_total 6995625000 bytes and current_total 7073750000 bytes
1661361628.779561 -- INFO: score [0.4, 0.38, 0.4] ******
1661361628.781192 -- INFO: action array from actor 0.35793015360832214 and action is 22 ******
1661361628.782705 -- INFO: Process Status Bits from change concurrency are: 1 1 1 1 1 1 1 1 1 1 1 1 1 1 1 1 1 1 1 1 1 1 0 0 0 0 0 0 0 0 0 0
1661361628.783813 -- INFO: Active CC: 22
1661361629.644476 -- INFO: Throughput @78.1s:610.0Mbps, rtt :7.56ms cwnd: 55.5 lossRate: 0.0 CC:22 score:0.39 previous_total 7073750000 bytes and current_total 7150000000 bytes
1661361630.677799 -- INFO: Throughput @79.1s:640.0Mbps, rtt :7.55ms cwnd: 55.5 lossRate: 0.0 CC:22 score:0.41 previous_total 7150000000 bytes and current_total 7230000000 bytes
1661361631.675721 -- INFO: Throughput @80.1s:730.0Mbps, rtt :5.8ms cwnd: 62.6 lossRate: 0.0 CC:22 score:0.47 previous_total 7230000000 bytes and current_total 7321250000 bytes
1661361632.298617 -- INFO: score [0.39, 0.41, 0.47] ******
1661361632.300078 -- INFO: action array from actor 0.764841616153717 and action is 28 ******
1661361632.300413 -- INFO: Process Status Bits from change concurrency are: 1 1 1 1 1 1 1 1 1 1 1 1 1 1 1 1 1 1 1 1 1 1 1 1 1 1 1 1 0 0 0 0
1661361632.300734 -- INFO: Start Process :: 22
1661361632.300853 -- INFO: Start Process :: 27
1661361632.300928 -- INFO: Active CC: 28
1661361632.300883 -- INFO: Start Process :: 26
1661361632.300778 -- INFO: Start Process :: 23
1661361632.301159 -- INFO: Start Process :: 24
1661361632.301610 -- INFO: Process 22 found Queue Empty : False
1661361632.301932 -- INFO: Process 22 get item 31 from queue and executing
1661361632.302115 -- INFO: Start Process :: 25
1661361632.302288 -- INFO: starting 22, 31, /home/hjamil/Documents/files_bash/FILE19
1661361632.302918 -- INFO: Process 23 found Queue Empty : False
1661361632.303679 -- INFO: Process 23 get item 18 from queue and executing
1661361632.304188 -- INFO: starting 23, 18, /home/hjamil/Documents/files_bash/FILE14
1661361632.304578 -- INFO: Process 24 found Queue Empty : False
1661361632.304733 -- INFO: Process 25 found Queue Empty : False
1661361632.305472 -- INFO: Process 24 get item 17 from queue and executing
1661361632.305794 -- INFO: starting 24, 17, /home/hjamil/Documents/files_bash/FILE23
1661361632.306287 -- INFO: Process 25 get item 23 from queue and executing
1661361632.306314 -- INFO: Process 26 found Queue Empty : False
1661361632.306459 -- INFO: Process 27 found Queue Empty : False
1661361632.306781 -- INFO: Process 26 get item 27 from queue and executing
1661361632.307193 -- INFO: Process 27 get item 25 from queue and executing
1661361632.307255 -- INFO: starting 26, 27, /home/hjamil/Documents/files_bash/FILE26
1661361632.307992 -- INFO: starting 27, 25, /home/hjamil/Documents/files_bash/FILE28
1661361632.308908 -- INFO: starting 25, 23, /home/hjamil/Documents/files_bash/FILE10
1661361632.676270 -- INFO: Throughput @81.1s:890.0Mbps, rtt :6.68ms cwnd: 69.0 lossRate: 0.0 CC:28 score:0.51 previous_total 7321250000 bytes and current_total 7432500000 bytes
1661361633.680025 -- INFO: Throughput @82.1s:945.0Mbps, rtt :7.37ms cwnd: 83.4 lossRate: 7.423537563100069e-05 CC:28 score:0.54 previous_total 7432500000 bytes and current_total 7550625000 bytes
1661361634.675942 -- INFO: Throughput @83.1s:930.0Mbps, rtt :8.94ms cwnd: 87.9 lossRate: 0.0 CC:28 score:0.53 previous_total 7550625000 bytes and current_total 7666875000 bytes
1661361635.679712 -- INFO: Throughput @84.1s:930.0Mbps, rtt :9.32ms cwnd: 88.3 lossRate: 0.00011112894662106263 CC:28 score:0.53 previous_total 7666875000 bytes and current_total 7783125000 bytes
1661361635.801881 -- INFO: score [0.54, 0.53, 0.53] ******
1661361635.803380 -- INFO: action array from actor 0.3579300045967102 and action is 22 ******
1661361635.804377 -- INFO: Process Status Bits from change concurrency are: 1 1 1 1 1 1 1 1 1 1 1 1 1 1 1 1 1 1 1 1 1 1 0 0 0 0 0 0 0 0 0 0
1661361635.805336 -- INFO: Active CC: 22
1661361635.829533 -- INFO: Process 23 found Queue Full : False
1661361635.863491 -- INFO: Process 22 found Queue Full : False
1661361635.865371 -- INFO: Process 27 found Queue Full : False
1661361635.866688 -- INFO: Process 24 found Queue Full : False
1661361635.874176 -- INFO: Process 25 found Queue Full : False
1661361635.882438 -- INFO: Process 26 found Queue Full : False
1661361636.682995 -- INFO: Throughput @85.1s:945.0Mbps, rtt :6.54ms cwnd: 99.2 lossRate: 0.0 CC:22 score:0.61 previous_total 7783125000 bytes and current_total 7901250000 bytes
1661361637.683590 -- INFO: Throughput @86.1s:935.0Mbps, rtt :6.99ms cwnd: 101.4 lossRate: 0.0 CC:22 score:0.6 previous_total 7901250000 bytes and current_total 8018125000 bytes
1661361638.691754 -- INFO: Throughput @87.1s:925.0Mbps, rtt :7.43ms cwnd: 105.4 lossRate: 0.0 CC:22 score:0.6 previous_total 8018125000 bytes and current_total 8133750000 bytes
1661361639.318630 -- INFO: score [0.61, 0.6, 0.6] ******
1661361639.320012 -- INFO: action array from actor 0.357928991317749 and action is 22 ******
1661361639.320457 -- INFO: Process Status Bits from change concurrency are: 1 1 1 1 1 1 1 1 1 1 1 1 1 1 1 1 1 1 1 1 1 1 0 0 0 0 0 0 0 0 0 0
1661361639.320961 -- INFO: Active CC: 22
1661361639.699944 -- INFO: Throughput @88.1s:935.0Mbps, rtt :8.25ms cwnd: 106.4 lossRate: 0.0 CC:22 score:0.6 previous_total 8133750000 bytes and current_total 8250625000 bytes
1661361640.683708 -- INFO: Throughput @89.1s:920.0Mbps, rtt :8.64ms cwnd: 109.5 lossRate: 0.0 CC:22 score:0.6 previous_total 8250625000 bytes and current_total 8365625000 bytes
1661361641.695911 -- INFO: Throughput @90.1s:950.0Mbps, rtt :6.42ms cwnd: 110.5 lossRate: 0.0 CC:22 score:0.61 previous_total 8365625000 bytes and current_total 8484375000 bytes
1661361642.687852 -- INFO: Throughput @91.1s:930.0Mbps, rtt :7.27ms cwnd: 110.6 lossRate: 0.0 CC:22 score:0.6 previous_total 8484375000 bytes and current_total 8600625000 bytes
1661361642.821977 -- INFO: score [0.6, 0.61, 0.6] ******
1661361642.823579 -- INFO: action array from actor 0.397220253944397 and action is 23 ******
1661361642.824027 -- INFO: Process Status Bits from change concurrency are: 1 1 1 1 1 1 1 1 1 1 1 1 1 1 1 1 1 1 1 1 1 1 1 0 0 0 0 0 0 0 0 0
1661361642.824199 -- INFO: Start Process :: 22
1661361642.824607 -- INFO: Active CC: 23
1661361642.826306 -- INFO: Process 22 found Queue Empty : False
1661361642.826642 -- INFO: Process 22 get item 30 from queue and executing
1661361642.827077 -- INFO: starting 22, 30, /home/hjamil/Documents/files_bash/FILE16
1661361643.675395 -- INFO: Throughput @92.1s:945.0Mbps, rtt :9.25ms cwnd: 103.0 lossRate: 0.0003390171015293438 CC:23 score:0.6 previous_total 8600625000 bytes and current_total 8718750000 bytes
1661361644.695821 -- INFO: Throughput @93.1s:945.0Mbps, rtt :8.4ms cwnd: 94.4 lossRate: 0.0006527656325052652 CC:23 score:0.59 previous_total 8718750000 bytes and current_total 8836875000 bytes
1661361645.691819 -- INFO: Throughput @94.1s:925.0Mbps, rtt :8.3ms cwnd: 93.3 lossRate: 0.0002741569673254742 CC:23 score:0.58 previous_total 8836875000 bytes and current_total 8952500000 bytes
1661361646.325593 -- INFO: score [0.6, 0.59, 0.58] ******
1661361646.327095 -- INFO: action array from actor 0.357928991317749 and action is 22 ******
1661361646.327589 -- INFO: Process Status Bits from change concurrency are: 1 1 1 1 1 1 1 1 1 1 1 1 1 1 1 1 1 1 1 1 1 1 0 0 0 0 0 0 0 0 0 0
1661361646.328052 -- INFO: Active CC: 22
1661361646.358314 -- INFO: Process 22 found Queue Full : False
1661361646.688594 -- INFO: Throughput @95.1s:925.0Mbps, rtt :7.41ms cwnd: 93.0 lossRate: 0.00028719995162948184 CC:22 score:0.6 previous_total 8952500000 bytes and current_total 9068125000 bytes
1661361647.691534 -- INFO: Throughput @96.1s:930.0Mbps, rtt :7.03ms cwnd: 101.3 lossRate: 0.0 CC:22 score:0.6 previous_total 9068125000 bytes and current_total 9184375000 bytes
1661361648.683157 -- INFO: Throughput @97.1s:940.0Mbps, rtt :6.94ms cwnd: 103.3 lossRate: 0.0 CC:22 score:0.61 previous_total 9184375000 bytes and current_total 9301875000 bytes
1661361649.692201 -- INFO: Throughput @98.1s:935.0Mbps, rtt :7.09ms cwnd: 106.5 lossRate: 0.0 CC:22 score:0.6 previous_total 9301875000 bytes and current_total 9418750000 bytes
1661361649.829045 -- INFO: score [0.6, 0.61, 0.6] ******
1661361649.830519 -- INFO: action array from actor 0.3579527735710144 and action is 22 ******
1661361649.841011 -- INFO: Process Status Bits from change concurrency are: 1 1 1 1 1 1 1 1 1 1 1 1 1 1 1 1 1 1 1 1 1 1 0 0 0 0 0 0 0 0 0 0
1661361649.841464 -- INFO: Active CC: 22
1661361650.710809 -- INFO: Throughput @99.1s:930.0Mbps, rtt :6.71ms cwnd: 108.3 lossRate: 0.0 CC:22 score:0.6 previous_total 9418750000 bytes and current_total 9535000000 bytes
1661361651.665466 -- INFO: Throughput @100.1s:575.0Mbps, rtt :10.47ms cwnd: 76.5 lossRate: 0.0035030130811817156 CC:22 score:0.35 previous_total 9535000000 bytes and current_total 9606875000 bytes
1661361652.666305 -- INFO: Throughput @101.1s:435.0Mbps, rtt :9.72ms cwnd: 65.8 lossRate: 0.0016844039506929026 CC:22 score:0.27 previous_total 9606875000 bytes and current_total 9661250000 bytes
1661361653.342516 -- INFO: score [0.6, 0.35, 0.27] ******
1661361653.344178 -- INFO: action array from actor 0.2375677227973938 and action is 20 ******
1661361653.345621 -- INFO: Process Status Bits from change concurrency are: 1 1 1 1 1 1 1 1 1 1 1 1 1 1 1 1 1 1 1 1 0 0 0 0 0 0 0 0 0 0 0 0
1661361653.346831 -- INFO: Active CC: 20
1661361653.370777 -- INFO: Process 21 found Queue Full : False
1661361653.431155 -- INFO: Process 20 found Queue Full : False
1661361653.667366 -- INFO: Throughput @102.1s:460.0Mbps, rtt :8.86ms cwnd: 58.2 lossRate: 0.0015059856548485082 CC:20 score:0.3 previous_total 9661250000 bytes and current_total 9718750000 bytes
1661361654.668140 -- INFO: Throughput @103.1s:435.0Mbps, rtt :8.33ms cwnd: 58.2 lossRate: 0 CC:20 score:0.29 previous_total 9718750000 bytes and current_total 9773125000 bytes
1661361655.669471 -- INFO: Throughput @104.1s:430.0Mbps, rtt :8.55ms cwnd: 56.0 lossRate: 0.0002353310323187951 CC:20 score:0.29 previous_total 9773125000 bytes and current_total 9826875000 bytes
1661361656.669542 -- INFO: Throughput @105.1s:440.0Mbps, rtt :8.79ms cwnd: 56.2 lossRate: 0.0 CC:20 score:0.3 previous_total 9826875000 bytes and current_total 9881875000 bytes
1661361656.847885 -- INFO: score [0.29, 0.29, 0.3] ******
1661361656.849515 -- INFO: action array from actor 0.36542245745658875 and action is 22 ******
1661361656.850686 -- INFO: Start Process :: 20
1661361656.850755 -- INFO: Start Process :: 21
1661361656.851448 -- INFO: Process Status Bits from change concurrency are: 1 1 1 1 1 1 1 1 1 1 1 1 1 1 1 1 1 1 1 1 1 1 0 0 0 0 0 0 0 0 0 0
1661361656.851982 -- INFO: Process 20 found Queue Empty : False
1661361656.852274 -- INFO: Process 21 found Queue Empty : False
1661361656.852335 -- INFO: Process 20 get item 29 from queue and executing
1661361656.852401 -- INFO: Active CC: 22
1661361656.852572 -- INFO: Process 21 get item 28 from queue and executing
1661361656.852694 -- INFO: starting 20, 29, /home/hjamil/Documents/files_bash/FILE0
1661361656.852761 -- INFO: starting 21, 28, /home/hjamil/Documents/files_bash/FILE18
1661361657.670899 -- INFO: Throughput @106.1s:485.0Mbps, rtt :8.33ms cwnd: 50.6 lossRate: 0.0007814666364163453 CC:22 score:0.31 previous_total 9881875000 bytes and current_total 9942500000 bytes
1661361658.672415 -- INFO: Throughput @107.1s:460.0Mbps, rtt :7.81ms cwnd: 47.2 lossRate: 0.0005014039310068191 CC:22 score:0.3 previous_total 9942500000 bytes and current_total 10000000000 bytes
1661361659.674307 -- INFO: Throughput @108.2s:404.55Mbps, rtt :7.78ms cwnd: 45.6 lossRate: 0.0005266325609389106 CC:22 score:0.26 previous_total 10000000000 bytes and current_total 10055625000 bytes
1661361660.353466 -- INFO: score [0.31, 0.3, 0.26] ******
1661361660.355116 -- INFO: action array from actor 0.3579288721084595 and action is 22 ******
1661361660.356726 -- INFO: Process Status Bits from change concurrency are: 1 1 1 1 1 1 1 1 1 1 1 1 1 1 1 1 1 1 1 1 1 1 0 0 0 0 0 0 0 0 0 0
1661361660.358040 -- INFO: Active CC: 22
1661361660.674187 -- INFO: Throughput @109.2s:455.0Mbps, rtt :7.2ms cwnd: 43.1 lossRate: 0.0005511022044088176 CC:22 score:0.29 previous_total 10055625000 bytes and current_total 10112500000 bytes
1661361661.674651 -- INFO: Throughput @110.2s:490.0Mbps, rtt :7.07ms cwnd: 42.3 lossRate: 0.00020060180541624874 CC:22 score:0.32 previous_total 10112500000 bytes and current_total 10173750000 bytes
1661361662.675294 -- INFO: Throughput @111.2s:445.0Mbps, rtt :7.37ms cwnd: 42.3 lossRate: 0.0 CC:22 score:0.29 previous_total 10173750000 bytes and current_total 10229375000 bytes
1661361663.676524 -- INFO: Throughput @112.2s:460.0Mbps, rtt :7.08ms cwnd: 39.5 lossRate: 0.00037635487755921314 CC:22 score:0.3 previous_total 10229375000 bytes and current_total 10286875000 bytes
1661361663.859178 -- INFO: score [0.32, 0.29, 0.3] ******
1661361663.861147 -- INFO: action array from actor 0.357928991317749 and action is 22 ******
1661361663.862705 -- INFO: Process Status Bits from change concurrency are: 1 1 1 1 1 1 1 1 1 1 1 1 1 1 1 1 1 1 1 1 1 1 0 0 0 0 0 0 0 0 0 0
1661361663.863772 -- INFO: Active CC: 22
1661361664.687235 -- INFO: Throughput @113.2s:465.0Mbps, rtt :7.13ms cwnd: 39.0 lossRate: 7.453045811388254e-05 CC:22 score:0.3 previous_total 10286875000 bytes and current_total 10345000000 bytes
1661361665.680152 -- INFO: Throughput @114.2s:460.0Mbps, rtt :7.17ms cwnd: 39.1 lossRate: 0.0 CC:22 score:0.3 previous_total 10345000000 bytes and current_total 10402500000 bytes
1661361666.679713 -- INFO: Throughput @115.2s:465.0Mbps, rtt :7.14ms cwnd: 38.5 lossRate: 0.000125464217605139 CC:22 score:0.3 previous_total 10402500000 bytes and current_total 10460625000 bytes
1661361667.364753 -- INFO: score [0.3, 0.3, 0.3] ******
1661361667.366510 -- INFO: action array from actor 0.3911283612251282 and action is 23 ******
1661361667.367893 -- INFO: Start Process :: 22
1661361667.367990 -- INFO: Process Status Bits from change concurrency are: 1 1 1 1 1 1 1 1 1 1 1 1 1 1 1 1 1 1 1 1 1 1 1 0 0 0 0 0 0 0 0 0
1661361667.369099 -- INFO: Active CC: 23
1661361667.377741 -- INFO: Process 22 found Queue Empty : False
1661361667.378062 -- INFO: Process 22 get item 26 from queue and executing
1661361667.378301 -- INFO: starting 22, 26, /home/hjamil/Documents/files_bash/FILE27
1661361667.680127 -- INFO: Throughput @116.2s:465.0Mbps, rtt :7.0ms cwnd: 37.8 lossRate: 0.00022424317926996386 CC:23 score:0.29 previous_total 10460625000 bytes and current_total 10518750000 bytes
1661361668.682402 -- INFO: Throughput @117.2s:450.0Mbps, rtt :7.34ms cwnd: 37.8 lossRate: 0.0 CC:23 score:0.29 previous_total 10518750000 bytes and current_total 10575000000 bytes
1661361669.683201 -- INFO: Throughput @118.2s:490.0Mbps, rtt :7.12ms cwnd: 37.8 lossRate: 0.0 CC:23 score:0.31 previous_total 10575000000 bytes and current_total 10636250000 bytes
1661361670.684494 -- INFO: Throughput @119.2s:475.0Mbps, rtt :7.05ms cwnd: 38.7 lossRate: 0.0 CC:23 score:0.3 previous_total 10636250000 bytes and current_total 10695625000 bytes
1661361670.870205 -- INFO: score [0.29, 0.31, 0.3] ******
1661361670.872202 -- INFO: action array from actor 0.674887478351593 and action is 27 ******
1661361670.873426 -- INFO: Start Process :: 24
1661361670.873499 -- INFO: Start Process :: 25
1661361670.873549 -- INFO: Process Status Bits from change concurrency are: 1 1 1 1 1 1 1 1 1 1 1 1 1 1 1 1 1 1 1 1 1 1 1 1 1 1 1 0 0 0 0 0
1661361670.873672 -- INFO: Start Process :: 23
1661361670.873711 -- INFO: Start Process :: 26
1661361670.874047 -- INFO: Active CC: 27
1661361670.874819 -- INFO: Process 25 found Queue Empty : False
1661361670.875043 -- INFO: Process 25 get item 18 from queue and executing
1661361670.875088 -- INFO: Process 23 found Queue Empty : False
1661361670.875256 -- INFO: Process 26 found Queue Empty : False
1661361670.875370 -- INFO: Process 24 found Queue Empty : False
1661361670.875381 -- INFO: Process 23 get item 31 from queue and executing
1661361670.875409 -- INFO: starting 25, 18, /home/hjamil/Documents/files_bash/FILE14
1661361670.875533 -- INFO: Process 26 get item 25 from queue and executing
1661361670.875695 -- INFO: starting 23, 31, /home/hjamil/Documents/files_bash/FILE19
1661361670.875670 -- INFO: Process 24 get item 17 from queue and executing
1661361670.875731 -- INFO: starting 26, 25, /home/hjamil/Documents/files_bash/FILE28
1661361670.875968 -- INFO: starting 24, 17, /home/hjamil/Documents/files_bash/FILE23
1661361671.684833 -- INFO: Throughput @120.2s:510.0Mbps, rtt :7.11ms cwnd: 37.5 lossRate: 4.544938075218725e-05 CC:27 score:0.3 previous_total 10695625000 bytes and current_total 10759375000 bytes
1661361672.685223 -- INFO: Throughput @121.2s:515.0Mbps, rtt :7.41ms cwnd: 36.3 lossRate: 0.00035790980672870435 CC:27 score:0.3 previous_total 10759375000 bytes and current_total 10823750000 bytes
1661361673.686420 -- INFO: Throughput @122.2s:520.0Mbps, rtt :6.92ms cwnd: 34.7 lossRate: 0.00044587123238808634 CC:27 score:0.3 previous_total 10823750000 bytes and current_total 10888750000 bytes
1661361674.375124 -- INFO: score [0.3, 0.3, 0.3] ******
1661361674.376898 -- INFO: action array from actor 0.7594163417816162 and action is 28 ******
1661361674.377588 -- INFO: Process Status Bits from change concurrency are: 1 1 1 1 1 1 1 1 1 1 1 1 1 1 1 1 1 1 1 1 1 1 1 1 1 1 1 1 0 0 0 0
1661361674.377676 -- INFO: Start Process :: 27
1661361674.378094 -- INFO: Active CC: 28
1661361674.379506 -- INFO: Process 27 found Queue Empty : False
1661361674.379811 -- INFO: Process 27 get item 23 from queue and executing
1661361674.380048 -- INFO: starting 27, 23, /home/hjamil/Documents/files_bash/FILE10
1661361674.688693 -- INFO: Throughput @123.2s:515.0Mbps, rtt :7.05ms cwnd: 35.3 lossRate: 0.0 CC:28 score:0.3 previous_total 10888750000 bytes and current_total 10953125000 bytes
1661361675.689663 -- INFO: Throughput @124.2s:505.0Mbps, rtt :6.96ms cwnd: 34.0 lossRate: 0.000421669366830156 CC:28 score:0.29 previous_total 10953125000 bytes and current_total 11016250000 bytes
1661361676.689225 -- INFO: Throughput @125.2s:540.0Mbps, rtt :6.89ms cwnd: 34.3 lossRate: 0.0 CC:28 score:0.31 previous_total 11016250000 bytes and current_total 11083750000 bytes
1661361677.691979 -- INFO: Throughput @126.2s:525.0Mbps, rtt :7.23ms cwnd: 34.3 lossRate: 0.0 CC:28 score:0.3 previous_total 11083750000 bytes and current_total 11149375000 bytes
1661361677.879095 -- INFO: score [0.29, 0.31, 0.3] ******
1661361677.880369 -- INFO: action array from actor 0.6419409513473511 and action is 26 ******
1661361677.880784 -- INFO: Process Status Bits from change concurrency are: 1 1 1 1 1 1 1 1 1 1 1 1 1 1 1 1 1 1 1 1 1 1 1 1 1 1 0 0 0 0 0 0
1661361677.881195 -- INFO: Active CC: 26
1661361678.104469 -- INFO: Process 27 found Queue Full : False
1661361678.128342 -- INFO: Process 26 found Queue Full : False
1661361678.692679 -- INFO: Throughput @127.2s:510.0Mbps, rtt :7.08ms cwnd: 34.8 lossRate: 0 CC:26 score:0.3 previous_total 11149375000 bytes and current_total 11213125000 bytes
1661361679.693003 -- INFO: Throughput @128.2s:510.0Mbps, rtt :6.93ms cwnd: 34.8 lossRate: 0.0 CC:26 score:0.3 previous_total 11213125000 bytes and current_total 11276875000 bytes
1661361680.693145 -- INFO: Throughput @129.2s:535.0Mbps, rtt :6.96ms cwnd: 35.0 lossRate: 0.0001361563074409422 CC:26 score:0.32 previous_total 11276875000 bytes and current_total 11343750000 bytes
1661361681.382381 -- INFO: score [0.3, 0.3, 0.32] ******
1661361681.384374 -- INFO: action array from actor 0.7641019225120544 and action is 28 ******
1661361681.385477 -- INFO: Process Status Bits from change concurrency are: 1 1 1 1 1 1 1 1 1 1 1 1 1 1 1 1 1 1 1 1 1 1 1 1 1 1 1 1 0 0 0 0
1661361681.385496 -- INFO: Start Process :: 26
1661361681.385647 -- INFO: Start Process :: 27
1661361681.386088 -- INFO: Active CC: 28
1661361681.387096 -- INFO: Process 27 found Queue Empty : False
1661361681.387514 -- INFO: Process 27 get item 27 from queue and executing
1661361681.387765 -- INFO: starting 27, 27, /home/hjamil/Documents/files_bash/FILE26
1661361681.393828 -- INFO: Process 26 found Queue Empty : False
1661361681.394193 -- INFO: Process 26 get item 30 from queue and executing
1661361681.394397 -- INFO: starting 26, 30, /home/hjamil/Documents/files_bash/FILE16
1661361681.694577 -- INFO: Throughput @130.2s:500.0Mbps, rtt :7.27ms cwnd: 34.5 lossRate: 0.00020327498588368153 CC:28 score:0.29 previous_total 11343750000 bytes and current_total 11406250000 bytes
1661361682.696077 -- INFO: Throughput @131.2s:520.0Mbps, rtt :7.06ms cwnd: 32.8 lossRate: 0.0005585094499798936 CC:28 score:0.3 previous_total 11406250000 bytes and current_total 11471250000 bytes
1661361683.695799 -- INFO: Throughput @132.2s:510.0Mbps, rtt :6.8ms cwnd: 31.7 lossRate: 0.0003572146190082829 CC:28 score:0.29 previous_total 11471250000 bytes and current_total 11535000000 bytes
1661361684.700354 -- INFO: Throughput @133.2s:510.0Mbps, rtt :6.97ms cwnd: 31.5 lossRate: 0.00017849970993797135 CC:28 score:0.29 previous_total 11535000000 bytes and current_total 11598750000 bytes
1661361684.887217 -- INFO: score [0.3, 0.29, 0.29] ******
1661361684.889003 -- INFO: action array from actor 0.4688490033149719 and action is 24 ******
1661361684.889568 -- INFO: Process Status Bits from change concurrency are: 1 1 1 1 1 1 1 1 1 1 1 1 1 1 1 1 1 1 1 1 1 1 1 1 0 0 0 0 0 0 0 0
1661361684.890057 -- INFO: Active CC: 24
1661361684.904119 -- INFO: Process 24 found Queue Full : False
1661361684.912499 -- INFO: Process 26 found Queue Full : False
1661361684.945347 -- INFO: Process 25 found Queue Full : False
1661361685.108555 -- INFO: Process 27 found Queue Full : False
1661361685.699209 -- INFO: Throughput @134.2s:495.0Mbps, rtt :6.67ms cwnd: 32.0 lossRate: 0 CC:24 score:0.31 previous_total 11598750000 bytes and current_total 11660625000 bytes
1661361686.699164 -- INFO: Throughput @135.2s:495.0Mbps, rtt :6.83ms cwnd: 32.9 lossRate: 0.0 CC:24 score:0.31 previous_total 11660625000 bytes and current_total 11722500000 bytes
1661361687.700010 -- INFO: Throughput @136.2s:455.0Mbps, rtt :6.57ms cwnd: 33.0 lossRate: 0.0 CC:24 score:0.28 previous_total 11722500000 bytes and current_total 11779375000 bytes
1661361688.391124 -- INFO: score [0.31, 0.31, 0.28] ******
1661361688.393000 -- INFO: action array from actor 0.34732669591903687 and action is 22 ******
1661361688.394126 -- INFO: Process Status Bits from change concurrency are: 1 1 1 1 1 1 1 1 1 1 1 1 1 1 1 1 1 1 1 1 1 1 0 0 0 0 0 0 0 0 0 0
1661361688.395026 -- INFO: Active CC: 22
1661361688.486139 -- INFO: Process 22 found Queue Full : False
1661361688.530319 -- INFO: Process 23 found Queue Full : False
1661361688.701227 -- INFO: Throughput @137.2s:470.0Mbps, rtt :6.47ms cwnd: 31.3 lossRate: 0.002008032128514056 CC:22 score:0.29 previous_total 11779375000 bytes and current_total 11838125000 bytes
1661361689.718704 -- INFO: Throughput @138.2s:475.0Mbps, rtt :6.49ms cwnd: 32.4 lossRate: 0 CC:22 score:0.31 previous_total 11838125000 bytes and current_total 11897500000 bytes
1661361690.704081 -- INFO: Throughput @139.2s:455.0Mbps, rtt :6.79ms cwnd: 33.8 lossRate: 0.0 CC:22 score:0.29 previous_total 11897500000 bytes and current_total 11954375000 bytes
1661361691.705836 -- INFO: Throughput @140.2s:465.0Mbps, rtt :6.54ms cwnd: 34.3 lossRate: 0.0 CC:22 score:0.3 previous_total 11954375000 bytes and current_total 12012500000 bytes
1661361691.896254 -- INFO: score [0.31, 0.29, 0.3] ******
1661361691.898527 -- INFO: action array from actor 0.3602202832698822 and action is 22 ******
1661361691.900460 -- INFO: Process Status Bits from change concurrency are: 1 1 1 1 1 1 1 1 1 1 1 1 1 1 1 1 1 1 1 1 1 1 0 0 0 0 0 0 0 0 0 0
1661361691.901708 -- INFO: Active CC: 22
1661361692.706182 -- INFO: Throughput @141.2s:450.0Mbps, rtt :6.54ms cwnd: 34.3 lossRate: 0.0 CC:22 score:0.29 previous_total 12012500000 bytes and current_total 12068750000 bytes
1661361693.707151 -- INFO: Throughput @142.2s:460.0Mbps, rtt :6.71ms cwnd: 34.8 lossRate: 0.0 CC:22 score:0.3 previous_total 12068750000 bytes and current_total 12126250000 bytes
1661361694.709779 -- INFO: Throughput @143.2s:480.0Mbps, rtt :6.47ms cwnd: 34.8 lossRate: 0.0 CC:22 score:0.31 previous_total 12126250000 bytes and current_total 12186250000 bytes
1661361695.402814 -- INFO: score [0.29, 0.3, 0.31] ******
1661361695.404540 -- INFO: action array from actor 0.7645893692970276 and action is 28 ******
1661361695.406288 -- INFO: Start Process :: 22
1661361695.406349 -- INFO: Process Status Bits from change concurrency are: 1 1 1 1 1 1 1 1 1 1 1 1 1 1 1 1 1 1 1 1 1 1 1 1 1 1 1 1 0 0 0 0
1661361695.406490 -- INFO: Start Process :: 23
1661361695.406498 -- INFO: Start Process :: 27
1661361695.406526 -- INFO: Start Process :: 24
1661361695.406603 -- INFO: Start Process :: 25
1661361695.406913 -- INFO: Start Process :: 26
1661361695.407120 -- INFO: Active CC: 28
1661361695.407958 -- INFO: Process 24 found Queue Empty : False
1661361695.408157 -- INFO: Process 25 found Queue Empty : False
1661361695.408154 -- INFO: Process 27 found Queue Empty : False
1661361695.408156 -- INFO: Process 22 found Queue Empty : False
1661361695.408364 -- INFO: Process 23 found Queue Empty : False
1661361695.408554 -- INFO: Process 24 get item 16 from queue and executing
1661361695.408526 -- INFO: Process 26 found Queue Empty : False
1661361695.408582 -- INFO: Process 25 get item 24 from queue and executing
1661361695.408852 -- INFO: starting 25, 24, /home/hjamil/Documents/files_bash/FILE12
1661361695.408852 -- INFO: starting 24, 16, /home/hjamil/Documents/files_bash/FILE17
1661361695.408865 -- INFO: Process 26 get item 30 from queue and executing
1661361695.408985 -- INFO: Process 23 get item 25 from queue and executing
1661361695.409079 -- INFO: starting 26, 30, /home/hjamil/Documents/files_bash/FILE16
1661361695.409250 -- INFO: Process 27 get item 23 from queue and executing
1661361695.409240 -- INFO: starting 23, 25, /home/hjamil/Documents/files_bash/FILE28
1661361695.409432 -- INFO: Process 22 get item 17 from queue and executing
1661361695.409690 -- INFO: starting 22, 17, /home/hjamil/Documents/files_bash/FILE23
1661361695.409750 -- INFO: starting 27, 23, /home/hjamil/Documents/files_bash/FILE10
1661361695.707877 -- INFO: Throughput @144.2s:485.0Mbps, rtt :7.12ms cwnd: 32.5 lossRate: 0.0004411764705882353 CC:28 score:0.28 previous_total 12186250000 bytes and current_total 12246875000 bytes
1661361696.708909 -- INFO: Throughput @145.2s:465.0Mbps, rtt :7.18ms cwnd: 32.5 lossRate: 0.00020840569642236888 CC:28 score:0.27 previous_total 12246875000 bytes and current_total 12305000000 bytes
1661361697.710206 -- INFO: Throughput @146.2s:500.0Mbps, rtt :6.89ms cwnd: 32.6 lossRate: 9.244493748411102e-05 CC:28 score:0.29 previous_total 12305000000 bytes and current_total 12367500000 bytes
1661361698.710349 -- INFO: Throughput @147.2s:530.0Mbps, rtt :7.0ms cwnd: 32.6 lossRate: 0.0 CC:28 score:0.3 previous_total 12367500000 bytes and current_total 12433750000 bytes
1661361698.907978 -- INFO: score [0.27, 0.29, 0.3] ******
1661361698.909308 -- INFO: action array from actor 0.7257223129272461 and action is 28 ******
1661361698.909806 -- INFO: Process Status Bits from change concurrency are: 1 1 1 1 1 1 1 1 1 1 1 1 1 1 1 1 1 1 1 1 1 1 1 1 1 1 1 1 0 0 0 0
1661361698.910299 -- INFO: Active CC: 28
1661361699.713432 -- INFO: Throughput @148.2s:485.0Mbps, rtt :7.2ms cwnd: 32.6 lossRate: 9.251335661586142e-05 CC:28 score:0.28 previous_total 12433750000 bytes and current_total 12494375000 bytes
1661361700.713632 -- INFO: Throughput @149.2s:485.0Mbps, rtt :6.97ms cwnd: 32.6 lossRate: 0.0 CC:28 score:0.28 previous_total 12494375000 bytes and current_total 12555000000 bytes
1661361701.714062 -- INFO: Throughput @150.2s:880.0Mbps, rtt :6.3ms cwnd: 49.7 lossRate: 0.0 CC:28 score:0.51 previous_total 12555000000 bytes and current_total 12665000000 bytes
1661361702.411025 -- INFO: score [0.28, 0.28, 0.51] ******
1661361702.412136 -- INFO: action array from actor 0.7867437601089478 and action is 29 ******
1661361702.412488 -- INFO: Process Status Bits from change concurrency are: 1 1 1 1 1 1 1 1 1 1 1 1 1 1 1 1 1 1 1 1 1 1 1 1 1 1 1 1 1 0 0 0
1661361702.412766 -- INFO: Active CC: 29
1661361702.413445 -- INFO: Start Process :: 28
1661361702.415081 -- INFO: Process 28 found Queue Empty : False
1661361702.415373 -- INFO: Process 28 get item 18 from queue and executing
1661361702.415613 -- INFO: starting 28, 18, /home/hjamil/Documents/files_bash/FILE14
1661361702.714291 -- INFO: Throughput @151.2s:945.0Mbps, rtt :6.48ms cwnd: 52.3 lossRate: 0.0 CC:29 score:0.53 previous_total 12665000000 bytes and current_total 12783125000 bytes
1661361703.715693 -- INFO: Throughput @152.2s:935.0Mbps, rtt :6.33ms cwnd: 53.0 lossRate: 0.0 CC:29 score:0.53 previous_total 12783125000 bytes and current_total 12900000000 bytes
1661361704.716819 -- INFO: Throughput @153.2s:935.0Mbps, rtt :6.26ms cwnd: 55.7 lossRate: 0.0 CC:29 score:0.53 previous_total 12900000000 bytes and current_total 13016875000 bytes
1661361705.717537 -- INFO: Throughput @154.2s:935.0Mbps, rtt :6.56ms cwnd: 56.1 lossRate: 0.0 CC:29 score:0.53 previous_total 13016875000 bytes and current_total 13133750000 bytes
1661361705.913723 -- INFO: score [0.53, 0.53, 0.53] ******
1661361705.914841 -- INFO: action array from actor 0.7641613483428955 and action is 28 ******
1661361705.915218 -- INFO: Process Status Bits from change concurrency are: 1 1 1 1 1 1 1 1 1 1 1 1 1 1 1 1 1 1 1 1 1 1 1 1 1 1 1 1 0 0 0 0
1661361705.915521 -- INFO: Active CC: 28
1661361706.060404 -- INFO: Process 28 found Queue Full : False
1661361706.719777 -- INFO: Throughput @155.2s:940.0Mbps, rtt :6.79ms cwnd: 58.2 lossRate: 0.00011090316767172662 CC:28 score:0.54 previous_total 13133750000 bytes and current_total 13251250000 bytes
1661361707.720236 -- INFO: Throughput @156.2s:925.0Mbps, rtt :6.8ms cwnd: 59.9 lossRate: 0.0 CC:28 score:0.53 previous_total 13251250000 bytes and current_total 13366875000 bytes
1661361708.719766 -- INFO: Throughput @157.2s:930.0Mbps, rtt :6.76ms cwnd: 61.1 lossRate: 0.0 CC:28 score:0.53 previous_total 13366875000 bytes and current_total 13483125000 bytes
1661361709.416482 -- INFO: score [0.54, 0.53, 0.53] ******
1661361709.417623 -- INFO: action array from actor 0.4460749626159668 and action is 23 ******
1661361709.418143 -- INFO: Process Status Bits from change concurrency are: 1 1 1 1 1 1 1 1 1 1 1 1 1 1 1 1 1 1 1 1 1 1 1 0 0 0 0 0 0 0 0 0
1661361709.418744 -- INFO: Active CC: 23
1661361709.469459 -- INFO: Process 23 found Queue Full : False
1661361709.571406 -- INFO: Process 25 found Queue Full : False
1661361709.572309 -- INFO: Process 26 found Queue Full : False
1661361709.574229 -- INFO: Process 27 found Queue Full : False
1661361709.593063 -- INFO: Process 24 found Queue Full : False
1661361709.722806 -- INFO: Throughput @158.2s:930.0Mbps, rtt :6.5ms cwnd: 65.2 lossRate: 0 CC:23 score:0.59 previous_total 13483125000 bytes and current_total 13599375000 bytes
1661361710.748118 -- INFO: Throughput @159.2s:960.0Mbps, rtt :6.21ms cwnd: 74.9 lossRate: 0.0 CC:23 score:0.61 previous_total 13599375000 bytes and current_total 13719375000 bytes
1661361711.725351 -- INFO: Throughput @160.2s:925.0Mbps, rtt :7.94ms cwnd: 81.3 lossRate: 0.0 CC:23 score:0.59 previous_total 13719375000 bytes and current_total 13835000000 bytes
1661361712.760181 -- INFO: Throughput @161.2s:930.0Mbps, rtt :7.24ms cwnd: 81.7 lossRate: 0.0 CC:23 score:0.59 previous_total 13835000000 bytes and current_total 13951250000 bytes
1661361712.919803 -- INFO: score [0.61, 0.59, 0.59] ******
1661361712.921613 -- INFO: action array from actor 0.357928991317749 and action is 22 ******
1661361712.922694 -- INFO: Process Status Bits from change concurrency are: 1 1 1 1 1 1 1 1 1 1 1 1 1 1 1 1 1 1 1 1 1 1 0 0 0 0 0 0 0 0 0 0
1661361712.924018 -- INFO: Active CC: 22
1661361712.986424 -- INFO: Process 22 found Queue Full : False
1661361713.730196 -- INFO: Throughput @162.2s:925.0Mbps, rtt :8.88ms cwnd: 86.7 lossRate: 0.0 CC:22 score:0.6 previous_total 13951250000 bytes and current_total 14066875000 bytes
1661361714.752249 -- INFO: Throughput @163.2s:935.0Mbps, rtt :6.8ms cwnd: 86.7 lossRate: 0.0 CC:22 score:0.6 previous_total 14066875000 bytes and current_total 14183750000 bytes
1661361715.732554 -- INFO: Throughput @164.2s:940.0Mbps, rtt :8.41ms cwnd: 89.2 lossRate: 0.0 CC:22 score:0.61 previous_total 14183750000 bytes and current_total 14301250000 bytes
1661361716.425062 -- INFO: score [0.6, 0.6, 0.61] ******
1661361716.426824 -- INFO: action array from actor 0.36819618940353394 and action is 22 ******
1661361716.428364 -- INFO: Process Status Bits from change concurrency are: 1 1 1 1 1 1 1 1 1 1 1 1 1 1 1 1 1 1 1 1 1 1 0 0 0 0 0 0 0 0 0 0
1661361716.429672 -- INFO: Active CC: 22
1661361716.729351 -- INFO: Throughput @165.2s:935.0Mbps, rtt :8.37ms cwnd: 93.8 lossRate: 0.0 CC:22 score:0.6 previous_total 14301250000 bytes and current_total 14418125000 bytes
1661361717.745392 -- INFO: Throughput @166.2s:935.0Mbps, rtt :6.85ms cwnd: 95.6 lossRate: 0.0 CC:22 score:0.6 previous_total 14418125000 bytes and current_total 14535000000 bytes
1661361718.747288 -- INFO: Throughput @167.2s:925.0Mbps, rtt :6.89ms cwnd: 96.9 lossRate: 0.0 CC:22 score:0.6 previous_total 14535000000 bytes and current_total 14650625000 bytes
1661361719.732788 -- INFO: Throughput @168.2s:935.0Mbps, rtt :8.96ms cwnd: 98.4 lossRate: 0.0 CC:22 score:0.6 previous_total 14650625000 bytes and current_total 14767500000 bytes
1661361719.930795 -- INFO: score [0.6, 0.6, 0.6] ******
1661361719.932489 -- INFO: action array from actor 0.3579290807247162 and action is 22 ******
1661361719.933380 -- INFO: Process Status Bits from change concurrency are: 1 1 1 1 1 1 1 1 1 1 1 1 1 1 1 1 1 1 1 1 1 1 0 0 0 0 0 0 0 0 0 0
1661361719.934453 -- INFO: Active CC: 22
1661361720.734701 -- INFO: Throughput @169.2s:940.0Mbps, rtt :9.28ms cwnd: 98.4 lossRate: 0.0 CC:22 score:0.61 previous_total 14767500000 bytes and current_total 14885000000 bytes
1661361721.738356 -- INFO: Throughput @170.2s:945.0Mbps, rtt :9.53ms cwnd: 98.4 lossRate: 0.0 CC:22 score:0.61 previous_total 14885000000 bytes and current_total 15003125000 bytes
1661361722.736327 -- INFO: Throughput @171.2s:930.0Mbps, rtt :8.37ms cwnd: 98.4 lossRate: 0.0 CC:22 score:0.6 previous_total 15003125000 bytes and current_total 15119375000 bytes
1661361723.435369 -- INFO: score [0.61, 0.61, 0.6] ******
1661361723.436811 -- INFO: action array from actor 0.3579298257827759 and action is 22 ******
1661361723.437759 -- INFO: Process Status Bits from change concurrency are: 1 1 1 1 1 1 1 1 1 1 1 1 1 1 1 1 1 1 1 1 1 1 0 0 0 0 0 0 0 0 0 0
1661361723.438478 -- INFO: Active CC: 22
1661361723.759870 -- INFO: Throughput @172.2s:930.0Mbps, rtt :7.01ms cwnd: 99.8 lossRate: 0.0 CC:22 score:0.6 previous_total 15119375000 bytes and current_total 15235625000 bytes
1661361724.765642 -- INFO: Throughput @173.2s:935.0Mbps, rtt :8.03ms cwnd: 99.8 lossRate: 0.0 CC:22 score:0.6 previous_total 15235625000 bytes and current_total 15352500000 bytes
1661361725.772414 -- INFO: Throughput @174.2s:925.0Mbps, rtt :7.33ms cwnd: 99.8 lossRate: 0.0 CC:22 score:0.6 previous_total 15352500000 bytes and current_total 15468125000 bytes
1661361726.756126 -- INFO: Throughput @175.2s:945.0Mbps, rtt :7.23ms cwnd: 99.8 lossRate: 0.0 CC:22 score:0.61 previous_total 15468125000 bytes and current_total 15586250000 bytes
1661361726.939852 -- INFO: score [0.6, 0.6, 0.61] ******
1661361726.941788 -- INFO: action array from actor 0.3579290211200714 and action is 22 ******
1661361726.943221 -- INFO: Process Status Bits from change concurrency are: 1 1 1 1 1 1 1 1 1 1 1 1 1 1 1 1 1 1 1 1 1 1 0 0 0 0 0 0 0 0 0 0
1661361726.944803 -- INFO: Active CC: 22
1661361727.756444 -- INFO: Throughput @176.2s:940.0Mbps, rtt :7.4ms cwnd: 101.2 lossRate: 0.0 CC:22 score:0.61 previous_total 15586250000 bytes and current_total 15703750000 bytes
1661361728.739820 -- INFO: Throughput @177.2s:930.0Mbps, rtt :9.13ms cwnd: 101.2 lossRate: 0.0 CC:22 score:0.6 previous_total 15703750000 bytes and current_total 15820000000 bytes
1661361729.212259 -- INFO: Process 1 finished on working on file 1 
1661361729.212829 -- INFO: Process 1 found Queue Empty : False
1661361729.213183 -- INFO: Process 1 get item 27 from queue and executing
1661361729.213729 -- INFO: starting 1, 27, /home/hjamil/Documents/files_bash/FILE26
1661361729.740655 -- INFO: Throughput @178.2s:930.0Mbps, rtt :9.13ms cwnd: 101.2 lossRate: 0.0 CC:22 score:0.6 previous_total 15820000000 bytes and current_total 15936250000 bytes
1661361730.445818 -- INFO: score [0.61, 0.6, 0.6] ******
1661361730.447438 -- INFO: action array from actor 0.357928991317749 and action is 22 ******
1661361730.448984 -- INFO: Process Status Bits from change concurrency are: 1 1 1 1 1 1 1 1 1 1 1 1 1 1 1 1 1 1 1 1 1 1 0 0 0 0 0 0 0 0 0 0
1661361730.449757 -- INFO: Active CC: 22
1661361730.764906 -- INFO: Throughput @179.2s:920.0Mbps, rtt :8.42ms cwnd: 101.2 lossRate: 0.0 CC:22 score:0.6 previous_total 15936250000 bytes and current_total 16051250000 bytes
1661361731.743865 -- INFO: Throughput @180.2s:940.0Mbps, rtt :9.19ms cwnd: 101.2 lossRate: 0.0 CC:22 score:0.61 previous_total 16051250000 bytes and current_total 16168750000 bytes
1661361732.783804 -- INFO: Throughput @181.2s:955.0Mbps, rtt :7.92ms cwnd: 101.2 lossRate: 0.0 CC:22 score:0.62 previous_total 16168750000 bytes and current_total 16288125000 bytes
1661361733.745464 -- INFO: Throughput @182.2s:915.0Mbps, rtt :8.68ms cwnd: 101.2 lossRate: 0.0 CC:22 score:0.59 previous_total 16288125000 bytes and current_total 16402500000 bytes
1661361733.951263 -- INFO: score [0.61, 0.62, 0.59] ******
1661361733.953315 -- INFO: action array from actor 0.35796499252319336 and action is 22 ******
1661361733.954821 -- INFO: Process Status Bits from change concurrency are: 1 1 1 1 1 1 1 1 1 1 1 1 1 1 1 1 1 1 1 1 1 1 0 0 0 0 0 0 0 0 0 0
1661361733.955887 -- INFO: Active CC: 22
1661361734.777473 -- INFO: Throughput @183.2s:945.0Mbps, rtt :7.12ms cwnd: 101.2 lossRate: 0.0 CC:22 score:0.61 previous_total 16402500000 bytes and current_total 16520625000 bytes
1661361735.776400 -- INFO: Throughput @184.2s:920.0Mbps, rtt :7.16ms cwnd: 101.2 lossRate: 0.0 CC:22 score:0.6 previous_total 16520625000 bytes and current_total 16635625000 bytes
1661361736.749678 -- INFO: Throughput @185.2s:945.0Mbps, rtt :7.4ms cwnd: 101.2 lossRate: 0.0 CC:22 score:0.61 previous_total 16635625000 bytes and current_total 16753750000 bytes
1661361737.457048 -- INFO: score [0.61, 0.6, 0.61] ******
1661361737.459040 -- INFO: action array from actor 0.357928991317749 and action is 22 ******
1661361737.460480 -- INFO: Process Status Bits from change concurrency are: 1 1 1 1 1 1 1 1 1 1 1 1 1 1 1 1 1 1 1 1 1 1 0 0 0 0 0 0 0 0 0 0
1661361737.461746 -- INFO: Active CC: 22
1661361737.768530 -- INFO: Throughput @186.2s:930.0Mbps, rtt :8.72ms cwnd: 99.8 lossRate: 0.00014648973961448785 CC:22 score:0.6 previous_total 16753750000 bytes and current_total 16870000000 bytes
1661361738.751853 -- INFO: Throughput @187.2s:935.0Mbps, rtt :7.62ms cwnd: 99.8 lossRate: 0.0 CC:22 score:0.6 previous_total 16870000000 bytes and current_total 16986875000 bytes
1661361739.776651 -- INFO: Throughput @188.2s:945.0Mbps, rtt :7.03ms cwnd: 99.8 lossRate: 0.0 CC:22 score:0.61 previous_total 16986875000 bytes and current_total 17105000000 bytes
1661361740.779818 -- INFO: Throughput @189.2s:910.0Mbps, rtt :7.34ms cwnd: 101.4 lossRate: 0.0 CC:22 score:0.59 previous_total 17105000000 bytes and current_total 17218750000 bytes
1661361740.962872 -- INFO: score [0.6, 0.61, 0.59] ******
1661361740.964695 -- INFO: action array from actor 0.3579341173171997 and action is 22 ******
1661361740.966392 -- INFO: Process Status Bits from change concurrency are: 1 1 1 1 1 1 1 1 1 1 1 1 1 1 1 1 1 1 1 1 1 1 0 0 0 0 0 0 0 0 0 0
1661361740.967561 -- INFO: Active CC: 22
1661361741.796426 -- INFO: Throughput @190.2s:945.0Mbps, rtt :7.7ms cwnd: 101.4 lossRate: 0.0 CC:22 score:0.61 previous_total 17218750000 bytes and current_total 17336875000 bytes
1661361742.755157 -- INFO: Throughput @191.2s:925.0Mbps, rtt :7.3ms cwnd: 101.4 lossRate: 0.0 CC:22 score:0.6 previous_total 17336875000 bytes and current_total 17452500000 bytes
1661361743.756358 -- INFO: Throughput @192.2s:945.0Mbps, rtt :7.3ms cwnd: 101.4 lossRate: 0.0 CC:22 score:0.61 previous_total 17452500000 bytes and current_total 17570625000 bytes
1661361744.468740 -- INFO: score [0.61, 0.6, 0.61] ******
1661361744.470500 -- INFO: action array from actor 0.357928991317749 and action is 22 ******
1661361744.472283 -- INFO: Process Status Bits from change concurrency are: 1 1 1 1 1 1 1 1 1 1 1 1 1 1 1 1 1 1 1 1 1 1 0 0 0 0 0 0 0 0 0 0
1661361744.473726 -- INFO: Active CC: 22
1661361744.758309 -- INFO: Throughput @193.2s:950.0Mbps, rtt :7.66ms cwnd: 101.4 lossRate: 0.0 CC:22 score:0.61 previous_total 17570625000 bytes and current_total 17689375000 bytes
1661361745.756022 -- INFO: Throughput @194.2s:910.0Mbps, rtt :7.29ms cwnd: 101.4 lossRate: 0.0 CC:22 score:0.59 previous_total 17689375000 bytes and current_total 17803125000 bytes
1661361746.787939 -- INFO: Throughput @195.2s:940.0Mbps, rtt :7.11ms cwnd: 101.4 lossRate: 0.0 CC:22 score:0.61 previous_total 17803125000 bytes and current_total 17920625000 bytes
1661361747.759352 -- INFO: Throughput @196.2s:925.0Mbps, rtt :7.82ms cwnd: 101.4 lossRate: 0.0 CC:22 score:0.6 previous_total 17920625000 bytes and current_total 18036250000 bytes
1661361747.974628 -- INFO: score [0.59, 0.61, 0.6] ******
1661361747.976115 -- INFO: action array from actor 0.3839106261730194 and action is 22 ******
1661361747.977675 -- INFO: Process Status Bits from change concurrency are: 1 1 1 1 1 1 1 1 1 1 1 1 1 1 1 1 1 1 1 1 1 1 0 0 0 0 0 0 0 0 0 0
1661361747.979101 -- INFO: Active CC: 22
1661361748.769641 -- INFO: Throughput @197.2s:960.0Mbps, rtt :7.92ms cwnd: 101.4 lossRate: 0.0 CC:22 score:0.62 previous_total 18036250000 bytes and current_total 18156250000 bytes
1661361749.775374 -- INFO: Throughput @198.2s:915.0Mbps, rtt :7.74ms cwnd: 101.4 lossRate: 0.0 CC:22 score:0.59 previous_total 18156250000 bytes and current_total 18270625000 bytes
1661361750.769796 -- INFO: Throughput @199.2s:940.0Mbps, rtt :8.33ms cwnd: 101.4 lossRate: 0.0 CC:22 score:0.61 previous_total 18270625000 bytes and current_total 18388125000 bytes
1661361751.480160 -- INFO: score [0.62, 0.59, 0.61] ******
1661361751.482027 -- INFO: action array from actor 0.357928991317749 and action is 22 ******
1661361751.483747 -- INFO: Process Status Bits from change concurrency are: 1 1 1 1 1 1 1 1 1 1 1 1 1 1 1 1 1 1 1 1 1 1 0 0 0 0 0 0 0 0 0 0
1661361751.484757 -- INFO: Active CC: 22
1661361751.764982 -- INFO: Throughput @200.2s:930.0Mbps, rtt :7.9ms cwnd: 101.4 lossRate: 0.0 CC:22 score:0.6 previous_total 18388125000 bytes and current_total 18504375000 bytes
1661361752.768786 -- INFO: Throughput @201.2s:910.0Mbps, rtt :8.06ms cwnd: 101.4 lossRate: 0.0 CC:22 score:0.59 previous_total 18504375000 bytes and current_total 18618125000 bytes
1661361753.787928 -- INFO: Throughput @202.2s:965.0Mbps, rtt :8.32ms cwnd: 101.4 lossRate: 0.0 CC:22 score:0.62 previous_total 18618125000 bytes and current_total 18738750000 bytes
1661361754.764539 -- INFO: Throughput @203.2s:930.0Mbps, rtt :8.18ms cwnd: 101.4 lossRate: 0.0 CC:22 score:0.6 previous_total 18738750000 bytes and current_total 18855000000 bytes
1661361754.985867 -- INFO: score [0.59, 0.62, 0.6] ******
1661361754.987552 -- INFO: episode expires
1661361754.987580 -- INFO: Process 26 shutdown itself from outest loop
1661361754.987733 -- INFO: Process 22 shutdown itself from outest loop
1661361754.988043 -- INFO: Process 25 shutdown itself from outest loop
1661361754.987813 -- INFO: Process 31 shutdown itself from outest loop
1661361754.987573 -- INFO: Process 28 shutdown itself from outest loop
1661361754.988007 -- INFO: Process 29 shutdown itself from outest loop
1661361754.988413 -- INFO: Process 23 shutdown itself from outest loop
1661361754.987613 -- INFO: Process 27 shutdown itself from outest loop
1661361754.987627 -- INFO: Process 24 shutdown itself from outest loop
1661361754.988536 -- INFO: Process 30 shutdown itself from outest loop
