1661362339.903674 -- INFO: action array from actor -0.11071333289146423 and action is 15 ******
1661362339.907658 -- INFO: Process Status Bits from change concurrency are: 1 1 1 1 1 1 1 1 1 1 1 1 1 1 1 0 0 0 0 0 0 0 0 0 0 0 0 0 0 0 0 0
1661362339.907394 -- INFO: Start Process :: 0
1661362339.907456 -- INFO: Start Process :: 1
1661362339.909448 -- INFO: Process 0 found Queue Empty : False
1661362339.909692 -- INFO: Active CC: 15
1661362339.909106 -- INFO: Start Process :: 2
1661362339.910308 -- INFO: Process 0 get item 0 from queue and executing
1661362339.911403 -- INFO: starting 0, 0, /home/hjamil/Documents/files_bash/FILE25
1661362339.911171 -- INFO: Start Process :: 4
1661362339.912940 -- INFO: Process 2 found Queue Empty : False
1661362339.913694 -- INFO: Process 2 get item 1 from queue and executing
1661362339.914044 -- INFO: starting 2, 1, /home/hjamil/Documents/files_bash/FILE1
1661362339.914797 -- INFO: Start Process :: 5
1661362339.915605 -- INFO: Start Process :: 6
1661362339.917165 -- INFO: Start Process :: 8
1661362339.917775 -- INFO: Process 5 found Queue Empty : False
1661362339.917788 -- INFO: Process 6 found Queue Empty : False
1661362339.918276 -- INFO: Process 6 get item 2 from queue and executing
1661362339.918213 -- INFO: Start Process :: 9
1661362339.918654 -- INFO: starting 6, 2, /home/hjamil/Documents/files_bash/FILE4
1661362339.918233 -- INFO: Start Process :: 3
1661362339.919622 -- INFO: Process 4 found Queue Empty : False
1661362339.919849 -- INFO: Process 5 get item 3 from queue and executing
1661362339.920155 -- INFO: Process 4 get item 4 from queue and executing
1661362339.920434 -- INFO: starting 5, 3, /home/hjamil/Documents/files_bash/FILE13
1661362339.920511 -- INFO: starting 4, 4, /home/hjamil/Documents/files_bash/FILE3
1661362339.920799 -- INFO: Process 8 found Queue Empty : False
1661362339.921238 -- INFO: Process 9 found Queue Empty : False
1661362339.921691 -- INFO: Process 9 get item 5 from queue and executing
1661362339.921808 -- INFO: Process 3 found Queue Empty : False
1661362339.922011 -- INFO: starting 9, 5, /home/hjamil/Documents/files_bash/FILE24
1661362339.922036 -- INFO: Process 8 get item 6 from queue and executing
1661362339.922184 -- INFO: Process 1 found Queue Empty : False
1661362339.922307 -- INFO: starting 8, 6, /home/hjamil/Documents/files_bash/FILE2
1661362339.922349 -- INFO: Process 3 get item 7 from queue and executing
1661362339.922581 -- INFO: Process 1 get item 8 from queue and executing
1661362339.922623 -- INFO: starting 3, 7, /home/hjamil/Documents/files_bash/FILE20
1661362339.922789 -- INFO: starting 1, 8, /home/hjamil/Documents/files_bash/FILE29
1661362339.923490 -- INFO: Start Process :: 11
1661362339.924294 -- INFO: Start Process :: 10
1661362339.925674 -- INFO: Process 11 found Queue Empty : False
1661362339.927023 -- INFO: Start Process :: 12
1661362339.928065 -- INFO: Process 11 get item 9 from queue and executing
1661362339.928140 -- INFO: Process 10 found Queue Empty : False
1661362339.928301 -- INFO: starting 11, 9, /home/hjamil/Documents/files_bash/FILE7
1661362339.928672 -- INFO: Process 12 found Queue Empty : False
1661362339.928760 -- INFO: Process 10 get item 10 from queue and executing
1661362339.928968 -- INFO: starting 10, 10, /home/hjamil/Documents/files_bash/FILE31
1661362339.929116 -- INFO: Start Process :: 7
1661362339.929698 -- INFO: Process 12 get item 11 from queue and executing
1661362339.930168 -- INFO: starting 12, 11, /home/hjamil/Documents/files_bash/FILE6
1661362339.929864 -- INFO: Start Process :: 14
1661362339.931286 -- INFO: Start Process :: 13
1661362339.932110 -- INFO: Process 14 found Queue Empty : False
1661362339.932438 -- INFO: Process 14 get item 12 from queue and executing
1661362339.932787 -- INFO: starting 14, 12, /home/hjamil/Documents/files_bash/FILE22
1661362339.935665 -- INFO: Process 13 found Queue Empty : False
1661362339.935897 -- INFO: Process 7 found Queue Empty : False
1661362339.936133 -- INFO: Process 7 get item 13 from queue and executing
1661362339.936317 -- INFO: Process 13 get item 14 from queue and executing
1661362339.936464 -- INFO: starting 7, 13, /home/hjamil/Documents/files_bash/FILE11
1661362339.936536 -- INFO: starting 13, 14, /home/hjamil/Documents/files_bash/FILE30
1661362339.951720 -- INFO: Throughput @0.1s:83.89Mbps, rtt :4.0ms cwnd: 40.1 lossRate: 0.0 CC:15 score:0.06 previous_total 0 bytes and current_total 1048576 bytes
1661362340.939022 -- INFO: Throughput @1.1s:922.75Mbps, rtt :6.72ms cwnd: 73.3 lossRate: 0.0 CC:15 score:0.69 previous_total 1048576 bytes and current_total 116391936 bytes
1661362341.940809 -- INFO: Throughput @2.1s:939.52Mbps, rtt :6.17ms cwnd: 78.7 lossRate: 0.0 CC:15 score:0.7 previous_total 116391936 bytes and current_total 233832448 bytes
1661362342.941534 -- INFO: Throughput @3.1s:956.3Mbps, rtt :6.36ms cwnd: 80.7 lossRate: 0.0 CC:15 score:0.71 previous_total 233832448 bytes and current_total 353370112 bytes
1661362343.411483 -- INFO: score [0.69, 0.7, 0.71] ******
1661362343.413113 -- INFO: action array from actor 0.7633082270622253 and action is 28 ******
1661362343.414967 -- INFO: Process Status Bits from change concurrency are: 1 1 1 1 1 1 1 1 1 1 1 1 1 1 1 1 1 1 1 1 1 1 1 1 1 1 1 1 0 0 0 0
1661362343.415580 -- INFO: Active CC: 28
1661362343.417321 -- INFO: Start Process :: 15
1661362343.417370 -- INFO: Start Process :: 17
1661362343.417399 -- INFO: Start Process :: 16
1661362343.419458 -- INFO: Process 15 found Queue Empty : False
1661362343.419055 -- INFO: Start Process :: 19
1661362343.419220 -- INFO: Start Process :: 18
1661362343.419600 -- INFO: Start Process :: 20
1661362343.420243 -- INFO: Process 15 get item 15 from queue and executing
1661362343.420475 -- INFO: starting 15, 15, /home/hjamil/Documents/files_bash/FILE5
1661362343.420570 -- INFO: Process 16 found Queue Empty : False
1661362343.421101 -- INFO: Process 17 found Queue Empty : False
1661362343.421654 -- INFO: Process 16 get item 16 from queue and executing
1661362343.421887 -- INFO: starting 16, 16, /home/hjamil/Documents/files_bash/FILE17
1661362343.421999 -- INFO: Start Process :: 22
1661362343.423777 -- INFO: Process 19 found Queue Empty : False
1661362343.424090 -- INFO: Process 17 get item 17 from queue and executing
1661362343.424191 -- INFO: Process 18 found Queue Empty : False
1661362343.424376 -- INFO: starting 17, 17, /home/hjamil/Documents/files_bash/FILE23
1661362343.424760 -- INFO: Process 18 get item 18 from queue and executing
1661362343.424840 -- INFO: Process 20 found Queue Empty : False
1661362343.424639 -- INFO: Start Process :: 26
1661362343.425121 -- INFO: Process 19 get item 19 from queue and executing
1661362343.425482 -- INFO: starting 18, 18, /home/hjamil/Documents/files_bash/FILE14
1661362343.425528 -- INFO: starting 19, 19, /home/hjamil/Documents/files_bash/FILE8
1661362343.426118 -- INFO: Process 22 found Queue Empty : False
1661362343.426565 -- INFO: Process 20 get item 20 from queue and executing
1661362343.426860 -- INFO: starting 20, 20, /home/hjamil/Documents/files_bash/FILE15
1661362343.426955 -- INFO: Process 22 get item 21 from queue and executing
1661362343.427156 -- INFO: starting 22, 21, /home/hjamil/Documents/files_bash/FILE21
1661362343.426702 -- INFO: Start Process :: 21
1661362343.427323 -- INFO: Start Process :: 27
1661362343.427766 -- INFO: Start Process :: 25
1661362343.428904 -- INFO: Process 21 found Queue Empty : False
1661362343.429257 -- INFO: Process 27 found Queue Empty : False
1661362343.429342 -- INFO: Process 21 get item 22 from queue and executing
1661362343.429410 -- INFO: Process 25 found Queue Empty : False
1661362343.428972 -- INFO: Start Process :: 24
1661362343.429577 -- INFO: starting 21, 22, /home/hjamil/Documents/files_bash/FILE9
1661362343.429701 -- INFO: Process 27 get item 23 from queue and executing
1661362343.429722 -- INFO: Process 25 get item 24 from queue and executing
1661362343.429868 -- INFO: starting 27, 23, /home/hjamil/Documents/files_bash/FILE10
1661362343.429976 -- INFO: starting 25, 24, /home/hjamil/Documents/files_bash/FILE12
1661362343.430125 -- INFO: Start Process :: 23
1661362343.430823 -- INFO: Process 24 found Queue Empty : False
1661362343.431039 -- INFO: Process 24 get item 25 from queue and executing
1661362343.431214 -- INFO: starting 24, 25, /home/hjamil/Documents/files_bash/FILE28
1661362343.432578 -- INFO: Process 23 found Queue Empty : False
1661362343.432809 -- INFO: Process 23 get item 26 from queue and executing
1661362343.433030 -- INFO: starting 23, 26, /home/hjamil/Documents/files_bash/FILE27
1661362343.443617 -- INFO: Process 26 found Queue Empty : False
1661362343.443854 -- INFO: Process 26 get item 27 from queue and executing
1661362343.444075 -- INFO: starting 26, 27, /home/hjamil/Documents/files_bash/FILE26
1661362343.942921 -- INFO: Throughput @4.1s:864.03Mbps, rtt :7.98ms cwnd: 61.9 lossRate: 0.00012403562303093448 CC:28 score:0.5 previous_total 353370112 bytes and current_total 461373440 bytes
1661362344.942973 -- INFO: Throughput @5.1s:956.3Mbps, rtt :7.99ms cwnd: 62.8 lossRate: 0.0 CC:28 score:0.55 previous_total 461373440 bytes and current_total 580911104 bytes
1661362345.944387 -- INFO: Throughput @6.1s:922.75Mbps, rtt :7.55ms cwnd: 63.3 lossRate: 7.427029435793331e-05 CC:28 score:0.53 previous_total 580911104 bytes and current_total 696254464 bytes
1661362346.916684 -- INFO: score [0.5, 0.55, 0.53] ******
1661362346.918231 -- INFO: action array from actor 0.6678870320320129 and action is 27 ******
1661362346.918810 -- INFO: Process Status Bits from change concurrency are: 1 1 1 1 1 1 1 1 1 1 1 1 1 1 1 1 1 1 1 1 1 1 1 1 1 1 1 0 0 0 0 0
1661362346.919319 -- INFO: Active CC: 27
1661362346.944916 -- INFO: Throughput @7.1s:973.08Mbps, rtt :7.24ms cwnd: 61.9 lossRate: 0.000273000273000273 CC:27 score:0.57 previous_total 696254464 bytes and current_total 817889280 bytes
1661362347.106854 -- INFO: Process 27 found Queue Full : False
1661362347.944836 -- INFO: Throughput @8.1s:914.36Mbps, rtt :7.99ms cwnd: 76.4 lossRate: 0.0 CC:27 score:0.54 previous_total 817889280 bytes and current_total 932184064 bytes
1661362348.946977 -- INFO: Throughput @9.1s:931.14Mbps, rtt :8.04ms cwnd: 77.1 lossRate: 0.0 CC:27 score:0.55 previous_total 932184064 bytes and current_total 1048576000 bytes
1661362349.947808 -- INFO: Throughput @10.1s:947.91Mbps, rtt :8.13ms cwnd: 78.1 lossRate: 0.0 CC:27 score:0.56 previous_total 1048576000 bytes and current_total 1167065088 bytes
1661362350.420484 -- INFO: score [0.54, 0.55, 0.56] ******
1661362350.422209 -- INFO: action array from actor 0.7617865204811096 and action is 28 ******
1661362350.422893 -- INFO: Process Status Bits from change concurrency are: 1 1 1 1 1 1 1 1 1 1 1 1 1 1 1 1 1 1 1 1 1 1 1 1 1 1 1 1 0 0 0 0
1661362350.423171 -- INFO: Start Process :: 27
1661362350.423469 -- INFO: Active CC: 28
1661362350.425407 -- INFO: Process 27 found Queue Empty : False
1661362350.425827 -- INFO: Process 27 get item 28 from queue and executing
1661362350.426285 -- INFO: starting 27, 28, /home/hjamil/Documents/files_bash/FILE18
1661362350.946794 -- INFO: Throughput @11.1s:956.3Mbps, rtt :7.93ms cwnd: 78.3 lossRate: 0.0 CC:28 score:0.55 previous_total 1167065088 bytes and current_total 1286602752 bytes
1661362351.951120 -- INFO: Throughput @12.1s:914.36Mbps, rtt :7.69ms cwnd: 78.9 lossRate: 0.0 CC:28 score:0.53 previous_total 1286602752 bytes and current_total 1400897536 bytes
1661362352.952684 -- INFO: Throughput @13.1s:922.75Mbps, rtt :8.09ms cwnd: 79.8 lossRate: 6.210177238458386e-05 CC:28 score:0.53 previous_total 1400897536 bytes and current_total 1516240896 bytes
1661362353.924769 -- INFO: score [0.55, 0.53, 0.53] ******
1661362353.926472 -- INFO: action array from actor 0.357928991317749 and action is 22 ******
1661362353.927092 -- INFO: Process Status Bits from change concurrency are: 1 1 1 1 1 1 1 1 1 1 1 1 1 1 1 1 1 1 1 1 1 1 0 0 0 0 0 0 0 0 0 0
1661362353.927570 -- INFO: Active CC: 22
1661362353.929711 -- INFO: Process 25 found Queue Full : False
1661362353.931461 -- INFO: Process 27 found Queue Full : False
1661362353.951752 -- INFO: Throughput @14.1s:939.52Mbps, rtt :7.65ms cwnd: 79.9 lossRate: 0.0 CC:22 score:0.61 previous_total 1516240896 bytes and current_total 1633681408 bytes
1661362353.990682 -- INFO: Process 23 found Queue Full : False
1661362354.101467 -- INFO: Process 26 found Queue Full : False
1661362354.122801 -- INFO: Process 22 found Queue Full : False
1661362354.130532 -- INFO: Process 24 found Queue Full : False
1661362354.953445 -- INFO: Throughput @15.1s:947.91Mbps, rtt :7.62ms cwnd: 85.9 lossRate: 0 CC:22 score:0.61 previous_total 1633681408 bytes and current_total 1752170496 bytes
1661362355.954666 -- INFO: Throughput @16.1s:981.47Mbps, rtt :7.95ms cwnd: 92.9 lossRate: 0.0 CC:22 score:0.63 previous_total 1752170496 bytes and current_total 1874853888 bytes
1661362356.955127 -- INFO: Throughput @17.1s:905.97Mbps, rtt :8.14ms cwnd: 94.1 lossRate: 0.0 CC:22 score:0.59 previous_total 1874853888 bytes and current_total 1988100096 bytes
1661362357.428883 -- INFO: score [0.61, 0.63, 0.59] ******
1661362357.431400 -- INFO: action array from actor 0.3581524193286896 and action is 22 ******
1661362357.433349 -- INFO: Process Status Bits from change concurrency are: 1 1 1 1 1 1 1 1 1 1 1 1 1 1 1 1 1 1 1 1 1 1 0 0 0 0 0 0 0 0 0 0
1661362357.434765 -- INFO: Active CC: 22
1661362357.955909 -- INFO: Throughput @18.1s:922.75Mbps, rtt :7.92ms cwnd: 94.1 lossRate: 0.0 CC:22 score:0.6 previous_total 1988100096 bytes and current_total 2103443456 bytes
1661362358.957173 -- INFO: Throughput @19.1s:931.14Mbps, rtt :7.7ms cwnd: 94.1 lossRate: 0.0 CC:22 score:0.6 previous_total 2103443456 bytes and current_total 2219835392 bytes
1661362359.958000 -- INFO: Throughput @20.1s:947.91Mbps, rtt :8.27ms cwnd: 93.6 lossRate: 8.698029275081389e-05 CC:22 score:0.61 previous_total 2219835392 bytes and current_total 2338324480 bytes
1661362360.935872 -- INFO: score [0.6, 0.6, 0.61] ******
1661362360.937515 -- INFO: action array from actor 0.358489453792572 and action is 22 ******
1661362360.939837 -- INFO: Process Status Bits from change concurrency are: 1 1 1 1 1 1 1 1 1 1 1 1 1 1 1 1 1 1 1 1 1 1 0 0 0 0 0 0 0 0 0 0
1661362360.940952 -- INFO: Active CC: 22
1661362360.959110 -- INFO: Throughput @21.1s:931.14Mbps, rtt :7.91ms cwnd: 93.6 lossRate: 0.0 CC:22 score:0.6 previous_total 2338324480 bytes and current_total 2454716416 bytes
1661362361.959955 -- INFO: Throughput @22.1s:914.36Mbps, rtt :7.62ms cwnd: 93.6 lossRate: 0.0 CC:22 score:0.59 previous_total 2454716416 bytes and current_total 2569011200 bytes
1661362362.961794 -- INFO: Throughput @23.1s:998.24Mbps, rtt :10.21ms cwnd: 176.7 lossRate: 0.0012929489477187773 CC:22 score:0.63 previous_total 2569011200 bytes and current_total 2693791744 bytes
1661362363.962513 -- INFO: Throughput @24.1s:956.3Mbps, rtt :10.47ms cwnd: 172.0 lossRate: 0.00038387715930902113 CC:22 score:0.61 previous_total 2693791744 bytes and current_total 2813329408 bytes
1661362364.442196 -- INFO: score [0.59, 0.63, 0.61] ******
1661362364.444498 -- INFO: action array from actor 0.7962142825126648 and action is 29 ******
1661362364.445818 -- INFO: Start Process :: 24
1661362364.445874 -- INFO: Process Status Bits from change concurrency are: 1 1 1 1 1 1 1 1 1 1 1 1 1 1 1 1 1 1 1 1 1 1 1 1 1 1 1 1 1 0 0 0
1661362364.445876 -- INFO: Start Process :: 25
1661362364.446026 -- INFO: Start Process :: 26
1661362364.446203 -- INFO: Start Process :: 23
1661362364.446231 -- INFO: Start Process :: 27
1661362364.446319 -- INFO: Start Process :: 22
1661362364.446382 -- INFO: Active CC: 29
1661362364.447541 -- INFO: Process 24 found Queue Empty : False
1661362364.447263 -- INFO: Start Process :: 28
1661362364.447798 -- INFO: Process 24 get item 29 from queue and executing
1661362364.447753 -- INFO: Process 26 found Queue Empty : False
1661362364.447988 -- INFO: Process 27 found Queue Empty : False
1661362364.448031 -- INFO: Process 26 get item 30 from queue and executing
1661362364.448078 -- INFO: starting 24, 29, /home/hjamil/Documents/files_bash/FILE0
1661362364.448388 -- INFO: starting 26, 30, /home/hjamil/Documents/files_bash/FILE16
1661362364.448378 -- INFO: Process 27 get item 31 from queue and executing
1661362364.448677 -- INFO: starting 27, 31, /home/hjamil/Documents/files_bash/FILE19
1661362364.448735 -- INFO: Process 23 found Queue Empty : False
1661362364.448821 -- INFO: Process 25 found Queue Empty : False
1661362364.448989 -- INFO: Process 23 get item 23 from queue and executing
1661362364.449193 -- INFO: Process 25 get item 24 from queue and executing
1661362364.449219 -- INFO: Process 28 found Queue Empty : False
1661362364.449280 -- INFO: starting 23, 23, /home/hjamil/Documents/files_bash/FILE10
1661362364.449354 -- INFO: Process 22 found Queue Empty : False
1661362364.449573 -- INFO: Process 28 get item 28 from queue and executing
1661362364.449637 -- INFO: starting 25, 24, /home/hjamil/Documents/files_bash/FILE12
1661362364.449776 -- INFO: starting 28, 28, /home/hjamil/Documents/files_bash/FILE18
1661362364.449753 -- INFO: Process 22 get item 26 from queue and executing
1661362364.450152 -- INFO: starting 22, 26, /home/hjamil/Documents/files_bash/FILE27
1661362364.961480 -- INFO: Throughput @25.1s:914.36Mbps, rtt :9.26ms cwnd: 88.8 lossRate: 0.003400052117587204 CC:29 score:0.48 previous_total 2813329408 bytes and current_total 2927624192 bytes
1661362365.963070 -- INFO: Throughput @26.1s:931.14Mbps, rtt :8.57ms cwnd: 84.3 lossRate: 0.0007686299790486344 CC:29 score:0.52 previous_total 2927624192 bytes and current_total 3044016128 bytes
1661362366.965909 -- INFO: Throughput @27.1s:947.91Mbps, rtt :8.18ms cwnd: 83.2 lossRate: 0.00018575391321577176 CC:29 score:0.53 previous_total 3044016128 bytes and current_total 3162505216 bytes
1661362367.947495 -- INFO: score [0.48, 0.52, 0.53] ******
1661362367.949201 -- INFO: action array from actor 0.5418774485588074 and action is 25 ******
1661362367.949606 -- INFO: Process Status Bits from change concurrency are: 1 1 1 1 1 1 1 1 1 1 1 1 1 1 1 1 1 1 1 1 1 1 1 1 1 0 0 0 0 0 0 0
1661362367.950014 -- INFO: Active CC: 25
1661362367.953666 -- INFO: Process 25 found Queue Full : False
1661362367.964659 -- INFO: Throughput @28.1s:922.75Mbps, rtt :9.0ms cwnd: 90.3 lossRate: 0.0005021466770443647 CC:25 score:0.56 previous_total 3162505216 bytes and current_total 3277848576 bytes
1661362367.986489 -- INFO: Process 28 found Queue Full : False
1661362367.998048 -- INFO: Process 27 found Queue Full : False
1661362368.180446 -- INFO: Process 26 found Queue Full : False
1661362368.966510 -- INFO: Throughput @29.1s:922.75Mbps, rtt :8.64ms cwnd: 89.9 lossRate: 0.000645197486535009 CC:25 score:0.56 previous_total 3277848576 bytes and current_total 3393191936 bytes
1661362369.968631 -- INFO: Throughput @30.1s:947.91Mbps, rtt :7.84ms cwnd: 88.3 lossRate: 0.00019817922833962966 CC:25 score:0.58 previous_total 3393191936 bytes and current_total 3511681024 bytes
1661362370.968993 -- INFO: Throughput @31.1s:914.36Mbps, rtt :8.67ms cwnd: 88.4 lossRate: 0.0 CC:25 score:0.56 previous_total 3511681024 bytes and current_total 3625975808 bytes
1661362371.451170 -- INFO: score [0.56, 0.58, 0.56] ******
1661362371.452911 -- INFO: action array from actor 0.35911381244659424 and action is 22 ******
1661362371.454100 -- INFO: Process Status Bits from change concurrency are: 1 1 1 1 1 1 1 1 1 1 1 1 1 1 1 1 1 1 1 1 1 1 0 0 0 0 0 0 0 0 0 0
1661362371.454984 -- INFO: Active CC: 22
1661362371.474817 -- INFO: Process 22 found Queue Full : False
1661362371.510684 -- INFO: Process 23 found Queue Full : False
1661362371.511645 -- INFO: Process 24 found Queue Full : False
1661362371.970580 -- INFO: Throughput @32.1s:947.91Mbps, rtt :8.17ms cwnd: 91.8 lossRate: 0 CC:22 score:0.61 previous_total 3625975808 bytes and current_total 3744464896 bytes
1661362372.971349 -- INFO: Throughput @33.1s:872.42Mbps, rtt :9.3ms cwnd: 122.5 lossRate: 0.00040968495227170306 CC:22 score:0.56 previous_total 3744464896 bytes and current_total 3853516800 bytes
1661362373.972124 -- INFO: Throughput @34.1s:729.81Mbps, rtt :11.07ms cwnd: 112.6 lossRate: 0.0007416056551375915 CC:22 score:0.47 previous_total 3853516800 bytes and current_total 3944742912 bytes
1661362374.956143 -- INFO: score [0.61, 0.56, 0.47] ******
1661362374.958050 -- INFO: action array from actor 0.357928991317749 and action is 22 ******
1661362374.959921 -- INFO: Process Status Bits from change concurrency are: 1 1 1 1 1 1 1 1 1 1 1 1 1 1 1 1 1 1 1 1 1 1 0 0 0 0 0 0 0 0 0 0
1661362374.960995 -- INFO: Active CC: 22
1661362374.972479 -- INFO: Throughput @35.1s:595.59Mbps, rtt :10.69ms cwnd: 92.9 lossRate: 0.0020403800936631624 CC:22 score:0.37 previous_total 3944742912 bytes and current_total 4019191808 bytes
1661362375.974208 -- INFO: Throughput @36.1s:595.59Mbps, rtt :9.16ms cwnd: 77.4 lossRate: 0.0022616125103898867 CC:22 score:0.37 previous_total 4019191808 bytes and current_total 4093640704 bytes
1661362376.977491 -- INFO: Throughput @37.1s:570.43Mbps, rtt :9.26ms cwnd: 75.5 lossRate: 0.0003678036315769097 CC:22 score:0.37 previous_total 4093640704 bytes and current_total 4164943872 bytes
1661362377.976238 -- INFO: Throughput @38.1s:587.2Mbps, rtt :10.08ms cwnd: 88.2 lossRate: 0.0006922742197080581 CC:22 score:0.38 previous_total 4164943872 bytes and current_total 4238344192 bytes
1661362378.461979 -- INFO: score [0.37, 0.37, 0.38] ******
1661362378.463597 -- INFO: action array from actor 0.3579825162887573 and action is 22 ******
1661362378.465254 -- INFO: Process Status Bits from change concurrency are: 1 1 1 1 1 1 1 1 1 1 1 1 1 1 1 1 1 1 1 1 1 1 0 0 0 0 0 0 0 0 0 0
1661362378.466536 -- INFO: Active CC: 22
1661362378.979236 -- INFO: Throughput @39.1s:620.76Mbps, rtt :9.35ms cwnd: 82.4 lossRate: 0.000754906894816306 CC:22 score:0.4 previous_total 4238344192 bytes and current_total 4315938816 bytes
1661362379.979073 -- INFO: Throughput @40.1s:578.81Mbps, rtt :9.11ms cwnd: 78.6 lossRate: 0.0005244755244755245 CC:22 score:0.37 previous_total 4315938816 bytes and current_total 4388290560 bytes
1661362380.979399 -- INFO: Throughput @41.1s:612.37Mbps, rtt :8.84ms cwnd: 75.3 lossRate: 0.0005040420293507551 CC:22 score:0.39 previous_total 4388290560 bytes and current_total 4464836608 bytes
1661362381.967624 -- INFO: score [0.4, 0.37, 0.39] ******
1661362381.969544 -- INFO: action array from actor 0.357928991317749 and action is 22 ******
1661362381.971524 -- INFO: Process Status Bits from change concurrency are: 1 1 1 1 1 1 1 1 1 1 1 1 1 1 1 1 1 1 1 1 1 1 0 0 0 0 0 0 0 0 0 0
1661362381.972630 -- INFO: Active CC: 22
1661362381.980608 -- INFO: Throughput @42.1s:612.37Mbps, rtt :8.97ms cwnd: 72.7 lossRate: 0.0003102579018809385 CC:22 score:0.39 previous_total 4464836608 bytes and current_total 4541382656 bytes
1661362382.981008 -- INFO: Throughput @43.1s:578.81Mbps, rtt :9.18ms cwnd: 84.9 lossRate: 0.0014373474048987949 CC:22 score:0.37 previous_total 4541382656 bytes and current_total 4613734400 bytes
1661362383.982290 -- INFO: Throughput @44.1s:603.98Mbps, rtt :9.09ms cwnd: 76.8 lossRate: 0.0011062161585188347 CC:22 score:0.38 previous_total 4613734400 bytes and current_total 4689231872 bytes
1661362384.983655 -- INFO: Throughput @45.1s:603.98Mbps, rtt :8.71ms cwnd: 73.4 lossRate: 0.00036868863274731244 CC:22 score:0.39 previous_total 4689231872 bytes and current_total 4764729344 bytes
1661362385.473648 -- INFO: score [0.37, 0.38, 0.39] ******
1661362385.475369 -- INFO: action array from actor 0.39769792556762695 and action is 23 ******
1661362385.476518 -- INFO: Process Status Bits from change concurrency are: 1 1 1 1 1 1 1 1 1 1 1 1 1 1 1 1 1 1 1 1 1 1 1 0 0 0 0 0 0 0 0 0
1661362385.476501 -- INFO: Start Process :: 22
1661362385.477871 -- INFO: Active CC: 23
1661362385.478135 -- INFO: Process 22 found Queue Empty : False
1661362385.478428 -- INFO: Process 22 get item 27 from queue and executing
1661362385.478716 -- INFO: starting 22, 27, /home/hjamil/Documents/files_bash/FILE26
1661362385.984518 -- INFO: Throughput @46.1s:587.2Mbps, rtt :8.11ms cwnd: 64.3 lossRate: 0.0008455847026040166 CC:23 score:0.37 previous_total 4764729344 bytes and current_total 4838129664 bytes
1661362386.985981 -- INFO: Throughput @47.1s:587.2Mbps, rtt :8.62ms cwnd: 63.6 lossRate: 0.00011465917560052743 CC:23 score:0.37 previous_total 4838129664 bytes and current_total 4911529984 bytes
1661362387.987727 -- INFO: Throughput @48.1s:603.98Mbps, rtt :9.2ms cwnd: 67.3 lossRate: 0.0005017367811655731 CC:23 score:0.38 previous_total 4911529984 bytes and current_total 4987027456 bytes
1661362388.978889 -- INFO: score [0.37, 0.37, 0.38] ******
1661362388.980579 -- INFO: action array from actor 0.35835644602775574 and action is 22 ******
1661362388.981958 -- INFO: Process Status Bits from change concurrency are: 1 1 1 1 1 1 1 1 1 1 1 1 1 1 1 1 1 1 1 1 1 1 0 0 0 0 0 0 0 0 0 0
1661362388.982485 -- INFO: Active CC: 22
1661362388.987572 -- INFO: Throughput @49.1s:603.98Mbps, rtt :8.91ms cwnd: 75.3 lossRate: 0.0008771428026619377 CC:23 score:0.38 previous_total 4987027456 bytes and current_total 5062524928 bytes
1661362389.061305 -- INFO: Process 22 found Queue Full : False
1661362389.988401 -- INFO: Throughput @50.1s:603.98Mbps, rtt :8.64ms cwnd: 73.5 lossRate: 0.00015766831092190915 CC:22 score:0.39 previous_total 5062524928 bytes and current_total 5138022400 bytes
1661362390.989792 -- INFO: Throughput @51.1s:603.98Mbps, rtt :8.71ms cwnd: 73.0 lossRate: 0.00011649128256902109 CC:22 score:0.39 previous_total 5138022400 bytes and current_total 5213519872 bytes
1661362391.989339 -- INFO: Throughput @52.1s:587.2Mbps, rtt :9.82ms cwnd: 85.1 lossRate: 0.0012440056983486828 CC:22 score:0.37 previous_total 5213519872 bytes and current_total 5286920192 bytes
1661362392.483625 -- INFO: score [0.39, 0.39, 0.37] ******
1661362392.485429 -- INFO: action array from actor 0.38188713788986206 and action is 22 ******
1661362392.487101 -- INFO: Process Status Bits from change concurrency are: 1 1 1 1 1 1 1 1 1 1 1 1 1 1 1 1 1 1 1 1 1 1 0 0 0 0 0 0 0 0 0 0
1661362392.488165 -- INFO: Active CC: 22
1661362392.991803 -- INFO: Throughput @53.1s:603.98Mbps, rtt :9.21ms cwnd: 82.3 lossRate: 0.0009374633803367056 CC:22 score:0.39 previous_total 5286920192 bytes and current_total 5362417664 bytes
1661362393.992096 -- INFO: Throughput @54.1s:595.59Mbps, rtt :8.54ms cwnd: 78.3 lossRate: 0.0005821625397811069 CC:22 score:0.38 previous_total 5362417664 bytes and current_total 5436866560 bytes
1661362394.993376 -- INFO: Throughput @55.1s:578.81Mbps, rtt :9.0ms cwnd: 76.6 lossRate: 0.0001941634467895074 CC:22 score:0.37 previous_total 5436866560 bytes and current_total 5509218304 bytes
1661362395.989276 -- INFO: score [0.39, 0.38, 0.37] ******
1661362395.991012 -- INFO: action array from actor 0.36755847930908203 and action is 22 ******
1661362395.992551 -- INFO: Process Status Bits from change concurrency are: 1 1 1 1 1 1 1 1 1 1 1 1 1 1 1 1 1 1 1 1 1 1 0 0 0 0 0 0 0 0 0 0
1661362395.993685 -- INFO: Active CC: 22
1661362395.993818 -- INFO: Throughput @56.1s:603.98Mbps, rtt :8.64ms cwnd: 75.2 lossRate: 0.0002522998098047588 CC:22 score:0.39 previous_total 5509218304 bytes and current_total 5584715776 bytes
1661362396.995823 -- INFO: Throughput @57.1s:570.43Mbps, rtt :8.34ms cwnd: 72.8 lossRate: 0.0003295212250436131 CC:22 score:0.37 previous_total 5584715776 bytes and current_total 5656018944 bytes
1661362397.532774 -- INFO: Process 4 finished on working on file 4 
1661362397.533288 -- INFO: Process 4 found Queue Empty : False
1661362397.533585 -- INFO: Process 4 get item 21 from queue and executing
1661362397.533969 -- INFO: starting 4, 21, /home/hjamil/Documents/files_bash/FILE21
1661362397.996288 -- INFO: Throughput @58.1s:601.25Mbps, rtt :9.46ms cwnd: 85.1 lossRate: 0.00039318222029999803 CC:22 score:0.39 previous_total 5656018944 bytes and current_total 5731174912 bytes
1661362398.998458 -- INFO: Throughput @59.1s:587.2Mbps, rtt :9.13ms cwnd: 79.7 lossRate: 0.000736862516967229 CC:22 score:0.38 previous_total 5731174912 bytes and current_total 5804575232 bytes
1661362399.494702 -- INFO: score [0.37, 0.39, 0.38] ******
1661362399.496353 -- INFO: action array from actor 0.4067785143852234 and action is 23 ******
1661362399.497607 -- INFO: Start Process :: 22
1661362399.497812 -- INFO: Process Status Bits from change concurrency are: 1 1 1 1 1 1 1 1 1 1 1 1 1 1 1 1 1 1 1 1 1 1 1 0 0 0 0 0 0 0 0 0
1661362399.498706 -- INFO: Process 22 found Queue Empty : False
1661362399.498950 -- INFO: Process 22 get item 25 from queue and executing
1661362399.499192 -- INFO: starting 22, 25, /home/hjamil/Documents/files_bash/FILE28
1661362399.499224 -- INFO: Active CC: 23
1661362399.998481 -- INFO: Throughput @60.1s:595.59Mbps, rtt :8.94ms cwnd: 76.2 lossRate: 0.00019289007194799683 CC:23 score:0.38 previous_total 5804575232 bytes and current_total 5879024128 bytes
1661362400.998875 -- INFO: Throughput @61.1s:603.98Mbps, rtt :8.69ms cwnd: 71.4 lossRate: 0.0007470835009482213 CC:23 score:0.38 previous_total 5879024128 bytes and current_total 5954521600 bytes
1661362402.000269 -- INFO: Throughput @62.1s:620.76Mbps, rtt :8.64ms cwnd: 67.9 lossRate: 0.0005176479610421978 CC:23 score:0.39 previous_total 5954521600 bytes and current_total 6032116224 bytes
1661362403.000400 -- INFO: score [0.38, 0.38, 0.39] ******
1661362403.000538 -- INFO: Throughput @63.1s:587.2Mbps, rtt :8.71ms cwnd: 76.3 lossRate: 0.0019168704156479217 CC:23 score:0.36 previous_total 6032116224 bytes and current_total 6105516544 bytes
1661362403.002467 -- INFO: action array from actor 0.3753586709499359 and action is 22 ******
1661362403.003951 -- INFO: Process Status Bits from change concurrency are: 1 1 1 1 1 1 1 1 1 1 1 1 1 1 1 1 1 1 1 1 1 1 0 0 0 0 0 0 0 0 0 0
1661362403.004906 -- INFO: Active CC: 22
1661362403.179093 -- INFO: Process 22 found Queue Full : False
1661362404.002642 -- INFO: Throughput @64.1s:587.2Mbps, rtt :8.53ms cwnd: 74.0 lossRate: 0.0005846506712239436 CC:22 score:0.38 previous_total 6105516544 bytes and current_total 6178916864 bytes
1661362405.002993 -- INFO: Throughput @65.1s:612.37Mbps, rtt :8.68ms cwnd: 71.8 lossRate: 0.00034954171197762934 CC:22 score:0.39 previous_total 6178916864 bytes and current_total 6255462912 bytes
1661362406.004088 -- INFO: Throughput @66.1s:612.37Mbps, rtt :8.01ms cwnd: 69.6 lossRate: 0.00021372088053002778 CC:22 score:0.39 previous_total 6255462912 bytes and current_total 6332008960 bytes
1661362406.506180 -- INFO: score [0.38, 0.39, 0.39] ******
1661362406.508572 -- INFO: action array from actor 0.42228925228118896 and action is 23 ******
1661362406.509841 -- INFO: Start Process :: 22
1661362406.510151 -- INFO: Process Status Bits from change concurrency are: 1 1 1 1 1 1 1 1 1 1 1 1 1 1 1 1 1 1 1 1 1 1 1 0 0 0 0 0 0 0 0 0
1661362406.510946 -- INFO: Process 22 found Queue Empty : False
1661362406.511181 -- INFO: Process 22 get item 24 from queue and executing
1661362406.511237 -- INFO: Active CC: 23
1661362406.511365 -- INFO: starting 22, 24, /home/hjamil/Documents/files_bash/FILE12
1661362407.004597 -- INFO: Throughput @67.1s:587.2Mbps, rtt :8.44ms cwnd: 66.0 lossRate: 0.00017373175816539263 CC:23 score:0.37 previous_total 6332008960 bytes and current_total 6405409280 bytes
1661362408.005866 -- INFO: Throughput @68.1s:545.26Mbps, rtt :13.91ms cwnd: 80.7 lossRate: 0.0012706228037086304 CC:23 score:0.34 previous_total 6405409280 bytes and current_total 6473566720 bytes
1661362409.008694 -- INFO: Throughput @69.1s:612.37Mbps, rtt :9.01ms cwnd: 73.4 lossRate: 0.0018333070493612995 CC:23 score:0.38 previous_total 6473566720 bytes and current_total 6550112768 bytes
1661362410.008984 -- INFO: Throughput @70.1s:629.15Mbps, rtt :8.64ms cwnd: 70.8 lossRate: 0.0003830977282304716 CC:23 score:0.4 previous_total 6550112768 bytes and current_total 6628755968 bytes
1661362410.012175 -- INFO: score [0.34, 0.38, 0.4] ******
1661362410.013828 -- INFO: action array from actor 0.7963166832923889 and action is 29 ******
1661362410.015038 -- INFO: Process Status Bits from change concurrency are: 1 1 1 1 1 1 1 1 1 1 1 1 1 1 1 1 1 1 1 1 1 1 1 1 1 1 1 1 1 0 0 0
1661362410.015125 -- INFO: Start Process :: 23
1661362410.015211 -- INFO: Start Process :: 28
1661362410.015257 -- INFO: Start Process :: 24
1661362410.015408 -- INFO: Start Process :: 25
1661362410.015464 -- INFO: Start Process :: 26
1661362410.015455 -- INFO: Active CC: 29
1661362410.015531 -- INFO: Start Process :: 27
1661362410.016826 -- INFO: Process 23 found Queue Empty : False
1661362410.016858 -- INFO: Process 28 found Queue Empty : False
1661362410.016940 -- INFO: Process 25 found Queue Empty : False
1661362410.017073 -- INFO: Process 24 found Queue Empty : False
1661362410.017161 -- INFO: Process 23 get item 28 from queue and executing
1661362410.017267 -- INFO: Process 25 get item 31 from queue and executing
1661362410.017393 -- INFO: Process 28 get item 30 from queue and executing
1661362410.017404 -- INFO: starting 23, 28, /home/hjamil/Documents/files_bash/FILE18
1661362410.017459 -- INFO: Process 24 get item 26 from queue and executing
1661362410.017584 -- INFO: starting 25, 31, /home/hjamil/Documents/files_bash/FILE19
1661362410.017690 -- INFO: starting 28, 30, /home/hjamil/Documents/files_bash/FILE16
1661362410.017733 -- INFO: starting 24, 26, /home/hjamil/Documents/files_bash/FILE27
1661362410.018154 -- INFO: Process 26 found Queue Empty : False
1661362410.018336 -- INFO: Process 26 get item 23 from queue and executing
1661362410.018487 -- INFO: starting 26, 23, /home/hjamil/Documents/files_bash/FILE10
1661362410.028530 -- INFO: Process 27 found Queue Empty : False
1661362410.028878 -- INFO: Process 27 get item 29 from queue and executing
1661362410.029168 -- INFO: starting 27, 29, /home/hjamil/Documents/files_bash/FILE0
1661362411.010699 -- INFO: Throughput @71.1s:637.53Mbps, rtt :8.3ms cwnd: 58.8 lossRate: 0.0006986691205289437 CC:29 score:0.35 previous_total 6628755968 bytes and current_total 6708447744 bytes
1661362412.010928 -- INFO: Throughput @72.1s:671.09Mbps, rtt :8.03ms cwnd: 55.8 lossRate: 0.00039112985511189713 CC:29 score:0.38 previous_total 6708447744 bytes and current_total 6792333824 bytes
1661362413.013258 -- INFO: Throughput @73.1s:738.2Mbps, rtt :7.98ms cwnd: 55.0 lossRate: 0.00023836278816358498 CC:29 score:0.41 previous_total 6792333824 bytes and current_total 6884608512 bytes
1661362413.516402 -- INFO: score [0.35, 0.38, 0.41] ******
1661362413.517494 -- INFO: action array from actor 0.7647953629493713 and action is 28 ******
1661362413.517724 -- INFO: Process Status Bits from change concurrency are: 1 1 1 1 1 1 1 1 1 1 1 1 1 1 1 1 1 1 1 1 1 1 1 1 1 1 1 1 0 0 0 0
1661362413.518024 -- INFO: Active CC: 28
1661362413.556976 -- INFO: Process 28 found Queue Full : False
1661362414.011524 -- INFO: Throughput @74.1s:645.92Mbps, rtt :8.98ms cwnd: 70.1 lossRate: 0.0009366281387006776 CC:28 score:0.36 previous_total 6884608512 bytes and current_total 6965348864 bytes
1661362415.012525 -- INFO: Throughput @75.1s:637.53Mbps, rtt :8.32ms cwnd: 60.9 lossRate: 0.0014295556321047191 CC:28 score:0.36 previous_total 6965348864 bytes and current_total 7045040640 bytes
1661362416.014497 -- INFO: Throughput @76.1s:696.25Mbps, rtt :8.22ms cwnd: 59.1 lossRate: 0.0003102913290811929 CC:28 score:0.4 previous_total 7045040640 bytes and current_total 7132072448 bytes
1661362417.013920 -- INFO: Throughput @77.1s:671.09Mbps, rtt :8.25ms cwnd: 57.8 lossRate: 0.0002932652497929892 CC:28 score:0.38 previous_total 7132072448 bytes and current_total 7215958528 bytes
1661362417.018927 -- INFO: score [0.36, 0.4, 0.38] ******
1661362417.020729 -- INFO: action array from actor 0.7074065804481506 and action is 27 ******
1661362417.021274 -- INFO: Process Status Bits from change concurrency are: 1 1 1 1 1 1 1 1 1 1 1 1 1 1 1 1 1 1 1 1 1 1 1 1 1 1 1 0 0 0 0 0
1661362417.021725 -- INFO: Active CC: 27
1661362417.535416 -- INFO: Process 27 found Queue Full : False
1661362418.016102 -- INFO: Throughput @78.1s:662.7Mbps, rtt :7.77ms cwnd: 57.3 lossRate: 0.0002990766009944297 CC:27 score:0.39 previous_total 7215958528 bytes and current_total 7298796032 bytes
1661362419.017179 -- INFO: Throughput @79.1s:629.15Mbps, rtt :9.0ms cwnd: 77.1 lossRate: 0.0001814486863115111 CC:27 score:0.37 previous_total 7298796032 bytes and current_total 7377439232 bytes
1661362420.020400 -- INFO: Throughput @80.1s:704.64Mbps, rtt :8.38ms cwnd: 70.1 lossRate: 0.0010432061201425715 CC:27 score:0.41 previous_total 7377439232 bytes and current_total 7465519616 bytes
1661362420.523139 -- INFO: score [0.39, 0.37, 0.41] ******
1661362420.525454 -- INFO: action array from actor 0.35809940099716187 and action is 22 ******
1661362420.526249 -- INFO: Process Status Bits from change concurrency are: 1 1 1 1 1 1 1 1 1 1 1 1 1 1 1 1 1 1 1 1 1 1 0 0 0 0 0 0 0 0 0 0
1661362420.527136 -- INFO: Active CC: 22
1661362420.570303 -- INFO: Process 26 found Queue Full : False
1661362420.631740 -- INFO: Process 24 found Queue Full : False
1661362420.789296 -- INFO: Process 25 found Queue Full : False
1661362420.799077 -- INFO: Process 22 found Queue Full : False
1661362420.881204 -- INFO: Process 23 found Queue Full : False
1661362421.019591 -- INFO: Throughput @81.1s:645.92Mbps, rtt :7.48ms cwnd: 55.5 lossRate: 0 CC:22 score:0.42 previous_total 7465519616 bytes and current_total 7546259968 bytes
1661362422.020136 -- INFO: Throughput @82.1s:578.81Mbps, rtt :7.6ms cwnd: 51.8 lossRate: 0.000504864172119847 CC:22 score:0.37 previous_total 7546259968 bytes and current_total 7618611712 bytes
1661362423.021072 -- INFO: Throughput @83.1s:595.59Mbps, rtt :7.02ms cwnd: 51.8 lossRate: 0.0 CC:22 score:0.39 previous_total 7618611712 bytes and current_total 7693060608 bytes
1661362424.022165 -- INFO: Throughput @84.1s:830.47Mbps, rtt :7.36ms cwnd: 70.4 lossRate: 0.00028533926839011586 CC:22 score:0.53 previous_total 7693060608 bytes and current_total 7796869632 bytes
1661362424.028295 -- INFO: score [0.37, 0.39, 0.53] ******
1661362424.030193 -- INFO: action array from actor 0.7647634744644165 and action is 28 ******
1661362424.031736 -- INFO: Start Process :: 22
1661362424.031780 -- INFO: Process Status Bits from change concurrency are: 1 1 1 1 1 1 1 1 1 1 1 1 1 1 1 1 1 1 1 1 1 1 1 1 1 1 1 1 0 0 0 0
1661362424.031960 -- INFO: Start Process :: 27
1661362424.031950 -- INFO: Start Process :: 25
1661362424.031999 -- INFO: Start Process :: 23
1661362424.032087 -- INFO: Start Process :: 24
1661362424.032191 -- INFO: Start Process :: 26
1661362424.032241 -- INFO: Active CC: 28
1661362424.033170 -- INFO: Process 22 found Queue Empty : False
1661362424.033545 -- INFO: Process 22 get item 27 from queue and executing
1661362424.033709 -- INFO: Process 24 found Queue Empty : False
1661362424.033788 -- INFO: starting 22, 27, /home/hjamil/Documents/files_bash/FILE26
1661362424.033968 -- INFO: Process 27 found Queue Empty : False
1661362424.034041 -- INFO: Process 25 found Queue Empty : False
1661362424.034216 -- INFO: Process 24 get item 25 from queue and executing
1661362424.034216 -- INFO: Process 27 get item 30 from queue and executing
1661362424.034408 -- INFO: Process 25 get item 29 from queue and executing
1661362424.034462 -- INFO: starting 24, 25, /home/hjamil/Documents/files_bash/FILE28
1661362424.034648 -- INFO: starting 27, 30, /home/hjamil/Documents/files_bash/FILE16
1661362424.034651 -- INFO: starting 25, 29, /home/hjamil/Documents/files_bash/FILE0
1661362424.034914 -- INFO: Process 23 found Queue Empty : False
1661362424.035344 -- INFO: Process 23 get item 23 from queue and executing
1661362424.035600 -- INFO: starting 23, 23, /home/hjamil/Documents/files_bash/FILE10
1661362424.045693 -- INFO: Process 26 found Queue Empty : False
1661362424.045981 -- INFO: Process 26 get item 26 from queue and executing
1661362424.046226 -- INFO: starting 26, 26, /home/hjamil/Documents/files_bash/FILE27
1661362425.023266 -- INFO: Throughput @85.1s:931.14Mbps, rtt :7.48ms cwnd: 56.3 lossRate: 0.0006326836953690035 CC:28 score:0.53 previous_total 7796869632 bytes and current_total 7913261568 bytes
1661362426.023689 -- INFO: Throughput @86.1s:897.58Mbps, rtt :7.04ms cwnd: 58.8 lossRate: 0.00018593811979373265 CC:28 score:0.51 previous_total 7913261568 bytes and current_total 8025459200 bytes
1661362427.023354 -- INFO: Throughput @87.1s:973.08Mbps, rtt :7.49ms cwnd: 60.4 lossRate: 0.00021084486778786526 CC:28 score:0.56 previous_total 8025459200 bytes and current_total 8147094016 bytes
1661362427.533430 -- INFO: score [0.53, 0.51, 0.56] ******
1661362427.535223 -- INFO: action array from actor 0.7115587592124939 and action is 28 ******
1661362427.535873 -- INFO: Process Status Bits from change concurrency are: 1 1 1 1 1 1 1 1 1 1 1 1 1 1 1 1 1 1 1 1 1 1 1 1 1 1 1 1 0 0 0 0
1661362427.536397 -- INFO: Active CC: 28
1661362428.025998 -- INFO: Throughput @88.1s:922.75Mbps, rtt :7.5ms cwnd: 61.7 lossRate: 0.0 CC:28 score:0.53 previous_total 8147094016 bytes and current_total 8262437376 bytes
1661362429.026245 -- INFO: Throughput @89.1s:897.58Mbps, rtt :8.94ms cwnd: 110.0 lossRate: 0.0009816383292012233 CC:28 score:0.51 previous_total 8262437376 bytes and current_total 8374635008 bytes
1661362430.027710 -- INFO: Throughput @90.1s:981.47Mbps, rtt :10.22ms cwnd: 114.4 lossRate: 0.0011223067720730609 CC:28 score:0.55 previous_total 8374635008 bytes and current_total 8497318400 bytes
1661362431.027489 -- INFO: Throughput @91.1s:922.75Mbps, rtt :9.32ms cwnd: 105.4 lossRate: 0.0008428045561022768 CC:28 score:0.52 previous_total 8497318400 bytes and current_total 8612661760 bytes
1661362431.037694 -- INFO: score [0.51, 0.55, 0.52] ******
1661362431.039949 -- INFO: action array from actor 0.7954561114311218 and action is 29 ******
1661362431.040573 -- INFO: Process Status Bits from change concurrency are: 1 1 1 1 1 1 1 1 1 1 1 1 1 1 1 1 1 1 1 1 1 1 1 1 1 1 1 1 1 0 0 0
1661362431.040695 -- INFO: Start Process :: 28
1661362431.041095 -- INFO: Active CC: 29
1661362431.042201 -- INFO: Process 28 found Queue Empty : False
1661362431.042422 -- INFO: Process 28 get item 31 from queue and executing
1661362431.042618 -- INFO: starting 28, 31, /home/hjamil/Documents/files_bash/FILE19
1661362432.030701 -- INFO: Throughput @92.1s:931.14Mbps, rtt :8.9ms cwnd: 92.6 lossRate: 0.0007813275126500645 CC:29 score:0.52 previous_total 8612661760 bytes and current_total 8729053696 bytes
1661362433.028926 -- INFO: Throughput @93.1s:947.91Mbps, rtt :8.38ms cwnd: 87.9 lossRate: 0.0005329895757155075 CC:29 score:0.53 previous_total 8729053696 bytes and current_total 8847542784 bytes
1661362434.031358 -- INFO: Throughput @94.1s:922.75Mbps, rtt :8.87ms cwnd: 87.2 lossRate: 8.692844547102799e-05 CC:29 score:0.52 previous_total 8847542784 bytes and current_total 8962886144 bytes
1661362434.542255 -- INFO: score [0.52, 0.53, 0.52] ******
1661362434.543719 -- INFO: action array from actor 0.35800522565841675 and action is 22 ******
1661362434.544118 -- INFO: Process Status Bits from change concurrency are: 1 1 1 1 1 1 1 1 1 1 1 1 1 1 1 1 1 1 1 1 1 1 0 0 0 0 0 0 0 0 0 0
1661362434.544484 -- INFO: Active CC: 22
1661362434.546572 -- INFO: Process 25 found Queue Full : False
1661362434.571552 -- INFO: Process 23 found Queue Full : False
1661362434.620986 -- INFO: Process 27 found Queue Full : False
1661362434.691626 -- INFO: Process 22 found Queue Full : False
1661362434.733015 -- INFO: Process 24 found Queue Full : False
1661362434.791583 -- INFO: Process 28 found Queue Full : False
1661362435.032681 -- INFO: Throughput @95.1s:905.97Mbps, rtt :8.26ms cwnd: 106.0 lossRate: 0 CC:22 score:0.59 previous_total 8962886144 bytes and current_total 9076132352 bytes
1661362435.673382 -- INFO: Process 26 found Queue Full : False
1661362436.034986 -- INFO: Throughput @96.1s:939.52Mbps, rtt :9.27ms cwnd: 106.6 lossRate: 0.0 CC:22 score:0.61 previous_total 9076132352 bytes and current_total 9193572864 bytes
1661362437.035967 -- INFO: Throughput @97.1s:956.3Mbps, rtt :8.2ms cwnd: 110.4 lossRate: 0 CC:22 score:0.62 previous_total 9193572864 bytes and current_total 9313110528 bytes
1661362438.035982 -- INFO: Throughput @98.1s:931.14Mbps, rtt :8.43ms cwnd: 109.5 lossRate: 1.2422051626046558e-05 CC:22 score:0.6 previous_total 9313110528 bytes and current_total 9429502464 bytes
1661362438.045535 -- INFO: score [0.61, 0.62, 0.6] ******
1661362438.047340 -- INFO: action array from actor 0.36158567667007446 and action is 22 ******
1661362438.049082 -- INFO: Process Status Bits from change concurrency are: 1 1 1 1 1 1 1 1 1 1 1 1 1 1 1 1 1 1 1 1 1 1 0 0 0 0 0 0 0 0 0 0
1661362438.050393 -- INFO: Active CC: 22
1661362439.037030 -- INFO: Throughput @99.1s:914.36Mbps, rtt :8.57ms cwnd: 109.5 lossRate: 0.0 CC:22 score:0.59 previous_total 9429502464 bytes and current_total 9543797248 bytes
1661362440.037589 -- INFO: Throughput @100.1s:947.91Mbps, rtt :10.09ms cwnd: 154.3 lossRate: 0.0008289374529012811 CC:22 score:0.61 previous_total 9543797248 bytes and current_total 9662286336 bytes
1661362441.038426 -- INFO: Throughput @101.2s:861.74Mbps, rtt :9.95ms cwnd: 137.8 lossRate: 0.00035952493119436663 CC:22 score:0.55 previous_total 9662286336 bytes and current_total 9780775424 bytes
1661362441.551596 -- INFO: score [0.59, 0.61, 0.55] ******
1661362441.553863 -- INFO: action array from actor 0.39741259813308716 and action is 23 ******
1661362441.555692 -- INFO: Start Process :: 22
1661362441.555793 -- INFO: Process Status Bits from change concurrency are: 1 1 1 1 1 1 1 1 1 1 1 1 1 1 1 1 1 1 1 1 1 1 1 0 0 0 0 0 0 0 0 0
1661362441.556585 -- INFO: Active CC: 23
1661362441.557479 -- INFO: Process 22 found Queue Empty : False
1661362441.557718 -- INFO: Process 22 get item 24 from queue and executing
1661362441.557958 -- INFO: starting 22, 24, /home/hjamil/Documents/files_bash/FILE12
1661362442.040431 -- INFO: Throughput @102.2s:922.75Mbps, rtt :8.82ms cwnd: 128.7 lossRate: 0.0003592666005946482 CC:23 score:0.58 previous_total 9780775424 bytes and current_total 9896118784 bytes
1661362443.041478 -- INFO: Throughput @103.2s:939.52Mbps, rtt :10.39ms cwnd: 128.7 lossRate: 0.0 CC:23 score:0.6 previous_total 9896118784 bytes and current_total 10013559296 bytes
1661362444.042089 -- INFO: Throughput @104.2s:922.75Mbps, rtt :9.05ms cwnd: 123.3 lossRate: 0.0005199950476662126 CC:23 score:0.58 previous_total 10013559296 bytes and current_total 10128902656 bytes
1661362445.042483 -- INFO: Throughput @105.2s:931.14Mbps, rtt :10.15ms cwnd: 163.7 lossRate: 0.00022310085398049106 CC:23 score:0.59 previous_total 10128902656 bytes and current_total 10245294592 bytes
1661362445.057690 -- INFO: score [0.6, 0.58, 0.59] ******
1661362445.059360 -- INFO: action array from actor 0.3973773419857025 and action is 23 ******
1661362445.060499 -- INFO: Process Status Bits from change concurrency are: 1 1 1 1 1 1 1 1 1 1 1 1 1 1 1 1 1 1 1 1 1 1 1 0 0 0 0 0 0 0 0 0
1661362445.061262 -- INFO: Active CC: 23
1661362446.044875 -- INFO: Throughput @106.2s:922.75Mbps, rtt :10.8ms cwnd: 156.1 lossRate: 0.0006446973641796226 CC:23 score:0.58 previous_total 10245294592 bytes and current_total 10360637952 bytes
1661362447.045340 -- INFO: Throughput @107.2s:822.08Mbps, rtt :11.78ms cwnd: 91.2 lossRate: 0.0023044499219695754 CC:23 score:0.5 previous_total 10360637952 bytes and current_total 10463398400 bytes
1661362448.046363 -- INFO: Throughput @108.2s:452.98Mbps, rtt :10.61ms cwnd: 80.7 lossRate: 0.003862262684021769 CC:23 score:0.27 previous_total 10463398400 bytes and current_total 10520021504 bytes
1661362448.562358 -- INFO: score [0.58, 0.5, 0.27] ******
1661362448.564157 -- INFO: action array from actor 0.23789289593696594 and action is 20 ******
1661362448.565654 -- INFO: Process Status Bits from change concurrency are: 1 1 1 1 1 1 1 1 1 1 1 1 1 1 1 1 1 1 1 1 0 0 0 0 0 0 0 0 0 0 0 0
1661362448.566715 -- INFO: Active CC: 20
1661362448.807782 -- INFO: Process 21 found Queue Full : False
1661362448.841305 -- INFO: Process 22 found Queue Full : False
1661362448.978158 -- INFO: Process 20 found Queue Full : False
1661362449.047807 -- INFO: Throughput @109.2s:469.76Mbps, rtt :9.77ms cwnd: 70.2 lossRate: 0.003897333110628584 CC:20 score:0.3 previous_total 10520021504 bytes and current_total 10578741760 bytes
1661362450.049792 -- INFO: Throughput @110.2s:394.26Mbps, rtt :9.63ms cwnd: 68.8 lossRate: 0 CC:20 score:0.27 previous_total 10578741760 bytes and current_total 10628024832 bytes
1661362451.049520 -- INFO: Throughput @111.2s:444.6Mbps, rtt :9.29ms cwnd: 64.4 lossRate: 0.0008953523075670836 CC:20 score:0.3 previous_total 10628024832 bytes and current_total 10683599360 bytes
1661362452.049660 -- INFO: Throughput @112.2s:419.43Mbps, rtt :8.56ms cwnd: 57.9 lossRate: 0.0013011656275413392 CC:20 score:0.28 previous_total 10683599360 bytes and current_total 10736028160 bytes
1661362452.067691 -- INFO: score [0.27, 0.3, 0.28] ******
1661362452.069349 -- INFO: action array from actor 0.6827623844146729 and action is 27 ******
1661362452.071268 -- INFO: Start Process :: 21
1661362452.071368 -- INFO: Start Process :: 22
1661362452.071444 -- INFO: Start Process :: 20
1661362452.071460 -- INFO: Process Status Bits from change concurrency are: 1 1 1 1 1 1 1 1 1 1 1 1 1 1 1 1 1 1 1 1 1 1 1 1 1 1 1 0 0 0 0 0
1661362452.071498 -- INFO: Start Process :: 26
1661362452.071634 -- INFO: Start Process :: 24
1661362452.071824 -- INFO: Start Process :: 25
1661362452.071917 -- INFO: Start Process :: 23
1661362452.072861 -- INFO: Process 26 found Queue Empty : False
1661362452.072900 -- INFO: Process 24 found Queue Empty : False
1661362452.072930 -- INFO: Active CC: 27
1661362452.073288 -- INFO: Process 25 found Queue Empty : False
1661362452.073438 -- INFO: Process 26 get item 28 from queue and executing
1661362452.073478 -- INFO: Process 22 found Queue Empty : False
1661362452.073578 -- INFO: Process 20 found Queue Empty : False
1661362452.073659 -- INFO: starting 26, 28, /home/hjamil/Documents/files_bash/FILE18
1661362452.073788 -- INFO: Process 22 get item 23 from queue and executing
1661362452.073953 -- INFO: Process 20 get item 30 from queue and executing
1661362452.074013 -- INFO: Process 23 found Queue Empty : False
1661362452.074005 -- INFO: Process 24 get item 29 from queue and executing
1661362452.074223 -- INFO: starting 20, 30, /home/hjamil/Documents/files_bash/FILE16
1661362452.074250 -- INFO: Process 25 get item 27 from queue and executing
1661362452.074259 -- INFO: Process 23 get item 25 from queue and executing
1661362452.074400 -- INFO: starting 22, 23, /home/hjamil/Documents/files_bash/FILE10
1661362452.074575 -- INFO: starting 24, 29, /home/hjamil/Documents/files_bash/FILE0
1661362452.074610 -- INFO: starting 25, 27, /home/hjamil/Documents/files_bash/FILE26
1661362452.074687 -- INFO: starting 23, 25, /home/hjamil/Documents/files_bash/FILE28
1661362452.078170 -- INFO: Process 21 found Queue Empty : False
1661362452.078437 -- INFO: Process 21 get item 31 from queue and executing
1661362452.078831 -- INFO: starting 21, 31, /home/hjamil/Documents/files_bash/FILE19
1661362453.050275 -- INFO: Throughput @113.2s:452.98Mbps, rtt :8.14ms cwnd: 46.0 lossRate: 0.0010241753007026318 CC:27 score:0.26 previous_total 10736028160 bytes and current_total 10792651264 bytes
1661362454.051986 -- INFO: Throughput @114.2s:511.71Mbps, rtt :8.16ms cwnd: 43.2 lossRate: 0.00047425956225842405 CC:27 score:0.3 previous_total 10792651264 bytes and current_total 10856614400 bytes
1661362455.050923 -- INFO: Throughput @115.2s:427.82Mbps, rtt :8.29ms cwnd: 46.6 lossRate: 0.0009685476882295967 CC:27 score:0.25 previous_total 10856614400 bytes and current_total 10910091776 bytes
1661362455.574231 -- INFO: score [0.26, 0.3, 0.25] ******
1661362455.575996 -- INFO: action array from actor 0.6747620105743408 and action is 27 ******
1661362455.576770 -- INFO: Process Status Bits from change concurrency are: 1 1 1 1 1 1 1 1 1 1 1 1 1 1 1 1 1 1 1 1 1 1 1 1 1 1 1 0 0 0 0 0
1661362455.577398 -- INFO: Active CC: 27
1661362456.053591 -- INFO: Throughput @116.2s:520.09Mbps, rtt :7.43ms cwnd: 41.7 lossRate: 0.0013022991499538276 CC:27 score:0.3 previous_total 10910091776 bytes and current_total 10975103488 bytes
1661362457.052833 -- INFO: Throughput @117.2s:503.32Mbps, rtt :7.48ms cwnd: 40.2 lossRate: 0.00042740116348094503 CC:27 score:0.29 previous_total 10975103488 bytes and current_total 11038018048 bytes
1661362458.053207 -- INFO: Throughput @118.2s:461.37Mbps, rtt :7.33ms cwnd: 38.9 lossRate: 0.0004033884630899556 CC:27 score:0.27 previous_total 11038018048 bytes and current_total 11095689728 bytes
1661362459.056543 -- INFO: Throughput @119.2s:511.71Mbps, rtt :7.56ms cwnd: 38.9 lossRate: 0.0 CC:27 score:0.3 previous_total 11095689728 bytes and current_total 11159652864 bytes
1661362459.078475 -- INFO: score [0.29, 0.27, 0.3] ******
1661362459.080194 -- INFO: action array from actor 0.3579334318637848 and action is 22 ******
1661362459.081031 -- INFO: Process Status Bits from change concurrency are: 1 1 1 1 1 1 1 1 1 1 1 1 1 1 1 1 1 1 1 1 1 1 0 0 0 0 0 0 0 0 0 0
1661362459.081705 -- INFO: Active CC: 22
1661362459.129673 -- INFO: Process 24 found Queue Full : False
1661362459.194789 -- INFO: Process 22 found Queue Full : False
1661362459.356156 -- INFO: Process 23 found Queue Full : False
1661362459.380708 -- INFO: Process 26 found Queue Full : False
1661362459.417603 -- INFO: Process 25 found Queue Full : False
1661362460.057554 -- INFO: Throughput @120.2s:461.37Mbps, rtt :7.71ms cwnd: 50.1 lossRate: 0 CC:22 score:0.3 previous_total 11159652864 bytes and current_total 11217324544 bytes
1661362461.057570 -- INFO: Throughput @121.2s:452.98Mbps, rtt :7.33ms cwnd: 47.2 lossRate: 0.0003303097288919379 CC:22 score:0.29 previous_total 11217324544 bytes and current_total 11273947648 bytes
1661362462.059419 -- INFO: Throughput @122.2s:469.76Mbps, rtt :7.42ms cwnd: 47.2 lossRate: 0.0 CC:22 score:0.3 previous_total 11273947648 bytes and current_total 11332667904 bytes
1661362462.582804 -- INFO: score [0.3, 0.29, 0.3] ******
1661362462.584708 -- INFO: action array from actor 0.3580652177333832 and action is 22 ******
1661362462.586355 -- INFO: Process Status Bits from change concurrency are: 1 1 1 1 1 1 1 1 1 1 1 1 1 1 1 1 1 1 1 1 1 1 0 0 0 0 0 0 0 0 0 0
1661362462.587474 -- INFO: Active CC: 22
1661362463.059907 -- INFO: Throughput @123.2s:436.21Mbps, rtt :7.79ms cwnd: 47.2 lossRate: 0.0 CC:22 score:0.28 previous_total 11332667904 bytes and current_total 11387193856 bytes
1661362464.060440 -- INFO: Throughput @124.2s:461.37Mbps, rtt :7.37ms cwnd: 46.0 lossRate: 0.00033064577663606076 CC:22 score:0.3 previous_total 11387193856 bytes and current_total 11444865536 bytes
1661362465.061638 -- INFO: Throughput @125.2s:461.37Mbps, rtt :8.42ms cwnd: 53.9 lossRate: 0.0002548679783871954 CC:22 score:0.3 previous_total 11444865536 bytes and current_total 11502537216 bytes
1661362466.062125 -- INFO: Throughput @126.2s:452.98Mbps, rtt :8.45ms cwnd: 51.0 lossRate: 0.0005845129482324837 CC:22 score:0.29 previous_total 11502537216 bytes and current_total 11559160320 bytes
1661362466.088428 -- INFO: score [0.3, 0.3, 0.29] ******
1661362466.090107 -- INFO: action array from actor 0.35822010040283203 and action is 22 ******
1661362466.091449 -- INFO: Process Status Bits from change concurrency are: 1 1 1 1 1 1 1 1 1 1 1 1 1 1 1 1 1 1 1 1 1 1 0 0 0 0 0 0 0 0 0 0
1661362466.092968 -- INFO: Active CC: 22
1661362467.063335 -- INFO: Throughput @127.2s:452.98Mbps, rtt :7.79ms cwnd: 50.8 lossRate: 0.0004317241029027097 CC:22 score:0.29 previous_total 11559160320 bytes and current_total 11615783424 bytes
1661362468.064642 -- INFO: Throughput @128.2s:461.37Mbps, rtt :7.91ms cwnd: 51.0 lossRate: 0.00025422651582560063 CC:22 score:0.3 previous_total 11615783424 bytes and current_total 11673455104 bytes
1661362469.065595 -- INFO: Throughput @129.2s:444.6Mbps, rtt :7.62ms cwnd: 50.0 lossRate: 0.0001777055672615572 CC:22 score:0.29 previous_total 11673455104 bytes and current_total 11729029632 bytes
1661362469.594002 -- INFO: score [0.29, 0.3, 0.29] ******
1661362469.595737 -- INFO: action array from actor 0.3639719784259796 and action is 22 ******
1661362469.597249 -- INFO: Process Status Bits from change concurrency are: 1 1 1 1 1 1 1 1 1 1 1 1 1 1 1 1 1 1 1 1 1 1 0 0 0 0 0 0 0 0 0 0
1661362469.598258 -- INFO: Active CC: 22
1661362470.066602 -- INFO: Throughput @130.2s:461.37Mbps, rtt :9.56ms cwnd: 68.8 lossRate: 0.0007783312577833125 CC:22 score:0.29 previous_total 11729029632 bytes and current_total 11786701312 bytes
1661362471.069459 -- INFO: Throughput @131.2s:436.21Mbps, rtt :8.94ms cwnd: 59.7 lossRate: 0.0015201803947401758 CC:22 score:0.28 previous_total 11786701312 bytes and current_total 11841227264 bytes
1661362472.070477 -- INFO: Throughput @132.2s:478.15Mbps, rtt :8.16ms cwnd: 55.1 lossRate: 0.000508078447312265 CC:22 score:0.31 previous_total 11841227264 bytes and current_total 11900996096 bytes
1661362473.070911 -- INFO: Throughput @133.2s:427.82Mbps, rtt :8.1ms cwnd: 54.5 lossRate: 0.0001269647799700363 CC:22 score:0.28 previous_total 11900996096 bytes and current_total 11954473472 bytes
1661362473.099249 -- INFO: score [0.28, 0.31, 0.28] ******
1661362473.101253 -- INFO: action array from actor 0.42607545852661133 and action is 23 ******
1661362473.102472 -- INFO: Process Status Bits from change concurrency are: 1 1 1 1 1 1 1 1 1 1 1 1 1 1 1 1 1 1 1 1 1 1 1 0 0 0 0 0 0 0 0 0
1661362473.102504 -- INFO: Start Process :: 22
1661362473.103382 -- INFO: Active CC: 23
1661362473.109565 -- INFO: Process 22 found Queue Empty : False
1661362473.109828 -- INFO: Process 22 get item 26 from queue and executing
1661362473.110013 -- INFO: starting 22, 26, /home/hjamil/Documents/files_bash/FILE27
1661362474.072508 -- INFO: Throughput @134.2s:469.76Mbps, rtt :8.16ms cwnd: 55.0 lossRate: 0.0005233514429546927 CC:23 score:0.3 previous_total 11954473472 bytes and current_total 12013193728 bytes
1661362475.072556 -- INFO: Throughput @135.2s:461.37Mbps, rtt :8.27ms cwnd: 51.6 lossRate: 0.000798881565807869 CC:23 score:0.29 previous_total 12013193728 bytes and current_total 12070865408 bytes
1661362476.074245 -- INFO: Throughput @136.2s:469.76Mbps, rtt :7.9ms cwnd: 51.6 lossRate: 0.0 CC:23 score:0.3 previous_total 12070865408 bytes and current_total 12129585664 bytes
1661362476.515388 -- INFO: Process 4 finished on working on file 21 
1661362476.516078 -- INFO: Process 4 found Queue Empty : False
1661362476.516325 -- INFO: Process 4 get item 22 from queue and executing
1661362476.516549 -- INFO: starting 4, 22, /home/hjamil/Documents/files_bash/FILE9
1661362476.604463 -- INFO: score [0.3, 0.29, 0.3] ******
1661362476.606458 -- INFO: action array from actor 0.3579479455947876 and action is 22 ******
1661362476.608142 -- INFO: Process Status Bits from change concurrency are: 1 1 1 1 1 1 1 1 1 1 1 1 1 1 1 1 1 1 1 1 1 1 0 0 0 0 0 0 0 0 0 0
1661362476.609075 -- INFO: Active CC: 22
1661362476.949446 -- INFO: Process 22 found Queue Full : False
1661362477.075074 -- INFO: Throughput @137.2s:441.86Mbps, rtt :7.93ms cwnd: 50.9 lossRate: 9.999750006249843e-05 CC:22 score:0.29 previous_total 12129585664 bytes and current_total 12184818688 bytes
1661362478.076190 -- INFO: Throughput @138.2s:494.93Mbps, rtt :7.72ms cwnd: 47.6 lossRate: 0.0007403345215245407 CC:22 score:0.32 previous_total 12184818688 bytes and current_total 12246684672 bytes
1661362479.077323 -- INFO: Throughput @139.2s:427.82Mbps, rtt :8.42ms cwnd: 55.1 lossRate: 0.0 CC:22 score:0.28 previous_total 12246684672 bytes and current_total 12300162048 bytes
1661362480.077677 -- INFO: Throughput @140.2s:436.21Mbps, rtt :9.49ms cwnd: 68.7 lossRate: 0.0002885321582205435 CC:22 score:0.28 previous_total 12300162048 bytes and current_total 12354688000 bytes
1661362480.110125 -- INFO: score [0.32, 0.28, 0.28] ******
1661362480.111784 -- INFO: action array from actor 0.357928991317749 and action is 22 ******
1661362480.113455 -- INFO: Process Status Bits from change concurrency are: 1 1 1 1 1 1 1 1 1 1 1 1 1 1 1 1 1 1 1 1 1 1 0 0 0 0 0 0 0 0 0 0
1661362480.114645 -- INFO: Active CC: 22
1661362481.078119 -- INFO: Throughput @141.2s:478.15Mbps, rtt :8.38ms cwnd: 56.6 lossRate: 0.002340836012861736 CC:22 score:0.3 previous_total 12354688000 bytes and current_total 12414456832 bytes
1661362482.078854 -- INFO: Throughput @142.2s:452.98Mbps, rtt :8.35ms cwnd: 54.8 lossRate: 0.00035566394837791834 CC:22 score:0.29 previous_total 12414456832 bytes and current_total 12471079936 bytes
1661362483.080838 -- INFO: Throughput @143.2s:444.6Mbps, rtt :7.75ms cwnd: 52.1 lossRate: 5.086858102093242e-05 CC:22 score:0.29 previous_total 12471079936 bytes and current_total 12526654464 bytes
1661362483.615673 -- INFO: score [0.3, 0.29, 0.29] ******
1661362483.617514 -- INFO: action array from actor 0.35792896151542664 and action is 22 ******
1661362483.619328 -- INFO: Process Status Bits from change concurrency are: 1 1 1 1 1 1 1 1 1 1 1 1 1 1 1 1 1 1 1 1 1 1 0 0 0 0 0 0 0 0 0 0
1661362483.620336 -- INFO: Active CC: 22
1661362484.081304 -- INFO: Throughput @144.2s:469.76Mbps, rtt :7.85ms cwnd: 52.0 lossRate: 0.00015260186174271325 CC:22 score:0.3 previous_total 12526654464 bytes and current_total 12585374720 bytes
1661362485.082976 -- INFO: Throughput @145.2s:461.37Mbps, rtt :7.54ms cwnd: 51.3 lossRate: 0.00017751629345979256 CC:22 score:0.3 previous_total 12585374720 bytes and current_total 12643046400 bytes
1661362486.083542 -- INFO: Throughput @146.2s:436.21Mbps, rtt :9.06ms cwnd: 64.4 lossRate: 0.0008848405985686402 CC:22 score:0.28 previous_total 12643046400 bytes and current_total 12697572352 bytes
1661362487.084749 -- INFO: Throughput @147.2s:444.6Mbps, rtt :8.7ms cwnd: 56.7 lossRate: 0.0010421962379257752 CC:22 score:0.28 previous_total 12697572352 bytes and current_total 12753146880 bytes
1661362487.121427 -- INFO: score [0.3, 0.28, 0.28] ******
1661362487.123432 -- INFO: action array from actor 0.3579290509223938 and action is 22 ******
1661362487.125279 -- INFO: Process Status Bits from change concurrency are: 1 1 1 1 1 1 1 1 1 1 1 1 1 1 1 1 1 1 1 1 1 1 0 0 0 0 0 0 0 0 0 0
1661362487.126622 -- INFO: Active CC: 22
1661362488.084716 -- INFO: Throughput @148.2s:478.15Mbps, rtt :8.31ms cwnd: 55.9 lossRate: 0.00017776423383615217 CC:22 score:0.31 previous_total 12753146880 bytes and current_total 12812915712 bytes
1661362489.086973 -- INFO: Throughput @149.2s:436.21Mbps, rtt :8.12ms cwnd: 53.5 lossRate: 0.00012702929295495543 CC:22 score:0.28 previous_total 12812915712 bytes and current_total 12867441664 bytes
1661362490.087320 -- INFO: Throughput @150.2s:444.6Mbps, rtt :8.09ms cwnd: 54.4 lossRate: 0.00020328302078568888 CC:22 score:0.29 previous_total 12867441664 bytes and current_total 12923016192 bytes
1661362490.627641 -- INFO: score [0.31, 0.28, 0.29] ******
1661362490.629263 -- INFO: action array from actor 0.357928991317749 and action is 22 ******
1661362490.630944 -- INFO: Process Status Bits from change concurrency are: 1 1 1 1 1 1 1 1 1 1 1 1 1 1 1 1 1 1 1 1 1 1 0 0 0 0 0 0 0 0 0 0
1661362490.632087 -- INFO: Active CC: 22
1661362491.090585 -- INFO: Throughput @151.2s:486.54Mbps, rtt :8.26ms cwnd: 53.7 lossRate: 0.00012686491423931798 CC:22 score:0.31 previous_total 12923016192 bytes and current_total 12983833600 bytes
1661362492.089763 -- INFO: Throughput @152.2s:444.6Mbps, rtt :8.74ms cwnd: 53.7 lossRate: 0.0 CC:22 score:0.29 previous_total 12983833600 bytes and current_total 13039408128 bytes
1661362493.101294 -- INFO: Throughput @153.2s:444.6Mbps, rtt :8.11ms cwnd: 52.4 lossRate: 0.000251395243601991 CC:22 score:0.29 previous_total 13039408128 bytes and current_total 13094982656 bytes
1661362494.092379 -- INFO: Throughput @154.2s:478.15Mbps, rtt :8.17ms cwnd: 51.0 lossRate: 0.000179666846333513 CC:22 score:0.31 previous_total 13094982656 bytes and current_total 13154751488 bytes
1661362494.133046 -- INFO: score [0.29, 0.29, 0.31] ******
1661362494.134693 -- INFO: action array from actor 0.3686215281486511 and action is 22 ******
1661362494.136240 -- INFO: Process Status Bits from change concurrency are: 1 1 1 1 1 1 1 1 1 1 1 1 1 1 1 1 1 1 1 1 1 1 0 0 0 0 0 0 0 0 0 0
1661362494.137237 -- INFO: Active CC: 22
1661362495.092831 -- INFO: Throughput @155.2s:452.98Mbps, rtt :8.04ms cwnd: 49.5 lossRate: 0.00027944314602174573 CC:22 score:0.29 previous_total 13154751488 bytes and current_total 13211374592 bytes
1661362496.093725 -- INFO: Throughput @156.2s:444.6Mbps, rtt :7.89ms cwnd: 48.9 lossRate: 0.00012715528203041554 CC:22 score:0.29 previous_total 13211374592 bytes and current_total 13266949120 bytes
1661362497.094141 -- INFO: Throughput @157.2s:629.15Mbps, rtt :5.92ms cwnd: 53.7 lossRate: 0.00011230066631728682 CC:22 score:0.41 previous_total 13266949120 bytes and current_total 13345592320 bytes
1661362497.638316 -- INFO: score [0.29, 0.29, 0.41] ******
1661362497.640256 -- INFO: action array from actor 0.7647663950920105 and action is 28 ******
1661362497.641422 -- INFO: Start Process :: 22
1661362497.641601 -- INFO: Start Process :: 24
1661362497.641654 -- INFO: Process Status Bits from change concurrency are: 1 1 1 1 1 1 1 1 1 1 1 1 1 1 1 1 1 1 1 1 1 1 1 1 1 1 1 1 0 0 0 0
1661362497.641816 -- INFO: Start Process :: 23
1661362497.641839 -- INFO: Start Process :: 25
1661362497.641887 -- INFO: Start Process :: 27
1661362497.641972 -- INFO: Start Process :: 26
1661362497.641998 -- INFO: Active CC: 28
1661362497.642814 -- INFO: Process 22 found Queue Empty : False
1661362497.643059 -- INFO: Process 22 get item 24 from queue and executing
1661362497.643246 -- INFO: starting 22, 24, /home/hjamil/Documents/files_bash/FILE12
1661362497.643379 -- INFO: Process 27 found Queue Empty : False
1661362497.643529 -- INFO: Process 23 found Queue Empty : False
1661362497.643639 -- INFO: Process 25 found Queue Empty : False
1661362497.643785 -- INFO: Process 27 get item 20 from queue and executing
1661362497.643857 -- INFO: Process 23 get item 29 from queue and executing
1661362497.643962 -- INFO: Process 25 get item 23 from queue and executing
1661362497.644051 -- INFO: starting 27, 20, /home/hjamil/Documents/files_bash/FILE15
1661362497.644071 -- INFO: starting 23, 29, /home/hjamil/Documents/files_bash/FILE0
1661362497.644167 -- INFO: starting 25, 23, /home/hjamil/Documents/files_bash/FILE10
1661362497.644440 -- INFO: Process 26 found Queue Empty : False
1661362497.644775 -- INFO: Process 26 get item 25 from queue and executing
1661362497.645008 -- INFO: starting 26, 25, /home/hjamil/Documents/files_bash/FILE28
1661362497.654459 -- INFO: Process 24 found Queue Empty : False
1661362497.654707 -- INFO: Process 24 get item 28 from queue and executing
1661362497.654901 -- INFO: starting 24, 28, /home/hjamil/Documents/files_bash/FILE18
1661362498.094816 -- INFO: Throughput @158.2s:905.97Mbps, rtt :6.73ms cwnd: 57.0 lossRate: 9.921004005605367e-05 CC:28 score:0.52 previous_total 13345592320 bytes and current_total 13458838528 bytes
1661362499.095490 -- INFO: Throughput @159.2s:922.75Mbps, rtt :7.05ms cwnd: 59.4 lossRate: 7.442045073986332e-05 CC:28 score:0.53 previous_total 13458838528 bytes and current_total 13574181888 bytes
1661362500.096000 -- INFO: Throughput @160.2s:947.91Mbps, rtt :6.84ms cwnd: 59.9 lossRate: 7.44010713754278e-05 CC:28 score:0.54 previous_total 13574181888 bytes and current_total 13692670976 bytes
1661362501.095726 -- INFO: Throughput @161.2s:914.36Mbps, rtt :8.31ms cwnd: 84.0 lossRate: 0.0004995504046358277 CC:28 score:0.52 previous_total 13692670976 bytes and current_total 13806965760 bytes
1661362501.143116 -- INFO: score [0.53, 0.54, 0.52] ******
1661362501.144963 -- INFO: action array from actor 0.7642941474914551 and action is 28 ******
1661362501.145666 -- INFO: Process Status Bits from change concurrency are: 1 1 1 1 1 1 1 1 1 1 1 1 1 1 1 1 1 1 1 1 1 1 1 1 1 1 1 1 0 0 0 0
1661362501.146108 -- INFO: Active CC: 28
1661362502.097283 -- INFO: Throughput @162.2s:956.3Mbps, rtt :8.34ms cwnd: 83.0 lossRate: 3.721253318117542e-05 CC:28 score:0.55 previous_total 13806965760 bytes and current_total 13926503424 bytes
1661362503.099884 -- INFO: Throughput @163.2s:922.75Mbps, rtt :8.23ms cwnd: 83.2 lossRate: 8.66218707849179e-05 CC:28 score:0.53 previous_total 13926503424 bytes and current_total 14041846784 bytes
1661362504.099963 -- INFO: Throughput @164.2s:956.3Mbps, rtt :8.3ms cwnd: 81.3 lossRate: 0.0004099429806581448 CC:28 score:0.55 previous_total 14041846784 bytes and current_total 14161384448 bytes
1661362504.647088 -- INFO: score [0.55, 0.53, 0.55] ******
1661362504.648184 -- INFO: action array from actor 0.357928991317749 and action is 22 ******
1661362504.648614 -- INFO: Process Status Bits from change concurrency are: 1 1 1 1 1 1 1 1 1 1 1 1 1 1 1 1 1 1 1 1 1 1 0 0 0 0 0 0 0 0 0 0
1661362504.648920 -- INFO: Active CC: 22
1661362504.654189 -- INFO: Process 27 found Queue Full : False
1661362504.781620 -- INFO: Process 25 found Queue Full : False
1661362504.784223 -- INFO: Process 26 found Queue Full : False
1661362504.787940 -- INFO: Process 22 found Queue Full : False
1661362504.862546 -- INFO: Process 23 found Queue Full : False
1661362504.971222 -- INFO: Process 24 found Queue Full : False
1661362505.101620 -- INFO: Throughput @165.2s:939.52Mbps, rtt :7.44ms cwnd: 85.9 lossRate: 0 CC:22 score:0.61 previous_total 14161384448 bytes and current_total 14278824960 bytes
1661362506.103225 -- INFO: Throughput @166.2s:889.19Mbps, rtt :10.16ms cwnd: 139.7 lossRate: 0.0008205864628876951 CC:22 score:0.57 previous_total 14278824960 bytes and current_total 14389974016 bytes
1661362507.103279 -- INFO: Throughput @167.2s:939.52Mbps, rtt :8.72ms cwnd: 130.7 lossRate: 0.0008053624750647387 CC:22 score:0.6 previous_total 14389974016 bytes and current_total 14507414528 bytes
1661362508.104347 -- INFO: Throughput @168.2s:947.91Mbps, rtt :8.62ms cwnd: 114.3 lossRate: 0.0017601487449643632 CC:22 score:0.6 previous_total 14507414528 bytes and current_total 14625903616 bytes
1661362508.149937 -- INFO: score [0.57, 0.6, 0.6] ******
1661362508.151583 -- INFO: action array from actor 0.39743706583976746 and action is 23 ******
1661362508.152873 -- INFO: Start Process :: 22
1661362508.153293 -- INFO: Process Status Bits from change concurrency are: 1 1 1 1 1 1 1 1 1 1 1 1 1 1 1 1 1 1 1 1 1 1 1 0 0 0 0 0 0 0 0 0
1661362508.154120 -- INFO: Process 22 found Queue Empty : False
1661362508.154376 -- INFO: Process 22 get item 27 from queue and executing
1661362508.154576 -- INFO: starting 22, 27, /home/hjamil/Documents/files_bash/FILE26
1661362508.154681 -- INFO: Active CC: 23
1661362509.106147 -- INFO: Throughput @169.2s:922.75Mbps, rtt :7.99ms cwnd: 115.5 lossRate: 0.0001734390485629336 CC:23 score:0.58 previous_total 14625903616 bytes and current_total 14741246976 bytes
1661362510.106401 -- INFO: Throughput @170.2s:947.91Mbps, rtt :9.27ms cwnd: 115.2 lossRate: 8.685510087599573e-05 CC:23 score:0.6 previous_total 14741246976 bytes and current_total 14859736064 bytes
1661362511.107262 -- INFO: Throughput @171.2s:905.97Mbps, rtt :15.5ms cwnd: 146.9 lossRate: 0.0016435193897650143 CC:23 score:0.56 previous_total 14859736064 bytes and current_total 14972982272 bytes
1661362511.655828 -- INFO: score [0.58, 0.6, 0.56] ******
1661362511.657523 -- INFO: action array from actor 0.39741265773773193 and action is 23 ******
1661362511.659005 -- INFO: Process Status Bits from change concurrency are: 1 1 1 1 1 1 1 1 1 1 1 1 1 1 1 1 1 1 1 1 1 1 1 0 0 0 0 0 0 0 0 0
1661362511.659990 -- INFO: Active CC: 23
1661362512.109523 -- INFO: Throughput @172.2s:964.69Mbps, rtt :10.43ms cwnd: 144.4 lossRate: 0.0007390709877683751 CC:23 score:0.6 previous_total 14972982272 bytes and current_total 15093568512 bytes
1661362513.109271 -- INFO: Throughput @173.2s:956.3Mbps, rtt :9.59ms cwnd: 140.5 lossRate: 0.0009051120231113536 CC:23 score:0.6 previous_total 15093568512 bytes and current_total 15213106176 bytes
1661362514.112485 -- INFO: Throughput @174.2s:922.75Mbps, rtt :9.4ms cwnd: 131.8 lossRate: 0.0006435643564356436 CC:23 score:0.58 previous_total 15213106176 bytes and current_total 15328449536 bytes
1661362515.111675 -- INFO: Throughput @175.2s:939.52Mbps, rtt :8.92ms cwnd: 130.4 lossRate: 9.932952570151477e-05 CC:23 score:0.59 previous_total 15328449536 bytes and current_total 15445890048 bytes
1661362515.161159 -- INFO: score [0.6, 0.58, 0.59] ******
1661362515.163322 -- INFO: action array from actor 0.35880374908447266 and action is 22 ******
1661362515.164675 -- INFO: Process Status Bits from change concurrency are: 1 1 1 1 1 1 1 1 1 1 1 1 1 1 1 1 1 1 1 1 1 1 0 0 0 0 0 0 0 0 0 0
1661362515.166102 -- INFO: Process 22 found Queue Full : False
1661362515.166157 -- INFO: Active CC: 22
1661362516.111259 -- INFO: Throughput @176.2s:922.75Mbps, rtt :8.71ms cwnd: 125.3 lossRate: 0.0008098538496308573 CC:22 score:0.59 previous_total 15445890048 bytes and current_total 15561233408 bytes
1661362517.113038 -- INFO: Throughput @177.2s:922.75Mbps, rtt :8.97ms cwnd: 125.3 lossRate: 0.0 CC:22 score:0.6 previous_total 15561233408 bytes and current_total 15676576768 bytes
1661362518.114833 -- INFO: Throughput @178.2s:947.91Mbps, rtt :9.46ms cwnd: 141.0 lossRate: 0.0007678398929977956 CC:22 score:0.61 previous_total 15676576768 bytes and current_total 15795065856 bytes
1661362518.667131 -- INFO: score [0.59, 0.6, 0.61] ******
1661362518.668759 -- INFO: action array from actor 0.39738526940345764 and action is 23 ******
1661362518.670727 -- INFO: Start Process :: 22
1661362518.670840 -- INFO: Process Status Bits from change concurrency are: 1 1 1 1 1 1 1 1 1 1 1 1 1 1 1 1 1 1 1 1 1 1 1 0 0 0 0 0 0 0 0 0
1661362518.671987 -- INFO: Active CC: 23
1661362518.672987 -- INFO: Process 22 found Queue Empty : False
1661362518.673302 -- INFO: Process 22 get item 26 from queue and executing
1661362518.673554 -- INFO: starting 22, 26, /home/hjamil/Documents/files_bash/FILE27
1661362519.115742 -- INFO: Throughput @179.2s:914.36Mbps, rtt :9.21ms cwnd: 127.0 lossRate: 0.0005457973603254937 CC:23 score:0.57 previous_total 15795065856 bytes and current_total 15909360640 bytes
1661362520.116654 -- INFO: Throughput @180.2s:947.91Mbps, rtt :8.68ms cwnd: 127.4 lossRate: 0.0 CC:23 score:0.6 previous_total 15909360640 bytes and current_total 16027849728 bytes
1661362521.116729 -- INFO: Throughput @181.2s:931.14Mbps, rtt :8.22ms cwnd: 127.7 lossRate: 0.0 CC:23 score:0.59 previous_total 16027849728 bytes and current_total 16144241664 bytes
1661362522.119912 -- INFO: Throughput @182.2s:947.91Mbps, rtt :9.47ms cwnd: 125.4 lossRate: 0.00021058368843523932 CC:23 score:0.6 previous_total 16144241664 bytes and current_total 16262730752 bytes
1661362522.173182 -- INFO: score [0.6, 0.59, 0.6] ******
1661362522.175454 -- INFO: action array from actor 0.35892313718795776 and action is 22 ******
1661362522.177093 -- INFO: Process Status Bits from change concurrency are: 1 1 1 1 1 1 1 1 1 1 1 1 1 1 1 1 1 1 1 1 1 1 0 0 0 0 0 0 0 0 0 0
1661362522.178386 -- INFO: Active CC: 22
1661362522.220925 -- INFO: Process 22 found Queue Full : False
1661362523.118298 -- INFO: Throughput @183.2s:939.52Mbps, rtt :9.89ms cwnd: 149.7 lossRate: 0.002009002749161657 CC:22 score:0.59 previous_total 16262730752 bytes and current_total 16380171264 bytes
1661362524.121174 -- INFO: Throughput @184.2s:922.75Mbps, rtt :9.58ms cwnd: 137.2 lossRate: 0.0008671415298854134 CC:22 score:0.59 previous_total 16380171264 bytes and current_total 16495514624 bytes
1661362525.121415 -- INFO: Throughput @185.2s:939.52Mbps, rtt :8.93ms cwnd: 130.4 lossRate: 0.0006323150168617337 CC:22 score:0.6 previous_total 16495514624 bytes and current_total 16612955136 bytes
1661362525.679410 -- INFO: score [0.59, 0.59, 0.6] ******
1661362525.681041 -- INFO: action array from actor 0.39738988876342773 and action is 23 ******
1661362525.682487 -- INFO: Start Process :: 22
1661362525.682964 -- INFO: Process Status Bits from change concurrency are: 1 1 1 1 1 1 1 1 1 1 1 1 1 1 1 1 1 1 1 1 1 1 1 0 0 0 0 0 0 0 0 0
1661362525.683959 -- INFO: Active CC: 23
1661362525.684019 -- INFO: Process 22 found Queue Empty : False
1661362525.684297 -- INFO: Process 22 get item 20 from queue and executing
1661362525.684610 -- INFO: starting 22, 20, /home/hjamil/Documents/files_bash/FILE15
1661362526.121793 -- INFO: Throughput @186.2s:922.75Mbps, rtt :8.27ms cwnd: 122.0 lossRate: 0.0007305958690375947 CC:23 score:0.58 previous_total 16612955136 bytes and current_total 16728298496 bytes
1661362527.122993 -- INFO: Throughput @187.2s:956.3Mbps, rtt :8.16ms cwnd: 122.0 lossRate: 7.446293607356939e-05 CC:23 score:0.61 previous_total 16728298496 bytes and current_total 16847836160 bytes
1661362528.125406 -- INFO: Throughput @188.2s:914.36Mbps, rtt :9.64ms cwnd: 143.1 lossRate: 0.0010777463951241266 CC:23 score:0.57 previous_total 16847836160 bytes and current_total 16962130944 bytes
1661362529.125999 -- INFO: Throughput @189.2s:947.91Mbps, rtt :8.84ms cwnd: 141.8 lossRate: 0.0001239280226044713 CC:23 score:0.6 previous_total 16962130944 bytes and current_total 17080620032 bytes
1661362529.185149 -- INFO: score [0.61, 0.57, 0.6] ******
1661362529.187442 -- INFO: action array from actor 0.3579294681549072 and action is 22 ******
1661362529.188812 -- INFO: Process Status Bits from change concurrency are: 1 1 1 1 1 1 1 1 1 1 1 1 1 1 1 1 1 1 1 1 1 1 0 0 0 0 0 0 0 0 0 0
1661362529.190153 -- INFO: Active CC: 22
1661362529.210776 -- INFO: Process 22 found Queue Full : False
1661362530.126439 -- INFO: Throughput @190.2s:947.91Mbps, rtt :8.88ms cwnd: 126.9 lossRate: 0.0017469252351290784 CC:22 score:0.6 previous_total 17080620032 bytes and current_total 17199109120 bytes
1661362531.127549 -- INFO: Throughput @191.2s:905.97Mbps, rtt :8.86ms cwnd: 119.1 lossRate: 0.0008179249491895108 CC:22 score:0.58 previous_total 17199109120 bytes and current_total 17312355328 bytes
1661362532.128114 -- INFO: Throughput @192.2s:956.3Mbps, rtt :8.71ms cwnd: 119.1 lossRate: 0.0 CC:22 score:0.62 previous_total 17312355328 bytes and current_total 17431892992 bytes
1661362532.691325 -- INFO: score [0.6, 0.58, 0.62] ******
1661362532.693079 -- INFO: action array from actor 0.357928991317749 and action is 22 ******
1661362532.694925 -- INFO: Process Status Bits from change concurrency are: 1 1 1 1 1 1 1 1 1 1 1 1 1 1 1 1 1 1 1 1 1 1 0 0 0 0 0 0 0 0 0 0
1661362532.696130 -- INFO: Active CC: 22
1661362533.129152 -- INFO: Throughput @193.2s:914.36Mbps, rtt :9.36ms cwnd: 135.5 lossRate: 0.001150178710563093 CC:22 score:0.58 previous_total 17431892992 bytes and current_total 17546187776 bytes
1661362534.129303 -- INFO: Throughput @194.2s:947.91Mbps, rtt :9.55ms cwnd: 132.0 lossRate: 0.0004468774438610211 CC:22 score:0.61 previous_total 17546187776 bytes and current_total 17664676864 bytes
1661362535.130746 -- INFO: Throughput @195.2s:931.14Mbps, rtt :8.85ms cwnd: 128.1 lossRate: 0.0003471533425907558 CC:22 score:0.6 previous_total 17664676864 bytes and current_total 17781068800 bytes
1661362536.131767 -- INFO: Throughput @196.2s:931.14Mbps, rtt :8.57ms cwnd: 128.1 lossRate: 0.0 CC:22 score:0.6 previous_total 17781068800 bytes and current_total 17897460736 bytes
1661362536.197228 -- INFO: score [0.61, 0.6, 0.6] ******
1661362536.199038 -- INFO: action array from actor 0.37172365188598633 and action is 22 ******
1661362536.200546 -- INFO: Process Status Bits from change concurrency are: 1 1 1 1 1 1 1 1 1 1 1 1 1 1 1 1 1 1 1 1 1 1 0 0 0 0 0 0 0 0 0 0
1661362536.201562 -- INFO: Active CC: 22
1661362536.348638 -- INFO: Process 4 finished on working on file 22 
1661362536.349114 -- INFO: Process 4 found Queue Empty : False
1661362536.349358 -- INFO: Process 4 get item 23 from queue and executing
1661362536.349559 -- INFO: starting 4, 23, /home/hjamil/Documents/files_bash/FILE10
1661362537.133901 -- INFO: Throughput @197.2s:945.18Mbps, rtt :8.62ms cwnd: 128.1 lossRate: 0.0 CC:22 score:0.61 previous_total 17897460736 bytes and current_total 18015608320 bytes
1661362538.134510 -- INFO: Throughput @198.2s:905.97Mbps, rtt :10.07ms cwnd: 143.3 lossRate: 0.001350397066293346 CC:22 score:0.57 previous_total 18015608320 bytes and current_total 18128854528 bytes
1661362539.135704 -- INFO: Throughput @199.2s:964.69Mbps, rtt :9.77ms cwnd: 138.3 lossRate: 0.0002726180002230511 CC:22 score:0.62 previous_total 18128854528 bytes and current_total 18249440768 bytes
1661362539.702669 -- INFO: score [0.61, 0.57, 0.62] ******
1661362539.704367 -- INFO: action array from actor 0.35793566703796387 and action is 22 ******
1661362539.706288 -- INFO: Process Status Bits from change concurrency are: 1 1 1 1 1 1 1 1 1 1 1 1 1 1 1 1 1 1 1 1 1 1 0 0 0 0 0 0 0 0 0 0
1661362539.707398 -- INFO: Active CC: 22
1661362540.135495 -- INFO: Throughput @200.2s:905.97Mbps, rtt :10.15ms cwnd: 136.7 lossRate: 0.00012425601709762794 CC:22 score:0.58 previous_total 18249440768 bytes and current_total 18362686976 bytes
1661362541.136388 -- INFO: Throughput @201.2s:947.91Mbps, rtt :9.1ms cwnd: 135.3 lossRate: 0.00011161129506306038 CC:22 score:0.61 previous_total 18362686976 bytes and current_total 18481176064 bytes
1661362542.138184 -- INFO: Throughput @202.2s:922.75Mbps, rtt :8.26ms cwnd: 130.7 lossRate: 0.0004830618690778473 CC:22 score:0.59 previous_total 18481176064 bytes and current_total 18596519424 bytes
1661362543.140719 -- INFO: Throughput @203.3s:846.49Mbps, rtt :9.07ms cwnd: 129.4 lossRate: 0.0007814438104688663 CC:22 score:0.54 previous_total 18596519424 bytes and current_total 18712911360 bytes
1661362543.208576 -- INFO: score [0.61, 0.59, 0.54] ******
1661362543.210365 -- INFO: episode expires
1661362543.210418 -- INFO: Process 26 shutdown itself from outest loop
1661362543.210428 -- INFO: Process 24 shutdown itself from outest loop
1661362543.210404 -- INFO: Process 25 shutdown itself from outest loop
1661362543.210463 -- INFO: Process 27 shutdown itself from outest loop
1661362543.210455 -- INFO: Process 28 shutdown itself from outest loop
1661362543.210383 -- INFO: Process 23 shutdown itself from outest loop
1661362543.210954 -- INFO: Process 22 shutdown itself from outest loop
1661362543.217109 -- INFO: Process 29 shutdown itself from outest loop
1661362543.222061 -- INFO: Process 30 shutdown itself from outest loop
1661362543.217104 -- INFO: Process 31 shutdown itself from outest loop
