1661005442.650688 -- INFO: action array from actor 0.14335952699184418 and action is 19 ******
1661005442.651201 -- INFO: Changing concurrency to 19 ******
1661005442.655074 -- INFO: Process Status Bits from change concurrency are: 1 1 1 1 1 1 1 1 1 1 1 1 1 1 1 1 1 1 1 0 0 0 0 0 0 0 0 0 0 0 0 0
1661005442.655069 -- INFO: Start Process :: 1
1661005442.655145 -- INFO: Start Process :: 0
1661005442.655341 -- INFO: Start Process :: 2
1661005442.656788 -- INFO: Active CC: 19
1661005442.656921 -- INFO: Process 0 get item 0 from queue and executing
1661005442.657249 -- INFO: starting 0, 0, /home/hjamil/Documents/files_bash/FILE25
1661005442.660264 -- INFO: Process 1 get item 1 from queue and executing
1661005442.660525 -- INFO: starting 1, 1, /home/hjamil/Documents/files_bash/FILE1
1661005442.660824 -- INFO: Start Process :: 3
1661005442.679033 -- INFO: Process 2 get item 2 from queue and executing
1661005442.679313 -- INFO: starting 2, 2, /home/hjamil/Documents/files_bash/FILE4
1661005442.679616 -- INFO: Start Process :: 5
1661005442.680120 -- INFO: Process 3 get item 3 from queue and executing
1661005442.680330 -- INFO: starting 3, 3, /home/hjamil/Documents/files_bash/FILE13
1661005442.679751 -- INFO: Start Process :: 4
1661005442.681470 -- INFO: Start Process :: 9
1661005442.682555 -- INFO: Process 4 get item 4 from queue and executing
1661005442.682610 -- INFO: Start Process :: 7
1661005442.683113 -- INFO: starting 4, 4, /home/hjamil/Documents/files_bash/FILE3
1661005442.683478 -- INFO: Process 9 get item 5 from queue and executing
1661005442.683752 -- INFO: starting 9, 5, /home/hjamil/Documents/files_bash/FILE24
1661005442.684267 -- INFO: Process 7 get item 6 from queue and executing
1661005442.684462 -- INFO: starting 7, 6, /home/hjamil/Documents/files_bash/FILE2
1661005442.686682 -- INFO: Process 5 get item 7 from queue and executing
1661005442.687199 -- INFO: starting 5, 7, /home/hjamil/Documents/files_bash/FILE20
1661005442.699470 -- INFO: Start Process :: 8
1661005442.700636 -- INFO: Process 8 get item 8 from queue and executing
1661005442.700829 -- INFO: starting 8, 8, /home/hjamil/Documents/files_bash/FILE29
1661005442.712487 -- INFO: Start Process :: 6
1661005442.714354 -- INFO: Process 6 get item 9 from queue and executing
1661005442.714579 -- INFO: starting 6, 9, /home/hjamil/Documents/files_bash/FILE7
1661005442.727051 -- INFO: Start Process :: 10
1661005442.731363 -- INFO: Start Process :: 11
1661005442.732036 -- INFO: Process 10 get item 10 from queue and executing
1661005442.732258 -- INFO: starting 10, 10, /home/hjamil/Documents/files_bash/FILE31
1661005442.732293 -- INFO: Process 11 get item 11 from queue and executing
1661005442.732460 -- INFO: starting 11, 11, /home/hjamil/Documents/files_bash/FILE6
1661005442.743081 -- INFO: Start Process :: 12
1661005442.744570 -- INFO: Process 12 get item 12 from queue and executing
1661005442.744747 -- INFO: starting 12, 12, /home/hjamil/Documents/files_bash/FILE22
1661005442.755347 -- INFO: Start Process :: 14
1661005442.756412 -- INFO: Process 14 get item 13 from queue and executing
1661005442.756613 -- INFO: starting 14, 13, /home/hjamil/Documents/files_bash/FILE11
1661005442.756670 -- INFO: Start Process :: 15
1661005442.757580 -- INFO: Process 15 get item 14 from queue and executing
1661005442.757752 -- INFO: starting 15, 14, /home/hjamil/Documents/files_bash/FILE30
1661005442.771451 -- INFO: Start Process :: 13
1661005442.773191 -- INFO: Start Process :: 18
1661005442.774414 -- INFO: Process 13 get item 15 from queue and executing
1661005442.774622 -- INFO: Process 18 get item 16 from queue and executing
1661005442.774997 -- INFO: starting 13, 15, /home/hjamil/Documents/files_bash/FILE5
1661005442.775175 -- INFO: starting 18, 16, /home/hjamil/Documents/files_bash/FILE17
1661005442.780287 -- INFO: Start Process :: 17
1661005442.786983 -- INFO: Process 17 get item 17 from queue and executing
1661005442.787258 -- INFO: starting 17, 17, /home/hjamil/Documents/files_bash/FILE23
1661005442.787976 -- INFO: Throughput @0.1s:100.0Mbps, rtt :1.68ms cwnd: 58.0 lossRate: 0.0 CC:19 score:0.07 
1661005442.799183 -- INFO: Start Process :: 16
1661005442.802389 -- INFO: Process 16 get item 18 from queue and executing
1661005442.802604 -- INFO: starting 16, 18, /home/hjamil/Documents/files_bash/FILE14
1661005443.713424 -- INFO: Throughput @1.1s:895.0Mbps, rtt :2.92ms cwnd: 146.1 lossRate: 0.0 CC:19 score:0.61 
1661005444.745670 -- INFO: Throughput @2.1s:880.0Mbps, rtt :3.85ms cwnd: 191.7 lossRate: 0.0 CC:19 score:0.6 
1661005445.752920 -- INFO: Throughput @3.1s:895.0Mbps, rtt :3.81ms cwnd: 214.7 lossRate: 0.0 CC:19 score:0.61 
1661005446.176139 -- INFO: score [0.61, 0.6, 0.61] ******
1661005446.179278 -- INFO: action array from actor -0.2825154662132263 and action is 12 ******
1661005446.181564 -- INFO: Changing concurrency to 12 ******
1661005446.182412 -- INFO: Process Status Bits from change concurrency are: 1 1 1 1 1 1 1 1 1 1 1 1 0 0 0 0 0 0 0 0 0 0 0 0 0 0 0 0 0 0 0 0
1661005446.201199 -- INFO: Active CC: 12
1661005446.734429 -- INFO: Throughput @4.1s:720.0Mbps, rtt :2.18ms cwnd: 258.0 lossRate: 0 CC:12 score:0.57 
1661005447.751364 -- INFO: Throughput @5.1s:575.0Mbps, rtt :2.43ms cwnd: 324.0 lossRate: 0.0 CC:12 score:0.45 
1661005448.756532 -- INFO: Throughput @6.1s:560.0Mbps, rtt :2.71ms cwnd: 380.7 lossRate: 0.0 CC:12 score:0.44 
1661005449.715126 -- INFO: score [0.57, 0.45, 0.44] ******
1661005449.724622 -- INFO: action array from actor 0.263576865196228 and action is 21 ******
1661005449.725015 -- INFO: Changing concurrency to 21 ******
1661005449.737223 -- INFO: Throughput @7.1s:565.0Mbps, rtt :3.27ms cwnd: 410.8 lossRate: 0.0 CC:12 score:0.45 
1661005449.749291 -- INFO: Start Process :: 13
1661005449.750030 -- INFO: Start Process :: 12
1661005449.750623 -- INFO: Process 13 get item 19 from queue and executing
1661005449.750939 -- INFO: Start Process :: 16
1661005449.751322 -- INFO: starting 13, 19, /home/hjamil/Documents/files_bash/FILE8
1661005449.751762 -- INFO: Start Process :: 17
1661005449.751906 -- INFO: Process 16 get item 20 from queue and executing
1661005449.750959 -- INFO: Process Status Bits from change concurrency are: 1 1 1 1 1 1 1 1 1 1 1 1 1 1 1 1 1 1 1 1 1 0 0 0 0 0 0 0 0 0 0 0
1661005449.752527 -- INFO: starting 16, 20, /home/hjamil/Documents/files_bash/FILE15
1661005449.753023 -- INFO: Active CC: 21
1661005449.753983 -- INFO: Process 12 get item 21 from queue and executing
1661005449.754669 -- INFO: Start Process :: 14
1661005449.754887 -- INFO: Process 17 get item 22 from queue and executing
1661005449.755021 -- INFO: Start Process :: 15
1661005449.759537 -- INFO: starting 12, 21, /home/hjamil/Documents/files_bash/FILE21
1661005449.759760 -- INFO: Process 15 get item 23 from queue and executing
1661005449.760135 -- INFO: starting 15, 23, /home/hjamil/Documents/files_bash/FILE10
1661005449.760555 -- INFO: starting 17, 22, /home/hjamil/Documents/files_bash/FILE9
1661005449.762567 -- INFO: Process 14 get item 24 from queue and executing
1661005449.763043 -- INFO: starting 14, 24, /home/hjamil/Documents/files_bash/FILE12
1661005449.763728 -- INFO: Start Process :: 19
1661005449.764430 -- INFO: Start Process :: 18
1661005449.783323 -- INFO: Start Process :: 20
1661005449.790868 -- INFO: Process 19 get item 25 from queue and executing
1661005449.791125 -- INFO: starting 19, 25, /home/hjamil/Documents/files_bash/FILE28
1661005449.791147 -- INFO: Process 18 get item 26 from queue and executing
1661005449.791825 -- INFO: starting 18, 26, /home/hjamil/Documents/files_bash/FILE27
1661005449.798679 -- INFO: Process 20 get item 27 from queue and executing
1661005449.798945 -- INFO: starting 20, 27, /home/hjamil/Documents/files_bash/FILE26
1661005450.769462 -- INFO: Throughput @8.1s:940.0Mbps, rtt :8.65ms cwnd: 273.8 lossRate: 8.525772191367047e-05 CC:21 score:0.62 
1661005451.745595 -- INFO: Throughput @9.1s:950.0Mbps, rtt :12.16ms cwnd: 247.3 lossRate: 0.0014495702151467373 CC:21 score:0.61 
1661005452.745018 -- INFO: Throughput @10.1s:955.0Mbps, rtt :9.05ms cwnd: 246.4 lossRate: 0.00033492110747246204 CC:21 score:0.63 
1661005453.275116 -- INFO: score [0.62, 0.61, 0.63] ******
1661005453.276961 -- INFO: action array from actor -0.16455887258052826 and action is 14 ******
1661005453.280351 -- INFO: Changing concurrency to 14 ******
1661005453.283325 -- INFO: Process Status Bits from change concurrency are: 1 1 1 1 1 1 1 1 1 1 1 1 1 1 0 0 0 0 0 0 0 0 0 0 0 0 0 0 0 0 0 0
1661005453.284941 -- INFO: Active CC: 14
1661005453.764924 -- INFO: Throughput @11.1s:845.0Mbps, rtt :5.02ms cwnd: 310.2 lossRate: 0 CC:14 score:0.64 
1661005454.741072 -- INFO: Throughput @12.1s:655.0Mbps, rtt :3.33ms cwnd: 327.8 lossRate: 0.0 CC:14 score:0.5 
1661005455.741347 -- INFO: Throughput @13.1s:635.0Mbps, rtt :3.44ms cwnd: 338.6 lossRate: 0.0 CC:14 score:0.48 
1661005456.732785 -- INFO: Throughput @14.1s:665.0Mbps, rtt :3.6ms cwnd: 345.7 lossRate: 0.0 CC:14 score:0.5 
1661005456.795312 -- INFO: score [0.5, 0.48, 0.5] ******
1661005456.796753 -- INFO: action array from actor 0.34786874055862427 and action is 22 ******
1661005456.797009 -- INFO: Changing concurrency to 22 ******
1661005456.803208 -- INFO: Process Status Bits from change concurrency are: 1 1 1 1 1 1 1 1 1 1 1 1 1 1 1 1 1 1 1 1 1 1 0 0 0 0 0 0 0 0 0 0
1661005456.803322 -- INFO: Start Process :: 19
1661005456.803504 -- INFO: Start Process :: 15
1661005456.803678 -- INFO: Start Process :: 17
1661005456.803782 -- INFO: Start Process :: 18
1661005456.804077 -- INFO: Start Process :: 14
1661005456.804391 -- INFO: Process 19 get item 28 from queue and executing
1661005456.804759 -- INFO: starting 19, 28, /home/hjamil/Documents/files_bash/FILE18
1661005456.804809 -- INFO: Start Process :: 16
1661005456.805204 -- INFO: Start Process :: 20
1661005456.805796 -- INFO: Active CC: 22
1661005456.806350 -- INFO: Process 18 get item 29 from queue and executing
1661005456.806720 -- INFO: Process 17 get item 30 from queue and executing
1661005456.807058 -- INFO: starting 17, 30, /home/hjamil/Documents/files_bash/FILE16
1661005456.806872 -- INFO: starting 18, 29, /home/hjamil/Documents/files_bash/FILE0
1661005456.808495 -- INFO: Process 16 get item 31 from queue and executing
1661005456.808755 -- INFO: starting 16, 31, /home/hjamil/Documents/files_bash/FILE19
1661005456.808916 -- INFO: Process 14 get item 18 from queue and executing
1661005456.809190 -- INFO: starting 14, 18, /home/hjamil/Documents/files_bash/FILE14
1661005456.811096 -- INFO: Process 20 get item 16 from queue and executing
1661005456.811450 -- INFO: starting 20, 16, /home/hjamil/Documents/files_bash/FILE17
1661005456.816629 -- INFO: Process 15 get item 12 from queue and executing
1661005456.817062 -- INFO: starting 15, 12, /home/hjamil/Documents/files_bash/FILE22
1661005456.830870 -- INFO: Start Process :: 21
1661005456.874567 -- INFO: Process 21 get item 14 from queue and executing
1661005456.874813 -- INFO: starting 21, 14, /home/hjamil/Documents/files_bash/FILE30
1661005457.745229 -- INFO: Throughput @15.1s:960.0Mbps, rtt :7.21ms cwnd: 262.9 lossRate: 0.0 CC:22 score:0.62 
1661005458.742315 -- INFO: Throughput @16.1s:970.0Mbps, rtt :9.04ms cwnd: 267.0 lossRate: 0.00028182130078909965 CC:22 score:0.62 
1661005459.725036 -- INFO: Throughput @17.1s:930.0Mbps, rtt :7.14ms cwnd: 272.0 lossRate: 0.0 CC:22 score:0.6 
1661005460.313319 -- INFO: score [0.62, 0.62, 0.6] ******
1661005460.314696 -- INFO: action array from actor -0.1645890772342682 and action is 14 ******
1661005460.314811 -- INFO: Changing concurrency to 14 ******
1661005460.325591 -- INFO: Process Status Bits from change concurrency are: 1 1 1 1 1 1 1 1 1 1 1 1 1 1 0 0 0 0 0 0 0 0 0 0 0 0 0 0 0 0 0 0
1661005460.328555 -- INFO: Active CC: 14
1661005460.756804 -- INFO: Throughput @18.1s:880.0Mbps, rtt :3.59ms cwnd: 315.0 lossRate: 0 CC:14 score:0.67 
1661005461.704782 -- INFO: Throughput @19.1s:665.0Mbps, rtt :3.51ms cwnd: 316.6 lossRate: 0.0 CC:14 score:0.5 
1661005462.736908 -- INFO: Throughput @20.1s:635.0Mbps, rtt :5.85ms cwnd: 319.4 lossRate: 0.0 CC:14 score:0.48 
1661005463.740566 -- INFO: Throughput @21.1s:670.0Mbps, rtt :2.64ms cwnd: 320.7 lossRate: 0.0 CC:14 score:0.51 
1661005463.853264 -- INFO: score [0.5, 0.48, 0.51] ******
1661005463.857555 -- INFO: action array from actor 0.33107784390449524 and action is 22 ******
1661005463.859958 -- INFO: Changing concurrency to 22 ******
1661005463.880545 -- INFO: Start Process :: 19
1661005463.880760 -- INFO: Start Process :: 17
1661005463.880987 -- INFO: Start Process :: 20
1661005463.880975 -- INFO: Start Process :: 15
1661005463.882621 -- INFO: Start Process :: 14
1661005463.882814 -- INFO: Start Process :: 16
1661005463.882885 -- INFO: Process 19 get item 15 from queue and executing
1661005463.882698 -- INFO: Start Process :: 21
1661005463.883090 -- INFO: starting 19, 15, /home/hjamil/Documents/files_bash/FILE5
1661005463.883197 -- INFO: Process 17 get item 13 from queue and executing
1661005463.883390 -- INFO: starting 17, 13, /home/hjamil/Documents/files_bash/FILE11
1661005463.883637 -- INFO: Process 15 get item 17 from queue and executing
1661005463.883787 -- INFO: Process 16 get item 25 from queue and executing
1661005463.884215 -- INFO: starting 16, 25, /home/hjamil/Documents/files_bash/FILE28
1661005463.884255 -- INFO: starting 15, 17, /home/hjamil/Documents/files_bash/FILE23
1661005463.884573 -- INFO: Start Process :: 18
1661005463.884782 -- INFO: Process 14 get item 20 from queue and executing
1661005463.880646 -- INFO: Process Status Bits from change concurrency are: 1 1 1 1 1 1 1 1 1 1 1 1 1 1 1 1 1 1 1 1 1 1 0 0 0 0 0 0 0 0 0 0
1661005463.885073 -- INFO: starting 14, 20, /home/hjamil/Documents/files_bash/FILE15
1661005463.885269 -- INFO: Process 20 get item 22 from queue and executing
1661005463.885512 -- INFO: starting 20, 22, /home/hjamil/Documents/files_bash/FILE9
1661005463.885787 -- INFO: Active CC: 22
1661005463.888583 -- INFO: Process 21 get item 23 from queue and executing
1661005463.888931 -- INFO: starting 21, 23, /home/hjamil/Documents/files_bash/FILE10
1661005463.888940 -- INFO: Process 18 get item 24 from queue and executing
1661005463.889195 -- INFO: starting 18, 24, /home/hjamil/Documents/files_bash/FILE12
1661005464.755299 -- INFO: Throughput @22.1s:935.0Mbps, rtt :8.56ms cwnd: 210.4 lossRate: 0.0010725592815145053 CC:22 score:0.59 
1661005465.766142 -- INFO: Throughput @23.1s:985.0Mbps, rtt :7.77ms cwnd: 210.7 lossRate: 0.0002552477726593172 CC:22 score:0.63 
1661005466.754668 -- INFO: Throughput @24.1s:930.0Mbps, rtt :10.43ms cwnd: 213.6 lossRate: 1.2653903096410087e-05 CC:22 score:0.6 
1661005467.404869 -- INFO: score [0.59, 0.63, 0.6] ******
1661005467.425562 -- INFO: action array from actor -0.16459958255290985 and action is 14 ******
1661005467.426890 -- INFO: Changing concurrency to 14 ******
1661005467.446822 -- INFO: Process Status Bits from change concurrency are: 1 1 1 1 1 1 1 1 1 1 1 1 1 1 0 0 0 0 0 0 0 0 0 0 0 0 0 0 0 0 0 0
1661005467.451326 -- INFO: Active CC: 14
1661005467.780564 -- INFO: Throughput @25.1s:900.0Mbps, rtt :5.18ms cwnd: 269.4 lossRate: 0 CC:14 score:0.68 
1661005468.748668 -- INFO: Throughput @26.1s:670.0Mbps, rtt :4.5ms cwnd: 272.9 lossRate: 0.0 CC:14 score:0.51 
1661005469.765180 -- INFO: Throughput @27.1s:655.0Mbps, rtt :4.14ms cwnd: 274.6 lossRate: 0.0 CC:14 score:0.5 
1661005470.748540 -- INFO: Throughput @28.1s:650.0Mbps, rtt :2.71ms cwnd: 278.1 lossRate: 0.0 CC:14 score:0.49 
1661005470.974975 -- INFO: score [0.51, 0.5, 0.49] ******
1661005470.976704 -- INFO: action array from actor 0.24576401710510254 and action is 20 ******
1661005470.976997 -- INFO: Changing concurrency to 20 ******
1661005470.977601 -- INFO: Process Status Bits from change concurrency are: 1 1 1 1 1 1 1 1 1 1 1 1 1 1 1 1 1 1 1 1 0 0 0 0 0 0 0 0 0 0 0 0
1661005470.977701 -- INFO: Start Process :: 17
1661005470.977762 -- INFO: Start Process :: 16
1661005470.978156 -- INFO: Start Process :: 19
1661005470.978305 -- INFO: Start Process :: 15
1661005470.978305 -- INFO: Start Process :: 14
1661005470.978671 -- INFO: Process 17 get item 27 from queue and executing
1661005470.978875 -- INFO: starting 17, 27, /home/hjamil/Documents/files_bash/FILE26
1661005470.978897 -- INFO: Start Process :: 18
1661005470.978907 -- INFO: Active CC: 20
1661005470.980578 -- INFO: Process 16 get item 26 from queue and executing
1661005470.980847 -- INFO: starting 16, 26, /home/hjamil/Documents/files_bash/FILE27
1661005470.981746 -- INFO: Process 15 get item 16 from queue and executing
1661005470.982004 -- INFO: starting 15, 16, /home/hjamil/Documents/files_bash/FILE17
1661005470.982433 -- INFO: Process 14 get item 12 from queue and executing
1661005470.982672 -- INFO: starting 14, 12, /home/hjamil/Documents/files_bash/FILE22
1661005470.990782 -- INFO: Process 18 get item 29 from queue and executing
1661005470.991101 -- INFO: starting 18, 29, /home/hjamil/Documents/files_bash/FILE0
1661005470.991130 -- INFO: Process 19 get item 14 from queue and executing
1661005470.991659 -- INFO: starting 19, 14, /home/hjamil/Documents/files_bash/FILE30
1661005471.749880 -- INFO: Throughput @29.1s:860.0Mbps, rtt :4.1ms cwnd: 230.2 lossRate: 0.0 CC:20 score:0.58 
1661005472.764914 -- INFO: Throughput @30.1s:925.0Mbps, rtt :5.48ms cwnd: 243.8 lossRate: 0.0 CC:20 score:0.62 
1661005473.769119 -- INFO: Throughput @31.1s:925.0Mbps, rtt :5.57ms cwnd: 251.2 lossRate: 0.0 CC:20 score:0.62 
1661005474.500675 -- INFO: score [0.58, 0.62, 0.62] ******
1661005474.502712 -- INFO: action array from actor -0.16458900272846222 and action is 14 ******
1661005474.509556 -- INFO: Changing concurrency to 14 ******
1661005474.515365 -- INFO: Process Status Bits from change concurrency are: 1 1 1 1 1 1 1 1 1 1 1 1 1 1 0 0 0 0 0 0 0 0 0 0 0 0 0 0 0 0 0 0
1661005474.528991 -- INFO: Active CC: 14
1661005474.741525 -- INFO: Throughput @32.1s:880.0Mbps, rtt :2.21ms cwnd: 282.8 lossRate: 0 CC:14 score:0.67 
1661005475.760649 -- INFO: Throughput @33.1s:665.0Mbps, rtt :3.38ms cwnd: 284.8 lossRate: 0.0 CC:14 score:0.5 
1661005476.760516 -- INFO: Throughput @34.1s:670.0Mbps, rtt :2.67ms cwnd: 287.4 lossRate: 0.0 CC:14 score:0.51 
1661005477.756937 -- INFO: Throughput @35.1s:650.0Mbps, rtt :2.47ms cwnd: 290.3 lossRate: 0.0 CC:14 score:0.49 
1661005478.047294 -- INFO: score [0.5, 0.51, 0.49] ******
1661005478.048767 -- INFO: action array from actor 0.26600712537765503 and action is 21 ******
1661005478.049014 -- INFO: Changing concurrency to 21 ******
1661005478.049387 -- INFO: Process Status Bits from change concurrency are: 1 1 1 1 1 1 1 1 1 1 1 1 1 1 1 1 1 1 1 1 1 0 0 0 0 0 0 0 0 0 0 0
1661005478.049626 -- INFO: Start Process :: 20
1661005478.049720 -- INFO: Active CC: 21
1661005478.050068 -- INFO: Start Process :: 17
1661005478.050607 -- INFO: Start Process :: 16
1661005478.050943 -- INFO: Start Process :: 14
1661005478.050974 -- INFO: Start Process :: 15
1661005478.051146 -- INFO: Start Process :: 19
1661005478.052764 -- INFO: Process 16 get item 18 from queue and executing
1661005478.052956 -- INFO: Process 20 get item 30 from queue and executing
1661005478.052994 -- INFO: starting 16, 18, /home/hjamil/Documents/files_bash/FILE14
1661005478.053226 -- INFO: starting 20, 30, /home/hjamil/Documents/files_bash/FILE16
1661005478.053683 -- INFO: Process 17 get item 28 from queue and executing
1661005478.053904 -- INFO: starting 17, 28, /home/hjamil/Documents/files_bash/FILE18
1661005478.054348 -- INFO: Process 15 get item 31 from queue and executing
1661005478.054507 -- INFO: Process 19 get item 20 from queue and executing
1661005478.054598 -- INFO: starting 15, 31, /home/hjamil/Documents/files_bash/FILE19
1661005478.054671 -- INFO: Process 14 get item 23 from queue and executing
1661005478.054992 -- INFO: starting 19, 20, /home/hjamil/Documents/files_bash/FILE15
1661005478.055189 -- INFO: starting 14, 23, /home/hjamil/Documents/files_bash/FILE10
1661005478.055930 -- INFO: Start Process :: 18
1661005478.059644 -- INFO: Process 18 get item 15 from queue and executing
1661005478.060048 -- INFO: starting 18, 15, /home/hjamil/Documents/files_bash/FILE5
1661005478.769197 -- INFO: Throughput @36.1s:885.0Mbps, rtt :6.18ms cwnd: 221.7 lossRate: 0.0 CC:21 score:0.58 
1661005479.781546 -- INFO: Throughput @37.1s:935.0Mbps, rtt :6.58ms cwnd: 229.2 lossRate: 0.0 CC:21 score:0.62 
1661005480.771126 -- INFO: Throughput @38.1s:980.0Mbps, rtt :6.65ms cwnd: 231.0 lossRate: 0.00024008086934546375 CC:21 score:0.64 
1661005481.563330 -- INFO: score [0.58, 0.62, 0.64] ******
1661005481.565147 -- INFO: action array from actor -0.16459795832633972 and action is 14 ******
1661005481.565497 -- INFO: Changing concurrency to 14 ******
1661005481.566023 -- INFO: Process Status Bits from change concurrency are: 1 1 1 1 1 1 1 1 1 1 1 1 1 1 0 0 0 0 0 0 0 0 0 0 0 0 0 0 0 0 0 0
1661005481.566924 -- INFO: Active CC: 14
1661005481.786937 -- INFO: Throughput @39.1s:945.0Mbps, rtt :4.86ms cwnd: 286.6 lossRate: 0 CC:14 score:0.72 
1661005482.772966 -- INFO: Throughput @40.1s:655.0Mbps, rtt :3.13ms cwnd: 291.4 lossRate: 0.0 CC:14 score:0.5 
1661005483.815951 -- INFO: Throughput @41.1s:665.0Mbps, rtt :2.77ms cwnd: 293.5 lossRate: 0.0 CC:14 score:0.5 
1661005484.769064 -- INFO: Throughput @42.1s:665.0Mbps, rtt :3.38ms cwnd: 295.2 lossRate: 0.0 CC:14 score:0.5 
1661005485.133708 -- INFO: score [0.5, 0.5, 0.5] ******
1661005485.140826 -- INFO: action array from actor 0.3342381417751312 and action is 22 ******
1661005485.148011 -- INFO: Changing concurrency to 22 ******
1661005485.151777 -- INFO: Process Status Bits from change concurrency are: 1 1 1 1 1 1 1 1 1 1 1 1 1 1 1 1 1 1 1 1 1 1 0 0 0 0 0 0 0 0 0 0
1661005485.151944 -- INFO: Start Process :: 18
1661005485.152744 -- INFO: Active CC: 22
1661005485.151978 -- INFO: Start Process :: 19
1661005485.152302 -- INFO: Start Process :: 20
1661005485.154819 -- INFO: Process 18 get item 24 from queue and executing
1661005485.154974 -- INFO: Start Process :: 14
1661005485.154819 -- INFO: Start Process :: 15
1661005485.154820 -- INFO: Start Process :: 17
1661005485.155061 -- INFO: starting 18, 24, /home/hjamil/Documents/files_bash/FILE12
1661005485.155135 -- INFO: Start Process :: 16
1661005485.155684 -- INFO: Start Process :: 21
1661005485.155778 -- INFO: Process 19 get item 13 from queue and executing
1661005485.155838 -- INFO: Process 20 get item 25 from queue and executing
1661005485.156326 -- INFO: starting 19, 13, /home/hjamil/Documents/files_bash/FILE11
1661005485.156433 -- INFO: Process 16 get item 17 from queue and executing
1661005485.156864 -- INFO: Process 17 get item 22 from queue and executing
1661005485.157042 -- INFO: starting 16, 17, /home/hjamil/Documents/files_bash/FILE23
1661005485.157085 -- INFO: starting 17, 22, /home/hjamil/Documents/files_bash/FILE9
1661005485.156591 -- INFO: starting 20, 25, /home/hjamil/Documents/files_bash/FILE28
1661005485.157934 -- INFO: Process 21 get item 27 from queue and executing
1661005485.158180 -- INFO: starting 21, 27, /home/hjamil/Documents/files_bash/FILE26
1661005485.158122 -- INFO: Process 14 get item 29 from queue and executing
1661005485.159135 -- INFO: Process 15 get item 12 from queue and executing
1661005485.159277 -- INFO: starting 14, 29, /home/hjamil/Documents/files_bash/FILE0
1661005485.159362 -- INFO: starting 15, 12, /home/hjamil/Documents/files_bash/FILE22
1661005485.787292 -- INFO: Throughput @43.1s:865.0Mbps, rtt :10.25ms cwnd: 186.8 lossRate: 0.0011076771599704618 CC:22 score:0.55 
1661005486.781371 -- INFO: Throughput @44.1s:980.0Mbps, rtt :6.46ms cwnd: 179.3 lossRate: 0.0007648655317049099 CC:22 score:0.63 
1661005487.774711 -- INFO: Throughput @45.1s:960.0Mbps, rtt :8.66ms cwnd: 176.1 lossRate: 0.0002998088718441993 CC:22 score:0.62 
1661005488.683043 -- INFO: score [0.55, 0.63, 0.62] ******
1661005488.684960 -- INFO: action array from actor -0.2836540639400482 and action is 12 ******
1661005488.685294 -- INFO: Changing concurrency to 12 ******
1661005488.699077 -- INFO: Process Status Bits from change concurrency are: 1 1 1 1 1 1 1 1 1 1 1 1 0 0 0 0 0 0 0 0 0 0 0 0 0 0 0 0 0 0 0 0
1661005488.700149 -- INFO: Active CC: 12
1661005488.763355 -- INFO: Throughput @46.1s:950.0Mbps, rtt :7.41ms cwnd: 177.0 lossRate: 0.0 CC:12 score:0.75 
1661005489.753327 -- INFO: Throughput @47.1s:625.0Mbps, rtt :2.05ms cwnd: 248.2 lossRate: 0 CC:12 score:0.49 
1661005490.812416 -- INFO: Throughput @48.1s:550.0Mbps, rtt :3.82ms cwnd: 249.9 lossRate: 0.0 CC:12 score:0.43 
1661005491.752424 -- INFO: Throughput @49.1s:580.0Mbps, rtt :2.17ms cwnd: 252.2 lossRate: 0.0 CC:12 score:0.46 
1661005492.213341 -- INFO: score [0.49, 0.43, 0.46] ******
1661005492.215592 -- INFO: action array from actor 0.245762437582016 and action is 20 ******
1661005492.217335 -- INFO: Changing concurrency to 20 ******
1661005492.227129 -- INFO: Start Process :: 12
1661005492.227426 -- INFO: Process Status Bits from change concurrency are: 1 1 1 1 1 1 1 1 1 1 1 1 1 1 1 1 1 1 1 1 0 0 0 0 0 0 0 0 0 0 0 0
1661005492.227311 -- INFO: Start Process :: 13
1661005492.227771 -- INFO: Start Process :: 15
1661005492.227334 -- INFO: Start Process :: 14
1661005492.228006 -- INFO: Start Process :: 19
1661005492.228576 -- INFO: Process 12 get item 16 from queue and executing
1661005492.228750 -- INFO: Process 13 get item 14 from queue and executing
1661005492.229016 -- INFO: Process 14 get item 26 from queue and executing
1661005492.229055 -- INFO: Active CC: 20
1661005492.229264 -- INFO: Start Process :: 16
1661005492.229510 -- INFO: starting 14, 26, /home/hjamil/Documents/files_bash/FILE27
1661005492.229577 -- INFO: starting 13, 14, /home/hjamil/Documents/files_bash/FILE30
1661005492.229379 -- INFO: starting 12, 16, /home/hjamil/Documents/files_bash/FILE17
1661005492.231144 -- INFO: Process 15 get item 30 from queue and executing
1661005492.231422 -- INFO: starting 15, 30, /home/hjamil/Documents/files_bash/FILE16
1661005492.231607 -- INFO: Start Process :: 18
1661005492.232195 -- INFO: Start Process :: 17
1661005492.232701 -- INFO: Process 18 get item 20 from queue and executing
1661005492.233049 -- INFO: starting 18, 20, /home/hjamil/Documents/files_bash/FILE15
1661005492.234302 -- INFO: Process 17 get item 18 from queue and executing
1661005492.234761 -- INFO: starting 17, 18, /home/hjamil/Documents/files_bash/FILE14
1661005492.235482 -- INFO: Process 16 get item 15 from queue and executing
1661005492.235732 -- INFO: starting 16, 15, /home/hjamil/Documents/files_bash/FILE5
1661005492.242903 -- INFO: Process 19 get item 28 from queue and executing
1661005492.243375 -- INFO: starting 19, 28, /home/hjamil/Documents/files_bash/FILE18
1661005492.770832 -- INFO: Throughput @50.1s:760.0Mbps, rtt :7.03ms cwnd: 181.2 lossRate: 0.0 CC:20 score:0.51 
1661005493.810419 -- INFO: Throughput @51.1s:935.0Mbps, rtt :6.92ms cwnd: 197.4 lossRate: 0.0 CC:20 score:0.63 
1661005494.801578 -- INFO: Throughput @52.1s:945.0Mbps, rtt :6.22ms cwnd: 207.2 lossRate: 0.0 CC:20 score:0.64 
1661005495.736056 -- INFO: score [0.51, 0.63, 0.64] ******
1661005495.742335 -- INFO: action array from actor -0.30553895235061646 and action is 12 ******
1661005495.743973 -- INFO: Changing concurrency to 12 ******
1661005495.758779 -- INFO: Process Status Bits from change concurrency are: 1 1 1 1 1 1 1 1 1 1 1 1 0 0 0 0 0 0 0 0 0 0 0 0 0 0 0 0 0 0 0 0
1661005495.761902 -- INFO: Active CC: 12
1661005495.786469 -- INFO: Throughput @53.1s:915.0Mbps, rtt :6.67ms cwnd: 212.6 lossRate: 0.0 CC:20 score:0.62 
1661005496.773077 -- INFO: Throughput @54.1s:600.0Mbps, rtt :2.43ms cwnd: 265.1 lossRate: 0 CC:12 score:0.47 
1661005497.780365 -- INFO: Throughput @55.1s:570.0Mbps, rtt :2.42ms cwnd: 268.8 lossRate: 0.0 CC:12 score:0.45 
1661005498.769221 -- INFO: Throughput @56.1s:570.0Mbps, rtt :2.44ms cwnd: 273.6 lossRate: 0.0 CC:12 score:0.45 
1661005499.294909 -- INFO: score [0.47, 0.45, 0.45] ******
1661005499.296428 -- INFO: action array from actor 0.24596242606639862 and action is 20 ******
1661005499.296732 -- INFO: Changing concurrency to 20 ******
1661005499.297252 -- INFO: Process Status Bits from change concurrency are: 1 1 1 1 1 1 1 1 1 1 1 1 1 1 1 1 1 1 1 1 0 0 0 0 0 0 0 0 0 0 0 0
1661005499.297729 -- INFO: Active CC: 20
1661005499.297874 -- INFO: Start Process :: 17
1661005499.298669 -- INFO: Start Process :: 16
1661005499.299015 -- INFO: Start Process :: 13
1661005499.299341 -- INFO: Start Process :: 18
1661005499.299590 -- INFO: Start Process :: 15
1661005499.299933 -- INFO: Process 16 get item 23 from queue and executing
1661005499.300109 -- INFO: starting 16, 23, /home/hjamil/Documents/files_bash/FILE10
1661005499.300467 -- INFO: Process 17 get item 31 from queue and executing
1661005499.300544 -- INFO: Process 13 get item 13 from queue and executing
1661005499.300667 -- INFO: starting 17, 31, /home/hjamil/Documents/files_bash/FILE19
1661005499.300704 -- INFO: starting 13, 13, /home/hjamil/Documents/files_bash/FILE11
1661005499.301511 -- INFO: Process 18 get item 12 from queue and executing
1661005499.301726 -- INFO: starting 18, 12, /home/hjamil/Documents/files_bash/FILE22
1661005499.302042 -- INFO: Process 15 get item 29 from queue and executing
1661005499.302213 -- INFO: starting 15, 29, /home/hjamil/Documents/files_bash/FILE0
1661005499.302598 -- INFO: Start Process :: 19
1661005499.302891 -- INFO: Start Process :: 12
1661005499.303186 -- INFO: Start Process :: 14
1661005499.304848 -- INFO: Process 19 get item 19 from queue and executing
1661005499.305133 -- INFO: starting 19, 19, /home/hjamil/Documents/files_bash/FILE8
1661005499.305761 -- INFO: Process 14 get item 25 from queue and executing
1661005499.305981 -- INFO: starting 14, 25, /home/hjamil/Documents/files_bash/FILE28
1661005499.306732 -- INFO: Process 12 get item 24 from queue and executing
1661005499.306956 -- INFO: starting 12, 24, /home/hjamil/Documents/files_bash/FILE12
1661005499.820984 -- INFO: Throughput @57.1s:755.0Mbps, rtt :6.9ms cwnd: 196.6 lossRate: 0.0 CC:20 score:0.51 
1661005500.784881 -- INFO: Throughput @58.1s:915.0Mbps, rtt :3.64ms cwnd: 213.4 lossRate: 0.0 CC:20 score:0.62 
1661005501.777833 -- INFO: Throughput @59.1s:940.0Mbps, rtt :5.79ms cwnd: 227.3 lossRate: 0.0 CC:20 score:0.63 
1661005502.793300 -- INFO: Throughput @60.1s:920.0Mbps, rtt :7.06ms cwnd: 239.5 lossRate: 0.0 CC:20 score:0.62 
1661005502.835541 -- INFO: score [0.62, 0.63, 0.62] ******
1661005502.837741 -- INFO: action array from actor -0.1645890772342682 and action is 14 ******
1661005502.838194 -- INFO: Changing concurrency to 14 ******
1661005502.858777 -- INFO: Process Status Bits from change concurrency are: 1 1 1 1 1 1 1 1 1 1 1 1 1 1 0 0 0 0 0 0 0 0 0 0 0 0 0 0 0 0 0 0
1661005502.859649 -- INFO: Active CC: 14
1661005503.760539 -- INFO: Throughput @61.1s:695.0Mbps, rtt :2.61ms cwnd: 281.5 lossRate: 0 CC:14 score:0.53 
1661005504.769381 -- INFO: Throughput @62.1s:665.0Mbps, rtt :3.32ms cwnd: 288.6 lossRate: 0.0 CC:14 score:0.5 
1661005505.768513 -- INFO: Throughput @63.1s:650.0Mbps, rtt :2.2ms cwnd: 301.4 lossRate: 0.0 CC:14 score:0.49 
1661005506.367470 -- INFO: score [0.53, 0.5, 0.49] ******
1661005506.369068 -- INFO: action array from actor 0.24574068188667297 and action is 20 ******
1661005506.369228 -- INFO: Changing concurrency to 20 ******
1661005506.375045 -- INFO: Start Process :: 15
1661005506.374852 -- INFO: Process Status Bits from change concurrency are: 1 1 1 1 1 1 1 1 1 1 1 1 1 1 1 1 1 1 1 1 0 0 0 0 0 0 0 0 0 0 0 0
1661005506.375211 -- INFO: Start Process :: 14
1661005506.375267 -- INFO: Start Process :: 18
1661005506.375488 -- INFO: Start Process :: 19
1661005506.375877 -- INFO: Process 15 get item 21 from queue and executing
1661005506.376067 -- INFO: starting 15, 21, /home/hjamil/Documents/files_bash/FILE21
1661005506.376340 -- INFO: Process 18 get item 22 from queue and executing
1661005506.376346 -- INFO: Process 14 get item 27 from queue and executing
1661005506.376559 -- INFO: starting 18, 22, /home/hjamil/Documents/files_bash/FILE9
1661005506.376580 -- INFO: starting 14, 27, /home/hjamil/Documents/files_bash/FILE26
1661005506.376656 -- INFO: Active CC: 20
1661005506.377097 -- INFO: Process 19 get item 17 from queue and executing
1661005506.377291 -- INFO: starting 19, 17, /home/hjamil/Documents/files_bash/FILE23
1661005506.378513 -- INFO: Start Process :: 16
1661005506.378912 -- INFO: Start Process :: 17
1661005506.385218 -- INFO: Process 17 get item 26 from queue and executing
1661005506.385531 -- INFO: starting 17, 26, /home/hjamil/Documents/files_bash/FILE27
1661005506.386575 -- INFO: Process 16 get item 30 from queue and executing
1661005506.387026 -- INFO: starting 16, 30, /home/hjamil/Documents/files_bash/FILE16
1661005506.804941 -- INFO: Throughput @64.1s:780.0Mbps, rtt :4.85ms cwnd: 244.0 lossRate: 0.0 CC:20 score:0.52 
1661005507.800925 -- INFO: Throughput @65.1s:905.0Mbps, rtt :3.96ms cwnd: 267.0 lossRate: 0.0 CC:20 score:0.61 
1661005508.796920 -- INFO: Throughput @66.1s:940.0Mbps, rtt :5.45ms cwnd: 274.8 lossRate: 0.0 CC:20 score:0.63 
1661005509.785162 -- INFO: Throughput @67.1s:915.0Mbps, rtt :8.27ms cwnd: 277.7 lossRate: 0.0 CC:20 score:0.62 
1661005509.892178 -- INFO: score [0.61, 0.63, 0.62] ******
1661005509.895865 -- INFO: action array from actor -0.16430610418319702 and action is 14 ******
1661005509.902793 -- INFO: Changing concurrency to 14 ******
1661005509.903702 -- INFO: Process Status Bits from change concurrency are: 1 1 1 1 1 1 1 1 1 1 1 1 1 1 0 0 0 0 0 0 0 0 0 0 0 0 0 0 0 0 0 0
1661005509.910701 -- INFO: Active CC: 14
1661005510.781079 -- INFO: Throughput @68.1s:710.0Mbps, rtt :3.86ms cwnd: 347.3 lossRate: 0 CC:14 score:0.54 
1661005511.783532 -- INFO: Throughput @69.1s:660.0Mbps, rtt :3.11ms cwnd: 349.3 lossRate: 0.0 CC:14 score:0.5 
1661005512.780712 -- INFO: Throughput @70.1s:660.0Mbps, rtt :3.67ms cwnd: 350.6 lossRate: 0.0 CC:14 score:0.5 
1661005513.431497 -- INFO: score [0.54, 0.5, 0.5] ******
1661005513.433289 -- INFO: action array from actor 0.3358198404312134 and action is 22 ******
1661005513.433661 -- INFO: Changing concurrency to 22 ******
1661005513.450886 -- INFO: Process Status Bits from change concurrency are: 1 1 1 1 1 1 1 1 1 1 1 1 1 1 1 1 1 1 1 1 1 1 0 0 0 0 0 0 0 0 0 0
1661005513.451467 -- INFO: Start Process :: 19
1661005513.451669 -- INFO: Start Process :: 16
1661005513.451700 -- INFO: Start Process :: 21
1661005513.451719 -- INFO: Active CC: 22
1661005513.458534 -- INFO: Start Process :: 18
1661005513.458546 -- INFO: Start Process :: 20
1661005513.458682 -- INFO: Start Process :: 15
1661005513.458847 -- INFO: Start Process :: 14
1661005513.458931 -- INFO: Process 21 get item 28 from queue and executing
1661005513.459301 -- INFO: Start Process :: 17
1661005513.459583 -- INFO: Process 16 get item 16 from queue and executing
1661005513.470791 -- INFO: starting 21, 28, /home/hjamil/Documents/files_bash/FILE18
1661005513.470855 -- INFO: starting 16, 16, /home/hjamil/Documents/files_bash/FILE17
1661005513.459743 -- INFO: Process 18 get item 15 from queue and executing
1661005513.471272 -- INFO: starting 18, 15, /home/hjamil/Documents/files_bash/FILE5
1661005513.459808 -- INFO: Process 19 get item 14 from queue and executing
1661005513.471574 -- INFO: Process 17 get item 12 from queue and executing
1661005513.471682 -- INFO: starting 19, 14, /home/hjamil/Documents/files_bash/FILE30
1661005513.471807 -- INFO: starting 17, 12, /home/hjamil/Documents/files_bash/FILE22
1661005513.459892 -- INFO: Process 20 get item 18 from queue and executing
1661005513.472292 -- INFO: Process 14 get item 20 from queue and executing
1661005513.472380 -- INFO: starting 20, 18, /home/hjamil/Documents/files_bash/FILE14
1661005513.472737 -- INFO: starting 14, 20, /home/hjamil/Documents/files_bash/FILE15
1661005513.472871 -- INFO: Process 15 get item 23 from queue and executing
1661005513.473064 -- INFO: starting 15, 23, /home/hjamil/Documents/files_bash/FILE10
1661005513.782092 -- INFO: Throughput @71.1s:750.0Mbps, rtt :7.49ms cwnd: 241.9 lossRate: 0.0002984418195526514 CC:22 score:0.48 
1661005514.805065 -- INFO: Throughput @72.1s:980.0Mbps, rtt :10.32ms cwnd: 205.6 lossRate: 0.0029235764670755525 CC:22 score:0.61 
1661005515.773482 -- INFO: Throughput @73.1s:800.0Mbps, rtt :10.49ms cwnd: 115.6 lossRate: 0.007614307469449913 CC:22 score:0.46 
1661005516.756931 -- INFO: Throughput @74.1s:655.0Mbps, rtt :9.59ms cwnd: 98.8 lossRate: 0.001387040542820191 CC:22 score:0.41 
1661005516.953019 -- INFO: score [0.61, 0.46, 0.41] ******
1661005516.954686 -- INFO: action array from actor -0.2744782865047455 and action is 12 ******
1661005516.954808 -- INFO: Changing concurrency to 12 ******
1661005516.956396 -- INFO: Process Status Bits from change concurrency are: 1 1 1 1 1 1 1 1 1 1 1 1 0 0 0 0 0 0 0 0 0 0 0 0 0 0 0 0 0 0 0 0
1661005516.957183 -- INFO: Active CC: 12
1661005517.763423 -- INFO: Throughput @75.1s:540.0Mbps, rtt :7.65ms cwnd: 105.8 lossRate: 0 CC:12 score:0.43 
1661005518.788864 -- INFO: Throughput @76.1s:510.0Mbps, rtt :7.68ms cwnd: 105.8 lossRate: 0.0 CC:12 score:0.4 
1661005519.777532 -- INFO: Throughput @77.1s:480.0Mbps, rtt :8.27ms cwnd: 103.0 lossRate: 0.000248335026526696 CC:12 score:0.38 
1661005520.458369 -- INFO: score [0.43, 0.4, 0.38] ******
1661005520.460360 -- INFO: action array from actor -0.2809641361236572 and action is 12 ******
1661005520.460796 -- INFO: Changing concurrency to 12 ******
1661005520.463762 -- INFO: Process Status Bits from change concurrency are: 1 1 1 1 1 1 1 1 1 1 1 1 0 0 0 0 0 0 0 0 0 0 0 0 0 0 0 0 0 0 0 0
1661005520.465984 -- INFO: Active CC: 12
1661005520.761668 -- INFO: Throughput @78.1s:495.0Mbps, rtt :8.14ms cwnd: 106.0 lossRate: 0.0 CC:12 score:0.39 
1661005521.784962 -- INFO: Throughput @79.1s:510.0Mbps, rtt :9.17ms cwnd: 107.9 lossRate: 0.0 CC:12 score:0.4 
1661005522.772569 -- INFO: Throughput @80.1s:490.0Mbps, rtt :9.07ms cwnd: 108.0 lossRate: 0.0 CC:12 score:0.39 
1661005523.761754 -- INFO: Throughput @81.1s:495.0Mbps, rtt :8.01ms cwnd: 108.9 lossRate: 0.0 CC:12 score:0.39 
1661005523.967114 -- INFO: score [0.4, 0.39, 0.39] ******
1661005523.968997 -- INFO: action array from actor -0.24791106581687927 and action is 13 ******
1661005523.969134 -- INFO: Changing concurrency to 13 ******
1661005523.970193 -- INFO: Start Process :: 12
1661005523.970515 -- INFO: Process Status Bits from change concurrency are: 1 1 1 1 1 1 1 1 1 1 1 1 1 0 0 0 0 0 0 0 0 0 0 0 0 0 0 0 0 0 0 0
1661005523.972202 -- INFO: Process 12 get item 31 from queue and executing
1661005523.972566 -- INFO: starting 12, 31, /home/hjamil/Documents/files_bash/FILE19
1661005523.973085 -- INFO: Active CC: 13
1661005524.785391 -- INFO: Throughput @82.1s:540.0Mbps, rtt :7.59ms cwnd: 105.2 lossRate: 0.0 CC:13 score:0.42 
1661005525.780882 -- INFO: Throughput @83.1s:525.0Mbps, rtt :9.07ms cwnd: 106.4 lossRate: 0.0 CC:13 score:0.41 
1661005526.798042 -- INFO: Throughput @84.1s:555.0Mbps, rtt :8.63ms cwnd: 106.4 lossRate: 0.0 CC:13 score:0.43 
1661005527.474261 -- INFO: score [0.42, 0.41, 0.43] ******
1661005527.476103 -- INFO: action array from actor -0.16672685742378235 and action is 14 ******
1661005527.476305 -- INFO: Changing concurrency to 14 ******
1661005527.478883 -- INFO: Start Process :: 13
1661005527.478954 -- INFO: Process Status Bits from change concurrency are: 1 1 1 1 1 1 1 1 1 1 1 1 1 1 0 0 0 0 0 0 0 0 0 0 0 0 0 0 0 0 0 0
1661005527.481070 -- INFO: Process 13 get item 19 from queue and executing
1661005527.481095 -- INFO: Active CC: 14
1661005527.481372 -- INFO: starting 13, 19, /home/hjamil/Documents/files_bash/FILE8
1661005527.796615 -- INFO: Throughput @85.1s:555.0Mbps, rtt :8.24ms cwnd: 101.6 lossRate: 0.0 CC:14 score:0.42 
1661005528.771759 -- INFO: Throughput @86.1s:535.0Mbps, rtt :8.1ms cwnd: 102.2 lossRate: 0.0 CC:14 score:0.41 
1661005529.779278 -- INFO: Throughput @87.1s:560.0Mbps, rtt :7.32ms cwnd: 103.6 lossRate: 0.0 CC:14 score:0.42 
1661005530.771545 -- INFO: Throughput @88.1s:555.0Mbps, rtt :9.09ms cwnd: 103.6 lossRate: 0.0 CC:14 score:0.42 
1661005530.982629 -- INFO: score [0.41, 0.42, 0.42] ******
1661005530.984257 -- INFO: action array from actor -0.2885991930961609 and action is 12 ******
1661005530.984386 -- INFO: Changing concurrency to 12 ******
1661005530.987436 -- INFO: Process Status Bits from change concurrency are: 1 1 1 1 1 1 1 1 1 1 1 1 0 0 0 0 0 0 0 0 0 0 0 0 0 0 0 0 0 0 0 0
1661005530.989324 -- INFO: Active CC: 12
1661005531.789424 -- INFO: Throughput @89.1s:525.0Mbps, rtt :8.44ms cwnd: 109.7 lossRate: 0.0 CC:12 score:0.41 
1661005532.796956 -- INFO: Throughput @90.1s:505.0Mbps, rtt :8.6ms cwnd: 109.7 lossRate: 0.0 CC:12 score:0.4 
1661005533.800429 -- INFO: Throughput @91.1s:490.0Mbps, rtt :8.1ms cwnd: 112.9 lossRate: 0.0 CC:12 score:0.39 
1661005534.490479 -- INFO: score [0.41, 0.4, 0.39] ******
1661005534.492703 -- INFO: action array from actor -0.28569453954696655 and action is 12 ******
1661005534.493139 -- INFO: Changing concurrency to 12 ******
1661005534.496131 -- INFO: Process Status Bits from change concurrency are: 1 1 1 1 1 1 1 1 1 1 1 1 0 0 0 0 0 0 0 0 0 0 0 0 0 0 0 0 0 0 0 0
1661005534.497331 -- INFO: Active CC: 12
1661005534.794594 -- INFO: Throughput @92.1s:485.0Mbps, rtt :8.12ms cwnd: 124.0 lossRate: 0.0 CC:12 score:0.38 
1661005535.796804 -- INFO: Throughput @93.1s:500.0Mbps, rtt :8.69ms cwnd: 124.0 lossRate: 0.0 CC:12 score:0.39 
1661005536.806088 -- INFO: Throughput @94.1s:510.0Mbps, rtt :8.93ms cwnd: 124.0 lossRate: 0.0 CC:12 score:0.4 
1661005537.809662 -- INFO: Throughput @95.1s:495.0Mbps, rtt :8.66ms cwnd: 121.0 lossRate: 0.0003516091980966222 CC:12 score:0.39 
1661005537.998686 -- INFO: score [0.39, 0.4, 0.39] ******
1661005538.000517 -- INFO: action array from actor -0.1645892709493637 and action is 14 ******
1661005538.000797 -- INFO: Changing concurrency to 14 ******
1661005538.002818 -- INFO: Start Process :: 12
1661005538.003033 -- INFO: Start Process :: 13
1661005538.004081 -- INFO: Process Status Bits from change concurrency are: 1 1 1 1 1 1 1 1 1 1 1 1 1 1 0 0 0 0 0 0 0 0 0 0 0 0 0 0 0 0 0 0
1661005538.004065 -- INFO: Process 12 get item 25 from queue and executing
1661005538.004463 -- INFO: starting 12, 25, /home/hjamil/Documents/files_bash/FILE28
1661005538.004892 -- INFO: Process 13 get item 29 from queue and executing
1661005538.005166 -- INFO: starting 13, 29, /home/hjamil/Documents/files_bash/FILE0
1661005538.005513 -- INFO: Active CC: 14
1661005538.805628 -- INFO: Throughput @96.1s:530.0Mbps, rtt :8.14ms cwnd: 103.1 lossRate: 0.0006196978438788812 CC:14 score:0.4 
1661005539.805003 -- INFO: Throughput @97.1s:565.0Mbps, rtt :8.12ms cwnd: 103.6 lossRate: 0.0 CC:14 score:0.43 
1661005540.801495 -- INFO: Throughput @98.1s:560.0Mbps, rtt :8.57ms cwnd: 103.7 lossRate: 0.0 CC:14 score:0.42 
1661005541.506401 -- INFO: score [0.4, 0.43, 0.42] ******
1661005541.507789 -- INFO: action array from actor -0.2838166356086731 and action is 12 ******
1661005541.507917 -- INFO: Changing concurrency to 12 ******
1661005541.509062 -- INFO: Process Status Bits from change concurrency are: 1 1 1 1 1 1 1 1 1 1 1 1 0 0 0 0 0 0 0 0 0 0 0 0 0 0 0 0 0 0 0 0
1661005541.510874 -- INFO: Active CC: 12
1661005541.806686 -- INFO: Throughput @99.1s:550.0Mbps, rtt :9.06ms cwnd: 112.6 lossRate: 0.0 CC:12 score:0.43 
1661005542.812512 -- INFO: Throughput @100.1s:500.0Mbps, rtt :8.66ms cwnd: 112.6 lossRate: 0.0 CC:12 score:0.39 
1661005543.816510 -- INFO: Throughput @101.1s:485.0Mbps, rtt :7.99ms cwnd: 115.7 lossRate: 0.0 CC:12 score:0.38 
1661005544.783355 -- INFO: Throughput @102.1s:500.0Mbps, rtt :8.23ms cwnd: 115.7 lossRate: 0.0 CC:12 score:0.39 
1661005545.012812 -- INFO: score [0.39, 0.38, 0.39] ******
1661005545.015021 -- INFO: action array from actor -0.16459016501903534 and action is 14 ******
1661005545.015344 -- INFO: Changing concurrency to 14 ******
1661005545.017065 -- INFO: Start Process :: 13
1661005545.017479 -- INFO: Start Process :: 12
1661005545.017756 -- INFO: Process Status Bits from change concurrency are: 1 1 1 1 1 1 1 1 1 1 1 1 1 1 0 0 0 0 0 0 0 0 0 0 0 0 0 0 0 0 0 0
1661005545.018861 -- INFO: Process 13 get item 26 from queue and executing
1661005545.019649 -- INFO: starting 13, 26, /home/hjamil/Documents/files_bash/FILE27
1661005545.019761 -- INFO: Active CC: 14
1661005545.020083 -- INFO: Process 12 get item 30 from queue and executing
1661005545.020353 -- INFO: starting 12, 30, /home/hjamil/Documents/files_bash/FILE16
1661005545.825212 -- INFO: Throughput @103.1s:550.0Mbps, rtt :8.3ms cwnd: 103.7 lossRate: 0.0003166494268645374 CC:14 score:0.42 
1661005546.805167 -- INFO: Throughput @104.1s:550.0Mbps, rtt :8.26ms cwnd: 104.2 lossRate: 0.0 CC:14 score:0.42 
1661005547.813450 -- INFO: Throughput @105.1s:540.0Mbps, rtt :8.9ms cwnd: 103.1 lossRate: 2.1026072329688813e-05 CC:14 score:0.41 
1661005548.520721 -- INFO: score [0.42, 0.42, 0.41] ******
1661005548.522239 -- INFO: action array from actor -0.2895577847957611 and action is 12 ******
1661005548.522596 -- INFO: Changing concurrency to 12 ******
1661005548.524393 -- INFO: Process Status Bits from change concurrency are: 1 1 1 1 1 1 1 1 1 1 1 1 0 0 0 0 0 0 0 0 0 0 0 0 0 0 0 0 0 0 0 0
1661005548.526903 -- INFO: Active CC: 12
1661005548.812975 -- INFO: Throughput @106.1s:560.0Mbps, rtt :7.81ms cwnd: 110.5 lossRate: 0.0 CC:12 score:0.44 
1661005549.790812 -- INFO: Throughput @107.2s:450.0Mbps, rtt :8.41ms cwnd: 110.5 lossRate: 0.0 CC:12 score:0.35 
1661005550.804816 -- INFO: Throughput @108.2s:490.0Mbps, rtt :8.29ms cwnd: 110.5 lossRate: 0.0 CC:12 score:0.39 
1661005551.805322 -- INFO: Throughput @109.2s:505.0Mbps, rtt :8.16ms cwnd: 110.5 lossRate: 0.0 CC:12 score:0.4 
1661005552.027809 -- INFO: score [0.35, 0.39, 0.4] ******
1661005552.029349 -- INFO: action array from actor -0.2830972373485565 and action is 12 ******
1661005552.029535 -- INFO: Changing concurrency to 12 ******
1661005552.031579 -- INFO: Process Status Bits from change concurrency are: 1 1 1 1 1 1 1 1 1 1 1 1 0 0 0 0 0 0 0 0 0 0 0 0 0 0 0 0 0 0 0 0
1661005552.033420 -- INFO: Active CC: 12
1661005552.801776 -- INFO: Throughput @110.2s:480.0Mbps, rtt :8.16ms cwnd: 110.5 lossRate: 0.0 CC:12 score:0.38 
1661005553.805848 -- INFO: Throughput @111.2s:500.0Mbps, rtt :7.42ms cwnd: 110.5 lossRate: 0.0 CC:12 score:0.39 
1661005554.812452 -- INFO: Throughput @112.2s:510.0Mbps, rtt :8.75ms cwnd: 110.5 lossRate: 0.0 CC:12 score:0.4 
1661005555.534591 -- INFO: score [0.38, 0.39, 0.4] ******
1661005555.536324 -- INFO: action array from actor -0.16914549469947815 and action is 14 ******
1661005555.536543 -- INFO: Changing concurrency to 14 ******
1661005555.537807 -- INFO: Start Process :: 12
1661005555.538556 -- INFO: Start Process :: 13
1661005555.538918 -- INFO: Process Status Bits from change concurrency are: 1 1 1 1 1 1 1 1 1 1 1 1 1 1 0 0 0 0 0 0 0 0 0 0 0 0 0 0 0 0 0 0
1661005555.539166 -- INFO: Process 12 get item 21 from queue and executing
1661005555.539423 -- INFO: starting 12, 21, /home/hjamil/Documents/files_bash/FILE21
1661005555.540054 -- INFO: Process 13 get item 17 from queue and executing
1661005555.540461 -- INFO: starting 13, 17, /home/hjamil/Documents/files_bash/FILE23
1661005555.541204 -- INFO: Active CC: 14
1661005555.824533 -- INFO: Throughput @113.2s:495.0Mbps, rtt :8.23ms cwnd: 99.6 lossRate: 0.0 CC:14 score:0.38 
1661005556.816625 -- INFO: Throughput @114.2s:520.0Mbps, rtt :7.96ms cwnd: 100.4 lossRate: 0.0 CC:14 score:0.39 
1661005557.833659 -- INFO: Throughput @115.2s:525.0Mbps, rtt :7.92ms cwnd: 100.7 lossRate: 0.0 CC:14 score:0.4 
1661005558.832912 -- INFO: Throughput @116.2s:545.0Mbps, rtt :8.26ms cwnd: 100.9 lossRate: 0.0 CC:14 score:0.41 
1661005559.042203 -- INFO: score [0.39, 0.4, 0.41] ******
1661005559.043855 -- INFO: action array from actor -0.27797967195510864 and action is 12 ******
1661005559.044048 -- INFO: Changing concurrency to 12 ******
1661005559.046025 -- INFO: Process Status Bits from change concurrency are: 1 1 1 1 1 1 1 1 1 1 1 1 0 0 0 0 0 0 0 0 0 0 0 0 0 0 0 0 0 0 0 0
1661005559.047971 -- INFO: Active CC: 12
1661005559.828785 -- INFO: Throughput @117.2s:505.0Mbps, rtt :8.26ms cwnd: 110.5 lossRate: 0.0 CC:12 score:0.4 
1661005560.827862 -- INFO: Throughput @118.2s:495.0Mbps, rtt :8.35ms cwnd: 110.5 lossRate: 0.0 CC:12 score:0.39 
1661005561.803711 -- INFO: Throughput @119.2s:490.0Mbps, rtt :8.25ms cwnd: 110.5 lossRate: 0.0 CC:12 score:0.39 
1661005562.548959 -- INFO: score [0.4, 0.39, 0.39] ******
1661005562.550486 -- INFO: action array from actor -0.18590563535690308 and action is 14 ******
1661005562.550612 -- INFO: Changing concurrency to 14 ******
1661005562.552119 -- INFO: Start Process :: 13
1661005562.552342 -- INFO: Start Process :: 12
1661005562.553663 -- INFO: Process 12 get item 27 from queue and executing
1661005562.553708 -- INFO: Process Status Bits from change concurrency are: 1 1 1 1 1 1 1 1 1 1 1 1 1 1 0 0 0 0 0 0 0 0 0 0 0 0 0 0 0 0 0 0
1661005562.553755 -- INFO: Process 13 get item 22 from queue and executing
1661005562.554073 -- INFO: starting 12, 27, /home/hjamil/Documents/files_bash/FILE26
1661005562.554181 -- INFO: starting 13, 22, /home/hjamil/Documents/files_bash/FILE9
1661005562.555924 -- INFO: Active CC: 14
1661005562.815851 -- INFO: Throughput @120.2s:500.0Mbps, rtt :8.37ms cwnd: 95.7 lossRate: 0.00025052382253803405 CC:14 score:0.38 
1661005563.821118 -- INFO: Throughput @121.2s:530.0Mbps, rtt :8.53ms cwnd: 101.7 lossRate: 0.0 CC:14 score:0.4 
1661005564.819790 -- INFO: Throughput @122.2s:540.0Mbps, rtt :5.67ms cwnd: 104.6 lossRate: 0.0 CC:14 score:0.41 
1661005565.836722 -- INFO: Throughput @123.2s:700.0Mbps, rtt :2.53ms cwnd: 247.9 lossRate: 0.0 CC:14 score:0.53 
1661005566.057040 -- INFO: score [0.4, 0.41, 0.53] ******
1661005566.058990 -- INFO: action array from actor -0.14793357253074646 and action is 14 ******
1661005566.070766 -- INFO: Changing concurrency to 14 ******
1661005566.079022 -- INFO: Process Status Bits from change concurrency are: 1 1 1 1 1 1 1 1 1 1 1 1 1 1 0 0 0 0 0 0 0 0 0 0 0 0 0 0 0 0 0 0
1661005566.079889 -- INFO: Active CC: 14
1661005566.840861 -- INFO: Throughput @124.2s:660.0Mbps, rtt :3.97ms cwnd: 351.1 lossRate: 0.0 CC:14 score:0.5 
1661005567.832464 -- INFO: Throughput @125.2s:670.0Mbps, rtt :6.57ms cwnd: 391.4 lossRate: 0.0 CC:14 score:0.51 
1661005568.835617 -- INFO: Throughput @126.2s:640.0Mbps, rtt :5.67ms cwnd: 401.2 lossRate: 0.0 CC:14 score:0.49 
1661005569.591283 -- INFO: score [0.5, 0.51, 0.49] ******
1661005569.592775 -- INFO: action array from actor 0.41571226716041565 and action is 23 ******
1661005569.593073 -- INFO: Changing concurrency to 23 ******
1661005569.602766 -- INFO: Process Status Bits from change concurrency are: 1 1 1 1 1 1 1 1 1 1 1 1 1 1 1 1 1 1 1 1 1 1 1 0 0 0 0 0 0 0 0 0
1661005569.602949 -- INFO: Start Process :: 18
1661005569.603369 -- INFO: Start Process :: 19
1661005569.603439 -- INFO: Process 18 get item 24 from queue and executing
1661005569.603443 -- INFO: Active CC: 23
1661005569.603616 -- INFO: starting 18, 24, /home/hjamil/Documents/files_bash/FILE12
1661005569.603780 -- INFO: Start Process :: 17
1661005569.604518 -- INFO: Process 19 get item 16 from queue and executing
1661005569.604732 -- INFO: starting 19, 16, /home/hjamil/Documents/files_bash/FILE17
1661005569.605418 -- INFO: Process 17 get item 13 from queue and executing
1661005569.605614 -- INFO: starting 17, 13, /home/hjamil/Documents/files_bash/FILE11
1661005569.606869 -- INFO: Start Process :: 21
1661005569.607118 -- INFO: Start Process :: 16
1661005569.607365 -- INFO: Start Process :: 20
1661005569.609438 -- INFO: Process 21 get item 15 from queue and executing
1661005569.609513 -- INFO: Process 16 get item 18 from queue and executing
1661005569.609817 -- INFO: starting 21, 15, /home/hjamil/Documents/files_bash/FILE5
1661005569.610403 -- INFO: starting 16, 18, /home/hjamil/Documents/files_bash/FILE14
1661005569.610569 -- INFO: Start Process :: 15
1661005569.611145 -- INFO: Process 20 get item 14 from queue and executing
1661005569.611535 -- INFO: starting 20, 14, /home/hjamil/Documents/files_bash/FILE30
1661005569.613144 -- INFO: Start Process :: 14
1661005569.613378 -- INFO: Process 15 get item 12 from queue and executing
1661005569.613646 -- INFO: starting 15, 12, /home/hjamil/Documents/files_bash/FILE22
1661005569.614880 -- INFO: Process 14 get item 20 from queue and executing
1661005569.615165 -- INFO: starting 14, 20, /home/hjamil/Documents/files_bash/FILE15
1661005569.642536 -- INFO: Start Process :: 22
1661005569.646380 -- INFO: Process 22 get item 23 from queue and executing
1661005569.646619 -- INFO: starting 22, 23, /home/hjamil/Documents/files_bash/FILE10
1661005569.861373 -- INFO: Throughput @127.2s:745.0Mbps, rtt :6.97ms cwnd: 251.9 lossRate: 0.0006299411005071026 CC:23 score:0.47 
1661005570.833166 -- INFO: Throughput @128.2s:1020.0Mbps, rtt :12.42ms cwnd: 248.0 lossRate: 0.0004249521928783012 CC:23 score:0.64 
1661005571.833874 -- INFO: Throughput @129.2s:965.0Mbps, rtt :8.92ms cwnd: 160.1 lossRate: 0.0040091138862258305 CC:23 score:0.57 
1661005572.838714 -- INFO: Throughput @130.2s:960.0Mbps, rtt :9.23ms cwnd: 146.8 lossRate: 0.0004201057678050709 CC:23 score:0.6 
1661005573.115523 -- INFO: score [0.64, 0.57, 0.6] ******
1661005573.116834 -- INFO: action array from actor -0.2737600803375244 and action is 12 ******
1661005573.116949 -- INFO: Changing concurrency to 12 ******
1661005573.119466 -- INFO: Process Status Bits from change concurrency are: 1 1 1 1 1 1 1 1 1 1 1 1 0 0 0 0 0 0 0 0 0 0 0 0 0 0 0 0 0 0 0 0
1661005573.121619 -- INFO: Active CC: 12
1661005573.848425 -- INFO: Throughput @131.2s:780.0Mbps, rtt :4.17ms cwnd: 216.0 lossRate: 0 CC:12 score:0.62 
1661005574.835322 -- INFO: Throughput @132.2s:545.0Mbps, rtt :4.11ms cwnd: 225.9 lossRate: 0.0 CC:12 score:0.43 
1661005575.860356 -- INFO: Throughput @133.2s:590.0Mbps, rtt :3.62ms cwnd: 228.2 lossRate: 0.0 CC:12 score:0.47 
1661005576.636916 -- INFO: score [0.62, 0.43, 0.47] ******
1661005576.651233 -- INFO: action array from actor -0.2692854404449463 and action is 12 ******
1661005576.651357 -- INFO: Changing concurrency to 12 ******
1661005576.674809 -- INFO: Process Status Bits from change concurrency are: 1 1 1 1 1 1 1 1 1 1 1 1 0 0 0 0 0 0 0 0 0 0 0 0 0 0 0 0 0 0 0 0
1661005576.679264 -- INFO: Active CC: 12
1661005576.848311 -- INFO: Throughput @134.2s:555.0Mbps, rtt :1.85ms cwnd: 230.2 lossRate: 0.0 CC:12 score:0.44 
1661005577.848364 -- INFO: Throughput @135.2s:570.0Mbps, rtt :2.85ms cwnd: 232.8 lossRate: 0.0 CC:12 score:0.45 
1661005578.836331 -- INFO: Throughput @136.2s:575.0Mbps, rtt :2.8ms cwnd: 235.6 lossRate: 0.0 CC:12 score:0.45 
1661005579.860363 -- INFO: Throughput @137.2s:555.0Mbps, rtt :1.87ms cwnd: 238.1 lossRate: 0.0 CC:12 score:0.44 
1661005580.199116 -- INFO: score [0.45, 0.45, 0.44] ******
1661005580.210556 -- INFO: action array from actor 0.24428658187389374 and action is 20 ******
1661005580.214593 -- INFO: Changing concurrency to 20 ******
1661005580.234556 -- INFO: Start Process :: 15
1661005580.234655 -- INFO: Start Process :: 14
1661005580.234715 -- INFO: Start Process :: 13
1661005580.234738 -- INFO: Start Process :: 16
1661005580.234880 -- INFO: Start Process :: 17
1661005580.235399 -- INFO: Start Process :: 12
1661005580.235470 -- INFO: Process 15 get item 28 from queue and executing
1661005580.235718 -- INFO: starting 15, 28, /home/hjamil/Documents/files_bash/FILE18
1661005580.235782 -- INFO: Start Process :: 18
1661005580.235851 -- INFO: Process 13 get item 19 from queue and executing
1661005580.236081 -- INFO: Process 14 get item 31 from queue and executing
1661005580.235968 -- INFO: Process Status Bits from change concurrency are: 1 1 1 1 1 1 1 1 1 1 1 1 1 1 1 1 1 1 1 1 0 0 0 0 0 0 0 0 0 0 0 0
1661005580.236093 -- INFO: starting 13, 19, /home/hjamil/Documents/files_bash/FILE8
1661005580.236315 -- INFO: starting 14, 31, /home/hjamil/Documents/files_bash/FILE19
1661005580.236664 -- INFO: Process 18 get item 30 from queue and executing
1661005580.236380 -- INFO: Process 17 get item 25 from queue and executing
1661005580.236693 -- INFO: Process 16 get item 29 from queue and executing
1661005580.236969 -- INFO: starting 18, 30, /home/hjamil/Documents/files_bash/FILE16
1661005580.237205 -- INFO: starting 17, 25, /home/hjamil/Documents/files_bash/FILE28
1661005580.237495 -- INFO: starting 16, 29, /home/hjamil/Documents/files_bash/FILE0
1661005580.237441 -- INFO: Start Process :: 19
1661005580.238246 -- INFO: Process 12 get item 26 from queue and executing
1661005580.239908 -- INFO: Active CC: 20
1661005580.240212 -- INFO: starting 12, 26, /home/hjamil/Documents/files_bash/FILE27
1661005580.241237 -- INFO: Process 19 get item 17 from queue and executing
1661005580.246961 -- INFO: starting 19, 17, /home/hjamil/Documents/files_bash/FILE23
1661005580.869291 -- INFO: Throughput @138.2s:815.0Mbps, rtt :8.62ms cwnd: 184.2 lossRate: 0.0 CC:20 score:0.55 
1661005581.849041 -- INFO: Throughput @139.2s:915.0Mbps, rtt :4.38ms cwnd: 200.1 lossRate: 0.0 CC:20 score:0.62 
1661005582.873265 -- INFO: Throughput @140.2s:925.0Mbps, rtt :6.09ms cwnd: 213.0 lossRate: 0.0 CC:20 score:0.62 
1661005583.751379 -- INFO: score [0.55, 0.62, 0.62] ******
1661005583.752789 -- INFO: action array from actor -0.2836540639400482 and action is 12 ******
1661005583.758711 -- INFO: Changing concurrency to 12 ******
1661005583.774962 -- INFO: Process Status Bits from change concurrency are: 1 1 1 1 1 1 1 1 1 1 1 1 0 0 0 0 0 0 0 0 0 0 0 0 0 0 0 0 0 0 0 0
1661005583.775722 -- INFO: Active CC: 12
1661005583.864587 -- INFO: Throughput @141.2s:925.0Mbps, rtt :3.89ms cwnd: 226.5 lossRate: 0.0 CC:12 score:0.73 
1661005584.836792 -- INFO: Throughput @142.2s:585.0Mbps, rtt :1.91ms cwnd: 245.7 lossRate: 0 CC:12 score:0.46 
1661005585.858087 -- INFO: Throughput @143.2s:570.0Mbps, rtt :2.52ms cwnd: 247.3 lossRate: 0.0 CC:12 score:0.45 
1661005586.876493 -- INFO: Throughput @144.2s:550.0Mbps, rtt :5.21ms cwnd: 249.9 lossRate: 0.0 CC:12 score:0.43 
1661005587.283263 -- INFO: score [0.46, 0.45, 0.43] ******
1661005587.292318 -- INFO: action array from actor 0.245604008436203 and action is 20 ******
1661005587.294119 -- INFO: Changing concurrency to 20 ******
1661005587.295847 -- INFO: Start Process :: 12
1661005587.296194 -- INFO: Start Process :: 15
1661005587.296688 -- INFO: Start Process :: 18
1661005587.296803 -- INFO: Process 15 get item 21 from queue and executing
1661005587.296920 -- INFO: Process 12 get item 16 from queue and executing
1661005587.297071 -- INFO: Start Process :: 19
1661005587.297068 -- INFO: Start Process :: 14
1661005587.296968 -- INFO: Process Status Bits from change concurrency are: 1 1 1 1 1 1 1 1 1 1 1 1 1 1 1 1 1 1 1 1 0 0 0 0 0 0 0 0 0 0 0 0
1661005587.297405 -- INFO: starting 15, 21, /home/hjamil/Documents/files_bash/FILE21
1661005587.297412 -- INFO: starting 12, 16, /home/hjamil/Documents/files_bash/FILE17
1661005587.298244 -- INFO: Process 18 get item 22 from queue and executing
1661005587.298437 -- INFO: Start Process :: 16
1661005587.298901 -- INFO: starting 18, 22, /home/hjamil/Documents/files_bash/FILE9
1661005587.300708 -- INFO: Active CC: 20
1661005587.302611 -- INFO: Process 14 get item 18 from queue and executing
1661005587.302812 -- INFO: Start Process :: 13
1661005587.302915 -- INFO: Start Process :: 17
1661005587.302834 -- INFO: starting 14, 18, /home/hjamil/Documents/files_bash/FILE14
1661005587.303719 -- INFO: Process 17 get item 23 from queue and executing
1661005587.303930 -- INFO: starting 17, 23, /home/hjamil/Documents/files_bash/FILE10
1661005587.306237 -- INFO: Process 19 get item 27 from queue and executing
1661005587.306524 -- INFO: starting 19, 27, /home/hjamil/Documents/files_bash/FILE26
1661005587.306689 -- INFO: Process 13 get item 13 from queue and executing
1661005587.307016 -- INFO: starting 13, 13, /home/hjamil/Documents/files_bash/FILE11
1661005587.311185 -- INFO: Process 16 get item 20 from queue and executing
1661005587.311442 -- INFO: starting 16, 20, /home/hjamil/Documents/files_bash/FILE15
1661005587.856892 -- INFO: Throughput @145.2s:800.0Mbps, rtt :6.63ms cwnd: 186.8 lossRate: 0.0 CC:20 score:0.54 
1661005588.880779 -- INFO: Throughput @146.2s:925.0Mbps, rtt :6.95ms cwnd: 204.2 lossRate: 0.0 CC:20 score:0.62 
1661005589.888986 -- INFO: Throughput @147.2s:915.0Mbps, rtt :3.09ms cwnd: 218.5 lossRate: 0.0 CC:20 score:0.62 
1661005590.815295 -- INFO: score [0.54, 0.62, 0.62] ******
1661005590.816923 -- INFO: action array from actor -0.2836540639400482 and action is 12 ******
1661005590.826782 -- INFO: Changing concurrency to 12 ******
1661005590.842792 -- INFO: Process Status Bits from change concurrency are: 1 1 1 1 1 1 1 1 1 1 1 1 0 0 0 0 0 0 0 0 0 0 0 0 0 0 0 0 0 0 0 0
1661005590.843513 -- INFO: Active CC: 12
1661005590.845795 -- INFO: Throughput @148.2s:935.0Mbps, rtt :9.41ms cwnd: 225.4 lossRate: 0.0 CC:20 score:0.63 
1661005591.844668 -- INFO: Throughput @149.2s:590.0Mbps, rtt :1.87ms cwnd: 256.2 lossRate: 0 CC:12 score:0.47 
1661005592.844613 -- INFO: Throughput @150.2s:560.0Mbps, rtt :1.93ms cwnd: 258.8 lossRate: 0.0 CC:12 score:0.44 
1661005593.868369 -- INFO: Throughput @151.2s:575.0Mbps, rtt :2.26ms cwnd: 261.2 lossRate: 0.0 CC:12 score:0.45 
1661005594.351238 -- INFO: score [0.47, 0.44, 0.45] ******
1661005594.352757 -- INFO: action array from actor 0.24578338861465454 and action is 20 ******
1661005594.353073 -- INFO: Changing concurrency to 20 ******
1661005594.367078 -- INFO: Process Status Bits from change concurrency are: 1 1 1 1 1 1 1 1 1 1 1 1 1 1 1 1 1 1 1 1 0 0 0 0 0 0 0 0 0 0 0 0
1661005594.367217 -- INFO: Start Process :: 14
1661005594.367404 -- INFO: Start Process :: 19
1661005594.367594 -- INFO: Start Process :: 16
1661005594.367621 -- INFO: Start Process :: 15
1661005594.367808 -- INFO: Start Process :: 12
1661005594.367894 -- INFO: Active CC: 20
1661005594.368375 -- INFO: Process 16 get item 14 from queue and executing
1661005594.368587 -- INFO: starting 16, 14, /home/hjamil/Documents/files_bash/FILE30
1661005594.368908 -- INFO: Process 14 get item 12 from queue and executing
1661005594.368976 -- INFO: Process 19 get item 24 from queue and executing
1661005594.369150 -- INFO: Process 15 get item 15 from queue and executing
1661005594.369239 -- INFO: starting 14, 12, /home/hjamil/Documents/files_bash/FILE22
1661005594.369722 -- INFO: starting 19, 24, /home/hjamil/Documents/files_bash/FILE12
1661005594.370139 -- INFO: starting 15, 15, /home/hjamil/Documents/files_bash/FILE5
1661005594.371087 -- INFO: Start Process :: 13
1661005594.371424 -- INFO: Start Process :: 18
1661005594.371480 -- INFO: Start Process :: 17
1661005594.372165 -- INFO: Process 13 get item 31 from queue and executing
1661005594.372402 -- INFO: starting 13, 31, /home/hjamil/Documents/files_bash/FILE19
1661005594.373074 -- INFO: Process 18 get item 25 from queue and executing
1661005594.373283 -- INFO: starting 18, 25, /home/hjamil/Documents/files_bash/FILE28
1661005594.373504 -- INFO: Process 17 get item 19 from queue and executing
1661005594.373742 -- INFO: starting 17, 19, /home/hjamil/Documents/files_bash/FILE8
1661005594.374872 -- INFO: Process 12 get item 17 from queue and executing
1661005594.375283 -- INFO: starting 12, 17, /home/hjamil/Documents/files_bash/FILE23
1661005594.869082 -- INFO: Throughput @152.2s:745.0Mbps, rtt :9.55ms cwnd: 190.1 lossRate: 0.0 CC:20 score:0.5 
1661005595.853331 -- INFO: Throughput @153.2s:940.0Mbps, rtt :7.75ms cwnd: 201.8 lossRate: 0.0002648739326211168 CC:20 score:0.63 
1661005596.873156 -- INFO: Throughput @154.2s:920.0Mbps, rtt :7.52ms cwnd: 207.2 lossRate: 0.0002598816919535678 CC:20 score:0.62 
1661005597.873009 -- INFO: Throughput @155.2s:945.0Mbps, rtt :6.59ms cwnd: 209.4 lossRate: 0.00019649502007933488 CC:20 score:0.63 
1661005597.877846 -- INFO: score [0.63, 0.62, 0.63] ******
1661005597.879431 -- INFO: action array from actor -0.16458919644355774 and action is 14 ******
1661005597.879591 -- INFO: Changing concurrency to 14 ******
1661005597.891018 -- INFO: Process Status Bits from change concurrency are: 1 1 1 1 1 1 1 1 1 1 1 1 1 1 0 0 0 0 0 0 0 0 0 0 0 0 0 0 0 0 0 0
1661005597.891500 -- INFO: Active CC: 14
1661005598.868554 -- INFO: Throughput @156.2s:695.0Mbps, rtt :3.37ms cwnd: 250.0 lossRate: 0 CC:14 score:0.53 
1661005599.872709 -- INFO: Throughput @157.2s:635.0Mbps, rtt :3.03ms cwnd: 269.9 lossRate: 0.0 CC:14 score:0.48 
1661005600.872544 -- INFO: Throughput @158.2s:680.0Mbps, rtt :3.94ms cwnd: 280.1 lossRate: 0.0 CC:14 score:0.52 
1661005601.411181 -- INFO: score [0.53, 0.48, 0.52] ******
1661005601.412580 -- INFO: action array from actor 0.2457813173532486 and action is 20 ******
1661005601.412796 -- INFO: Changing concurrency to 20 ******
1661005601.413121 -- INFO: Process Status Bits from change concurrency are: 1 1 1 1 1 1 1 1 1 1 1 1 1 1 1 1 1 1 1 1 0 0 0 0 0 0 0 0 0 0 0 0
1661005601.413270 -- INFO: Start Process :: 18
1661005601.413509 -- INFO: Start Process :: 14
1661005601.413574 -- INFO: Active CC: 20
1661005601.414133 -- INFO: Process 18 get item 29 from queue and executing
1661005601.414318 -- INFO: starting 18, 29, /home/hjamil/Documents/files_bash/FILE0
1661005601.414404 -- INFO: Start Process :: 15
1661005601.414548 -- INFO: Process 14 get item 30 from queue and executing
1661005601.414706 -- INFO: Start Process :: 17
1661005601.414838 -- INFO: starting 14, 30, /home/hjamil/Documents/files_bash/FILE16
1661005601.414989 -- INFO: Start Process :: 19
1661005601.415949 -- INFO: Start Process :: 16
1661005601.417776 -- INFO: Process 17 get item 28 from queue and executing
1661005601.418060 -- INFO: starting 17, 28, /home/hjamil/Documents/files_bash/FILE18
1661005601.418123 -- INFO: Process 15 get item 18 from queue and executing
1661005601.418314 -- INFO: Process 19 get item 26 from queue and executing
1661005601.418524 -- INFO: starting 15, 18, /home/hjamil/Documents/files_bash/FILE14
1661005601.418576 -- INFO: starting 19, 26, /home/hjamil/Documents/files_bash/FILE27
1661005601.419929 -- INFO: Process 16 get item 20 from queue and executing
1661005601.420224 -- INFO: starting 16, 20, /home/hjamil/Documents/files_bash/FILE15
1661005601.889896 -- INFO: Throughput @159.2s:760.0Mbps, rtt :6.39ms cwnd: 227.4 lossRate: 0.0 CC:20 score:0.51 
1661005602.933069 -- INFO: Throughput @160.2s:945.0Mbps, rtt :9.25ms cwnd: 233.2 lossRate: 4.881084576993008e-05 CC:20 score:0.64 
1661005603.873457 -- INFO: Throughput @161.2s:920.0Mbps, rtt :5.83ms cwnd: 241.2 lossRate: 0.0 CC:20 score:0.62 
1661005604.874367 -- INFO: Throughput @162.2s:915.0Mbps, rtt :6.96ms cwnd: 250.1 lossRate: 0.0 CC:20 score:0.62 
1661005604.926067 -- INFO: score [0.64, 0.62, 0.62] ******
1661005604.928027 -- INFO: action array from actor -0.1645890772342682 and action is 14 ******
1661005604.934758 -- INFO: Changing concurrency to 14 ******
1661005604.942858 -- INFO: Process Status Bits from change concurrency are: 1 1 1 1 1 1 1 1 1 1 1 1 1 1 0 0 0 0 0 0 0 0 0 0 0 0 0 0 0 0 0 0
1661005604.943696 -- INFO: Active CC: 14
1661005605.860866 -- INFO: Throughput @163.2s:700.0Mbps, rtt :2.1ms cwnd: 288.9 lossRate: 0 CC:14 score:0.53 
1661005606.872583 -- INFO: Throughput @164.2s:660.0Mbps, rtt :3.21ms cwnd: 295.1 lossRate: 0.0 CC:14 score:0.5 
1661005607.856746 -- INFO: Throughput @165.2s:655.0Mbps, rtt :2.76ms cwnd: 300.1 lossRate: 0.0 CC:14 score:0.5 
1661005608.471516 -- INFO: score [0.53, 0.5, 0.5] ******
1661005608.472844 -- INFO: action array from actor 0.24578069150447845 and action is 20 ******
1661005608.472955 -- INFO: Changing concurrency to 20 ******
1661005608.474047 -- INFO: Start Process :: 15
1661005608.474219 -- INFO: Start Process :: 14
1661005608.474453 -- INFO: Start Process :: 18
1661005608.475064 -- INFO: Process 15 get item 13 from queue and executing
1661005608.475297 -- INFO: starting 15, 13, /home/hjamil/Documents/files_bash/FILE11
1661005608.475611 -- INFO: Process 14 get item 16 from queue and executing
1661005608.475846 -- INFO: starting 14, 16, /home/hjamil/Documents/files_bash/FILE17
1661005608.476118 -- INFO: Start Process :: 17
1661005608.477036 -- INFO: Process 18 get item 27 from queue and executing
1661005608.474450 -- INFO: Start Process :: 19
1661005608.478993 -- INFO: Process 17 get item 22 from queue and executing
1661005608.478806 -- INFO: starting 18, 27, /home/hjamil/Documents/files_bash/FILE26
1661005608.479543 -- INFO: Start Process :: 16
1661005608.479587 -- INFO: starting 17, 22, /home/hjamil/Documents/files_bash/FILE9
1661005608.482585 -- INFO: Process Status Bits from change concurrency are: 1 1 1 1 1 1 1 1 1 1 1 1 1 1 1 1 1 1 1 1 0 0 0 0 0 0 0 0 0 0 0 0
1661005608.492434 -- INFO: Process 19 get item 21 from queue and executing
1661005608.492817 -- INFO: Process 16 get item 23 from queue and executing
1661005608.493087 -- INFO: starting 16, 23, /home/hjamil/Documents/files_bash/FILE10
1661005608.493228 -- INFO: Active CC: 20
1661005608.493882 -- INFO: starting 19, 21, /home/hjamil/Documents/files_bash/FILE21
1661005608.865932 -- INFO: Throughput @166.2s:765.0Mbps, rtt :8.0ms cwnd: 237.6 lossRate: 0.0 CC:20 score:0.51 
1661005609.876897 -- INFO: Throughput @167.2s:920.0Mbps, rtt :8.19ms cwnd: 255.4 lossRate: 0.0 CC:20 score:0.62 
1661005610.497209 -- INFO: Process 10 finished on working on file 10 
1661005610.509570 -- INFO: Process 10 get item 15 from queue and executing
1661005610.512401 -- INFO: starting 10, 15, /home/hjamil/Documents/files_bash/FILE5
1661005610.872569 -- INFO: Throughput @168.2s:945.0Mbps, rtt :7.28ms cwnd: 262.4 lossRate: 0.0 CC:20 score:0.64 
1661005611.378556 -- INFO: Process 8 finished on working on file 8 
1661005611.379066 -- INFO: Process 8 get item 12 from queue and executing
1661005611.379368 -- INFO: starting 8, 12, /home/hjamil/Documents/files_bash/FILE22
1661005611.876916 -- INFO: Throughput @169.2s:915.0Mbps, rtt :6.68ms cwnd: 269.4 lossRate: 0.0 CC:20 score:0.62 
1661005612.007299 -- INFO: score [0.62, 0.64, 0.62] ******
1661005612.008873 -- INFO: action array from actor -0.164589062333107 and action is 14 ******
1661005612.009008 -- INFO: Changing concurrency to 14 ******
1661005612.022930 -- INFO: Process Status Bits from change concurrency are: 1 1 1 1 1 1 1 1 1 1 1 1 1 1 0 0 0 0 0 0 0 0 0 0 0 0 0 0 0 0 0 0
1661005612.023751 -- INFO: Active CC: 14
1661005612.896305 -- INFO: Throughput @170.2s:720.0Mbps, rtt :3.51ms cwnd: 316.8 lossRate: 0 CC:14 score:0.55 
1661005613.861409 -- INFO: Throughput @171.2s:650.0Mbps, rtt :5.16ms cwnd: 318.1 lossRate: 0.0 CC:14 score:0.49 
1661005614.876440 -- INFO: Throughput @172.2s:665.0Mbps, rtt :3.73ms cwnd: 319.2 lossRate: 0.0 CC:14 score:0.5 
1661005615.206593 -- INFO: Process 4 finished on working on file 4 
1661005615.211128 -- INFO: Process 4 get item 24 from queue and executing
1661005615.211734 -- INFO: starting 4, 24, /home/hjamil/Documents/files_bash/FILE12
1661005615.539358 -- INFO: score [0.55, 0.49, 0.5] ******
1661005615.541056 -- INFO: action array from actor 0.24578100442886353 and action is 20 ******
1661005615.541313 -- INFO: Changing concurrency to 20 ******
1661005615.541821 -- INFO: Process Status Bits from change concurrency are: 1 1 1 1 1 1 1 1 1 1 1 1 1 1 1 1 1 1 1 1 0 0 0 0 0 0 0 0 0 0 0 0
1661005615.542341 -- INFO: Active CC: 20
1661005615.542714 -- INFO: Start Process :: 18
1661005615.543728 -- INFO: Start Process :: 16
1661005615.543731 -- INFO: Start Process :: 19
1661005615.544066 -- INFO: Process 18 get item 25 from queue and executing
1661005615.544207 -- INFO: Start Process :: 15
1661005615.544269 -- INFO: starting 18, 25, /home/hjamil/Documents/files_bash/FILE28
1661005615.545445 -- INFO: Process 15 get item 19 from queue and executing
1661005615.545618 -- INFO: starting 15, 19, /home/hjamil/Documents/files_bash/FILE8
1661005615.545862 -- INFO: Process 16 get item 14 from queue and executing
1661005615.546025 -- INFO: starting 16, 14, /home/hjamil/Documents/files_bash/FILE30
1661005615.547100 -- INFO: Process 19 get item 18 from queue and executing
1661005615.547237 -- INFO: Start Process :: 14
1661005615.547381 -- INFO: starting 19, 18, /home/hjamil/Documents/files_bash/FILE14
1661005615.547900 -- INFO: Start Process :: 17
1661005615.550598 -- INFO: Process 14 get item 26 from queue and executing
1661005615.550854 -- INFO: starting 14, 26, /home/hjamil/Documents/files_bash/FILE27
1661005615.552572 -- INFO: Process 17 get item 29 from queue and executing
1661005615.552809 -- INFO: starting 17, 29, /home/hjamil/Documents/files_bash/FILE0
1661005615.883508 -- INFO: Throughput @173.2s:730.0Mbps, rtt :7.01ms cwnd: 248.4 lossRate: 0.0 CC:20 score:0.49 
1661005615.883752 -- INFO: Process 1 finished on working on file 1 
1661005615.884287 -- INFO: Process 1 get item 30 from queue and executing
1661005615.894960 -- INFO: starting 1, 30, /home/hjamil/Documents/files_bash/FILE16
1661005616.522579 -- INFO: Process 11 finished on working on file 11 
1661005616.527548 -- INFO: Process 11 get item 28 from queue and executing
1661005616.528081 -- INFO: starting 11, 28, /home/hjamil/Documents/files_bash/FILE18
1661005616.905160 -- INFO: Throughput @174.2s:940.0Mbps, rtt :4.68ms cwnd: 266.8 lossRate: 0.0 CC:20 score:0.63 
1661005617.893188 -- INFO: Throughput @175.2s:910.0Mbps, rtt :8.21ms cwnd: 276.6 lossRate: 0.0 CC:20 score:0.61 
1661005618.872928 -- INFO: Throughput @176.2s:935.0Mbps, rtt :6.35ms cwnd: 281.4 lossRate: 0.0 CC:20 score:0.63 
1661005619.067366 -- INFO: score [0.63, 0.61, 0.63] ******
1661005619.068851 -- INFO: action array from actor -0.16450296342372894 and action is 14 ******
1661005619.086552 -- INFO: Changing concurrency to 14 ******
1661005619.086962 -- INFO: Process Status Bits from change concurrency are: 1 1 1 1 1 1 1 1 1 1 1 1 1 1 0 0 0 0 0 0 0 0 0 0 0 0 0 0 0 0 0 0
1661005619.087394 -- INFO: Active CC: 14
1661005619.892648 -- INFO: Throughput @177.2s:740.0Mbps, rtt :4.26ms cwnd: 328.9 lossRate: 0 CC:14 score:0.56 
1661005620.892296 -- INFO: Throughput @178.2s:660.0Mbps, rtt :4.24ms cwnd: 329.9 lossRate: 0.0 CC:14 score:0.5 
1661005621.880777 -- INFO: Throughput @179.2s:645.0Mbps, rtt :5.57ms cwnd: 332.6 lossRate: 0.0 CC:14 score:0.49 
1661005622.527474 -- INFO: Process 6 finished on working on file 9 
1661005622.543104 -- INFO: Process 6 get item 20 from queue and executing
1661005622.543954 -- INFO: starting 6, 20, /home/hjamil/Documents/files_bash/FILE15
1661005622.599257 -- INFO: score [0.56, 0.5, 0.49] ******
1661005622.600785 -- INFO: action array from actor 0.23556619882583618 and action is 20 ******
1661005622.601076 -- INFO: Changing concurrency to 20 ******
1661005622.611055 -- INFO: Process Status Bits from change concurrency are: 1 1 1 1 1 1 1 1 1 1 1 1 1 1 1 1 1 1 1 1 0 0 0 0 0 0 0 0 0 0 0 0
1661005622.611111 -- INFO: Start Process :: 15
1661005622.611184 -- INFO: Start Process :: 17
1661005622.611396 -- INFO: Start Process :: 16
1661005622.611474 -- INFO: Start Process :: 14
1661005622.612014 -- INFO: Active CC: 20
1661005622.611952 -- INFO: Process 17 get item 22 from queue and executing
1661005622.612190 -- INFO: Process 16 get item 23 from queue and executing
1661005622.612489 -- INFO: starting 17, 22, /home/hjamil/Documents/files_bash/FILE9
1661005622.612666 -- INFO: Start Process :: 18
1661005622.612894 -- INFO: starting 16, 23, /home/hjamil/Documents/files_bash/FILE10
1661005622.613198 -- INFO: Process 14 get item 13 from queue and executing
1661005622.613384 -- INFO: starting 14, 13, /home/hjamil/Documents/files_bash/FILE11
1661005622.614764 -- INFO: Start Process :: 19
1661005622.614933 -- INFO: Process 15 get item 27 from queue and executing
1661005622.615140 -- INFO: starting 15, 27, /home/hjamil/Documents/files_bash/FILE26
1661005622.617611 -- INFO: Process 18 get item 16 from queue and executing
1661005622.618010 -- INFO: starting 18, 16, /home/hjamil/Documents/files_bash/FILE17
1661005622.618600 -- INFO: Process 19 get item 21 from queue and executing
1661005622.618860 -- INFO: starting 19, 21, /home/hjamil/Documents/files_bash/FILE21
1661005622.763559 -- INFO: Process 3 finished on working on file 3 
1661005622.788323 -- INFO: Process 3 get item 18 from queue and executing
1661005622.788735 -- INFO: starting 3, 18, /home/hjamil/Documents/files_bash/FILE14
1661005622.896917 -- INFO: Throughput @180.2s:730.0Mbps, rtt :4.23ms cwnd: 258.2 lossRate: 0.0 CC:20 score:0.49 
1661005622.897099 -- INFO: Process 7 finished on working on file 6 
1661005622.902743 -- INFO: Process 7 get item 14 from queue and executing
1661005622.903286 -- INFO: starting 7, 14, /home/hjamil/Documents/files_bash/FILE30
1661005623.482548 -- INFO: Process 5 finished on working on file 7 
1661005623.490685 -- INFO: Process 5 get item 25 from queue and executing
1661005623.491200 -- INFO: starting 5, 25, /home/hjamil/Documents/files_bash/FILE28
1661005623.932353 -- INFO: Throughput @181.2s:935.0Mbps, rtt :6.36ms cwnd: 275.6 lossRate: 0.0 CC:20 score:0.63 
1661005624.872861 -- INFO: Throughput @182.2s:920.0Mbps, rtt :5.58ms cwnd: 288.8 lossRate: 0.0 CC:20 score:0.62 
1661005625.912864 -- INFO: Throughput @183.2s:925.0Mbps, rtt :5.94ms cwnd: 291.6 lossRate: 0.0 CC:20 score:0.62 
1661005626.113194 -- INFO: score [0.63, 0.62, 0.62] ******
1661005626.115944 -- INFO: action array from actor -0.15938040614128113 and action is 14 ******
1661005626.122762 -- INFO: Changing concurrency to 14 ******
1661005626.134995 -- INFO: Process Status Bits from change concurrency are: 1 1 1 1 1 1 1 1 1 1 1 1 1 1 0 0 0 0 0 0 0 0 0 0 0 0 0 0 0 0 0 0
1661005626.135804 -- INFO: Active CC: 14
1661005626.904926 -- INFO: Throughput @184.2s:740.0Mbps, rtt :3.4ms cwnd: 340.5 lossRate: 0 CC:14 score:0.56 
1661005627.876757 -- INFO: Throughput @185.2s:660.0Mbps, rtt :2.66ms cwnd: 341.9 lossRate: 0.0 CC:14 score:0.5 
1661005628.908648 -- INFO: Throughput @186.2s:670.0Mbps, rtt :2.72ms cwnd: 343.5 lossRate: 0.0 CC:14 score:0.51 
1661005628.969445 -- INFO: Process 2 finished on working on file 2 
1661005628.971961 -- INFO: Process 2 get item 26 from queue and executing
1661005628.982697 -- INFO: starting 2, 26, /home/hjamil/Documents/files_bash/FILE27
1661005629.624502 -- INFO: Process 9 finished on working on file 5 
1661005629.632266 -- INFO: Process 9 get item 19 from queue and executing
1661005629.633584 -- INFO: starting 9, 19, /home/hjamil/Documents/files_bash/FILE8
1661005629.643048 -- INFO: score [0.56, 0.5, 0.51] ******
1661005629.644583 -- INFO: action array from actor 0.2457711100578308 and action is 20 ******
1661005629.644900 -- INFO: Changing concurrency to 20 ******
1661005629.658846 -- INFO: Process Status Bits from change concurrency are: 1 1 1 1 1 1 1 1 1 1 1 1 1 1 1 1 1 1 1 1 0 0 0 0 0 0 0 0 0 0 0 0
1661005629.658914 -- INFO: Start Process :: 18
1661005629.659363 -- INFO: Start Process :: 14
1661005629.659534 -- INFO: Start Process :: 16
1661005629.659710 -- INFO: Process 18 get item 29 from queue and executing
1661005629.659722 -- INFO: Active CC: 20
1661005629.659921 -- INFO: starting 18, 29, /home/hjamil/Documents/files_bash/FILE0
1661005629.659940 -- INFO: Start Process :: 17
1661005629.660197 -- INFO: Start Process :: 19
1661005629.660705 -- INFO: Process 14 get item 13 from queue and executing
1661005629.660907 -- INFO: starting 14, 13, /home/hjamil/Documents/files_bash/FILE11
1661005629.661272 -- INFO: Process 19 get item 16 from queue and executing
1661005629.661553 -- INFO: starting 19, 16, /home/hjamil/Documents/files_bash/FILE17
1661005629.661575 -- INFO: Process 16 get item 27 from queue and executing
1661005629.662059 -- INFO: starting 16, 27, /home/hjamil/Documents/files_bash/FILE26
1661005629.662281 -- INFO: Start Process :: 15
1661005629.678646 -- INFO: Process 17 get item 23 from queue and executing
1661005629.679122 -- INFO: Process 15 get item 22 from queue and executing
1661005629.679383 -- INFO: starting 15, 22, /home/hjamil/Documents/files_bash/FILE9
1661005629.682662 -- INFO: starting 17, 23, /home/hjamil/Documents/files_bash/FILE10
1661005629.775008 -- INFO: Process 0 finished on working on file 0 
1661005629.787003 -- INFO: Process 0 get item 21 from queue and executing
1661005629.787671 -- INFO: starting 0, 21, /home/hjamil/Documents/files_bash/FILE21
1661005629.896839 -- INFO: Throughput @187.2s:710.0Mbps, rtt :5.14ms cwnd: 267.2 lossRate: 0.0 CC:20 score:0.48 
1661005630.889587 -- INFO: Throughput @188.2s:935.0Mbps, rtt :8.5ms cwnd: 279.6 lossRate: 0.0 CC:20 score:0.63 
1661005631.896922 -- INFO: Throughput @189.2s:930.0Mbps, rtt :8.05ms cwnd: 292.8 lossRate: 0.0 CC:20 score:0.63 
1661005632.914160 -- INFO: Throughput @190.2s:910.0Mbps, rtt :5.71ms cwnd: 299.8 lossRate: 0.0 CC:20 score:0.61 
1661005633.167195 -- INFO: score [0.63, 0.63, 0.61] ******
1661005633.168748 -- INFO: action array from actor -0.1591680943965912 and action is 14 ******
1661005633.169082 -- INFO: Changing concurrency to 14 ******
1661005633.170905 -- INFO: Process Status Bits from change concurrency are: 1 1 1 1 1 1 1 1 1 1 1 1 1 1 0 0 0 0 0 0 0 0 0 0 0 0 0 0 0 0 0 0
1661005633.183038 -- INFO: Active CC: 14
1661005633.888638 -- INFO: Throughput @191.2s:755.0Mbps, rtt :3.78ms cwnd: 355.9 lossRate: 0 CC:14 score:0.57 
1661005634.928679 -- INFO: Throughput @192.2s:655.0Mbps, rtt :3.56ms cwnd: 364.1 lossRate: 0.0 CC:14 score:0.5 
1661005635.892627 -- INFO: Throughput @193.2s:660.0Mbps, rtt :3.78ms cwnd: 365.8 lossRate: 0.0 CC:14 score:0.5 
1661005636.695232 -- INFO: score [0.57, 0.5, 0.5] ******
1661005636.696671 -- INFO: action array from actor 0.2403896600008011 and action is 20 ******
1661005636.696910 -- INFO: Changing concurrency to 20 ******
1661005636.706786 -- INFO: Process Status Bits from change concurrency are: 1 1 1 1 1 1 1 1 1 1 1 1 1 1 1 1 1 1 1 1 0 0 0 0 0 0 0 0 0 0 0 0
1661005636.707175 -- INFO: Start Process :: 15
1661005636.707318 -- INFO: Start Process :: 16
1661005636.707371 -- INFO: Start Process :: 18
1661005636.707434 -- INFO: Start Process :: 17
1661005636.707722 -- INFO: Start Process :: 14
1661005636.707794 -- INFO: Start Process :: 19
1661005636.708219 -- INFO: Active CC: 20
1661005636.709301 -- INFO: Process 16 get item 13 from queue and executing
1661005636.709483 -- INFO: starting 16, 13, /home/hjamil/Documents/files_bash/FILE11
1661005636.709778 -- INFO: Process 15 get item 16 from queue and executing
1661005636.710040 -- INFO: starting 15, 16, /home/hjamil/Documents/files_bash/FILE17
1661005636.712779 -- INFO: Process 18 get item 23 from queue and executing
1661005636.712852 -- INFO: Process 14 get item 22 from queue and executing
1661005636.713060 -- INFO: starting 18, 23, /home/hjamil/Documents/files_bash/FILE10
1661005636.713077 -- INFO: starting 14, 22, /home/hjamil/Documents/files_bash/FILE9
1661005636.714700 -- INFO: Process 19 get item 29 from queue and executing
1661005636.714832 -- INFO: Process 17 get item 27 from queue and executing
1661005636.715054 -- INFO: starting 19, 29, /home/hjamil/Documents/files_bash/FILE0
1661005636.715155 -- INFO: starting 17, 27, /home/hjamil/Documents/files_bash/FILE26
1661005636.881125 -- INFO: Throughput @194.2s:705.0Mbps, rtt :6.54ms cwnd: 274.6 lossRate: 0.0 CC:20 score:0.47 
1661005637.898114 -- INFO: Throughput @195.2s:935.0Mbps, rtt :5.63ms cwnd: 295.4 lossRate: 0.0 CC:20 score:0.63 
1661005638.921900 -- INFO: Throughput @196.2s:935.0Mbps, rtt :7.77ms cwnd: 308.2 lossRate: 0.0 CC:20 score:0.63 
1661005639.912815 -- INFO: Throughput @197.2s:905.0Mbps, rtt :9.86ms cwnd: 284.0 lossRate: 0.0015362886240305276 CC:20 score:0.6 
1661005640.215299 -- INFO: score [0.63, 0.63, 0.6] ******
1661005640.216779 -- INFO: action array from actor -0.05418160930275917 and action is 16 ******
1661005640.234707 -- INFO: Changing concurrency to 16 ******
1661005640.242781 -- INFO: Process Status Bits from change concurrency are: 1 1 1 1 1 1 1 1 1 1 1 1 1 1 1 1 0 0 0 0 0 0 0 0 0 0 0 0 0 0 0 0
1661005640.243330 -- INFO: Active CC: 16
1661005640.927113 -- INFO: Throughput @198.2s:825.0Mbps, rtt :3.52ms cwnd: 326.9 lossRate: 0.0 CC:16 score:0.6 
1661005641.896539 -- INFO: Throughput @199.2s:760.0Mbps, rtt :4.58ms cwnd: 339.8 lossRate: 0.0 CC:16 score:0.55 
1661005642.928541 -- INFO: Throughput @200.2s:720.0Mbps, rtt :4.22ms cwnd: 345.4 lossRate: 0.0 CC:16 score:0.52 
1661005643.763273 -- INFO: score [0.6, 0.55, 0.52] ******
1661005643.764642 -- INFO: episode expires
1661005643.764925 -- INFO: Process 27 shutdown itself from outest loop
1661005643.764946 -- INFO: Process 28 shutdown itself from outest loop
1661005643.764947 -- INFO: Process 31 shutdown itself from outest loop
1661005643.765460 -- INFO: Process 20 shutdown itself from outest loop
1661005643.765255 -- INFO: Process 24 shutdown itself from outest loop
1661005643.765818 -- INFO: Process 22 shutdown itself from outest loop
1661005643.765713 -- INFO: Process 30 shutdown itself from outest loop
1661005643.765993 -- INFO: Process 16 shutdown itself from outest loop
1661005643.765734 -- INFO: Process 26 shutdown itself from outest loop
1661005643.766345 -- INFO: Process 19 shutdown itself from outest loop
1661005643.766503 -- INFO: Process 17 shutdown itself from outest loop
1661005643.766689 -- INFO: Process 21 shutdown itself from outest loop
1661005643.766912 -- INFO: Process 18 shutdown itself from outest loop
1661005643.766919 -- INFO: Process 29 shutdown itself from outest loop
1661005643.770818 -- INFO: Process 25 shutdown itself from outest loop
1661005643.774803 -- INFO: Process 23 shutdown itself from outest loop
