1661449333.907441 -- INFO: action array from actor 0.16721081733703613 and action is 19 ******
1661449333.910193 -- INFO: Process Status Bits from change concurrency are: 1 1 1 1 1 1 1 1 1 1 1 1 1 1 1 1 1 1 1 0 0 0 0 0 0 0 0 0 0 0 0 0
1661449333.911549 -- INFO: Active CC: 19
1661449333.918351 -- INFO: Start Process :: 3
1661449333.922128 -- INFO: Process 3 found Queue Empty : False
1661449333.922603 -- INFO: Start Process :: 4
1661449333.923583 -- INFO: Process 3 get item 0 from queue and executing
1661449333.923876 -- INFO: starting 3, 0, /home/hjamil/Documents/files_bash/FILE25
1661449333.926982 -- INFO: Process 4 found Queue Empty : False
1661449333.927013 -- INFO: Start Process :: 1
1661449333.928200 -- INFO: Start Process :: 0
1661449333.929750 -- INFO: Process 1 found Queue Empty : False
1661449333.930153 -- INFO: Process 4 get item 1 from queue and executing
1661449333.930434 -- INFO: starting 4, 1, /home/hjamil/Documents/files_bash/FILE1
1661449333.930235 -- INFO: Start Process :: 2
1661449333.931640 -- INFO: Process 1 get item 2 from queue and executing
1661449333.931865 -- INFO: starting 1, 2, /home/hjamil/Documents/files_bash/FILE4
1661449333.932203 -- INFO: Process 0 found Queue Empty : False
1661449333.932209 -- INFO: Start Process :: 5
1661449333.932898 -- INFO: Process 0 get item 3 from queue and executing
1661449333.933218 -- INFO: starting 0, 3, /home/hjamil/Documents/files_bash/FILE13
1661449333.934927 -- INFO: Process 2 found Queue Empty : False
1661449333.935523 -- INFO: Process 2 get item 4 from queue and executing
1661449333.935930 -- INFO: starting 2, 4, /home/hjamil/Documents/files_bash/FILE3
1661449333.938012 -- INFO: Start Process :: 7
1661449333.941358 -- INFO: Process 7 found Queue Empty : False
1661449333.941774 -- INFO: Process 7 get item 5 from queue and executing
1661449333.942125 -- INFO: starting 7, 5, /home/hjamil/Documents/files_bash/FILE24
1661449333.943337 -- INFO: Start Process :: 8
1661449333.945300 -- INFO: Process 8 found Queue Empty : False
1661449333.945791 -- INFO: Process 8 get item 6 from queue and executing
1661449333.946133 -- INFO: starting 8, 6, /home/hjamil/Documents/files_bash/FILE2
1661449333.948030 -- INFO: Process 5 found Queue Empty : False
1661449333.949406 -- INFO: Process 5 get item 7 from queue and executing
1661449333.949616 -- INFO: starting 5, 7, /home/hjamil/Documents/files_bash/FILE20
1661449333.951733 -- INFO: Start Process :: 9
1661449333.953685 -- INFO: Process 9 found Queue Empty : False
1661449333.953951 -- INFO: Process 9 get item 8 from queue and executing
1661449333.953860 -- INFO: Start Process :: 13
1661449333.954294 -- INFO: starting 9, 8, /home/hjamil/Documents/files_bash/FILE29
1661449333.954984 -- INFO: Start Process :: 6
1661449333.955908 -- INFO: Process 13 found Queue Empty : False
1661449333.956185 -- INFO: Process 13 get item 9 from queue and executing
1661449333.956398 -- INFO: starting 13, 9, /home/hjamil/Documents/files_bash/FILE7
1661449333.957008 -- INFO: Process 6 found Queue Empty : False
1661449333.957231 -- INFO: Process 6 get item 10 from queue and executing
1661449333.957401 -- INFO: starting 6, 10, /home/hjamil/Documents/files_bash/FILE31
1661449333.966581 -- INFO: Start Process :: 10
1661449333.969343 -- INFO: Process 10 found Queue Empty : False
1661449333.969589 -- INFO: Process 10 get item 11 from queue and executing
1661449333.969762 -- INFO: starting 10, 11, /home/hjamil/Documents/files_bash/FILE6
1661449334.007282 -- INFO: Start Process :: 11
1661449334.007282 -- INFO: Start Process :: 14
1661449334.008483 -- INFO: Process 14 found Queue Empty : False
1661449334.008703 -- INFO: Process 14 get item 12 from queue and executing
1661449334.008875 -- INFO: starting 14, 12, /home/hjamil/Documents/files_bash/FILE22
1661449334.010316 -- INFO: Process 11 found Queue Empty : False
1661449334.011318 -- INFO: Process 11 get item 13 from queue and executing
1661449334.011588 -- INFO: starting 11, 13, /home/hjamil/Documents/files_bash/FILE11
1661449334.022825 -- INFO: Start Process :: 12
1661449334.023771 -- INFO: Process 12 found Queue Empty : False
1661449334.024056 -- INFO: Process 12 get item 14 from queue and executing
1661449334.024260 -- INFO: starting 12, 14, /home/hjamil/Documents/files_bash/FILE30
1661449334.033154 -- INFO: Start Process :: 18
1661449334.037085 -- INFO: Process 18 found Queue Empty : False
1661449334.037742 -- INFO: Process 18 get item 15 from queue and executing
1661449334.037969 -- INFO: starting 18, 15, /home/hjamil/Documents/files_bash/FILE5
1661449334.043772 -- INFO: Start Process :: 15
1661449334.054964 -- INFO: Start Process :: 16
1661449334.055694 -- INFO: Process 15 found Queue Empty : False
1661449334.057603 -- INFO: Process 15 get item 16 from queue and executing
1661449334.057803 -- INFO: starting 15, 16, /home/hjamil/Documents/files_bash/FILE17
1661449334.058935 -- INFO: Process 16 found Queue Empty : False
1661449334.059288 -- INFO: Process 16 get item 17 from queue and executing
1661449334.059533 -- INFO: starting 16, 17, /home/hjamil/Documents/files_bash/FILE23
1661449334.074988 -- INFO: Start Process :: 17
1661449334.078351 -- INFO: Process 17 found Queue Empty : False
1661449334.078670 -- INFO: Process 17 get item 18 from queue and executing
1661449334.078889 -- INFO: starting 17, 18, /home/hjamil/Documents/files_bash/FILE14
1661449334.130920 -- INFO: Throughput @0.1s:50.0Mbps, rtt :0.63ms cwnd: 45.5 lossRate: 0.0 CC:19 score:0.03 previous_total 0 bytes and current_total 625000 bytes
1661449334.996734 -- INFO: Throughput @1.1s:870.0Mbps, rtt :2.9ms cwnd: 137.7 lossRate: 0.0 CC:19 score:0.6 previous_total 625000 bytes and current_total 109375000 bytes
1661449336.000365 -- INFO: Throughput @2.1s:875.0Mbps, rtt :3.51ms cwnd: 177.7 lossRate: 0.0 CC:19 score:0.6 previous_total 109375000 bytes and current_total 218750000 bytes
1661449336.992249 -- INFO: Throughput @3.1s:885.0Mbps, rtt :3.67ms cwnd: 200.8 lossRate: 0.0 CC:19 score:0.61 previous_total 218750000 bytes and current_total 329375000 bytes
1661449337.419358 -- INFO: score [0.6, 0.6, 0.61] ******
1661449337.423234 -- INFO: action array from actor 1.0 and action is 32 ******
1661449337.427760 -- INFO: Process Status Bits from change concurrency are: 1 1 1 1 1 1 1 1 1 1 1 1 1 1 1 1 1 1 1 1 1 1 1 1 1 1 1 1 1 1 1 1
1661449337.428636 -- INFO: Active CC: 32
1661449337.458722 -- INFO: Start Process :: 19
1661449337.458767 -- INFO: Start Process :: 28
1661449337.459834 -- INFO: Process 19 found Queue Empty : False
1661449337.460048 -- INFO: Process 19 get item 19 from queue and executing
1661449337.460216 -- INFO: starting 19, 19, /home/hjamil/Documents/files_bash/FILE8
1661449337.462148 -- INFO: Process 28 found Queue Empty : False
1661449337.462438 -- INFO: Process 28 get item 20 from queue and executing
1661449337.462628 -- INFO: starting 28, 20, /home/hjamil/Documents/files_bash/FILE15
1661449337.494373 -- INFO: Start Process :: 31
1661449337.497169 -- INFO: Process 31 found Queue Empty : False
1661449337.497418 -- INFO: Process 31 get item 21 from queue and executing
1661449337.497605 -- INFO: starting 31, 21, /home/hjamil/Documents/files_bash/FILE21
1661449337.506875 -- INFO: Start Process :: 24
1661449337.510364 -- INFO: Process 24 found Queue Empty : False
1661449337.510623 -- INFO: Process 24 get item 22 from queue and executing
1661449337.510797 -- INFO: starting 24, 22, /home/hjamil/Documents/files_bash/FILE9
1661449337.518192 -- INFO: Start Process :: 23
1661449337.523366 -- INFO: Process 23 found Queue Empty : False
1661449337.523625 -- INFO: Process 23 get item 23 from queue and executing
1661449337.523809 -- INFO: starting 23, 23, /home/hjamil/Documents/files_bash/FILE10
1661449337.534923 -- INFO: Start Process :: 29
1661449337.537885 -- INFO: Process 29 found Queue Empty : False
1661449337.538138 -- INFO: Process 29 get item 24 from queue and executing
1661449337.538319 -- INFO: starting 29, 24, /home/hjamil/Documents/files_bash/FILE12
1661449337.575261 -- INFO: Start Process :: 30
1661449337.575262 -- INFO: Start Process :: 21
1661449337.578521 -- INFO: Process 30 found Queue Empty : False
1661449337.578769 -- INFO: Process 30 get item 25 from queue and executing
1661449337.578969 -- INFO: starting 30, 25, /home/hjamil/Documents/files_bash/FILE28
1661449337.580436 -- INFO: Process 21 found Queue Empty : False
1661449337.580695 -- INFO: Process 21 get item 26 from queue and executing
1661449337.580894 -- INFO: starting 21, 26, /home/hjamil/Documents/files_bash/FILE27
1661449337.618468 -- INFO: Start Process :: 22
1661449337.621452 -- INFO: Process 22 found Queue Empty : False
1661449337.621655 -- INFO: Process 22 get item 27 from queue and executing
1661449337.621818 -- INFO: starting 22, 27, /home/hjamil/Documents/files_bash/FILE26
1661449337.623452 -- INFO: Start Process :: 26
1661449337.625963 -- INFO: Process 26 found Queue Empty : False
1661449337.626182 -- INFO: Process 26 get item 28 from queue and executing
1661449337.626340 -- INFO: starting 26, 28, /home/hjamil/Documents/files_bash/FILE18
1661449337.646602 -- INFO: Start Process :: 20
1661449337.650371 -- INFO: Process 20 found Queue Empty : False
1661449337.651057 -- INFO: Start Process :: 25
1661449337.651928 -- INFO: Process 20 get item 29 from queue and executing
1661449337.652308 -- INFO: starting 20, 29, /home/hjamil/Documents/files_bash/FILE0
1661449337.658971 -- INFO: Process 25 found Queue Empty : False
1661449337.659529 -- INFO: Process 25 get item 30 from queue and executing
1661449337.659919 -- INFO: starting 25, 30, /home/hjamil/Documents/files_bash/FILE16
1661449337.686631 -- INFO: Start Process :: 27
1661449337.690050 -- INFO: Process 27 found Queue Empty : False
1661449337.690312 -- INFO: Process 27 get item 31 from queue and executing
1661449337.690525 -- INFO: starting 27, 31, /home/hjamil/Documents/files_bash/FILE19
1661449337.980410 -- INFO: Throughput @4.1s:1070.0Mbps, rtt :9.73ms cwnd: 134.5 lossRate: 0.001870371784105657 CC:32 score:0.55 previous_total 329375000 bytes and current_total 463125000 bytes
1661449338.941692 -- INFO: Throughput @5.1s:975.0Mbps, rtt :9.43ms cwnd: 125.2 lossRate: 0.001007434612392721 CC:32 score:0.51 previous_total 463125000 bytes and current_total 585000000 bytes
1661449339.942227 -- INFO: Throughput @6.1s:920.0Mbps, rtt :8.46ms cwnd: 103.5 lossRate: 0.0018335893750929184 CC:32 score:0.47 previous_total 585000000 bytes and current_total 700000000 bytes
1661449340.929762 -- INFO: score [0.55, 0.51, 0.47] ******
1661449340.930845 -- INFO: action array from actor 1.0 and action is 32 ******
1661449340.931071 -- INFO: Process Status Bits from change concurrency are: 1 1 1 1 1 1 1 1 1 1 1 1 1 1 1 1 1 1 1 1 1 1 1 1 1 1 1 1 1 1 1 1
1661449340.931261 -- INFO: Active CC: 32
1661449340.942340 -- INFO: Throughput @7.1s:945.0Mbps, rtt :8.02ms cwnd: 98.6 lossRate: 0.0005210659520619325 CC:32 score:0.5 previous_total 700000000 bytes and current_total 818125000 bytes
1661449341.942940 -- INFO: Throughput @8.1s:915.0Mbps, rtt :8.33ms cwnd: 94.9 lossRate: 0.00037219920101238185 CC:32 score:0.48 previous_total 818125000 bytes and current_total 932500000 bytes
1661449342.944370 -- INFO: Throughput @9.1s:945.0Mbps, rtt :7.94ms cwnd: 93.9 lossRate: 6.196017200143748e-05 CC:32 score:0.5 previous_total 932500000 bytes and current_total 1050625000 bytes
1661449343.945407 -- INFO: Throughput @10.1s:940.0Mbps, rtt :8.65ms cwnd: 93.8 lossRate: 0.00012408487405385284 CC:32 score:0.5 previous_total 1050625000 bytes and current_total 1168125000 bytes
1661449344.432187 -- INFO: score [0.48, 0.5, 0.5] ******
1661449344.433315 -- INFO: action array from actor 1.0 and action is 32 ******
1661449344.433606 -- INFO: Process Status Bits from change concurrency are: 1 1 1 1 1 1 1 1 1 1 1 1 1 1 1 1 1 1 1 1 1 1 1 1 1 1 1 1 1 1 1 1
1661449344.433836 -- INFO: Active CC: 32
1661449344.946533 -- INFO: Throughput @11.1s:930.0Mbps, rtt :8.94ms cwnd: 93.8 lossRate: 9.925312026996848e-05 CC:32 score:0.49 previous_total 1168125000 bytes and current_total 1284375000 bytes
1661449345.946975 -- INFO: Throughput @12.1s:945.0Mbps, rtt :8.96ms cwnd: 93.8 lossRate: 0.0 CC:32 score:0.5 previous_total 1284375000 bytes and current_total 1402500000 bytes
1661449346.949500 -- INFO: Throughput @13.1s:925.0Mbps, rtt :9.37ms cwnd: 93.8 lossRate: 0.0 CC:32 score:0.49 previous_total 1402500000 bytes and current_total 1518125000 bytes
1661449347.935009 -- INFO: score [0.49, 0.5, 0.49] ******
1661449347.936259 -- INFO: action array from actor 1.0 and action is 32 ******
1661449347.936483 -- INFO: Process Status Bits from change concurrency are: 1 1 1 1 1 1 1 1 1 1 1 1 1 1 1 1 1 1 1 1 1 1 1 1 1 1 1 1 1 1 1 1
1661449347.936651 -- INFO: Active CC: 32
1661449347.950464 -- INFO: Throughput @14.1s:945.0Mbps, rtt :9.42ms cwnd: 93.8 lossRate: 0.0 CC:32 score:0.5 previous_total 1518125000 bytes and current_total 1636250000 bytes
1661449348.950482 -- INFO: Throughput @15.1s:915.0Mbps, rtt :9.5ms cwnd: 92.9 lossRate: 0.00013630562198733596 CC:32 score:0.48 previous_total 1636250000 bytes and current_total 1750625000 bytes
1661449349.951464 -- INFO: Throughput @16.1s:960.0Mbps, rtt :9.49ms cwnd: 92.6 lossRate: 1.2409719292149611e-05 CC:32 score:0.51 previous_total 1750625000 bytes and current_total 1870625000 bytes
1661449350.952482 -- INFO: Throughput @17.1s:900.0Mbps, rtt :9.93ms cwnd: 91.6 lossRate: 4.970425965505244e-05 CC:32 score:0.48 previous_total 1870625000 bytes and current_total 1983125000 bytes
1661449351.437682 -- INFO: score [0.48, 0.51, 0.48] ******
1661449351.438573 -- INFO: action array from actor 1.0 and action is 32 ******
1661449351.438739 -- INFO: Process Status Bits from change concurrency are: 1 1 1 1 1 1 1 1 1 1 1 1 1 1 1 1 1 1 1 1 1 1 1 1 1 1 1 1 1 1 1 1
1661449351.438883 -- INFO: Active CC: 32
1661449351.954136 -- INFO: Throughput @18.1s:955.0Mbps, rtt :10.26ms cwnd: 91.6 lossRate: 0.0 CC:32 score:0.51 previous_total 1983125000 bytes and current_total 2102500000 bytes
1661449352.954131 -- INFO: Throughput @19.1s:920.0Mbps, rtt :10.18ms cwnd: 91.6 lossRate: 0.0 CC:32 score:0.49 previous_total 2102500000 bytes and current_total 2217500000 bytes
1661449353.955396 -- INFO: Throughput @20.1s:940.0Mbps, rtt :10.05ms cwnd: 91.6 lossRate: 0.0 CC:32 score:0.5 previous_total 2217500000 bytes and current_total 2335000000 bytes
1661449354.939833 -- INFO: score [0.51, 0.49, 0.5] ******
1661449354.940624 -- INFO: action array from actor 1.0 and action is 32 ******
1661449354.940785 -- INFO: Process Status Bits from change concurrency are: 1 1 1 1 1 1 1 1 1 1 1 1 1 1 1 1 1 1 1 1 1 1 1 1 1 1 1 1 1 1 1 1
1661449354.940932 -- INFO: Active CC: 32
1661449354.955555 -- INFO: Throughput @21.1s:920.0Mbps, rtt :9.42ms cwnd: 91.1 lossRate: 0.00011176653213287799 CC:32 score:0.49 previous_total 2335000000 bytes and current_total 2450000000 bytes
1661449355.956631 -- INFO: Throughput @22.1s:930.0Mbps, rtt :9.55ms cwnd: 90.9 lossRate: 2.4786218862312553e-05 CC:32 score:0.49 previous_total 2450000000 bytes and current_total 2566250000 bytes
1661449356.957656 -- INFO: Throughput @23.1s:920.0Mbps, rtt :9.95ms cwnd: 90.9 lossRate: 0.0 CC:32 score:0.49 previous_total 2566250000 bytes and current_total 2681250000 bytes
1661449357.958543 -- INFO: Throughput @24.1s:960.0Mbps, rtt :10.0ms cwnd: 90.9 lossRate: 0.0 CC:32 score:0.51 previous_total 2681250000 bytes and current_total 2801250000 bytes
1661449358.441925 -- INFO: score [0.49, 0.49, 0.51] ******
1661449358.442770 -- INFO: action array from actor 1.0 and action is 32 ******
1661449358.442934 -- INFO: Process Status Bits from change concurrency are: 1 1 1 1 1 1 1 1 1 1 1 1 1 1 1 1 1 1 1 1 1 1 1 1 1 1 1 1 1 1 1 1
1661449358.443083 -- INFO: Active CC: 32
1661449358.959503 -- INFO: Throughput @25.1s:935.0Mbps, rtt :9.73ms cwnd: 90.9 lossRate: 0.0 CC:32 score:0.5 previous_total 2801250000 bytes and current_total 2918125000 bytes
1661449359.960515 -- INFO: Throughput @26.1s:925.0Mbps, rtt :9.9ms cwnd: 90.9 lossRate: 0.0 CC:32 score:0.49 previous_total 2918125000 bytes and current_total 3033750000 bytes
1661449360.961737 -- INFO: Throughput @27.1s:950.0Mbps, rtt :9.62ms cwnd: 89.8 lossRate: 1.2403408456643886e-05 CC:32 score:0.5 previous_total 3033750000 bytes and current_total 3152500000 bytes
1661449361.943786 -- INFO: score [0.5, 0.49, 0.5] ******
1661449361.944601 -- INFO: action array from actor 1.0 and action is 32 ******
1661449361.944776 -- INFO: Process Status Bits from change concurrency are: 1 1 1 1 1 1 1 1 1 1 1 1 1 1 1 1 1 1 1 1 1 1 1 1 1 1 1 1 1 1 1 1
1661449361.944971 -- INFO: Active CC: 32
1661449361.962840 -- INFO: Throughput @28.1s:930.0Mbps, rtt :9.25ms cwnd: 88.7 lossRate: 0.00012392034400287495 CC:32 score:0.49 previous_total 3152500000 bytes and current_total 3268750000 bytes
1661449362.963660 -- INFO: Throughput @29.1s:930.0Mbps, rtt :9.3ms cwnd: 88.7 lossRate: 0.0 CC:32 score:0.49 previous_total 3268750000 bytes and current_total 3385000000 bytes
1661449363.964130 -- INFO: Throughput @30.1s:930.0Mbps, rtt :8.86ms cwnd: 88.7 lossRate: 0.0 CC:32 score:0.49 previous_total 3385000000 bytes and current_total 3501250000 bytes
1661449364.965477 -- INFO: Throughput @31.1s:930.0Mbps, rtt :8.54ms cwnd: 88.7 lossRate: 0.0 CC:32 score:0.49 previous_total 3501250000 bytes and current_total 3617500000 bytes
1661449365.445682 -- INFO: score [0.49, 0.49, 0.49] ******
1661449365.446543 -- INFO: action array from actor 1.0 and action is 32 ******
1661449365.446704 -- INFO: Process Status Bits from change concurrency are: 1 1 1 1 1 1 1 1 1 1 1 1 1 1 1 1 1 1 1 1 1 1 1 1 1 1 1 1 1 1 1 1
1661449365.446853 -- INFO: Active CC: 32
1661449365.968350 -- INFO: Throughput @32.1s:940.0Mbps, rtt :8.36ms cwnd: 88.7 lossRate: 0.0 CC:32 score:0.5 previous_total 3617500000 bytes and current_total 3735000000 bytes
1661449366.967214 -- INFO: Throughput @33.1s:945.0Mbps, rtt :8.12ms cwnd: 88.7 lossRate: 0.0 CC:32 score:0.5 previous_total 3735000000 bytes and current_total 3853125000 bytes
1661449367.967984 -- INFO: Throughput @34.1s:925.0Mbps, rtt :7.94ms cwnd: 88.7 lossRate: 0.0 CC:32 score:0.49 previous_total 3853125000 bytes and current_total 3968750000 bytes
1661449368.947599 -- INFO: score [0.5, 0.5, 0.49] ******
1661449368.948383 -- INFO: action array from actor 1.0 and action is 32 ******
1661449368.948548 -- INFO: Process Status Bits from change concurrency are: 1 1 1 1 1 1 1 1 1 1 1 1 1 1 1 1 1 1 1 1 1 1 1 1 1 1 1 1 1 1 1 1
1661449368.948723 -- INFO: Active CC: 32
1661449368.969599 -- INFO: Throughput @35.1s:935.0Mbps, rtt :7.55ms cwnd: 87.8 lossRate: 0.00012388810426422855 CC:32 score:0.49 previous_total 3968750000 bytes and current_total 4085625000 bytes
1661449369.970682 -- INFO: Throughput @36.1s:930.0Mbps, rtt :7.39ms cwnd: 87.1 lossRate: 9.914487544925021e-05 CC:32 score:0.49 previous_total 4085625000 bytes and current_total 4201875000 bytes
1661449370.970902 -- INFO: Throughput @37.1s:935.0Mbps, rtt :7.39ms cwnd: 87.1 lossRate: 0.0 CC:32 score:0.5 previous_total 4201875000 bytes and current_total 4318750000 bytes
1661449371.972622 -- INFO: Throughput @38.1s:920.0Mbps, rtt :7.17ms cwnd: 87.1 lossRate: 0.0 CC:32 score:0.49 previous_total 4318750000 bytes and current_total 4433750000 bytes
1661449372.449425 -- INFO: score [0.49, 0.5, 0.49] ******
1661449372.450260 -- INFO: action array from actor 1.0 and action is 32 ******
1661449372.450409 -- INFO: Process Status Bits from change concurrency are: 1 1 1 1 1 1 1 1 1 1 1 1 1 1 1 1 1 1 1 1 1 1 1 1 1 1 1 1 1 1 1 1
1661449372.450533 -- INFO: Active CC: 32
1661449372.973937 -- INFO: Throughput @39.1s:945.0Mbps, rtt :7.4ms cwnd: 87.1 lossRate: 0.0 CC:32 score:0.5 previous_total 4433750000 bytes and current_total 4551875000 bytes
1661449373.974853 -- INFO: Throughput @40.1s:915.0Mbps, rtt :7.02ms cwnd: 87.1 lossRate: 0.0 CC:32 score:0.49 previous_total 4551875000 bytes and current_total 4666250000 bytes
1661449374.975105 -- INFO: Throughput @41.1s:965.0Mbps, rtt :7.16ms cwnd: 86.1 lossRate: 0.00016137040714995035 CC:32 score:0.51 previous_total 4666250000 bytes and current_total 4786875000 bytes
1661449375.951224 -- INFO: score [0.5, 0.49, 0.51] ******
1661449375.952088 -- INFO: action array from actor 1.0 and action is 32 ******
1661449375.952291 -- INFO: Process Status Bits from change concurrency are: 1 1 1 1 1 1 1 1 1 1 1 1 1 1 1 1 1 1 1 1 1 1 1 1 1 1 1 1 1 1 1 1
1661449375.952475 -- INFO: Active CC: 32
1661449375.978289 -- INFO: Throughput @42.1s:945.0Mbps, rtt :7.51ms cwnd: 85.1 lossRate: 9.9170685145471e-05 CC:32 score:0.5 previous_total 4786875000 bytes and current_total 4905000000 bytes
1661449376.978186 -- INFO: Throughput @43.1s:920.0Mbps, rtt :7.3ms cwnd: 85.1 lossRate: 0.0 CC:32 score:0.49 previous_total 4905000000 bytes and current_total 5020000000 bytes
1661449377.978803 -- INFO: Throughput @44.1s:920.0Mbps, rtt :7.67ms cwnd: 85.1 lossRate: 0.0 CC:32 score:0.49 previous_total 5020000000 bytes and current_total 5135000000 bytes
1661449378.979871 -- INFO: Throughput @45.1s:940.0Mbps, rtt :7.96ms cwnd: 85.1 lossRate: 0.0 CC:32 score:0.5 previous_total 5135000000 bytes and current_total 5252500000 bytes
1661449379.453183 -- INFO: score [0.49, 0.49, 0.5] ******
1661449379.454106 -- INFO: action array from actor 1.0 and action is 32 ******
1661449379.454278 -- INFO: Process Status Bits from change concurrency are: 1 1 1 1 1 1 1 1 1 1 1 1 1 1 1 1 1 1 1 1 1 1 1 1 1 1 1 1 1 1 1 1
1661449379.454442 -- INFO: Active CC: 32
1661449379.980369 -- INFO: Throughput @46.1s:935.0Mbps, rtt :8.06ms cwnd: 85.1 lossRate: 0.0 CC:32 score:0.5 previous_total 5252500000 bytes and current_total 5369375000 bytes
1661449380.982599 -- INFO: Throughput @47.1s:930.0Mbps, rtt :8.11ms cwnd: 85.0 lossRate: 2.4780383848145807e-05 CC:32 score:0.49 previous_total 5369375000 bytes and current_total 5485625000 bytes
1661449381.983010 -- INFO: Throughput @48.1s:935.0Mbps, rtt :8.53ms cwnd: 84.0 lossRate: 0.0001366255961844197 CC:32 score:0.49 previous_total 5485625000 bytes and current_total 5602500000 bytes
1661449382.955141 -- INFO: score [0.5, 0.49, 0.49] ******
1661449382.956006 -- INFO: action array from actor 1.0 and action is 32 ******
1661449382.956172 -- INFO: Process Status Bits from change concurrency are: 1 1 1 1 1 1 1 1 1 1 1 1 1 1 1 1 1 1 1 1 1 1 1 1 1 1 1 1 1 1 1 1
1661449382.956353 -- INFO: Active CC: 32
1661449382.983395 -- INFO: Throughput @49.1s:925.0Mbps, rtt :8.29ms cwnd: 84.0 lossRate: 0.0 CC:32 score:0.49 previous_total 5602500000 bytes and current_total 5718125000 bytes
1661449383.985684 -- INFO: Throughput @50.1s:965.0Mbps, rtt :8.67ms cwnd: 84.0 lossRate: 0.0 CC:32 score:0.51 previous_total 5718125000 bytes and current_total 5838750000 bytes
1661449384.985109 -- INFO: Throughput @51.1s:915.0Mbps, rtt :9.09ms cwnd: 83.2 lossRate: 0.0001366255961844197 CC:32 score:0.48 previous_total 5838750000 bytes and current_total 5953125000 bytes
1661449385.986414 -- INFO: Throughput @52.1s:940.0Mbps, rtt :9.34ms cwnd: 83.2 lossRate: 0.0 CC:32 score:0.5 previous_total 5953125000 bytes and current_total 6070625000 bytes
1661449386.457080 -- INFO: score [0.51, 0.48, 0.5] ******
1661449386.457903 -- INFO: action array from actor 1.0 and action is 32 ******
1661449386.458116 -- INFO: Process Status Bits from change concurrency are: 1 1 1 1 1 1 1 1 1 1 1 1 1 1 1 1 1 1 1 1 1 1 1 1 1 1 1 1 1 1 1 1
1661449386.458261 -- INFO: Active CC: 32
1661449386.987294 -- INFO: Throughput @53.1s:865.0Mbps, rtt :9.88ms cwnd: 77.5 lossRate: 0.0010212001143744128 CC:32 score:0.45 previous_total 6070625000 bytes and current_total 6178750000 bytes
1661449387.987053 -- INFO: Throughput @54.1s:675.0Mbps, rtt :10.17ms cwnd: 76.1 lossRate: 0.0004915504178178552 CC:32 score:0.35 previous_total 6178750000 bytes and current_total 6263125000 bytes
1661449388.988988 -- INFO: Throughput @55.1s:680.0Mbps, rtt :9.68ms cwnd: 68.9 lossRate: 0.0012194708851326174 CC:32 score:0.35 previous_total 6263125000 bytes and current_total 6348125000 bytes
1661449389.959075 -- INFO: score [0.45, 0.35, 0.35] ******
1661449389.960028 -- INFO: action array from actor 1.0 and action is 32 ******
1661449389.960197 -- INFO: Process Status Bits from change concurrency are: 1 1 1 1 1 1 1 1 1 1 1 1 1 1 1 1 1 1 1 1 1 1 1 1 1 1 1 1 1 1 1 1
1661449389.960358 -- INFO: Active CC: 32
1661449389.989367 -- INFO: Throughput @56.1s:720.0Mbps, rtt :8.78ms cwnd: 62.0 lossRate: 0.0012881574263970575 CC:32 score:0.37 previous_total 6348125000 bytes and current_total 6438125000 bytes
1661449390.991047 -- INFO: Throughput @57.1s:670.0Mbps, rtt :8.33ms cwnd: 55.6 lossRate: 0.0010663326619386943 CC:32 score:0.35 previous_total 6438125000 bytes and current_total 6521875000 bytes
1661449391.991916 -- INFO: Throughput @58.1s:675.0Mbps, rtt :8.25ms cwnd: 54.2 lossRate: 0.00022028671162774936 CC:32 score:0.36 previous_total 6521875000 bytes and current_total 6606250000 bytes
1661449392.993064 -- INFO: Throughput @59.1s:685.0Mbps, rtt :8.2ms cwnd: 53.2 lossRate: 0.00020358306188925082 CC:32 score:0.36 previous_total 6606250000 bytes and current_total 6691875000 bytes
1661449393.461113 -- INFO: score [0.35, 0.36, 0.36] ******
1661449393.462053 -- INFO: action array from actor 1.0 and action is 32 ******
1661449393.462251 -- INFO: Process Status Bits from change concurrency are: 1 1 1 1 1 1 1 1 1 1 1 1 1 1 1 1 1 1 1 1 1 1 1 1 1 1 1 1 1 1 1 1
1661449393.462451 -- INFO: Active CC: 32
1661449393.993222 -- INFO: Throughput @60.1s:680.0Mbps, rtt :7.69ms cwnd: 52.3 lossRate: 0.00022016732716864817 CC:32 score:0.36 previous_total 6691875000 bytes and current_total 6776875000 bytes
1661449394.994318 -- INFO: Throughput @61.1s:700.0Mbps, rtt :7.65ms cwnd: 50.4 lossRate: 0.00037269816530857713 CC:32 score:0.37 previous_total 6776875000 bytes and current_total 6864375000 bytes
1661449395.995750 -- INFO: Throughput @62.1s:690.0Mbps, rtt :7.67ms cwnd: 49.2 lossRate: 0.00025433212384278885 CC:32 score:0.36 previous_total 6864375000 bytes and current_total 6950625000 bytes
1661449396.963285 -- INFO: score [0.36, 0.37, 0.36] ******
1661449396.964272 -- INFO: action array from actor 1.0 and action is 32 ******
1661449396.964481 -- INFO: Process Status Bits from change concurrency are: 1 1 1 1 1 1 1 1 1 1 1 1 1 1 1 1 1 1 1 1 1 1 1 1 1 1 1 1 1 1 1 1
1661449396.964657 -- INFO: Active CC: 32
1661449396.998683 -- INFO: Throughput @63.1s:665.0Mbps, rtt :7.73ms cwnd: 48.5 lossRate: 0.00016933367200067733 CC:32 score:0.35 previous_total 6950625000 bytes and current_total 7033750000 bytes
1661449397.997747 -- INFO: Throughput @64.1s:660.0Mbps, rtt :7.47ms cwnd: 48.5 lossRate: 0.0 CC:32 score:0.35 previous_total 7033750000 bytes and current_total 7116250000 bytes
1661449398.998642 -- INFO: Throughput @65.1s:700.0Mbps, rtt :7.4ms cwnd: 46.4 lossRate: 0.0003728055310784247 CC:32 score:0.37 previous_total 7116250000 bytes and current_total 7203750000 bytes
1661449400.000511 -- INFO: Throughput @66.1s:680.0Mbps, rtt :7.28ms cwnd: 46.5 lossRate: 0.0 CC:32 score:0.36 previous_total 7203750000 bytes and current_total 7288750000 bytes
1661449400.465501 -- INFO: score [0.35, 0.37, 0.36] ******
1661449400.466383 -- INFO: action array from actor 1.0 and action is 32 ******
1661449400.466542 -- INFO: Process Status Bits from change concurrency are: 1 1 1 1 1 1 1 1 1 1 1 1 1 1 1 1 1 1 1 1 1 1 1 1 1 1 1 1 1 1 1 1
1661449400.466721 -- INFO: Active CC: 32
1661449401.003533 -- INFO: Throughput @67.1s:710.0Mbps, rtt :7.3ms cwnd: 46.5 lossRate: 0.0 CC:32 score:0.38 previous_total 7288750000 bytes and current_total 7377500000 bytes
1661449402.000272 -- INFO: Throughput @68.1s:665.0Mbps, rtt :7.5ms cwnd: 46.0 lossRate: 0.00017006513494668458 CC:32 score:0.35 previous_total 7377500000 bytes and current_total 7460625000 bytes
1661449403.002331 -- INFO: Throughput @69.1s:670.0Mbps, rtt :7.39ms cwnd: 45.7 lossRate: 8.460666362082677e-05 CC:32 score:0.35 previous_total 7460625000 bytes and current_total 7544375000 bytes
1661449403.968008 -- INFO: score [0.38, 0.35, 0.35] ******
1661449403.969278 -- INFO: action array from actor 1.0 and action is 32 ******
1661449403.969552 -- INFO: Process Status Bits from change concurrency are: 1 1 1 1 1 1 1 1 1 1 1 1 1 1 1 1 1 1 1 1 1 1 1 1 1 1 1 1 1 1 1 1
1661449403.969900 -- INFO: Active CC: 32
1661449404.003167 -- INFO: Throughput @70.1s:700.0Mbps, rtt :7.36ms cwnd: 45.7 lossRate: 0.0 CC:32 score:0.37 previous_total 7544375000 bytes and current_total 7631875000 bytes
1661449405.003776 -- INFO: Throughput @71.1s:665.0Mbps, rtt :7.31ms cwnd: 45.7 lossRate: 0.0 CC:32 score:0.35 previous_total 7631875000 bytes and current_total 7715000000 bytes
1661449406.005312 -- INFO: Throughput @72.1s:705.0Mbps, rtt :7.34ms cwnd: 45.7 lossRate: 8.481764206955047e-05 CC:32 score:0.37 previous_total 7715000000 bytes and current_total 7803125000 bytes
1661449407.005606 -- INFO: Throughput @73.1s:675.0Mbps, rtt :7.47ms cwnd: 44.2 lossRate: 1.6954612502331258e-05 CC:32 score:0.36 previous_total 7803125000 bytes and current_total 7887500000 bytes
1661449407.471285 -- INFO: score [0.35, 0.37, 0.36] ******
1661449407.472353 -- INFO: action array from actor 1.0 and action is 32 ******
1661449407.472588 -- INFO: Process Status Bits from change concurrency are: 1 1 1 1 1 1 1 1 1 1 1 1 1 1 1 1 1 1 1 1 1 1 1 1 1 1 1 1 1 1 1 1
1661449407.472818 -- INFO: Active CC: 32
1661449408.007104 -- INFO: Throughput @74.1s:695.0Mbps, rtt :7.19ms cwnd: 44.2 lossRate: 0.0 CC:32 score:0.37 previous_total 7887500000 bytes and current_total 7974375000 bytes
1661449409.009339 -- INFO: Throughput @75.1s:675.0Mbps, rtt :7.34ms cwnd: 43.7 lossRate: 0.00011882936103755007 CC:32 score:0.36 previous_total 7974375000 bytes and current_total 8058750000 bytes
1661449410.008142 -- INFO: Throughput @76.1s:675.0Mbps, rtt :7.18ms cwnd: 43.3 lossRate: 0.00010154689774227397 CC:32 score:0.36 previous_total 8058750000 bytes and current_total 8143125000 bytes
1661449410.974171 -- INFO: score [0.37, 0.36, 0.36] ******
1661449410.975353 -- INFO: action array from actor 1.0 and action is 32 ******
1661449410.975674 -- INFO: Process Status Bits from change concurrency are: 1 1 1 1 1 1 1 1 1 1 1 1 1 1 1 1 1 1 1 1 1 1 1 1 1 1 1 1 1 1 1 1
1661449410.975891 -- INFO: Active CC: 32
1661449411.010937 -- INFO: Throughput @77.1s:695.0Mbps, rtt :7.5ms cwnd: 43.3 lossRate: 0.0 CC:32 score:0.37 previous_total 8143125000 bytes and current_total 8230000000 bytes
1661449412.010475 -- INFO: Throughput @78.1s:685.0Mbps, rtt :7.2ms cwnd: 43.1 lossRate: 8.468404383246109e-05 CC:32 score:0.36 previous_total 8230000000 bytes and current_total 8315625000 bytes
1661449413.012146 -- INFO: Throughput @79.1s:675.0Mbps, rtt :7.13ms cwnd: 43.1 lossRate: 0.0 CC:32 score:0.36 previous_total 8315625000 bytes and current_total 8400000000 bytes
1661449414.012588 -- INFO: Throughput @80.1s:695.0Mbps, rtt :7.29ms cwnd: 43.1 lossRate: 0.0 CC:32 score:0.37 previous_total 8400000000 bytes and current_total 8486875000 bytes
1661449414.477011 -- INFO: score [0.36, 0.36, 0.37] ******
1661449414.478288 -- INFO: action array from actor 1.0 and action is 32 ******
1661449414.478574 -- INFO: Process Status Bits from change concurrency are: 1 1 1 1 1 1 1 1 1 1 1 1 1 1 1 1 1 1 1 1 1 1 1 1 1 1 1 1 1 1 1 1
1661449414.478784 -- INFO: Active CC: 32
1661449415.014153 -- INFO: Throughput @81.1s:650.0Mbps, rtt :7.38ms cwnd: 42.3 lossRate: 0.00016958637882205302 CC:32 score:0.34 previous_total 8486875000 bytes and current_total 8568125000 bytes
1661449416.015931 -- INFO: Throughput @82.1s:695.0Mbps, rtt :7.0ms cwnd: 42.3 lossRate: 0.0 CC:32 score:0.37 previous_total 8568125000 bytes and current_total 8655000000 bytes
1661449417.013726 -- INFO: Throughput @83.1s:720.0Mbps, rtt :6.9ms cwnd: 42.3 lossRate: 0.0 CC:32 score:0.38 previous_total 8655000000 bytes and current_total 8745000000 bytes
1661449417.979884 -- INFO: score [0.34, 0.37, 0.38] ******
1661449417.981073 -- INFO: action array from actor 1.0 and action is 32 ******
1661449417.981308 -- INFO: Process Status Bits from change concurrency are: 1 1 1 1 1 1 1 1 1 1 1 1 1 1 1 1 1 1 1 1 1 1 1 1 1 1 1 1 1 1 1 1
1661449417.981489 -- INFO: Active CC: 32
1661449418.016667 -- INFO: Throughput @84.1s:660.0Mbps, rtt :7.19ms cwnd: 42.3 lossRate: 0.0 CC:32 score:0.35 previous_total 8745000000 bytes and current_total 8827500000 bytes
1661449419.017953 -- INFO: Throughput @85.1s:695.0Mbps, rtt :7.0ms cwnd: 42.3 lossRate: 0.0 CC:32 score:0.37 previous_total 8827500000 bytes and current_total 8914375000 bytes
1661449420.019882 -- INFO: Throughput @86.1s:670.0Mbps, rtt :6.95ms cwnd: 42.3 lossRate: 0.0 CC:32 score:0.36 previous_total 8914375000 bytes and current_total 8998125000 bytes
1661449421.019576 -- INFO: Throughput @87.1s:680.0Mbps, rtt :7.2ms cwnd: 42.0 lossRate: 8.475438180153914e-05 CC:32 score:0.36 previous_total 8998125000 bytes and current_total 9083125000 bytes
1661449421.482474 -- INFO: score [0.37, 0.36, 0.36] ******
1661449421.483584 -- INFO: action array from actor 1.0 and action is 32 ******
1661449421.483867 -- INFO: Process Status Bits from change concurrency are: 1 1 1 1 1 1 1 1 1 1 1 1 1 1 1 1 1 1 1 1 1 1 1 1 1 1 1 1 1 1 1 1
1661449421.484093 -- INFO: Active CC: 32
1661449422.020524 -- INFO: Throughput @88.1s:715.0Mbps, rtt :7.22ms cwnd: 42.0 lossRate: 0.0 CC:32 score:0.38 previous_total 9083125000 bytes and current_total 9172500000 bytes
1661449423.026138 -- INFO: Throughput @89.1s:670.0Mbps, rtt :7.1ms cwnd: 42.0 lossRate: 0.0 CC:32 score:0.36 previous_total 9172500000 bytes and current_total 9256250000 bytes
1661449424.023447 -- INFO: Throughput @90.1s:655.0Mbps, rtt :7.16ms cwnd: 41.4 lossRate: 0.00011879306248515087 CC:32 score:0.35 previous_total 9256250000 bytes and current_total 9338125000 bytes
1661449424.985232 -- INFO: score [0.38, 0.36, 0.35] ******
1661449424.986701 -- INFO: action array from actor 1.0 and action is 32 ******
1661449424.987124 -- INFO: Process Status Bits from change concurrency are: 1 1 1 1 1 1 1 1 1 1 1 1 1 1 1 1 1 1 1 1 1 1 1 1 1 1 1 1 1 1 1 1
1661449424.987400 -- INFO: Active CC: 32
1661449425.023127 -- INFO: Throughput @91.1s:690.0Mbps, rtt :6.84ms cwnd: 40.7 lossRate: 0.00011862597230930875 CC:32 score:0.37 previous_total 9338125000 bytes and current_total 9424375000 bytes
1661449426.024912 -- INFO: Throughput @92.1s:680.0Mbps, rtt :6.87ms cwnd: 40.8 lossRate: 0.0 CC:32 score:0.36 previous_total 9424375000 bytes and current_total 9509375000 bytes
1661449427.027273 -- INFO: Throughput @93.1s:690.0Mbps, rtt :7.09ms cwnd: 40.8 lossRate: 0.0 CC:32 score:0.37 previous_total 9509375000 bytes and current_total 9595625000 bytes
1661449428.028396 -- INFO: Throughput @94.1s:710.0Mbps, rtt :6.56ms cwnd: 40.2 lossRate: 0.00013555875624841142 CC:32 score:0.38 previous_total 9595625000 bytes and current_total 9684375000 bytes
1661449428.488586 -- INFO: score [0.36, 0.37, 0.38] ******
1661449428.489795 -- INFO: action array from actor 1.0 and action is 32 ******
1661449428.490089 -- INFO: Process Status Bits from change concurrency are: 1 1 1 1 1 1 1 1 1 1 1 1 1 1 1 1 1 1 1 1 1 1 1 1 1 1 1 1 1 1 1 1
1661449428.490310 -- INFO: Active CC: 32
1661449429.027385 -- INFO: Throughput @95.1s:680.0Mbps, rtt :6.8ms cwnd: 40.2 lossRate: 8.483347189467077e-05 CC:32 score:0.36 previous_total 9684375000 bytes and current_total 9769375000 bytes
1661449430.029227 -- INFO: Throughput @96.1s:655.0Mbps, rtt :7.03ms cwnd: 40.2 lossRate: 0.0 CC:32 score:0.35 previous_total 9769375000 bytes and current_total 9851250000 bytes
1661449431.031805 -- INFO: Throughput @97.1s:690.0Mbps, rtt :6.68ms cwnd: 40.2 lossRate: 8.46038004027141e-05 CC:32 score:0.37 previous_total 9851250000 bytes and current_total 9937500000 bytes
1661449431.991413 -- INFO: score [0.36, 0.35, 0.37] ******
1661449431.992792 -- INFO: action array from actor 1.0 and action is 32 ******
1661449431.993199 -- INFO: Process Status Bits from change concurrency are: 1 1 1 1 1 1 1 1 1 1 1 1 1 1 1 1 1 1 1 1 1 1 1 1 1 1 1 1 1 1 1 1
1661449431.993541 -- INFO: Active CC: 32
1661449432.031033 -- INFO: Throughput @98.1s:670.0Mbps, rtt :7.14ms cwnd: 42.7 lossRate: 0.0 CC:32 score:0.36 previous_total 9937500000 bytes and current_total 10021250000 bytes
1661449433.031523 -- INFO: Throughput @99.1s:710.0Mbps, rtt :7.0ms cwnd: 41.2 lossRate: 0.000356022717640078 CC:32 score:0.37 previous_total 10021250000 bytes and current_total 10110000000 bytes
1661449434.031335 -- INFO: Throughput @100.1s:685.0Mbps, rtt :6.94ms cwnd: 41.2 lossRate: 0.0 CC:32 score:0.36 previous_total 10110000000 bytes and current_total 10195625000 bytes
1661449435.034737 -- INFO: Throughput @101.1s:670.0Mbps, rtt :6.89ms cwnd: 40.5 lossRate: 0.00018633014313542814 CC:32 score:0.35 previous_total 10195625000 bytes and current_total 10279375000 bytes
1661449435.494651 -- INFO: score [0.37, 0.36, 0.35] ******
1661449435.495613 -- INFO: action array from actor 1.0 and action is 32 ******
1661449435.495829 -- INFO: Process Status Bits from change concurrency are: 1 1 1 1 1 1 1 1 1 1 1 1 1 1 1 1 1 1 1 1 1 1 1 1 1 1 1 1 1 1 1 1
1661449435.496066 -- INFO: Active CC: 32
1661449436.035059 -- INFO: Throughput @102.1s:690.0Mbps, rtt :6.88ms cwnd: 40.5 lossRate: 8.473714537504661e-05 CC:32 score:0.37 previous_total 10279375000 bytes and current_total 10365625000 bytes
1661449437.036579 -- INFO: Throughput @103.1s:780.0Mbps, rtt :6.52ms cwnd: 42.4 lossRate: 0.0 CC:32 score:0.41 previous_total 10365625000 bytes and current_total 10463125000 bytes
1661449438.037215 -- INFO: Throughput @104.2s:827.27Mbps, rtt :7.06ms cwnd: 52.9 lossRate: 0.0 CC:32 score:0.44 previous_total 10463125000 bytes and current_total 10576875000 bytes
1661449438.996878 -- INFO: score [0.37, 0.41, 0.44] ******
1661449438.997887 -- INFO: action array from actor 1.0 and action is 32 ******
1661449438.998150 -- INFO: Process Status Bits from change concurrency are: 1 1 1 1 1 1 1 1 1 1 1 1 1 1 1 1 1 1 1 1 1 1 1 1 1 1 1 1 1 1 1 1
1661449438.998478 -- INFO: Active CC: 32
1661449439.039756 -- INFO: Throughput @105.2s:935.0Mbps, rtt :7.41ms cwnd: 55.9 lossRate: 0.0 CC:32 score:0.5 previous_total 10576875000 bytes and current_total 10693750000 bytes
1661449440.040270 -- INFO: Throughput @106.2s:920.0Mbps, rtt :7.42ms cwnd: 58.5 lossRate: 0.0 CC:32 score:0.49 previous_total 10693750000 bytes and current_total 10808750000 bytes
1661449441.041678 -- INFO: Throughput @107.2s:955.0Mbps, rtt :7.57ms cwnd: 61.0 lossRate: 0.0 CC:32 score:0.51 previous_total 10808750000 bytes and current_total 10928125000 bytes
1661449442.042919 -- INFO: Throughput @108.2s:915.0Mbps, rtt :7.28ms cwnd: 61.1 lossRate: 9.916208042044722e-05 CC:32 score:0.48 previous_total 10928125000 bytes and current_total 11042500000 bytes
1661449442.499246 -- INFO: score [0.49, 0.51, 0.48] ******
1661449442.500270 -- INFO: action array from actor 1.0 and action is 32 ******
1661449442.500489 -- INFO: Process Status Bits from change concurrency are: 1 1 1 1 1 1 1 1 1 1 1 1 1 1 1 1 1 1 1 1 1 1 1 1 1 1 1 1 1 1 1 1
1661449442.500682 -- INFO: Active CC: 32
1661449443.045299 -- INFO: Throughput @109.2s:955.0Mbps, rtt :7.54ms cwnd: 62.4 lossRate: 0.0 CC:32 score:0.51 previous_total 11042500000 bytes and current_total 11161875000 bytes
1661449444.043481 -- INFO: Throughput @110.2s:905.0Mbps, rtt :7.64ms cwnd: 63.5 lossRate: 0.0 CC:32 score:0.48 previous_total 11161875000 bytes and current_total 11275000000 bytes
1661449445.047097 -- INFO: Throughput @111.2s:960.0Mbps, rtt :8.15ms cwnd: 65.2 lossRate: 0.0 CC:32 score:0.51 previous_total 11275000000 bytes and current_total 11395000000 bytes
1661449446.001493 -- INFO: score [0.51, 0.48, 0.51] ******
1661449446.002432 -- INFO: action array from actor 1.0 and action is 32 ******
1661449446.002613 -- INFO: Process Status Bits from change concurrency are: 1 1 1 1 1 1 1 1 1 1 1 1 1 1 1 1 1 1 1 1 1 1 1 1 1 1 1 1 1 1 1 1
1661449446.002770 -- INFO: Active CC: 32
1661449446.045089 -- INFO: Throughput @112.2s:915.0Mbps, rtt :7.97ms cwnd: 66.0 lossRate: 0.0 CC:32 score:0.49 previous_total 11395000000 bytes and current_total 11509375000 bytes
1661449447.045972 -- INFO: Throughput @113.2s:955.0Mbps, rtt :8.4ms cwnd: 66.3 lossRate: 0.0 CC:32 score:0.51 previous_total 11509375000 bytes and current_total 11628750000 bytes
1661449448.047779 -- INFO: Throughput @114.2s:905.0Mbps, rtt :8.43ms cwnd: 67.4 lossRate: 0.0 CC:32 score:0.48 previous_total 11628750000 bytes and current_total 11741875000 bytes
1661449449.048342 -- INFO: Throughput @115.2s:935.0Mbps, rtt :8.41ms cwnd: 67.2 lossRate: 0.00014887968040495274 CC:32 score:0.49 previous_total 11741875000 bytes and current_total 11858750000 bytes
1661449449.503579 -- INFO: score [0.51, 0.48, 0.49] ******
1661449449.504488 -- INFO: action array from actor 1.0 and action is 32 ******
1661449449.504688 -- INFO: Process Status Bits from change concurrency are: 1 1 1 1 1 1 1 1 1 1 1 1 1 1 1 1 1 1 1 1 1 1 1 1 1 1 1 1 1 1 1 1
1661449449.504888 -- INFO: Active CC: 32
1661449450.048681 -- INFO: Throughput @116.2s:925.0Mbps, rtt :8.52ms cwnd: 67.9 lossRate: 0.0 CC:32 score:0.49 previous_total 11858750000 bytes and current_total 11974375000 bytes
1661449451.049048 -- INFO: Throughput @117.2s:955.0Mbps, rtt :8.39ms cwnd: 68.3 lossRate: 0.0 CC:32 score:0.51 previous_total 11974375000 bytes and current_total 12093750000 bytes
1661449452.051347 -- INFO: Throughput @118.2s:935.0Mbps, rtt :8.59ms cwnd: 69.0 lossRate: 0.0 CC:32 score:0.5 previous_total 12093750000 bytes and current_total 12210625000 bytes
1661449453.005711 -- INFO: score [0.49, 0.51, 0.5] ******
1661449453.006773 -- INFO: action array from actor 1.0 and action is 32 ******
1661449453.006994 -- INFO: Process Status Bits from change concurrency are: 1 1 1 1 1 1 1 1 1 1 1 1 1 1 1 1 1 1 1 1 1 1 1 1 1 1 1 1 1 1 1 1
1661449453.007181 -- INFO: Active CC: 32
1661449453.052054 -- INFO: Throughput @119.2s:925.0Mbps, rtt :8.09ms cwnd: 69.1 lossRate: 0.0 CC:32 score:0.49 previous_total 12210625000 bytes and current_total 12326250000 bytes
1661449454.054722 -- INFO: Throughput @120.2s:950.0Mbps, rtt :8.62ms cwnd: 69.2 lossRate: 0.0 CC:32 score:0.5 previous_total 12326250000 bytes and current_total 12445000000 bytes
1661449455.053031 -- INFO: Throughput @121.2s:925.0Mbps, rtt :8.7ms cwnd: 69.2 lossRate: 0.0 CC:32 score:0.49 previous_total 12445000000 bytes and current_total 12560625000 bytes
1661449456.053668 -- INFO: Throughput @122.2s:945.0Mbps, rtt :8.1ms cwnd: 69.3 lossRate: 0.0 CC:32 score:0.5 previous_total 12560625000 bytes and current_total 12678750000 bytes
1661449456.507934 -- INFO: score [0.5, 0.49, 0.5] ******
1661449456.508914 -- INFO: action array from actor 1.0 and action is 32 ******
1661449456.509150 -- INFO: Process Status Bits from change concurrency are: 1 1 1 1 1 1 1 1 1 1 1 1 1 1 1 1 1 1 1 1 1 1 1 1 1 1 1 1 1 1 1 1
1661449456.509350 -- INFO: Active CC: 32
1661449457.054639 -- INFO: Throughput @123.2s:910.0Mbps, rtt :8.13ms cwnd: 69.8 lossRate: 0.0 CC:32 score:0.48 previous_total 12678750000 bytes and current_total 12792500000 bytes
1661449458.055994 -- INFO: Throughput @124.2s:940.0Mbps, rtt :8.08ms cwnd: 70.5 lossRate: 0.0 CC:32 score:0.5 previous_total 12792500000 bytes and current_total 12910000000 bytes
1661449459.056270 -- INFO: Throughput @125.2s:940.0Mbps, rtt :8.47ms cwnd: 71.7 lossRate: 8.685833405715279e-05 CC:32 score:0.5 previous_total 12910000000 bytes and current_total 13027500000 bytes
1661449460.010146 -- INFO: score [0.48, 0.5, 0.5] ******
1661449460.011100 -- INFO: action array from actor 1.0 and action is 32 ******
1661449460.011299 -- INFO: Process Status Bits from change concurrency are: 1 1 1 1 1 1 1 1 1 1 1 1 1 1 1 1 1 1 1 1 1 1 1 1 1 1 1 1 1 1 1 1
1661449460.011459 -- INFO: Active CC: 32
1661449460.057388 -- INFO: Throughput @126.2s:935.0Mbps, rtt :7.89ms cwnd: 71.8 lossRate: 0.0 CC:32 score:0.5 previous_total 13027500000 bytes and current_total 13144375000 bytes
1661449461.058944 -- INFO: Throughput @127.2s:925.0Mbps, rtt :8.53ms cwnd: 71.8 lossRate: 0.0 CC:32 score:0.49 previous_total 13144375000 bytes and current_total 13260000000 bytes
1661449462.059773 -- INFO: Throughput @128.2s:940.0Mbps, rtt :7.83ms cwnd: 71.0 lossRate: 0.00017342186106431473 CC:32 score:0.5 previous_total 13260000000 bytes and current_total 13377500000 bytes
1661449463.060905 -- INFO: Throughput @129.2s:920.0Mbps, rtt :8.03ms cwnd: 72.2 lossRate: 0.0 CC:32 score:0.49 previous_total 13377500000 bytes and current_total 13492500000 bytes
1661449463.512241 -- INFO: score [0.49, 0.5, 0.49] ******
1661449463.513223 -- INFO: action array from actor 1.0 and action is 32 ******
1661449463.513445 -- INFO: Process Status Bits from change concurrency are: 1 1 1 1 1 1 1 1 1 1 1 1 1 1 1 1 1 1 1 1 1 1 1 1 1 1 1 1 1 1 1 1
1661449463.513631 -- INFO: Active CC: 32
1661449464.060531 -- INFO: Throughput @130.2s:955.0Mbps, rtt :8.2ms cwnd: 72.3 lossRate: 0.0 CC:32 score:0.51 previous_total 13492500000 bytes and current_total 13611875000 bytes
1661449465.061195 -- INFO: Throughput @131.2s:915.0Mbps, rtt :8.06ms cwnd: 72.5 lossRate: 0.0 CC:32 score:0.49 previous_total 13611875000 bytes and current_total 13726250000 bytes
1661449466.062371 -- INFO: Throughput @132.2s:955.0Mbps, rtt :7.74ms cwnd: 72.5 lossRate: 0.0 CC:32 score:0.51 previous_total 13726250000 bytes and current_total 13845625000 bytes
1661449467.014417 -- INFO: score [0.51, 0.49, 0.51] ******
1661449467.015306 -- INFO: action array from actor 1.0 and action is 32 ******
1661449467.015503 -- INFO: Process Status Bits from change concurrency are: 1 1 1 1 1 1 1 1 1 1 1 1 1 1 1 1 1 1 1 1 1 1 1 1 1 1 1 1 1 1 1 1
1661449467.015656 -- INFO: Active CC: 32
1661449467.063666 -- INFO: Throughput @133.2s:925.0Mbps, rtt :8.02ms cwnd: 75.8 lossRate: 0.0 CC:32 score:0.49 previous_total 13845625000 bytes and current_total 13961250000 bytes
1661449468.063702 -- INFO: Throughput @134.2s:940.0Mbps, rtt :8.33ms cwnd: 75.8 lossRate: 0.0 CC:32 score:0.5 previous_total 13961250000 bytes and current_total 14078750000 bytes
1661449469.065194 -- INFO: Throughput @135.2s:940.0Mbps, rtt :8.14ms cwnd: 75.8 lossRate: 0.0 CC:32 score:0.5 previous_total 14078750000 bytes and current_total 14196250000 bytes
1661449470.066173 -- INFO: Throughput @136.2s:910.0Mbps, rtt :8.15ms cwnd: 75.8 lossRate: 0.0 CC:32 score:0.48 previous_total 14196250000 bytes and current_total 14310000000 bytes
1661449470.516484 -- INFO: score [0.5, 0.5, 0.48] ******
1661449470.517486 -- INFO: action array from actor 1.0 and action is 32 ******
1661449470.517704 -- INFO: Process Status Bits from change concurrency are: 1 1 1 1 1 1 1 1 1 1 1 1 1 1 1 1 1 1 1 1 1 1 1 1 1 1 1 1 1 1 1 1
1661449470.517904 -- INFO: Active CC: 32
1661449471.067560 -- INFO: Throughput @137.2s:945.0Mbps, rtt :7.86ms cwnd: 75.8 lossRate: 0.0 CC:32 score:0.5 previous_total 14310000000 bytes and current_total 14428125000 bytes
1661449472.068326 -- INFO: Throughput @138.2s:920.0Mbps, rtt :7.66ms cwnd: 75.8 lossRate: 0.0 CC:32 score:0.49 previous_total 14428125000 bytes and current_total 14543125000 bytes
1661449473.068778 -- INFO: Throughput @139.2s:955.0Mbps, rtt :8.01ms cwnd: 75.8 lossRate: 0.0 CC:32 score:0.51 previous_total 14543125000 bytes and current_total 14662500000 bytes
1661449474.018771 -- INFO: score [0.5, 0.49, 0.51] ******
1661449474.019841 -- INFO: action array from actor 1.0 and action is 32 ******
1661449474.020044 -- INFO: Process Status Bits from change concurrency are: 1 1 1 1 1 1 1 1 1 1 1 1 1 1 1 1 1 1 1 1 1 1 1 1 1 1 1 1 1 1 1 1
1661449474.020221 -- INFO: Active CC: 32
1661449474.069622 -- INFO: Throughput @140.2s:920.0Mbps, rtt :8.17ms cwnd: 75.9 lossRate: 0.0 CC:32 score:0.49 previous_total 14662500000 bytes and current_total 14777500000 bytes
1661449475.070767 -- INFO: Throughput @141.2s:950.0Mbps, rtt :8.11ms cwnd: 75.9 lossRate: 0.0 CC:32 score:0.5 previous_total 14777500000 bytes and current_total 14896250000 bytes
1661449476.071879 -- INFO: Throughput @142.2s:915.0Mbps, rtt :8.24ms cwnd: 76.9 lossRate: 0.0 CC:32 score:0.49 previous_total 14896250000 bytes and current_total 15010625000 bytes
1661449477.074924 -- INFO: Throughput @143.2s:955.0Mbps, rtt :7.81ms cwnd: 76.3 lossRate: 9.914856172617646e-05 CC:32 score:0.51 previous_total 15010625000 bytes and current_total 15130000000 bytes
1661449477.520952 -- INFO: score [0.5, 0.49, 0.51] ******
1661449477.521957 -- INFO: action array from actor 1.0 and action is 32 ******
1661449477.522122 -- INFO: Process Status Bits from change concurrency are: 1 1 1 1 1 1 1 1 1 1 1 1 1 1 1 1 1 1 1 1 1 1 1 1 1 1 1 1 1 1 1 1
1661449477.522278 -- INFO: Active CC: 32
1661449478.074636 -- INFO: Throughput @144.2s:910.0Mbps, rtt :7.82ms cwnd: 76.3 lossRate: 0.0 CC:32 score:0.48 previous_total 15130000000 bytes and current_total 15243750000 bytes
1661449479.075598 -- INFO: Throughput @145.2s:935.0Mbps, rtt :7.35ms cwnd: 76.3 lossRate: 0.0 CC:32 score:0.5 previous_total 15243750000 bytes and current_total 15360625000 bytes
1661449480.076478 -- INFO: Throughput @146.2s:930.0Mbps, rtt :7.28ms cwnd: 76.3 lossRate: 0.0 CC:32 score:0.49 previous_total 15360625000 bytes and current_total 15476875000 bytes
1661449481.023081 -- INFO: score [0.48, 0.5, 0.49] ******
1661449481.024037 -- INFO: action array from actor 1.0 and action is 32 ******
1661449481.024214 -- INFO: Process Status Bits from change concurrency are: 1 1 1 1 1 1 1 1 1 1 1 1 1 1 1 1 1 1 1 1 1 1 1 1 1 1 1 1 1 1 1 1
1661449481.024426 -- INFO: Active CC: 32
1661449481.078360 -- INFO: Throughput @147.2s:950.0Mbps, rtt :6.99ms cwnd: 74.6 lossRate: 0.00024798819576188173 CC:32 score:0.5 previous_total 15476875000 bytes and current_total 15595625000 bytes
1661449482.078001 -- INFO: Throughput @148.2s:925.0Mbps, rtt :7.14ms cwnd: 74.4 lossRate: 8.682170542635658e-05 CC:32 score:0.49 previous_total 15595625000 bytes and current_total 15711250000 bytes
1661449483.078648 -- INFO: Throughput @149.2s:940.0Mbps, rtt :7.21ms cwnd: 74.4 lossRate: 0.0 CC:32 score:0.5 previous_total 15711250000 bytes and current_total 15828750000 bytes
1661449484.080047 -- INFO: Throughput @150.2s:940.0Mbps, rtt :7.09ms cwnd: 74.4 lossRate: 0.0 CC:32 score:0.5 previous_total 15828750000 bytes and current_total 15946250000 bytes
1661449484.525141 -- INFO: score [0.49, 0.5, 0.5] ******
1661449484.526020 -- INFO: action array from actor 1.0 and action is 32 ******
1661449484.526185 -- INFO: Process Status Bits from change concurrency are: 1 1 1 1 1 1 1 1 1 1 1 1 1 1 1 1 1 1 1 1 1 1 1 1 1 1 1 1 1 1 1 1
1661449484.526376 -- INFO: Active CC: 32
1661449485.081025 -- INFO: Throughput @151.2s:925.0Mbps, rtt :7.1ms cwnd: 74.4 lossRate: 0.0 CC:32 score:0.49 previous_total 15946250000 bytes and current_total 16061875000 bytes
1661449486.082539 -- INFO: Throughput @152.2s:950.0Mbps, rtt :6.67ms cwnd: 74.4 lossRate: 0.0 CC:32 score:0.5 previous_total 16061875000 bytes and current_total 16180625000 bytes
1661449487.082713 -- INFO: Throughput @153.2s:915.0Mbps, rtt :6.74ms cwnd: 73.8 lossRate: 0.00011167361524717093 CC:32 score:0.48 previous_total 16180625000 bytes and current_total 16295000000 bytes
1661449488.027282 -- INFO: score [0.49, 0.5, 0.48] ******
1661449488.028122 -- INFO: action array from actor 1.0 and action is 32 ******
1661449488.028283 -- INFO: Process Status Bits from change concurrency are: 1 1 1 1 1 1 1 1 1 1 1 1 1 1 1 1 1 1 1 1 1 1 1 1 1 1 1 1 1 1 1 1
1661449488.028428 -- INFO: Active CC: 32
1661449488.084033 -- INFO: Throughput @154.2s:955.0Mbps, rtt :6.76ms cwnd: 73.8 lossRate: 0.0 CC:32 score:0.51 previous_total 16295000000 bytes and current_total 16414375000 bytes
1661449489.085675 -- INFO: Throughput @155.2s:910.0Mbps, rtt :6.73ms cwnd: 74.5 lossRate: 0.0 CC:32 score:0.48 previous_total 16414375000 bytes and current_total 16528125000 bytes
1661449490.085898 -- INFO: Throughput @156.2s:960.0Mbps, rtt :6.8ms cwnd: 74.5 lossRate: 0.0 CC:32 score:0.51 previous_total 16528125000 bytes and current_total 16648125000 bytes
1661449491.087292 -- INFO: Throughput @157.2s:915.0Mbps, rtt :6.78ms cwnd: 74.7 lossRate: 0.0 CC:32 score:0.49 previous_total 16648125000 bytes and current_total 16762500000 bytes
1661449491.529330 -- INFO: score [0.48, 0.51, 0.49] ******
1661449491.530451 -- INFO: action array from actor 1.0 and action is 32 ******
1661449491.530673 -- INFO: Process Status Bits from change concurrency are: 1 1 1 1 1 1 1 1 1 1 1 1 1 1 1 1 1 1 1 1 1 1 1 1 1 1 1 1 1 1 1 1
1661449491.530856 -- INFO: Active CC: 32
1661449492.088327 -- INFO: Throughput @158.2s:940.0Mbps, rtt :6.78ms cwnd: 74.9 lossRate: 0.0 CC:32 score:0.5 previous_total 16762500000 bytes and current_total 16880000000 bytes
1661449493.090095 -- INFO: Throughput @159.2s:920.0Mbps, rtt :6.98ms cwnd: 74.9 lossRate: 0.0 CC:32 score:0.49 previous_total 16880000000 bytes and current_total 16995000000 bytes
1661449494.089639 -- INFO: Throughput @160.2s:940.0Mbps, rtt :7.52ms cwnd: 58.3 lossRate: 0.0009695583537396362 CC:32 score:0.49 previous_total 16995000000 bytes and current_total 17112500000 bytes
1661449495.031703 -- INFO: score [0.5, 0.49, 0.49] ******
1661449495.032718 -- INFO: action array from actor 1.0 and action is 32 ******
1661449495.032906 -- INFO: Process Status Bits from change concurrency are: 1 1 1 1 1 1 1 1 1 1 1 1 1 1 1 1 1 1 1 1 1 1 1 1 1 1 1 1 1 1 1 1
1661449495.033073 -- INFO: Active CC: 32
1661449495.090133 -- INFO: Throughput @161.2s:925.0Mbps, rtt :6.72ms cwnd: 68.2 lossRate: 3.720884082057897e-05 CC:32 score:0.49 previous_total 17112500000 bytes and current_total 17228125000 bytes
1661449496.092690 -- INFO: Throughput @162.2s:950.0Mbps, rtt :7.11ms cwnd: 68.6 lossRate: 0.0 CC:32 score:0.5 previous_total 17228125000 bytes and current_total 17346875000 bytes
1661449497.091698 -- INFO: Throughput @163.2s:925.0Mbps, rtt :6.89ms cwnd: 68.9 lossRate: 0.0 CC:32 score:0.49 previous_total 17346875000 bytes and current_total 17462500000 bytes
1661449498.093711 -- INFO: Throughput @164.2s:930.0Mbps, rtt :6.78ms cwnd: 69.1 lossRate: 0.0 CC:32 score:0.49 previous_total 17462500000 bytes and current_total 17578750000 bytes
1661449498.533966 -- INFO: score [0.5, 0.49, 0.49] ******
1661449498.534751 -- INFO: action array from actor 1.0 and action is 32 ******
1661449498.534909 -- INFO: Process Status Bits from change concurrency are: 1 1 1 1 1 1 1 1 1 1 1 1 1 1 1 1 1 1 1 1 1 1 1 1 1 1 1 1 1 1 1 1
1661449498.535057 -- INFO: Active CC: 32
1661449499.093676 -- INFO: Throughput @165.2s:955.0Mbps, rtt :7.17ms cwnd: 69.6 lossRate: 0.0 CC:32 score:0.51 previous_total 17578750000 bytes and current_total 17698125000 bytes
1661449500.096436 -- INFO: Throughput @166.2s:910.0Mbps, rtt :7.04ms cwnd: 69.8 lossRate: 0.0 CC:32 score:0.48 previous_total 17698125000 bytes and current_total 17811875000 bytes
1661449501.095877 -- INFO: Throughput @167.2s:950.0Mbps, rtt :7.01ms cwnd: 69.8 lossRate: 0.0 CC:32 score:0.5 previous_total 17811875000 bytes and current_total 17930625000 bytes
1661449502.035987 -- INFO: score [0.51, 0.48, 0.5] ******
1661449502.036854 -- INFO: action array from actor 1.0 and action is 32 ******
1661449502.037022 -- INFO: Process Status Bits from change concurrency are: 1 1 1 1 1 1 1 1 1 1 1 1 1 1 1 1 1 1 1 1 1 1 1 1 1 1 1 1 1 1 1 1
1661449502.037183 -- INFO: Active CC: 32
1661449502.096382 -- INFO: Throughput @168.2s:920.0Mbps, rtt :6.59ms cwnd: 70.0 lossRate: 0.0 CC:32 score:0.49 previous_total 17930625000 bytes and current_total 18045625000 bytes
1661449503.097876 -- INFO: Throughput @169.2s:940.0Mbps, rtt :6.76ms cwnd: 70.7 lossRate: 0.0 CC:32 score:0.5 previous_total 18045625000 bytes and current_total 18163125000 bytes
1661449504.099013 -- INFO: Throughput @170.2s:935.0Mbps, rtt :6.94ms cwnd: 70.7 lossRate: 0.0 CC:32 score:0.5 previous_total 18163125000 bytes and current_total 18280000000 bytes
1661449505.099323 -- INFO: Process 6 finished on working on file 10 
1661449505.100638 -- INFO: Throughput @171.2s:945.0Mbps, rtt :6.72ms cwnd: 70.7 lossRate: 0.0 CC:32 score:0.5 previous_total 18280000000 bytes and current_total 18398125000 bytes
1661449505.222846 -- INFO: Process 2 finished on working on file 4 
1661449505.538212 -- INFO: score [0.5, 0.5, 0.5] ******
1661449505.539375 -- INFO: action array from actor 1.0 and action is 32 ******
1661449505.539608 -- INFO: Process Status Bits from change concurrency are: 1 1 1 1 1 1 1 1 1 1 1 1 1 1 1 1 1 1 1 1 1 1 1 1 1 1 1 1 1 1 1 1
1661449505.539814 -- INFO: Active CC: 32
1661449506.102157 -- INFO: Throughput @172.2s:915.0Mbps, rtt :6.75ms cwnd: 62.2 lossRate: 0 CC:32 score:0.49 previous_total 18398125000 bytes and current_total 18512500000 bytes
1661449507.101254 -- INFO: Throughput @173.2s:925.0Mbps, rtt :6.7ms cwnd: 63.2 lossRate: 0.0 CC:32 score:0.49 previous_total 18512500000 bytes and current_total 18628125000 bytes
1661449508.102359 -- INFO: Throughput @174.2s:960.0Mbps, rtt :6.92ms cwnd: 64.6 lossRate: 0.0 CC:32 score:0.51 previous_total 18628125000 bytes and current_total 18748125000 bytes
1661449508.304664 -- INFO: Process 19 finished on working on file 19 
1661449509.040981 -- INFO: score [0.49, 0.49, 0.51] ******
1661449509.042168 -- INFO: action array from actor 1.0 and action is 32 ******
1661449509.042414 -- INFO: Process Status Bits from change concurrency are: 1 1 1 1 1 1 1 1 1 1 1 1 1 1 1 1 1 1 1 1 1 1 1 1 1 1 1 1 1 1 1 1
1661449509.042610 -- INFO: Active CC: 32
1661449509.103866 -- INFO: Throughput @175.2s:915.0Mbps, rtt :6.99ms cwnd: 57.4 lossRate: 0 CC:32 score:0.49 previous_total 18748125000 bytes and current_total 18862500000 bytes
1661449510.104514 -- INFO: Throughput @176.2s:940.0Mbps, rtt :7.06ms cwnd: 58.3 lossRate: 0.0 CC:32 score:0.5 previous_total 18862500000 bytes and current_total 18980000000 bytes
1661449511.107244 -- INFO: Throughput @177.2s:930.0Mbps, rtt :7.33ms cwnd: 58.3 lossRate: 0.0 CC:32 score:0.49 previous_total 18980000000 bytes and current_total 19096250000 bytes
1661449512.106782 -- INFO: Throughput @178.2s:950.0Mbps, rtt :7.34ms cwnd: 59.1 lossRate: 0.0 CC:32 score:0.5 previous_total 19096250000 bytes and current_total 19215000000 bytes
1661449512.544080 -- INFO: score [0.5, 0.49, 0.5] ******
1661449512.545248 -- INFO: action array from actor 1.0 and action is 32 ******
1661449512.545519 -- INFO: Process Status Bits from change concurrency are: 1 1 1 1 1 1 1 1 1 1 1 1 1 1 1 1 1 1 1 1 1 1 1 1 1 1 1 1 1 1 1 1
1661449512.545709 -- INFO: Active CC: 32
1661449513.107298 -- INFO: Throughput @179.2s:930.0Mbps, rtt :7.44ms cwnd: 59.7 lossRate: 0.0 CC:32 score:0.49 previous_total 19215000000 bytes and current_total 19331250000 bytes
1661449514.108665 -- INFO: Throughput @180.2s:910.0Mbps, rtt :7.12ms cwnd: 59.7 lossRate: 0.0 CC:32 score:0.48 previous_total 19331250000 bytes and current_total 19445000000 bytes
1661449515.110074 -- INFO: Throughput @181.2s:950.0Mbps, rtt :7.01ms cwnd: 58.3 lossRate: 0.00011156148897400617 CC:32 score:0.5 previous_total 19445000000 bytes and current_total 19563750000 bytes
1661449516.047077 -- INFO: score [0.49, 0.48, 0.5] ******
1661449516.048743 -- INFO: action array from actor 1.0 and action is 32 ******
1661449516.049040 -- INFO: Process Status Bits from change concurrency are: 1 1 1 1 1 1 1 1 1 1 1 1 1 1 1 1 1 1 1 1 1 1 1 1 1 1 1 1 1 1 1 1
1661449516.049256 -- INFO: Active CC: 32
1661449516.111388 -- INFO: Throughput @182.2s:935.0Mbps, rtt :7.08ms cwnd: 58.3 lossRate: 0.0 CC:32 score:0.5 previous_total 19563750000 bytes and current_total 19680625000 bytes
1661449517.112881 -- INFO: Throughput @183.2s:950.0Mbps, rtt :7.16ms cwnd: 58.1 lossRate: 0.00012402177822425618 CC:32 score:0.5 previous_total 19680625000 bytes and current_total 19799375000 bytes
1661449518.111492 -- INFO: Throughput @184.2s:910.0Mbps, rtt :7.24ms cwnd: 58.1 lossRate: 0.0 CC:32 score:0.48 previous_total 19799375000 bytes and current_total 19913125000 bytes
1661449519.112534 -- INFO: Throughput @185.2s:935.0Mbps, rtt :7.5ms cwnd: 58.1 lossRate: 0.0 CC:32 score:0.5 previous_total 19913125000 bytes and current_total 20030000000 bytes
1661449519.550581 -- INFO: score [0.5, 0.48, 0.5] ******
1661449519.551713 -- INFO: action array from actor 1.0 and action is 32 ******
1661449519.552073 -- INFO: Process Status Bits from change concurrency are: 1 1 1 1 1 1 1 1 1 1 1 1 1 1 1 1 1 1 1 1 1 1 1 1 1 1 1 1 1 1 1 1
1661449519.552311 -- INFO: Active CC: 32
1661449520.114442 -- INFO: Throughput @186.2s:940.0Mbps, rtt :7.11ms cwnd: 59.8 lossRate: 0.0 CC:32 score:0.5 previous_total 20030000000 bytes and current_total 20147500000 bytes
1661449521.114168 -- INFO: Throughput @187.2s:945.0Mbps, rtt :7.05ms cwnd: 59.8 lossRate: 0.0 CC:32 score:0.5 previous_total 20147500000 bytes and current_total 20265625000 bytes
1661449522.115410 -- INFO: Throughput @188.2s:930.0Mbps, rtt :7.24ms cwnd: 59.8 lossRate: 0.0 CC:32 score:0.49 previous_total 20265625000 bytes and current_total 20381875000 bytes
1661449523.053540 -- INFO: score [0.5, 0.5, 0.49] ******
1661449523.054773 -- INFO: action array from actor 1.0 and action is 32 ******
1661449523.055020 -- INFO: Process Status Bits from change concurrency are: 1 1 1 1 1 1 1 1 1 1 1 1 1 1 1 1 1 1 1 1 1 1 1 1 1 1 1 1 1 1 1 1
1661449523.055233 -- INFO: Active CC: 32
1661449523.116063 -- INFO: Throughput @189.2s:920.0Mbps, rtt :7.23ms cwnd: 59.8 lossRate: 0.0 CC:32 score:0.49 previous_total 20381875000 bytes and current_total 20496875000 bytes
1661449524.118742 -- INFO: Throughput @190.2s:935.0Mbps, rtt :7.1ms cwnd: 60.4 lossRate: 0.0 CC:32 score:0.5 previous_total 20496875000 bytes and current_total 20613750000 bytes
1661449525.118745 -- INFO: Throughput @191.2s:940.0Mbps, rtt :7.49ms cwnd: 61.8 lossRate: 0.0 CC:32 score:0.5 previous_total 20613750000 bytes and current_total 20731250000 bytes
1661449526.119446 -- INFO: Throughput @192.2s:955.0Mbps, rtt :7.31ms cwnd: 61.9 lossRate: 0.0 CC:32 score:0.51 previous_total 20731250000 bytes and current_total 20850625000 bytes
1661449526.556938 -- INFO: score [0.5, 0.5, 0.51] ******
1661449526.558536 -- INFO: action array from actor 1.0 and action is 32 ******
1661449526.558845 -- INFO: Process Status Bits from change concurrency are: 1 1 1 1 1 1 1 1 1 1 1 1 1 1 1 1 1 1 1 1 1 1 1 1 1 1 1 1 1 1 1 1
1661449526.559179 -- INFO: Active CC: 32
1661449527.120043 -- INFO: Throughput @193.2s:900.0Mbps, rtt :7.27ms cwnd: 61.9 lossRate: 0.0 CC:32 score:0.48 previous_total 20850625000 bytes and current_total 20963125000 bytes
1661449528.121657 -- INFO: Throughput @194.2s:940.0Mbps, rtt :7.66ms cwnd: 61.9 lossRate: 0.0 CC:32 score:0.5 previous_total 20963125000 bytes and current_total 21080625000 bytes
1661449529.123594 -- INFO: Throughput @195.2s:935.0Mbps, rtt :7.15ms cwnd: 61.3 lossRate: 9.911539509874371e-05 CC:32 score:0.5 previous_total 21080625000 bytes and current_total 21197500000 bytes
1661449530.060462 -- INFO: score [0.48, 0.5, 0.5] ******
1661449530.061700 -- INFO: action array from actor 1.0 and action is 32 ******
1661449530.061976 -- INFO: Process Status Bits from change concurrency are: 1 1 1 1 1 1 1 1 1 1 1 1 1 1 1 1 1 1 1 1 1 1 1 1 1 1 1 1 1 1 1 1
1661449530.062214 -- INFO: Active CC: 32
1661449530.123181 -- INFO: Throughput @196.2s:945.0Mbps, rtt :7.13ms cwnd: 61.3 lossRate: 0.0 CC:32 score:0.5 previous_total 21197500000 bytes and current_total 21315625000 bytes
1661449531.124529 -- INFO: Throughput @197.2s:935.0Mbps, rtt :7.13ms cwnd: 61.3 lossRate: 0.0 CC:32 score:0.5 previous_total 21315625000 bytes and current_total 21432500000 bytes
1661449532.125843 -- INFO: Throughput @198.2s:915.0Mbps, rtt :7.17ms cwnd: 61.3 lossRate: 0.0 CC:32 score:0.49 previous_total 21432500000 bytes and current_total 21546875000 bytes
1661449533.125353 -- INFO: Throughput @199.2s:945.0Mbps, rtt :7.39ms cwnd: 61.3 lossRate: 0.0 CC:32 score:0.5 previous_total 21546875000 bytes and current_total 21665000000 bytes
1661449533.563266 -- INFO: score [0.5, 0.49, 0.5] ******
1661449533.564228 -- INFO: action array from actor 1.0 and action is 32 ******
1661449533.564428 -- INFO: Process Status Bits from change concurrency are: 1 1 1 1 1 1 1 1 1 1 1 1 1 1 1 1 1 1 1 1 1 1 1 1 1 1 1 1 1 1 1 1
1661449533.564604 -- INFO: Active CC: 32
1661449534.126827 -- INFO: Throughput @200.2s:940.0Mbps, rtt :7.69ms cwnd: 61.3 lossRate: 0.0 CC:32 score:0.5 previous_total 21665000000 bytes and current_total 21782500000 bytes
1661449535.128136 -- INFO: Throughput @201.2s:920.0Mbps, rtt :7.66ms cwnd: 62.1 lossRate: 0.0 CC:32 score:0.49 previous_total 21782500000 bytes and current_total 21897500000 bytes
1661449536.129124 -- INFO: Throughput @202.2s:955.0Mbps, rtt :7.0ms cwnd: 61.5 lossRate: 0.0001238022135835789 CC:32 score:0.51 previous_total 21897500000 bytes and current_total 22016875000 bytes
1661449537.065570 -- INFO: score [0.5, 0.49, 0.51] ******
1661449537.066629 -- INFO: episode expires
1661449537.066682 -- INFO: Process 6 shutdown itself from outest loop
1661449537.066758 -- INFO: Process 2 shutdown itself from outest loop
1661449537.066921 -- INFO: Process 19 shutdown itself from outest loop
