1661361135.707076 -- INFO: action array from actor 0.0949767529964447 and action is 18 ******
1661361135.710271 -- INFO: Start Process :: 0
1661361135.712030 -- INFO: Start Process :: 1
1661361135.712214 -- INFO: Start Process :: 3
1661361135.713351 -- INFO: Start Process :: 6
1661361135.713986 -- INFO: Process Status Bits from change concurrency are: 1 1 1 1 1 1 1 1 1 1 1 1 1 1 1 1 1 1 0 0 0 0 0 0 0 0 0 0 0 0 0 0
1661361135.713639 -- INFO: Start Process :: 2
1661361135.715933 -- INFO: Active CC: 18
1661361135.719663 -- INFO: Start Process :: 5
1661361135.720482 -- INFO: Start Process :: 8
1661361135.720884 -- INFO: Start Process :: 7
1661361135.720942 -- INFO: Start Process :: 4
1661361135.723122 -- INFO: Start Process :: 9
1661361135.724034 -- INFO: Start Process :: 10
1661361135.726951 -- INFO: Start Process :: 11
1661361135.728588 -- INFO: Start Process :: 13
1661361135.728643 -- INFO: Start Process :: 14
1661361135.729678 -- INFO: Process 3 found Queue Empty : False
1661361135.729703 -- INFO: Start Process :: 12
1661361135.730575 -- INFO: Process 8 found Queue Empty : False
1661361135.730355 -- INFO: Start Process :: 17
1661361135.730725 -- INFO: Process 0 found Queue Empty : False
1661361135.731547 -- INFO: Process 4 found Queue Empty : False
1661361135.731686 -- INFO: Process 7 found Queue Empty : False
1661361135.731733 -- INFO: Process 6 found Queue Empty : False
1661361135.731768 -- INFO: Process 11 found Queue Empty : False
1661361135.732104 -- INFO: Process 1 found Queue Empty : False
1661361135.732262 -- INFO: Process 3 get item 0 from queue and executing
1661361135.732336 -- INFO: Process 7 get item 1 from queue and executing
1661361135.732454 -- INFO: Process 2 found Queue Empty : False
1661361135.732613 -- INFO: starting 7, 1, /home/hjamil/Documents/files_bash/FILE1
1661361135.732627 -- INFO: Process 4 get item 3 from queue and executing
1661361135.732619 -- INFO: Process 8 get item 2 from queue and executing
1661361135.732850 -- INFO: starting 8, 2, /home/hjamil/Documents/files_bash/FILE4
1661361135.733059 -- INFO: starting 4, 3, /home/hjamil/Documents/files_bash/FILE13
1661361135.732744 -- INFO: Process 0 get item 4 from queue and executing
1661361135.733307 -- INFO: starting 3, 0, /home/hjamil/Documents/files_bash/FILE25
1661361135.734501 -- INFO: Process 2 get item 5 from queue and executing
1661361135.735016 -- INFO: Process 1 get item 6 from queue and executing
1661361135.735155 -- INFO: starting 0, 4, /home/hjamil/Documents/files_bash/FILE3
1661361135.735148 -- INFO: Process 6 get item 7 from queue and executing
1661361135.735286 -- INFO: starting 1, 6, /home/hjamil/Documents/files_bash/FILE2
1661361135.735372 -- INFO: starting 6, 7, /home/hjamil/Documents/files_bash/FILE20
1661361135.739925 -- INFO: Process 5 found Queue Empty : False
1661361135.740386 -- INFO: starting 2, 5, /home/hjamil/Documents/files_bash/FILE24
1661361135.751228 -- INFO: Process 9 found Queue Empty : False
1661361135.751526 -- INFO: Process 5 get item 8 from queue and executing
1661361135.751645 -- INFO: Process 10 found Queue Empty : False
1661361135.751733 -- INFO: Process 9 get item 9 from queue and executing
1661361135.751890 -- INFO: starting 5, 8, /home/hjamil/Documents/files_bash/FILE29
1661361135.751930 -- INFO: starting 9, 9, /home/hjamil/Documents/files_bash/FILE7
1661361135.753520 -- INFO: Start Process :: 16
1661361135.754615 -- INFO: Process 12 found Queue Empty : False
1661361135.754709 -- INFO: Process 13 found Queue Empty : False
1661361135.754813 -- INFO: Process 14 found Queue Empty : False
1661361135.754867 -- INFO: Process 11 get item 10 from queue and executing
1661361135.755052 -- INFO: Process 12 get item 11 from queue and executing
1661361135.755136 -- INFO: Process 10 get item 12 from queue and executing
1661361135.755133 -- INFO: starting 11, 10, /home/hjamil/Documents/files_bash/FILE31
1661361135.755188 -- INFO: Process 13 get item 13 from queue and executing
1661361135.754920 -- INFO: Start Process :: 15
1661361135.755278 -- INFO: starting 12, 11, /home/hjamil/Documents/files_bash/FILE6
1661361135.755288 -- INFO: Process 14 get item 14 from queue and executing
1661361135.755396 -- INFO: starting 13, 13, /home/hjamil/Documents/files_bash/FILE11
1661361135.755472 -- INFO: Process 17 found Queue Empty : False
1661361135.755499 -- INFO: starting 14, 14, /home/hjamil/Documents/files_bash/FILE30
1661361135.755744 -- INFO: Process 17 get item 15 from queue and executing
1661361135.755955 -- INFO: starting 17, 15, /home/hjamil/Documents/files_bash/FILE5
1661361135.756597 -- INFO: Process 15 found Queue Empty : False
1661361135.755988 -- INFO: starting 10, 12, /home/hjamil/Documents/files_bash/FILE22
1661361135.756938 -- INFO: Process 15 get item 16 from queue and executing
1661361135.757188 -- INFO: starting 15, 16, /home/hjamil/Documents/files_bash/FILE17
1661361135.758970 -- INFO: Process 16 found Queue Empty : False
1661361135.759241 -- INFO: Process 16 get item 17 from queue and executing
1661361135.759595 -- INFO: starting 16, 17, /home/hjamil/Documents/files_bash/FILE23
1661361135.781267 -- INFO: Throughput @0.1s:0.0Mbps, rtt :2.87ms cwnd: 30.0 lossRate: 0.0 CC:18 score:0.0 previous_total 0 bytes and current_total 0 bytes
1661361136.783833 -- INFO: Throughput @1.1s:895.0Mbps, rtt :3.65ms cwnd: 127.7 lossRate: 0.0 CC:18 score:0.63 previous_total 0 bytes and current_total 111875000 bytes
1661361137.775741 -- INFO: Throughput @2.1s:855.0Mbps, rtt :3.93ms cwnd: 175.6 lossRate: 0.0 CC:18 score:0.6 previous_total 111875000 bytes and current_total 218750000 bytes
1661361138.775572 -- INFO: Throughput @3.1s:830.0Mbps, rtt :3.06ms cwnd: 200.3 lossRate: 0.0 CC:18 score:0.58 previous_total 218750000 bytes and current_total 322500000 bytes
1661361139.235467 -- INFO: score [0.63, 0.6, 0.58] ******
1661361139.237250 -- INFO: action array from actor 0.3353135883808136 and action is 22 ******
1661361139.249096 -- INFO: Process Status Bits from change concurrency are: 1 1 1 1 1 1 1 1 1 1 1 1 1 1 1 1 1 1 1 1 1 1 0 0 0 0 0 0 0 0 0 0
1661361139.251635 -- INFO: Active CC: 22
1661361139.258930 -- INFO: Start Process :: 18
1661361139.264694 -- INFO: Process 18 found Queue Empty : False
1661361139.265384 -- INFO: Process 18 get item 18 from queue and executing
1661361139.265675 -- INFO: starting 18, 18, /home/hjamil/Documents/files_bash/FILE14
1661361139.294950 -- INFO: Start Process :: 21
1661361139.296794 -- INFO: Start Process :: 19
1661361139.298273 -- INFO: Process 21 found Queue Empty : False
1661361139.298557 -- INFO: Process 21 get item 19 from queue and executing
1661361139.298845 -- INFO: starting 21, 19, /home/hjamil/Documents/files_bash/FILE8
1661361139.299570 -- INFO: Process 19 found Queue Empty : False
1661361139.299842 -- INFO: Process 19 get item 20 from queue and executing
1661361139.300073 -- INFO: starting 19, 20, /home/hjamil/Documents/files_bash/FILE15
1661361139.322601 -- INFO: Start Process :: 20
1661361139.326008 -- INFO: Process 20 found Queue Empty : False
1661361139.326307 -- INFO: Process 20 get item 21 from queue and executing
1661361139.326548 -- INFO: starting 20, 21, /home/hjamil/Documents/files_bash/FILE21
1661361139.798928 -- INFO: Throughput @4.1s:920.0Mbps, rtt :6.67ms cwnd: 191.2 lossRate: 0.0 CC:22 score:0.6 previous_total 322500000 bytes and current_total 437500000 bytes
1661361140.787173 -- INFO: Throughput @5.1s:990.0Mbps, rtt :9.33ms cwnd: 178.4 lossRate: 0.0008407368368217638 CC:22 score:0.63 previous_total 437500000 bytes and current_total 561250000 bytes
1661361141.763009 -- INFO: Throughput @6.1s:955.0Mbps, rtt :10.17ms cwnd: 171.5 lossRate: 0.0004731311320284875 CC:22 score:0.61 previous_total 561250000 bytes and current_total 680625000 bytes
1661361142.760855 -- INFO: score [0.6, 0.63, 0.61] ******
1661361142.763167 -- INFO: action array from actor 0.3353135883808136 and action is 22 ******
1661361142.768535 -- INFO: Process Status Bits from change concurrency are: 1 1 1 1 1 1 1 1 1 1 1 1 1 1 1 1 1 1 1 1 1 1 0 0 0 0 0 0 0 0 0 0
1661361142.769324 -- INFO: Active CC: 22
1661361142.786713 -- INFO: Throughput @7.1s:935.0Mbps, rtt :8.91ms cwnd: 167.2 lossRate: 0.00045195255719642836 CC:22 score:0.6 previous_total 680625000 bytes and current_total 797500000 bytes
1661361143.783804 -- INFO: Throughput @8.1s:950.0Mbps, rtt :8.89ms cwnd: 163.5 lossRate: 0.0002240561634116285 CC:22 score:0.61 previous_total 797500000 bytes and current_total 916250000 bytes
1661361144.783995 -- INFO: Throughput @9.1s:935.0Mbps, rtt :7.88ms cwnd: 163.0 lossRate: 0.0001881797995257869 CC:22 score:0.6 previous_total 916250000 bytes and current_total 1033125000 bytes
1661361145.802727 -- INFO: Throughput @10.1s:940.0Mbps, rtt :7.35ms cwnd: 165.8 lossRate: 0.0 CC:22 score:0.61 previous_total 1033125000 bytes and current_total 1150625000 bytes
1661361146.275771 -- INFO: score [0.61, 0.6, 0.61] ******
1661361146.277184 -- INFO: action array from actor 0.3353135883808136 and action is 22 ******
1661361146.289613 -- INFO: Process Status Bits from change concurrency are: 1 1 1 1 1 1 1 1 1 1 1 1 1 1 1 1 1 1 1 1 1 1 0 0 0 0 0 0 0 0 0 0
1661361146.290046 -- INFO: Active CC: 22
1661361146.770126 -- INFO: Throughput @11.1s:940.0Mbps, rtt :10.2ms cwnd: 168.1 lossRate: 0.0 CC:22 score:0.61 previous_total 1150625000 bytes and current_total 1268125000 bytes
1661361147.787452 -- INFO: Throughput @12.1s:905.0Mbps, rtt :8.35ms cwnd: 169.0 lossRate: 0.0 CC:22 score:0.59 previous_total 1268125000 bytes and current_total 1381250000 bytes
1661361148.770909 -- INFO: Throughput @13.1s:955.0Mbps, rtt :6.85ms cwnd: 169.0 lossRate: 0.0 CC:22 score:0.62 previous_total 1381250000 bytes and current_total 1500625000 bytes
1661361149.772566 -- INFO: Throughput @14.1s:930.0Mbps, rtt :8.84ms cwnd: 168.7 lossRate: 3.739296264443032e-05 CC:22 score:0.6 previous_total 1500625000 bytes and current_total 1616875000 bytes
1661361149.791161 -- INFO: score [0.59, 0.62, 0.6] ******
1661361149.794976 -- INFO: action array from actor 0.3353135883808136 and action is 22 ******
1661361149.802043 -- INFO: Process Status Bits from change concurrency are: 1 1 1 1 1 1 1 1 1 1 1 1 1 1 1 1 1 1 1 1 1 1 0 0 0 0 0 0 0 0 0 0
1661361149.805671 -- INFO: Active CC: 22
1661361150.791424 -- INFO: Throughput @15.1s:940.0Mbps, rtt :7.62ms cwnd: 168.7 lossRate: 0.0 CC:22 score:0.61 previous_total 1616875000 bytes and current_total 1734375000 bytes
1661361151.821235 -- INFO: Throughput @16.1s:945.0Mbps, rtt :8.24ms cwnd: 166.5 lossRate: 0.000231000231000231 CC:22 score:0.61 previous_total 1734375000 bytes and current_total 1852500000 bytes
1661361152.783787 -- INFO: Throughput @17.1s:910.0Mbps, rtt :7.38ms cwnd: 166.7 lossRate: 0.0002328138136196081 CC:22 score:0.59 previous_total 1852500000 bytes and current_total 1966250000 bytes
1661361153.306603 -- INFO: score [0.61, 0.61, 0.59] ******
1661361153.308071 -- INFO: action array from actor 0.3353135883808136 and action is 22 ******
1661361153.314277 -- INFO: Process Status Bits from change concurrency are: 1 1 1 1 1 1 1 1 1 1 1 1 1 1 1 1 1 1 1 1 1 1 0 0 0 0 0 0 0 0 0 0
1661361153.315361 -- INFO: Active CC: 22
1661361153.779727 -- INFO: Throughput @18.1s:940.0Mbps, rtt :7.23ms cwnd: 167.6 lossRate: 0.0 CC:22 score:0.61 previous_total 1966250000 bytes and current_total 2083750000 bytes
1661361154.787300 -- INFO: Throughput @19.1s:930.0Mbps, rtt :7.64ms cwnd: 168.0 lossRate: 0.0 CC:22 score:0.6 previous_total 2083750000 bytes and current_total 2200000000 bytes
1661361155.791686 -- INFO: Throughput @20.1s:945.0Mbps, rtt :8.69ms cwnd: 168.5 lossRate: 0.0 CC:22 score:0.61 previous_total 2200000000 bytes and current_total 2318125000 bytes
1661361156.794981 -- INFO: Throughput @21.1s:940.0Mbps, rtt :9.52ms cwnd: 170.9 lossRate: 0.0 CC:22 score:0.61 previous_total 2318125000 bytes and current_total 2435625000 bytes
1661361156.816353 -- INFO: score [0.6, 0.61, 0.61] ******
1661361156.817851 -- INFO: action array from actor 0.3353135883808136 and action is 22 ******
1661361156.818316 -- INFO: Process Status Bits from change concurrency are: 1 1 1 1 1 1 1 1 1 1 1 1 1 1 1 1 1 1 1 1 1 1 0 0 0 0 0 0 0 0 0 0
1661361156.818709 -- INFO: Active CC: 22
1661361157.799235 -- INFO: Throughput @22.1s:920.0Mbps, rtt :7.76ms cwnd: 168.1 lossRate: 0.00024794208072994147 CC:22 score:0.59 previous_total 2435625000 bytes and current_total 2550625000 bytes
1661361158.803944 -- INFO: Throughput @23.1s:945.0Mbps, rtt :8.96ms cwnd: 169.0 lossRate: 0.0 CC:22 score:0.61 previous_total 2550625000 bytes and current_total 2668750000 bytes
1661361159.800464 -- INFO: Throughput @24.1s:920.0Mbps, rtt :9.48ms cwnd: 170.3 lossRate: 0.0 CC:22 score:0.6 previous_total 2668750000 bytes and current_total 2783750000 bytes
1661361160.331305 -- INFO: score [0.59, 0.61, 0.6] ******
1661361160.336756 -- INFO: action array from actor 0.3353135883808136 and action is 22 ******
1661361160.347417 -- INFO: Process Status Bits from change concurrency are: 1 1 1 1 1 1 1 1 1 1 1 1 1 1 1 1 1 1 1 1 1 1 0 0 0 0 0 0 0 0 0 0
1661361160.367056 -- INFO: Active CC: 22
1661361160.808480 -- INFO: Throughput @25.1s:930.0Mbps, rtt :9.19ms cwnd: 170.9 lossRate: 0.0 CC:22 score:0.6 previous_total 2783750000 bytes and current_total 2900000000 bytes
1661361161.804509 -- INFO: Throughput @26.1s:945.0Mbps, rtt :7.64ms cwnd: 170.9 lossRate: 0.0 CC:22 score:0.61 previous_total 2900000000 bytes and current_total 3018125000 bytes
1661361162.781730 -- INFO: Throughput @27.1s:930.0Mbps, rtt :9.99ms cwnd: 171.4 lossRate: 0.0 CC:22 score:0.6 previous_total 3018125000 bytes and current_total 3134375000 bytes
1661361163.810521 -- INFO: Throughput @28.1s:940.0Mbps, rtt :7.18ms cwnd: 171.4 lossRate: 0.0 CC:22 score:0.61 previous_total 3134375000 bytes and current_total 3251875000 bytes
1661361163.868412 -- INFO: score [0.61, 0.6, 0.61] ******
1661361163.870112 -- INFO: action array from actor 0.3353135883808136 and action is 22 ******
1661361163.878664 -- INFO: Process Status Bits from change concurrency are: 1 1 1 1 1 1 1 1 1 1 1 1 1 1 1 1 1 1 1 1 1 1 0 0 0 0 0 0 0 0 0 0
1661361163.881345 -- INFO: Active CC: 22
1661361164.792995 -- INFO: Throughput @29.1s:925.0Mbps, rtt :8.06ms cwnd: 171.9 lossRate: 0.0 CC:22 score:0.6 previous_total 3251875000 bytes and current_total 3367500000 bytes
1661361165.790955 -- INFO: Throughput @30.1s:930.0Mbps, rtt :8.61ms cwnd: 171.9 lossRate: 0.0 CC:22 score:0.6 previous_total 3367500000 bytes and current_total 3483750000 bytes
1661361166.799365 -- INFO: Throughput @31.1s:935.0Mbps, rtt :9.5ms cwnd: 172.1 lossRate: 1.2344916980433306e-05 CC:22 score:0.6 previous_total 3483750000 bytes and current_total 3600625000 bytes
1661361167.395973 -- INFO: score [0.6, 0.6, 0.6] ******
1661361167.397756 -- INFO: action array from actor 0.3353135883808136 and action is 22 ******
1661361167.398460 -- INFO: Process Status Bits from change concurrency are: 1 1 1 1 1 1 1 1 1 1 1 1 1 1 1 1 1 1 1 1 1 1 0 0 0 0 0 0 0 0 0 0
1661361167.399107 -- INFO: Active CC: 22
1661361167.842162 -- INFO: Throughput @32.1s:960.0Mbps, rtt :9.34ms cwnd: 173.4 lossRate: 0.0 CC:22 score:0.62 previous_total 3600625000 bytes and current_total 3720625000 bytes
1661361168.823942 -- INFO: Throughput @33.1s:920.0Mbps, rtt :8.28ms cwnd: 173.4 lossRate: 0.0 CC:22 score:0.6 previous_total 3720625000 bytes and current_total 3835625000 bytes
1661361169.801687 -- INFO: Throughput @34.1s:920.0Mbps, rtt :9.96ms cwnd: 174.3 lossRate: 0.0 CC:22 score:0.6 previous_total 3835625000 bytes and current_total 3950625000 bytes
1661361170.810989 -- INFO: Throughput @35.1s:950.0Mbps, rtt :10.25ms cwnd: 174.3 lossRate: 0.0 CC:22 score:0.61 previous_total 3950625000 bytes and current_total 4069375000 bytes
1661361170.900223 -- INFO: score [0.6, 0.6, 0.61] ******
1661361170.901888 -- INFO: action array from actor 0.3353135883808136 and action is 22 ******
1661361170.915579 -- INFO: Process Status Bits from change concurrency are: 1 1 1 1 1 1 1 1 1 1 1 1 1 1 1 1 1 1 1 1 1 1 0 0 0 0 0 0 0 0 0 0
1661361170.916373 -- INFO: Active CC: 22
1661361171.799012 -- INFO: Throughput @36.1s:910.0Mbps, rtt :6.96ms cwnd: 174.3 lossRate: 0.0 CC:22 score:0.59 previous_total 4069375000 bytes and current_total 4183125000 bytes
1661361172.803769 -- INFO: Throughput @37.1s:955.0Mbps, rtt :7.66ms cwnd: 183.0 lossRate: 0.0 CC:22 score:0.62 previous_total 4183125000 bytes and current_total 4302500000 bytes
1661361173.798856 -- INFO: Throughput @38.1s:930.0Mbps, rtt :7.44ms cwnd: 183.0 lossRate: 0.0 CC:22 score:0.6 previous_total 4302500000 bytes and current_total 4418750000 bytes
1661361174.434770 -- INFO: score [0.59, 0.62, 0.6] ******
1661361174.436665 -- INFO: action array from actor 0.3353135883808136 and action is 22 ******
1661361174.444167 -- INFO: Process Status Bits from change concurrency are: 1 1 1 1 1 1 1 1 1 1 1 1 1 1 1 1 1 1 1 1 1 1 0 0 0 0 0 0 0 0 0 0
1661361174.450108 -- INFO: Active CC: 22
1661361174.803280 -- INFO: Throughput @39.1s:940.0Mbps, rtt :9.45ms cwnd: 185.8 lossRate: 0.0 CC:22 score:0.61 previous_total 4418750000 bytes and current_total 4536250000 bytes
1661361175.800370 -- INFO: Throughput @40.1s:925.0Mbps, rtt :6.62ms cwnd: 185.8 lossRate: 0.0 CC:22 score:0.6 previous_total 4536250000 bytes and current_total 4651875000 bytes
1661361176.815905 -- INFO: Throughput @41.1s:935.0Mbps, rtt :8.78ms cwnd: 185.8 lossRate: 0.0 CC:22 score:0.6 previous_total 4651875000 bytes and current_total 4768750000 bytes
1661361177.789334 -- INFO: Throughput @42.1s:945.0Mbps, rtt :10.2ms cwnd: 191.3 lossRate: 0.0 CC:22 score:0.61 previous_total 4768750000 bytes and current_total 4886875000 bytes
1661361177.954546 -- INFO: score [0.6, 0.6, 0.61] ******
1661361177.958206 -- INFO: action array from actor 0.3353135883808136 and action is 22 ******
1661361177.977714 -- INFO: Process Status Bits from change concurrency are: 1 1 1 1 1 1 1 1 1 1 1 1 1 1 1 1 1 1 1 1 1 1 0 0 0 0 0 0 0 0 0 0
1661361177.979904 -- INFO: Active CC: 22
1661361178.807918 -- INFO: Throughput @43.1s:920.0Mbps, rtt :9.23ms cwnd: 185.2 lossRate: 0.00045984244345753113 CC:22 score:0.59 previous_total 4886875000 bytes and current_total 5001875000 bytes
1661361179.824260 -- INFO: Throughput @44.1s:945.0Mbps, rtt :7.45ms cwnd: 182.4 lossRate: 1.2312541554827748e-05 CC:22 score:0.61 previous_total 5001875000 bytes and current_total 5120000000 bytes
1661361180.826099 -- INFO: Throughput @45.1s:930.0Mbps, rtt :7.56ms cwnd: 179.5 lossRate: 0.0005575862709869277 CC:22 score:0.6 previous_total 5120000000 bytes and current_total 5236250000 bytes
1661361181.494814 -- INFO: score [0.59, 0.61, 0.6] ******
1661361181.496238 -- INFO: action array from actor 0.3353135883808136 and action is 22 ******
1661361181.506008 -- INFO: Process Status Bits from change concurrency are: 1 1 1 1 1 1 1 1 1 1 1 1 1 1 1 1 1 1 1 1 1 1 0 0 0 0 0 0 0 0 0 0
1661361181.506350 -- INFO: Active CC: 22
1661361181.823110 -- INFO: Throughput @46.1s:930.0Mbps, rtt :10.34ms cwnd: 180.0 lossRate: 0.0 CC:22 score:0.6 previous_total 5236250000 bytes and current_total 5352500000 bytes
1661361182.868197 -- INFO: Throughput @47.1s:940.0Mbps, rtt :9.69ms cwnd: 180.6 lossRate: 0.0 CC:22 score:0.61 previous_total 5352500000 bytes and current_total 5470000000 bytes
1661361183.815708 -- INFO: Throughput @48.1s:920.0Mbps, rtt :8.35ms cwnd: 180.6 lossRate: 0.0 CC:22 score:0.6 previous_total 5470000000 bytes and current_total 5585000000 bytes
1661361184.810904 -- INFO: Throughput @49.1s:935.0Mbps, rtt :8.56ms cwnd: 181.2 lossRate: 0.0 CC:22 score:0.6 previous_total 5585000000 bytes and current_total 5701875000 bytes
1661361185.022844 -- INFO: score [0.61, 0.6, 0.6] ******
1661361185.024473 -- INFO: action array from actor 0.3353135883808136 and action is 22 ******
1661361185.040555 -- INFO: Process Status Bits from change concurrency are: 1 1 1 1 1 1 1 1 1 1 1 1 1 1 1 1 1 1 1 1 1 1 0 0 0 0 0 0 0 0 0 0
1661361185.041779 -- INFO: Active CC: 22
1661361185.829549 -- INFO: Throughput @50.1s:945.0Mbps, rtt :6.61ms cwnd: 181.2 lossRate: 0.0 CC:22 score:0.61 previous_total 5701875000 bytes and current_total 5820000000 bytes
1661361186.851546 -- INFO: Throughput @51.1s:930.0Mbps, rtt :9.14ms cwnd: 181.2 lossRate: 0.0 CC:22 score:0.6 previous_total 5820000000 bytes and current_total 5936250000 bytes
1661361187.819642 -- INFO: Throughput @52.1s:925.0Mbps, rtt :7.22ms cwnd: 181.2 lossRate: 0.0 CC:22 score:0.6 previous_total 5936250000 bytes and current_total 6051875000 bytes
1661361188.542868 -- INFO: score [0.61, 0.6, 0.6] ******
1661361188.544579 -- INFO: action array from actor 0.3353135883808136 and action is 22 ******
1661361188.545024 -- INFO: Process Status Bits from change concurrency are: 1 1 1 1 1 1 1 1 1 1 1 1 1 1 1 1 1 1 1 1 1 1 0 0 0 0 0 0 0 0 0 0
1661361188.553246 -- INFO: Active CC: 22
1661361188.810845 -- INFO: Throughput @53.1s:940.0Mbps, rtt :8.54ms cwnd: 176.7 lossRate: 0.00020097977640999874 CC:22 score:0.61 previous_total 6051875000 bytes and current_total 6169375000 bytes
1661361189.816004 -- INFO: Throughput @54.1s:940.0Mbps, rtt :7.1ms cwnd: 176.7 lossRate: 0.0 CC:22 score:0.61 previous_total 6169375000 bytes and current_total 6286875000 bytes
1661361190.839749 -- INFO: Throughput @55.1s:915.0Mbps, rtt :8.88ms cwnd: 176.7 lossRate: 0.0 CC:22 score:0.59 previous_total 6286875000 bytes and current_total 6401250000 bytes
1661361191.817899 -- INFO: Throughput @56.1s:935.0Mbps, rtt :7.55ms cwnd: 180.5 lossRate: 0.0 CC:22 score:0.6 previous_total 6401250000 bytes and current_total 6518125000 bytes
1661361192.059832 -- INFO: score [0.61, 0.59, 0.6] ******
1661361192.064147 -- INFO: action array from actor 0.3353135883808136 and action is 22 ******
1661361192.076376 -- INFO: Process Status Bits from change concurrency are: 1 1 1 1 1 1 1 1 1 1 1 1 1 1 1 1 1 1 1 1 1 1 0 0 0 0 0 0 0 0 0 0
1661361192.076938 -- INFO: Active CC: 22
1661361192.835748 -- INFO: Throughput @57.1s:950.0Mbps, rtt :7.72ms cwnd: 180.5 lossRate: 0.0 CC:22 score:0.61 previous_total 6518125000 bytes and current_total 6636875000 bytes
1661361193.835678 -- INFO: Throughput @58.1s:935.0Mbps, rtt :7.49ms cwnd: 180.8 lossRate: 4.966476285075739e-05 CC:22 score:0.6 previous_total 6636875000 bytes and current_total 6753750000 bytes
1661361194.819305 -- INFO: Throughput @59.1s:925.0Mbps, rtt :8.95ms cwnd: 180.8 lossRate: 0.0 CC:22 score:0.6 previous_total 6753750000 bytes and current_total 6869375000 bytes
1661361195.578017 -- INFO: score [0.61, 0.6, 0.6] ******
1661361195.579567 -- INFO: action array from actor 0.3353135883808136 and action is 22 ******
1661361195.586460 -- INFO: Process Status Bits from change concurrency are: 1 1 1 1 1 1 1 1 1 1 1 1 1 1 1 1 1 1 1 1 1 1 0 0 0 0 0 0 0 0 0 0
1661361195.587137 -- INFO: Active CC: 22
1661361195.826899 -- INFO: Throughput @60.1s:945.0Mbps, rtt :6.95ms cwnd: 178.1 lossRate: 0.00018466311292764898 CC:22 score:0.61 previous_total 6869375000 bytes and current_total 6987500000 bytes
1661361196.827346 -- INFO: Throughput @61.1s:935.0Mbps, rtt :6.82ms cwnd: 178.1 lossRate: 0.0 CC:22 score:0.6 previous_total 6987500000 bytes and current_total 7104375000 bytes
1661361197.823045 -- INFO: Throughput @62.1s:930.0Mbps, rtt :8.97ms cwnd: 179.5 lossRate: 3.7424215962675585e-05 CC:22 score:0.6 previous_total 7104375000 bytes and current_total 7220625000 bytes
1661361198.828362 -- INFO: Throughput @63.1s:910.0Mbps, rtt :12.9ms cwnd: 179.5 lossRate: 0.0 CC:22 score:0.59 previous_total 7220625000 bytes and current_total 7334375000 bytes
1661361199.104189 -- INFO: score [0.6, 0.6, 0.59] ******
1661361199.106458 -- INFO: action array from actor 0.3353135883808136 and action is 22 ******
1661361199.134392 -- INFO: Process Status Bits from change concurrency are: 1 1 1 1 1 1 1 1 1 1 1 1 1 1 1 1 1 1 1 1 1 1 0 0 0 0 0 0 0 0 0 0
1661361199.135306 -- INFO: Active CC: 22
1661361199.820333 -- INFO: Throughput @64.1s:680.0Mbps, rtt :10.73ms cwnd: 113.9 lossRate: 0.005456128470542711 CC:22 score:0.4 previous_total 7334375000 bytes and current_total 7419375000 bytes
1661361200.799586 -- INFO: Throughput @65.1s:605.0Mbps, rtt :10.26ms cwnd: 104.3 lossRate: 0.0011972757070796286 CC:22 score:0.38 previous_total 7419375000 bytes and current_total 7495000000 bytes
1661361201.805176 -- INFO: Throughput @66.1s:605.0Mbps, rtt :10.19ms cwnd: 100.8 lossRate: 0.00040478806453478285 CC:22 score:0.39 previous_total 7495000000 bytes and current_total 7570625000 bytes
1661361202.636427 -- INFO: score [0.4, 0.38, 0.39] ******
1661361202.638208 -- INFO: action array from actor 0.3353135883808136 and action is 22 ******
1661361202.651558 -- INFO: Process Status Bits from change concurrency are: 1 1 1 1 1 1 1 1 1 1 1 1 1 1 1 1 1 1 1 1 1 1 0 0 0 0 0 0 0 0 0 0
1661361202.652527 -- INFO: Active CC: 22
1661361202.800787 -- INFO: Throughput @67.1s:595.0Mbps, rtt :9.08ms cwnd: 95.4 lossRate: 0.0007750886507644312 CC:22 score:0.38 previous_total 7570625000 bytes and current_total 7645000000 bytes
1661361203.816861 -- INFO: Throughput @68.1s:610.0Mbps, rtt :9.64ms cwnd: 94.8 lossRate: 0.00011451037273126324 CC:22 score:0.39 previous_total 7645000000 bytes and current_total 7721250000 bytes
1661361204.808991 -- INFO: Throughput @69.1s:580.0Mbps, rtt :10.02ms cwnd: 92.0 lossRate: 0.0004093248089817558 CC:22 score:0.37 previous_total 7721250000 bytes and current_total 7793750000 bytes
1661361205.804434 -- INFO: Throughput @70.1s:595.0Mbps, rtt :9.28ms cwnd: 85.8 lossRate: 0.0009125859189934372 CC:22 score:0.38 previous_total 7793750000 bytes and current_total 7868125000 bytes
1661361206.153571 -- INFO: score [0.39, 0.37, 0.38] ******
1661361206.155146 -- INFO: action array from actor 0.3353135883808136 and action is 22 ******
1661361206.156963 -- INFO: Process Status Bits from change concurrency are: 1 1 1 1 1 1 1 1 1 1 1 1 1 1 1 1 1 1 1 1 1 1 0 0 0 0 0 0 0 0 0 0
1661361206.158189 -- INFO: Active CC: 22
1661361206.805971 -- INFO: Throughput @71.1s:625.0Mbps, rtt :9.3ms cwnd: 84.0 lossRate: 0.00028982146997449574 CC:22 score:0.4 previous_total 7868125000 bytes and current_total 7946250000 bytes
1661361207.840712 -- INFO: Throughput @72.1s:590.0Mbps, rtt :8.84ms cwnd: 84.3 lossRate: 0.0 CC:22 score:0.38 previous_total 7946250000 bytes and current_total 8020000000 bytes
1661361208.807245 -- INFO: Throughput @73.1s:590.0Mbps, rtt :8.66ms cwnd: 82.4 lossRate: 1.9975629731727292e-05 CC:22 score:0.38 previous_total 8020000000 bytes and current_total 8093750000 bytes
1661361209.659355 -- INFO: score [0.4, 0.38, 0.38] ******
1661361209.661057 -- INFO: action array from actor 0.3353135883808136 and action is 22 ******
1661361209.662716 -- INFO: Process Status Bits from change concurrency are: 1 1 1 1 1 1 1 1 1 1 1 1 1 1 1 1 1 1 1 1 1 1 0 0 0 0 0 0 0 0 0 0
1661361209.664031 -- INFO: Active CC: 22
1661361209.824021 -- INFO: Throughput @74.1s:615.0Mbps, rtt :8.78ms cwnd: 82.4 lossRate: 0.0 CC:22 score:0.4 previous_total 8093750000 bytes and current_total 8170625000 bytes
1661361210.812667 -- INFO: Throughput @75.1s:595.0Mbps, rtt :8.93ms cwnd: 81.2 lossRate: 0.00019565259924478096 CC:22 score:0.38 previous_total 8170625000 bytes and current_total 8245000000 bytes
1661361211.817048 -- INFO: Throughput @76.1s:590.0Mbps, rtt :8.44ms cwnd: 78.6 lossRate: 0.0004230687871387089 CC:22 score:0.38 previous_total 8245000000 bytes and current_total 8318750000 bytes
1661361212.812401 -- INFO: Throughput @77.1s:610.0Mbps, rtt :8.92ms cwnd: 78.6 lossRate: 0.0 CC:22 score:0.39 previous_total 8318750000 bytes and current_total 8395000000 bytes
1661361213.165068 -- INFO: score [0.38, 0.38, 0.39] ******
1661361213.166989 -- INFO: action array from actor 0.3353135883808136 and action is 22 ******
1661361213.168565 -- INFO: Process Status Bits from change concurrency are: 1 1 1 1 1 1 1 1 1 1 1 1 1 1 1 1 1 1 1 1 1 1 0 0 0 0 0 0 0 0 0 0
1661361213.169809 -- INFO: Active CC: 22
1661361213.815845 -- INFO: Throughput @78.1s:590.0Mbps, rtt :8.92ms cwnd: 78.6 lossRate: 0.0 CC:22 score:0.38 previous_total 8395000000 bytes and current_total 8468750000 bytes
1661361214.824567 -- INFO: Throughput @79.1s:610.0Mbps, rtt :8.69ms cwnd: 74.7 lossRate: 0.0005365012454493198 CC:22 score:0.39 previous_total 8468750000 bytes and current_total 8545000000 bytes
1661361215.816236 -- INFO: Throughput @80.1s:610.0Mbps, rtt :8.41ms cwnd: 74.7 lossRate: 0.0 CC:22 score:0.39 previous_total 8545000000 bytes and current_total 8621250000 bytes
1661361216.670978 -- INFO: score [0.38, 0.39, 0.39] ******
1661361216.672581 -- INFO: action array from actor 0.3353135883808136 and action is 22 ******
1661361216.673670 -- INFO: Process Status Bits from change concurrency are: 1 1 1 1 1 1 1 1 1 1 1 1 1 1 1 1 1 1 1 1 1 1 0 0 0 0 0 0 0 0 0 0
1661361216.674663 -- INFO: Active CC: 22
1661361216.815242 -- INFO: Throughput @81.1s:580.0Mbps, rtt :8.5ms cwnd: 74.7 lossRate: 0.0 CC:22 score:0.38 previous_total 8621250000 bytes and current_total 8693750000 bytes
1661361217.823067 -- INFO: Throughput @82.1s:605.0Mbps, rtt :8.22ms cwnd: 71.5 lossRate: 0.0001727347753488283 CC:22 score:0.39 previous_total 8693750000 bytes and current_total 8769375000 bytes
1661361218.819628 -- INFO: Throughput @83.1s:600.0Mbps, rtt :7.9ms cwnd: 71.5 lossRate: 0.0 CC:22 score:0.39 previous_total 8769375000 bytes and current_total 8844375000 bytes
1661361219.827556 -- INFO: Throughput @84.1s:600.0Mbps, rtt :8.04ms cwnd: 69.6 lossRate: 0.0003456420300708566 CC:22 score:0.39 previous_total 8844375000 bytes and current_total 8919375000 bytes
1661361220.175727 -- INFO: score [0.39, 0.39, 0.39] ******
1661361220.177407 -- INFO: action array from actor 0.3353135883808136 and action is 22 ******
1661361220.178995 -- INFO: Process Status Bits from change concurrency are: 1 1 1 1 1 1 1 1 1 1 1 1 1 1 1 1 1 1 1 1 1 1 0 0 0 0 0 0 0 0 0 0
1661361220.180367 -- INFO: Active CC: 22
1661361220.821477 -- INFO: Throughput @85.1s:585.0Mbps, rtt :8.74ms cwnd: 69.6 lossRate: 0.0 CC:22 score:0.38 previous_total 8919375000 bytes and current_total 8992500000 bytes
1661361221.820451 -- INFO: Throughput @86.1s:610.0Mbps, rtt :8.03ms cwnd: 69.6 lossRate: 0.0 CC:22 score:0.39 previous_total 8992500000 bytes and current_total 9068750000 bytes
1661361222.853632 -- INFO: Throughput @87.1s:610.0Mbps, rtt :7.83ms cwnd: 69.6 lossRate: 0.0 CC:22 score:0.39 previous_total 9068750000 bytes and current_total 9145000000 bytes
1661361223.681651 -- INFO: score [0.38, 0.39, 0.39] ******
1661361223.683925 -- INFO: action array from actor 0.3353135883808136 and action is 22 ******
1661361223.685811 -- INFO: Process Status Bits from change concurrency are: 1 1 1 1 1 1 1 1 1 1 1 1 1 1 1 1 1 1 1 1 1 1 0 0 0 0 0 0 0 0 0 0
1661361223.686601 -- INFO: Active CC: 22
1661361223.822330 -- INFO: Throughput @88.1s:570.0Mbps, rtt :8.55ms cwnd: 69.6 lossRate: 0.0 CC:22 score:0.37 previous_total 9145000000 bytes and current_total 9216250000 bytes
1661361224.832247 -- INFO: Throughput @89.1s:635.0Mbps, rtt :8.11ms cwnd: 68.8 lossRate: 1.91508512553383e-05 CC:22 score:0.41 previous_total 9216250000 bytes and current_total 9295625000 bytes
1661361225.823929 -- INFO: Throughput @90.1s:590.0Mbps, rtt :8.11ms cwnd: 68.8 lossRate: 0.0 CC:22 score:0.38 previous_total 9295625000 bytes and current_total 9369375000 bytes
1661361226.824142 -- INFO: Throughput @91.1s:585.0Mbps, rtt :8.48ms cwnd: 69.3 lossRate: 0.0 CC:22 score:0.38 previous_total 9369375000 bytes and current_total 9442500000 bytes
1661361227.187809 -- INFO: score [0.41, 0.38, 0.38] ******
1661361227.189783 -- INFO: action array from actor 0.3353135883808136 and action is 22 ******
1661361227.190905 -- INFO: Process Status Bits from change concurrency are: 1 1 1 1 1 1 1 1 1 1 1 1 1 1 1 1 1 1 1 1 1 1 0 0 0 0 0 0 0 0 0 0
1661361227.192051 -- INFO: Active CC: 22
1661361227.845878 -- INFO: Throughput @92.1s:615.0Mbps, rtt :7.94ms cwnd: 68.8 lossRate: 7.572028925150494e-05 CC:22 score:0.4 previous_total 9442500000 bytes and current_total 9519375000 bytes
1661361228.827075 -- INFO: Throughput @93.1s:585.0Mbps, rtt :8.05ms cwnd: 69.0 lossRate: 0.0 CC:22 score:0.38 previous_total 9519375000 bytes and current_total 9592500000 bytes
1661361229.829633 -- INFO: Throughput @94.1s:605.0Mbps, rtt :8.04ms cwnd: 69.0 lossRate: 0.0 CC:22 score:0.39 previous_total 9592500000 bytes and current_total 9668125000 bytes
1661361230.693125 -- INFO: score [0.4, 0.38, 0.39] ******
1661361230.695004 -- INFO: action array from actor 0.3353135883808136 and action is 22 ******
1661361230.696978 -- INFO: Process Status Bits from change concurrency are: 1 1 1 1 1 1 1 1 1 1 1 1 1 1 1 1 1 1 1 1 1 1 0 0 0 0 0 0 0 0 0 0
1661361230.697987 -- INFO: Active CC: 22
1661361230.828685 -- INFO: Throughput @95.1s:600.0Mbps, rtt :8.11ms cwnd: 69.0 lossRate: 0.0 CC:22 score:0.39 previous_total 9668125000 bytes and current_total 9743125000 bytes
1661361231.832983 -- INFO: Throughput @96.1s:615.0Mbps, rtt :7.66ms cwnd: 69.0 lossRate: 0.0 CC:22 score:0.4 previous_total 9743125000 bytes and current_total 9820000000 bytes
1661361232.857488 -- INFO: Throughput @97.1s:585.0Mbps, rtt :8.29ms cwnd: 69.0 lossRate: 0.0 CC:22 score:0.38 previous_total 9820000000 bytes and current_total 9893125000 bytes
1661361233.849075 -- INFO: Throughput @98.2s:550.0Mbps, rtt :7.84ms cwnd: 69.0 lossRate: 0.0 CC:22 score:0.36 previous_total 9893125000 bytes and current_total 9968750000 bytes
1661361234.199349 -- INFO: score [0.4, 0.38, 0.36] ******
1661361234.203035 -- INFO: action array from actor 0.33531278371810913 and action is 22 ******
1661361234.205366 -- INFO: Process Status Bits from change concurrency are: 1 1 1 1 1 1 1 1 1 1 1 1 1 1 1 1 1 1 1 1 1 1 0 0 0 0 0 0 0 0 0 0
1661361234.206683 -- INFO: Active CC: 22
1661361234.840742 -- INFO: Throughput @99.2s:605.0Mbps, rtt :7.85ms cwnd: 67.0 lossRate: 0.0001755344047433297 CC:22 score:0.39 previous_total 9968750000 bytes and current_total 10044375000 bytes
1661361235.852161 -- INFO: Throughput @100.2s:580.0Mbps, rtt :8.06ms cwnd: 67.0 lossRate: 0.0 CC:22 score:0.38 previous_total 10044375000 bytes and current_total 10116875000 bytes
1661361236.841603 -- INFO: Throughput @101.2s:605.0Mbps, rtt :7.94ms cwnd: 67.0 lossRate: 0.0 CC:22 score:0.39 previous_total 10116875000 bytes and current_total 10192500000 bytes
1661361237.707861 -- INFO: score [0.39, 0.38, 0.39] ******
1661361237.709695 -- INFO: action array from actor 0.3353135883808136 and action is 22 ******
1661361237.711705 -- INFO: Process Status Bits from change concurrency are: 1 1 1 1 1 1 1 1 1 1 1 1 1 1 1 1 1 1 1 1 1 1 0 0 0 0 0 0 0 0 0 0
1661361237.713047 -- INFO: Active CC: 22
1661361237.848862 -- INFO: Throughput @102.2s:615.0Mbps, rtt :7.97ms cwnd: 67.0 lossRate: 0.0 CC:22 score:0.4 previous_total 10192500000 bytes and current_total 10269375000 bytes
1661361238.852503 -- INFO: Throughput @103.2s:585.0Mbps, rtt :7.82ms cwnd: 67.0 lossRate: 0.0 CC:22 score:0.38 previous_total 10269375000 bytes and current_total 10342500000 bytes
1661361239.878123 -- INFO: Throughput @104.2s:600.0Mbps, rtt :7.91ms cwnd: 67.0 lossRate: 0.0 CC:22 score:0.39 previous_total 10342500000 bytes and current_total 10417500000 bytes
1661361240.869440 -- INFO: Throughput @105.2s:610.0Mbps, rtt :7.56ms cwnd: 65.1 lossRate: 1.9668390928938105e-05 CC:22 score:0.39 previous_total 10417500000 bytes and current_total 10493750000 bytes
1661361241.214108 -- INFO: score [0.38, 0.39, 0.39] ******
1661361241.215838 -- INFO: action array from actor 0.3353135883808136 and action is 22 ******
1661361241.217618 -- INFO: Process Status Bits from change concurrency are: 1 1 1 1 1 1 1 1 1 1 1 1 1 1 1 1 1 1 1 1 1 1 0 0 0 0 0 0 0 0 0 0
1661361241.218957 -- INFO: Active CC: 22
1661361241.857866 -- INFO: Throughput @106.2s:585.0Mbps, rtt :7.57ms cwnd: 65.1 lossRate: 0.0 CC:22 score:0.38 previous_total 10493750000 bytes and current_total 10566875000 bytes
1661361242.864333 -- INFO: Throughput @107.2s:610.0Mbps, rtt :8.14ms cwnd: 65.1 lossRate: 0.0 CC:22 score:0.39 previous_total 10566875000 bytes and current_total 10643125000 bytes
1661361243.847448 -- INFO: Throughput @108.2s:610.0Mbps, rtt :7.83ms cwnd: 65.1 lossRate: 0.0 CC:22 score:0.39 previous_total 10643125000 bytes and current_total 10719375000 bytes
1661361244.720216 -- INFO: score [0.38, 0.39, 0.39] ******
1661361244.721937 -- INFO: action array from actor 0.3353135883808136 and action is 22 ******
1661361244.723984 -- INFO: Process Status Bits from change concurrency are: 1 1 1 1 1 1 1 1 1 1 1 1 1 1 1 1 1 1 1 1 1 1 0 0 0 0 0 0 0 0 0 0
1661361244.725267 -- INFO: Active CC: 22
1661361244.848592 -- INFO: Throughput @109.2s:565.0Mbps, rtt :8.3ms cwnd: 65.1 lossRate: 0.0 CC:22 score:0.37 previous_total 10719375000 bytes and current_total 10790000000 bytes
1661361245.877572 -- INFO: Throughput @110.2s:630.0Mbps, rtt :8.41ms cwnd: 65.1 lossRate: 0.0 CC:22 score:0.41 previous_total 10790000000 bytes and current_total 10868750000 bytes
1661361246.871965 -- INFO: Throughput @111.2s:595.0Mbps, rtt :8.11ms cwnd: 65.1 lossRate: 0.0 CC:22 score:0.38 previous_total 10868750000 bytes and current_total 10943125000 bytes
1661361247.868149 -- INFO: Throughput @112.2s:590.0Mbps, rtt :8.38ms cwnd: 65.1 lossRate: 0.0 CC:22 score:0.38 previous_total 10943125000 bytes and current_total 11016875000 bytes
1661361248.226593 -- INFO: score [0.41, 0.38, 0.38] ******
1661361248.229892 -- INFO: action array from actor 0.3353135883808136 and action is 22 ******
1661361248.231840 -- INFO: Process Status Bits from change concurrency are: 1 1 1 1 1 1 1 1 1 1 1 1 1 1 1 1 1 1 1 1 1 1 0 0 0 0 0 0 0 0 0 0
1661361248.233273 -- INFO: Active CC: 22
1661361248.880082 -- INFO: Throughput @113.2s:630.0Mbps, rtt :6.8ms cwnd: 69.8 lossRate: 0.0 CC:22 score:0.41 previous_total 11016875000 bytes and current_total 11095625000 bytes
1661361249.872715 -- INFO: Throughput @114.2s:890.0Mbps, rtt :7.11ms cwnd: 80.0 lossRate: 0.0 CC:22 score:0.58 previous_total 11095625000 bytes and current_total 11206875000 bytes
1661361250.933985 -- INFO: Throughput @115.2s:890.0Mbps, rtt :7.69ms cwnd: 103.2 lossRate: 2.3373496791987564e-05 CC:22 score:0.58 previous_total 11206875000 bytes and current_total 11318125000 bytes
1661361251.734395 -- INFO: score [0.41, 0.58, 0.58] ******
1661361251.738272 -- INFO: action array from actor 0.5493521094322205 and action is 25 ******
1661361251.742660 -- INFO: Process Status Bits from change concurrency are: 1 1 1 1 1 1 1 1 1 1 1 1 1 1 1 1 1 1 1 1 1 1 1 1 1 0 0 0 0 0 0 0
1661361251.746658 -- INFO: Active CC: 25
1661361251.767156 -- INFO: Start Process :: 22
1661361251.769351 -- INFO: Process 22 found Queue Empty : False
1661361251.769616 -- INFO: Process 22 get item 22 from queue and executing
1661361251.769862 -- INFO: starting 22, 22, /home/hjamil/Documents/files_bash/FILE9
1661361251.787392 -- INFO: Start Process :: 23
1661361251.789229 -- INFO: Process 23 found Queue Empty : False
1661361251.789637 -- INFO: Process 23 get item 23 from queue and executing
1661361251.789893 -- INFO: starting 23, 23, /home/hjamil/Documents/files_bash/FILE10
1661361251.809777 -- INFO: Start Process :: 24
1661361251.812663 -- INFO: Process 24 found Queue Empty : False
1661361251.812946 -- INFO: Process 24 get item 24 from queue and executing
1661361251.813239 -- INFO: starting 24, 24, /home/hjamil/Documents/files_bash/FILE12
1661361251.891881 -- INFO: Throughput @116.2s:920.0Mbps, rtt :6.71ms cwnd: 104.6 lossRate: 0.0 CC:25 score:0.56 previous_total 11318125000 bytes and current_total 11433125000 bytes
1661361252.899478 -- INFO: Throughput @117.2s:990.0Mbps, rtt :7.75ms cwnd: 107.5 lossRate: 0.0002592400562921265 CC:25 score:0.6 previous_total 11433125000 bytes and current_total 11556875000 bytes
1661361253.889858 -- INFO: Throughput @118.2s:940.0Mbps, rtt :7.03ms cwnd: 107.8 lossRate: 0.0 CC:25 score:0.57 previous_total 11556875000 bytes and current_total 11674375000 bytes
1661361254.888031 -- INFO: Throughput @119.2s:930.0Mbps, rtt :8.17ms cwnd: 111.4 lossRate: 0.0 CC:25 score:0.57 previous_total 11674375000 bytes and current_total 11790625000 bytes
1661361255.247830 -- INFO: score [0.6, 0.57, 0.57] ******
1661361255.249422 -- INFO: action array from actor 0.3353135883808136 and action is 22 ******
1661361255.251114 -- INFO: Process Status Bits from change concurrency are: 1 1 1 1 1 1 1 1 1 1 1 1 1 1 1 1 1 1 1 1 1 1 0 0 0 0 0 0 0 0 0 0
1661361255.252293 -- INFO: Active CC: 22
1661361255.253503 -- INFO: Process 22 found Queue Full : False
1661361255.254570 -- INFO: Process 24 found Queue Full : False
1661361255.301482 -- INFO: Process 23 found Queue Full : False
1661361255.906747 -- INFO: Throughput @120.2s:920.0Mbps, rtt :8.27ms cwnd: 116.7 lossRate: 0.00037190173043687516 CC:22 score:0.59 previous_total 11790625000 bytes and current_total 11905625000 bytes
1661361256.885041 -- INFO: Throughput @121.2s:890.0Mbps, rtt :7.41ms cwnd: 125.8 lossRate: 0.0 CC:22 score:0.58 previous_total 11905625000 bytes and current_total 12016875000 bytes
1661361257.896561 -- INFO: Throughput @122.2s:950.0Mbps, rtt :7.77ms cwnd: 128.7 lossRate: 0.0 CC:22 score:0.61 previous_total 12016875000 bytes and current_total 12135625000 bytes
1661361258.758735 -- INFO: score [0.59, 0.58, 0.61] ******
1661361258.760195 -- INFO: action array from actor 0.3353135883808136 and action is 22 ******
1661361258.774285 -- INFO: Process Status Bits from change concurrency are: 1 1 1 1 1 1 1 1 1 1 1 1 1 1 1 1 1 1 1 1 1 1 0 0 0 0 0 0 0 0 0 0
1661361258.774934 -- INFO: Active CC: 22
1661361258.883700 -- INFO: Throughput @123.2s:920.0Mbps, rtt :8.46ms cwnd: 134.0 lossRate: 0.0 CC:22 score:0.6 previous_total 12135625000 bytes and current_total 12250625000 bytes
1661361259.889780 -- INFO: Throughput @124.2s:935.0Mbps, rtt :8.05ms cwnd: 141.8 lossRate: 0.0 CC:22 score:0.6 previous_total 12250625000 bytes and current_total 12367500000 bytes
1661361260.900908 -- INFO: Throughput @125.2s:930.0Mbps, rtt :9.02ms cwnd: 144.4 lossRate: 0.0 CC:22 score:0.6 previous_total 12367500000 bytes and current_total 12483750000 bytes
1661361261.899886 -- INFO: Throughput @126.2s:950.0Mbps, rtt :5.32ms cwnd: 146.6 lossRate: 0.0 CC:22 score:0.61 previous_total 12483750000 bytes and current_total 12602500000 bytes
1661361262.283973 -- INFO: score [0.6, 0.6, 0.61] ******
1661361262.286876 -- INFO: action array from actor 0.3353135883808136 and action is 22 ******
1661361262.290733 -- INFO: Process Status Bits from change concurrency are: 1 1 1 1 1 1 1 1 1 1 1 1 1 1 1 1 1 1 1 1 1 1 0 0 0 0 0 0 0 0 0 0
1661361262.291396 -- INFO: Active CC: 22
1661361262.927745 -- INFO: Throughput @127.2s:930.0Mbps, rtt :7.5ms cwnd: 147.1 lossRate: 0.0 CC:22 score:0.6 previous_total 12602500000 bytes and current_total 12718750000 bytes
1661361263.927400 -- INFO: Throughput @128.2s:920.0Mbps, rtt :7.99ms cwnd: 147.5 lossRate: 0.0 CC:22 score:0.6 previous_total 12718750000 bytes and current_total 12833750000 bytes
1661361264.888285 -- INFO: Throughput @129.2s:955.0Mbps, rtt :7.84ms cwnd: 148.2 lossRate: 0.0 CC:22 score:0.62 previous_total 12833750000 bytes and current_total 12953125000 bytes
1661361265.792351 -- INFO: score [0.6, 0.6, 0.62] ******
1661361265.793899 -- INFO: action array from actor 0.3353135883808136 and action is 22 ******
1661361265.794508 -- INFO: Process Status Bits from change concurrency are: 1 1 1 1 1 1 1 1 1 1 1 1 1 1 1 1 1 1 1 1 1 1 0 0 0 0 0 0 0 0 0 0
1661361265.795014 -- INFO: Active CC: 22
1661361265.887962 -- INFO: Throughput @130.2s:920.0Mbps, rtt :7.07ms cwnd: 149.4 lossRate: 0.0 CC:22 score:0.6 previous_total 12953125000 bytes and current_total 13068125000 bytes
1661361266.889859 -- INFO: Throughput @131.2s:935.0Mbps, rtt :7.3ms cwnd: 157.2 lossRate: 0.0 CC:22 score:0.6 previous_total 13068125000 bytes and current_total 13185000000 bytes
1661361267.894505 -- INFO: Throughput @132.2s:940.0Mbps, rtt :9.16ms cwnd: 161.2 lossRate: 0.0 CC:22 score:0.61 previous_total 13185000000 bytes and current_total 13302500000 bytes
1661361268.888732 -- INFO: Throughput @133.2s:925.0Mbps, rtt :8.51ms cwnd: 162.3 lossRate: 0.0 CC:22 score:0.6 previous_total 13302500000 bytes and current_total 13418125000 bytes
1661361269.306736 -- INFO: score [0.6, 0.61, 0.6] ******
1661361269.308247 -- INFO: action array from actor 0.3353135883808136 and action is 22 ******
1661361269.308586 -- INFO: Process Status Bits from change concurrency are: 1 1 1 1 1 1 1 1 1 1 1 1 1 1 1 1 1 1 1 1 1 1 0 0 0 0 0 0 0 0 0 0
1661361269.308928 -- INFO: Active CC: 22
1661361269.892105 -- INFO: Throughput @134.2s:945.0Mbps, rtt :9.76ms cwnd: 165.1 lossRate: 0.0 CC:22 score:0.61 previous_total 13418125000 bytes and current_total 13536250000 bytes
1661361270.899571 -- INFO: Throughput @135.2s:925.0Mbps, rtt :9.17ms cwnd: 165.1 lossRate: 0.0 CC:22 score:0.6 previous_total 13536250000 bytes and current_total 13651875000 bytes
1661361271.891516 -- INFO: Throughput @136.2s:930.0Mbps, rtt :8.62ms cwnd: 168.5 lossRate: 0.0 CC:22 score:0.6 previous_total 13651875000 bytes and current_total 13768125000 bytes
1661361272.815096 -- INFO: score [0.61, 0.6, 0.6] ******
1661361272.816611 -- INFO: action array from actor 0.3353135883808136 and action is 22 ******
1661361272.816957 -- INFO: Process Status Bits from change concurrency are: 1 1 1 1 1 1 1 1 1 1 1 1 1 1 1 1 1 1 1 1 1 1 0 0 0 0 0 0 0 0 0 0
1661361272.817245 -- INFO: Active CC: 22
1661361272.908562 -- INFO: Throughput @137.2s:950.0Mbps, rtt :9.41ms cwnd: 168.5 lossRate: 0.0 CC:22 score:0.61 previous_total 13768125000 bytes and current_total 13886875000 bytes
1661361273.891714 -- INFO: Throughput @138.2s:930.0Mbps, rtt :8.97ms cwnd: 171.8 lossRate: 0.0 CC:22 score:0.6 previous_total 13886875000 bytes and current_total 14003125000 bytes
1661361274.915290 -- INFO: Throughput @139.2s:915.0Mbps, rtt :7.59ms cwnd: 171.8 lossRate: 0.0 CC:22 score:0.59 previous_total 14003125000 bytes and current_total 14117500000 bytes
1661361275.908671 -- INFO: Throughput @140.2s:945.0Mbps, rtt :8.79ms cwnd: 171.9 lossRate: 0.0 CC:22 score:0.61 previous_total 14117500000 bytes and current_total 14235625000 bytes
1661361276.334884 -- INFO: score [0.6, 0.59, 0.61] ******
1661361276.337131 -- INFO: action array from actor 0.3353135883808136 and action is 22 ******
1661361276.338009 -- INFO: Process Status Bits from change concurrency are: 1 1 1 1 1 1 1 1 1 1 1 1 1 1 1 1 1 1 1 1 1 1 0 0 0 0 0 0 0 0 0 0
1661361276.338663 -- INFO: Active CC: 22
1661361276.915889 -- INFO: Throughput @141.2s:935.0Mbps, rtt :7.39ms cwnd: 171.9 lossRate: 0.0 CC:22 score:0.6 previous_total 14235625000 bytes and current_total 14352500000 bytes
1661361277.935804 -- INFO: Throughput @142.2s:945.0Mbps, rtt :8.31ms cwnd: 171.9 lossRate: 0.0 CC:22 score:0.61 previous_total 14352500000 bytes and current_total 14470625000 bytes
1661361278.911768 -- INFO: Throughput @143.2s:910.0Mbps, rtt :9.22ms cwnd: 172.0 lossRate: 0.0 CC:22 score:0.59 previous_total 14470625000 bytes and current_total 14584375000 bytes
1661361279.839917 -- INFO: score [0.6, 0.61, 0.59] ******
1661361279.841658 -- INFO: action array from actor 0.3353135883808136 and action is 22 ******
1661361279.858743 -- INFO: Process Status Bits from change concurrency are: 1 1 1 1 1 1 1 1 1 1 1 1 1 1 1 1 1 1 1 1 1 1 0 0 0 0 0 0 0 0 0 0
1661361279.859393 -- INFO: Active CC: 22
1661361279.896194 -- INFO: Throughput @144.2s:940.0Mbps, rtt :8.29ms cwnd: 172.0 lossRate: 0.0 CC:22 score:0.61 previous_total 14584375000 bytes and current_total 14701875000 bytes
1661361280.907775 -- INFO: Throughput @145.2s:945.0Mbps, rtt :8.26ms cwnd: 168.1 lossRate: 0.0003939819260791411 CC:22 score:0.61 previous_total 14701875000 bytes and current_total 14820000000 bytes
1661361281.908781 -- INFO: Throughput @146.2s:925.0Mbps, rtt :9.18ms cwnd: 168.2 lossRate: 0.0 CC:22 score:0.6 previous_total 14820000000 bytes and current_total 14935625000 bytes
1661361282.919174 -- INFO: Throughput @147.2s:945.0Mbps, rtt :10.09ms cwnd: 168.2 lossRate: 0.0 CC:22 score:0.61 previous_total 14935625000 bytes and current_total 15053750000 bytes
1661361283.361168 -- INFO: score [0.61, 0.6, 0.61] ******
1661361283.362653 -- INFO: action array from actor 0.3353135883808136 and action is 22 ******
1661361283.377238 -- INFO: Process Status Bits from change concurrency are: 1 1 1 1 1 1 1 1 1 1 1 1 1 1 1 1 1 1 1 1 1 1 0 0 0 0 0 0 0 0 0 0
1661361283.377880 -- INFO: Active CC: 22
1661361283.911139 -- INFO: Throughput @148.2s:920.0Mbps, rtt :7.86ms cwnd: 168.2 lossRate: 0.0 CC:22 score:0.6 previous_total 15053750000 bytes and current_total 15168750000 bytes
1661361284.924011 -- INFO: Throughput @149.2s:930.0Mbps, rtt :9.36ms cwnd: 168.3 lossRate: 0.0 CC:22 score:0.6 previous_total 15168750000 bytes and current_total 15285000000 bytes
1661361285.920094 -- INFO: Throughput @150.2s:945.0Mbps, rtt :8.33ms cwnd: 168.3 lossRate: 0.0 CC:22 score:0.61 previous_total 15285000000 bytes and current_total 15403125000 bytes
1661361286.878986 -- INFO: score [0.6, 0.6, 0.61] ******
1661361286.880637 -- INFO: action array from actor 0.3353135883808136 and action is 22 ******
1661361286.884706 -- INFO: Process Status Bits from change concurrency are: 1 1 1 1 1 1 1 1 1 1 1 1 1 1 1 1 1 1 1 1 1 1 0 0 0 0 0 0 0 0 0 0
1661361286.885395 -- INFO: Active CC: 22
1661361286.903622 -- INFO: Throughput @151.2s:930.0Mbps, rtt :8.03ms cwnd: 168.3 lossRate: 0.0 CC:22 score:0.6 previous_total 15403125000 bytes and current_total 15519375000 bytes
1661361287.911489 -- INFO: Throughput @152.2s:930.0Mbps, rtt :8.85ms cwnd: 168.3 lossRate: 0.0 CC:22 score:0.6 previous_total 15519375000 bytes and current_total 15635625000 bytes
1661361288.939767 -- INFO: Throughput @153.2s:940.0Mbps, rtt :8.3ms cwnd: 168.3 lossRate: 0.0 CC:22 score:0.61 previous_total 15635625000 bytes and current_total 15753125000 bytes
1661361289.940268 -- INFO: Throughput @154.2s:930.0Mbps, rtt :7.27ms cwnd: 168.3 lossRate: 0.0 CC:22 score:0.6 previous_total 15753125000 bytes and current_total 15869375000 bytes
1661361290.391415 -- INFO: score [0.6, 0.61, 0.6] ******
1661361290.393101 -- INFO: action array from actor 0.3353135883808136 and action is 22 ******
1661361290.398027 -- INFO: Process Status Bits from change concurrency are: 1 1 1 1 1 1 1 1 1 1 1 1 1 1 1 1 1 1 1 1 1 1 0 0 0 0 0 0 0 0 0 0
1661361290.399422 -- INFO: Active CC: 22
1661361290.909322 -- INFO: Throughput @155.2s:925.0Mbps, rtt :8.6ms cwnd: 168.3 lossRate: 0.0 CC:22 score:0.6 previous_total 15869375000 bytes and current_total 15985000000 bytes
1661361291.932112 -- INFO: Throughput @156.2s:955.0Mbps, rtt :7.33ms cwnd: 170.2 lossRate: 0.0 CC:22 score:0.62 previous_total 15985000000 bytes and current_total 16104375000 bytes
1661361292.931524 -- INFO: Throughput @157.2s:930.0Mbps, rtt :8.67ms cwnd: 170.2 lossRate: 0.0 CC:22 score:0.6 previous_total 16104375000 bytes and current_total 16220625000 bytes
1661361293.908664 -- INFO: score [0.6, 0.62, 0.6] ******
1661361293.911013 -- INFO: action array from actor 0.3353135883808136 and action is 22 ******
1661361293.919926 -- INFO: Throughput @158.2s:930.0Mbps, rtt :7.41ms cwnd: 170.2 lossRate: 0.0 CC:22 score:0.6 previous_total 16220625000 bytes and current_total 16336875000 bytes
1661361293.926510 -- INFO: Process Status Bits from change concurrency are: 1 1 1 1 1 1 1 1 1 1 1 1 1 1 1 1 1 1 1 1 1 1 0 0 0 0 0 0 0 0 0 0
1661361293.929615 -- INFO: Active CC: 22
1661361294.930925 -- INFO: Throughput @159.2s:925.0Mbps, rtt :7.78ms cwnd: 170.2 lossRate: 0.0 CC:22 score:0.6 previous_total 16336875000 bytes and current_total 16452500000 bytes
1661361295.915956 -- INFO: Throughput @160.2s:935.0Mbps, rtt :8.46ms cwnd: 175.9 lossRate: 0.0 CC:22 score:0.6 previous_total 16452500000 bytes and current_total 16569375000 bytes
1661361296.943802 -- INFO: Throughput @161.2s:940.0Mbps, rtt :7.82ms cwnd: 175.9 lossRate: 0.0 CC:22 score:0.61 previous_total 16569375000 bytes and current_total 16686875000 bytes
1661361297.432274 -- INFO: score [0.6, 0.6, 0.61] ******
1661361297.434374 -- INFO: action array from actor 0.3353135883808136 and action is 22 ******
1661361297.438627 -- INFO: Process Status Bits from change concurrency are: 1 1 1 1 1 1 1 1 1 1 1 1 1 1 1 1 1 1 1 1 1 1 0 0 0 0 0 0 0 0 0 0
1661361297.446438 -- INFO: Active CC: 22
1661361297.916037 -- INFO: Throughput @162.2s:945.0Mbps, rtt :8.54ms cwnd: 174.0 lossRate: 0.0001998800719568259 CC:22 score:0.61 previous_total 16686875000 bytes and current_total 16805000000 bytes
1661361298.952694 -- INFO: Throughput @163.2s:925.0Mbps, rtt :8.86ms cwnd: 174.0 lossRate: 0.0 CC:22 score:0.6 previous_total 16805000000 bytes and current_total 16920625000 bytes
1661361299.932208 -- INFO: Throughput @164.2s:920.0Mbps, rtt :6.92ms cwnd: 174.3 lossRate: 0.0 CC:22 score:0.6 previous_total 16920625000 bytes and current_total 17035625000 bytes
1661361300.923540 -- INFO: Throughput @165.2s:950.0Mbps, rtt :7.32ms cwnd: 174.3 lossRate: 0.0 CC:22 score:0.61 previous_total 17035625000 bytes and current_total 17154375000 bytes
1661361300.947855 -- INFO: score [0.6, 0.6, 0.61] ******
1661361300.952707 -- INFO: action array from actor 0.3353135883808136 and action is 22 ******
1661361300.966181 -- INFO: Process Status Bits from change concurrency are: 1 1 1 1 1 1 1 1 1 1 1 1 1 1 1 1 1 1 1 1 1 1 0 0 0 0 0 0 0 0 0 0
1661361300.966711 -- INFO: Active CC: 22
1661361301.935832 -- INFO: Throughput @166.2s:935.0Mbps, rtt :7.33ms cwnd: 181.1 lossRate: 0.0 CC:22 score:0.6 previous_total 17154375000 bytes and current_total 17271250000 bytes
1661361302.948495 -- INFO: Throughput @167.2s:925.0Mbps, rtt :7.29ms cwnd: 181.1 lossRate: 0.0 CC:22 score:0.6 previous_total 17271250000 bytes and current_total 17386875000 bytes
1661361303.928367 -- INFO: Throughput @168.2s:940.0Mbps, rtt :8.27ms cwnd: 181.1 lossRate: 0.0 CC:22 score:0.61 previous_total 17386875000 bytes and current_total 17504375000 bytes
1661361304.467679 -- INFO: score [0.6, 0.6, 0.61] ******
1661361304.469439 -- INFO: action array from actor 0.3353135883808136 and action is 22 ******
1661361304.482322 -- INFO: Process Status Bits from change concurrency are: 1 1 1 1 1 1 1 1 1 1 1 1 1 1 1 1 1 1 1 1 1 1 0 0 0 0 0 0 0 0 0 0
1661361304.482804 -- INFO: Active CC: 22
1661361304.932034 -- INFO: Throughput @169.2s:940.0Mbps, rtt :8.42ms cwnd: 181.1 lossRate: 0.0 CC:22 score:0.61 previous_total 17504375000 bytes and current_total 17621875000 bytes
1661361305.923445 -- INFO: Throughput @170.2s:910.0Mbps, rtt :7.54ms cwnd: 181.1 lossRate: 0.0 CC:22 score:0.59 previous_total 17621875000 bytes and current_total 17735625000 bytes
1661361306.947737 -- INFO: Throughput @171.2s:955.0Mbps, rtt :8.72ms cwnd: 182.1 lossRate: 0.0 CC:22 score:0.62 previous_total 17735625000 bytes and current_total 17855000000 bytes
1661361307.939139 -- INFO: Throughput @172.2s:925.0Mbps, rtt :7.95ms cwnd: 186.3 lossRate: 0.0 CC:22 score:0.6 previous_total 17855000000 bytes and current_total 17970625000 bytes
1661361307.983705 -- INFO: score [0.59, 0.62, 0.6] ******
1661361307.985152 -- INFO: action array from actor 0.3353135883808136 and action is 22 ******
1661361307.995466 -- INFO: Process Status Bits from change concurrency are: 1 1 1 1 1 1 1 1 1 1 1 1 1 1 1 1 1 1 1 1 1 1 0 0 0 0 0 0 0 0 0 0
1661361308.001359 -- INFO: Active CC: 22
1661361308.943861 -- INFO: Throughput @173.2s:930.0Mbps, rtt :9.43ms cwnd: 188.2 lossRate: 0.0 CC:22 score:0.6 previous_total 17970625000 bytes and current_total 18086875000 bytes
1661361309.948263 -- INFO: Throughput @174.2s:935.0Mbps, rtt :7.77ms cwnd: 188.2 lossRate: 0.0 CC:22 score:0.6 previous_total 18086875000 bytes and current_total 18203750000 bytes
1661361310.503777 -- INFO: Process 6 finished on working on file 7 
1661361310.529995 -- INFO: Process 6 found Queue Empty : False
1661361310.538190 -- INFO: Process 6 get item 25 from queue and executing
1661361310.538522 -- INFO: starting 6, 25, /home/hjamil/Documents/files_bash/FILE28
1661361310.763065 -- INFO: Process 1 finished on working on file 6 
1661361310.772269 -- INFO: Process 1 found Queue Empty : False
1661361310.772672 -- INFO: Process 1 get item 26 from queue and executing
1661361310.773037 -- INFO: starting 1, 26, /home/hjamil/Documents/files_bash/FILE27
1661361310.944624 -- INFO: Throughput @175.2s:950.0Mbps, rtt :8.01ms cwnd: 186.0 lossRate: 0.00022457050890172545 CC:22 score:0.61 previous_total 18203750000 bytes and current_total 18322500000 bytes
1661361311.518882 -- INFO: score [0.6, 0.6, 0.61] ******
1661361311.520710 -- INFO: action array from actor 0.3353135883808136 and action is 22 ******
1661361311.521685 -- INFO: Process Status Bits from change concurrency are: 1 1 1 1 1 1 1 1 1 1 1 1 1 1 1 1 1 1 1 1 1 1 0 0 0 0 0 0 0 0 0 0
1661361311.522553 -- INFO: Active CC: 22
1661361311.585996 -- INFO: Process 3 finished on working on file 0 
1661361311.586471 -- INFO: Process 3 found Queue Empty : False
1661361311.586812 -- INFO: Process 3 get item 27 from queue and executing
1661361311.587172 -- INFO: starting 3, 27, /home/hjamil/Documents/files_bash/FILE26
1661361311.934197 -- INFO: Throughput @176.2s:915.0Mbps, rtt :8.3ms cwnd: 184.1 lossRate: 0.00011213975104975267 CC:22 score:0.59 previous_total 18322500000 bytes and current_total 18436875000 bytes
1661361312.956259 -- INFO: Throughput @177.2s:935.0Mbps, rtt :8.15ms cwnd: 184.1 lossRate: 0.0 CC:22 score:0.6 previous_total 18436875000 bytes and current_total 18553750000 bytes
1661361313.975752 -- INFO: Throughput @178.2s:945.0Mbps, rtt :8.37ms cwnd: 184.1 lossRate: 0.0 CC:22 score:0.61 previous_total 18553750000 bytes and current_total 18671875000 bytes
1661361314.212907 -- INFO: Process 20 finished on working on file 21 
1661361314.213559 -- INFO: Process 20 found Queue Empty : False
1661361314.213933 -- INFO: Process 20 get item 28 from queue and executing
1661361314.214300 -- INFO: starting 20, 28, /home/hjamil/Documents/files_bash/FILE18
1661361314.960283 -- INFO: Throughput @179.2s:920.0Mbps, rtt :8.61ms cwnd: 184.1 lossRate: 0.0 CC:22 score:0.6 previous_total 18671875000 bytes and current_total 18786875000 bytes
1661361315.040378 -- INFO: score [0.6, 0.61, 0.6] ******
1661361315.043614 -- INFO: action array from actor 0.3353135883808136 and action is 22 ******
1661361315.054210 -- INFO: Process Status Bits from change concurrency are: 1 1 1 1 1 1 1 1 1 1 1 1 1 1 1 1 1 1 1 1 1 1 0 0 0 0 0 0 0 0 0 0
1661361315.058831 -- INFO: Active CC: 22
1661361315.929192 -- INFO: Throughput @180.2s:965.0Mbps, rtt :9.56ms cwnd: 184.1 lossRate: 0.0 CC:22 score:0.62 previous_total 18786875000 bytes and current_total 18907500000 bytes
1661361316.941290 -- INFO: Throughput @181.2s:920.0Mbps, rtt :6.57ms cwnd: 184.7 lossRate: 1.2345679012345678e-05 CC:22 score:0.59 previous_total 18907500000 bytes and current_total 19022500000 bytes
1661361317.972154 -- INFO: Throughput @182.2s:910.0Mbps, rtt :7.39ms cwnd: 184.8 lossRate: 0.0 CC:22 score:0.59 previous_total 19022500000 bytes and current_total 19136250000 bytes
1661361318.562130 -- INFO: score [0.62, 0.59, 0.59] ******
1661361318.563611 -- INFO: action array from actor 0.3353135883808136 and action is 22 ******
1661361318.586651 -- INFO: Process Status Bits from change concurrency are: 1 1 1 1 1 1 1 1 1 1 1 1 1 1 1 1 1 1 1 1 1 1 0 0 0 0 0 0 0 0 0 0
1661361318.590219 -- INFO: Active CC: 22
1661361318.936466 -- INFO: Throughput @183.2s:955.0Mbps, rtt :10.02ms cwnd: 183.0 lossRate: 0.00016697707276347055 CC:22 score:0.62 previous_total 19136250000 bytes and current_total 19255625000 bytes
1661361319.432895 -- INFO: Process 4 finished on working on file 3 
1661361319.437081 -- INFO: Process 4 found Queue Empty : False
1661361319.438294 -- INFO: Process 4 get item 29 from queue and executing
1661361319.474175 -- INFO: starting 4, 29, /home/hjamil/Documents/files_bash/FILE0
1661361319.504315 -- INFO: Process 13 finished on working on file 13 
1661361319.505257 -- INFO: Process 13 found Queue Empty : False
1661361319.505548 -- INFO: Process 13 get item 30 from queue and executing
1661361319.512096 -- INFO: Process 2 finished on working on file 5 
1661361319.512730 -- INFO: Process 2 found Queue Empty : False
1661361319.513053 -- INFO: Process 2 get item 31 from queue and executing
1661361319.513467 -- INFO: starting 2, 31, /home/hjamil/Documents/files_bash/FILE19
1661361319.524572 -- INFO: starting 13, 30, /home/hjamil/Documents/files_bash/FILE16
1661361319.592367 -- INFO: Process 5 finished on working on file 8 
1661361319.592994 -- INFO: Process 5 found Queue Empty : False
1661361319.593381 -- INFO: Process 5 get item 22 from queue and executing
1661361319.595820 -- INFO: starting 5, 22, /home/hjamil/Documents/files_bash/FILE9
1661361319.650570 -- INFO: Process 10 finished on working on file 12 
1661361319.651325 -- INFO: Process 10 found Queue Empty : False
1661361319.651543 -- INFO: Process 10 get item 24 from queue and executing
1661361319.659508 -- INFO: starting 10, 24, /home/hjamil/Documents/files_bash/FILE12
1661361319.936053 -- INFO: Throughput @184.2s:925.0Mbps, rtt :7.82ms cwnd: 183.0 lossRate: 0.0 CC:22 score:0.6 previous_total 19255625000 bytes and current_total 19371250000 bytes
1661361320.941467 -- INFO: Throughput @185.2s:940.0Mbps, rtt :10.84ms cwnd: 183.0 lossRate: 0.0 CC:22 score:0.61 previous_total 19371250000 bytes and current_total 19488750000 bytes
1661361321.945018 -- INFO: Throughput @186.2s:915.0Mbps, rtt :11.02ms cwnd: 189.4 lossRate: 0.0 CC:22 score:0.59 previous_total 19488750000 bytes and current_total 19603125000 bytes
1661361322.107625 -- INFO: score [0.6, 0.61, 0.59] ******
1661361322.109052 -- INFO: action array from actor 0.3353135883808136 and action is 22 ******
1661361322.117738 -- INFO: Process Status Bits from change concurrency are: 1 1 1 1 1 1 1 1 1 1 1 1 1 1 1 1 1 1 1 1 1 1 0 0 0 0 0 0 0 0 0 0
1661361322.119930 -- INFO: Active CC: 22
1661361322.955777 -- INFO: Throughput @187.2s:960.0Mbps, rtt :9.41ms cwnd: 189.4 lossRate: 0.0 CC:22 score:0.62 previous_total 19603125000 bytes and current_total 19723125000 bytes
1661361323.946591 -- INFO: Throughput @188.2s:925.0Mbps, rtt :9.14ms cwnd: 189.4 lossRate: 0.0 CC:22 score:0.6 previous_total 19723125000 bytes and current_total 19838750000 bytes
1661361324.968570 -- INFO: Throughput @189.2s:935.0Mbps, rtt :8.01ms cwnd: 189.4 lossRate: 0.0 CC:22 score:0.6 previous_total 19838750000 bytes and current_total 19955625000 bytes
1661361325.621025 -- INFO: score [0.62, 0.6, 0.6] ******
1661361325.622902 -- INFO: action array from actor 0.3353135883808136 and action is 22 ******
1661361325.635183 -- INFO: Process Status Bits from change concurrency are: 1 1 1 1 1 1 1 1 1 1 1 1 1 1 1 1 1 1 1 1 1 1 0 0 0 0 0 0 0 0 0 0
1661361325.635898 -- INFO: Active CC: 22
1661361325.940053 -- INFO: Throughput @190.2s:930.0Mbps, rtt :8.88ms cwnd: 191.6 lossRate: 0.0 CC:22 score:0.6 previous_total 19955625000 bytes and current_total 20071875000 bytes
1661361326.768032 -- INFO: Process 9 finished on working on file 9 
1661361326.774453 -- INFO: Process 9 found Queue Empty : False
1661361326.774789 -- INFO: Process 9 get item 23 from queue and executing
1661361326.775083 -- INFO: starting 9, 23, /home/hjamil/Documents/files_bash/FILE10
1661361326.957647 -- INFO: Throughput @191.2s:935.0Mbps, rtt :9.07ms cwnd: 191.6 lossRate: 0.0 CC:22 score:0.6 previous_total 20071875000 bytes and current_total 20188750000 bytes
1661361327.194457 -- INFO: Process 0 finished on working on file 4 
1661361327.237973 -- INFO: Process 12 finished on working on file 11 
1661361327.973054 -- INFO: Throughput @192.2s:930.0Mbps, rtt :11.15ms cwnd: 179.2 lossRate: 0 CC:22 score:0.6 previous_total 20188750000 bytes and current_total 20305000000 bytes
1661361328.972527 -- INFO: Throughput @193.2s:895.0Mbps, rtt :7.02ms cwnd: 184.6 lossRate: 0.0 CC:22 score:0.58 previous_total 20305000000 bytes and current_total 20416875000 bytes
1661361329.147329 -- INFO: score [0.6, 0.6, 0.58] ******
1661361329.154932 -- INFO: action array from actor 0.3353135883808136 and action is 22 ******
1661361329.174901 -- INFO: Process Status Bits from change concurrency are: 1 1 1 1 1 1 1 1 1 1 1 1 1 1 1 1 1 1 1 1 1 1 0 0 0 0 0 0 0 0 0 0
1661361329.176986 -- INFO: Active CC: 22
1661361329.968196 -- INFO: Throughput @194.2s:935.0Mbps, rtt :9.83ms cwnd: 214.0 lossRate: 0.0 CC:22 score:0.6 previous_total 20416875000 bytes and current_total 20533750000 bytes
1661361330.968002 -- INFO: Throughput @195.2s:930.0Mbps, rtt :8.06ms cwnd: 211.4 lossRate: 0.00017423771001866834 CC:22 score:0.6 previous_total 20533750000 bytes and current_total 20650000000 bytes
1661361331.357666 -- INFO: Process 18 finished on working on file 18 
1661361332.004079 -- INFO: Throughput @196.2s:940.0Mbps, rtt :7.03ms cwnd: 211.2 lossRate: 0 CC:22 score:0.61 previous_total 20650000000 bytes and current_total 20767500000 bytes
1661361332.693821 -- INFO: score [0.6, 0.6, 0.61] ******
1661361332.695670 -- INFO: action array from actor 0.3353135883808136 and action is 22 ******
1661361332.707209 -- INFO: Process Status Bits from change concurrency are: 1 1 1 1 1 1 1 1 1 1 1 1 1 1 1 1 1 1 1 1 1 1 0 0 0 0 0 0 0 0 0 0
1661361332.707802 -- INFO: Active CC: 22
1661361332.967959 -- INFO: Throughput @197.2s:900.0Mbps, rtt :7.08ms cwnd: 243.4 lossRate: 0.0 CC:22 score:0.58 previous_total 20767500000 bytes and current_total 20880000000 bytes
1661361334.007376 -- INFO: Throughput @198.2s:890.0Mbps, rtt :4.23ms cwnd: 266.5 lossRate: 0.0 CC:22 score:0.58 previous_total 20880000000 bytes and current_total 20991250000 bytes
1661361334.976144 -- INFO: Throughput @199.2s:875.0Mbps, rtt :5.87ms cwnd: 335.8 lossRate: 0.0 CC:22 score:0.57 previous_total 20991250000 bytes and current_total 21100625000 bytes
1661361335.956263 -- INFO: Throughput @200.2s:895.0Mbps, rtt :6.85ms cwnd: 389.8 lossRate: 0.0 CC:22 score:0.58 previous_total 21100625000 bytes and current_total 21212500000 bytes
1661361336.223857 -- INFO: score [0.58, 0.57, 0.58] ******
1661361336.225150 -- INFO: episode expires
1661361336.225194 -- INFO: Process 22 shutdown itself from outest loop
1661361336.225209 -- INFO: Process 18 shutdown itself from outest loop
1661361336.225398 -- INFO: Process 0 shutdown itself from outest loop
1661361336.225449 -- INFO: Process 12 shutdown itself from outest loop
1661361336.225599 -- INFO: Process 24 shutdown itself from outest loop
1661361336.225474 -- INFO: Process 25 shutdown itself from outest loop
1661361336.226099 -- INFO: Process 23 shutdown itself from outest loop
1661361336.226807 -- INFO: Process 27 shutdown itself from outest loop
1661361336.227472 -- INFO: Process 26 shutdown itself from outest loop
1661361336.225890 -- INFO: Process 31 shutdown itself from outest loop
1661361336.226083 -- INFO: Process 29 shutdown itself from outest loop
1661361336.226618 -- INFO: Process 28 shutdown itself from outest loop
1661361336.227546 -- INFO: Process 30 shutdown itself from outest loop
