1661449049.659819 -- INFO: action array from actor -0.026061952114105225 and action is 16 ******
1661449049.663493 -- INFO: Process Status Bits from change concurrency are: 1 1 1 1 1 1 1 1 1 1 1 1 1 1 1 1 0 0 0 0 0 0 0 0 0 0 0 0 0 0 0 0
1661449049.665555 -- INFO: Active CC: 16
1661449049.667691 -- INFO: Start Process :: 1
1661449049.668600 -- INFO: Start Process :: 2
1661449049.669199 -- INFO: Start Process :: 8
1661449049.671006 -- INFO: Start Process :: 3
1661449049.670995 -- INFO: Start Process :: 4
1661449049.671248 -- INFO: Start Process :: 0
1661449049.672071 -- INFO: Process 2 found Queue Empty : False
1661449049.672166 -- INFO: Process 1 found Queue Empty : False
1661449049.672697 -- INFO: Process 8 found Queue Empty : False
1661449049.673003 -- INFO: Process 1 get item 0 from queue and executing
1661449049.673201 -- INFO: Process 2 get item 1 from queue and executing
1661449049.673423 -- INFO: starting 2, 1, /home/hjamil/Documents/files_bash/FILE1
1661449049.673735 -- INFO: starting 1, 0, /home/hjamil/Documents/files_bash/FILE25
1661449049.679052 -- INFO: Process 4 found Queue Empty : False
1661449049.679691 -- INFO: Process 8 get item 2 from queue and executing
1661449049.679942 -- INFO: starting 8, 2, /home/hjamil/Documents/files_bash/FILE4
1661449049.682265 -- INFO: Process 3 found Queue Empty : False
1661449049.684576 -- INFO: Process 4 get item 3 from queue and executing
1661449049.684524 -- INFO: Process 0 found Queue Empty : False
1661449049.685202 -- INFO: Start Process :: 9
1661449049.686604 -- INFO: starting 4, 3, /home/hjamil/Documents/files_bash/FILE13
1661449049.702543 -- INFO: Process 0 get item 5 from queue and executing
1661449049.702814 -- INFO: starting 0, 5, /home/hjamil/Documents/files_bash/FILE24
1661449049.702230 -- INFO: Process 3 get item 4 from queue and executing
1661449049.703029 -- INFO: starting 3, 4, /home/hjamil/Documents/files_bash/FILE3
1661449049.706231 -- INFO: Start Process :: 5
1661449049.706388 -- INFO: Start Process :: 12
1661449049.707055 -- INFO: Process 9 found Queue Empty : False
1661449049.706872 -- INFO: Start Process :: 6
1661449049.707562 -- INFO: Process 5 found Queue Empty : False
1661449049.707604 -- INFO: Process 12 found Queue Empty : False
1661449049.707824 -- INFO: Process 9 get item 6 from queue and executing
1661449049.707870 -- INFO: Process 5 get item 7 from queue and executing
1661449049.708034 -- INFO: starting 9, 6, /home/hjamil/Documents/files_bash/FILE2
1661449049.708062 -- INFO: starting 5, 7, /home/hjamil/Documents/files_bash/FILE20
1661449049.707200 -- INFO: Start Process :: 7
1661449049.714165 -- INFO: Process 12 get item 8 from queue and executing
1661449049.714581 -- INFO: starting 12, 8, /home/hjamil/Documents/files_bash/FILE29
1661449049.714650 -- INFO: Process 6 found Queue Empty : False
1661449049.714860 -- INFO: Process 7 found Queue Empty : False
1661449049.714899 -- INFO: Process 6 get item 9 from queue and executing
1661449049.716525 -- INFO: Process 7 get item 10 from queue and executing
1661449049.716746 -- INFO: starting 7, 10, /home/hjamil/Documents/files_bash/FILE31
1661449049.716584 -- INFO: starting 6, 9, /home/hjamil/Documents/files_bash/FILE7
1661449049.719731 -- INFO: Start Process :: 10
1661449049.721997 -- INFO: Process 10 found Queue Empty : False
1661449049.722503 -- INFO: Process 10 get item 11 from queue and executing
1661449049.722965 -- INFO: starting 10, 11, /home/hjamil/Documents/files_bash/FILE6
1661449049.734479 -- INFO: Start Process :: 13
1661449049.735879 -- INFO: Process 13 found Queue Empty : False
1661449049.736087 -- INFO: Process 13 get item 12 from queue and executing
1661449049.736248 -- INFO: starting 13, 12, /home/hjamil/Documents/files_bash/FILE22
1661449049.746531 -- INFO: Start Process :: 14
1661449049.747699 -- INFO: Process 14 found Queue Empty : False
1661449049.748161 -- INFO: Process 14 get item 13 from queue and executing
1661449049.748581 -- INFO: starting 14, 13, /home/hjamil/Documents/files_bash/FILE11
1661449049.755046 -- INFO: Start Process :: 15
1661449049.756004 -- INFO: Process 15 found Queue Empty : False
1661449049.756221 -- INFO: Process 15 get item 14 from queue and executing
1661449049.756390 -- INFO: starting 15, 14, /home/hjamil/Documents/files_bash/FILE30
1661449049.762895 -- INFO: Start Process :: 11
1661449049.770212 -- INFO: Process 11 found Queue Empty : False
1661449049.770477 -- INFO: Process 11 get item 15 from queue and executing
1661449049.770734 -- INFO: starting 11, 15, /home/hjamil/Documents/files_bash/FILE5
1661449049.771543 -- INFO: Throughput @0.1s:100.0Mbps, rtt :0.64ms cwnd: 36.4 lossRate: 0.0 CC:16 score:0.07 previous_total 0 bytes and current_total 1250000 bytes
1661449050.733045 -- INFO: Throughput @1.1s:745.0Mbps, rtt :3.24ms cwnd: 165.1 lossRate: 0.0 CC:16 score:0.54 previous_total 1250000 bytes and current_total 94375000 bytes
1661449051.708893 -- INFO: Throughput @2.1s:755.0Mbps, rtt :3.53ms cwnd: 216.8 lossRate: 0.0 CC:16 score:0.55 previous_total 94375000 bytes and current_total 188750000 bytes
1661449052.732197 -- INFO: Throughput @3.1s:740.0Mbps, rtt :3.21ms cwnd: 261.2 lossRate: 0.0 CC:16 score:0.54 previous_total 188750000 bytes and current_total 281250000 bytes
1661449053.179430 -- INFO: score [0.54, 0.55, 0.54] ******
1661449053.180537 -- INFO: action array from actor -1.0 and action is 1 ******
1661449053.198353 -- INFO: Process Status Bits from change concurrency are: 1 0 0 0 0 0 0 0 0 0 0 0 0 0 0 0 0 0 0 0 0 0 0 0 0 0 0 0 0 0 0 0
1661449053.199140 -- INFO: Active CC: 1
1661449053.202303 -- INFO: Process 12 found Queue Full : False
1661449053.202563 -- INFO: Process 13 found Queue Full : False
1661449053.203591 -- INFO: Process 4 found Queue Full : False
1661449053.211727 -- INFO: Process 11 found Queue Full : False
1661449053.218934 -- INFO: Process 2 found Queue Full : False
1661449053.223094 -- INFO: Process 10 found Queue Full : False
1661449053.227475 -- INFO: Process 1 found Queue Full : False
1661449053.231405 -- INFO: Process 14 found Queue Full : False
1661449053.241988 -- INFO: Process 5 found Queue Full : False
1661449053.243311 -- INFO: Process 9 found Queue Full : False
1661449053.243804 -- INFO: Process 3 found Queue Full : False
1661449053.246837 -- INFO: Process 7 found Queue Full : False
1661449053.282347 -- INFO: Process 6 found Queue Full : False
1661449053.290217 -- INFO: Process 15 found Queue Full : False
1661449053.290510 -- INFO: Process 8 found Queue Full : False
1661449053.711503 -- INFO: Throughput @4.1s:415.0Mbps, rtt :2.18ms cwnd: 332.0 lossRate: 0 CC:1 score:0.41 previous_total 281250000 bytes and current_total 333125000 bytes
1661449054.694245 -- INFO: Throughput @5.1s:50.0Mbps, rtt :3.34ms cwnd: 352.0 lossRate: 0.0 CC:1 score:0.05 previous_total 333125000 bytes and current_total 339375000 bytes
1661449055.696765 -- INFO: Throughput @6.1s:50.0Mbps, rtt :3.22ms cwnd: 352.0 lossRate: 0.0 CC:1 score:0.05 previous_total 339375000 bytes and current_total 345625000 bytes
1661449056.695165 -- INFO: Throughput @7.1s:50.0Mbps, rtt :3.31ms cwnd: 352.0 lossRate: 0.0 CC:1 score:0.05 previous_total 345625000 bytes and current_total 351875000 bytes
1661449056.700384 -- INFO: score [0.05, 0.05, 0.05] ******
1661449056.701649 -- INFO: action array from actor -1.0 and action is 1 ******
1661449056.706614 -- INFO: Process Status Bits from change concurrency are: 1 0 0 0 0 0 0 0 0 0 0 0 0 0 0 0 0 0 0 0 0 0 0 0 0 0 0 0 0 0 0 0
1661449056.710207 -- INFO: Active CC: 1
1661449057.697677 -- INFO: Throughput @8.1s:50.0Mbps, rtt :2.34ms cwnd: 352.0 lossRate: 0.0 CC:1 score:0.05 previous_total 351875000 bytes and current_total 358125000 bytes
1661449058.698546 -- INFO: Throughput @9.1s:50.0Mbps, rtt :3.26ms cwnd: 352.0 lossRate: 0.0 CC:1 score:0.05 previous_total 358125000 bytes and current_total 364375000 bytes
1661449059.698761 -- INFO: Throughput @10.1s:50.0Mbps, rtt :3.21ms cwnd: 352.0 lossRate: 0.0 CC:1 score:0.05 previous_total 364375000 bytes and current_total 370625000 bytes
1661449060.211227 -- INFO: score [0.05, 0.05, 0.05] ******
1661449060.212335 -- INFO: action array from actor -1.0 and action is 1 ******
1661449060.216960 -- INFO: Process Status Bits from change concurrency are: 1 0 0 0 0 0 0 0 0 0 0 0 0 0 0 0 0 0 0 0 0 0 0 0 0 0 0 0 0 0 0 0
1661449060.220032 -- INFO: Active CC: 1
1661449060.700217 -- INFO: Throughput @11.1s:50.0Mbps, rtt :3.21ms cwnd: 352.0 lossRate: 0.0 CC:1 score:0.05 previous_total 370625000 bytes and current_total 376875000 bytes
1661449061.700718 -- INFO: Throughput @12.1s:50.0Mbps, rtt :3.21ms cwnd: 352.0 lossRate: 0.0 CC:1 score:0.05 previous_total 376875000 bytes and current_total 383125000 bytes
1661449062.701423 -- INFO: Throughput @13.1s:50.0Mbps, rtt :3.22ms cwnd: 352.0 lossRate: 0.0 CC:1 score:0.05 previous_total 383125000 bytes and current_total 389375000 bytes
1661449063.703203 -- INFO: Throughput @14.1s:50.0Mbps, rtt :3.21ms cwnd: 352.0 lossRate: 0.0 CC:1 score:0.05 previous_total 389375000 bytes and current_total 395625000 bytes
1661449063.721088 -- INFO: score [0.05, 0.05, 0.05] ******
1661449063.722311 -- INFO: action array from actor -1.0 and action is 1 ******
1661449063.724716 -- INFO: Process Status Bits from change concurrency are: 1 0 0 0 0 0 0 0 0 0 0 0 0 0 0 0 0 0 0 0 0 0 0 0 0 0 0 0 0 0 0 0
1661449063.728527 -- INFO: Active CC: 1
1661449064.704309 -- INFO: Throughput @15.1s:50.0Mbps, rtt :3.23ms cwnd: 352.0 lossRate: 0.0 CC:1 score:0.05 previous_total 395625000 bytes and current_total 401875000 bytes
1661449065.704293 -- INFO: Throughput @16.1s:50.0Mbps, rtt :3.24ms cwnd: 352.0 lossRate: 0.0 CC:1 score:0.05 previous_total 401875000 bytes and current_total 408125000 bytes
1661449066.706092 -- INFO: Throughput @17.1s:50.0Mbps, rtt :3.63ms cwnd: 352.0 lossRate: 0.0 CC:1 score:0.05 previous_total 408125000 bytes and current_total 414375000 bytes
1661449067.229575 -- INFO: score [0.05, 0.05, 0.05] ******
1661449067.230816 -- INFO: action array from actor -1.0 and action is 1 ******
1661449067.235340 -- INFO: Process Status Bits from change concurrency are: 1 0 0 0 0 0 0 0 0 0 0 0 0 0 0 0 0 0 0 0 0 0 0 0 0 0 0 0 0 0 0 0
1661449067.238083 -- INFO: Active CC: 1
1661449067.706240 -- INFO: Throughput @18.1s:50.0Mbps, rtt :3.27ms cwnd: 352.0 lossRate: 0.0 CC:1 score:0.05 previous_total 414375000 bytes and current_total 420625000 bytes
1661449068.707770 -- INFO: Throughput @19.1s:50.0Mbps, rtt :3.44ms cwnd: 352.0 lossRate: 0.0 CC:1 score:0.05 previous_total 420625000 bytes and current_total 426875000 bytes
1661449069.709311 -- INFO: Throughput @20.1s:50.0Mbps, rtt :3.44ms cwnd: 352.0 lossRate: 0.0 CC:1 score:0.05 previous_total 426875000 bytes and current_total 433125000 bytes
1661449070.711128 -- INFO: Throughput @21.1s:50.0Mbps, rtt :3.23ms cwnd: 352.0 lossRate: 0.0 CC:1 score:0.05 previous_total 433125000 bytes and current_total 439375000 bytes
1661449070.739136 -- INFO: score [0.05, 0.05, 0.05] ******
1661449070.740353 -- INFO: action array from actor -1.0 and action is 1 ******
1661449070.745913 -- INFO: Process Status Bits from change concurrency are: 1 0 0 0 0 0 0 0 0 0 0 0 0 0 0 0 0 0 0 0 0 0 0 0 0 0 0 0 0 0 0 0
1661449070.748890 -- INFO: Active CC: 1
1661449071.712680 -- INFO: Throughput @22.1s:50.0Mbps, rtt :3.22ms cwnd: 352.0 lossRate: 0.0 CC:1 score:0.05 previous_total 439375000 bytes and current_total 445625000 bytes
1661449072.712434 -- INFO: Throughput @23.1s:50.0Mbps, rtt :3.22ms cwnd: 352.0 lossRate: 0.0 CC:1 score:0.05 previous_total 445625000 bytes and current_total 451875000 bytes
1661449073.713588 -- INFO: Throughput @24.1s:50.0Mbps, rtt :3.21ms cwnd: 352.0 lossRate: 0.0 CC:1 score:0.05 previous_total 451875000 bytes and current_total 458125000 bytes
1661449074.249950 -- INFO: score [0.05, 0.05, 0.05] ******
1661449074.251241 -- INFO: action array from actor -1.0 and action is 1 ******
1661449074.255910 -- INFO: Process Status Bits from change concurrency are: 1 0 0 0 0 0 0 0 0 0 0 0 0 0 0 0 0 0 0 0 0 0 0 0 0 0 0 0 0 0 0 0
1661449074.258821 -- INFO: Active CC: 1
1661449074.714900 -- INFO: Throughput @25.1s:50.0Mbps, rtt :3.19ms cwnd: 352.0 lossRate: 0.0 CC:1 score:0.05 previous_total 458125000 bytes and current_total 464375000 bytes
1661449075.715103 -- INFO: Throughput @26.1s:50.0Mbps, rtt :3.54ms cwnd: 352.0 lossRate: 0.0 CC:1 score:0.05 previous_total 464375000 bytes and current_total 470625000 bytes
1661449076.717201 -- INFO: Throughput @27.1s:50.0Mbps, rtt :3.24ms cwnd: 352.0 lossRate: 0.0 CC:1 score:0.05 previous_total 470625000 bytes and current_total 476875000 bytes
1661449077.716393 -- INFO: Throughput @28.1s:50.0Mbps, rtt :3.5ms cwnd: 352.0 lossRate: 0.0 CC:1 score:0.05 previous_total 476875000 bytes and current_total 483125000 bytes
1661449077.759946 -- INFO: score [0.05, 0.05, 0.05] ******
1661449077.761184 -- INFO: action array from actor -1.0 and action is 1 ******
1661449077.766588 -- INFO: Process Status Bits from change concurrency are: 1 0 0 0 0 0 0 0 0 0 0 0 0 0 0 0 0 0 0 0 0 0 0 0 0 0 0 0 0 0 0 0
1661449077.770171 -- INFO: Active CC: 1
1661449078.718509 -- INFO: Throughput @29.1s:50.0Mbps, rtt :3.23ms cwnd: 352.0 lossRate: 0.0 CC:1 score:0.05 previous_total 483125000 bytes and current_total 489375000 bytes
1661449079.720398 -- INFO: Throughput @30.1s:50.0Mbps, rtt :1.28ms cwnd: 352.0 lossRate: 0.0 CC:1 score:0.05 previous_total 489375000 bytes and current_total 495625000 bytes
1661449080.721128 -- INFO: Throughput @31.1s:50.0Mbps, rtt :1.27ms cwnd: 352.0 lossRate: 0.0 CC:1 score:0.05 previous_total 495625000 bytes and current_total 501875000 bytes
1661449081.271304 -- INFO: score [0.05, 0.05, 0.05] ******
1661449081.272598 -- INFO: action array from actor -1.0 and action is 1 ******
1661449081.276983 -- INFO: Process Status Bits from change concurrency are: 1 0 0 0 0 0 0 0 0 0 0 0 0 0 0 0 0 0 0 0 0 0 0 0 0 0 0 0 0 0 0 0
1661449081.279967 -- INFO: Active CC: 1
1661449081.720677 -- INFO: Throughput @32.1s:50.0Mbps, rtt :1.21ms cwnd: 352.0 lossRate: 0.0 CC:1 score:0.05 previous_total 501875000 bytes and current_total 508125000 bytes
1661449082.723511 -- INFO: Throughput @33.1s:50.0Mbps, rtt :2.61ms cwnd: 352.0 lossRate: 0.0 CC:1 score:0.05 previous_total 508125000 bytes and current_total 514375000 bytes
1661449083.724775 -- INFO: Throughput @34.1s:50.0Mbps, rtt :3.55ms cwnd: 352.0 lossRate: 0.0 CC:1 score:0.05 previous_total 514375000 bytes and current_total 520625000 bytes
1661449084.724749 -- INFO: Throughput @35.1s:50.0Mbps, rtt :3.4ms cwnd: 352.0 lossRate: 0.0 CC:1 score:0.05 previous_total 520625000 bytes and current_total 526875000 bytes
1661449084.781056 -- INFO: score [0.05, 0.05, 0.05] ******
1661449084.782406 -- INFO: action array from actor -1.0 and action is 1 ******
1661449084.788048 -- INFO: Process Status Bits from change concurrency are: 1 0 0 0 0 0 0 0 0 0 0 0 0 0 0 0 0 0 0 0 0 0 0 0 0 0 0 0 0 0 0 0
1661449084.790664 -- INFO: Active CC: 1
1661449085.725181 -- INFO: Throughput @36.1s:55.0Mbps, rtt :3.63ms cwnd: 352.0 lossRate: 0.0 CC:1 score:0.05 previous_total 526875000 bytes and current_total 533750000 bytes
1661449086.725892 -- INFO: Throughput @37.1s:50.0Mbps, rtt :1.48ms cwnd: 172.0 lossRate: 0.021517553793884484 CC:1 score:0.04 previous_total 533750000 bytes and current_total 540000000 bytes
1661449087.726864 -- INFO: Throughput @38.1s:50.0Mbps, rtt :1.13ms cwnd: 180.0 lossRate: 0.0 CC:1 score:0.05 previous_total 540000000 bytes and current_total 546250000 bytes
1661449088.291761 -- INFO: score [0.05, 0.04, 0.05] ******
1661449088.293019 -- INFO: action array from actor -0.9999029040336609 and action is 1 ******
1661449088.296960 -- INFO: Process Status Bits from change concurrency are: 1 0 0 0 0 0 0 0 0 0 0 0 0 0 0 0 0 0 0 0 0 0 0 0 0 0 0 0 0 0 0 0
1661449088.301029 -- INFO: Active CC: 1
1661449088.727880 -- INFO: Throughput @39.1s:50.0Mbps, rtt :1.15ms cwnd: 188.0 lossRate: 0.0 CC:1 score:0.05 previous_total 546250000 bytes and current_total 552500000 bytes
1661449089.728627 -- INFO: Throughput @40.1s:50.0Mbps, rtt :1.24ms cwnd: 196.0 lossRate: 0.0 CC:1 score:0.05 previous_total 552500000 bytes and current_total 558750000 bytes
1661449090.731068 -- INFO: Throughput @41.1s:50.0Mbps, rtt :1.15ms cwnd: 204.0 lossRate: 0.0 CC:1 score:0.05 previous_total 558750000 bytes and current_total 565000000 bytes
1661449091.731624 -- INFO: Throughput @42.1s:50.0Mbps, rtt :1.25ms cwnd: 211.0 lossRate: 0.0 CC:1 score:0.05 previous_total 565000000 bytes and current_total 571250000 bytes
1661449091.802160 -- INFO: score [0.05, 0.05, 0.05] ******
1661449091.803508 -- INFO: action array from actor -0.9999926686286926 and action is 1 ******
1661449091.808151 -- INFO: Process Status Bits from change concurrency are: 1 0 0 0 0 0 0 0 0 0 0 0 0 0 0 0 0 0 0 0 0 0 0 0 0 0 0 0 0 0 0 0
1661449091.811681 -- INFO: Active CC: 1
1661449092.731204 -- INFO: Throughput @43.1s:50.0Mbps, rtt :1.04ms cwnd: 219.0 lossRate: 0.0 CC:1 score:0.05 previous_total 571250000 bytes and current_total 577500000 bytes
1661449093.732384 -- INFO: Throughput @44.1s:50.0Mbps, rtt :1.07ms cwnd: 227.0 lossRate: 0.0 CC:1 score:0.05 previous_total 577500000 bytes and current_total 583750000 bytes
1661449094.734331 -- INFO: Throughput @45.1s:50.0Mbps, rtt :1.16ms cwnd: 233.0 lossRate: 0.0 CC:1 score:0.05 previous_total 583750000 bytes and current_total 590000000 bytes
1661449095.312731 -- INFO: score [0.05, 0.05, 0.05] ******
1661449095.313980 -- INFO: action array from actor -0.9999967813491821 and action is 1 ******
1661449095.318257 -- INFO: Process Status Bits from change concurrency are: 1 0 0 0 0 0 0 0 0 0 0 0 0 0 0 0 0 0 0 0 0 0 0 0 0 0 0 0 0 0 0 0
1661449095.321388 -- INFO: Active CC: 1
1661449095.733381 -- INFO: Throughput @46.1s:50.0Mbps, rtt :1.11ms cwnd: 240.0 lossRate: 0.0 CC:1 score:0.05 previous_total 590000000 bytes and current_total 596250000 bytes
1661449096.736226 -- INFO: Throughput @47.1s:50.0Mbps, rtt :1.11ms cwnd: 247.0 lossRate: 0.0 CC:1 score:0.05 previous_total 596250000 bytes and current_total 602500000 bytes
1661449097.737173 -- INFO: Throughput @48.1s:50.0Mbps, rtt :1.09ms cwnd: 255.0 lossRate: 0.0 CC:1 score:0.05 previous_total 602500000 bytes and current_total 608750000 bytes
1661449098.738465 -- INFO: Throughput @49.1s:50.0Mbps, rtt :1.09ms cwnd: 262.0 lossRate: 0.0 CC:1 score:0.05 previous_total 608750000 bytes and current_total 615000000 bytes
1661449098.822463 -- INFO: score [0.05, 0.05, 0.05] ******
1661449098.823661 -- INFO: action array from actor -0.9999990463256836 and action is 1 ******
1661449098.829194 -- INFO: Process Status Bits from change concurrency are: 1 0 0 0 0 0 0 0 0 0 0 0 0 0 0 0 0 0 0 0 0 0 0 0 0 0 0 0 0 0 0 0
1661449098.831425 -- INFO: Active CC: 1
1661449099.739473 -- INFO: Throughput @50.1s:50.0Mbps, rtt :1.57ms cwnd: 268.0 lossRate: 0.0 CC:1 score:0.05 previous_total 615000000 bytes and current_total 621250000 bytes
1661449100.740900 -- INFO: Throughput @51.1s:50.0Mbps, rtt :1.31ms cwnd: 276.0 lossRate: 0.0 CC:1 score:0.05 previous_total 621250000 bytes and current_total 627500000 bytes
1661449101.741747 -- INFO: Throughput @52.1s:50.0Mbps, rtt :1.28ms cwnd: 283.0 lossRate: 0.0 CC:1 score:0.05 previous_total 627500000 bytes and current_total 633750000 bytes
1661449102.332551 -- INFO: score [0.05, 0.05, 0.05] ******
1661449102.333826 -- INFO: action array from actor -0.9999996423721313 and action is 1 ******
1661449102.338873 -- INFO: Process Status Bits from change concurrency are: 1 0 0 0 0 0 0 0 0 0 0 0 0 0 0 0 0 0 0 0 0 0 0 0 0 0 0 0 0 0 0 0
1661449102.342348 -- INFO: Active CC: 1
1661449102.742476 -- INFO: Throughput @53.1s:50.0Mbps, rtt :1.32ms cwnd: 290.0 lossRate: 0.0 CC:1 score:0.05 previous_total 633750000 bytes and current_total 640000000 bytes
1661449103.742934 -- INFO: Throughput @54.1s:50.0Mbps, rtt :1.54ms cwnd: 297.0 lossRate: 0.0 CC:1 score:0.05 previous_total 640000000 bytes and current_total 646250000 bytes
1661449104.744428 -- INFO: Throughput @55.1s:50.0Mbps, rtt :1.44ms cwnd: 304.0 lossRate: 0.0 CC:1 score:0.05 previous_total 646250000 bytes and current_total 652500000 bytes
1661449105.745431 -- INFO: Throughput @56.1s:50.0Mbps, rtt :1.4ms cwnd: 309.0 lossRate: 0.0 CC:1 score:0.05 previous_total 652500000 bytes and current_total 658750000 bytes
1661449105.843349 -- INFO: score [0.05, 0.05, 0.05] ******
1661449105.844570 -- INFO: action array from actor -0.9999998807907104 and action is 1 ******
1661449105.849176 -- INFO: Process Status Bits from change concurrency are: 1 0 0 0 0 0 0 0 0 0 0 0 0 0 0 0 0 0 0 0 0 0 0 0 0 0 0 0 0 0 0 0
1661449105.851910 -- INFO: Active CC: 1
1661449106.746836 -- INFO: Throughput @57.1s:50.0Mbps, rtt :2.32ms cwnd: 314.0 lossRate: 0.0 CC:1 score:0.05 previous_total 658750000 bytes and current_total 665000000 bytes
1661449107.747798 -- INFO: Throughput @58.1s:50.0Mbps, rtt :2.33ms cwnd: 319.0 lossRate: 0.0 CC:1 score:0.05 previous_total 665000000 bytes and current_total 671250000 bytes
1661449108.748781 -- INFO: Throughput @59.1s:50.0Mbps, rtt :3.43ms cwnd: 323.0 lossRate: 0.0 CC:1 score:0.05 previous_total 671250000 bytes and current_total 677500000 bytes
1661449109.353004 -- INFO: score [0.05, 0.05, 0.05] ******
1661449109.354369 -- INFO: action array from actor -0.9999999403953552 and action is 1 ******
1661449109.359169 -- INFO: Process Status Bits from change concurrency are: 1 0 0 0 0 0 0 0 0 0 0 0 0 0 0 0 0 0 0 0 0 0 0 0 0 0 0 0 0 0 0 0
1661449109.362309 -- INFO: Active CC: 1
1661449109.749161 -- INFO: Throughput @60.1s:50.0Mbps, rtt :2.3ms cwnd: 324.0 lossRate: 0.0 CC:1 score:0.05 previous_total 677500000 bytes and current_total 683750000 bytes
1661449110.749188 -- INFO: Throughput @61.1s:50.0Mbps, rtt :3.69ms cwnd: 326.0 lossRate: 0.0 CC:1 score:0.05 previous_total 683750000 bytes and current_total 690000000 bytes
1661449111.750715 -- INFO: Throughput @62.1s:50.0Mbps, rtt :3.24ms cwnd: 327.0 lossRate: 0.0 CC:1 score:0.05 previous_total 690000000 bytes and current_total 696250000 bytes
1661449112.753577 -- INFO: Throughput @63.1s:50.0Mbps, rtt :10.57ms cwnd: 328.0 lossRate: 0.0 CC:1 score:0.05 previous_total 696250000 bytes and current_total 702500000 bytes
1661449112.863353 -- INFO: score [0.05, 0.05, 0.05] ******
1661449112.864616 -- INFO: action array from actor -0.9999999403953552 and action is 1 ******
1661449112.868588 -- INFO: Process Status Bits from change concurrency are: 1 0 0 0 0 0 0 0 0 0 0 0 0 0 0 0 0 0 0 0 0 0 0 0 0 0 0 0 0 0 0 0
1661449112.871280 -- INFO: Active CC: 1
1661449113.754500 -- INFO: Throughput @64.1s:50.0Mbps, rtt :7.14ms cwnd: 328.0 lossRate: 0.0 CC:1 score:0.05 previous_total 702500000 bytes and current_total 708750000 bytes
1661449114.754828 -- INFO: Throughput @65.1s:50.0Mbps, rtt :13.28ms cwnd: 328.0 lossRate: 0.0 CC:1 score:0.05 previous_total 708750000 bytes and current_total 715000000 bytes
1661449115.756952 -- INFO: Throughput @66.1s:50.0Mbps, rtt :7.51ms cwnd: 328.0 lossRate: 0.0 CC:1 score:0.05 previous_total 715000000 bytes and current_total 721250000 bytes
1661449116.372384 -- INFO: score [0.05, 0.05, 0.05] ******
1661449116.373664 -- INFO: action array from actor -1.0 and action is 1 ******
1661449116.378658 -- INFO: Process Status Bits from change concurrency are: 1 0 0 0 0 0 0 0 0 0 0 0 0 0 0 0 0 0 0 0 0 0 0 0 0 0 0 0 0 0 0 0
1661449116.381306 -- INFO: Active CC: 1
1661449116.757368 -- INFO: Throughput @67.1s:50.0Mbps, rtt :7.47ms cwnd: 328.0 lossRate: 0.0 CC:1 score:0.05 previous_total 721250000 bytes and current_total 727500000 bytes
1661449117.757494 -- INFO: Throughput @68.1s:50.0Mbps, rtt :5.04ms cwnd: 328.0 lossRate: 0.0 CC:1 score:0.05 previous_total 727500000 bytes and current_total 733750000 bytes
1661449118.759268 -- INFO: Throughput @69.1s:50.0Mbps, rtt :6.72ms cwnd: 328.0 lossRate: 0.0 CC:1 score:0.05 previous_total 733750000 bytes and current_total 740000000 bytes
1661449119.760230 -- INFO: Throughput @70.1s:50.0Mbps, rtt :6.69ms cwnd: 328.0 lossRate: 0.0 CC:1 score:0.05 previous_total 740000000 bytes and current_total 746250000 bytes
1661449119.882525 -- INFO: score [0.05, 0.05, 0.05] ******
1661449119.883791 -- INFO: action array from actor -0.9999999403953552 and action is 1 ******
1661449119.889167 -- INFO: Process Status Bits from change concurrency are: 1 0 0 0 0 0 0 0 0 0 0 0 0 0 0 0 0 0 0 0 0 0 0 0 0 0 0 0 0 0 0 0
1661449119.893728 -- INFO: Active CC: 1
1661449120.759875 -- INFO: Throughput @71.1s:50.0Mbps, rtt :4.97ms cwnd: 328.0 lossRate: 0.0 CC:1 score:0.05 previous_total 746250000 bytes and current_total 752500000 bytes
1661449121.763267 -- INFO: Throughput @72.1s:50.0Mbps, rtt :5.05ms cwnd: 328.0 lossRate: 0.0 CC:1 score:0.05 previous_total 752500000 bytes and current_total 758750000 bytes
1661449122.761767 -- INFO: Throughput @73.1s:50.0Mbps, rtt :8.0ms cwnd: 328.0 lossRate: 0.0 CC:1 score:0.05 previous_total 758750000 bytes and current_total 765000000 bytes
1661449123.394864 -- INFO: score [0.05, 0.05, 0.05] ******
1661449123.396165 -- INFO: action array from actor -0.9999999403953552 and action is 1 ******
1661449123.400347 -- INFO: Process Status Bits from change concurrency are: 1 0 0 0 0 0 0 0 0 0 0 0 0 0 0 0 0 0 0 0 0 0 0 0 0 0 0 0 0 0 0 0
1661449123.404679 -- INFO: Active CC: 1
1661449123.764991 -- INFO: Throughput @74.1s:50.0Mbps, rtt :9.63ms cwnd: 328.0 lossRate: 0.0 CC:1 score:0.05 previous_total 765000000 bytes and current_total 771250000 bytes
1661449124.763824 -- INFO: Throughput @75.1s:50.0Mbps, rtt :7.02ms cwnd: 328.0 lossRate: 0.0 CC:1 score:0.05 previous_total 771250000 bytes and current_total 777500000 bytes
1661449125.763896 -- INFO: Throughput @76.1s:50.0Mbps, rtt :6.92ms cwnd: 328.0 lossRate: 0.0 CC:1 score:0.05 previous_total 777500000 bytes and current_total 783750000 bytes
1661449126.766152 -- INFO: Throughput @77.1s:50.0Mbps, rtt :7.48ms cwnd: 328.0 lossRate: 0.0 CC:1 score:0.05 previous_total 783750000 bytes and current_total 790000000 bytes
1661449126.905740 -- INFO: score [0.05, 0.05, 0.05] ******
1661449126.906990 -- INFO: action array from actor -0.9999999403953552 and action is 1 ******
1661449126.911818 -- INFO: Process Status Bits from change concurrency are: 1 0 0 0 0 0 0 0 0 0 0 0 0 0 0 0 0 0 0 0 0 0 0 0 0 0 0 0 0 0 0 0
1661449126.916070 -- INFO: Active CC: 1
1661449127.768896 -- INFO: Throughput @78.1s:50.0Mbps, rtt :8.08ms cwnd: 328.0 lossRate: 0.0 CC:1 score:0.05 previous_total 790000000 bytes and current_total 796250000 bytes
1661449128.769310 -- INFO: Throughput @79.1s:50.0Mbps, rtt :10.42ms cwnd: 328.0 lossRate: 0.0 CC:1 score:0.05 previous_total 796250000 bytes and current_total 802500000 bytes
1661449129.772691 -- INFO: Throughput @80.1s:50.0Mbps, rtt :9.3ms cwnd: 328.0 lossRate: 0.0 CC:1 score:0.05 previous_total 802500000 bytes and current_total 808750000 bytes
1661449130.417142 -- INFO: score [0.05, 0.05, 0.05] ******
1661449130.418584 -- INFO: action array from actor -1.0 and action is 1 ******
1661449130.423561 -- INFO: Process Status Bits from change concurrency are: 1 0 0 0 0 0 0 0 0 0 0 0 0 0 0 0 0 0 0 0 0 0 0 0 0 0 0 0 0 0 0 0
1661449130.426888 -- INFO: Active CC: 1
1661449130.774522 -- INFO: Throughput @81.1s:50.0Mbps, rtt :6.22ms cwnd: 229.0 lossRate: 0.00507380073800738 CC:1 score:0.05 previous_total 808750000 bytes and current_total 815000000 bytes
1661449131.771016 -- INFO: Throughput @82.1s:50.0Mbps, rtt :9.49ms cwnd: 229.0 lossRate: 0.0 CC:1 score:0.05 previous_total 815000000 bytes and current_total 821250000 bytes
1661449132.772995 -- INFO: Throughput @83.1s:50.0Mbps, rtt :13.9ms cwnd: 229.0 lossRate: 0.0 CC:1 score:0.05 previous_total 821250000 bytes and current_total 827500000 bytes
1661449133.772842 -- INFO: Throughput @84.1s:50.0Mbps, rtt :13.88ms cwnd: 229.0 lossRate: 0.0 CC:1 score:0.05 previous_total 827500000 bytes and current_total 833750000 bytes
1661449133.927990 -- INFO: score [0.05, 0.05, 0.05] ******
1661449133.929224 -- INFO: action array from actor -0.9999991655349731 and action is 1 ******
1661449133.932760 -- INFO: Process Status Bits from change concurrency are: 1 0 0 0 0 0 0 0 0 0 0 0 0 0 0 0 0 0 0 0 0 0 0 0 0 0 0 0 0 0 0 0
1661449133.936686 -- INFO: Active CC: 1
1661449134.773925 -- INFO: Throughput @85.1s:50.0Mbps, rtt :12.06ms cwnd: 229.0 lossRate: 0.0 CC:1 score:0.05 previous_total 833750000 bytes and current_total 840000000 bytes
1661449135.788452 -- INFO: Throughput @86.1s:50.0Mbps, rtt :4.41ms cwnd: 229.0 lossRate: 0.0 CC:1 score:0.05 previous_total 840000000 bytes and current_total 846250000 bytes
1661449136.776813 -- INFO: Throughput @87.1s:50.0Mbps, rtt :13.44ms cwnd: 229.0 lossRate: 0.0 CC:1 score:0.05 previous_total 846250000 bytes and current_total 852500000 bytes
1661449137.437748 -- INFO: score [0.05, 0.05, 0.05] ******
1661449137.439115 -- INFO: action array from actor -0.9999972581863403 and action is 1 ******
1661449137.444545 -- INFO: Process Status Bits from change concurrency are: 1 0 0 0 0 0 0 0 0 0 0 0 0 0 0 0 0 0 0 0 0 0 0 0 0 0 0 0 0 0 0 0
1661449137.447274 -- INFO: Active CC: 1
1661449137.776562 -- INFO: Throughput @88.1s:50.0Mbps, rtt :12.52ms cwnd: 229.0 lossRate: 0.0 CC:1 score:0.05 previous_total 852500000 bytes and current_total 858750000 bytes
1661449138.778615 -- INFO: Throughput @89.1s:50.0Mbps, rtt :7.34ms cwnd: 229.0 lossRate: 0.0 CC:1 score:0.05 previous_total 858750000 bytes and current_total 865000000 bytes
1661449139.779899 -- INFO: Throughput @90.1s:50.0Mbps, rtt :8.36ms cwnd: 229.0 lossRate: 0.0 CC:1 score:0.05 previous_total 865000000 bytes and current_total 871250000 bytes
1661449140.781274 -- INFO: Throughput @91.1s:50.0Mbps, rtt :8.86ms cwnd: 229.0 lossRate: 0.0 CC:1 score:0.05 previous_total 871250000 bytes and current_total 877500000 bytes
1661449140.948396 -- INFO: score [0.05, 0.05, 0.05] ******
1661449140.949808 -- INFO: action array from actor -0.9999979138374329 and action is 1 ******
1661449140.953555 -- INFO: Process Status Bits from change concurrency are: 1 0 0 0 0 0 0 0 0 0 0 0 0 0 0 0 0 0 0 0 0 0 0 0 0 0 0 0 0 0 0 0
1661449140.956754 -- INFO: Active CC: 1
1661449141.780300 -- INFO: Throughput @92.1s:50.0Mbps, rtt :11.21ms cwnd: 229.0 lossRate: 0.0 CC:1 score:0.05 previous_total 877500000 bytes and current_total 883750000 bytes
1661449142.783357 -- INFO: Throughput @93.1s:50.0Mbps, rtt :11.44ms cwnd: 229.0 lossRate: 0.0 CC:1 score:0.05 previous_total 883750000 bytes and current_total 890000000 bytes
1661449143.783513 -- INFO: Throughput @94.1s:50.0Mbps, rtt :6.62ms cwnd: 229.0 lossRate: 0.0 CC:1 score:0.05 previous_total 890000000 bytes and current_total 896250000 bytes
1661449144.457819 -- INFO: score [0.05, 0.05, 0.05] ******
1661449144.459069 -- INFO: action array from actor -0.9999980330467224 and action is 1 ******
1661449144.463499 -- INFO: Process Status Bits from change concurrency are: 1 0 0 0 0 0 0 0 0 0 0 0 0 0 0 0 0 0 0 0 0 0 0 0 0 0 0 0 0 0 0 0
1661449144.466817 -- INFO: Active CC: 1
1661449144.784563 -- INFO: Throughput @95.1s:50.0Mbps, rtt :6.3ms cwnd: 229.0 lossRate: 0.0 CC:1 score:0.05 previous_total 896250000 bytes and current_total 902500000 bytes
1661449145.787283 -- INFO: Throughput @96.1s:50.0Mbps, rtt :10.14ms cwnd: 229.0 lossRate: 0.0 CC:1 score:0.05 previous_total 902500000 bytes and current_total 908750000 bytes
1661449146.787903 -- INFO: Throughput @97.1s:50.0Mbps, rtt :7.79ms cwnd: 229.0 lossRate: 0.0 CC:1 score:0.05 previous_total 908750000 bytes and current_total 915000000 bytes
1661449147.786152 -- INFO: Throughput @98.1s:50.0Mbps, rtt :7.15ms cwnd: 229.0 lossRate: 0.0 CC:1 score:0.05 previous_total 915000000 bytes and current_total 921250000 bytes
1661449147.968274 -- INFO: score [0.05, 0.05, 0.05] ******
1661449147.970054 -- INFO: action array from actor -0.9999972581863403 and action is 1 ******
1661449147.975538 -- INFO: Process Status Bits from change concurrency are: 1 0 0 0 0 0 0 0 0 0 0 0 0 0 0 0 0 0 0 0 0 0 0 0 0 0 0 0 0 0 0 0
1661449147.979027 -- INFO: Active CC: 1
1661449148.788400 -- INFO: Throughput @99.1s:50.0Mbps, rtt :6.98ms cwnd: 229.0 lossRate: 0.0 CC:1 score:0.05 previous_total 921250000 bytes and current_total 927500000 bytes
1661449149.789433 -- INFO: Throughput @100.1s:50.0Mbps, rtt :10.06ms cwnd: 229.0 lossRate: 0.0 CC:1 score:0.05 previous_total 927500000 bytes and current_total 933750000 bytes
1661449150.790345 -- INFO: Throughput @101.1s:50.0Mbps, rtt :6.19ms cwnd: 229.0 lossRate: 0.0 CC:1 score:0.05 previous_total 933750000 bytes and current_total 940000000 bytes
1661449151.480202 -- INFO: score [0.05, 0.05, 0.05] ******
1661449151.481550 -- INFO: action array from actor -0.9999979734420776 and action is 1 ******
1661449151.487359 -- INFO: Process Status Bits from change concurrency are: 1 0 0 0 0 0 0 0 0 0 0 0 0 0 0 0 0 0 0 0 0 0 0 0 0 0 0 0 0 0 0 0
1661449151.491170 -- INFO: Active CC: 1
1661449151.789834 -- INFO: Throughput @102.1s:50.0Mbps, rtt :9.66ms cwnd: 229.0 lossRate: 0.0 CC:1 score:0.05 previous_total 940000000 bytes and current_total 946250000 bytes
1661449152.791959 -- INFO: Throughput @103.2s:45.45Mbps, rtt :7.08ms cwnd: 229.0 lossRate: 0.0 CC:1 score:0.04 previous_total 946250000 bytes and current_total 952500000 bytes
1661449153.792878 -- INFO: Throughput @104.2s:50.0Mbps, rtt :8.49ms cwnd: 229.0 lossRate: 0.0 CC:1 score:0.05 previous_total 952500000 bytes and current_total 958750000 bytes
1661449154.796057 -- INFO: Throughput @105.2s:50.0Mbps, rtt :4.61ms cwnd: 229.0 lossRate: 0.0 CC:1 score:0.05 previous_total 958750000 bytes and current_total 965000000 bytes
1661449154.992278 -- INFO: score [0.04, 0.05, 0.05] ******
1661449154.993502 -- INFO: action array from actor -0.9999961853027344 and action is 1 ******
1661449154.997028 -- INFO: Process Status Bits from change concurrency are: 1 0 0 0 0 0 0 0 0 0 0 0 0 0 0 0 0 0 0 0 0 0 0 0 0 0 0 0 0 0 0 0
1661449155.000523 -- INFO: Active CC: 1
1661449155.794568 -- INFO: Throughput @106.2s:50.0Mbps, rtt :4.56ms cwnd: 229.0 lossRate: 0.0 CC:1 score:0.05 previous_total 965000000 bytes and current_total 971250000 bytes
1661449156.798102 -- INFO: Throughput @107.2s:50.0Mbps, rtt :5.98ms cwnd: 229.0 lossRate: 0.0 CC:1 score:0.05 previous_total 971250000 bytes and current_total 977500000 bytes
1661449157.811659 -- INFO: Throughput @108.2s:50.0Mbps, rtt :10.69ms cwnd: 229.0 lossRate: 0.0 CC:1 score:0.05 previous_total 977500000 bytes and current_total 983750000 bytes
1661449158.501593 -- INFO: score [0.05, 0.05, 0.05] ******
1661449158.502917 -- INFO: action array from actor -0.9999977350234985 and action is 1 ******
1661449158.508595 -- INFO: Process Status Bits from change concurrency are: 1 0 0 0 0 0 0 0 0 0 0 0 0 0 0 0 0 0 0 0 0 0 0 0 0 0 0 0 0 0 0 0
1661449158.511957 -- INFO: Active CC: 1
1661449158.806233 -- INFO: Throughput @109.2s:50.0Mbps, rtt :7.61ms cwnd: 229.0 lossRate: 0.0 CC:1 score:0.05 previous_total 983750000 bytes and current_total 990000000 bytes
1661449159.797349 -- INFO: Throughput @110.2s:50.0Mbps, rtt :6.32ms cwnd: 229.0 lossRate: 0.0 CC:1 score:0.05 previous_total 990000000 bytes and current_total 996250000 bytes
1661449160.798773 -- INFO: Throughput @111.2s:50.0Mbps, rtt :7.18ms cwnd: 229.0 lossRate: 0.0 CC:1 score:0.05 previous_total 996250000 bytes and current_total 1002500000 bytes
1661449161.800115 -- INFO: Throughput @112.2s:50.0Mbps, rtt :6.15ms cwnd: 229.0 lossRate: 0.0 CC:1 score:0.05 previous_total 1002500000 bytes and current_total 1008750000 bytes
1661449162.013071 -- INFO: score [0.05, 0.05, 0.05] ******
1661449162.014281 -- INFO: action array from actor -0.9999973177909851 and action is 1 ******
1661449162.018329 -- INFO: Process Status Bits from change concurrency are: 1 0 0 0 0 0 0 0 0 0 0 0 0 0 0 0 0 0 0 0 0 0 0 0 0 0 0 0 0 0 0 0
1661449162.021425 -- INFO: Active CC: 1
1661449162.799787 -- INFO: Throughput @113.2s:50.0Mbps, rtt :1.19ms cwnd: 232.0 lossRate: 0.0 CC:1 score:0.05 previous_total 1008750000 bytes and current_total 1015000000 bytes
1661449163.801212 -- INFO: Throughput @114.2s:50.0Mbps, rtt :1.23ms cwnd: 240.0 lossRate: 0.0 CC:1 score:0.05 previous_total 1015000000 bytes and current_total 1021250000 bytes
1661449164.801705 -- INFO: Throughput @115.2s:50.0Mbps, rtt :1.08ms cwnd: 247.0 lossRate: 0.0 CC:1 score:0.05 previous_total 1021250000 bytes and current_total 1027500000 bytes
1661449165.522562 -- INFO: score [0.05, 0.05, 0.05] ******
1661449165.523832 -- INFO: action array from actor -0.9999982714653015 and action is 1 ******
1661449165.529189 -- INFO: Process Status Bits from change concurrency are: 1 0 0 0 0 0 0 0 0 0 0 0 0 0 0 0 0 0 0 0 0 0 0 0 0 0 0 0 0 0 0 0
1661449165.531778 -- INFO: Active CC: 1
1661449165.802959 -- INFO: Throughput @116.2s:50.0Mbps, rtt :1.2ms cwnd: 254.0 lossRate: 0.0 CC:1 score:0.05 previous_total 1027500000 bytes and current_total 1033750000 bytes
1661449166.804796 -- INFO: Throughput @117.2s:50.0Mbps, rtt :1.53ms cwnd: 261.0 lossRate: 0.0 CC:1 score:0.05 previous_total 1033750000 bytes and current_total 1040000000 bytes
1661449167.805043 -- INFO: Throughput @118.2s:50.0Mbps, rtt :1.25ms cwnd: 268.0 lossRate: 0.0 CC:1 score:0.05 previous_total 1040000000 bytes and current_total 1046250000 bytes
1661449168.807140 -- INFO: Throughput @119.2s:50.0Mbps, rtt :1.6ms cwnd: 275.0 lossRate: 0.0 CC:1 score:0.05 previous_total 1046250000 bytes and current_total 1052500000 bytes
1661449169.032857 -- INFO: score [0.05, 0.05, 0.05] ******
1661449169.034057 -- INFO: action array from actor -0.999999463558197 and action is 1 ******
1661449169.040069 -- INFO: Process Status Bits from change concurrency are: 1 0 0 0 0 0 0 0 0 0 0 0 0 0 0 0 0 0 0 0 0 0 0 0 0 0 0 0 0 0 0 0
1661449169.044206 -- INFO: Active CC: 1
1661449169.807162 -- INFO: Throughput @120.2s:50.0Mbps, rtt :1.32ms cwnd: 282.0 lossRate: 0.0 CC:1 score:0.05 previous_total 1052500000 bytes and current_total 1058750000 bytes
1661449170.809118 -- INFO: Throughput @121.2s:50.0Mbps, rtt :1.33ms cwnd: 289.0 lossRate: 0.0 CC:1 score:0.05 previous_total 1058750000 bytes and current_total 1065000000 bytes
1661449171.808574 -- INFO: Throughput @122.2s:50.0Mbps, rtt :1.41ms cwnd: 297.0 lossRate: 0.0 CC:1 score:0.05 previous_total 1065000000 bytes and current_total 1071250000 bytes
1661449172.545240 -- INFO: score [0.05, 0.05, 0.05] ******
1661449172.546500 -- INFO: action array from actor -0.9999998211860657 and action is 1 ******
1661449172.551615 -- INFO: Process Status Bits from change concurrency are: 1 0 0 0 0 0 0 0 0 0 0 0 0 0 0 0 0 0 0 0 0 0 0 0 0 0 0 0 0 0 0 0
1661449172.554618 -- INFO: Active CC: 1
1661449172.810871 -- INFO: Throughput @123.2s:50.0Mbps, rtt :2.15ms cwnd: 303.0 lossRate: 0.0 CC:1 score:0.05 previous_total 1071250000 bytes and current_total 1077500000 bytes
1661449173.812060 -- INFO: Throughput @124.2s:50.0Mbps, rtt :1.99ms cwnd: 308.0 lossRate: 0.0 CC:1 score:0.05 previous_total 1077500000 bytes and current_total 1083750000 bytes
1661449174.811659 -- INFO: Throughput @125.2s:50.0Mbps, rtt :2.29ms cwnd: 312.0 lossRate: 0.0 CC:1 score:0.05 previous_total 1083750000 bytes and current_total 1090000000 bytes
1661449175.812983 -- INFO: Throughput @126.2s:50.0Mbps, rtt :2.03ms cwnd: 314.0 lossRate: 0.0 CC:1 score:0.05 previous_total 1090000000 bytes and current_total 1096250000 bytes
1661449176.055694 -- INFO: score [0.05, 0.05, 0.05] ******
1661449176.056911 -- INFO: action array from actor -0.9999998807907104 and action is 1 ******
1661449176.059793 -- INFO: Process Status Bits from change concurrency are: 1 0 0 0 0 0 0 0 0 0 0 0 0 0 0 0 0 0 0 0 0 0 0 0 0 0 0 0 0 0 0 0
1661449176.062734 -- INFO: Active CC: 1
1661449176.815681 -- INFO: Throughput @127.2s:50.0Mbps, rtt :2.22ms cwnd: 314.0 lossRate: 0.0 CC:1 score:0.05 previous_total 1096250000 bytes and current_total 1102500000 bytes
1661449177.814479 -- INFO: Throughput @128.2s:50.0Mbps, rtt :2.62ms cwnd: 317.0 lossRate: 0.0 CC:1 score:0.05 previous_total 1102500000 bytes and current_total 1108750000 bytes
1661449178.815524 -- INFO: Throughput @129.2s:50.0Mbps, rtt :2.21ms cwnd: 322.0 lossRate: 0.0 CC:1 score:0.05 previous_total 1108750000 bytes and current_total 1115000000 bytes
1661449179.563832 -- INFO: score [0.05, 0.05, 0.05] ******
1661449179.565115 -- INFO: action array from actor -0.9999999403953552 and action is 1 ******
1661449179.570879 -- INFO: Process Status Bits from change concurrency are: 1 0 0 0 0 0 0 0 0 0 0 0 0 0 0 0 0 0 0 0 0 0 0 0 0 0 0 0 0 0 0 0
1661449179.574355 -- INFO: Active CC: 1
1661449179.817261 -- INFO: Throughput @130.2s:50.0Mbps, rtt :2.49ms cwnd: 324.0 lossRate: 0.0 CC:1 score:0.05 previous_total 1115000000 bytes and current_total 1121250000 bytes
1661449180.818968 -- INFO: Throughput @131.2s:50.0Mbps, rtt :2.14ms cwnd: 325.0 lossRate: 0.0 CC:1 score:0.05 previous_total 1121250000 bytes and current_total 1127500000 bytes
1661449181.824563 -- INFO: Throughput @132.2s:50.0Mbps, rtt :10.69ms cwnd: 228.0 lossRate: 0.0003079765937788728 CC:1 score:0.05 previous_total 1127500000 bytes and current_total 1133750000 bytes
1661449182.822757 -- INFO: Throughput @133.2s:35.0Mbps, rtt :12.85ms cwnd: 159.0 lossRate: 0.007256392536281963 CC:1 score:0.03 previous_total 1133750000 bytes and current_total 1138125000 bytes
1661449183.075469 -- INFO: score [0.05, 0.05, 0.03] ******
1661449183.076704 -- INFO: action array from actor -0.9984912276268005 and action is 1 ******
1661449183.083485 -- INFO: Process Status Bits from change concurrency are: 1 0 0 0 0 0 0 0 0 0 0 0 0 0 0 0 0 0 0 0 0 0 0 0 0 0 0 0 0 0 0 0
1661449183.086705 -- INFO: Active CC: 1
1661449183.822335 -- INFO: Throughput @134.2s:35.0Mbps, rtt :15.22ms cwnd: 159.0 lossRate: 0.0 CC:1 score:0.03 previous_total 1138125000 bytes and current_total 1142500000 bytes
1661449184.822774 -- INFO: Throughput @135.2s:35.0Mbps, rtt :9.88ms cwnd: 111.0 lossRate: 0.005876253024541998 CC:1 score:0.03 previous_total 1142500000 bytes and current_total 1146875000 bytes
1661449185.824953 -- INFO: Throughput @136.2s:35.0Mbps, rtt :10.84ms cwnd: 111.0 lossRate: 0.0 CC:1 score:0.03 previous_total 1146875000 bytes and current_total 1151250000 bytes
1661449186.587821 -- INFO: score [0.03, 0.03, 0.03] ******
1661449186.589086 -- INFO: action array from actor -0.9985479116439819 and action is 1 ******
1661449186.593853 -- INFO: Process Status Bits from change concurrency are: 1 0 0 0 0 0 0 0 0 0 0 0 0 0 0 0 0 0 0 0 0 0 0 0 0 0 0 0 0 0 0 0
1661449186.597010 -- INFO: Active CC: 1
1661449186.824952 -- INFO: Throughput @137.2s:30.0Mbps, rtt :11.92ms cwnd: 111.0 lossRate: 0.0 CC:1 score:0.03 previous_total 1151250000 bytes and current_total 1155000000 bytes
1661449187.826057 -- INFO: Throughput @138.2s:35.0Mbps, rtt :11.63ms cwnd: 111.0 lossRate: 0.0 CC:1 score:0.03 previous_total 1155000000 bytes and current_total 1159375000 bytes
1661449188.827166 -- INFO: Throughput @139.2s:35.0Mbps, rtt :9.05ms cwnd: 111.0 lossRate: 0.0 CC:1 score:0.03 previous_total 1159375000 bytes and current_total 1163750000 bytes
1661449189.826753 -- INFO: Throughput @140.2s:30.0Mbps, rtt :8.09ms cwnd: 111.0 lossRate: 0.0 CC:1 score:0.03 previous_total 1163750000 bytes and current_total 1167500000 bytes
1661449190.098140 -- INFO: score [0.03, 0.03, 0.03] ******
1661449190.099329 -- INFO: action array from actor -0.9995531439781189 and action is 1 ******
1661449190.104921 -- INFO: Process Status Bits from change concurrency are: 1 0 0 0 0 0 0 0 0 0 0 0 0 0 0 0 0 0 0 0 0 0 0 0 0 0 0 0 0 0 0 0
1661449190.107418 -- INFO: Active CC: 1
1661449190.829298 -- INFO: Throughput @141.2s:35.0Mbps, rtt :12.58ms cwnd: 111.0 lossRate: 0.0 CC:1 score:0.03 previous_total 1167500000 bytes and current_total 1171875000 bytes
1661449191.830899 -- INFO: Throughput @142.2s:30.0Mbps, rtt :13.21ms cwnd: 111.0 lossRate: 0.0 CC:1 score:0.03 previous_total 1171875000 bytes and current_total 1175625000 bytes
1661449192.830892 -- INFO: Throughput @143.2s:35.0Mbps, rtt :11.03ms cwnd: 111.0 lossRate: 0.0 CC:1 score:0.03 previous_total 1175625000 bytes and current_total 1180000000 bytes
1661449193.608523 -- INFO: score [0.03, 0.03, 0.03] ******
1661449193.609762 -- INFO: action array from actor -0.999606728553772 and action is 1 ******
1661449193.613828 -- INFO: Process Status Bits from change concurrency are: 1 0 0 0 0 0 0 0 0 0 0 0 0 0 0 0 0 0 0 0 0 0 0 0 0 0 0 0 0 0 0 0
1661449193.617121 -- INFO: Active CC: 1
1661449193.831156 -- INFO: Throughput @144.2s:35.0Mbps, rtt :10.54ms cwnd: 111.0 lossRate: 0.0 CC:1 score:0.03 previous_total 1180000000 bytes and current_total 1184375000 bytes
1661449194.834582 -- INFO: Throughput @145.2s:35.0Mbps, rtt :12.06ms cwnd: 111.0 lossRate: 0.0 CC:1 score:0.03 previous_total 1184375000 bytes and current_total 1188750000 bytes
1661449195.835244 -- INFO: Throughput @146.2s:30.0Mbps, rtt :11.77ms cwnd: 111.0 lossRate: 0.0 CC:1 score:0.03 previous_total 1188750000 bytes and current_total 1192500000 bytes
1661449196.835814 -- INFO: Throughput @147.2s:35.0Mbps, rtt :10.46ms cwnd: 111.0 lossRate: 0.0 CC:1 score:0.03 previous_total 1192500000 bytes and current_total 1196875000 bytes
1661449197.118172 -- INFO: score [0.03, 0.03, 0.03] ******
1661449197.119382 -- INFO: action array from actor -0.9995237588882446 and action is 1 ******
1661449197.127074 -- INFO: Process Status Bits from change concurrency are: 1 0 0 0 0 0 0 0 0 0 0 0 0 0 0 0 0 0 0 0 0 0 0 0 0 0 0 0 0 0 0 0
1661449197.131543 -- INFO: Active CC: 1
1661449197.835974 -- INFO: Throughput @148.2s:35.0Mbps, rtt :6.75ms cwnd: 111.0 lossRate: 0.0 CC:1 score:0.03 previous_total 1196875000 bytes and current_total 1201250000 bytes
1661449198.836198 -- INFO: Throughput @149.2s:30.0Mbps, rtt :10.15ms cwnd: 111.0 lossRate: 0.0 CC:1 score:0.03 previous_total 1201250000 bytes and current_total 1205000000 bytes
1661449199.839121 -- INFO: Throughput @150.2s:35.0Mbps, rtt :10.24ms cwnd: 111.0 lossRate: 0.0 CC:1 score:0.03 previous_total 1205000000 bytes and current_total 1209375000 bytes
1661449200.632760 -- INFO: score [0.03, 0.03, 0.03] ******
1661449200.634040 -- INFO: action array from actor -0.9994037747383118 and action is 1 ******
1661449200.640176 -- INFO: Process Status Bits from change concurrency are: 1 0 0 0 0 0 0 0 0 0 0 0 0 0 0 0 0 0 0 0 0 0 0 0 0 0 0 0 0 0 0 0
1661449200.643848 -- INFO: Active CC: 1
1661449200.839749 -- INFO: Throughput @151.2s:35.0Mbps, rtt :13.05ms cwnd: 111.0 lossRate: 0.0 CC:1 score:0.03 previous_total 1209375000 bytes and current_total 1213750000 bytes
1661449201.840147 -- INFO: Throughput @152.2s:30.0Mbps, rtt :9.84ms cwnd: 111.0 lossRate: 0.0 CC:1 score:0.03 previous_total 1213750000 bytes and current_total 1217500000 bytes
1661449202.841458 -- INFO: Throughput @153.2s:35.0Mbps, rtt :6.38ms cwnd: 111.0 lossRate: 0.0 CC:1 score:0.03 previous_total 1217500000 bytes and current_total 1221875000 bytes
1661449203.843281 -- INFO: Throughput @154.2s:35.0Mbps, rtt :6.44ms cwnd: 111.0 lossRate: 0.0 CC:1 score:0.03 previous_total 1221875000 bytes and current_total 1226250000 bytes
1661449204.145148 -- INFO: score [0.03, 0.03, 0.03] ******
1661449204.146782 -- INFO: action array from actor -0.9986794590950012 and action is 1 ******
1661449204.151004 -- INFO: Process Status Bits from change concurrency are: 1 0 0 0 0 0 0 0 0 0 0 0 0 0 0 0 0 0 0 0 0 0 0 0 0 0 0 0 0 0 0 0
1661449204.155117 -- INFO: Active CC: 1
1661449204.843533 -- INFO: Throughput @155.2s:30.0Mbps, rtt :9.98ms cwnd: 111.0 lossRate: 0.0 CC:1 score:0.03 previous_total 1226250000 bytes and current_total 1230000000 bytes
1661449205.842892 -- INFO: Throughput @156.2s:35.0Mbps, rtt :8.24ms cwnd: 111.0 lossRate: 0.0 CC:1 score:0.03 previous_total 1230000000 bytes and current_total 1234375000 bytes
1661449206.845325 -- INFO: Throughput @157.2s:35.0Mbps, rtt :7.46ms cwnd: 111.0 lossRate: 0.0 CC:1 score:0.03 previous_total 1234375000 bytes and current_total 1238750000 bytes
1661449207.656162 -- INFO: score [0.03, 0.03, 0.03] ******
1661449207.657444 -- INFO: action array from actor -0.9989981651306152 and action is 1 ******
1661449207.661613 -- INFO: Process Status Bits from change concurrency are: 1 0 0 0 0 0 0 0 0 0 0 0 0 0 0 0 0 0 0 0 0 0 0 0 0 0 0 0 0 0 0 0
1661449207.665058 -- INFO: Active CC: 1
1661449207.846871 -- INFO: Throughput @158.2s:30.0Mbps, rtt :7.48ms cwnd: 111.0 lossRate: 0.0 CC:1 score:0.03 previous_total 1238750000 bytes and current_total 1242500000 bytes
1661449208.846323 -- INFO: Throughput @159.2s:35.0Mbps, rtt :9.56ms cwnd: 111.0 lossRate: 0.0 CC:1 score:0.03 previous_total 1242500000 bytes and current_total 1246875000 bytes
1661449209.848097 -- INFO: Throughput @160.2s:35.0Mbps, rtt :9.73ms cwnd: 111.0 lossRate: 0.0 CC:1 score:0.03 previous_total 1246875000 bytes and current_total 1251250000 bytes
1661449210.848935 -- INFO: Throughput @161.2s:30.0Mbps, rtt :8.1ms cwnd: 111.0 lossRate: 0.0 CC:1 score:0.03 previous_total 1251250000 bytes and current_total 1255000000 bytes
1661449211.166165 -- INFO: score [0.03, 0.03, 0.03] ******
1661449211.167378 -- INFO: action array from actor -0.9995521306991577 and action is 1 ******
1661449211.171533 -- INFO: Process Status Bits from change concurrency are: 1 0 0 0 0 0 0 0 0 0 0 0 0 0 0 0 0 0 0 0 0 0 0 0 0 0 0 0 0 0 0 0
1661449211.174886 -- INFO: Active CC: 1
1661449211.848876 -- INFO: Throughput @162.2s:35.0Mbps, rtt :9.58ms cwnd: 111.0 lossRate: 0.0 CC:1 score:0.03 previous_total 1255000000 bytes and current_total 1259375000 bytes
1661449212.851459 -- INFO: Throughput @163.2s:35.0Mbps, rtt :9.49ms cwnd: 111.0 lossRate: 0.0 CC:1 score:0.03 previous_total 1259375000 bytes and current_total 1263750000 bytes
1661449213.852467 -- INFO: Throughput @164.2s:30.0Mbps, rtt :7.77ms cwnd: 111.0 lossRate: 0.0 CC:1 score:0.03 previous_total 1263750000 bytes and current_total 1267500000 bytes
1661449214.675945 -- INFO: score [0.03, 0.03, 0.03] ******
1661449214.677175 -- INFO: action array from actor -0.9995306134223938 and action is 1 ******
1661449214.681796 -- INFO: Process Status Bits from change concurrency are: 1 0 0 0 0 0 0 0 0 0 0 0 0 0 0 0 0 0 0 0 0 0 0 0 0 0 0 0 0 0 0 0
1661449214.686198 -- INFO: Active CC: 1
1661449214.853295 -- INFO: Throughput @165.2s:35.0Mbps, rtt :9.23ms cwnd: 111.0 lossRate: 0.0 CC:1 score:0.03 previous_total 1267500000 bytes and current_total 1271875000 bytes
1661449215.854896 -- INFO: Throughput @166.2s:35.0Mbps, rtt :9.82ms cwnd: 111.0 lossRate: 0.0 CC:1 score:0.03 previous_total 1271875000 bytes and current_total 1276250000 bytes
1661449216.854271 -- INFO: Throughput @167.2s:30.0Mbps, rtt :13.69ms cwnd: 111.0 lossRate: 0.0 CC:1 score:0.03 previous_total 1276250000 bytes and current_total 1280000000 bytes
1661449217.856062 -- INFO: Throughput @168.2s:35.0Mbps, rtt :12.95ms cwnd: 111.0 lossRate: 0.0 CC:1 score:0.03 previous_total 1280000000 bytes and current_total 1284375000 bytes
1661449218.187346 -- INFO: score [0.03, 0.03, 0.03] ******
1661449218.188580 -- INFO: action array from actor -0.9996397495269775 and action is 1 ******
1661449218.193723 -- INFO: Process Status Bits from change concurrency are: 1 0 0 0 0 0 0 0 0 0 0 0 0 0 0 0 0 0 0 0 0 0 0 0 0 0 0 0 0 0 0 0
1661449218.196920 -- INFO: Active CC: 1
1661449218.857231 -- INFO: Throughput @169.2s:35.0Mbps, rtt :10.23ms cwnd: 111.0 lossRate: 0.0 CC:1 score:0.03 previous_total 1284375000 bytes and current_total 1288750000 bytes
1661449219.857781 -- INFO: Throughput @170.2s:30.0Mbps, rtt :10.04ms cwnd: 111.0 lossRate: 0.0 CC:1 score:0.03 previous_total 1288750000 bytes and current_total 1292500000 bytes
1661449220.860134 -- INFO: Throughput @171.2s:35.0Mbps, rtt :12.67ms cwnd: 111.0 lossRate: 0.0 CC:1 score:0.03 previous_total 1292500000 bytes and current_total 1296875000 bytes
1661449221.698092 -- INFO: score [0.03, 0.03, 0.03] ******
1661449221.699293 -- INFO: action array from actor -0.9994118213653564 and action is 1 ******
1661449221.704452 -- INFO: Process Status Bits from change concurrency are: 1 0 0 0 0 0 0 0 0 0 0 0 0 0 0 0 0 0 0 0 0 0 0 0 0 0 0 0 0 0 0 0
1661449221.707938 -- INFO: Active CC: 1
1661449221.860291 -- INFO: Throughput @172.2s:35.0Mbps, rtt :12.0ms cwnd: 111.0 lossRate: 0.0 CC:1 score:0.03 previous_total 1296875000 bytes and current_total 1301250000 bytes
1661449222.861257 -- INFO: Throughput @173.2s:30.0Mbps, rtt :8.9ms cwnd: 111.0 lossRate: 0.0 CC:1 score:0.03 previous_total 1301250000 bytes and current_total 1305000000 bytes
1661449223.786641 -- INFO: Process 0 finished on working on file 5 
1661449223.787808 -- INFO: Process 0 found Queue Empty : False
1661449223.788235 -- INFO: Process 0 get item 16 from queue and executing
1661449223.862124 -- INFO: Throughput @174.2s:35.0Mbps, rtt :9.96ms cwnd: 111.0 lossRate: 0.0 CC:1 score:0.03 previous_total 1305000000 bytes and current_total 1309375000 bytes
1661449223.935377 -- INFO: starting 0, 16, /home/hjamil/Documents/files_bash/FILE17
1661449224.863508 -- INFO: Throughput @175.2s:35.0Mbps, rtt :10.06ms cwnd: 111.0 lossRate: 0.0 CC:1 score:0.03 previous_total 1309375000 bytes and current_total 1313750000 bytes
1661449225.209245 -- INFO: score [0.03, 0.03, 0.03] ******
1661449225.210988 -- INFO: action array from actor -0.9992584586143494 and action is 1 ******
1661449225.217170 -- INFO: Process Status Bits from change concurrency are: 1 0 0 0 0 0 0 0 0 0 0 0 0 0 0 0 0 0 0 0 0 0 0 0 0 0 0 0 0 0 0 0
1661449225.220628 -- INFO: Active CC: 1
1661449225.864087 -- INFO: Throughput @176.2s:30.0Mbps, rtt :10.21ms cwnd: 111.0 lossRate: 0.0 CC:1 score:0.03 previous_total 1313750000 bytes and current_total 1317500000 bytes
1661449226.865793 -- INFO: Throughput @177.2s:35.0Mbps, rtt :11.14ms cwnd: 111.0 lossRate: 0.0 CC:1 score:0.03 previous_total 1317500000 bytes and current_total 1321875000 bytes
1661449227.866311 -- INFO: Throughput @178.2s:35.0Mbps, rtt :9.16ms cwnd: 111.0 lossRate: 0.0 CC:1 score:0.03 previous_total 1321875000 bytes and current_total 1326250000 bytes
1661449228.721787 -- INFO: score [0.03, 0.03, 0.03] ******
1661449228.723038 -- INFO: action array from actor -0.9993483424186707 and action is 1 ******
1661449228.728258 -- INFO: Process Status Bits from change concurrency are: 1 0 0 0 0 0 0 0 0 0 0 0 0 0 0 0 0 0 0 0 0 0 0 0 0 0 0 0 0 0 0 0
1661449228.730694 -- INFO: Active CC: 1
1661449228.867462 -- INFO: Throughput @179.2s:30.0Mbps, rtt :9.82ms cwnd: 111.0 lossRate: 0.0 CC:1 score:0.03 previous_total 1326250000 bytes and current_total 1330000000 bytes
1661449229.870464 -- INFO: Throughput @180.2s:35.0Mbps, rtt :9.03ms cwnd: 111.0 lossRate: 0.0 CC:1 score:0.03 previous_total 1330000000 bytes and current_total 1334375000 bytes
1661449230.871212 -- INFO: Throughput @181.2s:35.0Mbps, rtt :10.0ms cwnd: 111.0 lossRate: 0.0 CC:1 score:0.03 previous_total 1334375000 bytes and current_total 1338750000 bytes
1661449231.869238 -- INFO: Throughput @182.2s:50.0Mbps, rtt :1.32ms cwnd: 391.0 lossRate: 0.0 CC:1 score:0.05 previous_total 1338750000 bytes and current_total 1345000000 bytes
1661449232.231721 -- INFO: score [0.03, 0.03, 0.05] ******
1661449232.233050 -- INFO: action array from actor -1.0 and action is 1 ******
1661449232.237550 -- INFO: Process Status Bits from change concurrency are: 1 0 0 0 0 0 0 0 0 0 0 0 0 0 0 0 0 0 0 0 0 0 0 0 0 0 0 0 0 0 0 0
1661449232.239697 -- INFO: Active CC: 1
1661449232.871493 -- INFO: Throughput @183.2s:50.0Mbps, rtt :2.58ms cwnd: 391.0 lossRate: 0.0 CC:1 score:0.05 previous_total 1345000000 bytes and current_total 1351250000 bytes
1661449233.873111 -- INFO: Throughput @184.2s:50.0Mbps, rtt :3.59ms cwnd: 391.0 lossRate: 0.0 CC:1 score:0.05 previous_total 1351250000 bytes and current_total 1357500000 bytes
1661449234.874444 -- INFO: Throughput @185.2s:50.0Mbps, rtt :3.55ms cwnd: 391.0 lossRate: 0.0 CC:1 score:0.05 previous_total 1357500000 bytes and current_total 1363750000 bytes
1661449235.740737 -- INFO: score [0.05, 0.05, 0.05] ******
1661449235.741708 -- INFO: action array from actor -1.0 and action is 1 ******
1661449235.745090 -- INFO: Process Status Bits from change concurrency are: 1 0 0 0 0 0 0 0 0 0 0 0 0 0 0 0 0 0 0 0 0 0 0 0 0 0 0 0 0 0 0 0
1661449235.747758 -- INFO: Active CC: 1
1661449235.873294 -- INFO: Throughput @186.2s:50.0Mbps, rtt :3.16ms cwnd: 391.0 lossRate: 0.0 CC:1 score:0.05 previous_total 1363750000 bytes and current_total 1370000000 bytes
1661449236.874321 -- INFO: Throughput @187.2s:55.0Mbps, rtt :3.51ms cwnd: 391.0 lossRate: 0.0 CC:1 score:0.05 previous_total 1370000000 bytes and current_total 1376875000 bytes
1661449237.874657 -- INFO: Throughput @188.2s:50.0Mbps, rtt :3.17ms cwnd: 391.0 lossRate: 0.0 CC:1 score:0.05 previous_total 1376875000 bytes and current_total 1383125000 bytes
1661449238.874978 -- INFO: Throughput @189.2s:50.0Mbps, rtt :3.59ms cwnd: 391.0 lossRate: 0.0 CC:1 score:0.05 previous_total 1383125000 bytes and current_total 1389375000 bytes
1661449239.248825 -- INFO: score [0.05, 0.05, 0.05] ******
1661449239.250197 -- INFO: action array from actor -1.0 and action is 1 ******
1661449239.255239 -- INFO: Process Status Bits from change concurrency are: 1 0 0 0 0 0 0 0 0 0 0 0 0 0 0 0 0 0 0 0 0 0 0 0 0 0 0 0 0 0 0 0
1661449239.258293 -- INFO: Active CC: 1
1661449239.877379 -- INFO: Throughput @190.2s:50.0Mbps, rtt :3.58ms cwnd: 391.0 lossRate: 0.0 CC:1 score:0.05 previous_total 1389375000 bytes and current_total 1395625000 bytes
1661449240.877878 -- INFO: Throughput @191.2s:50.0Mbps, rtt :3.59ms cwnd: 391.0 lossRate: 0.0 CC:1 score:0.05 previous_total 1395625000 bytes and current_total 1401875000 bytes
1661449241.879167 -- INFO: Throughput @192.2s:50.0Mbps, rtt :3.44ms cwnd: 391.0 lossRate: 0.0 CC:1 score:0.05 previous_total 1401875000 bytes and current_total 1408125000 bytes
1661449242.759287 -- INFO: score [0.05, 0.05, 0.05] ******
1661449242.760468 -- INFO: action array from actor -1.0 and action is 1 ******
1661449242.764767 -- INFO: Process Status Bits from change concurrency are: 1 0 0 0 0 0 0 0 0 0 0 0 0 0 0 0 0 0 0 0 0 0 0 0 0 0 0 0 0 0 0 0
1661449242.768214 -- INFO: Active CC: 1
1661449242.879288 -- INFO: Throughput @193.2s:50.0Mbps, rtt :3.63ms cwnd: 391.0 lossRate: 0.0 CC:1 score:0.05 previous_total 1408125000 bytes and current_total 1414375000 bytes
1661449243.880884 -- INFO: Throughput @194.2s:50.0Mbps, rtt :3.51ms cwnd: 391.0 lossRate: 0.0 CC:1 score:0.05 previous_total 1414375000 bytes and current_total 1420625000 bytes
1661449244.881864 -- INFO: Throughput @195.2s:50.0Mbps, rtt :3.64ms cwnd: 391.0 lossRate: 0.0 CC:1 score:0.05 previous_total 1420625000 bytes and current_total 1426875000 bytes
1661449245.888488 -- INFO: Throughput @196.2s:50.0Mbps, rtt :3.63ms cwnd: 391.0 lossRate: 0.0 CC:1 score:0.05 previous_total 1426875000 bytes and current_total 1433125000 bytes
1661449246.269252 -- INFO: score [0.05, 0.05, 0.05] ******
1661449246.270667 -- INFO: action array from actor -1.0 and action is 1 ******
1661449246.276434 -- INFO: Process Status Bits from change concurrency are: 1 0 0 0 0 0 0 0 0 0 0 0 0 0 0 0 0 0 0 0 0 0 0 0 0 0 0 0 0 0 0 0
1661449246.279845 -- INFO: Active CC: 1
1661449246.883738 -- INFO: Throughput @197.2s:50.0Mbps, rtt :3.44ms cwnd: 391.0 lossRate: 0.0 CC:1 score:0.05 previous_total 1433125000 bytes and current_total 1439375000 bytes
1661449247.885030 -- INFO: Throughput @198.2s:50.0Mbps, rtt :3.62ms cwnd: 391.0 lossRate: 0.0 CC:1 score:0.05 previous_total 1439375000 bytes and current_total 1445625000 bytes
1661449248.885649 -- INFO: Throughput @199.2s:50.0Mbps, rtt :3.56ms cwnd: 391.0 lossRate: 0.0 CC:1 score:0.05 previous_total 1445625000 bytes and current_total 1451875000 bytes
1661449249.780879 -- INFO: score [0.05, 0.05, 0.05] ******
1661449249.781954 -- INFO: episode expires
1661449249.781991 -- INFO: Process 7 shutdown itself from outest loop
1661449249.782023 -- INFO: Process 15 shutdown itself from outest loop
1661449249.782017 -- INFO: Process 8 shutdown itself from outest loop
1661449249.782187 -- INFO: Process 4 shutdown itself from outest loop
1661449249.782597 -- INFO: Process 9 shutdown itself from outest loop
1661449249.782705 -- INFO: Process 13 shutdown itself from outest loop
1661449249.782732 -- INFO: Process 6 shutdown itself from outest loop
1661449249.782365 -- INFO: Process 30 shutdown itself from outest loop
1661449249.782460 -- INFO: Process 18 shutdown itself from outest loop
1661449249.782816 -- INFO: Process 5 shutdown itself from outest loop
1661449249.782843 -- INFO: Process 11 shutdown itself from outest loop
1661449249.782964 -- INFO: Process 3 shutdown itself from outest loop
1661449249.782640 -- INFO: Process 22 shutdown itself from outest loop
1661449249.783078 -- INFO: Process 1 shutdown itself from outest loop
1661449249.782751 -- INFO: Process 21 shutdown itself from outest loop
1661449249.783222 -- INFO: Process 12 shutdown itself from outest loop
1661449249.783109 -- INFO: Process 19 shutdown itself from outest loop
1661449249.783151 -- INFO: Process 25 shutdown itself from outest loop
1661449249.783211 -- INFO: Process 27 shutdown itself from outest loop
1661449249.783212 -- INFO: Process 23 shutdown itself from outest loop
1661449249.783355 -- INFO: Process 26 shutdown itself from outest loop
1661449249.783382 -- INFO: Process 31 shutdown itself from outest loop
1661449249.783781 -- INFO: Process 14 shutdown itself from outest loop
1661449249.783620 -- INFO: Process 24 shutdown itself from outest loop
1661449249.783819 -- INFO: Process 20 shutdown itself from outest loop
1661449249.783927 -- INFO: Process 28 shutdown itself from outest loop
1661449249.783956 -- INFO: Process 29 shutdown itself from outest loop
1661449249.784076 -- INFO: Process 17 shutdown itself from outest loop
1661449249.784225 -- INFO: Process 16 shutdown itself from outest loop
1661449249.784417 -- INFO: Process 2 shutdown itself from outest loop
1661449249.781987 -- INFO: Process 10 shutdown itself from outest loop
