1661124768.648423 -- INFO: Throughput @0.1s:0.0Mbps, rtt :0.0ms cwnd: 0.0 lossRate: 0 CC:0 score:0.0 previous_total 0 bytes and current_total 0 bytes
1661124769.649090 -- INFO: Throughput @1.1s:0.0Mbps, rtt :0.0ms cwnd: 0.0 lossRate: 0 CC:0 score:0.0 previous_total 0 bytes and current_total 0 bytes
1661124770.649665 -- INFO: Throughput @2.1s:0.0Mbps, rtt :0.0ms cwnd: 0.0 lossRate: 0 CC:0 score:0.0 previous_total 0 bytes and current_total 0 bytes
1661124770.974682 -- INFO: action array from actor 0.09792856872081757 and action is 18 ******
1661124770.977740 -- INFO: Process Status Bits from change concurrency are: 1 1 1 1 1 1 1 1 1 1 1 1 1 1 1 1 1 1 0 0 0 0 0 0 0 0 0 0 0 0 0 0
1661124770.977550 -- INFO: Start Process :: 1
1661124770.979238 -- INFO: Active CC: 18
1661124770.979003 -- INFO: Start Process :: 0
1661124770.980647 -- INFO: Process 1 get item 0 from queue and executing
1661124770.981248 -- INFO: starting 1, 0, /home/hjamil/Documents/files_bash/FILE25
1661124770.981545 -- INFO: Start Process :: 4
1661124770.982735 -- INFO: Start Process :: 2
1661124770.982925 -- INFO: Start Process :: 3
1661124770.984098 -- INFO: Process 3 get item 1 from queue and executing
1661124770.984343 -- INFO: starting 3, 1, /home/hjamil/Documents/files_bash/FILE1
1661124770.985122 -- INFO: Start Process :: 6
1661124770.985290 -- INFO: Start Process :: 7
1661124770.985565 -- INFO: Start Process :: 8
1661124770.985943 -- INFO: Process 2 get item 2 from queue and executing
1661124770.986183 -- INFO: starting 2, 2, /home/hjamil/Documents/files_bash/FILE4
1661124770.986724 -- INFO: Start Process :: 10
1661124770.989037 -- INFO: Start Process :: 5
1661124770.990311 -- INFO: Start Process :: 14
1661124770.990715 -- INFO: Process 4 get item 3 from queue and executing
1661124770.990482 -- INFO: Start Process :: 15
1661124770.991283 -- INFO: Process 5 get item 4 from queue and executing
1661124770.991585 -- INFO: starting 5, 4, /home/hjamil/Documents/files_bash/FILE3
1661124770.991857 -- INFO: Process 15 get item 5 from queue and executing
1661124770.992078 -- INFO: starting 15, 5, /home/hjamil/Documents/files_bash/FILE24
1661124770.992098 -- INFO: Process 14 get item 6 from queue and executing
1661124770.992351 -- INFO: starting 14, 6, /home/hjamil/Documents/files_bash/FILE2
1661124770.993417 -- INFO: Process 6 get item 7 from queue and executing
1661124770.993663 -- INFO: starting 6, 7, /home/hjamil/Documents/files_bash/FILE20
1661124770.994678 -- INFO: Process 8 get item 8 from queue and executing
1661124770.995032 -- INFO: starting 8, 8, /home/hjamil/Documents/files_bash/FILE29
1661124770.995181 -- INFO: Process 0 get item 9 from queue and executing
1661124770.995529 -- INFO: starting 0, 9, /home/hjamil/Documents/files_bash/FILE7
1661124770.997643 -- INFO: Start Process :: 11
1661124770.998668 -- INFO: starting 4, 3, /home/hjamil/Documents/files_bash/FILE13
1661124771.007340 -- INFO: Process 7 get item 10 from queue and executing
1661124771.007689 -- INFO: Process 10 get item 12 from queue and executing
1661124771.007783 -- INFO: starting 7, 10, /home/hjamil/Documents/files_bash/FILE31
1661124771.007963 -- INFO: starting 10, 12, /home/hjamil/Documents/files_bash/FILE22
1661124771.007939 -- INFO: Start Process :: 13
1661124771.010219 -- INFO: Process 13 get item 13 from queue and executing
1661124771.010483 -- INFO: starting 13, 13, /home/hjamil/Documents/files_bash/FILE11
1661124771.012002 -- INFO: Start Process :: 12
1661124771.014499 -- INFO: Process 12 get item 14 from queue and executing
1661124771.014738 -- INFO: starting 12, 14, /home/hjamil/Documents/files_bash/FILE30
1661124771.019795 -- INFO: Start Process :: 9
1661124771.021353 -- INFO: Process 9 get item 15 from queue and executing
1661124771.021577 -- INFO: starting 9, 15, /home/hjamil/Documents/files_bash/FILE5
1661124771.030366 -- INFO: Start Process :: 16
1661124771.032211 -- INFO: Process 16 get item 16 from queue and executing
1661124771.032531 -- INFO: starting 16, 16, /home/hjamil/Documents/files_bash/FILE17
1661124771.007890 -- INFO: Process 11 get item 11 from queue and executing
1661124771.035109 -- INFO: starting 11, 11, /home/hjamil/Documents/files_bash/FILE6
1661124771.044900 -- INFO: Start Process :: 17
1661124771.046168 -- INFO: Process 17 get item 17 from queue and executing
1661124771.046511 -- INFO: starting 17, 17, /home/hjamil/Documents/files_bash/FILE23
1661124771.694804 -- INFO: Throughput @3.1s:565.0Mbps, rtt :3.38ms cwnd: 109.4 lossRate: 0.0 CC:18 score:0.4 previous_total 0 bytes and current_total 70625000 bytes
1661124772.705328 -- INFO: Throughput @4.1s:815.0Mbps, rtt :2.22ms cwnd: 177.1 lossRate: 0.0 CC:18 score:0.57 previous_total 70625000 bytes and current_total 172500000 bytes
1661124773.722275 -- INFO: Throughput @5.1s:825.0Mbps, rtt :6.02ms cwnd: 220.8 lossRate: 0.0 CC:18 score:0.58 previous_total 172500000 bytes and current_total 275625000 bytes
1661124774.487710 -- INFO: score [0.4, 0.57, 0.58] ******
1661124774.489877 -- INFO: action array from actor -0.0733027383685112 and action is 15 ******
1661124774.502959 -- INFO: Process Status Bits from change concurrency are: 1 1 1 1 1 1 1 1 1 1 1 1 1 1 1 0 0 0 0 0 0 0 0 0 0 0 0 0 0 0 0 0
1661124774.504667 -- INFO: Active CC: 15
1661124774.712914 -- INFO: Throughput @6.1s:820.0Mbps, rtt :6.22ms cwnd: 254.8 lossRate: 0.0 CC:15 score:0.61 previous_total 275625000 bytes and current_total 378125000 bytes
1661124775.685045 -- INFO: Throughput @7.1s:695.0Mbps, rtt :2.21ms cwnd: 299.1 lossRate: 0.0 CC:15 score:0.52 previous_total 378125000 bytes and current_total 465000000 bytes
1661124776.714436 -- INFO: Throughput @8.1s:695.0Mbps, rtt :2.63ms cwnd: 349.7 lossRate: 0.0 CC:15 score:0.52 previous_total 465000000 bytes and current_total 551875000 bytes
1661124777.692363 -- INFO: Throughput @9.1s:695.0Mbps, rtt :5.78ms cwnd: 375.1 lossRate: 0.0 CC:15 score:0.52 previous_total 551875000 bytes and current_total 638750000 bytes
1661124778.031271 -- INFO: score [0.52, 0.52, 0.52] ******
1661124778.033227 -- INFO: action array from actor -0.13185042142868042 and action is 14 ******
1661124778.046945 -- INFO: Process Status Bits from change concurrency are: 1 1 1 1 1 1 1 1 1 1 1 1 1 1 0 0 0 0 0 0 0 0 0 0 0 0 0 0 0 0 0 0
1661124778.047719 -- INFO: Active CC: 14
1661124778.679679 -- INFO: Throughput @10.1s:665.0Mbps, rtt :3.06ms cwnd: 390.3 lossRate: 0.0 CC:14 score:0.5 previous_total 638750000 bytes and current_total 721875000 bytes
1661124779.716543 -- INFO: Throughput @11.1s:655.0Mbps, rtt :3.42ms cwnd: 399.5 lossRate: 0.0 CC:14 score:0.5 previous_total 721875000 bytes and current_total 803750000 bytes
1661124780.685265 -- INFO: Throughput @12.1s:660.0Mbps, rtt :4.51ms cwnd: 408.4 lossRate: 0.0 CC:14 score:0.5 previous_total 803750000 bytes and current_total 886250000 bytes
1661124781.563226 -- INFO: score [0.5, 0.5, 0.5] ******
1661124781.566426 -- INFO: action array from actor -0.12902335822582245 and action is 15 ******
1661124781.587238 -- INFO: Process Status Bits from change concurrency are: 1 1 1 1 1 1 1 1 1 1 1 1 1 1 1 0 0 0 0 0 0 0 0 0 0 0 0 0 0 0 0 0
1661124781.587313 -- INFO: Start Process :: 14
1661124781.588330 -- INFO: Active CC: 15
1661124781.588539 -- INFO: Process 14 get item 18 from queue and executing
1661124781.588877 -- INFO: starting 14, 18, /home/hjamil/Documents/files_bash/FILE14
1661124781.712931 -- INFO: Throughput @13.1s:675.0Mbps, rtt :4.5ms cwnd: 392.5 lossRate: 0.0 CC:15 score:0.5 previous_total 886250000 bytes and current_total 970625000 bytes
1661124782.704211 -- INFO: Throughput @14.1s:705.0Mbps, rtt :4.69ms cwnd: 402.0 lossRate: 0.0 CC:15 score:0.52 previous_total 970625000 bytes and current_total 1058750000 bytes
1661124783.700910 -- INFO: Throughput @15.1s:695.0Mbps, rtt :6.59ms cwnd: 409.8 lossRate: 0.0 CC:15 score:0.52 previous_total 1058750000 bytes and current_total 1145625000 bytes
1661124784.712662 -- INFO: Throughput @16.1s:695.0Mbps, rtt :3.63ms cwnd: 417.3 lossRate: 0.0 CC:15 score:0.52 previous_total 1145625000 bytes and current_total 1232500000 bytes
1661124785.099467 -- INFO: score [0.52, 0.52, 0.52] ******
1661124785.109183 -- INFO: action array from actor -0.12902408838272095 and action is 15 ******
1661124785.120338 -- INFO: Process Status Bits from change concurrency are: 1 1 1 1 1 1 1 1 1 1 1 1 1 1 1 0 0 0 0 0 0 0 0 0 0 0 0 0 0 0 0 0
1661124785.121729 -- INFO: Active CC: 15
1661124785.704987 -- INFO: Throughput @17.1s:710.0Mbps, rtt :4.0ms cwnd: 423.1 lossRate: 0.0 CC:15 score:0.53 previous_total 1232500000 bytes and current_total 1321250000 bytes
1661124786.692943 -- INFO: Throughput @18.1s:710.0Mbps, rtt :4.6ms cwnd: 427.1 lossRate: 0.0 CC:15 score:0.53 previous_total 1321250000 bytes and current_total 1410000000 bytes
1661124787.681434 -- INFO: Throughput @19.1s:700.0Mbps, rtt :4.4ms cwnd: 428.5 lossRate: 0.0 CC:15 score:0.52 previous_total 1410000000 bytes and current_total 1497500000 bytes
1661124788.623492 -- INFO: score [0.53, 0.53, 0.52] ******
1661124788.632069 -- INFO: episode expires
1661124788.632412 -- INFO: Process 23 shutdown itself from outest loop
1661124788.632346 -- INFO: Process 27 shutdown itself from outest loop
1661124788.632349 -- INFO: Process 31 shutdown itself from outest loop
1661124788.632098 -- INFO: Process 17 shutdown itself from outest loop
1661124788.633149 -- INFO: Process 16 shutdown itself from outest loop
1661124788.633245 -- INFO: Process 26 shutdown itself from outest loop
1661124788.633244 -- INFO: Process 19 shutdown itself from outest loop
1661124788.633512 -- INFO: Process 30 shutdown itself from outest loop
1661124788.634080 -- INFO: Process 21 shutdown itself from outest loop
1661124788.634259 -- INFO: Process 24 shutdown itself from outest loop
1661124788.634809 -- INFO: Process 28 shutdown itself from outest loop
1661124788.635527 -- INFO: Process 20 shutdown itself from outest loop
1661124788.634860 -- INFO: Process 18 shutdown itself from outest loop
1661124788.635275 -- INFO: Process 15 shutdown itself from outest loop
1661124788.635034 -- INFO: Process 29 shutdown itself from outest loop
1661124788.635582 -- INFO: Process 25 shutdown itself from outest loop
1661124788.638792 -- INFO: Process 22 shutdown itself from outest loop
1661124790.500555 -- INFO: action array from actor 0.09792856872081757 and action is 18 ******
1661124790.504179 -- INFO: Process Status Bits from change concurrency are: 1 1 1 1 1 1 1 1 1 1 1 1 1 1 1 1 1 1 0 0 0 0 0 0 0 0 0 0 0 0 0 0
1661124790.504189 -- INFO: Start Process :: 1
1661124790.505075 -- INFO: Process 1 had error to send file 
1661124790.505821 -- INFO: Active CC: 18
1661124790.506238 -- INFO: Start Process :: 0
1661124790.507158 -- INFO: Process 0 had error to send file 
1661124790.507089 -- INFO: Start Process :: 3
1661124790.507929 -- INFO: Process 3 had error to send file 
1661124790.507809 -- INFO: Start Process :: 6
1661124790.508526 -- INFO: Process 6 had error to send file 
1661124790.512275 -- INFO: Start Process :: 5
1661124790.513159 -- INFO: Process 5 had error to send file 
1661124790.513197 -- INFO: Start Process :: 2
1661124790.514025 -- INFO: Process 2 had error to send file 
1661124790.514217 -- INFO: Start Process :: 8
1661124790.515045 -- INFO: Start Process :: 9
1661124790.515340 -- INFO: Start Process :: 12
1661124790.515583 -- INFO: Process 8 had error to send file 
1661124790.515963 -- INFO: Process 9 had error to send file 
1661124790.516078 -- INFO: Process 12 had error to send file 
1661124790.516708 -- INFO: Start Process :: 10
1661124790.517534 -- INFO: Process 10 had error to send file 
1661124790.519158 -- INFO: Start Process :: 4
1661124790.519868 -- INFO: Process 4 had error to send file 
1661124790.520406 -- INFO: Start Process :: 11
1661124790.521154 -- INFO: Process 11 had error to send file 
1661124790.521440 -- INFO: Start Process :: 16
1661124790.522149 -- INFO: Process 16 had error to send file 
1661124790.522521 -- INFO: Start Process :: 15
1661124790.523436 -- INFO: Process 15 had error to send file 
1661124790.524296 -- INFO: Start Process :: 14
1661124790.525281 -- INFO: Process 14 had error to send file 
1661124790.525134 -- INFO: Start Process :: 7
1661124790.526074 -- INFO: Process 7 had error to send file 
1661124790.525885 -- INFO: Start Process :: 17
1661124790.526674 -- INFO: Process 17 had error to send file 
1661124790.529346 -- INFO: Start Process :: 13
1661124790.530111 -- INFO: Process 13 had error to send file 
1661124790.530988 -- INFO: Throughput @0.1s:0.0Mbps, rtt :0.0ms cwnd: 10.0 lossRate: 0 CC:8 score:0.0 previous_total 0 bytes and current_total 0 bytes
1661124791.528556 -- INFO: Throughput @1.1s:0.0Mbps, rtt :0.0ms cwnd: 10.0 lossRate: 0 CC:0 score:0.0 previous_total 0 bytes and current_total 0 bytes
1661124792.529303 -- INFO: Throughput @2.1s:0.0Mbps, rtt :0.0ms cwnd: 10.0 lossRate: 0 CC:0 score:0.0 previous_total 0 bytes and current_total 0 bytes
1661124793.531754 -- INFO: Throughput @3.1s:0.0Mbps, rtt :0.0ms cwnd: 10.0 lossRate: 0 CC:0 score:0.0 previous_total 0 bytes and current_total 0 bytes
1661124794.007224 -- INFO: score [0.0, 0.0, 0.0] ******
1661124794.009482 -- INFO: action array from actor 0.09792856872081757 and action is 18 ******
1661124794.009865 -- INFO: Start Process :: 0
1661124794.010072 -- INFO: Start Process :: 1
1661124794.010314 -- INFO: Start Process :: 2
1661124794.010514 -- INFO: Start Process :: 3
1661124794.010608 -- INFO: Process 0 had error to send file 
1661124794.010928 -- INFO: Start Process :: 5
1661124794.010990 -- INFO: Start Process :: 6
1661124794.010966 -- INFO: Process 1 had error to send file 
1661124794.011033 -- INFO: Start Process :: 4
1661124794.011030 -- INFO: Process 2 had error to send file 
1661124794.011352 -- INFO: Process 3 had error to send file 
1661124794.011678 -- INFO: Process 6 had error to send file 
1661124794.011677 -- INFO: Start Process :: 7
1661124794.011690 -- INFO: Process 4 had error to send file 
1661124794.011867 -- INFO: Start Process :: 8
1661124794.011922 -- INFO: Process 5 had error to send file 
1661124794.012029 -- INFO: Start Process :: 9
1661124794.012092 -- INFO: Start Process :: 10
1661124794.012362 -- INFO: Process 7 had error to send file 
1661124794.012382 -- INFO: Start Process :: 11
1661124794.012658 -- INFO: Process 8 had error to send file 
1661124794.012661 -- INFO: Start Process :: 13
1661124794.012762 -- INFO: Start Process :: 14
1661124794.012796 -- INFO: Start Process :: 12
1661124794.012817 -- INFO: Process 10 had error to send file 
1661124794.013139 -- INFO: Process 9 had error to send file 
1661124794.013193 -- INFO: Process 11 had error to send file 
1661124794.013438 -- INFO: Process 13 had error to send file 
1661124794.013452 -- INFO: Process 12 had error to send file 
1661124794.013449 -- INFO: Process 14 had error to send file 
1661124794.013484 -- INFO: Start Process :: 15
1661124794.013602 -- INFO: Start Process :: 16
1661124794.014052 -- INFO: Start Process :: 17
1661124794.014215 -- INFO: Process 15 had error to send file 
1661124794.014417 -- INFO: Process 16 had error to send file 
1661124794.014815 -- INFO: Process 17 had error to send file 
1661124794.016232 -- INFO: Process Status Bits from change concurrency are: 0 0 0 0 0 0 0 0 0 0 0 0 0 0 0 0 0 0 0 0 0 0 0 0 0 0 0 0 0 0 0 0
1661124794.020308 -- INFO: Active CC: 0
1661124794.533067 -- INFO: Throughput @4.1s:0.0Mbps, rtt :0.0ms cwnd: 10.0 lossRate: 0 CC:0 score:0.0 previous_total 0 bytes and current_total 0 bytes
1661124795.533375 -- INFO: Throughput @5.1s:0.0Mbps, rtt :0.0ms cwnd: 10.0 lossRate: 0 CC:0 score:0.0 previous_total 0 bytes and current_total 0 bytes
1661124796.533120 -- INFO: Throughput @6.1s:0.0Mbps, rtt :0.0ms cwnd: 10.0 lossRate: 0 CC:0 score:0.0 previous_total 0 bytes and current_total 0 bytes
1661124797.521294 -- INFO: score [0.0, 0.0, 0.0] ******
1661124797.536718 -- INFO: Throughput @7.1s:0.0Mbps, rtt :0.0ms cwnd: 10.0 lossRate: 0 CC:0 score:0.0 previous_total 0 bytes and current_total 0 bytes
1661124797.627590 -- INFO: action array from actor 0.10715685784816742 and action is 18 ******
1661124797.628006 -- INFO: Start Process :: 0
1661124797.628059 -- INFO: Start Process :: 2
1661124797.628224 -- INFO: Start Process :: 4
1661124797.628250 -- INFO: Start Process :: 3
1661124797.628541 -- INFO: Process 0 had error to send file 
1661124797.628541 -- INFO: Process 2 had error to send file 
1661124797.628726 -- INFO: Start Process :: 1
1661124797.628749 -- INFO: Process 4 had error to send file 
1661124797.628761 -- INFO: Process 3 had error to send file 
1661124797.628986 -- INFO: Start Process :: 5
1661124797.629206 -- INFO: Process 1 had error to send file 
1661124797.629440 -- INFO: Process 5 had error to send file 
1661124797.629445 -- INFO: Start Process :: 6
1661124797.629893 -- INFO: Process 6 had error to send file 
1661124797.629964 -- INFO: Start Process :: 8
1661124797.630205 -- INFO: Start Process :: 7
1661124797.630406 -- INFO: Process 8 had error to send file 
1661124797.630517 -- INFO: Start Process :: 9
1661124797.630637 -- INFO: Process 7 had error to send file 
1661124797.630800 -- INFO: Start Process :: 11
1661124797.630876 -- INFO: Start Process :: 13
1661124797.631038 -- INFO: Start Process :: 10
1661124797.631070 -- INFO: Process 9 had error to send file 
1661124797.631089 -- INFO: Start Process :: 12
1661124797.631472 -- INFO: Start Process :: 17
1661124797.631482 -- INFO: Start Process :: 14
1661124797.631619 -- INFO: Start Process :: 16
1661124797.631731 -- INFO: Start Process :: 15
1661124797.631627 -- INFO: Process 12 had error to send file 
1661124797.631972 -- INFO: Process 17 had error to send file 
1661124797.632080 -- INFO: Process 16 had error to send file 
1661124797.632135 -- INFO: Process 15 had error to send file 
1661124797.632144 -- INFO: Process 10 had error to send file 
1661124797.631693 -- INFO: Process 11 had error to send file 
1661124797.632335 -- INFO: Process 14 had error to send file 
1661124797.632395 -- INFO: Process 13 had error to send file 
1661124797.632696 -- INFO: Process Status Bits from change concurrency are: 0 0 0 0 0 0 0 0 0 0 0 0 0 1 1 0 0 0 0 0 0 0 0 0 0 0 0 0 0 0 0 0
1661124797.636045 -- INFO: Active CC: 0
1661124798.536533 -- INFO: Throughput @8.1s:0.0Mbps, rtt :0.0ms cwnd: 10.0 lossRate: 0 CC:0 score:0.0 previous_total 0 bytes and current_total 0 bytes
1661124799.537265 -- INFO: Throughput @9.1s:0.0Mbps, rtt :0.0ms cwnd: 10.0 lossRate: 0 CC:0 score:0.0 previous_total 0 bytes and current_total 0 bytes
1661124800.536959 -- INFO: Throughput @10.1s:0.0Mbps, rtt :0.0ms cwnd: 10.0 lossRate: 0 CC:0 score:0.0 previous_total 0 bytes and current_total 0 bytes
1661124801.136961 -- INFO: score [0.0, 0.0, 0.0] ******
1661124801.139187 -- INFO: action array from actor 0.10715685784816742 and action is 18 ******
1661124801.139552 -- INFO: Start Process :: 0
1661124801.139725 -- INFO: Start Process :: 2
1661124801.139950 -- INFO: Start Process :: 6
1661124801.140081 -- INFO: Process 0 had error to send file 
1661124801.140126 -- INFO: Start Process :: 5
1661124801.139997 -- INFO: Start Process :: 3
1661124801.140303 -- INFO: Start Process :: 1
1661124801.140391 -- INFO: Start Process :: 7
1661124801.140496 -- INFO: Start Process :: 8
1661124801.140604 -- INFO: Start Process :: 9
1661124801.140930 -- INFO: Start Process :: 10
1661124801.140889 -- INFO: Process 6 had error to send file 
1661124801.140986 -- INFO: Process 7 had error to send file 
1661124801.140323 -- INFO: Process 2 had error to send file 
1661124801.140553 -- INFO: Process 5 had error to send file 
1661124801.141190 -- INFO: Process 8 had error to send file 
1661124801.140946 -- INFO: Start Process :: 4
1661124801.141207 -- INFO: Start Process :: 13
1661124801.141344 -- INFO: Start Process :: 12
1661124801.140889 -- INFO: Process 3 had error to send file 
1661124801.140769 -- INFO: Start Process :: 11
1661124801.141408 -- INFO: Start Process :: 17
1661124801.141486 -- INFO: Start Process :: 15
1661124801.141506 -- INFO: Start Process :: 16
1661124801.141565 -- INFO: Process 1 had error to send file 
1661124801.141897 -- INFO: Start Process :: 14
1661124801.142055 -- INFO: Process 10 had error to send file 
1661124801.141992 -- INFO: Process 12 had error to send file 
1661124801.142215 -- INFO: Process 9 had error to send file 
1661124801.142253 -- INFO: Process 16 had error to send file 
1661124801.142403 -- INFO: Process Status Bits from change concurrency are: 0 1 0 0 1 0 0 0 0 1 1 1 1 1 1 1 1 1 0 0 0 0 0 0 0 0 0 0 0 0 0 0
1661124801.142325 -- INFO: Process 17 had error to send file 
1661124801.142506 -- INFO: Process 4 had error to send file 
1661124801.142448 -- INFO: Process 13 had error to send file 
1661124801.142707 -- INFO: Process 11 had error to send file 
1661124801.142255 -- INFO: Process 15 had error to send file 
1661124801.142680 -- INFO: Process 14 had error to send file 
1661124801.146285 -- INFO: Active CC: 1
1661124801.538793 -- INFO: Throughput @11.1s:0.0Mbps, rtt :0.0ms cwnd: 10.0 lossRate: 0 CC:0 score:0.0 previous_total 0 bytes and current_total 0 bytes
