1662405608.806457 -- INFO: Throughput @0.1s:0.0Mbps, rtt :0.0ms cwnd: 0.0 lossRate: 0 CC:0 score:0.0 previous_total 0 bytes and current_total 0 bytes
1662405609.798979 -- INFO: Throughput @1.1s:0.0Mbps, rtt :0.0ms cwnd: 0.0 lossRate: 0 CC:0 score:0.0 previous_total 0 bytes and current_total 0 bytes
1662405610.798676 -- INFO: Throughput @2.1s:0.0Mbps, rtt :0.0ms cwnd: 0.0 lossRate: 0 CC:0 score:0.0 previous_total 0 bytes and current_total 0 bytes
1662405611.797466 -- INFO: Throughput @3.1s:0.0Mbps, rtt :0.0ms cwnd: 0.0 lossRate: 0 CC:0 score:0.0 previous_total 0 bytes and current_total 0 bytes
1662405612.546314 -- INFO: action is  2 for action array 0.09792856872081757 and Changing concurrency to 10******
1662405612.549379 -- INFO: Start Process :: 1
1662405612.549478 -- INFO: Start Process :: 0
1662405612.550432 -- INFO: Start Process :: 5
1662405612.550748 -- INFO: Start Process :: 3
1662405612.551973 -- INFO: Start Process :: 6
1662405612.552029 -- INFO: Start Process :: 4
1662405612.552253 -- INFO: Process Status Bits from change concurrency are: 1 1 1 1 1 1 1 1 1 1 0 0 0 0 0 0 0 0 0 0 0 0 0 0 0 0 0 0 0 0 0 0
1662405612.553271 -- INFO: Process 5 found Queue Empty : False
1662405612.553532 -- INFO: Process 1 found Queue Empty : False
1662405612.553549 -- INFO: Start Process :: 7
1662405612.553942 -- INFO: Process 1 get item 0 from queue and executing
1662405612.553926 -- INFO: Process 3 found Queue Empty : False
1662405612.554223 -- INFO: Process 0 found Queue Empty : False
1662405612.554275 -- INFO: starting 1, 0, /home/hjamil/Documents/files_bash/FILE25
1662405612.554515 -- INFO: Process 5 get item 1 from queue and executing
1662405612.554664 -- INFO: Process 0 get item 2 from queue and executing
1662405612.554900 -- INFO: starting 5, 1, /home/hjamil/Documents/files_bash/FILE1
1662405612.554974 -- INFO: starting 0, 2, /home/hjamil/Documents/files_bash/FILE4
1662405612.554982 -- INFO: Start Process :: 8
1662405612.555474 -- INFO: Active CC: 10
1662405612.555917 -- INFO: Start Process :: 9
1662405612.556546 -- INFO: Process 6 found Queue Empty : False
1662405612.556628 -- INFO: Process 4 found Queue Empty : False
1662405612.556871 -- INFO: Process 3 get item 3 from queue and executing
1662405612.556988 -- INFO: Process 6 get item 4 from queue and executing
1662405612.556995 -- INFO: Process 7 found Queue Empty : False
1662405612.557082 -- INFO: Process 4 get item 5 from queue and executing
1662405612.557133 -- INFO: starting 3, 3, /home/hjamil/Documents/files_bash/FILE13
1662405612.557330 -- INFO: starting 4, 5, /home/hjamil/Documents/files_bash/FILE24
1662405612.557554 -- INFO: starting 6, 4, /home/hjamil/Documents/files_bash/FILE3
1662405612.558880 -- INFO: Process 7 get item 6 from queue and executing
1662405612.559256 -- INFO: starting 7, 6, /home/hjamil/Documents/files_bash/FILE2
1662405612.559608 -- INFO: Process 9 found Queue Empty : False
1662405612.560047 -- INFO: Start Process :: 2
1662405612.560738 -- INFO: Process 9 get item 7 from queue and executing
1662405612.561877 -- INFO: starting 9, 7, /home/hjamil/Documents/files_bash/FILE20
1662405612.561881 -- INFO: Process 8 found Queue Empty : False
1662405612.563766 -- INFO: Process 8 get item 8 from queue and executing
1662405612.564047 -- INFO: starting 8, 8, /home/hjamil/Documents/files_bash/FILE29
1662405612.577132 -- INFO: Process 2 found Queue Empty : False
1662405612.577910 -- INFO: Process 2 get item 9 from queue and executing
1662405612.578110 -- INFO: starting 2, 9, /home/hjamil/Documents/files_bash/FILE7
1662405612.831807 -- INFO: Throughput @4.1s:140.0Mbps, rtt :1.68ms cwnd: 79.0 lossRate: 0.0 CC:10 score:0.11 previous_total 0 bytes and current_total 17500000 bytes
1662405613.830936 -- INFO: Throughput @5.1s:475.0Mbps, rtt :1.79ms cwnd: 179.4 lossRate: 0.0 CC:10 score:0.39 previous_total 17500000 bytes and current_total 76875000 bytes
1662405614.839546 -- INFO: Throughput @6.1s:480.0Mbps, rtt :1.71ms cwnd: 266.9 lossRate: 0.0 CC:10 score:0.39 previous_total 76875000 bytes and current_total 136875000 bytes
1662405615.784786 -- INFO: score [0.11, 0.39, 0.39] old_score 0.2966666666666667 reward 2.97******
1662405615.792219 -- INFO: action is  2 for action array -0.01994914934039116 and Changing concurrency to 10******
1662405615.807330 -- INFO: Process Status Bits from change concurrency are: 1 1 1 1 1 1 1 1 1 1 0 0 0 0 0 0 0 0 0 0 0 0 0 0 0 0 0 0 0 0 0 0
1662405615.808354 -- INFO: Active CC: 10
1662405615.860840 -- INFO: Throughput @7.1s:475.0Mbps, rtt :2.5ms cwnd: 350.4 lossRate: 0.0 CC:10 score:0.39 previous_total 136875000 bytes and current_total 196250000 bytes
1662405616.851115 -- INFO: Throughput @8.1s:465.0Mbps, rtt :2.23ms cwnd: 373.8 lossRate: 0.0 CC:10 score:0.38 previous_total 196250000 bytes and current_total 254375000 bytes
1662405617.827014 -- INFO: Throughput @9.1s:480.0Mbps, rtt :3.82ms cwnd: 396.0 lossRate: 0.0 CC:10 score:0.39 previous_total 254375000 bytes and current_total 314375000 bytes
1662405618.860370 -- INFO: Throughput @10.1s:485.0Mbps, rtt :3.12ms cwnd: 408.4 lossRate: 0.0 CC:10 score:0.4 previous_total 314375000 bytes and current_total 375000000 bytes
1662405619.009414 -- INFO: score [0.38, 0.39, 0.4] old_score 0.38999999999999996 reward 0.93******
1662405619.012078 -- INFO: action is  1 for action array -0.2500087320804596 and Changing concurrency to 12******
1662405619.018682 -- INFO: Process Status Bits from change concurrency are: 1 1 1 1 1 1 1 1 1 1 1 1 0 0 0 0 0 0 0 0 0 0 0 0 0 0 0 0 0 0 0 0
1662405619.019563 -- INFO: Active CC: 12
1662405619.053037 -- INFO: Start Process :: 10
1662405619.057951 -- INFO: Process 10 found Queue Empty : False
1662405619.058269 -- INFO: Process 10 get item 10 from queue and executing
1662405619.058515 -- INFO: starting 10, 10, /home/hjamil/Documents/files_bash/FILE31
1662405619.064144 -- INFO: Start Process :: 11
1662405619.067075 -- INFO: Process 11 found Queue Empty : False
1662405619.067270 -- INFO: Process 11 get item 11 from queue and executing
1662405619.067443 -- INFO: starting 11, 11, /home/hjamil/Documents/files_bash/FILE6
1662405619.851168 -- INFO: Throughput @11.1s:540.0Mbps, rtt :3.38ms cwnd: 372.2 lossRate: 0.0 CC:12 score:0.43 previous_total 375000000 bytes and current_total 442500000 bytes
1662405620.846529 -- INFO: Throughput @12.1s:570.0Mbps, rtt :4.37ms cwnd: 386.7 lossRate: 0.0 CC:12 score:0.45 previous_total 442500000 bytes and current_total 513750000 bytes
1662405621.864795 -- INFO: Throughput @13.1s:560.0Mbps, rtt :3.25ms cwnd: 398.9 lossRate: 0.0 CC:12 score:0.44 previous_total 513750000 bytes and current_total 583750000 bytes
1662405622.226347 -- INFO: score [0.43, 0.45, 0.44] old_score 0.44 reward 0.5******
1662405622.228331 -- INFO: action is  2 for action array -0.16243837773799896 and Changing concurrency to 12******
1662405622.228994 -- INFO: Process Status Bits from change concurrency are: 1 1 1 1 1 1 1 1 1 1 1 1 0 0 0 0 0 0 0 0 0 0 0 0 0 0 0 0 0 0 0 0
1662405622.229791 -- INFO: Active CC: 12
1662405622.846826 -- INFO: Throughput @14.1s:570.0Mbps, rtt :3.74ms cwnd: 412.0 lossRate: 0.0 CC:12 score:0.45 previous_total 583750000 bytes and current_total 655000000 bytes
1662405623.877548 -- INFO: Throughput @15.1s:570.0Mbps, rtt :4.31ms cwnd: 418.9 lossRate: 0.0 CC:12 score:0.45 previous_total 655000000 bytes and current_total 726250000 bytes
1662405624.842205 -- INFO: Throughput @16.1s:565.0Mbps, rtt :3.99ms cwnd: 418.9 lossRate: 0.0 CC:12 score:0.45 previous_total 726250000 bytes and current_total 796875000 bytes
1662405625.446300 -- INFO: score [0.45, 0.45, 0.45] old_score 0.45 reward 0.1******
1662405625.448128 -- INFO: action is  2 for action array -0.1628505140542984 and Changing concurrency to 12******
1662405625.470782 -- INFO: Process Status Bits from change concurrency are: 1 1 1 1 1 1 1 1 1 1 1 1 0 0 0 0 0 0 0 0 0 0 0 0 0 0 0 0 0 0 0 0
1662405625.471701 -- INFO: Active CC: 12
1662405625.842894 -- INFO: Throughput @17.1s:570.0Mbps, rtt :3.35ms cwnd: 420.8 lossRate: 0.0 CC:12 score:0.45 previous_total 796875000 bytes and current_total 868125000 bytes
1662405626.863401 -- INFO: Throughput @18.1s:570.0Mbps, rtt :3.71ms cwnd: 421.0 lossRate: 0.0 CC:12 score:0.45 previous_total 868125000 bytes and current_total 939375000 bytes
1662405627.843203 -- INFO: Throughput @19.1s:575.0Mbps, rtt :5.44ms cwnd: 425.0 lossRate: 0.0 CC:12 score:0.45 previous_total 939375000 bytes and current_total 1011250000 bytes
1662405628.682493 -- INFO: score [0.45, 0.45, 0.45] old_score 0.45 reward 0.0******
1662405628.695522 -- INFO: action is  2 for action array -0.16285064816474915 and Changing concurrency to 12******
1662405628.696012 -- INFO: Process Status Bits from change concurrency are: 1 1 1 1 1 1 1 1 1 1 1 1 0 0 0 0 0 0 0 0 0 0 0 0 0 0 0 0 0 0 0 0
1662405628.696418 -- INFO: Active CC: 12
1662405628.854277 -- INFO: Throughput @20.1s:560.0Mbps, rtt :3.85ms cwnd: 430.2 lossRate: 0.0 CC:12 score:0.44 previous_total 1011250000 bytes and current_total 1081250000 bytes
1662405629.871238 -- INFO: Throughput @21.1s:565.0Mbps, rtt :5.53ms cwnd: 430.5 lossRate: 0.0 CC:12 score:0.45 previous_total 1081250000 bytes and current_total 1151875000 bytes
1662405630.838704 -- INFO: Throughput @22.1s:580.0Mbps, rtt :4.24ms cwnd: 430.5 lossRate: 0.0 CC:12 score:0.46 previous_total 1151875000 bytes and current_total 1224375000 bytes
1662405631.863097 -- INFO: Throughput @23.1s:580.0Mbps, rtt :5.43ms cwnd: 430.6 lossRate: 0.0 CC:12 score:0.46 previous_total 1224375000 bytes and current_total 1296875000 bytes
1662405631.904394 -- INFO: score [0.45, 0.46, 0.46] old_score 0.4566666666666667 reward 0.07******
1662405631.906243 -- INFO: action is  2 for action array -0.16285067796707153 and Changing concurrency to 12******
1662405631.942831 -- INFO: Process Status Bits from change concurrency are: 1 1 1 1 1 1 1 1 1 1 1 1 0 0 0 0 0 0 0 0 0 0 0 0 0 0 0 0 0 0 0 0
1662405631.944415 -- INFO: Active CC: 12
1662405632.863061 -- INFO: Throughput @24.1s:570.0Mbps, rtt :3.83ms cwnd: 432.3 lossRate: 0.0 CC:12 score:0.45 previous_total 1296875000 bytes and current_total 1368125000 bytes
1662405633.862871 -- INFO: Throughput @25.1s:570.0Mbps, rtt :5.25ms cwnd: 432.3 lossRate: 0.0 CC:12 score:0.45 previous_total 1368125000 bytes and current_total 1439375000 bytes
1662405634.855164 -- INFO: Throughput @26.1s:570.0Mbps, rtt :4.28ms cwnd: 432.4 lossRate: 0.0 CC:12 score:0.45 previous_total 1439375000 bytes and current_total 1510625000 bytes
1662405635.150610 -- INFO: score [0.45, 0.45, 0.45] old_score 0.45 reward -0.07******
1662405635.153455 -- INFO: action is  2 for action array -0.16285067796707153 and Changing concurrency to 12******
1662405635.163562 -- INFO: Process Status Bits from change concurrency are: 1 1 1 1 1 1 1 1 1 1 1 1 0 0 0 0 0 0 0 0 0 0 0 0 0 0 0 0 0 0 0 0
1662405635.178229 -- INFO: Active CC: 12
1662405635.869085 -- INFO: Throughput @27.1s:570.0Mbps, rtt :5.38ms cwnd: 432.5 lossRate: 0.0 CC:12 score:0.45 previous_total 1510625000 bytes and current_total 1581875000 bytes
1662405636.866129 -- INFO: Throughput @28.1s:575.0Mbps, rtt :3.56ms cwnd: 434.3 lossRate: 0.0 CC:12 score:0.45 previous_total 1581875000 bytes and current_total 1653750000 bytes
1662405637.875527 -- INFO: Throughput @29.1s:570.0Mbps, rtt :4.57ms cwnd: 434.3 lossRate: 0.0 CC:12 score:0.45 previous_total 1653750000 bytes and current_total 1725000000 bytes
1662405638.379179 -- INFO: score [0.45, 0.45, 0.45] old_score 0.45 reward 0.0******
1662405638.676362 -- INFO: action is  2 for action array -0.20058169960975647 and Changing concurrency to 12******
1662405638.703602 -- INFO: Process Status Bits from change concurrency are: 1 1 1 1 1 1 1 1 1 1 1 1 0 0 0 0 0 0 0 0 0 0 0 0 0 0 0 0 0 0 0 0
1662405638.705410 -- INFO: Active CC: 12
1662405638.861073 -- INFO: Throughput @30.1s:570.0Mbps, rtt :3.59ms cwnd: 436.2 lossRate: 0.0 CC:12 score:0.45 previous_total 1725000000 bytes and current_total 1796250000 bytes
1662405639.854290 -- INFO: Throughput @31.1s:580.0Mbps, rtt :4.31ms cwnd: 438.0 lossRate: 0.0 CC:12 score:0.46 previous_total 1796250000 bytes and current_total 1868750000 bytes
1662405640.871147 -- INFO: Throughput @32.1s:575.0Mbps, rtt :3.52ms cwnd: 438.0 lossRate: 0.0 CC:12 score:0.45 previous_total 1868750000 bytes and current_total 1940625000 bytes
1662405641.867021 -- INFO: Throughput @33.1s:570.0Mbps, rtt :4.86ms cwnd: 439.8 lossRate: 0.0 CC:12 score:0.45 previous_total 1940625000 bytes and current_total 2011875000 bytes
1662405641.906705 -- INFO: score [0.46, 0.45, 0.45] old_score 0.45333333333333337 reward 0.03******
1662405641.909147 -- INFO: action is  2 for action array -0.20058169960975647 and Changing concurrency to 12******
1662405641.928811 -- INFO: Process Status Bits from change concurrency are: 1 1 1 1 1 1 1 1 1 1 1 1 0 0 0 0 0 0 0 0 0 0 0 0 0 0 0 0 0 0 0 0
1662405641.931126 -- INFO: Active CC: 12
1662405642.863008 -- INFO: Throughput @34.1s:560.0Mbps, rtt :5.5ms cwnd: 439.8 lossRate: 0.0 CC:12 score:0.44 previous_total 2011875000 bytes and current_total 2081875000 bytes
1662405643.875092 -- INFO: Throughput @35.1s:575.0Mbps, rtt :4.25ms cwnd: 439.8 lossRate: 0.0 CC:12 score:0.45 previous_total 2081875000 bytes and current_total 2153750000 bytes
1662405644.887084 -- INFO: Throughput @36.1s:565.0Mbps, rtt :4.08ms cwnd: 439.8 lossRate: 0.0 CC:12 score:0.45 previous_total 2153750000 bytes and current_total 2224375000 bytes
1662405645.146438 -- INFO: score [0.44, 0.45, 0.45] old_score 0.4466666666666667 reward -0.07******
1662405645.152127 -- INFO: action is  2 for action array -0.20058172941207886 and Changing concurrency to 12******
1662405645.158311 -- INFO: Process Status Bits from change concurrency are: 1 1 1 1 1 1 1 1 1 1 1 1 0 0 0 0 0 0 0 0 0 0 0 0 0 0 0 0 0 0 0 0
1662405645.159183 -- INFO: Active CC: 12
1662405645.895057 -- INFO: Throughput @37.1s:555.0Mbps, rtt :4.76ms cwnd: 439.8 lossRate: 0.0 CC:12 score:0.44 previous_total 2224375000 bytes and current_total 2293750000 bytes
1662405646.895092 -- INFO: Throughput @38.1s:565.0Mbps, rtt :4.77ms cwnd: 439.8 lossRate: 0.0 CC:12 score:0.45 previous_total 2293750000 bytes and current_total 2364375000 bytes
1662405647.891577 -- INFO: Throughput @39.1s:575.0Mbps, rtt :6.15ms cwnd: 439.8 lossRate: 0.0 CC:12 score:0.45 previous_total 2364375000 bytes and current_total 2436250000 bytes
1662405648.374249 -- INFO: score [0.44, 0.45, 0.45] old_score 0.4466666666666667 reward 0.0******
1662405648.376202 -- INFO: action is  2 for action array -0.20058166980743408 and Changing concurrency to 12******
1662405648.377291 -- INFO: Process Status Bits from change concurrency are: 1 1 1 1 1 1 1 1 1 1 1 1 0 0 0 0 0 0 0 0 0 0 0 0 0 0 0 0 0 0 0 0
1662405648.378173 -- INFO: Active CC: 12
1662405648.871069 -- INFO: Throughput @40.1s:555.0Mbps, rtt :4.77ms cwnd: 439.8 lossRate: 0.0 CC:12 score:0.44 previous_total 2436250000 bytes and current_total 2505625000 bytes
1662405649.874160 -- INFO: Throughput @41.1s:575.0Mbps, rtt :5.59ms cwnd: 439.8 lossRate: 0.0 CC:12 score:0.45 previous_total 2505625000 bytes and current_total 2577500000 bytes
1662405650.883063 -- INFO: Throughput @42.1s:560.0Mbps, rtt :5.1ms cwnd: 439.8 lossRate: 0.0 CC:12 score:0.44 previous_total 2577500000 bytes and current_total 2647500000 bytes
1662405651.606377 -- INFO: score [0.44, 0.45, 0.44] old_score 0.44333333333333336 reward -0.03******
1662405651.608225 -- INFO: action is  2 for action array -0.20058196783065796 and Changing concurrency to 12******
1662405651.633884 -- INFO: Process Status Bits from change concurrency are: 1 1 1 1 1 1 1 1 1 1 1 1 0 0 0 0 0 0 0 0 0 0 0 0 0 0 0 0 0 0 0 0
1662405651.634545 -- INFO: Active CC: 12
1662405651.890092 -- INFO: Throughput @43.1s:590.0Mbps, rtt :3.7ms cwnd: 439.8 lossRate: 0.0 CC:12 score:0.47 previous_total 2647500000 bytes and current_total 2721250000 bytes
